

================================================================
== Vitis HLS Report for 'compute_wrapper_Pipeline_VITIS_LOOP_154_1_VITIS_LOOP_155_2'
================================================================
* Date:           Sun Apr 12 17:22:35 2026

* Version:        2023.2 (Build 4023990 on Oct 11 2023)
* Project:        hls_prj
* Solution:       s1 (Vivado IP Flow Target)
* Product family: zynquplus
* Target device:  xck26-sfvc784-2LV-c


================================================================
== Performance Estimates
================================================================
+ Timing: 
    * Summary: 
    +--------+---------+----------+------------+
    |  Clock |  Target | Estimated| Uncertainty|
    +--------+---------+----------+------------+
    |ap_clk  |  3.30 ns|  2.327 ns|     0.89 ns|
    +--------+---------+----------+------------+

+ Latency: 
    * Summary: 
    +---------+---------+----------+----------+-----+-----+---------+
    |  Latency (cycles) |  Latency (absolute) |  Interval | Pipeline|
    |   min   |   max   |    min   |    max   | min | max |   Type  |
    +---------+---------+----------+----------+-----+-----+---------+
    |      258|      258|  0.851 us|  0.851 us|  258|  258|       no|
    +---------+---------+----------+----------+-----+-----+---------+

    + Detail: 
        * Instance: 
        N/A

        * Loop: 
        +-------------------------------------+---------+---------+----------+-----------+-----------+------+----------+
        |                                     |  Latency (cycles) | Iteration|  Initiation Interval  | Trip |          |
        |              Loop Name              |   min   |   max   |  Latency |  achieved |   target  | Count| Pipelined|
        +-------------------------------------+---------+---------+----------+-----------+-----------+------+----------+
        |- VITIS_LOOP_154_1_VITIS_LOOP_155_2  |      256|      256|         2|          1|          1|   256|       yes|
        +-------------------------------------+---------+---------+----------+-----------+-----------+------+----------+

============================================================
+ Verbose Summary: Synthesis Manager
============================================================
InlineROM: 1
ExposeGlobal: 0
============================================================
+ Verbose Summary: CDFG Model
============================================================
IsTopModel: 0
ResetActiveHigh: 1
IsCombinational: 0
IsDatapathOnly: 0
HasWiredReturn: 1
HasMFsm: 2
HasVarLatency: 1
IsPipeline: 0
IsRtlPipelined: 0
IsInstanceOverlapped: 0
IsDontTouch: 0
HasImplIP: 0
IsGatedGlobalClock: 0

+ Individual pipeline summary: 
  * Pipeline-0: initiation interval (II) = 1, depth = 2


============================================================
+ Verbose Summary: Schedule
============================================================
* Number of FSM states : 2
* Pipeline : 1
  Pipeline-0 : II = 1, D = 2, States = { 1 2 }
* Dataflow Pipeline: 0

* FSM state transitions: 
1 --> 2 
2 --> 

* FSM state operations: 

State 1 <SV = 0> <Delay = 2.32>
ST_1 : Operation 5 [1/1] (0.00ns)   --->   "%j = alloca i32 1" [mmult.cpp:155]   --->   Operation 5 'alloca' 'j' <Predicate = true> <Delay = 0.00>
ST_1 : Operation 6 [1/1] (0.00ns)   --->   "%i = alloca i32 1" [mmult.cpp:154]   --->   Operation 6 'alloca' 'i' <Predicate = true> <Delay = 0.00>
ST_1 : Operation 7 [1/1] (0.00ns)   --->   "%indvar_flatten = alloca i32 1"   --->   Operation 7 'alloca' 'indvar_flatten' <Predicate = true> <Delay = 0.00>
ST_1 : Operation 8 [1/1] (0.42ns)   --->   "%store_ln0 = store i9 0, i9 %indvar_flatten"   --->   Operation 8 'store' 'store_ln0' <Predicate = true> <Delay = 0.42>
ST_1 : Operation 9 [1/1] (0.42ns)   --->   "%store_ln154 = store i6 0, i6 %i" [mmult.cpp:154]   --->   Operation 9 'store' 'store_ln154' <Predicate = true> <Delay = 0.42>
ST_1 : Operation 10 [1/1] (0.42ns)   --->   "%store_ln155 = store i6 0, i6 %j" [mmult.cpp:155]   --->   Operation 10 'store' 'store_ln155' <Predicate = true> <Delay = 0.42>
ST_1 : Operation 11 [1/1] (0.00ns)   --->   "%br_ln0 = br void %for.inc"   --->   Operation 11 'br' 'br_ln0' <Predicate = true> <Delay = 0.00>
ST_1 : Operation 12 [1/1] (0.00ns)   --->   "%indvar_flatten_load = load i9 %indvar_flatten" [mmult.cpp:154]   --->   Operation 12 'load' 'indvar_flatten_load' <Predicate = true> <Delay = 0.00>
ST_1 : Operation 13 [1/1] (0.77ns)   --->   "%icmp_ln154 = icmp_eq  i9 %indvar_flatten_load, i9 256" [mmult.cpp:154]   --->   Operation 13 'icmp' 'icmp_ln154' <Predicate = true> <Delay = 0.77> <CoreInst = "Cmp">   --->   Core 9 'Cmp' <Latency = 0> <II = 1> <Delay = 0.77> <FuncUnit> <Opcode : 'icmp'> <InPorts = 2> <OutPorts = 1>
ST_1 : Operation 14 [1/1] (0.77ns)   --->   "%add_ln154_1 = add i9 %indvar_flatten_load, i9 1" [mmult.cpp:154]   --->   Operation 14 'add' 'add_ln154_1' <Predicate = true> <Delay = 0.77> <CoreInst = "Adder">   --->   Core 1 'Adder' <Latency = 0> <II = 1> <Delay = 0.77> <FuncUnit> <Opcode : 'add' 'sub'> <InPorts = 2> <OutPorts = 1>
ST_1 : Operation 15 [1/1] (0.00ns)   --->   "%br_ln154 = br i1 %icmp_ln154, void %for.inc7, void %for.inc15.preheader.exitStub" [mmult.cpp:154]   --->   Operation 15 'br' 'br_ln154' <Predicate = true> <Delay = 0.00>
ST_1 : Operation 16 [1/1] (0.00ns)   --->   "%j_load = load i6 %j" [mmult.cpp:154]   --->   Operation 16 'load' 'j_load' <Predicate = (!icmp_ln154)> <Delay = 0.00>
ST_1 : Operation 17 [1/1] (0.00ns)   --->   "%i_load = load i6 %i" [mmult.cpp:154]   --->   Operation 17 'load' 'i_load' <Predicate = (!icmp_ln154)> <Delay = 0.00>
ST_1 : Operation 18 [1/1] (0.78ns)   --->   "%add_ln154 = add i6 %i_load, i6 1" [mmult.cpp:154]   --->   Operation 18 'add' 'add_ln154' <Predicate = (!icmp_ln154)> <Delay = 0.78> <CoreInst = "Adder">   --->   Core 1 'Adder' <Latency = 0> <II = 1> <Delay = 0.78> <FuncUnit> <Opcode : 'add' 'sub'> <InPorts = 2> <OutPorts = 1>
ST_1 : Operation 19 [1/1] (0.00ns)   --->   "%tmp = bitselect i1 @_ssdm_op_BitSelect.i1.i6.i32, i6 %j_load, i32 5" [mmult.cpp:155]   --->   Operation 19 'bitselect' 'tmp' <Predicate = (!icmp_ln154)> <Delay = 0.00>
ST_1 : Operation 20 [1/1] (0.38ns)   --->   "%select_ln154 = select i1 %tmp, i6 0, i6 %j_load" [mmult.cpp:154]   --->   Operation 20 'select' 'select_ln154' <Predicate = (!icmp_ln154)> <Delay = 0.38> <CoreInst = "Sel">   --->   Core 73 'Sel' <Latency = 0> <II = 1> <Delay = 0.38> <FuncUnit> <Opcode : 'select'> <InPorts = 3> <OutPorts = 1>
ST_1 : Operation 21 [1/1] (0.38ns)   --->   "%select_ln154_1 = select i1 %tmp, i6 %add_ln154, i6 %i_load" [mmult.cpp:154]   --->   Operation 21 'select' 'select_ln154_1' <Predicate = (!icmp_ln154)> <Delay = 0.38> <CoreInst = "Sel">   --->   Core 73 'Sel' <Latency = 0> <II = 1> <Delay = 0.38> <FuncUnit> <Opcode : 'select'> <InPorts = 3> <OutPorts = 1>
ST_1 : Operation 22 [1/1] (0.00ns)   --->   "%trunc_ln154 = trunc i6 %select_ln154_1" [mmult.cpp:154]   --->   Operation 22 'trunc' 'trunc_ln154' <Predicate = (!icmp_ln154)> <Delay = 0.00>
ST_1 : Operation 23 [1/1] (0.00ns)   --->   "%lshr_ln = partselect i3 @_ssdm_op_PartSelect.i3.i6.i32.i32, i6 %select_ln154, i32 2, i32 4" [mmult.cpp:155]   --->   Operation 23 'partselect' 'lshr_ln' <Predicate = (!icmp_ln154)> <Delay = 0.00>
ST_1 : Operation 24 [1/1] (0.00ns)   --->   "%tmp_s = partselect i3 @_ssdm_op_PartSelect.i3.i6.i32.i32, i6 %select_ln154_1, i32 2, i32 4" [mmult.cpp:157]   --->   Operation 24 'partselect' 'tmp_s' <Predicate = (!icmp_ln154)> <Delay = 0.00>
ST_1 : Operation 25 [1/1] (0.73ns)   --->   "%switch_ln157 = switch i2 %trunc_ln154, void %arrayidx63.3.case.3, i2 0, void %arrayidx63.3.case.0, i2 1, void %arrayidx63.3.case.1, i2 2, void %arrayidx63.3.case.2" [mmult.cpp:157]   --->   Operation 25 'switch' 'switch_ln157' <Predicate = (!icmp_ln154)> <Delay = 0.73>
ST_1 : Operation 26 [1/1] (0.78ns)   --->   "%add_ln155 = add i6 %select_ln154, i6 4" [mmult.cpp:155]   --->   Operation 26 'add' 'add_ln155' <Predicate = (!icmp_ln154)> <Delay = 0.78> <CoreInst = "Adder">   --->   Core 1 'Adder' <Latency = 0> <II = 1> <Delay = 0.78> <FuncUnit> <Opcode : 'add' 'sub'> <InPorts = 2> <OutPorts = 1>
ST_1 : Operation 27 [1/1] (0.42ns)   --->   "%store_ln154 = store i9 %add_ln154_1, i9 %indvar_flatten" [mmult.cpp:154]   --->   Operation 27 'store' 'store_ln154' <Predicate = (!icmp_ln154)> <Delay = 0.42>
ST_1 : Operation 28 [1/1] (0.42ns)   --->   "%store_ln154 = store i6 %select_ln154_1, i6 %i" [mmult.cpp:154]   --->   Operation 28 'store' 'store_ln154' <Predicate = (!icmp_ln154)> <Delay = 0.42>
ST_1 : Operation 29 [1/1] (0.42ns)   --->   "%store_ln155 = store i6 %add_ln155, i6 %j" [mmult.cpp:155]   --->   Operation 29 'store' 'store_ln155' <Predicate = (!icmp_ln154)> <Delay = 0.42>
ST_1 : Operation 30 [1/1] (0.00ns)   --->   "%br_ln155 = br void %for.inc" [mmult.cpp:155]   --->   Operation 30 'br' 'br_ln155' <Predicate = (!icmp_ln154)> <Delay = 0.00>
ST_1 : Operation 72 [1/1] (0.00ns)   --->   "%ret_ln0 = ret"   --->   Operation 72 'ret' 'ret_ln0' <Predicate = (icmp_ln154)> <Delay = 0.00>

State 2 <SV = 1> <Delay = 1.23>
ST_2 : Operation 31 [1/1] (0.00ns)   --->   "%specloopname_ln0 = specloopname void @_ssdm_op_SpecLoopName, void @VITIS_LOOP_154_1_VITIS_LOOP_155_2_str"   --->   Operation 31 'specloopname' 'specloopname_ln0' <Predicate = true> <Delay = 0.00>
ST_2 : Operation 32 [1/1] (0.00ns)   --->   "%speclooptripcount_ln0 = speclooptripcount void @_ssdm_op_SpecLoopTripCount, i64 256, i64 256, i64 256"   --->   Operation 32 'speclooptripcount' 'speclooptripcount_ln0' <Predicate = true> <Delay = 0.00>
ST_2 : Operation 33 [1/1] (0.00ns)   --->   "%specpipeline_ln155 = specpipeline void @_ssdm_op_SpecPipeline, i32 4294967295, i32 0, i32 0, i32 0, void @empty_5" [mmult.cpp:155]   --->   Operation 33 'specpipeline' 'specpipeline_ln155' <Predicate = true> <Delay = 0.00>
ST_2 : Operation 34 [1/1] (0.00ns)   --->   "%tmp_5 = bitconcatenate i6 @_ssdm_op_BitConcatenate.i6.i3.i3, i3 %tmp_s, i3 %lshr_ln" [mmult.cpp:157]   --->   Operation 34 'bitconcatenate' 'tmp_5' <Predicate = true> <Delay = 0.00>
ST_2 : Operation 35 [1/1] (0.00ns)   --->   "%zext_ln157 = zext i6 %tmp_5" [mmult.cpp:157]   --->   Operation 35 'zext' 'zext_ln157' <Predicate = true> <Delay = 0.00>
ST_2 : Operation 36 [1/1] (0.00ns)   --->   "%tempC_addr = getelementptr i16 %tempC, i64 0, i64 %zext_ln157" [mmult.cpp:157]   --->   Operation 36 'getelementptr' 'tempC_addr' <Predicate = true> <Delay = 0.00>
ST_2 : Operation 37 [1/1] (0.00ns)   --->   "%tempC_1_addr = getelementptr i16 %tempC_1, i64 0, i64 %zext_ln157" [mmult.cpp:157]   --->   Operation 37 'getelementptr' 'tempC_1_addr' <Predicate = true> <Delay = 0.00>
ST_2 : Operation 38 [1/1] (0.00ns)   --->   "%tempC_2_addr = getelementptr i16 %tempC_2, i64 0, i64 %zext_ln157" [mmult.cpp:157]   --->   Operation 38 'getelementptr' 'tempC_2_addr' <Predicate = true> <Delay = 0.00>
ST_2 : Operation 39 [1/1] (0.00ns)   --->   "%tempC_3_addr = getelementptr i16 %tempC_3, i64 0, i64 %zext_ln157" [mmult.cpp:157]   --->   Operation 39 'getelementptr' 'tempC_3_addr' <Predicate = true> <Delay = 0.00>
ST_2 : Operation 40 [1/1] (0.00ns)   --->   "%tempC_4_addr = getelementptr i16 %tempC_4, i64 0, i64 %zext_ln157" [mmult.cpp:157]   --->   Operation 40 'getelementptr' 'tempC_4_addr' <Predicate = true> <Delay = 0.00>
ST_2 : Operation 41 [1/1] (0.00ns)   --->   "%tempC_5_addr = getelementptr i16 %tempC_5, i64 0, i64 %zext_ln157" [mmult.cpp:157]   --->   Operation 41 'getelementptr' 'tempC_5_addr' <Predicate = true> <Delay = 0.00>
ST_2 : Operation 42 [1/1] (0.00ns)   --->   "%tempC_6_addr = getelementptr i16 %tempC_6, i64 0, i64 %zext_ln157" [mmult.cpp:157]   --->   Operation 42 'getelementptr' 'tempC_6_addr' <Predicate = true> <Delay = 0.00>
ST_2 : Operation 43 [1/1] (0.00ns)   --->   "%tempC_7_addr = getelementptr i16 %tempC_7, i64 0, i64 %zext_ln157" [mmult.cpp:157]   --->   Operation 43 'getelementptr' 'tempC_7_addr' <Predicate = true> <Delay = 0.00>
ST_2 : Operation 44 [1/1] (0.00ns)   --->   "%tempC_8_addr = getelementptr i16 %tempC_8, i64 0, i64 %zext_ln157" [mmult.cpp:157]   --->   Operation 44 'getelementptr' 'tempC_8_addr' <Predicate = true> <Delay = 0.00>
ST_2 : Operation 45 [1/1] (0.00ns)   --->   "%tempC_9_addr = getelementptr i16 %tempC_9, i64 0, i64 %zext_ln157" [mmult.cpp:157]   --->   Operation 45 'getelementptr' 'tempC_9_addr' <Predicate = true> <Delay = 0.00>
ST_2 : Operation 46 [1/1] (0.00ns)   --->   "%tempC_10_addr = getelementptr i16 %tempC_10, i64 0, i64 %zext_ln157" [mmult.cpp:157]   --->   Operation 46 'getelementptr' 'tempC_10_addr' <Predicate = true> <Delay = 0.00>
ST_2 : Operation 47 [1/1] (0.00ns)   --->   "%tempC_11_addr = getelementptr i16 %tempC_11, i64 0, i64 %zext_ln157" [mmult.cpp:157]   --->   Operation 47 'getelementptr' 'tempC_11_addr' <Predicate = true> <Delay = 0.00>
ST_2 : Operation 48 [1/1] (0.00ns)   --->   "%tempC_12_addr = getelementptr i16 %tempC_12, i64 0, i64 %zext_ln157" [mmult.cpp:157]   --->   Operation 48 'getelementptr' 'tempC_12_addr' <Predicate = true> <Delay = 0.00>
ST_2 : Operation 49 [1/1] (0.00ns)   --->   "%tempC_13_addr = getelementptr i16 %tempC_13, i64 0, i64 %zext_ln157" [mmult.cpp:157]   --->   Operation 49 'getelementptr' 'tempC_13_addr' <Predicate = true> <Delay = 0.00>
ST_2 : Operation 50 [1/1] (0.00ns)   --->   "%tempC_14_addr = getelementptr i16 %tempC_14, i64 0, i64 %zext_ln157" [mmult.cpp:157]   --->   Operation 50 'getelementptr' 'tempC_14_addr' <Predicate = true> <Delay = 0.00>
ST_2 : Operation 51 [1/1] (0.00ns)   --->   "%tempC_15_addr = getelementptr i16 %tempC_15, i64 0, i64 %zext_ln157" [mmult.cpp:157]   --->   Operation 51 'getelementptr' 'tempC_15_addr' <Predicate = true> <Delay = 0.00>
ST_2 : Operation 52 [1/1] (1.23ns)   --->   "%store_ln157 = store i16 0, i6 %tempC_8_addr" [mmult.cpp:157]   --->   Operation 52 'store' 'store_ln157' <Predicate = (trunc_ln154 == 2)> <Delay = 1.23> <CoreInst = "RAM">   --->   Core 83 'RAM' <Latency = 1> <II = 1> <Delay = 1.23> <Storage> <Opcode : 'load' 'store'> <Ports = 2> <Width = 16> <Depth = 64> <RAM>
ST_2 : Operation 53 [1/1] (1.23ns)   --->   "%store_ln157 = store i16 0, i6 %tempC_9_addr" [mmult.cpp:157]   --->   Operation 53 'store' 'store_ln157' <Predicate = (trunc_ln154 == 2)> <Delay = 1.23> <CoreInst = "RAM">   --->   Core 83 'RAM' <Latency = 1> <II = 1> <Delay = 1.23> <Storage> <Opcode : 'load' 'store'> <Ports = 2> <Width = 16> <Depth = 64> <RAM>
ST_2 : Operation 54 [1/1] (1.23ns)   --->   "%store_ln157 = store i16 0, i6 %tempC_10_addr" [mmult.cpp:157]   --->   Operation 54 'store' 'store_ln157' <Predicate = (trunc_ln154 == 2)> <Delay = 1.23> <CoreInst = "RAM">   --->   Core 83 'RAM' <Latency = 1> <II = 1> <Delay = 1.23> <Storage> <Opcode : 'load' 'store'> <Ports = 2> <Width = 16> <Depth = 64> <RAM>
ST_2 : Operation 55 [1/1] (1.23ns)   --->   "%store_ln157 = store i16 0, i6 %tempC_11_addr" [mmult.cpp:157]   --->   Operation 55 'store' 'store_ln157' <Predicate = (trunc_ln154 == 2)> <Delay = 1.23> <CoreInst = "RAM">   --->   Core 83 'RAM' <Latency = 1> <II = 1> <Delay = 1.23> <Storage> <Opcode : 'load' 'store'> <Ports = 2> <Width = 16> <Depth = 64> <RAM>
ST_2 : Operation 56 [1/1] (0.00ns)   --->   "%br_ln157 = br void %arrayidx63.3.exit" [mmult.cpp:157]   --->   Operation 56 'br' 'br_ln157' <Predicate = (trunc_ln154 == 2)> <Delay = 0.00>
ST_2 : Operation 57 [1/1] (1.23ns)   --->   "%store_ln157 = store i16 0, i6 %tempC_4_addr" [mmult.cpp:157]   --->   Operation 57 'store' 'store_ln157' <Predicate = (trunc_ln154 == 1)> <Delay = 1.23> <CoreInst = "RAM">   --->   Core 83 'RAM' <Latency = 1> <II = 1> <Delay = 1.23> <Storage> <Opcode : 'load' 'store'> <Ports = 2> <Width = 16> <Depth = 64> <RAM>
ST_2 : Operation 58 [1/1] (1.23ns)   --->   "%store_ln157 = store i16 0, i6 %tempC_5_addr" [mmult.cpp:157]   --->   Operation 58 'store' 'store_ln157' <Predicate = (trunc_ln154 == 1)> <Delay = 1.23> <CoreInst = "RAM">   --->   Core 83 'RAM' <Latency = 1> <II = 1> <Delay = 1.23> <Storage> <Opcode : 'load' 'store'> <Ports = 2> <Width = 16> <Depth = 64> <RAM>
ST_2 : Operation 59 [1/1] (1.23ns)   --->   "%store_ln157 = store i16 0, i6 %tempC_6_addr" [mmult.cpp:157]   --->   Operation 59 'store' 'store_ln157' <Predicate = (trunc_ln154 == 1)> <Delay = 1.23> <CoreInst = "RAM">   --->   Core 83 'RAM' <Latency = 1> <II = 1> <Delay = 1.23> <Storage> <Opcode : 'load' 'store'> <Ports = 2> <Width = 16> <Depth = 64> <RAM>
ST_2 : Operation 60 [1/1] (1.23ns)   --->   "%store_ln157 = store i16 0, i6 %tempC_7_addr" [mmult.cpp:157]   --->   Operation 60 'store' 'store_ln157' <Predicate = (trunc_ln154 == 1)> <Delay = 1.23> <CoreInst = "RAM">   --->   Core 83 'RAM' <Latency = 1> <II = 1> <Delay = 1.23> <Storage> <Opcode : 'load' 'store'> <Ports = 2> <Width = 16> <Depth = 64> <RAM>
ST_2 : Operation 61 [1/1] (0.00ns)   --->   "%br_ln157 = br void %arrayidx63.3.exit" [mmult.cpp:157]   --->   Operation 61 'br' 'br_ln157' <Predicate = (trunc_ln154 == 1)> <Delay = 0.00>
ST_2 : Operation 62 [1/1] (1.23ns)   --->   "%store_ln157 = store i16 0, i6 %tempC_addr" [mmult.cpp:157]   --->   Operation 62 'store' 'store_ln157' <Predicate = (trunc_ln154 == 0)> <Delay = 1.23> <CoreInst = "RAM">   --->   Core 83 'RAM' <Latency = 1> <II = 1> <Delay = 1.23> <Storage> <Opcode : 'load' 'store'> <Ports = 2> <Width = 16> <Depth = 64> <RAM>
ST_2 : Operation 63 [1/1] (1.23ns)   --->   "%store_ln157 = store i16 0, i6 %tempC_1_addr" [mmult.cpp:157]   --->   Operation 63 'store' 'store_ln157' <Predicate = (trunc_ln154 == 0)> <Delay = 1.23> <CoreInst = "RAM">   --->   Core 83 'RAM' <Latency = 1> <II = 1> <Delay = 1.23> <Storage> <Opcode : 'load' 'store'> <Ports = 2> <Width = 16> <Depth = 64> <RAM>
ST_2 : Operation 64 [1/1] (1.23ns)   --->   "%store_ln157 = store i16 0, i6 %tempC_2_addr" [mmult.cpp:157]   --->   Operation 64 'store' 'store_ln157' <Predicate = (trunc_ln154 == 0)> <Delay = 1.23> <CoreInst = "RAM">   --->   Core 83 'RAM' <Latency = 1> <II = 1> <Delay = 1.23> <Storage> <Opcode : 'load' 'store'> <Ports = 2> <Width = 16> <Depth = 64> <RAM>
ST_2 : Operation 65 [1/1] (1.23ns)   --->   "%store_ln157 = store i16 0, i6 %tempC_3_addr" [mmult.cpp:157]   --->   Operation 65 'store' 'store_ln157' <Predicate = (trunc_ln154 == 0)> <Delay = 1.23> <CoreInst = "RAM">   --->   Core 83 'RAM' <Latency = 1> <II = 1> <Delay = 1.23> <Storage> <Opcode : 'load' 'store'> <Ports = 2> <Width = 16> <Depth = 64> <RAM>
ST_2 : Operation 66 [1/1] (0.00ns)   --->   "%br_ln157 = br void %arrayidx63.3.exit" [mmult.cpp:157]   --->   Operation 66 'br' 'br_ln157' <Predicate = (trunc_ln154 == 0)> <Delay = 0.00>
ST_2 : Operation 67 [1/1] (1.23ns)   --->   "%store_ln157 = store i16 0, i6 %tempC_12_addr" [mmult.cpp:157]   --->   Operation 67 'store' 'store_ln157' <Predicate = (trunc_ln154 == 3)> <Delay = 1.23> <CoreInst = "RAM">   --->   Core 83 'RAM' <Latency = 1> <II = 1> <Delay = 1.23> <Storage> <Opcode : 'load' 'store'> <Ports = 2> <Width = 16> <Depth = 64> <RAM>
ST_2 : Operation 68 [1/1] (1.23ns)   --->   "%store_ln157 = store i16 0, i6 %tempC_13_addr" [mmult.cpp:157]   --->   Operation 68 'store' 'store_ln157' <Predicate = (trunc_ln154 == 3)> <Delay = 1.23> <CoreInst = "RAM">   --->   Core 83 'RAM' <Latency = 1> <II = 1> <Delay = 1.23> <Storage> <Opcode : 'load' 'store'> <Ports = 2> <Width = 16> <Depth = 64> <RAM>
ST_2 : Operation 69 [1/1] (1.23ns)   --->   "%store_ln157 = store i16 0, i6 %tempC_14_addr" [mmult.cpp:157]   --->   Operation 69 'store' 'store_ln157' <Predicate = (trunc_ln154 == 3)> <Delay = 1.23> <CoreInst = "RAM">   --->   Core 83 'RAM' <Latency = 1> <II = 1> <Delay = 1.23> <Storage> <Opcode : 'load' 'store'> <Ports = 2> <Width = 16> <Depth = 64> <RAM>
ST_2 : Operation 70 [1/1] (1.23ns)   --->   "%store_ln157 = store i16 0, i6 %tempC_15_addr" [mmult.cpp:157]   --->   Operation 70 'store' 'store_ln157' <Predicate = (trunc_ln154 == 3)> <Delay = 1.23> <CoreInst = "RAM">   --->   Core 83 'RAM' <Latency = 1> <II = 1> <Delay = 1.23> <Storage> <Opcode : 'load' 'store'> <Ports = 2> <Width = 16> <Depth = 64> <RAM>
ST_2 : Operation 71 [1/1] (0.00ns)   --->   "%br_ln157 = br void %arrayidx63.3.exit" [mmult.cpp:157]   --->   Operation 71 'br' 'br_ln157' <Predicate = (trunc_ln154 == 3)> <Delay = 0.00>


============================================================
+ Verbose Summary: Timing violations
============================================================
Target clock period: 3.300ns, clock uncertainty: 0.891ns.

 <State 1>: 2.327ns
The critical path consists of the following:
	'store' operation 0 bit ('store_ln154', mmult.cpp:154) of constant 0 on local variable 'i', mmult.cpp:154 [21]  (0.427 ns)
	'load' operation 6 bit ('i_load', mmult.cpp:154) on local variable 'i', mmult.cpp:154 [31]  (0.000 ns)
	'add' operation 6 bit ('add_ln154', mmult.cpp:154) [32]  (0.781 ns)
	'select' operation 6 bit ('select_ln154_1', mmult.cpp:154) [37]  (0.384 ns)
	blocking operation 0.735125 ns on control path)

 <State 2>: 1.237ns
The critical path consists of the following:
	'getelementptr' operation 6 bit ('tempC_4_addr', mmult.cpp:157) [48]  (0.000 ns)
	'store' operation 0 bit ('store_ln157', mmult.cpp:157) of constant 0 on array 'tempC_4' [68]  (1.237 ns)


============================================================
+ Verbose Summary: Binding
============================================================
N/A
* FSMD analyzer results:
  - Output states:
 - Input state : 
  - Chain level:
	State 1
	State 2


============================================================
+ Verbose Summary: Datapath Resource usage 
============================================================
N/A
