

================================================================
== Vitis HLS Report for 'compute_wrapper'
================================================================
* Date:           Sun Apr 12 17:22:35 2026

* Version:        2023.2 (Build 4023990 on Oct 11 2023)
* Project:        hls_prj
* Solution:       s1 (Vivado IP Flow Target)
* Product family: zynquplus
* Target device:  xck26-sfvc784-2LV-c


================================================================
== Performance Estimates
================================================================
+ Timing: 
    * Summary: 
    +--------+---------+----------+------------+
    |  Clock |  Target | Estimated| Uncertainty|
    +--------+---------+----------+------------+
    |ap_clk  |  3.30 ns|  2.829 ns|     0.89 ns|
    +--------+---------+----------+------------+

+ Latency: 
    * Summary: 
    +---------+---------+----------+----------+-------+-------+---------+
    |  Latency (cycles) |  Latency (absolute) |    Interval   | Pipeline|
    |   min   |   max   |    min   |    max   |  min  |  max  |   Type  |
    +---------+---------+----------+----------+-------+-------+---------+
    |    64020|    64020|  0.211 ms|  0.211 ms|  64020|  64020|       no|
    +---------+---------+----------+----------+-------+-------+---------+

    + Detail: 
        * Instance: 
        N/A

        * Loop: 
        +--------------------+---------+---------+----------+-----------+-----------+------+----------+
        |                    |  Latency (cycles) | Iteration|  Initiation Interval  | Trip |          |
        |      Loop Name     |   min   |   max   |  Latency |  achieved |   target  | Count| Pipelined|
        +--------------------+---------+---------+----------+-----------+-----------+------+----------+
        |- VITIS_LOOP_162_3  |    63500|    63500|     15875|          -|          -|     4|        no|
        +--------------------+---------+---------+----------+-----------+-----------+------+----------+

============================================================
+ Verbose Summary: Synthesis Manager
============================================================
InlineROM: 1
ExposeGlobal: 0
============================================================
+ Verbose Summary: CDFG Model
============================================================
IsTopModel: 0
ResetActiveHigh: 1
IsCombinational: 2
IsDatapathOnly: 0
HasWiredReturn: 1
HasMFsm: 0
HasVarLatency: 1
IsPipeline: 0
IsRtlPipelined: 0
IsInstanceOverlapped: 0
IsDontTouch: 0
HasImplIP: 0
IsGatedGlobalClock: 0


============================================================
+ Verbose Summary: Schedule
============================================================
* Number of FSM states : 5
* Pipeline : 0
* Dataflow Pipeline: 0

* FSM state transitions: 
1 --> 2 
2 --> 3 
3 --> 4 5 
4 --> 3 
5 --> 

* FSM state operations: 

State 1 <SV = 0> <Delay = 0.42>
ST_1 : Operation 6 [1/1] (0.00ns)   --->   "%q = alloca i32 1" [mmult.cpp:162]   --->   Operation 6 'alloca' 'q' <Predicate = true> <Delay = 0.00>
ST_1 : Operation 7 [1/1] (0.00ns)   --->   "%tempC = alloca i64 1" [mmult.cpp:149]   --->   Operation 7 'alloca' 'tempC' <Predicate = true> <Delay = 0.00>
ST_1 : Operation 8 [1/1] (0.00ns)   --->   "%tempC_1 = alloca i64 1" [mmult.cpp:149]   --->   Operation 8 'alloca' 'tempC_1' <Predicate = true> <Delay = 0.00>
ST_1 : Operation 9 [1/1] (0.00ns)   --->   "%tempC_2 = alloca i64 1" [mmult.cpp:149]   --->   Operation 9 'alloca' 'tempC_2' <Predicate = true> <Delay = 0.00>
ST_1 : Operation 10 [1/1] (0.00ns)   --->   "%tempC_3 = alloca i64 1" [mmult.cpp:149]   --->   Operation 10 'alloca' 'tempC_3' <Predicate = true> <Delay = 0.00>
ST_1 : Operation 11 [1/1] (0.00ns)   --->   "%tempC_4 = alloca i64 1" [mmult.cpp:149]   --->   Operation 11 'alloca' 'tempC_4' <Predicate = true> <Delay = 0.00>
ST_1 : Operation 12 [1/1] (0.00ns)   --->   "%tempC_5 = alloca i64 1" [mmult.cpp:149]   --->   Operation 12 'alloca' 'tempC_5' <Predicate = true> <Delay = 0.00>
ST_1 : Operation 13 [1/1] (0.00ns)   --->   "%tempC_6 = alloca i64 1" [mmult.cpp:149]   --->   Operation 13 'alloca' 'tempC_6' <Predicate = true> <Delay = 0.00>
ST_1 : Operation 14 [1/1] (0.00ns)   --->   "%tempC_7 = alloca i64 1" [mmult.cpp:149]   --->   Operation 14 'alloca' 'tempC_7' <Predicate = true> <Delay = 0.00>
ST_1 : Operation 15 [1/1] (0.00ns)   --->   "%tempC_8 = alloca i64 1" [mmult.cpp:149]   --->   Operation 15 'alloca' 'tempC_8' <Predicate = true> <Delay = 0.00>
ST_1 : Operation 16 [1/1] (0.00ns)   --->   "%tempC_9 = alloca i64 1" [mmult.cpp:149]   --->   Operation 16 'alloca' 'tempC_9' <Predicate = true> <Delay = 0.00>
ST_1 : Operation 17 [1/1] (0.00ns)   --->   "%tempC_10 = alloca i64 1" [mmult.cpp:149]   --->   Operation 17 'alloca' 'tempC_10' <Predicate = true> <Delay = 0.00>
ST_1 : Operation 18 [1/1] (0.00ns)   --->   "%tempC_11 = alloca i64 1" [mmult.cpp:149]   --->   Operation 18 'alloca' 'tempC_11' <Predicate = true> <Delay = 0.00>
ST_1 : Operation 19 [1/1] (0.00ns)   --->   "%tempC_12 = alloca i64 1" [mmult.cpp:149]   --->   Operation 19 'alloca' 'tempC_12' <Predicate = true> <Delay = 0.00>
ST_1 : Operation 20 [1/1] (0.00ns)   --->   "%tempC_13 = alloca i64 1" [mmult.cpp:149]   --->   Operation 20 'alloca' 'tempC_13' <Predicate = true> <Delay = 0.00>
ST_1 : Operation 21 [1/1] (0.00ns)   --->   "%tempC_14 = alloca i64 1" [mmult.cpp:149]   --->   Operation 21 'alloca' 'tempC_14' <Predicate = true> <Delay = 0.00>
ST_1 : Operation 22 [1/1] (0.00ns)   --->   "%tempC_15 = alloca i64 1" [mmult.cpp:149]   --->   Operation 22 'alloca' 'tempC_15' <Predicate = true> <Delay = 0.00>
ST_1 : Operation 23 [2/2] (0.00ns)   --->   "%call_ln0 = call void @compute_wrapper_Pipeline_VITIS_LOOP_154_1_VITIS_LOOP_155_2, i16 %tempC, i16 %tempC_1, i16 %tempC_2, i16 %tempC_3, i16 %tempC_4, i16 %tempC_5, i16 %tempC_6, i16 %tempC_7, i16 %tempC_8, i16 %tempC_9, i16 %tempC_10, i16 %tempC_11, i16 %tempC_12, i16 %tempC_13, i16 %tempC_14, i16 %tempC_15"   --->   Operation 23 'call' 'call_ln0' <Predicate = true> <Delay = 0.00> <CoreType = "Generic">   --->   Core 0 '' <Latency = 0> <II = 1> <Delay = 1.00> <Generic> <Opcode : >
ST_1 : Operation 24 [1/1] (0.42ns)   --->   "%store_ln162 = store i3 0, i3 %q" [mmult.cpp:162]   --->   Operation 24 'store' 'store_ln162' <Predicate = true> <Delay = 0.42>

State 2 <SV = 1> <Delay = 1.20>
ST_2 : Operation 25 [1/1] (0.00ns)   --->   "%specmemcore_ln0 = specmemcore void @_ssdm_op_SpecMemCore, i16 %localC_0_0, i64 666, i64 27, i64 18446744073709551615"   --->   Operation 25 'specmemcore' 'specmemcore_ln0' <Predicate = true> <Delay = 0.00>
ST_2 : Operation 26 [1/1] (0.00ns)   --->   "%specmemcore_ln0 = specmemcore void @_ssdm_op_SpecMemCore, i16 %localC_0_1, i64 666, i64 27, i64 18446744073709551615"   --->   Operation 26 'specmemcore' 'specmemcore_ln0' <Predicate = true> <Delay = 0.00>
ST_2 : Operation 27 [1/1] (0.00ns)   --->   "%specmemcore_ln0 = specmemcore void @_ssdm_op_SpecMemCore, i16 %localC_0_2, i64 666, i64 27, i64 18446744073709551615"   --->   Operation 27 'specmemcore' 'specmemcore_ln0' <Predicate = true> <Delay = 0.00>
ST_2 : Operation 28 [1/1] (0.00ns)   --->   "%specmemcore_ln0 = specmemcore void @_ssdm_op_SpecMemCore, i16 %localC_0_3, i64 666, i64 27, i64 18446744073709551615"   --->   Operation 28 'specmemcore' 'specmemcore_ln0' <Predicate = true> <Delay = 0.00>
ST_2 : Operation 29 [1/1] (0.00ns)   --->   "%specmemcore_ln0 = specmemcore void @_ssdm_op_SpecMemCore, i16 %localC_1_0, i64 666, i64 27, i64 18446744073709551615"   --->   Operation 29 'specmemcore' 'specmemcore_ln0' <Predicate = true> <Delay = 0.00>
ST_2 : Operation 30 [1/1] (0.00ns)   --->   "%specmemcore_ln0 = specmemcore void @_ssdm_op_SpecMemCore, i16 %localC_1_1, i64 666, i64 27, i64 18446744073709551615"   --->   Operation 30 'specmemcore' 'specmemcore_ln0' <Predicate = true> <Delay = 0.00>
ST_2 : Operation 31 [1/1] (0.00ns)   --->   "%specmemcore_ln0 = specmemcore void @_ssdm_op_SpecMemCore, i16 %localC_1_2, i64 666, i64 27, i64 18446744073709551615"   --->   Operation 31 'specmemcore' 'specmemcore_ln0' <Predicate = true> <Delay = 0.00>
ST_2 : Operation 32 [1/1] (0.00ns)   --->   "%specmemcore_ln0 = specmemcore void @_ssdm_op_SpecMemCore, i16 %localC_1_3, i64 666, i64 27, i64 18446744073709551615"   --->   Operation 32 'specmemcore' 'specmemcore_ln0' <Predicate = true> <Delay = 0.00>
ST_2 : Operation 33 [1/1] (0.00ns)   --->   "%specmemcore_ln0 = specmemcore void @_ssdm_op_SpecMemCore, i16 %localC_2_0, i64 666, i64 27, i64 18446744073709551615"   --->   Operation 33 'specmemcore' 'specmemcore_ln0' <Predicate = true> <Delay = 0.00>
ST_2 : Operation 34 [1/1] (0.00ns)   --->   "%specmemcore_ln0 = specmemcore void @_ssdm_op_SpecMemCore, i16 %localC_2_1, i64 666, i64 27, i64 18446744073709551615"   --->   Operation 34 'specmemcore' 'specmemcore_ln0' <Predicate = true> <Delay = 0.00>
ST_2 : Operation 35 [1/1] (0.00ns)   --->   "%specmemcore_ln0 = specmemcore void @_ssdm_op_SpecMemCore, i16 %localC_2_2, i64 666, i64 27, i64 18446744073709551615"   --->   Operation 35 'specmemcore' 'specmemcore_ln0' <Predicate = true> <Delay = 0.00>
ST_2 : Operation 36 [1/1] (0.00ns)   --->   "%specmemcore_ln0 = specmemcore void @_ssdm_op_SpecMemCore, i16 %localC_2_3, i64 666, i64 27, i64 18446744073709551615"   --->   Operation 36 'specmemcore' 'specmemcore_ln0' <Predicate = true> <Delay = 0.00>
ST_2 : Operation 37 [1/1] (0.00ns)   --->   "%specmemcore_ln0 = specmemcore void @_ssdm_op_SpecMemCore, i16 %localC_3_0, i64 666, i64 27, i64 18446744073709551615"   --->   Operation 37 'specmemcore' 'specmemcore_ln0' <Predicate = true> <Delay = 0.00>
ST_2 : Operation 38 [1/1] (0.00ns)   --->   "%specmemcore_ln0 = specmemcore void @_ssdm_op_SpecMemCore, i16 %localC_3_1, i64 666, i64 27, i64 18446744073709551615"   --->   Operation 38 'specmemcore' 'specmemcore_ln0' <Predicate = true> <Delay = 0.00>
ST_2 : Operation 39 [1/1] (0.00ns)   --->   "%specmemcore_ln0 = specmemcore void @_ssdm_op_SpecMemCore, i16 %localC_3_2, i64 666, i64 27, i64 18446744073709551615"   --->   Operation 39 'specmemcore' 'specmemcore_ln0' <Predicate = true> <Delay = 0.00>
ST_2 : Operation 40 [1/1] (0.00ns)   --->   "%specmemcore_ln0 = specmemcore void @_ssdm_op_SpecMemCore, i16 %localC_3_3, i64 666, i64 27, i64 18446744073709551615"   --->   Operation 40 'specmemcore' 'specmemcore_ln0' <Predicate = true> <Delay = 0.00>
ST_2 : Operation 41 [1/1] (0.00ns)   --->   "%specmemcore_ln0 = specmemcore void @_ssdm_op_SpecMemCore, i8 %localB_0, i64 666, i64 23, i64 18446744073709551615"   --->   Operation 41 'specmemcore' 'specmemcore_ln0' <Predicate = true> <Delay = 0.00>
ST_2 : Operation 42 [1/1] (0.00ns)   --->   "%specmemcore_ln0 = specmemcore void @_ssdm_op_SpecMemCore, i8 %localB_1, i64 666, i64 23, i64 18446744073709551615"   --->   Operation 42 'specmemcore' 'specmemcore_ln0' <Predicate = true> <Delay = 0.00>
ST_2 : Operation 43 [1/1] (0.00ns)   --->   "%specmemcore_ln0 = specmemcore void @_ssdm_op_SpecMemCore, i8 %localB_2, i64 666, i64 23, i64 18446744073709551615"   --->   Operation 43 'specmemcore' 'specmemcore_ln0' <Predicate = true> <Delay = 0.00>
ST_2 : Operation 44 [1/1] (0.00ns)   --->   "%specmemcore_ln0 = specmemcore void @_ssdm_op_SpecMemCore, i8 %localB_3, i64 666, i64 23, i64 18446744073709551615"   --->   Operation 44 'specmemcore' 'specmemcore_ln0' <Predicate = true> <Delay = 0.00>
ST_2 : Operation 45 [1/1] (0.00ns)   --->   "%specmemcore_ln0 = specmemcore void @_ssdm_op_SpecMemCore, i8 %localA_0, i64 666, i64 23, i64 18446744073709551615"   --->   Operation 45 'specmemcore' 'specmemcore_ln0' <Predicate = true> <Delay = 0.00>
ST_2 : Operation 46 [1/1] (0.00ns)   --->   "%specmemcore_ln0 = specmemcore void @_ssdm_op_SpecMemCore, i8 %localA_1, i64 666, i64 23, i64 18446744073709551615"   --->   Operation 46 'specmemcore' 'specmemcore_ln0' <Predicate = true> <Delay = 0.00>
ST_2 : Operation 47 [1/1] (0.00ns)   --->   "%specmemcore_ln0 = specmemcore void @_ssdm_op_SpecMemCore, i8 %localA_2, i64 666, i64 23, i64 18446744073709551615"   --->   Operation 47 'specmemcore' 'specmemcore_ln0' <Predicate = true> <Delay = 0.00>
ST_2 : Operation 48 [1/1] (0.00ns)   --->   "%specmemcore_ln0 = specmemcore void @_ssdm_op_SpecMemCore, i8 %localA_3, i64 666, i64 23, i64 18446744073709551615"   --->   Operation 48 'specmemcore' 'specmemcore_ln0' <Predicate = true> <Delay = 0.00>
ST_2 : Operation 49 [1/1] (1.20ns)   --->   "%p_read_1 = read i32 @_ssdm_op_Read.ap_auto.i32, i32 %p_read2"   --->   Operation 49 'read' 'p_read_1' <Predicate = true> <Delay = 1.20> <CoreInst = "FIFO_SRL">   --->   Core 81 'FIFO_SRL' <Latency = 0> <II = 1> <Delay = 1.83> <Storage> <Opcode : 'read' 'write' 'nbread' 'nbwrite'> <Ports = 0> <Width = -1> <Depth = -1> <FIFO>
ST_2 : Operation 50 [1/1] (1.20ns)   --->   "%p_read_2 = read i32 @_ssdm_op_Read.ap_auto.i32, i32 %p_read1"   --->   Operation 50 'read' 'p_read_2' <Predicate = true> <Delay = 1.20> <CoreInst = "FIFO_SRL">   --->   Core 81 'FIFO_SRL' <Latency = 0> <II = 1> <Delay = 1.83> <Storage> <Opcode : 'read' 'write' 'nbread' 'nbwrite'> <Ports = 0> <Width = -1> <Depth = -1> <FIFO>
ST_2 : Operation 51 [1/1] (1.20ns)   --->   "%p_read_3 = read i32 @_ssdm_op_Read.ap_auto.i32, i32 %p_read"   --->   Operation 51 'read' 'p_read_3' <Predicate = true> <Delay = 1.20> <CoreInst = "FIFO_SRL">   --->   Core 81 'FIFO_SRL' <Latency = 0> <II = 1> <Delay = 1.83> <Storage> <Opcode : 'read' 'write' 'nbread' 'nbwrite'> <Ports = 0> <Width = -1> <Depth = -1> <FIFO>
ST_2 : Operation 52 [1/2] (0.00ns)   --->   "%call_ln0 = call void @compute_wrapper_Pipeline_VITIS_LOOP_154_1_VITIS_LOOP_155_2, i16 %tempC, i16 %tempC_1, i16 %tempC_2, i16 %tempC_3, i16 %tempC_4, i16 %tempC_5, i16 %tempC_6, i16 %tempC_7, i16 %tempC_8, i16 %tempC_9, i16 %tempC_10, i16 %tempC_11, i16 %tempC_12, i16 %tempC_13, i16 %tempC_14, i16 %tempC_15"   --->   Operation 52 'call' 'call_ln0' <Predicate = true> <Delay = 0.00> <CoreType = "Generic">   --->   Core 0 '' <Latency = 0> <II = 1> <Delay = 1.00> <Generic> <Opcode : >
ST_2 : Operation 53 [1/1] (0.00ns)   --->   "%br_ln162 = br void %for.inc15" [mmult.cpp:162]   --->   Operation 53 'br' 'br_ln162' <Predicate = true> <Delay = 0.00>

State 3 <SV = 2> <Delay = 2.35>
ST_3 : Operation 54 [1/1] (0.00ns)   --->   "%q_1 = load i3 %q" [mmult.cpp:163]   --->   Operation 54 'load' 'q_1' <Predicate = true> <Delay = 0.00>
ST_3 : Operation 55 [1/1] (0.67ns)   --->   "%icmp_ln162 = icmp_eq  i3 %q_1, i3 4" [mmult.cpp:162]   --->   Operation 55 'icmp' 'icmp_ln162' <Predicate = true> <Delay = 0.67> <CoreInst = "Cmp">   --->   Core 9 'Cmp' <Latency = 0> <II = 1> <Delay = 0.67> <FuncUnit> <Opcode : 'icmp'> <InPorts = 2> <OutPorts = 1>
ST_3 : Operation 56 [1/1] (0.67ns)   --->   "%q_2 = add i3 %q_1, i3 1" [mmult.cpp:162]   --->   Operation 56 'add' 'q_2' <Predicate = true> <Delay = 0.67> <CoreInst = "Adder">   --->   Core 1 'Adder' <Latency = 0> <II = 1> <Delay = 0.67> <FuncUnit> <Opcode : 'add' 'sub'> <InPorts = 2> <OutPorts = 1>
ST_3 : Operation 57 [1/1] (0.00ns)   --->   "%br_ln162 = br i1 %icmp_ln162, void %for.inc15.split, void %for.inc36.preheader" [mmult.cpp:162]   --->   Operation 57 'br' 'br_ln162' <Predicate = true> <Delay = 0.00>
ST_3 : Operation 58 [1/1] (0.00ns)   --->   "%trunc_ln163 = trunc i3 %q_1" [mmult.cpp:163]   --->   Operation 58 'trunc' 'trunc_ln163' <Predicate = (!icmp_ln162)> <Delay = 0.00>
ST_3 : Operation 59 [1/1] (0.00ns)   --->   "%start_k = bitconcatenate i5 @_ssdm_op_BitConcatenate.i5.i2.i3, i2 %trunc_ln163, i3 0" [mmult.cpp:163]   --->   Operation 59 'bitconcatenate' 'start_k' <Predicate = (!icmp_ln162)> <Delay = 0.00>
ST_3 : Operation 60 [1/1] (0.00ns)   --->   "%zext_ln163 = zext i5 %start_k" [mmult.cpp:163]   --->   Operation 60 'zext' 'zext_ln163' <Predicate = (!icmp_ln162)> <Delay = 0.00>
ST_3 : Operation 61 [1/1] (0.78ns)   --->   "%finish_k = add i6 %zext_ln163, i6 8" [mmult.cpp:164]   --->   Operation 61 'add' 'finish_k' <Predicate = (!icmp_ln162)> <Delay = 0.78> <CoreInst = "Adder">   --->   Core 1 'Adder' <Latency = 0> <II = 1> <Delay = 0.78> <FuncUnit> <Opcode : 'add' 'sub'> <InPorts = 2> <OutPorts = 1>
ST_3 : Operation 62 [2/2] (1.56ns)   --->   "%call_ln165 = call void @tile_process.39.405, i8 %localA_0, i8 %localA_1, i8 %localA_2, i8 %localA_3, i8 %localB_0, i8 %localB_1, i8 %localB_2, i8 %localB_3, i16 %tempC, i16 %tempC_1, i16 %tempC_2, i16 %tempC_3, i16 %tempC_4, i16 %tempC_5, i16 %tempC_6, i16 %tempC_7, i16 %tempC_8, i16 %tempC_9, i16 %tempC_10, i16 %tempC_11, i16 %tempC_12, i16 %tempC_13, i16 %tempC_14, i16 %tempC_15, i5 %start_k, i6 %finish_k, i32 %p_read_3, i32 %p_read_2, i32 %p_read_1, i32 %p_read_2" [mmult.cpp:165]   --->   Operation 62 'call' 'call_ln165' <Predicate = (!icmp_ln162)> <Delay = 1.56> <CoreType = "Generic">   --->   Core 0 '' <Latency = 0> <II = 1> <Delay = 1.00> <Generic> <Opcode : >
ST_3 : Operation 63 [1/1] (0.42ns)   --->   "%store_ln162 = store i3 %q_2, i3 %q" [mmult.cpp:162]   --->   Operation 63 'store' 'store_ln162' <Predicate = (!icmp_ln162)> <Delay = 0.42>
ST_3 : Operation 64 [2/2] (0.00ns)   --->   "%call_ln0 = call void @compute_wrapper_Pipeline_VITIS_LOOP_169_4_VITIS_LOOP_170_5, i16 %localC_0_0, i16 %localC_0_1, i16 %localC_0_2, i16 %localC_0_3, i16 %localC_1_0, i16 %localC_1_1, i16 %localC_1_2, i16 %localC_1_3, i16 %localC_2_0, i16 %localC_2_1, i16 %localC_2_2, i16 %localC_2_3, i16 %localC_3_0, i16 %localC_3_1, i16 %localC_3_2, i16 %localC_3_3, i16 %tempC, i16 %tempC_1, i16 %tempC_2, i16 %tempC_3, i16 %tempC_4, i16 %tempC_5, i16 %tempC_6, i16 %tempC_7, i16 %tempC_8, i16 %tempC_9, i16 %tempC_10, i16 %tempC_11, i16 %tempC_12, i16 %tempC_13, i16 %tempC_14, i16 %tempC_15"   --->   Operation 64 'call' 'call_ln0' <Predicate = (icmp_ln162)> <Delay = 0.00> <CoreType = "Generic">   --->   Core 0 '' <Latency = 0> <II = 1> <Delay = 1.00> <Generic> <Opcode : >

State 4 <SV = 3> <Delay = 0.00>
ST_4 : Operation 65 [1/1] (0.00ns)   --->   "%speclooptripcount_ln162 = speclooptripcount void @_ssdm_op_SpecLoopTripCount, i64 4, i64 4, i64 4" [mmult.cpp:162]   --->   Operation 65 'speclooptripcount' 'speclooptripcount_ln162' <Predicate = true> <Delay = 0.00>
ST_4 : Operation 66 [1/1] (0.00ns)   --->   "%specloopname_ln162 = specloopname void @_ssdm_op_SpecLoopName, void @empty_10" [mmult.cpp:162]   --->   Operation 66 'specloopname' 'specloopname_ln162' <Predicate = true> <Delay = 0.00>
ST_4 : Operation 67 [1/2] (0.00ns)   --->   "%call_ln165 = call void @tile_process.39.405, i8 %localA_0, i8 %localA_1, i8 %localA_2, i8 %localA_3, i8 %localB_0, i8 %localB_1, i8 %localB_2, i8 %localB_3, i16 %tempC, i16 %tempC_1, i16 %tempC_2, i16 %tempC_3, i16 %tempC_4, i16 %tempC_5, i16 %tempC_6, i16 %tempC_7, i16 %tempC_8, i16 %tempC_9, i16 %tempC_10, i16 %tempC_11, i16 %tempC_12, i16 %tempC_13, i16 %tempC_14, i16 %tempC_15, i5 %start_k, i6 %finish_k, i32 %p_read_3, i32 %p_read_2, i32 %p_read_1, i32 %p_read_2" [mmult.cpp:165]   --->   Operation 67 'call' 'call_ln165' <Predicate = true> <Delay = 0.00> <CoreType = "Generic">   --->   Core 0 '' <Latency = 0> <II = 1> <Delay = 1.00> <Generic> <Opcode : >
ST_4 : Operation 68 [1/1] (0.00ns)   --->   "%br_ln162 = br void %for.inc15" [mmult.cpp:162]   --->   Operation 68 'br' 'br_ln162' <Predicate = true> <Delay = 0.00>

State 5 <SV = 3> <Delay = 0.00>
ST_5 : Operation 69 [1/2] (0.00ns)   --->   "%call_ln0 = call void @compute_wrapper_Pipeline_VITIS_LOOP_169_4_VITIS_LOOP_170_5, i16 %localC_0_0, i16 %localC_0_1, i16 %localC_0_2, i16 %localC_0_3, i16 %localC_1_0, i16 %localC_1_1, i16 %localC_1_2, i16 %localC_1_3, i16 %localC_2_0, i16 %localC_2_1, i16 %localC_2_2, i16 %localC_2_3, i16 %localC_3_0, i16 %localC_3_1, i16 %localC_3_2, i16 %localC_3_3, i16 %tempC, i16 %tempC_1, i16 %tempC_2, i16 %tempC_3, i16 %tempC_4, i16 %tempC_5, i16 %tempC_6, i16 %tempC_7, i16 %tempC_8, i16 %tempC_9, i16 %tempC_10, i16 %tempC_11, i16 %tempC_12, i16 %tempC_13, i16 %tempC_14, i16 %tempC_15"   --->   Operation 69 'call' 'call_ln0' <Predicate = true> <Delay = 0.00> <CoreType = "Generic">   --->   Core 0 '' <Latency = 0> <II = 1> <Delay = 1.00> <Generic> <Opcode : >
ST_5 : Operation 70 [1/1] (0.00ns)   --->   "%mrv = insertvalue i64 <undef>, i32 %p_read_3" [mmult.cpp:175]   --->   Operation 70 'insertvalue' 'mrv' <Predicate = true> <Delay = 0.00>
ST_5 : Operation 71 [1/1] (0.00ns)   --->   "%mrv_1 = insertvalue i64 %mrv, i32 %p_read_1" [mmult.cpp:175]   --->   Operation 71 'insertvalue' 'mrv_1' <Predicate = true> <Delay = 0.00>
ST_5 : Operation 72 [1/1] (0.00ns)   --->   "%ret_ln175 = ret i64 %mrv_1" [mmult.cpp:175]   --->   Operation 72 'ret' 'ret_ln175' <Predicate = true> <Delay = 0.00>


============================================================
+ Verbose Summary: Timing violations
============================================================
Target clock period: 3.300ns, clock uncertainty: 0.891ns.

 <State 1>: 0.427ns
The critical path consists of the following:
	'alloca' operation 3 bit ('q', mmult.cpp:162) [28]  (0.000 ns)
	'store' operation 0 bit ('store_ln162', mmult.cpp:162) of constant 0 on local variable 'q', mmult.cpp:162 [73]  (0.427 ns)

 <State 2>: 1.204ns
The critical path consists of the following:
	wire read operation ('p_read_1') on port 'p_read2' [53]  (1.204 ns)

 <State 3>: 2.351ns
The critical path consists of the following:
	'load' operation 3 bit ('q', mmult.cpp:163) on local variable 'q', mmult.cpp:162 [76]  (0.000 ns)
	'add' operation 6 bit ('finish_k', mmult.cpp:164) [86]  (0.789 ns)
	'call' operation 0 bit ('call_ln165', mmult.cpp:165) to 'tile_process.39.405' [87]  (1.562 ns)

 <State 4>: 0.000ns
The critical path consists of the following:

 <State 5>: 0.000ns
The critical path consists of the following:


============================================================
+ Verbose Summary: Binding
============================================================
N/A
* FSMD analyzer results:
  - Output states:
 - Input state : 
  - Chain level:
	State 1
	State 2
	State 3
	State 4
	State 5


============================================================
+ Verbose Summary: Datapath Resource usage 
============================================================
N/A
