

================================================================
== Vitis HLS Report for 'compute_wrapper_Pipeline_VITIS_LOOP_154_1_VITIS_LOOP_155_2'
================================================================
* Date:           Sun Apr 12 17:22:35 2026

* Version:        2023.2 (Build 4023990 on Oct 11 2023)
* Project:        hls_prj
* Solution:       s1 (Vivado IP Flow Target)
* Product family: zynquplus
* Target device:  xck26-sfvc784-2LV-c


================================================================
== Performance Estimates
================================================================
+ Timing: 
    * Summary: 
    +--------+---------+----------+------------+
    |  Clock |  Target | Estimated| Uncertainty|
    +--------+---------+----------+------------+
    |ap_clk  |  3.30 ns|  2.327 ns|     0.89 ns|
    +--------+---------+----------+------------+

+ Latency: 
    * Summary: 
    +---------+---------+----------+----------+-----+-----+---------+
    |  Latency (cycles) |  Latency (absolute) |  Interval | Pipeline|
    |   min   |   max   |    min   |    max   | min | max |   Type  |
    +---------+---------+----------+----------+-----+-----+---------+
    |      258|      258|  0.851 us|  0.851 us|  258|  258|       no|
    +---------+---------+----------+----------+-----+-----+---------+

    + Detail: 
        * Instance: 
        N/A

        * Loop: 
        +-------------------------------------+---------+---------+----------+-----------+-----------+------+----------+
        |                                     |  Latency (cycles) | Iteration|  Initiation Interval  | Trip |          |
        |              Loop Name              |   min   |   max   |  Latency |  achieved |   target  | Count| Pipelined|
        +-------------------------------------+---------+---------+----------+-----------+-----------+------+----------+
        |- VITIS_LOOP_154_1_VITIS_LOOP_155_2  |      256|      256|         2|          1|          1|   256|       yes|
        +-------------------------------------+---------+---------+----------+-----------+-----------+------+----------+

============================================================
+ Verbose Summary: Synthesis Manager
============================================================
InlineROM: 1
ExposeGlobal: 0
============================================================
+ Verbose Summary: CDFG Model
============================================================
IsTopModel: 0
ResetActiveHigh: 1
IsCombinational: 0
IsDatapathOnly: 0
HasWiredReturn: 1
HasMFsm: 2
HasVarLatency: 1
IsPipeline: 0
IsRtlPipelined: 0
IsInstanceOverlapped: 0
IsDontTouch: 0
HasImplIP: 0
IsGatedGlobalClock: 0

+ Individual pipeline summary: 
  * Pipeline-0: initiation interval (II) = 1, depth = 2


============================================================
+ Verbose Summary: Schedule
============================================================
* Number of FSM states : 2
* Pipeline : 1
  Pipeline-0 : II = 1, D = 2, States = { 1 2 }
* Dataflow Pipeline: 0

* FSM state transitions: 
1 --> 2 
2 --> 

* FSM state operations: 

State 1 <SV = 0> <Delay = 2.32>
ST_1 : Operation 5 [1/1] (0.00ns)   --->   "%j = alloca i32 1" [mmult.cpp:155]   --->   Operation 5 'alloca' 'j' <Predicate = true> <Delay = 0.00>
ST_1 : Operation 6 [1/1] (0.00ns)   --->   "%i = alloca i32 1" [mmult.cpp:154]   --->   Operation 6 'alloca' 'i' <Predicate = true> <Delay = 0.00>
ST_1 : Operation 7 [1/1] (0.00ns)   --->   "%indvar_flatten = alloca i32 1"   --->   Operation 7 'alloca' 'indvar_flatten' <Predicate = true> <Delay = 0.00>
ST_1 : Operation 8 [1/1] (0.42ns)   --->   "%store_ln0 = store i9 0, i9 %indvar_flatten"   --->   Operation 8 'store' 'store_ln0' <Predicate = true> <Delay = 0.42>
ST_1 : Operation 9 [1/1] (0.42ns)   --->   "%store_ln154 = store i6 0, i6 %i" [mmult.cpp:154]   --->   Operation 9 'store' 'store_ln154' <Predicate = true> <Delay = 0.42>
ST_1 : Operation 10 [1/1] (0.42ns)   --->   "%store_ln155 = store i6 0, i6 %j" [mmult.cpp:155]   --->   Operation 10 'store' 'store_ln155' <Predicate = true> <Delay = 0.42>
ST_1 : Operation 11 [1/1] (0.00ns)   --->   "%br_ln0 = br void %for.inc"   --->   Operation 11 'br' 'br_ln0' <Predicate = true> <Delay = 0.00>
ST_1 : Operation 12 [1/1] (0.00ns)   --->   "%indvar_flatten_load = load i9 %indvar_flatten" [mmult.cpp:154]   --->   Operation 12 'load' 'indvar_flatten_load' <Predicate = true> <Delay = 0.00>
ST_1 : Operation 13 [1/1] (0.77ns)   --->   "%icmp_ln154 = icmp_eq  i9 %indvar_flatten_load, i9 256" [mmult.cpp:154]   --->   Operation 13 'icmp' 'icmp_ln154' <Predicate = true> <Delay = 0.77> <CoreInst = "Cmp">   --->   Core 9 'Cmp' <Latency = 0> <II = 1> <Delay = 0.77> <FuncUnit> <Opcode : 'icmp'> <InPorts = 2> <OutPorts = 1>
ST_1 : Operation 14 [1/1] (0.77ns)   --->   "%add_ln154_1 = add i9 %indvar_flatten_load, i9 1" [mmult.cpp:154]   --->   Operation 14 'add' 'add_ln154_1' <Predicate = true> <Delay = 0.77> <CoreInst = "Adder">   --->   Core 1 'Adder' <Latency = 0> <II = 1> <Delay = 0.77> <FuncUnit> <Opcode : 'add' 'sub'> <InPorts = 2> <OutPorts = 1>
ST_1 : Operation 15 [1/1] (0.00ns)   --->   "%br_ln154 = br i1 %icmp_ln154, void %for.inc7, void %for.inc15.preheader.exitStub" [mmult.cpp:154]   --->   Operation 15 'br' 'br_ln154' <Predicate = true> <Delay = 0.00>
ST_1 : Operation 16 [1/1] (0.00ns)   --->   "%j_load = load i6 %j" [mmult.cpp:154]   --->   Operation 16 'load' 'j_load' <Predicate = (!icmp_ln154)> <Delay = 0.00>
ST_1 : Operation 17 [1/1] (0.00ns)   --->   "%i_load = load i6 %i" [mmult.cpp:154]   --->   Operation 17 'load' 'i_load' <Predicate = (!icmp_ln154)> <Delay = 0.00>
ST_1 : Operation 18 [1/1] (0.78ns)   --->   "%add_ln154 = add i6 %i_load, i6 1" [mmult.cpp:154]   --->   Operation 18 'add' 'add_ln154' <Predicate = (!icmp_ln154)> <Delay = 0.78> <CoreInst = "Adder">   --->   Core 1 'Adder' <Latency = 0> <II = 1> <Delay = 0.78> <FuncUnit> <Opcode : 'add' 'sub'> <InPorts = 2> <OutPorts = 1>
ST_1 : Operation 19 [1/1] (0.00ns)   --->   "%tmp = bitselect i1 @_ssdm_op_BitSelect.i1.i6.i32, i6 %j_load, i32 5" [mmult.cpp:155]   --->   Operation 19 'bitselect' 'tmp' <Predicate = (!icmp_ln154)> <Delay = 0.00>
ST_1 : Operation 20 [1/1] (0.38ns)   --->   "%select_ln154 = select i1 %tmp, i6 0, i6 %j_load" [mmult.cpp:154]   --->   Operation 20 'select' 'select_ln154' <Predicate = (!icmp_ln154)> <Delay = 0.38> <CoreInst = "Sel">   --->   Core 73 'Sel' <Latency = 0> <II = 1> <Delay = 0.38> <FuncUnit> <Opcode : 'select'> <InPorts = 3> <OutPorts = 1>
ST_1 : Operation 21 [1/1] (0.38ns)   --->   "%select_ln154_1 = select i1 %tmp, i6 %add_ln154, i6 %i_load" [mmult.cpp:154]   --->   Operation 21 'select' 'select_ln154_1' <Predicate = (!icmp_ln154)> <Delay = 0.38> <CoreInst = "Sel">   --->   Core 73 'Sel' <Latency = 0> <II = 1> <Delay = 0.38> <FuncUnit> <Opcode : 'select'> <InPorts = 3> <OutPorts = 1>
ST_1 : Operation 22 [1/1] (0.00ns)   --->   "%trunc_ln154 = trunc i6 %select_ln154_1" [mmult.cpp:154]   --->   Operation 22 'trunc' 'trunc_ln154' <Predicate = (!icmp_ln154)> <Delay = 0.00>
ST_1 : Operation 23 [1/1] (0.00ns)   --->   "%lshr_ln = partselect i3 @_ssdm_op_PartSelect.i3.i6.i32.i32, i6 %select_ln154, i32 2, i32 4" [mmult.cpp:155]   --->   Operation 23 'partselect' 'lshr_ln' <Predicate = (!icmp_ln154)> <Delay = 0.00>
ST_1 : Operation 24 [1/1] (0.00ns)   --->   "%tmp_s = partselect i3 @_ssdm_op_PartSelect.i3.i6.i32.i32, i6 %select_ln154_1, i32 2, i32 4" [mmult.cpp:157]   --->   Operation 24 'partselect' 'tmp_s' <Predicate = (!icmp_ln154)> <Delay = 0.00>
ST_1 : Operation 25 [1/1] (0.73ns)   --->   "%switch_ln157 = switch i2 %trunc_ln154, void %arrayidx63.3.case.3, i2 0, void %arrayidx63.3.case.0, i2 1, void %arrayidx63.3.case.1, i2 2, void %arrayidx63.3.case.2" [mmult.cpp:157]   --->   Operation 25 'switch' 'switch_ln157' <Predicate = (!icmp_ln154)> <Delay = 0.73>
ST_1 : Operation 26 [1/1] (0.78ns)   --->   "%add_ln155 = add i6 %select_ln154, i6 4" [mmult.cpp:155]   --->   Operation 26 'add' 'add_ln155' <Predicate = (!icmp_ln154)> <Delay = 0.78> <CoreInst = "Adder">   --->   Core 1 'Adder' <Latency = 0> <II = 1> <Delay = 0.78> <FuncUnit> <Opcode : 'add' 'sub'> <InPorts = 2> <OutPorts = 1>
ST_1 : Operation 27 [1/1] (0.42ns)   --->   "%store_ln154 = store i9 %add_ln154_1, i9 %indvar_flatten" [mmult.cpp:154]   --->   Operation 27 'store' 'store_ln154' <Predicate = (!icmp_ln154)> <Delay = 0.42>
ST_1 : Operation 28 [1/1] (0.42ns)   --->   "%store_ln154 = store i6 %select_ln154_1, i6 %i" [mmult.cpp:154]   --->   Operation 28 'store' 'store_ln154' <Predicate = (!icmp_ln154)> <Delay = 0.42>
ST_1 : Operation 29 [1/1] (0.42ns)   --->   "%store_ln155 = store i6 %add_ln155, i6 %j" [mmult.cpp:155]   --->   Operation 29 'store' 'store_ln155' <Predicate = (!icmp_ln154)> <Delay = 0.42>
ST_1 : Operation 30 [1/1] (0.00ns)   --->   "%br_ln155 = br void %for.inc" [mmult.cpp:155]   --->   Operation 30 'br' 'br_ln155' <Predicate = (!icmp_ln154)> <Delay = 0.00>
ST_1 : Operation 72 [1/1] (0.00ns)   --->   "%ret_ln0 = ret"   --->   Operation 72 'ret' 'ret_ln0' <Predicate = (icmp_ln154)> <Delay = 0.00>

State 2 <SV = 1> <Delay = 1.23>
ST_2 : Operation 31 [1/1] (0.00ns)   --->   "%specloopname_ln0 = specloopname void @_ssdm_op_SpecLoopName, void @VITIS_LOOP_154_1_VITIS_LOOP_155_2_str"   --->   Operation 31 'specloopname' 'specloopname_ln0' <Predicate = true> <Delay = 0.00>
ST_2 : Operation 32 [1/1] (0.00ns)   --->   "%speclooptripcount_ln0 = speclooptripcount void @_ssdm_op_SpecLoopTripCount, i64 256, i64 256, i64 256"   --->   Operation 32 'speclooptripcount' 'speclooptripcount_ln0' <Predicate = true> <Delay = 0.00>
ST_2 : Operation 33 [1/1] (0.00ns)   --->   "%specpipeline_ln155 = specpipeline void @_ssdm_op_SpecPipeline, i32 4294967295, i32 0, i32 0, i32 0, void @empty_5" [mmult.cpp:155]   --->   Operation 33 'specpipeline' 'specpipeline_ln155' <Predicate = true> <Delay = 0.00>
ST_2 : Operation 34 [1/1] (0.00ns)   --->   "%tmp_5 = bitconcatenate i6 @_ssdm_op_BitConcatenate.i6.i3.i3, i3 %tmp_s, i3 %lshr_ln" [mmult.cpp:157]   --->   Operation 34 'bitconcatenate' 'tmp_5' <Predicate = true> <Delay = 0.00>
ST_2 : Operation 35 [1/1] (0.00ns)   --->   "%zext_ln157 = zext i6 %tmp_5" [mmult.cpp:157]   --->   Operation 35 'zext' 'zext_ln157' <Predicate = true> <Delay = 0.00>
ST_2 : Operation 36 [1/1] (0.00ns)   --->   "%tempC_addr = getelementptr i16 %tempC, i64 0, i64 %zext_ln157" [mmult.cpp:157]   --->   Operation 36 'getelementptr' 'tempC_addr' <Predicate = true> <Delay = 0.00>
ST_2 : Operation 37 [1/1] (0.00ns)   --->   "%tempC_1_addr = getelementptr i16 %tempC_1, i64 0, i64 %zext_ln157" [mmult.cpp:157]   --->   Operation 37 'getelementptr' 'tempC_1_addr' <Predicate = true> <Delay = 0.00>
ST_2 : Operation 38 [1/1] (0.00ns)   --->   "%tempC_2_addr = getelementptr i16 %tempC_2, i64 0, i64 %zext_ln157" [mmult.cpp:157]   --->   Operation 38 'getelementptr' 'tempC_2_addr' <Predicate = true> <Delay = 0.00>
ST_2 : Operation 39 [1/1] (0.00ns)   --->   "%tempC_3_addr = getelementptr i16 %tempC_3, i64 0, i64 %zext_ln157" [mmult.cpp:157]   --->   Operation 39 'getelementptr' 'tempC_3_addr' <Predicate = true> <Delay = 0.00>
ST_2 : Operation 40 [1/1] (0.00ns)   --->   "%tempC_4_addr = getelementptr i16 %tempC_4, i64 0, i64 %zext_ln157" [mmult.cpp:157]   --->   Operation 40 'getelementptr' 'tempC_4_addr' <Predicate = true> <Delay = 0.00>
ST_2 : Operation 41 [1/1] (0.00ns)   --->   "%tempC_5_addr = getelementptr i16 %tempC_5, i64 0, i64 %zext_ln157" [mmult.cpp:157]   --->   Operation 41 'getelementptr' 'tempC_5_addr' <Predicate = true> <Delay = 0.00>
ST_2 : Operation 42 [1/1] (0.00ns)   --->   "%tempC_6_addr = getelementptr i16 %tempC_6, i64 0, i64 %zext_ln157" [mmult.cpp:157]   --->   Operation 42 'getelementptr' 'tempC_6_addr' <Predicate = true> <Delay = 0.00>
ST_2 : Operation 43 [1/1] (0.00ns)   --->   "%tempC_7_addr = getelementptr i16 %tempC_7, i64 0, i64 %zext_ln157" [mmult.cpp:157]   --->   Operation 43 'getelementptr' 'tempC_7_addr' <Predicate = true> <Delay = 0.00>
ST_2 : Operation 44 [1/1] (0.00ns)   --->   "%tempC_8_addr = getelementptr i16 %tempC_8, i64 0, i64 %zext_ln157" [mmult.cpp:157]   --->   Operation 44 'getelementptr' 'tempC_8_addr' <Predicate = true> <Delay = 0.00>
ST_2 : Operation 45 [1/1] (0.00ns)   --->   "%tempC_9_addr = getelementptr i16 %tempC_9, i64 0, i64 %zext_ln157" [mmult.cpp:157]   --->   Operation 45 'getelementptr' 'tempC_9_addr' <Predicate = true> <Delay = 0.00>
ST_2 : Operation 46 [1/1] (0.00ns)   --->   "%tempC_10_addr = getelementptr i16 %tempC_10, i64 0, i64 %zext_ln157" [mmult.cpp:157]   --->   Operation 46 'getelementptr' 'tempC_10_addr' <Predicate = true> <Delay = 0.00>
ST_2 : Operation 47 [1/1] (0.00ns)   --->   "%tempC_11_addr = getelementptr i16 %tempC_11, i64 0, i64 %zext_ln157" [mmult.cpp:157]   --->   Operation 47 'getelementptr' 'tempC_11_addr' <Predicate = true> <Delay = 0.00>
ST_2 : Operation 48 [1/1] (0.00ns)   --->   "%tempC_12_addr = getelementptr i16 %tempC_12, i64 0, i64 %zext_ln157" [mmult.cpp:157]   --->   Operation 48 'getelementptr' 'tempC_12_addr' <Predicate = true> <Delay = 0.00>
ST_2 : Operation 49 [1/1] (0.00ns)   --->   "%tempC_13_addr = getelementptr i16 %tempC_13, i64 0, i64 %zext_ln157" [mmult.cpp:157]   --->   Operation 49 'getelementptr' 'tempC_13_addr' <Predicate = true> <Delay = 0.00>
ST_2 : Operation 50 [1/1] (0.00ns)   --->   "%tempC_14_addr = getelementptr i16 %tempC_14, i64 0, i64 %zext_ln157" [mmult.cpp:157]   --->   Operation 50 'getelementptr' 'tempC_14_addr' <Predicate = true> <Delay = 0.00>
ST_2 : Operation 51 [1/1] (0.00ns)   --->   "%tempC_15_addr = getelementptr i16 %tempC_15, i64 0, i64 %zext_ln157" [mmult.cpp:157]   --->   Operation 51 'getelementptr' 'tempC_15_addr' <Predicate = true> <Delay = 0.00>
ST_2 : Operation 52 [1/1] (1.23ns)   --->   "%store_ln157 = store i16 0, i6 %tempC_8_addr" [mmult.cpp:157]   --->   Operation 52 'store' 'store_ln157' <Predicate = (trunc_ln154 == 2)> <Delay = 1.23> <CoreInst = "RAM">   --->   Core 83 'RAM' <Latency = 1> <II = 1> <Delay = 1.23> <Storage> <Opcode : 'load' 'store'> <Ports = 2> <Width = 16> <Depth = 64> <RAM>
ST_2 : Operation 53 [1/1] (1.23ns)   --->   "%store_ln157 = store i16 0, i6 %tempC_9_addr" [mmult.cpp:157]   --->   Operation 53 'store' 'store_ln157' <Predicate = (trunc_ln154 == 2)> <Delay = 1.23> <CoreInst = "RAM">   --->   Core 83 'RAM' <Latency = 1> <II = 1> <Delay = 1.23> <Storage> <Opcode : 'load' 'store'> <Ports = 2> <Width = 16> <Depth = 64> <RAM>
ST_2 : Operation 54 [1/1] (1.23ns)   --->   "%store_ln157 = store i16 0, i6 %tempC_10_addr" [mmult.cpp:157]   --->   Operation 54 'store' 'store_ln157' <Predicate = (trunc_ln154 == 2)> <Delay = 1.23> <CoreInst = "RAM">   --->   Core 83 'RAM' <Latency = 1> <II = 1> <Delay = 1.23> <Storage> <Opcode : 'load' 'store'> <Ports = 2> <Width = 16> <Depth = 64> <RAM>
ST_2 : Operation 55 [1/1] (1.23ns)   --->   "%store_ln157 = store i16 0, i6 %tempC_11_addr" [mmult.cpp:157]   --->   Operation 55 'store' 'store_ln157' <Predicate = (trunc_ln154 == 2)> <Delay = 1.23> <CoreInst = "RAM">   --->   Core 83 'RAM' <Latency = 1> <II = 1> <Delay = 1.23> <Storage> <Opcode : 'load' 'store'> <Ports = 2> <Width = 16> <Depth = 64> <RAM>
ST_2 : Operation 56 [1/1] (0.00ns)   --->   "%br_ln157 = br void %arrayidx63.3.exit" [mmult.cpp:157]   --->   Operation 56 'br' 'br_ln157' <Predicate = (trunc_ln154 == 2)> <Delay = 0.00>
ST_2 : Operation 57 [1/1] (1.23ns)   --->   "%store_ln157 = store i16 0, i6 %tempC_4_addr" [mmult.cpp:157]   --->   Operation 57 'store' 'store_ln157' <Predicate = (trunc_ln154 == 1)> <Delay = 1.23> <CoreInst = "RAM">   --->   Core 83 'RAM' <Latency = 1> <II = 1> <Delay = 1.23> <Storage> <Opcode : 'load' 'store'> <Ports = 2> <Width = 16> <Depth = 64> <RAM>
ST_2 : Operation 58 [1/1] (1.23ns)   --->   "%store_ln157 = store i16 0, i6 %tempC_5_addr" [mmult.cpp:157]   --->   Operation 58 'store' 'store_ln157' <Predicate = (trunc_ln154 == 1)> <Delay = 1.23> <CoreInst = "RAM">   --->   Core 83 'RAM' <Latency = 1> <II = 1> <Delay = 1.23> <Storage> <Opcode : 'load' 'store'> <Ports = 2> <Width = 16> <Depth = 64> <RAM>
ST_2 : Operation 59 [1/1] (1.23ns)   --->   "%store_ln157 = store i16 0, i6 %tempC_6_addr" [mmult.cpp:157]   --->   Operation 59 'store' 'store_ln157' <Predicate = (trunc_ln154 == 1)> <Delay = 1.23> <CoreInst = "RAM">   --->   Core 83 'RAM' <Latency = 1> <II = 1> <Delay = 1.23> <Storage> <Opcode : 'load' 'store'> <Ports = 2> <Width = 16> <Depth = 64> <RAM>
ST_2 : Operation 60 [1/1] (1.23ns)   --->   "%store_ln157 = store i16 0, i6 %tempC_7_addr" [mmult.cpp:157]   --->   Operation 60 'store' 'store_ln157' <Predicate = (trunc_ln154 == 1)> <Delay = 1.23> <CoreInst = "RAM">   --->   Core 83 'RAM' <Latency = 1> <II = 1> <Delay = 1.23> <Storage> <Opcode : 'load' 'store'> <Ports = 2> <Width = 16> <Depth = 64> <RAM>
ST_2 : Operation 61 [1/1] (0.00ns)   --->   "%br_ln157 = br void %arrayidx63.3.exit" [mmult.cpp:157]   --->   Operation 61 'br' 'br_ln157' <Predicate = (trunc_ln154 == 1)> <Delay = 0.00>
ST_2 : Operation 62 [1/1] (1.23ns)   --->   "%store_ln157 = store i16 0, i6 %tempC_addr" [mmult.cpp:157]   --->   Operation 62 'store' 'store_ln157' <Predicate = (trunc_ln154 == 0)> <Delay = 1.23> <CoreInst = "RAM">   --->   Core 83 'RAM' <Latency = 1> <II = 1> <Delay = 1.23> <Storage> <Opcode : 'load' 'store'> <Ports = 2> <Width = 16> <Depth = 64> <RAM>
ST_2 : Operation 63 [1/1] (1.23ns)   --->   "%store_ln157 = store i16 0, i6 %tempC_1_addr" [mmult.cpp:157]   --->   Operation 63 'store' 'store_ln157' <Predicate = (trunc_ln154 == 0)> <Delay = 1.23> <CoreInst = "RAM">   --->   Core 83 'RAM' <Latency = 1> <II = 1> <Delay = 1.23> <Storage> <Opcode : 'load' 'store'> <Ports = 2> <Width = 16> <Depth = 64> <RAM>
ST_2 : Operation 64 [1/1] (1.23ns)   --->   "%store_ln157 = store i16 0, i6 %tempC_2_addr" [mmult.cpp:157]   --->   Operation 64 'store' 'store_ln157' <Predicate = (trunc_ln154 == 0)> <Delay = 1.23> <CoreInst = "RAM">   --->   Core 83 'RAM' <Latency = 1> <II = 1> <Delay = 1.23> <Storage> <Opcode : 'load' 'store'> <Ports = 2> <Width = 16> <Depth = 64> <RAM>
ST_2 : Operation 65 [1/1] (1.23ns)   --->   "%store_ln157 = store i16 0, i6 %tempC_3_addr" [mmult.cpp:157]   --->   Operation 65 'store' 'store_ln157' <Predicate = (trunc_ln154 == 0)> <Delay = 1.23> <CoreInst = "RAM">   --->   Core 83 'RAM' <Latency = 1> <II = 1> <Delay = 1.23> <Storage> <Opcode : 'load' 'store'> <Ports = 2> <Width = 16> <Depth = 64> <RAM>
ST_2 : Operation 66 [1/1] (0.00ns)   --->   "%br_ln157 = br void %arrayidx63.3.exit" [mmult.cpp:157]   --->   Operation 66 'br' 'br_ln157' <Predicate = (trunc_ln154 == 0)> <Delay = 0.00>
ST_2 : Operation 67 [1/1] (1.23ns)   --->   "%store_ln157 = store i16 0, i6 %tempC_12_addr" [mmult.cpp:157]   --->   Operation 67 'store' 'store_ln157' <Predicate = (trunc_ln154 == 3)> <Delay = 1.23> <CoreInst = "RAM">   --->   Core 83 'RAM' <Latency = 1> <II = 1> <Delay = 1.23> <Storage> <Opcode : 'load' 'store'> <Ports = 2> <Width = 16> <Depth = 64> <RAM>
ST_2 : Operation 68 [1/1] (1.23ns)   --->   "%store_ln157 = store i16 0, i6 %tempC_13_addr" [mmult.cpp:157]   --->   Operation 68 'store' 'store_ln157' <Predicate = (trunc_ln154 == 3)> <Delay = 1.23> <CoreInst = "RAM">   --->   Core 83 'RAM' <Latency = 1> <II = 1> <Delay = 1.23> <Storage> <Opcode : 'load' 'store'> <Ports = 2> <Width = 16> <Depth = 64> <RAM>
ST_2 : Operation 69 [1/1] (1.23ns)   --->   "%store_ln157 = store i16 0, i6 %tempC_14_addr" [mmult.cpp:157]   --->   Operation 69 'store' 'store_ln157' <Predicate = (trunc_ln154 == 3)> <Delay = 1.23> <CoreInst = "RAM">   --->   Core 83 'RAM' <Latency = 1> <II = 1> <Delay = 1.23> <Storage> <Opcode : 'load' 'store'> <Ports = 2> <Width = 16> <Depth = 64> <RAM>
ST_2 : Operation 70 [1/1] (1.23ns)   --->   "%store_ln157 = store i16 0, i6 %tempC_15_addr" [mmult.cpp:157]   --->   Operation 70 'store' 'store_ln157' <Predicate = (trunc_ln154 == 3)> <Delay = 1.23> <CoreInst = "RAM">   --->   Core 83 'RAM' <Latency = 1> <II = 1> <Delay = 1.23> <Storage> <Opcode : 'load' 'store'> <Ports = 2> <Width = 16> <Depth = 64> <RAM>
ST_2 : Operation 71 [1/1] (0.00ns)   --->   "%br_ln157 = br void %arrayidx63.3.exit" [mmult.cpp:157]   --->   Operation 71 'br' 'br_ln157' <Predicate = (trunc_ln154 == 3)> <Delay = 0.00>


============================================================
+ Verbose Summary: Binding
============================================================
STG Binding: 
---------------- STG Properties BEGIN ----------------
- Is combinational: 0
- Is one-state seq: 0
- Is datapath-only: 0
- Is pipelined: 0
- Is top level: 0
Port [ Return ] is wired: 1; IO mode=ap_ctrl_hs:ce=0
Port [ tempC]:  wired=1; compound=1; hidden=0; nouse=0; global=0; static=0; extern=0; dir=1; type=1; pingpong=0; private_global=0; MemPort=[03]; IO mode=ap_memory:ce=0
Port [ tempC_1]:  wired=1; compound=1; hidden=0; nouse=0; global=0; static=0; extern=0; dir=1; type=1; pingpong=0; private_global=0; MemPort=[03]; IO mode=ap_memory:ce=0
Port [ tempC_2]:  wired=1; compound=1; hidden=0; nouse=0; global=0; static=0; extern=0; dir=1; type=1; pingpong=0; private_global=0; MemPort=[03]; IO mode=ap_memory:ce=0
Port [ tempC_3]:  wired=1; compound=1; hidden=0; nouse=0; global=0; static=0; extern=0; dir=1; type=1; pingpong=0; private_global=0; MemPort=[03]; IO mode=ap_memory:ce=0
Port [ tempC_4]:  wired=1; compound=1; hidden=0; nouse=0; global=0; static=0; extern=0; dir=1; type=1; pingpong=0; private_global=0; MemPort=[03]; IO mode=ap_memory:ce=0
Port [ tempC_5]:  wired=1; compound=1; hidden=0; nouse=0; global=0; static=0; extern=0; dir=1; type=1; pingpong=0; private_global=0; MemPort=[03]; IO mode=ap_memory:ce=0
Port [ tempC_6]:  wired=1; compound=1; hidden=0; nouse=0; global=0; static=0; extern=0; dir=1; type=1; pingpong=0; private_global=0; MemPort=[03]; IO mode=ap_memory:ce=0
Port [ tempC_7]:  wired=1; compound=1; hidden=0; nouse=0; global=0; static=0; extern=0; dir=1; type=1; pingpong=0; private_global=0; MemPort=[03]; IO mode=ap_memory:ce=0
Port [ tempC_8]:  wired=1; compound=1; hidden=0; nouse=0; global=0; static=0; extern=0; dir=1; type=1; pingpong=0; private_global=0; MemPort=[03]; IO mode=ap_memory:ce=0
Port [ tempC_9]:  wired=1; compound=1; hidden=0; nouse=0; global=0; static=0; extern=0; dir=1; type=1; pingpong=0; private_global=0; MemPort=[03]; IO mode=ap_memory:ce=0
Port [ tempC_10]:  wired=1; compound=1; hidden=0; nouse=0; global=0; static=0; extern=0; dir=1; type=1; pingpong=0; private_global=0; MemPort=[03]; IO mode=ap_memory:ce=0
Port [ tempC_11]:  wired=1; compound=1; hidden=0; nouse=0; global=0; static=0; extern=0; dir=1; type=1; pingpong=0; private_global=0; MemPort=[03]; IO mode=ap_memory:ce=0
Port [ tempC_12]:  wired=1; compound=1; hidden=0; nouse=0; global=0; static=0; extern=0; dir=1; type=1; pingpong=0; private_global=0; MemPort=[03]; IO mode=ap_memory:ce=0
Port [ tempC_13]:  wired=1; compound=1; hidden=0; nouse=0; global=0; static=0; extern=0; dir=1; type=1; pingpong=0; private_global=0; MemPort=[03]; IO mode=ap_memory:ce=0
Port [ tempC_14]:  wired=1; compound=1; hidden=0; nouse=0; global=0; static=0; extern=0; dir=1; type=1; pingpong=0; private_global=0; MemPort=[03]; IO mode=ap_memory:ce=0
Port [ tempC_15]:  wired=1; compound=1; hidden=0; nouse=0; global=0; static=0; extern=0; dir=1; type=1; pingpong=0; private_global=0; MemPort=[03]; IO mode=ap_memory:ce=0
---------------- STG Properties END ------------------

---------------- Datapath Model BEGIN ----------------

<LifeTime>
<method=bitvector/>
j                     (alloca           ) [ 010]
i                     (alloca           ) [ 010]
indvar_flatten        (alloca           ) [ 010]
store_ln0             (store            ) [ 000]
store_ln154           (store            ) [ 000]
store_ln155           (store            ) [ 000]
br_ln0                (br               ) [ 000]
indvar_flatten_load   (load             ) [ 000]
icmp_ln154            (icmp             ) [ 010]
add_ln154_1           (add              ) [ 000]
br_ln154              (br               ) [ 000]
j_load                (load             ) [ 000]
i_load                (load             ) [ 000]
add_ln154             (add              ) [ 000]
tmp                   (bitselect        ) [ 000]
select_ln154          (select           ) [ 000]
select_ln154_1        (select           ) [ 000]
trunc_ln154           (trunc            ) [ 011]
lshr_ln               (partselect       ) [ 011]
tmp_s                 (partselect       ) [ 011]
switch_ln157          (switch           ) [ 000]
add_ln155             (add              ) [ 000]
store_ln154           (store            ) [ 000]
store_ln154           (store            ) [ 000]
store_ln155           (store            ) [ 000]
br_ln155              (br               ) [ 000]
specloopname_ln0      (specloopname     ) [ 000]
speclooptripcount_ln0 (speclooptripcount) [ 000]
specpipeline_ln155    (specpipeline     ) [ 000]
tmp_5                 (bitconcatenate   ) [ 000]
zext_ln157            (zext             ) [ 000]
tempC_addr            (getelementptr    ) [ 000]
tempC_1_addr          (getelementptr    ) [ 000]
tempC_2_addr          (getelementptr    ) [ 000]
tempC_3_addr          (getelementptr    ) [ 000]
tempC_4_addr          (getelementptr    ) [ 000]
tempC_5_addr          (getelementptr    ) [ 000]
tempC_6_addr          (getelementptr    ) [ 000]
tempC_7_addr          (getelementptr    ) [ 000]
tempC_8_addr          (getelementptr    ) [ 000]
tempC_9_addr          (getelementptr    ) [ 000]
tempC_10_addr         (getelementptr    ) [ 000]
tempC_11_addr         (getelementptr    ) [ 000]
tempC_12_addr         (getelementptr    ) [ 000]
tempC_13_addr         (getelementptr    ) [ 000]
tempC_14_addr         (getelementptr    ) [ 000]
tempC_15_addr         (getelementptr    ) [ 000]
store_ln157           (store            ) [ 000]
store_ln157           (store            ) [ 000]
store_ln157           (store            ) [ 000]
store_ln157           (store            ) [ 000]
br_ln157              (br               ) [ 000]
store_ln157           (store            ) [ 000]
store_ln157           (store            ) [ 000]
store_ln157           (store            ) [ 000]
store_ln157           (store            ) [ 000]
br_ln157              (br               ) [ 000]
store_ln157           (store            ) [ 000]
store_ln157           (store            ) [ 000]
store_ln157           (store            ) [ 000]
store_ln157           (store            ) [ 000]
br_ln157              (br               ) [ 000]
store_ln157           (store            ) [ 000]
store_ln157           (store            ) [ 000]
store_ln157           (store            ) [ 000]
store_ln157           (store            ) [ 000]
br_ln157              (br               ) [ 000]
ret_ln0               (ret              ) [ 000]
</LifeTime>

<model>

<comp_list>
<comp id="0" class="1000" name="tempC">
<pin_list>
<pin id="1" dir="1" index="0" bw="1" slack="0"/>
</pin_list>
<bind>
<StgValue><ssdm name="tempC"/><MemPortTyVec>0 3 </MemPortTyVec>
</StgValue>
</bind>
</comp>

<comp id="2" class="1000" name="tempC_1">
<pin_list>
<pin id="3" dir="1" index="0" bw="1" slack="0"/>
</pin_list>
<bind>
<StgValue><ssdm name="tempC_1"/><MemPortTyVec>0 3 </MemPortTyVec>
</StgValue>
</bind>
</comp>

<comp id="4" class="1000" name="tempC_2">
<pin_list>
<pin id="5" dir="1" index="0" bw="1" slack="0"/>
</pin_list>
<bind>
<StgValue><ssdm name="tempC_2"/><MemPortTyVec>0 3 </MemPortTyVec>
</StgValue>
</bind>
</comp>

<comp id="6" class="1000" name="tempC_3">
<pin_list>
<pin id="7" dir="1" index="0" bw="1" slack="0"/>
</pin_list>
<bind>
<StgValue><ssdm name="tempC_3"/><MemPortTyVec>0 3 </MemPortTyVec>
</StgValue>
</bind>
</comp>

<comp id="8" class="1000" name="tempC_4">
<pin_list>
<pin id="9" dir="1" index="0" bw="1" slack="0"/>
</pin_list>
<bind>
<StgValue><ssdm name="tempC_4"/><MemPortTyVec>0 3 </MemPortTyVec>
</StgValue>
</bind>
</comp>

<comp id="10" class="1000" name="tempC_5">
<pin_list>
<pin id="11" dir="1" index="0" bw="1" slack="0"/>
</pin_list>
<bind>
<StgValue><ssdm name="tempC_5"/><MemPortTyVec>0 3 </MemPortTyVec>
</StgValue>
</bind>
</comp>

<comp id="12" class="1000" name="tempC_6">
<pin_list>
<pin id="13" dir="1" index="0" bw="1" slack="0"/>
</pin_list>
<bind>
<StgValue><ssdm name="tempC_6"/><MemPortTyVec>0 3 </MemPortTyVec>
</StgValue>
</bind>
</comp>

<comp id="14" class="1000" name="tempC_7">
<pin_list>
<pin id="15" dir="1" index="0" bw="1" slack="0"/>
</pin_list>
<bind>
<StgValue><ssdm name="tempC_7"/><MemPortTyVec>0 3 </MemPortTyVec>
</StgValue>
</bind>
</comp>

<comp id="16" class="1000" name="tempC_8">
<pin_list>
<pin id="17" dir="1" index="0" bw="1" slack="0"/>
</pin_list>
<bind>
<StgValue><ssdm name="tempC_8"/><MemPortTyVec>0 3 </MemPortTyVec>
</StgValue>
</bind>
</comp>

<comp id="18" class="1000" name="tempC_9">
<pin_list>
<pin id="19" dir="1" index="0" bw="1" slack="0"/>
</pin_list>
<bind>
<StgValue><ssdm name="tempC_9"/><MemPortTyVec>0 3 </MemPortTyVec>
</StgValue>
</bind>
</comp>

<comp id="20" class="1000" name="tempC_10">
<pin_list>
<pin id="21" dir="1" index="0" bw="1" slack="0"/>
</pin_list>
<bind>
<StgValue><ssdm name="tempC_10"/><MemPortTyVec>0 3 </MemPortTyVec>
</StgValue>
</bind>
</comp>

<comp id="22" class="1000" name="tempC_11">
<pin_list>
<pin id="23" dir="1" index="0" bw="1" slack="0"/>
</pin_list>
<bind>
<StgValue><ssdm name="tempC_11"/><MemPortTyVec>0 3 </MemPortTyVec>
</StgValue>
</bind>
</comp>

<comp id="24" class="1000" name="tempC_12">
<pin_list>
<pin id="25" dir="1" index="0" bw="1" slack="0"/>
</pin_list>
<bind>
<StgValue><ssdm name="tempC_12"/><MemPortTyVec>0 3 </MemPortTyVec>
</StgValue>
</bind>
</comp>

<comp id="26" class="1000" name="tempC_13">
<pin_list>
<pin id="27" dir="1" index="0" bw="1" slack="0"/>
</pin_list>
<bind>
<StgValue><ssdm name="tempC_13"/><MemPortTyVec>0 3 </MemPortTyVec>
</StgValue>
</bind>
</comp>

<comp id="28" class="1000" name="tempC_14">
<pin_list>
<pin id="29" dir="1" index="0" bw="1" slack="0"/>
</pin_list>
<bind>
<StgValue><ssdm name="tempC_14"/><MemPortTyVec>0 3 </MemPortTyVec>
</StgValue>
</bind>
</comp>

<comp id="30" class="1000" name="tempC_15">
<pin_list>
<pin id="31" dir="1" index="0" bw="1" slack="0"/>
</pin_list>
<bind>
<StgValue><ssdm name="tempC_15"/><MemPortTyVec>0 3 </MemPortTyVec>
</StgValue>
</bind>
</comp>

<comp id="32" class="1001" name="const_32">
<pin_list>
<pin id="33" dir="1" index="0" bw="1" slack="0"/>
</pin_list>
<bind>
<StgValue><ssdm name=""/></StgValue>
</bind>
</comp>

<comp id="34" class="1001" name="const_34">
<pin_list>
<pin id="35" dir="1" index="0" bw="1" slack="0"/>
</pin_list>
<bind>
<StgValue><ssdm name=""/></StgValue>
</bind>
</comp>

<comp id="36" class="1001" name="const_36">
<pin_list>
<pin id="37" dir="1" index="0" bw="1" slack="0"/>
</pin_list>
<bind>
<StgValue><ssdm name=""/></StgValue>
</bind>
</comp>

<comp id="38" class="1001" name="const_38">
<pin_list>
<pin id="39" dir="1" index="0" bw="1" slack="0"/>
</pin_list>
<bind>
<StgValue><ssdm name=""/></StgValue>
</bind>
</comp>

<comp id="40" class="1001" name="const_40">
<pin_list>
<pin id="41" dir="1" index="0" bw="1" slack="0"/>
</pin_list>
<bind>
<StgValue><ssdm name=""/></StgValue>
</bind>
</comp>

<comp id="42" class="1001" name="const_42">
<pin_list>
<pin id="43" dir="1" index="0" bw="1" slack="0"/>
</pin_list>
<bind>
<StgValue><ssdm name=""/></StgValue>
</bind>
</comp>

<comp id="44" class="1001" name="const_44">
<pin_list>
<pin id="45" dir="1" index="0" bw="1" slack="0"/>
</pin_list>
<bind>
<StgValue><ssdm name="_ssdm_op_BitSelect.i1.i6.i32"/></StgValue>
</bind>
</comp>

<comp id="46" class="1001" name="const_46">
<pin_list>
<pin id="47" dir="1" index="0" bw="1" slack="0"/>
</pin_list>
<bind>
<StgValue><ssdm name=""/></StgValue>
</bind>
</comp>

<comp id="48" class="1001" name="const_48">
<pin_list>
<pin id="49" dir="1" index="0" bw="1" slack="0"/>
</pin_list>
<bind>
<StgValue><ssdm name="_ssdm_op_PartSelect.i3.i6.i32.i32"/></StgValue>
</bind>
</comp>

<comp id="50" class="1001" name="const_50">
<pin_list>
<pin id="51" dir="1" index="0" bw="1" slack="0"/>
</pin_list>
<bind>
<StgValue><ssdm name=""/></StgValue>
</bind>
</comp>

<comp id="52" class="1001" name="const_52">
<pin_list>
<pin id="53" dir="1" index="0" bw="1" slack="0"/>
</pin_list>
<bind>
<StgValue><ssdm name=""/></StgValue>
</bind>
</comp>

<comp id="54" class="1001" name="const_54">
<pin_list>
<pin id="55" dir="1" index="0" bw="1" slack="2147483647"/>
</pin_list>
<bind>
<StgValue><ssdm name=""/></StgValue>
</bind>
</comp>

<comp id="56" class="1001" name="const_56">
<pin_list>
<pin id="57" dir="1" index="0" bw="1" slack="2147483647"/>
</pin_list>
<bind>
<StgValue><ssdm name=""/></StgValue>
</bind>
</comp>

<comp id="58" class="1001" name="const_58">
<pin_list>
<pin id="59" dir="1" index="0" bw="1" slack="2147483647"/>
</pin_list>
<bind>
<StgValue><ssdm name=""/></StgValue>
</bind>
</comp>

<comp id="60" class="1001" name="const_60">
<pin_list>
<pin id="61" dir="1" index="0" bw="1" slack="0"/>
</pin_list>
<bind>
<StgValue><ssdm name=""/></StgValue>
</bind>
</comp>

<comp id="62" class="1001" name="const_62">
<pin_list>
<pin id="63" dir="1" index="0" bw="1" slack="2147483647"/>
</pin_list>
<bind>
<StgValue><ssdm name="_ssdm_op_SpecLoopName"/></StgValue>
</bind>
</comp>

<comp id="64" class="1001" name="const_64">
<pin_list>
<pin id="65" dir="1" index="0" bw="1" slack="2147483647"/>
</pin_list>
<bind>
<StgValue><ssdm name="VITIS_LOOP_154_1_VITIS_LOOP_155_2_str"/></StgValue>
</bind>
</comp>

<comp id="66" class="1001" name="const_66">
<pin_list>
<pin id="67" dir="1" index="0" bw="1" slack="2147483647"/>
</pin_list>
<bind>
<StgValue><ssdm name="_ssdm_op_SpecLoopTripCount"/></StgValue>
</bind>
</comp>

<comp id="68" class="1001" name="const_68">
<pin_list>
<pin id="69" dir="1" index="0" bw="1" slack="2147483647"/>
</pin_list>
<bind>
<StgValue><ssdm name=""/></StgValue>
</bind>
</comp>

<comp id="70" class="1001" name="const_70">
<pin_list>
<pin id="71" dir="1" index="0" bw="1" slack="2147483647"/>
</pin_list>
<bind>
<StgValue><ssdm name="_ssdm_op_SpecPipeline"/></StgValue>
</bind>
</comp>

<comp id="72" class="1001" name="const_72">
<pin_list>
<pin id="73" dir="1" index="0" bw="1" slack="2147483647"/>
</pin_list>
<bind>
<StgValue><ssdm name=""/></StgValue>
</bind>
</comp>

<comp id="74" class="1001" name="const_74">
<pin_list>
<pin id="75" dir="1" index="0" bw="1" slack="2147483647"/>
</pin_list>
<bind>
<StgValue><ssdm name=""/></StgValue>
</bind>
</comp>

<comp id="76" class="1001" name="const_76">
<pin_list>
<pin id="77" dir="1" index="0" bw="1" slack="2147483647"/>
</pin_list>
<bind>
<StgValue><ssdm name="empty_5"/></StgValue>
</bind>
</comp>

<comp id="78" class="1001" name="const_78">
<pin_list>
<pin id="79" dir="1" index="0" bw="1" slack="0"/>
</pin_list>
<bind>
<StgValue><ssdm name="_ssdm_op_BitConcatenate.i6.i3.i3"/></StgValue>
</bind>
</comp>

<comp id="80" class="1001" name="const_80">
<pin_list>
<pin id="81" dir="1" index="0" bw="1" slack="0"/>
</pin_list>
<bind>
<StgValue><ssdm name=""/></StgValue>
</bind>
</comp>

<comp id="82" class="1001" name="const_82">
<pin_list>
<pin id="83" dir="1" index="0" bw="1" slack="0"/>
</pin_list>
<bind>
<StgValue><ssdm name=""/></StgValue>
</bind>
</comp>

<comp id="84" class="1004" name="j_fu_84">
<pin_list>
<pin id="85" dir="0" index="0" bw="1" slack="0"/>
<pin id="86" dir="1" index="1" bw="6" slack="0"/>
</pin_list>
<bind>
<opcode="alloca(26) " fcode="alloca"/>
<opset="j/1 "/>
</bind>
</comp>

<comp id="88" class="1004" name="i_fu_88">
<pin_list>
<pin id="89" dir="0" index="0" bw="1" slack="0"/>
<pin id="90" dir="1" index="1" bw="6" slack="0"/>
</pin_list>
<bind>
<opcode="alloca(26) " fcode="alloca"/>
<opset="i/1 "/>
</bind>
</comp>

<comp id="92" class="1004" name="indvar_flatten_fu_92">
<pin_list>
<pin id="93" dir="0" index="0" bw="1" slack="0"/>
<pin id="94" dir="1" index="1" bw="9" slack="0"/>
</pin_list>
<bind>
<opcode="alloca(26) " fcode="alloca"/>
<opset="indvar_flatten/1 "/>
</bind>
</comp>

<comp id="96" class="1004" name="tempC_addr_gep_fu_96">
<pin_list>
<pin id="97" dir="0" index="0" bw="16" slack="0"/>
<pin id="98" dir="0" index="1" bw="1" slack="0"/>
<pin id="99" dir="0" index="2" bw="6" slack="0"/>
<pin id="100" dir="1" index="3" bw="6" slack="0"/>
</pin_list>
<bind>
<opcode="getelementptr(29) " fcode="getelementptr"/>
<opset="tempC_addr/2 "/>
</bind>
</comp>

<comp id="103" class="1004" name="tempC_1_addr_gep_fu_103">
<pin_list>
<pin id="104" dir="0" index="0" bw="16" slack="0"/>
<pin id="105" dir="0" index="1" bw="1" slack="0"/>
<pin id="106" dir="0" index="2" bw="6" slack="0"/>
<pin id="107" dir="1" index="3" bw="6" slack="0"/>
</pin_list>
<bind>
<opcode="getelementptr(29) " fcode="getelementptr"/>
<opset="tempC_1_addr/2 "/>
</bind>
</comp>

<comp id="110" class="1004" name="tempC_2_addr_gep_fu_110">
<pin_list>
<pin id="111" dir="0" index="0" bw="16" slack="0"/>
<pin id="112" dir="0" index="1" bw="1" slack="0"/>
<pin id="113" dir="0" index="2" bw="6" slack="0"/>
<pin id="114" dir="1" index="3" bw="6" slack="0"/>
</pin_list>
<bind>
<opcode="getelementptr(29) " fcode="getelementptr"/>
<opset="tempC_2_addr/2 "/>
</bind>
</comp>

<comp id="117" class="1004" name="tempC_3_addr_gep_fu_117">
<pin_list>
<pin id="118" dir="0" index="0" bw="16" slack="0"/>
<pin id="119" dir="0" index="1" bw="1" slack="0"/>
<pin id="120" dir="0" index="2" bw="6" slack="0"/>
<pin id="121" dir="1" index="3" bw="6" slack="0"/>
</pin_list>
<bind>
<opcode="getelementptr(29) " fcode="getelementptr"/>
<opset="tempC_3_addr/2 "/>
</bind>
</comp>

<comp id="124" class="1004" name="tempC_4_addr_gep_fu_124">
<pin_list>
<pin id="125" dir="0" index="0" bw="16" slack="0"/>
<pin id="126" dir="0" index="1" bw="1" slack="0"/>
<pin id="127" dir="0" index="2" bw="6" slack="0"/>
<pin id="128" dir="1" index="3" bw="6" slack="0"/>
</pin_list>
<bind>
<opcode="getelementptr(29) " fcode="getelementptr"/>
<opset="tempC_4_addr/2 "/>
</bind>
</comp>

<comp id="131" class="1004" name="tempC_5_addr_gep_fu_131">
<pin_list>
<pin id="132" dir="0" index="0" bw="16" slack="0"/>
<pin id="133" dir="0" index="1" bw="1" slack="0"/>
<pin id="134" dir="0" index="2" bw="6" slack="0"/>
<pin id="135" dir="1" index="3" bw="6" slack="0"/>
</pin_list>
<bind>
<opcode="getelementptr(29) " fcode="getelementptr"/>
<opset="tempC_5_addr/2 "/>
</bind>
</comp>

<comp id="138" class="1004" name="tempC_6_addr_gep_fu_138">
<pin_list>
<pin id="139" dir="0" index="0" bw="16" slack="0"/>
<pin id="140" dir="0" index="1" bw="1" slack="0"/>
<pin id="141" dir="0" index="2" bw="6" slack="0"/>
<pin id="142" dir="1" index="3" bw="6" slack="0"/>
</pin_list>
<bind>
<opcode="getelementptr(29) " fcode="getelementptr"/>
<opset="tempC_6_addr/2 "/>
</bind>
</comp>

<comp id="145" class="1004" name="tempC_7_addr_gep_fu_145">
<pin_list>
<pin id="146" dir="0" index="0" bw="16" slack="0"/>
<pin id="147" dir="0" index="1" bw="1" slack="0"/>
<pin id="148" dir="0" index="2" bw="6" slack="0"/>
<pin id="149" dir="1" index="3" bw="6" slack="0"/>
</pin_list>
<bind>
<opcode="getelementptr(29) " fcode="getelementptr"/>
<opset="tempC_7_addr/2 "/>
</bind>
</comp>

<comp id="152" class="1004" name="tempC_8_addr_gep_fu_152">
<pin_list>
<pin id="153" dir="0" index="0" bw="16" slack="0"/>
<pin id="154" dir="0" index="1" bw="1" slack="0"/>
<pin id="155" dir="0" index="2" bw="6" slack="0"/>
<pin id="156" dir="1" index="3" bw="6" slack="0"/>
</pin_list>
<bind>
<opcode="getelementptr(29) " fcode="getelementptr"/>
<opset="tempC_8_addr/2 "/>
</bind>
</comp>

<comp id="159" class="1004" name="tempC_9_addr_gep_fu_159">
<pin_list>
<pin id="160" dir="0" index="0" bw="16" slack="0"/>
<pin id="161" dir="0" index="1" bw="1" slack="0"/>
<pin id="162" dir="0" index="2" bw="6" slack="0"/>
<pin id="163" dir="1" index="3" bw="6" slack="0"/>
</pin_list>
<bind>
<opcode="getelementptr(29) " fcode="getelementptr"/>
<opset="tempC_9_addr/2 "/>
</bind>
</comp>

<comp id="166" class="1004" name="tempC_10_addr_gep_fu_166">
<pin_list>
<pin id="167" dir="0" index="0" bw="16" slack="0"/>
<pin id="168" dir="0" index="1" bw="1" slack="0"/>
<pin id="169" dir="0" index="2" bw="6" slack="0"/>
<pin id="170" dir="1" index="3" bw="6" slack="0"/>
</pin_list>
<bind>
<opcode="getelementptr(29) " fcode="getelementptr"/>
<opset="tempC_10_addr/2 "/>
</bind>
</comp>

<comp id="173" class="1004" name="tempC_11_addr_gep_fu_173">
<pin_list>
<pin id="174" dir="0" index="0" bw="16" slack="0"/>
<pin id="175" dir="0" index="1" bw="1" slack="0"/>
<pin id="176" dir="0" index="2" bw="6" slack="0"/>
<pin id="177" dir="1" index="3" bw="6" slack="0"/>
</pin_list>
<bind>
<opcode="getelementptr(29) " fcode="getelementptr"/>
<opset="tempC_11_addr/2 "/>
</bind>
</comp>

<comp id="180" class="1004" name="tempC_12_addr_gep_fu_180">
<pin_list>
<pin id="181" dir="0" index="0" bw="16" slack="0"/>
<pin id="182" dir="0" index="1" bw="1" slack="0"/>
<pin id="183" dir="0" index="2" bw="6" slack="0"/>
<pin id="184" dir="1" index="3" bw="6" slack="0"/>
</pin_list>
<bind>
<opcode="getelementptr(29) " fcode="getelementptr"/>
<opset="tempC_12_addr/2 "/>
</bind>
</comp>

<comp id="187" class="1004" name="tempC_13_addr_gep_fu_187">
<pin_list>
<pin id="188" dir="0" index="0" bw="16" slack="0"/>
<pin id="189" dir="0" index="1" bw="1" slack="0"/>
<pin id="190" dir="0" index="2" bw="6" slack="0"/>
<pin id="191" dir="1" index="3" bw="6" slack="0"/>
</pin_list>
<bind>
<opcode="getelementptr(29) " fcode="getelementptr"/>
<opset="tempC_13_addr/2 "/>
</bind>
</comp>

<comp id="194" class="1004" name="tempC_14_addr_gep_fu_194">
<pin_list>
<pin id="195" dir="0" index="0" bw="16" slack="0"/>
<pin id="196" dir="0" index="1" bw="1" slack="0"/>
<pin id="197" dir="0" index="2" bw="6" slack="0"/>
<pin id="198" dir="1" index="3" bw="6" slack="0"/>
</pin_list>
<bind>
<opcode="getelementptr(29) " fcode="getelementptr"/>
<opset="tempC_14_addr/2 "/>
</bind>
</comp>

<comp id="201" class="1004" name="tempC_15_addr_gep_fu_201">
<pin_list>
<pin id="202" dir="0" index="0" bw="16" slack="0"/>
<pin id="203" dir="0" index="1" bw="1" slack="0"/>
<pin id="204" dir="0" index="2" bw="6" slack="0"/>
<pin id="205" dir="1" index="3" bw="6" slack="0"/>
</pin_list>
<bind>
<opcode="getelementptr(29) " fcode="getelementptr"/>
<opset="tempC_15_addr/2 "/>
</bind>
</comp>

<comp id="208" class="1004" name="store_ln157_access_fu_208">
<pin_list>
<pin id="209" dir="0" index="0" bw="6" slack="0"/>
<pin id="210" dir="0" index="1" bw="16" slack="0"/>
<pin id="211" dir="0" index="2" bw="0" slack="2147483647"/>
<pin id="212" dir="1" index="3" bw="16" slack="2147483647"/>
</pin_list>
<bind>
<opcode="store(28) " fcode="store"/>
<opset="store_ln157/2 "/>
</bind>
</comp>

<comp id="215" class="1004" name="store_ln157_access_fu_215">
<pin_list>
<pin id="216" dir="0" index="0" bw="6" slack="0"/>
<pin id="217" dir="0" index="1" bw="16" slack="0"/>
<pin id="218" dir="0" index="2" bw="0" slack="2147483647"/>
<pin id="219" dir="1" index="3" bw="16" slack="2147483647"/>
</pin_list>
<bind>
<opcode="store(28) " fcode="store"/>
<opset="store_ln157/2 "/>
</bind>
</comp>

<comp id="222" class="1004" name="store_ln157_access_fu_222">
<pin_list>
<pin id="223" dir="0" index="0" bw="6" slack="0"/>
<pin id="224" dir="0" index="1" bw="16" slack="0"/>
<pin id="225" dir="0" index="2" bw="0" slack="2147483647"/>
<pin id="226" dir="1" index="3" bw="16" slack="2147483647"/>
</pin_list>
<bind>
<opcode="store(28) " fcode="store"/>
<opset="store_ln157/2 "/>
</bind>
</comp>

<comp id="229" class="1004" name="store_ln157_access_fu_229">
<pin_list>
<pin id="230" dir="0" index="0" bw="6" slack="0"/>
<pin id="231" dir="0" index="1" bw="16" slack="0"/>
<pin id="232" dir="0" index="2" bw="0" slack="2147483647"/>
<pin id="233" dir="1" index="3" bw="16" slack="2147483647"/>
</pin_list>
<bind>
<opcode="store(28) " fcode="store"/>
<opset="store_ln157/2 "/>
</bind>
</comp>

<comp id="236" class="1004" name="store_ln157_access_fu_236">
<pin_list>
<pin id="237" dir="0" index="0" bw="6" slack="0"/>
<pin id="238" dir="0" index="1" bw="16" slack="0"/>
<pin id="239" dir="0" index="2" bw="0" slack="2147483647"/>
<pin id="240" dir="1" index="3" bw="16" slack="2147483647"/>
</pin_list>
<bind>
<opcode="store(28) " fcode="store"/>
<opset="store_ln157/2 "/>
</bind>
</comp>

<comp id="243" class="1004" name="store_ln157_access_fu_243">
<pin_list>
<pin id="244" dir="0" index="0" bw="6" slack="0"/>
<pin id="245" dir="0" index="1" bw="16" slack="0"/>
<pin id="246" dir="0" index="2" bw="0" slack="2147483647"/>
<pin id="247" dir="1" index="3" bw="16" slack="2147483647"/>
</pin_list>
<bind>
<opcode="store(28) " fcode="store"/>
<opset="store_ln157/2 "/>
</bind>
</comp>

<comp id="250" class="1004" name="store_ln157_access_fu_250">
<pin_list>
<pin id="251" dir="0" index="0" bw="6" slack="0"/>
<pin id="252" dir="0" index="1" bw="16" slack="0"/>
<pin id="253" dir="0" index="2" bw="0" slack="2147483647"/>
<pin id="254" dir="1" index="3" bw="16" slack="2147483647"/>
</pin_list>
<bind>
<opcode="store(28) " fcode="store"/>
<opset="store_ln157/2 "/>
</bind>
</comp>

<comp id="257" class="1004" name="store_ln157_access_fu_257">
<pin_list>
<pin id="258" dir="0" index="0" bw="6" slack="0"/>
<pin id="259" dir="0" index="1" bw="16" slack="0"/>
<pin id="260" dir="0" index="2" bw="0" slack="2147483647"/>
<pin id="261" dir="1" index="3" bw="16" slack="2147483647"/>
</pin_list>
<bind>
<opcode="store(28) " fcode="store"/>
<opset="store_ln157/2 "/>
</bind>
</comp>

<comp id="264" class="1004" name="store_ln157_access_fu_264">
<pin_list>
<pin id="265" dir="0" index="0" bw="6" slack="0"/>
<pin id="266" dir="0" index="1" bw="16" slack="0"/>
<pin id="267" dir="0" index="2" bw="0" slack="2147483647"/>
<pin id="268" dir="1" index="3" bw="16" slack="2147483647"/>
</pin_list>
<bind>
<opcode="store(28) " fcode="store"/>
<opset="store_ln157/2 "/>
</bind>
</comp>

<comp id="271" class="1004" name="store_ln157_access_fu_271">
<pin_list>
<pin id="272" dir="0" index="0" bw="6" slack="0"/>
<pin id="273" dir="0" index="1" bw="16" slack="0"/>
<pin id="274" dir="0" index="2" bw="0" slack="2147483647"/>
<pin id="275" dir="1" index="3" bw="16" slack="2147483647"/>
</pin_list>
<bind>
<opcode="store(28) " fcode="store"/>
<opset="store_ln157/2 "/>
</bind>
</comp>

<comp id="278" class="1004" name="store_ln157_access_fu_278">
<pin_list>
<pin id="279" dir="0" index="0" bw="6" slack="0"/>
<pin id="280" dir="0" index="1" bw="16" slack="0"/>
<pin id="281" dir="0" index="2" bw="0" slack="2147483647"/>
<pin id="282" dir="1" index="3" bw="16" slack="2147483647"/>
</pin_list>
<bind>
<opcode="store(28) " fcode="store"/>
<opset="store_ln157/2 "/>
</bind>
</comp>

<comp id="285" class="1004" name="store_ln157_access_fu_285">
<pin_list>
<pin id="286" dir="0" index="0" bw="6" slack="0"/>
<pin id="287" dir="0" index="1" bw="16" slack="0"/>
<pin id="288" dir="0" index="2" bw="0" slack="2147483647"/>
<pin id="289" dir="1" index="3" bw="16" slack="2147483647"/>
</pin_list>
<bind>
<opcode="store(28) " fcode="store"/>
<opset="store_ln157/2 "/>
</bind>
</comp>

<comp id="292" class="1004" name="store_ln157_access_fu_292">
<pin_list>
<pin id="293" dir="0" index="0" bw="6" slack="0"/>
<pin id="294" dir="0" index="1" bw="16" slack="0"/>
<pin id="295" dir="0" index="2" bw="0" slack="2147483647"/>
<pin id="296" dir="1" index="3" bw="16" slack="2147483647"/>
</pin_list>
<bind>
<opcode="store(28) " fcode="store"/>
<opset="store_ln157/2 "/>
</bind>
</comp>

<comp id="299" class="1004" name="store_ln157_access_fu_299">
<pin_list>
<pin id="300" dir="0" index="0" bw="6" slack="0"/>
<pin id="301" dir="0" index="1" bw="16" slack="0"/>
<pin id="302" dir="0" index="2" bw="0" slack="2147483647"/>
<pin id="303" dir="1" index="3" bw="16" slack="2147483647"/>
</pin_list>
<bind>
<opcode="store(28) " fcode="store"/>
<opset="store_ln157/2 "/>
</bind>
</comp>

<comp id="306" class="1004" name="store_ln157_access_fu_306">
<pin_list>
<pin id="307" dir="0" index="0" bw="6" slack="0"/>
<pin id="308" dir="0" index="1" bw="16" slack="0"/>
<pin id="309" dir="0" index="2" bw="0" slack="2147483647"/>
<pin id="310" dir="1" index="3" bw="16" slack="2147483647"/>
</pin_list>
<bind>
<opcode="store(28) " fcode="store"/>
<opset="store_ln157/2 "/>
</bind>
</comp>

<comp id="313" class="1004" name="store_ln157_access_fu_313">
<pin_list>
<pin id="314" dir="0" index="0" bw="6" slack="0"/>
<pin id="315" dir="0" index="1" bw="16" slack="0"/>
<pin id="316" dir="0" index="2" bw="0" slack="2147483647"/>
<pin id="317" dir="1" index="3" bw="16" slack="2147483647"/>
</pin_list>
<bind>
<opcode="store(28) " fcode="store"/>
<opset="store_ln157/2 "/>
</bind>
</comp>

<comp id="320" class="1004" name="store_ln0_store_fu_320">
<pin_list>
<pin id="321" dir="0" index="0" bw="1" slack="0"/>
<pin id="322" dir="0" index="1" bw="9" slack="0"/>
<pin id="323" dir="1" index="2" bw="0" slack="2147483647"/>
</pin_list>
<bind>
<opcode="store(28) " fcode="store"/>
<opset="store_ln0/1 "/>
</bind>
</comp>

<comp id="325" class="1004" name="store_ln154_store_fu_325">
<pin_list>
<pin id="326" dir="0" index="0" bw="1" slack="0"/>
<pin id="327" dir="0" index="1" bw="6" slack="0"/>
<pin id="328" dir="1" index="2" bw="0" slack="2147483647"/>
</pin_list>
<bind>
<opcode="store(28) " fcode="store"/>
<opset="store_ln154/1 "/>
</bind>
</comp>

<comp id="330" class="1004" name="store_ln155_store_fu_330">
<pin_list>
<pin id="331" dir="0" index="0" bw="1" slack="0"/>
<pin id="332" dir="0" index="1" bw="6" slack="0"/>
<pin id="333" dir="1" index="2" bw="0" slack="2147483647"/>
</pin_list>
<bind>
<opcode="store(28) " fcode="store"/>
<opset="store_ln155/1 "/>
</bind>
</comp>

<comp id="335" class="1004" name="indvar_flatten_load_load_fu_335">
<pin_list>
<pin id="336" dir="0" index="0" bw="9" slack="0"/>
<pin id="337" dir="1" index="1" bw="9" slack="0"/>
</pin_list>
<bind>
<opcode="load(27) " fcode="load"/>
<opset="indvar_flatten_load/1 "/>
</bind>
</comp>

<comp id="338" class="1004" name="icmp_ln154_fu_338">
<pin_list>
<pin id="339" dir="0" index="0" bw="9" slack="0"/>
<pin id="340" dir="0" index="1" bw="9" slack="0"/>
<pin id="341" dir="1" index="2" bw="1" slack="2147483647"/>
</pin_list>
<bind>
<opcode="icmp(45) " fcode="icmp"/>
<opset="icmp_ln154/1 "/>
</bind>
</comp>

<comp id="344" class="1004" name="add_ln154_1_fu_344">
<pin_list>
<pin id="345" dir="0" index="0" bw="9" slack="0"/>
<pin id="346" dir="0" index="1" bw="1" slack="0"/>
<pin id="347" dir="1" index="2" bw="9" slack="0"/>
</pin_list>
<bind>
<opcode="add(8) " fcode="add"/>
<opset="add_ln154_1/1 "/>
</bind>
</comp>

<comp id="350" class="1004" name="j_load_load_fu_350">
<pin_list>
<pin id="351" dir="0" index="0" bw="6" slack="0"/>
<pin id="352" dir="1" index="1" bw="6" slack="0"/>
</pin_list>
<bind>
<opcode="load(27) " fcode="load"/>
<opset="j_load/1 "/>
</bind>
</comp>

<comp id="353" class="1004" name="i_load_load_fu_353">
<pin_list>
<pin id="354" dir="0" index="0" bw="6" slack="0"/>
<pin id="355" dir="1" index="1" bw="6" slack="0"/>
</pin_list>
<bind>
<opcode="load(27) " fcode="load"/>
<opset="i_load/1 "/>
</bind>
</comp>

<comp id="356" class="1004" name="add_ln154_fu_356">
<pin_list>
<pin id="357" dir="0" index="0" bw="6" slack="0"/>
<pin id="358" dir="0" index="1" bw="1" slack="0"/>
<pin id="359" dir="1" index="2" bw="6" slack="0"/>
</pin_list>
<bind>
<opcode="add(8) " fcode="add"/>
<opset="add_ln154/1 "/>
</bind>
</comp>

<comp id="362" class="1004" name="tmp_fu_362">
<pin_list>
<pin id="363" dir="0" index="0" bw="1" slack="0"/>
<pin id="364" dir="0" index="1" bw="6" slack="0"/>
<pin id="365" dir="0" index="2" bw="4" slack="0"/>
<pin id="366" dir="1" index="3" bw="1" slack="0"/>
</pin_list>
<bind>
<opcode="bitselect(1000) " fcode="bitselect"/>
<opset="tmp/1 "/>
</bind>
</comp>

<comp id="370" class="1004" name="select_ln154_fu_370">
<pin_list>
<pin id="371" dir="0" index="0" bw="1" slack="0"/>
<pin id="372" dir="0" index="1" bw="1" slack="0"/>
<pin id="373" dir="0" index="2" bw="6" slack="0"/>
<pin id="374" dir="1" index="3" bw="6" slack="0"/>
</pin_list>
<bind>
<opcode="select(49) " fcode="select"/>
<opset="select_ln154/1 "/>
</bind>
</comp>

<comp id="378" class="1004" name="select_ln154_1_fu_378">
<pin_list>
<pin id="379" dir="0" index="0" bw="1" slack="0"/>
<pin id="380" dir="0" index="1" bw="6" slack="0"/>
<pin id="381" dir="0" index="2" bw="6" slack="0"/>
<pin id="382" dir="1" index="3" bw="6" slack="0"/>
</pin_list>
<bind>
<opcode="select(49) " fcode="select"/>
<opset="select_ln154_1/1 "/>
</bind>
</comp>

<comp id="386" class="1004" name="trunc_ln154_fu_386">
<pin_list>
<pin id="387" dir="0" index="0" bw="6" slack="0"/>
<pin id="388" dir="1" index="1" bw="2" slack="1"/>
</pin_list>
<bind>
<opcode="trunc(33) " fcode="trunc"/>
<opset="trunc_ln154/1 "/>
</bind>
</comp>

<comp id="390" class="1004" name="lshr_ln_fu_390">
<pin_list>
<pin id="391" dir="0" index="0" bw="3" slack="0"/>
<pin id="392" dir="0" index="1" bw="6" slack="0"/>
<pin id="393" dir="0" index="2" bw="3" slack="0"/>
<pin id="394" dir="0" index="3" bw="4" slack="0"/>
<pin id="395" dir="1" index="4" bw="3" slack="1"/>
</pin_list>
<bind>
<opcode="partselect(1002) " fcode="partselect"/>
<opset="lshr_ln/1 "/>
</bind>
</comp>

<comp id="400" class="1004" name="tmp_s_fu_400">
<pin_list>
<pin id="401" dir="0" index="0" bw="3" slack="0"/>
<pin id="402" dir="0" index="1" bw="6" slack="0"/>
<pin id="403" dir="0" index="2" bw="3" slack="0"/>
<pin id="404" dir="0" index="3" bw="4" slack="0"/>
<pin id="405" dir="1" index="4" bw="3" slack="1"/>
</pin_list>
<bind>
<opcode="partselect(1002) " fcode="partselect"/>
<opset="tmp_s/1 "/>
</bind>
</comp>

<comp id="410" class="1004" name="add_ln155_fu_410">
<pin_list>
<pin id="411" dir="0" index="0" bw="6" slack="0"/>
<pin id="412" dir="0" index="1" bw="4" slack="0"/>
<pin id="413" dir="1" index="2" bw="6" slack="0"/>
</pin_list>
<bind>
<opcode="add(8) " fcode="add"/>
<opset="add_ln155/1 "/>
</bind>
</comp>

<comp id="416" class="1004" name="store_ln154_store_fu_416">
<pin_list>
<pin id="417" dir="0" index="0" bw="9" slack="0"/>
<pin id="418" dir="0" index="1" bw="9" slack="0"/>
<pin id="419" dir="1" index="2" bw="0" slack="2147483647"/>
</pin_list>
<bind>
<opcode="store(28) " fcode="store"/>
<opset="store_ln154/1 "/>
</bind>
</comp>

<comp id="421" class="1004" name="store_ln154_store_fu_421">
<pin_list>
<pin id="422" dir="0" index="0" bw="6" slack="0"/>
<pin id="423" dir="0" index="1" bw="6" slack="0"/>
<pin id="424" dir="1" index="2" bw="0" slack="2147483647"/>
</pin_list>
<bind>
<opcode="store(28) " fcode="store"/>
<opset="store_ln154/1 "/>
</bind>
</comp>

<comp id="426" class="1004" name="store_ln155_store_fu_426">
<pin_list>
<pin id="427" dir="0" index="0" bw="6" slack="0"/>
<pin id="428" dir="0" index="1" bw="6" slack="0"/>
<pin id="429" dir="1" index="2" bw="0" slack="2147483647"/>
</pin_list>
<bind>
<opcode="store(28) " fcode="store"/>
<opset="store_ln155/1 "/>
</bind>
</comp>

<comp id="431" class="1004" name="tmp_5_fu_431">
<pin_list>
<pin id="432" dir="0" index="0" bw="6" slack="0"/>
<pin id="433" dir="0" index="1" bw="3" slack="1"/>
<pin id="434" dir="0" index="2" bw="3" slack="1"/>
<pin id="435" dir="1" index="3" bw="6" slack="0"/>
</pin_list>
<bind>
<opcode="bitconcatenate(1004) " fcode="bitconcatenate"/>
<opset="tmp_5/2 "/>
</bind>
</comp>

<comp id="437" class="1004" name="zext_ln157_fu_437">
<pin_list>
<pin id="438" dir="0" index="0" bw="6" slack="0"/>
<pin id="439" dir="1" index="1" bw="64" slack="0"/>
</pin_list>
<bind>
<opcode="zext(34) " fcode="zext"/>
<opset="zext_ln157/2 "/>
</bind>
</comp>

<comp id="457" class="1005" name="j_reg_457">
<pin_list>
<pin id="458" dir="0" index="0" bw="6" slack="0"/>
<pin id="459" dir="1" index="1" bw="6" slack="0"/>
</pin_list>
<bind>
<opset="j "/>
</bind>
</comp>

<comp id="464" class="1005" name="i_reg_464">
<pin_list>
<pin id="465" dir="0" index="0" bw="6" slack="0"/>
<pin id="466" dir="1" index="1" bw="6" slack="0"/>
</pin_list>
<bind>
<opset="i "/>
</bind>
</comp>

<comp id="471" class="1005" name="indvar_flatten_reg_471">
<pin_list>
<pin id="472" dir="0" index="0" bw="9" slack="0"/>
<pin id="473" dir="1" index="1" bw="9" slack="0"/>
</pin_list>
<bind>
<opset="indvar_flatten "/>
</bind>
</comp>

<comp id="481" class="1005" name="trunc_ln154_reg_481">
<pin_list>
<pin id="482" dir="0" index="0" bw="2" slack="1"/>
<pin id="483" dir="1" index="1" bw="2" slack="2147483647"/>
</pin_list>
<bind>
<opset="trunc_ln154 "/>
</bind>
</comp>

<comp id="485" class="1005" name="lshr_ln_reg_485">
<pin_list>
<pin id="486" dir="0" index="0" bw="3" slack="1"/>
<pin id="487" dir="1" index="1" bw="3" slack="1"/>
</pin_list>
<bind>
<opset="lshr_ln "/>
</bind>
</comp>

<comp id="490" class="1005" name="tmp_s_reg_490">
<pin_list>
<pin id="491" dir="0" index="0" bw="3" slack="1"/>
<pin id="492" dir="1" index="1" bw="3" slack="1"/>
</pin_list>
<bind>
<opset="tmp_s "/>
</bind>
</comp>

</comp_list>

<net_list>
<net id="87"><net_src comp="32" pin="0"/><net_sink comp="84" pin=0"/></net>

<net id="91"><net_src comp="32" pin="0"/><net_sink comp="88" pin=0"/></net>

<net id="95"><net_src comp="32" pin="0"/><net_sink comp="92" pin=0"/></net>

<net id="101"><net_src comp="0" pin="0"/><net_sink comp="96" pin=0"/></net>

<net id="102"><net_src comp="80" pin="0"/><net_sink comp="96" pin=1"/></net>

<net id="108"><net_src comp="2" pin="0"/><net_sink comp="103" pin=0"/></net>

<net id="109"><net_src comp="80" pin="0"/><net_sink comp="103" pin=1"/></net>

<net id="115"><net_src comp="4" pin="0"/><net_sink comp="110" pin=0"/></net>

<net id="116"><net_src comp="80" pin="0"/><net_sink comp="110" pin=1"/></net>

<net id="122"><net_src comp="6" pin="0"/><net_sink comp="117" pin=0"/></net>

<net id="123"><net_src comp="80" pin="0"/><net_sink comp="117" pin=1"/></net>

<net id="129"><net_src comp="8" pin="0"/><net_sink comp="124" pin=0"/></net>

<net id="130"><net_src comp="80" pin="0"/><net_sink comp="124" pin=1"/></net>

<net id="136"><net_src comp="10" pin="0"/><net_sink comp="131" pin=0"/></net>

<net id="137"><net_src comp="80" pin="0"/><net_sink comp="131" pin=1"/></net>

<net id="143"><net_src comp="12" pin="0"/><net_sink comp="138" pin=0"/></net>

<net id="144"><net_src comp="80" pin="0"/><net_sink comp="138" pin=1"/></net>

<net id="150"><net_src comp="14" pin="0"/><net_sink comp="145" pin=0"/></net>

<net id="151"><net_src comp="80" pin="0"/><net_sink comp="145" pin=1"/></net>

<net id="157"><net_src comp="16" pin="0"/><net_sink comp="152" pin=0"/></net>

<net id="158"><net_src comp="80" pin="0"/><net_sink comp="152" pin=1"/></net>

<net id="164"><net_src comp="18" pin="0"/><net_sink comp="159" pin=0"/></net>

<net id="165"><net_src comp="80" pin="0"/><net_sink comp="159" pin=1"/></net>

<net id="171"><net_src comp="20" pin="0"/><net_sink comp="166" pin=0"/></net>

<net id="172"><net_src comp="80" pin="0"/><net_sink comp="166" pin=1"/></net>

<net id="178"><net_src comp="22" pin="0"/><net_sink comp="173" pin=0"/></net>

<net id="179"><net_src comp="80" pin="0"/><net_sink comp="173" pin=1"/></net>

<net id="185"><net_src comp="24" pin="0"/><net_sink comp="180" pin=0"/></net>

<net id="186"><net_src comp="80" pin="0"/><net_sink comp="180" pin=1"/></net>

<net id="192"><net_src comp="26" pin="0"/><net_sink comp="187" pin=0"/></net>

<net id="193"><net_src comp="80" pin="0"/><net_sink comp="187" pin=1"/></net>

<net id="199"><net_src comp="28" pin="0"/><net_sink comp="194" pin=0"/></net>

<net id="200"><net_src comp="80" pin="0"/><net_sink comp="194" pin=1"/></net>

<net id="206"><net_src comp="30" pin="0"/><net_sink comp="201" pin=0"/></net>

<net id="207"><net_src comp="80" pin="0"/><net_sink comp="201" pin=1"/></net>

<net id="213"><net_src comp="82" pin="0"/><net_sink comp="208" pin=1"/></net>

<net id="214"><net_src comp="152" pin="3"/><net_sink comp="208" pin=0"/></net>

<net id="220"><net_src comp="82" pin="0"/><net_sink comp="215" pin=1"/></net>

<net id="221"><net_src comp="159" pin="3"/><net_sink comp="215" pin=0"/></net>

<net id="227"><net_src comp="82" pin="0"/><net_sink comp="222" pin=1"/></net>

<net id="228"><net_src comp="166" pin="3"/><net_sink comp="222" pin=0"/></net>

<net id="234"><net_src comp="82" pin="0"/><net_sink comp="229" pin=1"/></net>

<net id="235"><net_src comp="173" pin="3"/><net_sink comp="229" pin=0"/></net>

<net id="241"><net_src comp="82" pin="0"/><net_sink comp="236" pin=1"/></net>

<net id="242"><net_src comp="124" pin="3"/><net_sink comp="236" pin=0"/></net>

<net id="248"><net_src comp="82" pin="0"/><net_sink comp="243" pin=1"/></net>

<net id="249"><net_src comp="131" pin="3"/><net_sink comp="243" pin=0"/></net>

<net id="255"><net_src comp="82" pin="0"/><net_sink comp="250" pin=1"/></net>

<net id="256"><net_src comp="138" pin="3"/><net_sink comp="250" pin=0"/></net>

<net id="262"><net_src comp="82" pin="0"/><net_sink comp="257" pin=1"/></net>

<net id="263"><net_src comp="145" pin="3"/><net_sink comp="257" pin=0"/></net>

<net id="269"><net_src comp="82" pin="0"/><net_sink comp="264" pin=1"/></net>

<net id="270"><net_src comp="96" pin="3"/><net_sink comp="264" pin=0"/></net>

<net id="276"><net_src comp="82" pin="0"/><net_sink comp="271" pin=1"/></net>

<net id="277"><net_src comp="103" pin="3"/><net_sink comp="271" pin=0"/></net>

<net id="283"><net_src comp="82" pin="0"/><net_sink comp="278" pin=1"/></net>

<net id="284"><net_src comp="110" pin="3"/><net_sink comp="278" pin=0"/></net>

<net id="290"><net_src comp="82" pin="0"/><net_sink comp="285" pin=1"/></net>

<net id="291"><net_src comp="117" pin="3"/><net_sink comp="285" pin=0"/></net>

<net id="297"><net_src comp="82" pin="0"/><net_sink comp="292" pin=1"/></net>

<net id="298"><net_src comp="180" pin="3"/><net_sink comp="292" pin=0"/></net>

<net id="304"><net_src comp="82" pin="0"/><net_sink comp="299" pin=1"/></net>

<net id="305"><net_src comp="187" pin="3"/><net_sink comp="299" pin=0"/></net>

<net id="311"><net_src comp="82" pin="0"/><net_sink comp="306" pin=1"/></net>

<net id="312"><net_src comp="194" pin="3"/><net_sink comp="306" pin=0"/></net>

<net id="318"><net_src comp="82" pin="0"/><net_sink comp="313" pin=1"/></net>

<net id="319"><net_src comp="201" pin="3"/><net_sink comp="313" pin=0"/></net>

<net id="324"><net_src comp="34" pin="0"/><net_sink comp="320" pin=0"/></net>

<net id="329"><net_src comp="36" pin="0"/><net_sink comp="325" pin=0"/></net>

<net id="334"><net_src comp="36" pin="0"/><net_sink comp="330" pin=0"/></net>

<net id="342"><net_src comp="335" pin="1"/><net_sink comp="338" pin=0"/></net>

<net id="343"><net_src comp="38" pin="0"/><net_sink comp="338" pin=1"/></net>

<net id="348"><net_src comp="335" pin="1"/><net_sink comp="344" pin=0"/></net>

<net id="349"><net_src comp="40" pin="0"/><net_sink comp="344" pin=1"/></net>

<net id="360"><net_src comp="353" pin="1"/><net_sink comp="356" pin=0"/></net>

<net id="361"><net_src comp="42" pin="0"/><net_sink comp="356" pin=1"/></net>

<net id="367"><net_src comp="44" pin="0"/><net_sink comp="362" pin=0"/></net>

<net id="368"><net_src comp="350" pin="1"/><net_sink comp="362" pin=1"/></net>

<net id="369"><net_src comp="46" pin="0"/><net_sink comp="362" pin=2"/></net>

<net id="375"><net_src comp="362" pin="3"/><net_sink comp="370" pin=0"/></net>

<net id="376"><net_src comp="36" pin="0"/><net_sink comp="370" pin=1"/></net>

<net id="377"><net_src comp="350" pin="1"/><net_sink comp="370" pin=2"/></net>

<net id="383"><net_src comp="362" pin="3"/><net_sink comp="378" pin=0"/></net>

<net id="384"><net_src comp="356" pin="2"/><net_sink comp="378" pin=1"/></net>

<net id="385"><net_src comp="353" pin="1"/><net_sink comp="378" pin=2"/></net>

<net id="389"><net_src comp="378" pin="3"/><net_sink comp="386" pin=0"/></net>

<net id="396"><net_src comp="48" pin="0"/><net_sink comp="390" pin=0"/></net>

<net id="397"><net_src comp="370" pin="3"/><net_sink comp="390" pin=1"/></net>

<net id="398"><net_src comp="50" pin="0"/><net_sink comp="390" pin=2"/></net>

<net id="399"><net_src comp="52" pin="0"/><net_sink comp="390" pin=3"/></net>

<net id="406"><net_src comp="48" pin="0"/><net_sink comp="400" pin=0"/></net>

<net id="407"><net_src comp="378" pin="3"/><net_sink comp="400" pin=1"/></net>

<net id="408"><net_src comp="50" pin="0"/><net_sink comp="400" pin=2"/></net>

<net id="409"><net_src comp="52" pin="0"/><net_sink comp="400" pin=3"/></net>

<net id="414"><net_src comp="370" pin="3"/><net_sink comp="410" pin=0"/></net>

<net id="415"><net_src comp="60" pin="0"/><net_sink comp="410" pin=1"/></net>

<net id="420"><net_src comp="344" pin="2"/><net_sink comp="416" pin=0"/></net>

<net id="425"><net_src comp="378" pin="3"/><net_sink comp="421" pin=0"/></net>

<net id="430"><net_src comp="410" pin="2"/><net_sink comp="426" pin=0"/></net>

<net id="436"><net_src comp="78" pin="0"/><net_sink comp="431" pin=0"/></net>

<net id="440"><net_src comp="431" pin="3"/><net_sink comp="437" pin=0"/></net>

<net id="441"><net_src comp="437" pin="1"/><net_sink comp="96" pin=2"/></net>

<net id="442"><net_src comp="437" pin="1"/><net_sink comp="103" pin=2"/></net>

<net id="443"><net_src comp="437" pin="1"/><net_sink comp="110" pin=2"/></net>

<net id="444"><net_src comp="437" pin="1"/><net_sink comp="117" pin=2"/></net>

<net id="445"><net_src comp="437" pin="1"/><net_sink comp="124" pin=2"/></net>

<net id="446"><net_src comp="437" pin="1"/><net_sink comp="131" pin=2"/></net>

<net id="447"><net_src comp="437" pin="1"/><net_sink comp="138" pin=2"/></net>

<net id="448"><net_src comp="437" pin="1"/><net_sink comp="145" pin=2"/></net>

<net id="449"><net_src comp="437" pin="1"/><net_sink comp="152" pin=2"/></net>

<net id="450"><net_src comp="437" pin="1"/><net_sink comp="159" pin=2"/></net>

<net id="451"><net_src comp="437" pin="1"/><net_sink comp="166" pin=2"/></net>

<net id="452"><net_src comp="437" pin="1"/><net_sink comp="173" pin=2"/></net>

<net id="453"><net_src comp="437" pin="1"/><net_sink comp="180" pin=2"/></net>

<net id="454"><net_src comp="437" pin="1"/><net_sink comp="187" pin=2"/></net>

<net id="455"><net_src comp="437" pin="1"/><net_sink comp="194" pin=2"/></net>

<net id="456"><net_src comp="437" pin="1"/><net_sink comp="201" pin=2"/></net>

<net id="460"><net_src comp="84" pin="1"/><net_sink comp="457" pin=0"/></net>

<net id="461"><net_src comp="457" pin="1"/><net_sink comp="330" pin=1"/></net>

<net id="462"><net_src comp="457" pin="1"/><net_sink comp="350" pin=0"/></net>

<net id="463"><net_src comp="457" pin="1"/><net_sink comp="426" pin=1"/></net>

<net id="467"><net_src comp="88" pin="1"/><net_sink comp="464" pin=0"/></net>

<net id="468"><net_src comp="464" pin="1"/><net_sink comp="325" pin=1"/></net>

<net id="469"><net_src comp="464" pin="1"/><net_sink comp="353" pin=0"/></net>

<net id="470"><net_src comp="464" pin="1"/><net_sink comp="421" pin=1"/></net>

<net id="474"><net_src comp="92" pin="1"/><net_sink comp="471" pin=0"/></net>

<net id="475"><net_src comp="471" pin="1"/><net_sink comp="320" pin=1"/></net>

<net id="476"><net_src comp="471" pin="1"/><net_sink comp="335" pin=0"/></net>

<net id="477"><net_src comp="471" pin="1"/><net_sink comp="416" pin=1"/></net>

<net id="484"><net_src comp="386" pin="1"/><net_sink comp="481" pin=0"/></net>

<net id="488"><net_src comp="390" pin="4"/><net_sink comp="485" pin=0"/></net>

<net id="489"><net_src comp="485" pin="1"/><net_sink comp="431" pin=2"/></net>

<net id="493"><net_src comp="400" pin="4"/><net_sink comp="490" pin=0"/></net>

<net id="494"><net_src comp="490" pin="1"/><net_sink comp="431" pin=1"/></net>

</net_list>

</model> 
---------------- Datapath Model END ------------------

* FSMD analyzer results:
  - Output states:
	Port: tempC | {2 }
	Port: tempC_1 | {2 }
	Port: tempC_2 | {2 }
	Port: tempC_3 | {2 }
	Port: tempC_4 | {2 }
	Port: tempC_5 | {2 }
	Port: tempC_6 | {2 }
	Port: tempC_7 | {2 }
	Port: tempC_8 | {2 }
	Port: tempC_9 | {2 }
	Port: tempC_10 | {2 }
	Port: tempC_11 | {2 }
	Port: tempC_12 | {2 }
	Port: tempC_13 | {2 }
	Port: tempC_14 | {2 }
	Port: tempC_15 | {2 }
 - Input state : 
  - Chain level:
	State 1
		store_ln0 : 1
		store_ln154 : 1
		store_ln155 : 1
		indvar_flatten_load : 1
		icmp_ln154 : 2
		add_ln154_1 : 2
		br_ln154 : 3
		j_load : 1
		i_load : 1
		add_ln154 : 2
		tmp : 2
		select_ln154 : 3
		select_ln154_1 : 3
		trunc_ln154 : 4
		lshr_ln : 4
		tmp_s : 4
		switch_ln157 : 5
		add_ln155 : 4
		store_ln154 : 3
		store_ln154 : 4
		store_ln155 : 5
	State 2
		zext_ln157 : 1
		tempC_addr : 2
		tempC_1_addr : 2
		tempC_2_addr : 2
		tempC_3_addr : 2
		tempC_4_addr : 2
		tempC_5_addr : 2
		tempC_6_addr : 2
		tempC_7_addr : 2
		tempC_8_addr : 2
		tempC_9_addr : 2
		tempC_10_addr : 2
		tempC_11_addr : 2
		tempC_12_addr : 2
		tempC_13_addr : 2
		tempC_14_addr : 2
		tempC_15_addr : 2
		store_ln157 : 3
		store_ln157 : 3
		store_ln157 : 3
		store_ln157 : 3
		store_ln157 : 3
		store_ln157 : 3
		store_ln157 : 3
		store_ln157 : 3
		store_ln157 : 3
		store_ln157 : 3
		store_ln157 : 3
		store_ln157 : 3
		store_ln157 : 3
		store_ln157 : 3
		store_ln157 : 3
		store_ln157 : 3


============================================================
+ Verbose Summary: Datapath Resource usage 
============================================================

* Functional unit list:
|----------|-----------------------|---------|---------|
| Operation|    Functional Unit    |    FF   |   LUT   |
|----------|-----------------------|---------|---------|
|          |   add_ln154_1_fu_344  |    0    |    16   |
|    add   |    add_ln154_fu_356   |    0    |    13   |
|          |    add_ln155_fu_410   |    0    |    13   |
|----------|-----------------------|---------|---------|
|   icmp   |   icmp_ln154_fu_338   |    0    |    16   |
|----------|-----------------------|---------|---------|
|  select  |  select_ln154_fu_370  |    0    |    6    |
|          | select_ln154_1_fu_378 |    0    |    6    |
|----------|-----------------------|---------|---------|
| bitselect|       tmp_fu_362      |    0    |    0    |
|----------|-----------------------|---------|---------|
|   trunc  |   trunc_ln154_fu_386  |    0    |    0    |
|----------|-----------------------|---------|---------|
|partselect|     lshr_ln_fu_390    |    0    |    0    |
|          |      tmp_s_fu_400     |    0    |    0    |
|----------|-----------------------|---------|---------|
|bitconcatenate|      tmp_5_fu_431     |    0    |    0    |
|----------|-----------------------|---------|---------|
|   zext   |   zext_ln157_fu_437   |    0    |    0    |
|----------|-----------------------|---------|---------|
|   Total  |                       |    0    |    70   |
|----------|-----------------------|---------|---------|

Memories:
N/A

* Register list:
+----------------------+--------+
|                      |   FF   |
+----------------------+--------+
|       i_reg_464      |    6   |
|indvar_flatten_reg_471|    9   |
|       j_reg_457      |    6   |
|    lshr_ln_reg_485   |    3   |
|     tmp_s_reg_490    |    3   |
|  trunc_ln154_reg_481 |    2   |
+----------------------+--------+
|         Total        |   29   |
+----------------------+--------+

* Multiplexer (MUX) list: 
|--------|------|------|------|--------|
|  Comp  |  Pin | Size |  BW  | S x BW |
|--------|------|------|------|--------|
|  Total |      |      |      |    0   |
|--------|------|------|------|--------|



* Summary:
+-----------+--------+--------+
|           |   FF   |   LUT  |
+-----------+--------+--------+
|  Function |    0   |   70   |
|   Memory  |    -   |    -   |
|Multiplexer|    -   |    -   |
|  Register |   29   |    -   |
+-----------+--------+--------+
|   Total   |   29   |   70   |
+-----------+--------+--------+
