

================================================================
== Vitis HLS Report for 'compute_wrapper_Pipeline_VITIS_LOOP_169_4_VITIS_LOOP_170_5'
================================================================
* Date:           Sun Apr 12 17:22:35 2026

* Version:        2023.2 (Build 4023990 on Oct 11 2023)
* Project:        hls_prj
* Solution:       s1 (Vivado IP Flow Target)
* Product family: zynquplus
* Target device:  xck26-sfvc784-2LV-c


================================================================
== Performance Estimates
================================================================
+ Timing: 
    * Summary: 
    +--------+---------+----------+------------+
    |  Clock |  Target | Estimated| Uncertainty|
    +--------+---------+----------+------------+
    |ap_clk  |  3.30 ns|  2.829 ns|     0.89 ns|
    +--------+---------+----------+------------+

+ Latency: 
    * Summary: 
    +---------+---------+----------+----------+-----+-----+---------+
    |  Latency (cycles) |  Latency (absolute) |  Interval | Pipeline|
    |   min   |   max   |    min   |    max   | min | max |   Type  |
    +---------+---------+----------+----------+-----+-----+---------+
    |      259|      259|  0.855 us|  0.855 us|  259|  259|       no|
    +---------+---------+----------+----------+-----+-----+---------+

    + Detail: 
        * Instance: 
        N/A

        * Loop: 
        +-------------------------------------+---------+---------+----------+-----------+-----------+------+----------+
        |                                     |  Latency (cycles) | Iteration|  Initiation Interval  | Trip |          |
        |              Loop Name              |   min   |   max   |  Latency |  achieved |   target  | Count| Pipelined|
        +-------------------------------------+---------+---------+----------+-----------+-----------+------+----------+
        |- VITIS_LOOP_169_4_VITIS_LOOP_170_5  |      257|      257|         3|          1|          1|   256|       yes|
        +-------------------------------------+---------+---------+----------+-----------+-----------+------+----------+

============================================================
+ Verbose Summary: Synthesis Manager
============================================================
InlineROM: 1
ExposeGlobal: 0
============================================================
+ Verbose Summary: CDFG Model
============================================================
IsTopModel: 0
ResetActiveHigh: 1
IsCombinational: 0
IsDatapathOnly: 0
HasWiredReturn: 1
HasMFsm: 2
HasVarLatency: 1
IsPipeline: 0
IsRtlPipelined: 0
IsInstanceOverlapped: 0
IsDontTouch: 0
HasImplIP: 0
IsGatedGlobalClock: 0

+ Individual pipeline summary: 
  * Pipeline-0: initiation interval (II) = 1, depth = 3


============================================================
+ Verbose Summary: Schedule
============================================================
* Number of FSM states : 3
* Pipeline : 1
  Pipeline-0 : II = 1, D = 3, States = { 1 2 3 }
* Dataflow Pipeline: 0

* FSM state transitions: 
1 --> 2 
2 --> 3 
3 --> 

* FSM state operations: 

State 1 <SV = 0> <Delay = 2.82>
ST_1 : Operation 6 [1/1] (0.00ns)   --->   "%j = alloca i32 1" [mmult.cpp:170]   --->   Operation 6 'alloca' 'j' <Predicate = true> <Delay = 0.00>
ST_1 : Operation 7 [1/1] (0.00ns)   --->   "%i = alloca i32 1" [mmult.cpp:169]   --->   Operation 7 'alloca' 'i' <Predicate = true> <Delay = 0.00>
ST_1 : Operation 8 [1/1] (0.00ns)   --->   "%indvar_flatten6 = alloca i32 1"   --->   Operation 8 'alloca' 'indvar_flatten6' <Predicate = true> <Delay = 0.00>
ST_1 : Operation 9 [1/1] (0.00ns)   --->   "%specmemcore_ln0 = specmemcore void @_ssdm_op_SpecMemCore, i16 %localC_3_3, i64 666, i64 27, i64 18446744073709551615"   --->   Operation 9 'specmemcore' 'specmemcore_ln0' <Predicate = true> <Delay = 0.00>
ST_1 : Operation 10 [1/1] (0.00ns)   --->   "%specmemcore_ln0 = specmemcore void @_ssdm_op_SpecMemCore, i16 %localC_3_2, i64 666, i64 27, i64 18446744073709551615"   --->   Operation 10 'specmemcore' 'specmemcore_ln0' <Predicate = true> <Delay = 0.00>
ST_1 : Operation 11 [1/1] (0.00ns)   --->   "%specmemcore_ln0 = specmemcore void @_ssdm_op_SpecMemCore, i16 %localC_3_1, i64 666, i64 27, i64 18446744073709551615"   --->   Operation 11 'specmemcore' 'specmemcore_ln0' <Predicate = true> <Delay = 0.00>
ST_1 : Operation 12 [1/1] (0.00ns)   --->   "%specmemcore_ln0 = specmemcore void @_ssdm_op_SpecMemCore, i16 %localC_3_0, i64 666, i64 27, i64 18446744073709551615"   --->   Operation 12 'specmemcore' 'specmemcore_ln0' <Predicate = true> <Delay = 0.00>
ST_1 : Operation 13 [1/1] (0.00ns)   --->   "%specmemcore_ln0 = specmemcore void @_ssdm_op_SpecMemCore, i16 %localC_2_3, i64 666, i64 27, i64 18446744073709551615"   --->   Operation 13 'specmemcore' 'specmemcore_ln0' <Predicate = true> <Delay = 0.00>
ST_1 : Operation 14 [1/1] (0.00ns)   --->   "%specmemcore_ln0 = specmemcore void @_ssdm_op_SpecMemCore, i16 %localC_2_2, i64 666, i64 27, i64 18446744073709551615"   --->   Operation 14 'specmemcore' 'specmemcore_ln0' <Predicate = true> <Delay = 0.00>
ST_1 : Operation 15 [1/1] (0.00ns)   --->   "%specmemcore_ln0 = specmemcore void @_ssdm_op_SpecMemCore, i16 %localC_2_1, i64 666, i64 27, i64 18446744073709551615"   --->   Operation 15 'specmemcore' 'specmemcore_ln0' <Predicate = true> <Delay = 0.00>
ST_1 : Operation 16 [1/1] (0.00ns)   --->   "%specmemcore_ln0 = specmemcore void @_ssdm_op_SpecMemCore, i16 %localC_2_0, i64 666, i64 27, i64 18446744073709551615"   --->   Operation 16 'specmemcore' 'specmemcore_ln0' <Predicate = true> <Delay = 0.00>
ST_1 : Operation 17 [1/1] (0.00ns)   --->   "%specmemcore_ln0 = specmemcore void @_ssdm_op_SpecMemCore, i16 %localC_1_3, i64 666, i64 27, i64 18446744073709551615"   --->   Operation 17 'specmemcore' 'specmemcore_ln0' <Predicate = true> <Delay = 0.00>
ST_1 : Operation 18 [1/1] (0.00ns)   --->   "%specmemcore_ln0 = specmemcore void @_ssdm_op_SpecMemCore, i16 %localC_1_2, i64 666, i64 27, i64 18446744073709551615"   --->   Operation 18 'specmemcore' 'specmemcore_ln0' <Predicate = true> <Delay = 0.00>
ST_1 : Operation 19 [1/1] (0.00ns)   --->   "%specmemcore_ln0 = specmemcore void @_ssdm_op_SpecMemCore, i16 %localC_1_1, i64 666, i64 27, i64 18446744073709551615"   --->   Operation 19 'specmemcore' 'specmemcore_ln0' <Predicate = true> <Delay = 0.00>
ST_1 : Operation 20 [1/1] (0.00ns)   --->   "%specmemcore_ln0 = specmemcore void @_ssdm_op_SpecMemCore, i16 %localC_1_0, i64 666, i64 27, i64 18446744073709551615"   --->   Operation 20 'specmemcore' 'specmemcore_ln0' <Predicate = true> <Delay = 0.00>
ST_1 : Operation 21 [1/1] (0.00ns)   --->   "%specmemcore_ln0 = specmemcore void @_ssdm_op_SpecMemCore, i16 %localC_0_3, i64 666, i64 27, i64 18446744073709551615"   --->   Operation 21 'specmemcore' 'specmemcore_ln0' <Predicate = true> <Delay = 0.00>
ST_1 : Operation 22 [1/1] (0.00ns)   --->   "%specmemcore_ln0 = specmemcore void @_ssdm_op_SpecMemCore, i16 %localC_0_2, i64 666, i64 27, i64 18446744073709551615"   --->   Operation 22 'specmemcore' 'specmemcore_ln0' <Predicate = true> <Delay = 0.00>
ST_1 : Operation 23 [1/1] (0.00ns)   --->   "%specmemcore_ln0 = specmemcore void @_ssdm_op_SpecMemCore, i16 %localC_0_1, i64 666, i64 27, i64 18446744073709551615"   --->   Operation 23 'specmemcore' 'specmemcore_ln0' <Predicate = true> <Delay = 0.00>
ST_1 : Operation 24 [1/1] (0.00ns)   --->   "%specmemcore_ln0 = specmemcore void @_ssdm_op_SpecMemCore, i16 %localC_0_0, i64 666, i64 27, i64 18446744073709551615"   --->   Operation 24 'specmemcore' 'specmemcore_ln0' <Predicate = true> <Delay = 0.00>
ST_1 : Operation 25 [1/1] (0.42ns)   --->   "%store_ln0 = store i9 0, i9 %indvar_flatten6"   --->   Operation 25 'store' 'store_ln0' <Predicate = true> <Delay = 0.42>
ST_1 : Operation 26 [1/1] (0.42ns)   --->   "%store_ln169 = store i6 0, i6 %i" [mmult.cpp:169]   --->   Operation 26 'store' 'store_ln169' <Predicate = true> <Delay = 0.42>
ST_1 : Operation 27 [1/1] (0.42ns)   --->   "%store_ln170 = store i6 0, i6 %j" [mmult.cpp:170]   --->   Operation 27 'store' 'store_ln170' <Predicate = true> <Delay = 0.42>
ST_1 : Operation 28 [1/1] (0.00ns)   --->   "%br_ln0 = br void %for.inc36"   --->   Operation 28 'br' 'br_ln0' <Predicate = true> <Delay = 0.00>
ST_1 : Operation 29 [1/1] (0.00ns)   --->   "%indvar_flatten6_load = load i9 %indvar_flatten6" [mmult.cpp:169]   --->   Operation 29 'load' 'indvar_flatten6_load' <Predicate = true> <Delay = 0.00>
ST_1 : Operation 30 [1/1] (0.77ns)   --->   "%icmp_ln169 = icmp_eq  i9 %indvar_flatten6_load, i9 256" [mmult.cpp:169]   --->   Operation 30 'icmp' 'icmp_ln169' <Predicate = true> <Delay = 0.77> <CoreInst = "Cmp">   --->   Core 9 'Cmp' <Latency = 0> <II = 1> <Delay = 0.77> <FuncUnit> <Opcode : 'icmp'> <InPorts = 2> <OutPorts = 1>
ST_1 : Operation 31 [1/1] (0.77ns)   --->   "%add_ln169_1 = add i9 %indvar_flatten6_load, i9 1" [mmult.cpp:169]   --->   Operation 31 'add' 'add_ln169_1' <Predicate = true> <Delay = 0.77> <CoreInst = "Adder">   --->   Core 1 'Adder' <Latency = 0> <II = 1> <Delay = 0.77> <FuncUnit> <Opcode : 'add' 'sub'> <InPorts = 2> <OutPorts = 1>
ST_1 : Operation 32 [1/1] (0.00ns)   --->   "%br_ln169 = br i1 %icmp_ln169, void %for.inc39, void %for.end41.exitStub" [mmult.cpp:169]   --->   Operation 32 'br' 'br_ln169' <Predicate = true> <Delay = 0.00>
ST_1 : Operation 33 [1/1] (0.00ns)   --->   "%j_load = load i6 %j" [mmult.cpp:169]   --->   Operation 33 'load' 'j_load' <Predicate = (!icmp_ln169)> <Delay = 0.00>
ST_1 : Operation 34 [1/1] (0.00ns)   --->   "%i_load = load i6 %i" [mmult.cpp:169]   --->   Operation 34 'load' 'i_load' <Predicate = (!icmp_ln169)> <Delay = 0.00>
ST_1 : Operation 35 [1/1] (0.78ns)   --->   "%add_ln169 = add i6 %i_load, i6 1" [mmult.cpp:169]   --->   Operation 35 'add' 'add_ln169' <Predicate = (!icmp_ln169)> <Delay = 0.78> <CoreInst = "Adder">   --->   Core 1 'Adder' <Latency = 0> <II = 1> <Delay = 0.78> <FuncUnit> <Opcode : 'add' 'sub'> <InPorts = 2> <OutPorts = 1>
ST_1 : Operation 36 [1/1] (0.00ns)   --->   "%tmp_8 = bitselect i1 @_ssdm_op_BitSelect.i1.i6.i32, i6 %j_load, i32 5" [mmult.cpp:170]   --->   Operation 36 'bitselect' 'tmp_8' <Predicate = (!icmp_ln169)> <Delay = 0.00>
ST_1 : Operation 37 [1/1] (0.38ns)   --->   "%select_ln169 = select i1 %tmp_8, i6 0, i6 %j_load" [mmult.cpp:169]   --->   Operation 37 'select' 'select_ln169' <Predicate = (!icmp_ln169)> <Delay = 0.38> <CoreInst = "Sel">   --->   Core 73 'Sel' <Latency = 0> <II = 1> <Delay = 0.38> <FuncUnit> <Opcode : 'select'> <InPorts = 3> <OutPorts = 1>
ST_1 : Operation 38 [1/1] (0.38ns)   --->   "%select_ln169_1 = select i1 %tmp_8, i6 %add_ln169, i6 %i_load" [mmult.cpp:169]   --->   Operation 38 'select' 'select_ln169_1' <Predicate = (!icmp_ln169)> <Delay = 0.38> <CoreInst = "Sel">   --->   Core 73 'Sel' <Latency = 0> <II = 1> <Delay = 0.38> <FuncUnit> <Opcode : 'select'> <InPorts = 3> <OutPorts = 1>
ST_1 : Operation 39 [1/1] (0.00ns)   --->   "%trunc_ln169 = trunc i6 %select_ln169_1" [mmult.cpp:169]   --->   Operation 39 'trunc' 'trunc_ln169' <Predicate = (!icmp_ln169)> <Delay = 0.00>
ST_1 : Operation 40 [1/1] (0.00ns)   --->   "%lshr_ln2 = partselect i3 @_ssdm_op_PartSelect.i3.i6.i32.i32, i6 %select_ln169, i32 2, i32 4" [mmult.cpp:170]   --->   Operation 40 'partselect' 'lshr_ln2' <Predicate = (!icmp_ln169)> <Delay = 0.00>
ST_1 : Operation 41 [1/1] (0.00ns)   --->   "%tmp_s = partselect i3 @_ssdm_op_PartSelect.i3.i6.i32.i32, i6 %select_ln169_1, i32 2, i32 4" [mmult.cpp:172]   --->   Operation 41 'partselect' 'tmp_s' <Predicate = (!icmp_ln169)> <Delay = 0.00>
ST_1 : Operation 42 [1/1] (0.00ns)   --->   "%tmp_4 = bitconcatenate i6 @_ssdm_op_BitConcatenate.i6.i3.i3, i3 %tmp_s, i3 %lshr_ln2" [mmult.cpp:172]   --->   Operation 42 'bitconcatenate' 'tmp_4' <Predicate = (!icmp_ln169)> <Delay = 0.00>
ST_1 : Operation 43 [1/1] (0.00ns)   --->   "%zext_ln172 = zext i6 %tmp_4" [mmult.cpp:172]   --->   Operation 43 'zext' 'zext_ln172' <Predicate = (!icmp_ln169)> <Delay = 0.00>
ST_1 : Operation 44 [1/1] (0.00ns)   --->   "%tempC_addr = getelementptr i16 %tempC, i64 0, i64 %zext_ln172" [mmult.cpp:172]   --->   Operation 44 'getelementptr' 'tempC_addr' <Predicate = (!icmp_ln169)> <Delay = 0.00>
ST_1 : Operation 45 [1/1] (0.00ns)   --->   "%tempC_1_addr = getelementptr i16 %tempC_1, i64 0, i64 %zext_ln172" [mmult.cpp:172]   --->   Operation 45 'getelementptr' 'tempC_1_addr' <Predicate = (!icmp_ln169)> <Delay = 0.00>
ST_1 : Operation 46 [1/1] (0.00ns)   --->   "%tempC_2_addr = getelementptr i16 %tempC_2, i64 0, i64 %zext_ln172" [mmult.cpp:172]   --->   Operation 46 'getelementptr' 'tempC_2_addr' <Predicate = (!icmp_ln169)> <Delay = 0.00>
ST_1 : Operation 47 [1/1] (0.00ns)   --->   "%tempC_3_addr = getelementptr i16 %tempC_3, i64 0, i64 %zext_ln172" [mmult.cpp:172]   --->   Operation 47 'getelementptr' 'tempC_3_addr' <Predicate = (!icmp_ln169)> <Delay = 0.00>
ST_1 : Operation 48 [1/1] (0.00ns)   --->   "%tempC_4_addr = getelementptr i16 %tempC_4, i64 0, i64 %zext_ln172" [mmult.cpp:172]   --->   Operation 48 'getelementptr' 'tempC_4_addr' <Predicate = (!icmp_ln169)> <Delay = 0.00>
ST_1 : Operation 49 [1/1] (0.00ns)   --->   "%tempC_5_addr = getelementptr i16 %tempC_5, i64 0, i64 %zext_ln172" [mmult.cpp:172]   --->   Operation 49 'getelementptr' 'tempC_5_addr' <Predicate = (!icmp_ln169)> <Delay = 0.00>
ST_1 : Operation 50 [1/1] (0.00ns)   --->   "%tempC_6_addr = getelementptr i16 %tempC_6, i64 0, i64 %zext_ln172" [mmult.cpp:172]   --->   Operation 50 'getelementptr' 'tempC_6_addr' <Predicate = (!icmp_ln169)> <Delay = 0.00>
ST_1 : Operation 51 [1/1] (0.00ns)   --->   "%tempC_7_addr = getelementptr i16 %tempC_7, i64 0, i64 %zext_ln172" [mmult.cpp:172]   --->   Operation 51 'getelementptr' 'tempC_7_addr' <Predicate = (!icmp_ln169)> <Delay = 0.00>
ST_1 : Operation 52 [1/1] (0.00ns)   --->   "%tempC_8_addr = getelementptr i16 %tempC_8, i64 0, i64 %zext_ln172" [mmult.cpp:172]   --->   Operation 52 'getelementptr' 'tempC_8_addr' <Predicate = (!icmp_ln169)> <Delay = 0.00>
ST_1 : Operation 53 [1/1] (0.00ns)   --->   "%tempC_9_addr = getelementptr i16 %tempC_9, i64 0, i64 %zext_ln172" [mmult.cpp:172]   --->   Operation 53 'getelementptr' 'tempC_9_addr' <Predicate = (!icmp_ln169)> <Delay = 0.00>
ST_1 : Operation 54 [1/1] (0.00ns)   --->   "%tempC_10_addr = getelementptr i16 %tempC_10, i64 0, i64 %zext_ln172" [mmult.cpp:172]   --->   Operation 54 'getelementptr' 'tempC_10_addr' <Predicate = (!icmp_ln169)> <Delay = 0.00>
ST_1 : Operation 55 [1/1] (0.00ns)   --->   "%tempC_11_addr = getelementptr i16 %tempC_11, i64 0, i64 %zext_ln172" [mmult.cpp:172]   --->   Operation 55 'getelementptr' 'tempC_11_addr' <Predicate = (!icmp_ln169)> <Delay = 0.00>
ST_1 : Operation 56 [1/1] (0.00ns)   --->   "%tempC_12_addr = getelementptr i16 %tempC_12, i64 0, i64 %zext_ln172" [mmult.cpp:172]   --->   Operation 56 'getelementptr' 'tempC_12_addr' <Predicate = (!icmp_ln169)> <Delay = 0.00>
ST_1 : Operation 57 [1/1] (0.00ns)   --->   "%tempC_13_addr = getelementptr i16 %tempC_13, i64 0, i64 %zext_ln172" [mmult.cpp:172]   --->   Operation 57 'getelementptr' 'tempC_13_addr' <Predicate = (!icmp_ln169)> <Delay = 0.00>
ST_1 : Operation 58 [1/1] (0.00ns)   --->   "%tempC_14_addr = getelementptr i16 %tempC_14, i64 0, i64 %zext_ln172" [mmult.cpp:172]   --->   Operation 58 'getelementptr' 'tempC_14_addr' <Predicate = (!icmp_ln169)> <Delay = 0.00>
ST_1 : Operation 59 [1/1] (0.00ns)   --->   "%tempC_15_addr = getelementptr i16 %tempC_15, i64 0, i64 %zext_ln172" [mmult.cpp:172]   --->   Operation 59 'getelementptr' 'tempC_15_addr' <Predicate = (!icmp_ln169)> <Delay = 0.00>
ST_1 : Operation 60 [2/2] (1.23ns)   --->   "%tempC_load = load i6 %tempC_addr" [mmult.cpp:172]   --->   Operation 60 'load' 'tempC_load' <Predicate = (!icmp_ln169)> <Delay = 1.23> <CoreInst = "RAM">   --->   Core 83 'RAM' <Latency = 1> <II = 1> <Delay = 1.23> <Storage> <Opcode : 'load' 'store'> <Ports = 2> <Width = 16> <Depth = 64> <RAM>
ST_1 : Operation 61 [2/2] (1.23ns)   --->   "%tempC_4_load = load i6 %tempC_4_addr" [mmult.cpp:172]   --->   Operation 61 'load' 'tempC_4_load' <Predicate = (!icmp_ln169)> <Delay = 1.23> <CoreInst = "RAM">   --->   Core 83 'RAM' <Latency = 1> <II = 1> <Delay = 1.23> <Storage> <Opcode : 'load' 'store'> <Ports = 2> <Width = 16> <Depth = 64> <RAM>
ST_1 : Operation 62 [2/2] (1.23ns)   --->   "%tempC_8_load = load i6 %tempC_8_addr" [mmult.cpp:172]   --->   Operation 62 'load' 'tempC_8_load' <Predicate = (!icmp_ln169)> <Delay = 1.23> <CoreInst = "RAM">   --->   Core 83 'RAM' <Latency = 1> <II = 1> <Delay = 1.23> <Storage> <Opcode : 'load' 'store'> <Ports = 2> <Width = 16> <Depth = 64> <RAM>
ST_1 : Operation 63 [2/2] (1.23ns)   --->   "%tempC_12_load = load i6 %tempC_12_addr" [mmult.cpp:172]   --->   Operation 63 'load' 'tempC_12_load' <Predicate = (!icmp_ln169)> <Delay = 1.23> <CoreInst = "RAM">   --->   Core 83 'RAM' <Latency = 1> <II = 1> <Delay = 1.23> <Storage> <Opcode : 'load' 'store'> <Ports = 2> <Width = 16> <Depth = 64> <RAM>
ST_1 : Operation 64 [2/2] (1.23ns)   --->   "%tempC_1_load = load i6 %tempC_1_addr" [mmult.cpp:172]   --->   Operation 64 'load' 'tempC_1_load' <Predicate = (!icmp_ln169)> <Delay = 1.23> <CoreInst = "RAM">   --->   Core 83 'RAM' <Latency = 1> <II = 1> <Delay = 1.23> <Storage> <Opcode : 'load' 'store'> <Ports = 2> <Width = 16> <Depth = 64> <RAM>
ST_1 : Operation 65 [2/2] (1.23ns)   --->   "%tempC_5_load = load i6 %tempC_5_addr" [mmult.cpp:172]   --->   Operation 65 'load' 'tempC_5_load' <Predicate = (!icmp_ln169)> <Delay = 1.23> <CoreInst = "RAM">   --->   Core 83 'RAM' <Latency = 1> <II = 1> <Delay = 1.23> <Storage> <Opcode : 'load' 'store'> <Ports = 2> <Width = 16> <Depth = 64> <RAM>
ST_1 : Operation 66 [2/2] (1.23ns)   --->   "%tempC_9_load = load i6 %tempC_9_addr" [mmult.cpp:172]   --->   Operation 66 'load' 'tempC_9_load' <Predicate = (!icmp_ln169)> <Delay = 1.23> <CoreInst = "RAM">   --->   Core 83 'RAM' <Latency = 1> <II = 1> <Delay = 1.23> <Storage> <Opcode : 'load' 'store'> <Ports = 2> <Width = 16> <Depth = 64> <RAM>
ST_1 : Operation 67 [2/2] (1.23ns)   --->   "%tempC_13_load = load i6 %tempC_13_addr" [mmult.cpp:172]   --->   Operation 67 'load' 'tempC_13_load' <Predicate = (!icmp_ln169)> <Delay = 1.23> <CoreInst = "RAM">   --->   Core 83 'RAM' <Latency = 1> <II = 1> <Delay = 1.23> <Storage> <Opcode : 'load' 'store'> <Ports = 2> <Width = 16> <Depth = 64> <RAM>
ST_1 : Operation 68 [2/2] (1.23ns)   --->   "%tempC_2_load = load i6 %tempC_2_addr" [mmult.cpp:172]   --->   Operation 68 'load' 'tempC_2_load' <Predicate = (!icmp_ln169)> <Delay = 1.23> <CoreInst = "RAM">   --->   Core 83 'RAM' <Latency = 1> <II = 1> <Delay = 1.23> <Storage> <Opcode : 'load' 'store'> <Ports = 2> <Width = 16> <Depth = 64> <RAM>
ST_1 : Operation 69 [2/2] (1.23ns)   --->   "%tempC_6_load = load i6 %tempC_6_addr" [mmult.cpp:172]   --->   Operation 69 'load' 'tempC_6_load' <Predicate = (!icmp_ln169)> <Delay = 1.23> <CoreInst = "RAM">   --->   Core 83 'RAM' <Latency = 1> <II = 1> <Delay = 1.23> <Storage> <Opcode : 'load' 'store'> <Ports = 2> <Width = 16> <Depth = 64> <RAM>
ST_1 : Operation 70 [2/2] (1.23ns)   --->   "%tempC_10_load = load i6 %tempC_10_addr" [mmult.cpp:172]   --->   Operation 70 'load' 'tempC_10_load' <Predicate = (!icmp_ln169)> <Delay = 1.23> <CoreInst = "RAM">   --->   Core 83 'RAM' <Latency = 1> <II = 1> <Delay = 1.23> <Storage> <Opcode : 'load' 'store'> <Ports = 2> <Width = 16> <Depth = 64> <RAM>
ST_1 : Operation 71 [2/2] (1.23ns)   --->   "%tempC_14_load = load i6 %tempC_14_addr" [mmult.cpp:172]   --->   Operation 71 'load' 'tempC_14_load' <Predicate = (!icmp_ln169)> <Delay = 1.23> <CoreInst = "RAM">   --->   Core 83 'RAM' <Latency = 1> <II = 1> <Delay = 1.23> <Storage> <Opcode : 'load' 'store'> <Ports = 2> <Width = 16> <Depth = 64> <RAM>
ST_1 : Operation 72 [2/2] (1.23ns)   --->   "%tempC_3_load = load i6 %tempC_3_addr" [mmult.cpp:172]   --->   Operation 72 'load' 'tempC_3_load' <Predicate = (!icmp_ln169)> <Delay = 1.23> <CoreInst = "RAM">   --->   Core 83 'RAM' <Latency = 1> <II = 1> <Delay = 1.23> <Storage> <Opcode : 'load' 'store'> <Ports = 2> <Width = 16> <Depth = 64> <RAM>
ST_1 : Operation 73 [2/2] (1.23ns)   --->   "%tempC_7_load = load i6 %tempC_7_addr" [mmult.cpp:172]   --->   Operation 73 'load' 'tempC_7_load' <Predicate = (!icmp_ln169)> <Delay = 1.23> <CoreInst = "RAM">   --->   Core 83 'RAM' <Latency = 1> <II = 1> <Delay = 1.23> <Storage> <Opcode : 'load' 'store'> <Ports = 2> <Width = 16> <Depth = 64> <RAM>
ST_1 : Operation 74 [2/2] (1.23ns)   --->   "%tempC_11_load = load i6 %tempC_11_addr" [mmult.cpp:172]   --->   Operation 74 'load' 'tempC_11_load' <Predicate = (!icmp_ln169)> <Delay = 1.23> <CoreInst = "RAM">   --->   Core 83 'RAM' <Latency = 1> <II = 1> <Delay = 1.23> <Storage> <Opcode : 'load' 'store'> <Ports = 2> <Width = 16> <Depth = 64> <RAM>
ST_1 : Operation 75 [2/2] (1.23ns)   --->   "%tempC_15_load = load i6 %tempC_15_addr" [mmult.cpp:172]   --->   Operation 75 'load' 'tempC_15_load' <Predicate = (!icmp_ln169)> <Delay = 1.23> <CoreInst = "RAM">   --->   Core 83 'RAM' <Latency = 1> <II = 1> <Delay = 1.23> <Storage> <Opcode : 'load' 'store'> <Ports = 2> <Width = 16> <Depth = 64> <RAM>
ST_1 : Operation 76 [1/1] (0.73ns)   --->   "%switch_ln172 = switch i2 %trunc_ln169, void %arrayidx352.34.case.3, i2 0, void %arrayidx352.34.case.0, i2 1, void %arrayidx352.34.case.1, i2 2, void %arrayidx352.34.case.2" [mmult.cpp:172]   --->   Operation 76 'switch' 'switch_ln172' <Predicate = (!icmp_ln169)> <Delay = 0.73>
ST_1 : Operation 77 [1/1] (0.78ns)   --->   "%add_ln170 = add i6 %select_ln169, i6 4" [mmult.cpp:170]   --->   Operation 77 'add' 'add_ln170' <Predicate = (!icmp_ln169)> <Delay = 0.78> <CoreInst = "Adder">   --->   Core 1 'Adder' <Latency = 0> <II = 1> <Delay = 0.78> <FuncUnit> <Opcode : 'add' 'sub'> <InPorts = 2> <OutPorts = 1>
ST_1 : Operation 78 [1/1] (0.42ns)   --->   "%store_ln169 = store i9 %add_ln169_1, i9 %indvar_flatten6" [mmult.cpp:169]   --->   Operation 78 'store' 'store_ln169' <Predicate = (!icmp_ln169)> <Delay = 0.42>
ST_1 : Operation 79 [1/1] (0.42ns)   --->   "%store_ln169 = store i6 %select_ln169_1, i6 %i" [mmult.cpp:169]   --->   Operation 79 'store' 'store_ln169' <Predicate = (!icmp_ln169)> <Delay = 0.42>
ST_1 : Operation 80 [1/1] (0.42ns)   --->   "%store_ln170 = store i6 %add_ln170, i6 %j" [mmult.cpp:170]   --->   Operation 80 'store' 'store_ln170' <Predicate = (!icmp_ln169)> <Delay = 0.42>
ST_1 : Operation 81 [1/1] (0.00ns)   --->   "%br_ln170 = br void %for.inc36" [mmult.cpp:170]   --->   Operation 81 'br' 'br_ln170' <Predicate = (!icmp_ln169)> <Delay = 0.00>

State 2 <SV = 1> <Delay = 1.76>
ST_2 : Operation 82 [1/2] (1.23ns)   --->   "%tempC_load = load i6 %tempC_addr" [mmult.cpp:172]   --->   Operation 82 'load' 'tempC_load' <Predicate = true> <Delay = 1.23> <CoreInst = "RAM">   --->   Core 83 'RAM' <Latency = 1> <II = 1> <Delay = 1.23> <Storage> <Opcode : 'load' 'store'> <Ports = 2> <Width = 16> <Depth = 64> <RAM>
ST_2 : Operation 83 [1/2] (1.23ns)   --->   "%tempC_4_load = load i6 %tempC_4_addr" [mmult.cpp:172]   --->   Operation 83 'load' 'tempC_4_load' <Predicate = true> <Delay = 1.23> <CoreInst = "RAM">   --->   Core 83 'RAM' <Latency = 1> <II = 1> <Delay = 1.23> <Storage> <Opcode : 'load' 'store'> <Ports = 2> <Width = 16> <Depth = 64> <RAM>
ST_2 : Operation 84 [1/2] (1.23ns)   --->   "%tempC_8_load = load i6 %tempC_8_addr" [mmult.cpp:172]   --->   Operation 84 'load' 'tempC_8_load' <Predicate = true> <Delay = 1.23> <CoreInst = "RAM">   --->   Core 83 'RAM' <Latency = 1> <II = 1> <Delay = 1.23> <Storage> <Opcode : 'load' 'store'> <Ports = 2> <Width = 16> <Depth = 64> <RAM>
ST_2 : Operation 85 [1/2] (1.23ns)   --->   "%tempC_12_load = load i6 %tempC_12_addr" [mmult.cpp:172]   --->   Operation 85 'load' 'tempC_12_load' <Predicate = true> <Delay = 1.23> <CoreInst = "RAM">   --->   Core 83 'RAM' <Latency = 1> <II = 1> <Delay = 1.23> <Storage> <Opcode : 'load' 'store'> <Ports = 2> <Width = 16> <Depth = 64> <RAM>
ST_2 : Operation 86 [1/1] (0.52ns)   --->   "%tmp = sparsemux i16 @_ssdm_op_SparseMux.ap_auto.4i16.i16.i2, i2 0, i16 %tempC_load, i2 1, i16 %tempC_4_load, i2 2, i16 %tempC_8_load, i2 3, i16 %tempC_12_load, i16 0, i2 %trunc_ln169" [mmult.cpp:172]   --->   Operation 86 'sparsemux' 'tmp' <Predicate = true> <Delay = 0.52> <CoreInst = "SparseMux">   --->   Core 147 'SparseMux' <Latency = 0> <II = 1> <Delay = 0.52> <FuncUnit> <Opcode : 'sparsemux'> <InPorts = 2> <OutPorts = 1>
ST_2 : Operation 87 [1/2] (1.23ns)   --->   "%tempC_1_load = load i6 %tempC_1_addr" [mmult.cpp:172]   --->   Operation 87 'load' 'tempC_1_load' <Predicate = true> <Delay = 1.23> <CoreInst = "RAM">   --->   Core 83 'RAM' <Latency = 1> <II = 1> <Delay = 1.23> <Storage> <Opcode : 'load' 'store'> <Ports = 2> <Width = 16> <Depth = 64> <RAM>
ST_2 : Operation 88 [1/2] (1.23ns)   --->   "%tempC_5_load = load i6 %tempC_5_addr" [mmult.cpp:172]   --->   Operation 88 'load' 'tempC_5_load' <Predicate = true> <Delay = 1.23> <CoreInst = "RAM">   --->   Core 83 'RAM' <Latency = 1> <II = 1> <Delay = 1.23> <Storage> <Opcode : 'load' 'store'> <Ports = 2> <Width = 16> <Depth = 64> <RAM>
ST_2 : Operation 89 [1/2] (1.23ns)   --->   "%tempC_9_load = load i6 %tempC_9_addr" [mmult.cpp:172]   --->   Operation 89 'load' 'tempC_9_load' <Predicate = true> <Delay = 1.23> <CoreInst = "RAM">   --->   Core 83 'RAM' <Latency = 1> <II = 1> <Delay = 1.23> <Storage> <Opcode : 'load' 'store'> <Ports = 2> <Width = 16> <Depth = 64> <RAM>
ST_2 : Operation 90 [1/2] (1.23ns)   --->   "%tempC_13_load = load i6 %tempC_13_addr" [mmult.cpp:172]   --->   Operation 90 'load' 'tempC_13_load' <Predicate = true> <Delay = 1.23> <CoreInst = "RAM">   --->   Core 83 'RAM' <Latency = 1> <II = 1> <Delay = 1.23> <Storage> <Opcode : 'load' 'store'> <Ports = 2> <Width = 16> <Depth = 64> <RAM>
ST_2 : Operation 91 [1/1] (0.52ns)   --->   "%tmp_5 = sparsemux i16 @_ssdm_op_SparseMux.ap_auto.4i16.i16.i2, i2 0, i16 %tempC_1_load, i2 1, i16 %tempC_5_load, i2 2, i16 %tempC_9_load, i2 3, i16 %tempC_13_load, i16 0, i2 %trunc_ln169" [mmult.cpp:172]   --->   Operation 91 'sparsemux' 'tmp_5' <Predicate = true> <Delay = 0.52> <CoreInst = "SparseMux">   --->   Core 147 'SparseMux' <Latency = 0> <II = 1> <Delay = 0.52> <FuncUnit> <Opcode : 'sparsemux'> <InPorts = 2> <OutPorts = 1>
ST_2 : Operation 92 [1/2] (1.23ns)   --->   "%tempC_2_load = load i6 %tempC_2_addr" [mmult.cpp:172]   --->   Operation 92 'load' 'tempC_2_load' <Predicate = true> <Delay = 1.23> <CoreInst = "RAM">   --->   Core 83 'RAM' <Latency = 1> <II = 1> <Delay = 1.23> <Storage> <Opcode : 'load' 'store'> <Ports = 2> <Width = 16> <Depth = 64> <RAM>
ST_2 : Operation 93 [1/2] (1.23ns)   --->   "%tempC_6_load = load i6 %tempC_6_addr" [mmult.cpp:172]   --->   Operation 93 'load' 'tempC_6_load' <Predicate = true> <Delay = 1.23> <CoreInst = "RAM">   --->   Core 83 'RAM' <Latency = 1> <II = 1> <Delay = 1.23> <Storage> <Opcode : 'load' 'store'> <Ports = 2> <Width = 16> <Depth = 64> <RAM>
ST_2 : Operation 94 [1/2] (1.23ns)   --->   "%tempC_10_load = load i6 %tempC_10_addr" [mmult.cpp:172]   --->   Operation 94 'load' 'tempC_10_load' <Predicate = true> <Delay = 1.23> <CoreInst = "RAM">   --->   Core 83 'RAM' <Latency = 1> <II = 1> <Delay = 1.23> <Storage> <Opcode : 'load' 'store'> <Ports = 2> <Width = 16> <Depth = 64> <RAM>
ST_2 : Operation 95 [1/2] (1.23ns)   --->   "%tempC_14_load = load i6 %tempC_14_addr" [mmult.cpp:172]   --->   Operation 95 'load' 'tempC_14_load' <Predicate = true> <Delay = 1.23> <CoreInst = "RAM">   --->   Core 83 'RAM' <Latency = 1> <II = 1> <Delay = 1.23> <Storage> <Opcode : 'load' 'store'> <Ports = 2> <Width = 16> <Depth = 64> <RAM>
ST_2 : Operation 96 [1/1] (0.52ns)   --->   "%tmp_6 = sparsemux i16 @_ssdm_op_SparseMux.ap_auto.4i16.i16.i2, i2 0, i16 %tempC_2_load, i2 1, i16 %tempC_6_load, i2 2, i16 %tempC_10_load, i2 3, i16 %tempC_14_load, i16 0, i2 %trunc_ln169" [mmult.cpp:172]   --->   Operation 96 'sparsemux' 'tmp_6' <Predicate = true> <Delay = 0.52> <CoreInst = "SparseMux">   --->   Core 147 'SparseMux' <Latency = 0> <II = 1> <Delay = 0.52> <FuncUnit> <Opcode : 'sparsemux'> <InPorts = 2> <OutPorts = 1>
ST_2 : Operation 97 [1/2] (1.23ns)   --->   "%tempC_3_load = load i6 %tempC_3_addr" [mmult.cpp:172]   --->   Operation 97 'load' 'tempC_3_load' <Predicate = true> <Delay = 1.23> <CoreInst = "RAM">   --->   Core 83 'RAM' <Latency = 1> <II = 1> <Delay = 1.23> <Storage> <Opcode : 'load' 'store'> <Ports = 2> <Width = 16> <Depth = 64> <RAM>
ST_2 : Operation 98 [1/2] (1.23ns)   --->   "%tempC_7_load = load i6 %tempC_7_addr" [mmult.cpp:172]   --->   Operation 98 'load' 'tempC_7_load' <Predicate = true> <Delay = 1.23> <CoreInst = "RAM">   --->   Core 83 'RAM' <Latency = 1> <II = 1> <Delay = 1.23> <Storage> <Opcode : 'load' 'store'> <Ports = 2> <Width = 16> <Depth = 64> <RAM>
ST_2 : Operation 99 [1/2] (1.23ns)   --->   "%tempC_11_load = load i6 %tempC_11_addr" [mmult.cpp:172]   --->   Operation 99 'load' 'tempC_11_load' <Predicate = true> <Delay = 1.23> <CoreInst = "RAM">   --->   Core 83 'RAM' <Latency = 1> <II = 1> <Delay = 1.23> <Storage> <Opcode : 'load' 'store'> <Ports = 2> <Width = 16> <Depth = 64> <RAM>
ST_2 : Operation 100 [1/2] (1.23ns)   --->   "%tempC_15_load = load i6 %tempC_15_addr" [mmult.cpp:172]   --->   Operation 100 'load' 'tempC_15_load' <Predicate = true> <Delay = 1.23> <CoreInst = "RAM">   --->   Core 83 'RAM' <Latency = 1> <II = 1> <Delay = 1.23> <Storage> <Opcode : 'load' 'store'> <Ports = 2> <Width = 16> <Depth = 64> <RAM>
ST_2 : Operation 101 [1/1] (0.52ns)   --->   "%tmp_7 = sparsemux i16 @_ssdm_op_SparseMux.ap_auto.4i16.i16.i2, i2 0, i16 %tempC_3_load, i2 1, i16 %tempC_7_load, i2 2, i16 %tempC_11_load, i2 3, i16 %tempC_15_load, i16 0, i2 %trunc_ln169" [mmult.cpp:172]   --->   Operation 101 'sparsemux' 'tmp_7' <Predicate = true> <Delay = 0.52> <CoreInst = "SparseMux">   --->   Core 147 'SparseMux' <Latency = 0> <II = 1> <Delay = 0.52> <FuncUnit> <Opcode : 'sparsemux'> <InPorts = 2> <OutPorts = 1>
ST_2 : Operation 141 [1/1] (0.00ns)   --->   "%ret_ln0 = ret"   --->   Operation 141 'ret' 'ret_ln0' <Predicate = (icmp_ln169)> <Delay = 0.00>

State 3 <SV = 2> <Delay = 0.67>
ST_3 : Operation 102 [1/1] (0.00ns)   --->   "%specloopname_ln0 = specloopname void @_ssdm_op_SpecLoopName, void @VITIS_LOOP_169_4_VITIS_LOOP_170_5_str"   --->   Operation 102 'specloopname' 'specloopname_ln0' <Predicate = true> <Delay = 0.00>
ST_3 : Operation 103 [1/1] (0.00ns)   --->   "%speclooptripcount_ln0 = speclooptripcount void @_ssdm_op_SpecLoopTripCount, i64 256, i64 256, i64 256"   --->   Operation 103 'speclooptripcount' 'speclooptripcount_ln0' <Predicate = true> <Delay = 0.00>
ST_3 : Operation 104 [1/1] (0.00ns)   --->   "%specpipeline_ln170 = specpipeline void @_ssdm_op_SpecPipeline, i32 4294967295, i32 0, i32 0, i32 0, void @empty_5" [mmult.cpp:170]   --->   Operation 104 'specpipeline' 'specpipeline_ln170' <Predicate = true> <Delay = 0.00>
ST_3 : Operation 105 [1/1] (0.00ns)   --->   "%localC_0_0_addr = getelementptr i16 %localC_0_0, i64 0, i64 %zext_ln172" [mmult.cpp:172]   --->   Operation 105 'getelementptr' 'localC_0_0_addr' <Predicate = true> <Delay = 0.00>
ST_3 : Operation 106 [1/1] (0.00ns)   --->   "%localC_0_1_addr = getelementptr i16 %localC_0_1, i64 0, i64 %zext_ln172" [mmult.cpp:172]   --->   Operation 106 'getelementptr' 'localC_0_1_addr' <Predicate = true> <Delay = 0.00>
ST_3 : Operation 107 [1/1] (0.00ns)   --->   "%localC_0_2_addr = getelementptr i16 %localC_0_2, i64 0, i64 %zext_ln172" [mmult.cpp:172]   --->   Operation 107 'getelementptr' 'localC_0_2_addr' <Predicate = true> <Delay = 0.00>
ST_3 : Operation 108 [1/1] (0.00ns)   --->   "%localC_0_3_addr = getelementptr i16 %localC_0_3, i64 0, i64 %zext_ln172" [mmult.cpp:172]   --->   Operation 108 'getelementptr' 'localC_0_3_addr' <Predicate = true> <Delay = 0.00>
ST_3 : Operation 109 [1/1] (0.00ns)   --->   "%localC_1_0_addr = getelementptr i16 %localC_1_0, i64 0, i64 %zext_ln172" [mmult.cpp:172]   --->   Operation 109 'getelementptr' 'localC_1_0_addr' <Predicate = true> <Delay = 0.00>
ST_3 : Operation 110 [1/1] (0.00ns)   --->   "%localC_1_1_addr = getelementptr i16 %localC_1_1, i64 0, i64 %zext_ln172" [mmult.cpp:172]   --->   Operation 110 'getelementptr' 'localC_1_1_addr' <Predicate = true> <Delay = 0.00>
ST_3 : Operation 111 [1/1] (0.00ns)   --->   "%localC_1_2_addr = getelementptr i16 %localC_1_2, i64 0, i64 %zext_ln172" [mmult.cpp:172]   --->   Operation 111 'getelementptr' 'localC_1_2_addr' <Predicate = true> <Delay = 0.00>
ST_3 : Operation 112 [1/1] (0.00ns)   --->   "%localC_1_3_addr = getelementptr i16 %localC_1_3, i64 0, i64 %zext_ln172" [mmult.cpp:172]   --->   Operation 112 'getelementptr' 'localC_1_3_addr' <Predicate = true> <Delay = 0.00>
ST_3 : Operation 113 [1/1] (0.00ns)   --->   "%localC_2_0_addr = getelementptr i16 %localC_2_0, i64 0, i64 %zext_ln172" [mmult.cpp:172]   --->   Operation 113 'getelementptr' 'localC_2_0_addr' <Predicate = true> <Delay = 0.00>
ST_3 : Operation 114 [1/1] (0.00ns)   --->   "%localC_2_1_addr = getelementptr i16 %localC_2_1, i64 0, i64 %zext_ln172" [mmult.cpp:172]   --->   Operation 114 'getelementptr' 'localC_2_1_addr' <Predicate = true> <Delay = 0.00>
ST_3 : Operation 115 [1/1] (0.00ns)   --->   "%localC_2_2_addr = getelementptr i16 %localC_2_2, i64 0, i64 %zext_ln172" [mmult.cpp:172]   --->   Operation 115 'getelementptr' 'localC_2_2_addr' <Predicate = true> <Delay = 0.00>
ST_3 : Operation 116 [1/1] (0.00ns)   --->   "%localC_2_3_addr = getelementptr i16 %localC_2_3, i64 0, i64 %zext_ln172" [mmult.cpp:172]   --->   Operation 116 'getelementptr' 'localC_2_3_addr' <Predicate = true> <Delay = 0.00>
ST_3 : Operation 117 [1/1] (0.00ns)   --->   "%localC_3_0_addr = getelementptr i16 %localC_3_0, i64 0, i64 %zext_ln172" [mmult.cpp:172]   --->   Operation 117 'getelementptr' 'localC_3_0_addr' <Predicate = true> <Delay = 0.00>
ST_3 : Operation 118 [1/1] (0.00ns)   --->   "%localC_3_1_addr = getelementptr i16 %localC_3_1, i64 0, i64 %zext_ln172" [mmult.cpp:172]   --->   Operation 118 'getelementptr' 'localC_3_1_addr' <Predicate = true> <Delay = 0.00>
ST_3 : Operation 119 [1/1] (0.00ns)   --->   "%localC_3_2_addr = getelementptr i16 %localC_3_2, i64 0, i64 %zext_ln172" [mmult.cpp:172]   --->   Operation 119 'getelementptr' 'localC_3_2_addr' <Predicate = true> <Delay = 0.00>
ST_3 : Operation 120 [1/1] (0.00ns)   --->   "%localC_3_3_addr = getelementptr i16 %localC_3_3, i64 0, i64 %zext_ln172" [mmult.cpp:172]   --->   Operation 120 'getelementptr' 'localC_3_3_addr' <Predicate = true> <Delay = 0.00>
ST_3 : Operation 121 [1/1] (0.67ns)   --->   "%store_ln172 = store i16 %tmp, i6 %localC_2_0_addr" [mmult.cpp:172]   --->   Operation 121 'store' 'store_ln172' <Predicate = (trunc_ln169 == 2)> <Delay = 0.67> <CoreInst = "RAM_S2P_LUTRAM">   --->   Core 96 'RAM_S2P_LUTRAM' <Latency = 1> <II = 1> <Delay = 0.67> <Storage> <Opcode : 'load' 'store'> <Ports = 2> <Width = 16> <Depth = 64> <RAM>
ST_3 : Operation 122 [1/1] (0.67ns)   --->   "%store_ln172 = store i16 %tmp_5, i6 %localC_2_1_addr" [mmult.cpp:172]   --->   Operation 122 'store' 'store_ln172' <Predicate = (trunc_ln169 == 2)> <Delay = 0.67> <CoreInst = "RAM_S2P_LUTRAM">   --->   Core 96 'RAM_S2P_LUTRAM' <Latency = 1> <II = 1> <Delay = 0.67> <Storage> <Opcode : 'load' 'store'> <Ports = 2> <Width = 16> <Depth = 64> <RAM>
ST_3 : Operation 123 [1/1] (0.67ns)   --->   "%store_ln172 = store i16 %tmp_6, i6 %localC_2_2_addr" [mmult.cpp:172]   --->   Operation 123 'store' 'store_ln172' <Predicate = (trunc_ln169 == 2)> <Delay = 0.67> <CoreInst = "RAM_S2P_LUTRAM">   --->   Core 96 'RAM_S2P_LUTRAM' <Latency = 1> <II = 1> <Delay = 0.67> <Storage> <Opcode : 'load' 'store'> <Ports = 2> <Width = 16> <Depth = 64> <RAM>
ST_3 : Operation 124 [1/1] (0.67ns)   --->   "%store_ln172 = store i16 %tmp_7, i6 %localC_2_3_addr" [mmult.cpp:172]   --->   Operation 124 'store' 'store_ln172' <Predicate = (trunc_ln169 == 2)> <Delay = 0.67> <CoreInst = "RAM_S2P_LUTRAM">   --->   Core 96 'RAM_S2P_LUTRAM' <Latency = 1> <II = 1> <Delay = 0.67> <Storage> <Opcode : 'load' 'store'> <Ports = 2> <Width = 16> <Depth = 64> <RAM>
ST_3 : Operation 125 [1/1] (0.00ns)   --->   "%br_ln172 = br void %arrayidx352.34.exit" [mmult.cpp:172]   --->   Operation 125 'br' 'br_ln172' <Predicate = (trunc_ln169 == 2)> <Delay = 0.00>
ST_3 : Operation 126 [1/1] (0.67ns)   --->   "%store_ln172 = store i16 %tmp, i6 %localC_1_0_addr" [mmult.cpp:172]   --->   Operation 126 'store' 'store_ln172' <Predicate = (trunc_ln169 == 1)> <Delay = 0.67> <CoreInst = "RAM_S2P_LUTRAM">   --->   Core 96 'RAM_S2P_LUTRAM' <Latency = 1> <II = 1> <Delay = 0.67> <Storage> <Opcode : 'load' 'store'> <Ports = 2> <Width = 16> <Depth = 64> <RAM>
ST_3 : Operation 127 [1/1] (0.67ns)   --->   "%store_ln172 = store i16 %tmp_5, i6 %localC_1_1_addr" [mmult.cpp:172]   --->   Operation 127 'store' 'store_ln172' <Predicate = (trunc_ln169 == 1)> <Delay = 0.67> <CoreInst = "RAM_S2P_LUTRAM">   --->   Core 96 'RAM_S2P_LUTRAM' <Latency = 1> <II = 1> <Delay = 0.67> <Storage> <Opcode : 'load' 'store'> <Ports = 2> <Width = 16> <Depth = 64> <RAM>
ST_3 : Operation 128 [1/1] (0.67ns)   --->   "%store_ln172 = store i16 %tmp_6, i6 %localC_1_2_addr" [mmult.cpp:172]   --->   Operation 128 'store' 'store_ln172' <Predicate = (trunc_ln169 == 1)> <Delay = 0.67> <CoreInst = "RAM_S2P_LUTRAM">   --->   Core 96 'RAM_S2P_LUTRAM' <Latency = 1> <II = 1> <Delay = 0.67> <Storage> <Opcode : 'load' 'store'> <Ports = 2> <Width = 16> <Depth = 64> <RAM>
ST_3 : Operation 129 [1/1] (0.67ns)   --->   "%store_ln172 = store i16 %tmp_7, i6 %localC_1_3_addr" [mmult.cpp:172]   --->   Operation 129 'store' 'store_ln172' <Predicate = (trunc_ln169 == 1)> <Delay = 0.67> <CoreInst = "RAM_S2P_LUTRAM">   --->   Core 96 'RAM_S2P_LUTRAM' <Latency = 1> <II = 1> <Delay = 0.67> <Storage> <Opcode : 'load' 'store'> <Ports = 2> <Width = 16> <Depth = 64> <RAM>
ST_3 : Operation 130 [1/1] (0.00ns)   --->   "%br_ln172 = br void %arrayidx352.34.exit" [mmult.cpp:172]   --->   Operation 130 'br' 'br_ln172' <Predicate = (trunc_ln169 == 1)> <Delay = 0.00>
ST_3 : Operation 131 [1/1] (0.67ns)   --->   "%store_ln172 = store i16 %tmp, i6 %localC_0_0_addr" [mmult.cpp:172]   --->   Operation 131 'store' 'store_ln172' <Predicate = (trunc_ln169 == 0)> <Delay = 0.67> <CoreInst = "RAM_S2P_LUTRAM">   --->   Core 96 'RAM_S2P_LUTRAM' <Latency = 1> <II = 1> <Delay = 0.67> <Storage> <Opcode : 'load' 'store'> <Ports = 2> <Width = 16> <Depth = 64> <RAM>
ST_3 : Operation 132 [1/1] (0.67ns)   --->   "%store_ln172 = store i16 %tmp_5, i6 %localC_0_1_addr" [mmult.cpp:172]   --->   Operation 132 'store' 'store_ln172' <Predicate = (trunc_ln169 == 0)> <Delay = 0.67> <CoreInst = "RAM_S2P_LUTRAM">   --->   Core 96 'RAM_S2P_LUTRAM' <Latency = 1> <II = 1> <Delay = 0.67> <Storage> <Opcode : 'load' 'store'> <Ports = 2> <Width = 16> <Depth = 64> <RAM>
ST_3 : Operation 133 [1/1] (0.67ns)   --->   "%store_ln172 = store i16 %tmp_6, i6 %localC_0_2_addr" [mmult.cpp:172]   --->   Operation 133 'store' 'store_ln172' <Predicate = (trunc_ln169 == 0)> <Delay = 0.67> <CoreInst = "RAM_S2P_LUTRAM">   --->   Core 96 'RAM_S2P_LUTRAM' <Latency = 1> <II = 1> <Delay = 0.67> <Storage> <Opcode : 'load' 'store'> <Ports = 2> <Width = 16> <Depth = 64> <RAM>
ST_3 : Operation 134 [1/1] (0.67ns)   --->   "%store_ln172 = store i16 %tmp_7, i6 %localC_0_3_addr" [mmult.cpp:172]   --->   Operation 134 'store' 'store_ln172' <Predicate = (trunc_ln169 == 0)> <Delay = 0.67> <CoreInst = "RAM_S2P_LUTRAM">   --->   Core 96 'RAM_S2P_LUTRAM' <Latency = 1> <II = 1> <Delay = 0.67> <Storage> <Opcode : 'load' 'store'> <Ports = 2> <Width = 16> <Depth = 64> <RAM>
ST_3 : Operation 135 [1/1] (0.00ns)   --->   "%br_ln172 = br void %arrayidx352.34.exit" [mmult.cpp:172]   --->   Operation 135 'br' 'br_ln172' <Predicate = (trunc_ln169 == 0)> <Delay = 0.00>
ST_3 : Operation 136 [1/1] (0.67ns)   --->   "%store_ln172 = store i16 %tmp, i6 %localC_3_0_addr" [mmult.cpp:172]   --->   Operation 136 'store' 'store_ln172' <Predicate = (trunc_ln169 == 3)> <Delay = 0.67> <CoreInst = "RAM_S2P_LUTRAM">   --->   Core 96 'RAM_S2P_LUTRAM' <Latency = 1> <II = 1> <Delay = 0.67> <Storage> <Opcode : 'load' 'store'> <Ports = 2> <Width = 16> <Depth = 64> <RAM>
ST_3 : Operation 137 [1/1] (0.67ns)   --->   "%store_ln172 = store i16 %tmp_5, i6 %localC_3_1_addr" [mmult.cpp:172]   --->   Operation 137 'store' 'store_ln172' <Predicate = (trunc_ln169 == 3)> <Delay = 0.67> <CoreInst = "RAM_S2P_LUTRAM">   --->   Core 96 'RAM_S2P_LUTRAM' <Latency = 1> <II = 1> <Delay = 0.67> <Storage> <Opcode : 'load' 'store'> <Ports = 2> <Width = 16> <Depth = 64> <RAM>
ST_3 : Operation 138 [1/1] (0.67ns)   --->   "%store_ln172 = store i16 %tmp_6, i6 %localC_3_2_addr" [mmult.cpp:172]   --->   Operation 138 'store' 'store_ln172' <Predicate = (trunc_ln169 == 3)> <Delay = 0.67> <CoreInst = "RAM_S2P_LUTRAM">   --->   Core 96 'RAM_S2P_LUTRAM' <Latency = 1> <II = 1> <Delay = 0.67> <Storage> <Opcode : 'load' 'store'> <Ports = 2> <Width = 16> <Depth = 64> <RAM>
ST_3 : Operation 139 [1/1] (0.67ns)   --->   "%store_ln172 = store i16 %tmp_7, i6 %localC_3_3_addr" [mmult.cpp:172]   --->   Operation 139 'store' 'store_ln172' <Predicate = (trunc_ln169 == 3)> <Delay = 0.67> <CoreInst = "RAM_S2P_LUTRAM">   --->   Core 96 'RAM_S2P_LUTRAM' <Latency = 1> <II = 1> <Delay = 0.67> <Storage> <Opcode : 'load' 'store'> <Ports = 2> <Width = 16> <Depth = 64> <RAM>
ST_3 : Operation 140 [1/1] (0.00ns)   --->   "%br_ln172 = br void %arrayidx352.34.exit" [mmult.cpp:172]   --->   Operation 140 'br' 'br_ln172' <Predicate = (trunc_ln169 == 3)> <Delay = 0.00>


============================================================
+ Verbose Summary: Timing violations
============================================================
Target clock period: 3.300ns, clock uncertainty: 0.891ns.

 <State 1>: 2.829ns
The critical path consists of the following:
	'store' operation 0 bit ('store_ln169', mmult.cpp:169) of constant 0 on local variable 'i', mmult.cpp:169 [53]  (0.427 ns)
	'load' operation 6 bit ('i_load', mmult.cpp:169) on local variable 'i', mmult.cpp:169 [63]  (0.000 ns)
	'add' operation 6 bit ('add_ln169', mmult.cpp:169) [64]  (0.781 ns)
	'select' operation 6 bit ('select_ln169_1', mmult.cpp:169) [69]  (0.384 ns)
	'getelementptr' operation 6 bit ('tempC_addr', mmult.cpp:172) [92]  (0.000 ns)
	'load' operation 16 bit ('tempC_load', mmult.cpp:172) on array 'tempC' [108]  (1.237 ns)

 <State 2>: 1.762ns
The critical path consists of the following:
	'load' operation 16 bit ('tempC_load', mmult.cpp:172) on array 'tempC' [108]  (1.237 ns)
	'sparsemux' operation 16 bit ('tmp', mmult.cpp:172) [112]  (0.525 ns)

 <State 3>: 0.677ns
The critical path consists of the following:
	'getelementptr' operation 6 bit ('localC_3_0_addr', mmult.cpp:172) [88]  (0.000 ns)
	'store' operation 0 bit ('store_ln172', mmult.cpp:172) of variable 'tmp', mmult.cpp:172 on array 'localC_3_0' [148]  (0.677 ns)


============================================================
+ Verbose Summary: Binding
============================================================
N/A
* FSMD analyzer results:
  - Output states:
 - Input state : 
  - Chain level:
	State 1
	State 2
	State 3


============================================================
+ Verbose Summary: Datapath Resource usage 
============================================================
N/A
