

================================================================
== Vitis HLS Report for 'compute_wrapper'
================================================================
* Date:           Sun Apr 12 17:22:36 2026

* Version:        2023.2 (Build 4023990 on Oct 11 2023)
* Project:        hls_prj
* Solution:       s1 (Vivado IP Flow Target)
* Product family: zynquplus
* Target device:  xck26-sfvc784-2LV-c


================================================================
== Performance Estimates
================================================================
+ Timing: 
    * Summary: 
    +--------+---------+----------+------------+
    |  Clock |  Target | Estimated| Uncertainty|
    +--------+---------+----------+------------+
    |ap_clk  |  3.30 ns|  2.829 ns|     0.89 ns|
    +--------+---------+----------+------------+

+ Latency: 
    * Summary: 
    +---------+---------+----------+----------+-------+-------+---------+
    |  Latency (cycles) |  Latency (absolute) |    Interval   | Pipeline|
    |   min   |   max   |    min   |    max   |  min  |  max  |   Type  |
    +---------+---------+----------+----------+-------+-------+---------+
    |    64020|    64020|  0.211 ms|  0.211 ms|  64020|  64020|       no|
    +---------+---------+----------+----------+-------+-------+---------+

    + Detail: 
        * Instance: 
        +-----------------------------------------------------------------------+------------------------------------------------------------+---------+---------+-----------+-----------+-------+-------+---------+
        |                                                                       |                                                            |  Latency (cycles) |   Latency (absolute)  |    Interval   | Pipeline|
        |                                Instance                               |                           Module                           |   min   |   max   |    min    |    max    |  min  |  max  |   Type  |
        +-----------------------------------------------------------------------+------------------------------------------------------------+---------+---------+-----------+-----------+-------+-------+---------+
        |grp_compute_wrapper_Pipeline_VITIS_LOOP_154_1_VITIS_LOOP_155_2_fu_182  |compute_wrapper_Pipeline_VITIS_LOOP_154_1_VITIS_LOOP_155_2  |      258|      258|   0.851 us|   0.851 us|    258|    258|       no|
        |grp_tile_process_39_405_fu_218                                         |tile_process_39_405                                         |    15873|    15873|  52.381 us|  52.381 us|  15873|  15873|       no|
        |grp_compute_wrapper_Pipeline_VITIS_LOOP_169_4_VITIS_LOOP_170_5_fu_260  |compute_wrapper_Pipeline_VITIS_LOOP_169_4_VITIS_LOOP_170_5  |      259|      259|   0.855 us|   0.855 us|    259|    259|       no|
        +-----------------------------------------------------------------------+------------------------------------------------------------+---------+---------+-----------+-----------+-------+-------+---------+

        * Loop: 
        +--------------------+---------+---------+----------+-----------+-----------+------+----------+
        |                    |  Latency (cycles) | Iteration|  Initiation Interval  | Trip |          |
        |      Loop Name     |   min   |   max   |  Latency |  achieved |   target  | Count| Pipelined|
        +--------------------+---------+---------+----------+-----------+-----------+------+----------+
        |- VITIS_LOOP_162_3  |    63500|    63500|     15875|          -|          -|     4|        no|
        +--------------------+---------+---------+----------+-----------+-----------+------+----------+



================================================================
== Utilization Estimates
================================================================
* Summary: 
+-----------------+---------+------+--------+--------+-----+
|       Name      | BRAM_18K|  DSP |   FF   |   LUT  | URAM|
+-----------------+---------+------+--------+--------+-----+
|DSP              |        -|     -|       -|       -|    -|
|Expression       |        -|     -|       0|      37|    -|
|FIFO             |        -|     -|       -|       -|    -|
|Instance         |        -|    16|     897|    2579|    -|
|Memory           |       16|     -|       0|       0|    0|
|Multiplexer      |        -|     -|       -|    1299|    -|
|Register         |        -|     -|      81|       -|    -|
+-----------------+---------+------+--------+--------+-----+
|Total            |       16|    16|     978|    3915|    0|
+-----------------+---------+------+--------+--------+-----+
|Available        |      288|  1248|  234240|  117120|   64|
+-----------------+---------+------+--------+--------+-----+
|Utilization (%)  |        5|     1|      ~0|       3|    0|
+-----------------+---------+------+--------+--------+-----+

+ Detail: 
    * Instance: 
    +-----------------------------------------------------------------------+------------------------------------------------------------+---------+----+-----+------+-----+
    |                                Instance                               |                           Module                           | BRAM_18K| DSP|  FF |  LUT | URAM|
    +-----------------------------------------------------------------------+------------------------------------------------------------+---------+----+-----+------+-----+
    |grp_compute_wrapper_Pipeline_VITIS_LOOP_154_1_VITIS_LOOP_155_2_fu_182  |compute_wrapper_Pipeline_VITIS_LOOP_154_1_VITIS_LOOP_155_2  |        0|   0|   32|   145|    0|
    |grp_compute_wrapper_Pipeline_VITIS_LOOP_169_4_VITIS_LOOP_170_5_fu_260  |compute_wrapper_Pipeline_VITIS_LOOP_169_4_VITIS_LOOP_170_5  |        0|   0|  106|   225|    0|
    |grp_tile_process_39_405_fu_218                                         |tile_process_39_405                                         |        0|  16|  759|  2209|    0|
    +-----------------------------------------------------------------------+------------------------------------------------------------+---------+----+-----+------+-----+
    |Total                                                                  |                                                            |        0|  16|  897|  2579|    0|
    +-----------------------------------------------------------------------+------------------------------------------------------------+---------+----+-----+------+-----+

    * DSP: 
    N/A

    * Memory: 
    +------------+-------------------------------------+---------+---+----+-----+------+-----+------+-------------+
    |   Memory   |                Module               | BRAM_18K| FF| LUT| URAM| Words| Bits| Banks| W*Bits*Banks|
    +------------+-------------------------------------+---------+---+----+-----+------+-----+------+-------------+
    |tempC_U     |compute_wrapper_tempC_RAM_AUTO_1R1W  |        1|  0|   0|    0|    64|   16|     1|         1024|
    |tempC_1_U   |compute_wrapper_tempC_RAM_AUTO_1R1W  |        1|  0|   0|    0|    64|   16|     1|         1024|
    |tempC_2_U   |compute_wrapper_tempC_RAM_AUTO_1R1W  |        1|  0|   0|    0|    64|   16|     1|         1024|
    |tempC_3_U   |compute_wrapper_tempC_RAM_AUTO_1R1W  |        1|  0|   0|    0|    64|   16|     1|         1024|
    |tempC_4_U   |compute_wrapper_tempC_RAM_AUTO_1R1W  |        1|  0|   0|    0|    64|   16|     1|         1024|
    |tempC_5_U   |compute_wrapper_tempC_RAM_AUTO_1R1W  |        1|  0|   0|    0|    64|   16|     1|         1024|
    |tempC_6_U   |compute_wrapper_tempC_RAM_AUTO_1R1W  |        1|  0|   0|    0|    64|   16|     1|         1024|
    |tempC_7_U   |compute_wrapper_tempC_RAM_AUTO_1R1W  |        1|  0|   0|    0|    64|   16|     1|         1024|
    |tempC_8_U   |compute_wrapper_tempC_RAM_AUTO_1R1W  |        1|  0|   0|    0|    64|   16|     1|         1024|
    |tempC_9_U   |compute_wrapper_tempC_RAM_AUTO_1R1W  |        1|  0|   0|    0|    64|   16|     1|         1024|
    |tempC_10_U  |compute_wrapper_tempC_RAM_AUTO_1R1W  |        1|  0|   0|    0|    64|   16|     1|         1024|
    |tempC_11_U  |compute_wrapper_tempC_RAM_AUTO_1R1W  |        1|  0|   0|    0|    64|   16|     1|         1024|
    |tempC_12_U  |compute_wrapper_tempC_RAM_AUTO_1R1W  |        1|  0|   0|    0|    64|   16|     1|         1024|
    |tempC_13_U  |compute_wrapper_tempC_RAM_AUTO_1R1W  |        1|  0|   0|    0|    64|   16|     1|         1024|
    |tempC_14_U  |compute_wrapper_tempC_RAM_AUTO_1R1W  |        1|  0|   0|    0|    64|   16|     1|         1024|
    |tempC_15_U  |compute_wrapper_tempC_RAM_AUTO_1R1W  |        1|  0|   0|    0|    64|   16|     1|         1024|
    +------------+-------------------------------------+---------+---+----+-----+------+-----+------+-------------+
    |Total       |                                     |       16|  0|   0|    0|  1024|  256|    16|        16384|
    +------------+-------------------------------------+---------+---+----+-----+------+-----+------+-------------+

    * FIFO: 
    N/A

    * Expression: 
    +----------------------+----------+----+---+----+------------+------------+
    |     Variable Name    | Operation| DSP| FF| LUT| Bitwidth P0| Bitwidth P1|
    +----------------------+----------+----+---+----+------------+------------+
    |finish_k_fu_349_p2    |         +|   0|  0|  13|           6|           4|
    |q_2_fu_326_p2         |         +|   0|  0|  10|           3|           1|
    |icmp_ln162_fu_320_p2  |      icmp|   0|  0|  12|           3|           4|
    |ap_block_state1       |        or|   0|  0|   2|           1|           1|
    +----------------------+----------+----+---+----+------------+------------+
    |Total                 |          |   0|  0|  37|          13|          10|
    +----------------------+----------+----+---+----+------------+------------+

    * Multiplexer: 
    +-------------------+----+-----------+-----+-----------+
    |        Name       | LUT| Input Size| Bits| Total Bits|
    +-------------------+----+-----------+-----+-----------+
    |ap_NS_fsm          |  31|          6|    1|          6|
    |ap_done            |   9|          2|    1|          2|
    |ap_return_0        |   9|          2|   32|         64|
    |ap_return_1        |   9|          2|   32|         64|
    |q_fu_96            |   9|          2|    3|          6|
    |tempC_10_address0  |  20|          4|    6|         24|
    |tempC_10_ce0       |  20|          4|    1|          4|
    |tempC_10_ce1       |   9|          2|    1|          2|
    |tempC_10_d0        |  14|          3|   16|         48|
    |tempC_10_we0       |  14|          3|    1|          3|
    |tempC_11_address0  |  20|          4|    6|         24|
    |tempC_11_ce0       |  20|          4|    1|          4|
    |tempC_11_ce1       |   9|          2|    1|          2|
    |tempC_11_d0        |  14|          3|   16|         48|
    |tempC_11_we0       |  14|          3|    1|          3|
    |tempC_12_address0  |  20|          4|    6|         24|
    |tempC_12_ce0       |  20|          4|    1|          4|
    |tempC_12_ce1       |   9|          2|    1|          2|
    |tempC_12_d0        |  14|          3|   16|         48|
    |tempC_12_we0       |  14|          3|    1|          3|
    |tempC_13_address0  |  20|          4|    6|         24|
    |tempC_13_ce0       |  20|          4|    1|          4|
    |tempC_13_ce1       |   9|          2|    1|          2|
    |tempC_13_d0        |  14|          3|   16|         48|
    |tempC_13_we0       |  14|          3|    1|          3|
    |tempC_14_address0  |  20|          4|    6|         24|
    |tempC_14_ce0       |  20|          4|    1|          4|
    |tempC_14_ce1       |   9|          2|    1|          2|
    |tempC_14_d0        |  14|          3|   16|         48|
    |tempC_14_we0       |  14|          3|    1|          3|
    |tempC_15_address0  |  20|          4|    6|         24|
    |tempC_15_ce0       |  20|          4|    1|          4|
    |tempC_15_ce1       |   9|          2|    1|          2|
    |tempC_15_d0        |  14|          3|   16|         48|
    |tempC_15_we0       |  14|          3|    1|          3|
    |tempC_1_address0   |  20|          4|    6|         24|
    |tempC_1_ce0        |  20|          4|    1|          4|
    |tempC_1_ce1        |   9|          2|    1|          2|
    |tempC_1_d0         |  14|          3|   16|         48|
    |tempC_1_we0        |  14|          3|    1|          3|
    |tempC_2_address0   |  20|          4|    6|         24|
    |tempC_2_ce0        |  20|          4|    1|          4|
    |tempC_2_ce1        |   9|          2|    1|          2|
    |tempC_2_d0         |  14|          3|   16|         48|
    |tempC_2_we0        |  14|          3|    1|          3|
    |tempC_3_address0   |  20|          4|    6|         24|
    |tempC_3_ce0        |  20|          4|    1|          4|
    |tempC_3_ce1        |   9|          2|    1|          2|
    |tempC_3_d0         |  14|          3|   16|         48|
    |tempC_3_we0        |  14|          3|    1|          3|
    |tempC_4_address0   |  20|          4|    6|         24|
    |tempC_4_ce0        |  20|          4|    1|          4|
    |tempC_4_ce1        |   9|          2|    1|          2|
    |tempC_4_d0         |  14|          3|   16|         48|
    |tempC_4_we0        |  14|          3|    1|          3|
    |tempC_5_address0   |  20|          4|    6|         24|
    |tempC_5_ce0        |  20|          4|    1|          4|
    |tempC_5_ce1        |   9|          2|    1|          2|
    |tempC_5_d0         |  14|          3|   16|         48|
    |tempC_5_we0        |  14|          3|    1|          3|
    |tempC_6_address0   |  20|          4|    6|         24|
    |tempC_6_ce0        |  20|          4|    1|          4|
    |tempC_6_ce1        |   9|          2|    1|          2|
    |tempC_6_d0         |  14|          3|   16|         48|
    |tempC_6_we0        |  14|          3|    1|          3|
    |tempC_7_address0   |  20|          4|    6|         24|
    |tempC_7_ce0        |  20|          4|    1|          4|
    |tempC_7_ce1        |   9|          2|    1|          2|
    |tempC_7_d0         |  14|          3|   16|         48|
    |tempC_7_we0        |  14|          3|    1|          3|
    |tempC_8_address0   |  20|          4|    6|         24|
    |tempC_8_ce0        |  20|          4|    1|          4|
    |tempC_8_ce1        |   9|          2|    1|          2|
    |tempC_8_d0         |  14|          3|   16|         48|
    |tempC_8_we0        |  14|          3|    1|          3|
    |tempC_9_address0   |  20|          4|    6|         24|
    |tempC_9_ce0        |  20|          4|    1|          4|
    |tempC_9_ce1        |   9|          2|    1|          2|
    |tempC_9_d0         |  14|          3|   16|         48|
    |tempC_9_we0        |  14|          3|    1|          3|
    |tempC_address0     |  20|          4|    6|         24|
    |tempC_ce0          |  20|          4|    1|          4|
    |tempC_ce1          |   9|          2|    1|          2|
    |tempC_d0           |  14|          3|   16|         48|
    |tempC_we0          |  14|          3|    1|          3|
    +-------------------+----+-----------+-----+-----------+
    |Total              |1299|        270|  469|       1438|
    +-------------------+----+-----------+-----+-----------+

    * Register: 
    +------------------------------------------------------------------------------------+----+----+-----+-----------+
    |                                        Name                                        | FF | LUT| Bits| Const Bits|
    +------------------------------------------------------------------------------------+----+----+-----+-----------+
    |ap_CS_fsm                                                                           |   5|   0|    5|          0|
    |ap_done_reg                                                                         |   1|   0|    1|          0|
    |ap_return_0_preg                                                                    |  32|   0|   32|          0|
    |ap_return_1_preg                                                                    |  32|   0|   32|          0|
    |finish_k_reg_404                                                                    |   3|   0|    6|          3|
    |grp_compute_wrapper_Pipeline_VITIS_LOOP_154_1_VITIS_LOOP_155_2_fu_182_ap_start_reg  |   1|   0|    1|          0|
    |grp_compute_wrapper_Pipeline_VITIS_LOOP_169_4_VITIS_LOOP_170_5_fu_260_ap_start_reg  |   1|   0|    1|          0|
    |grp_tile_process_39_405_fu_218_ap_start_reg                                         |   1|   0|    1|          0|
    |q_fu_96                                                                             |   3|   0|    3|          0|
    |start_k_reg_399                                                                     |   2|   0|    5|          3|
    +------------------------------------------------------------------------------------+----+----+-----+-----------+
    |Total                                                                               |  81|   0|   87|          6|
    +------------------------------------------------------------------------------------+----+----+-----+-----------+



================================================================
== Interface
================================================================
* Summary: 
+---------------------+-----+-----+------------+-----------------+--------------+
|      RTL Ports      | Dir | Bits|  Protocol  |  Source Object  |    C Type    |
+---------------------+-----+-----+------------+-----------------+--------------+
|ap_clk               |   in|    1|  ap_ctrl_hs|  compute_wrapper|  return value|
|ap_rst               |   in|    1|  ap_ctrl_hs|  compute_wrapper|  return value|
|ap_start             |   in|    1|  ap_ctrl_hs|  compute_wrapper|  return value|
|ap_done              |  out|    1|  ap_ctrl_hs|  compute_wrapper|  return value|
|ap_continue          |   in|    1|  ap_ctrl_hs|  compute_wrapper|  return value|
|ap_idle              |  out|    1|  ap_ctrl_hs|  compute_wrapper|  return value|
|ap_ready             |  out|    1|  ap_ctrl_hs|  compute_wrapper|  return value|
|ap_return_0          |  out|   32|  ap_ctrl_hs|  compute_wrapper|  return value|
|ap_return_1          |  out|   32|  ap_ctrl_hs|  compute_wrapper|  return value|
|localA_0_address0    |  out|    8|   ap_memory|         localA_0|         array|
|localA_0_ce0         |  out|    1|   ap_memory|         localA_0|         array|
|localA_0_q0          |   in|    8|   ap_memory|         localA_0|         array|
|localA_1_address0    |  out|    8|   ap_memory|         localA_1|         array|
|localA_1_ce0         |  out|    1|   ap_memory|         localA_1|         array|
|localA_1_q0          |   in|    8|   ap_memory|         localA_1|         array|
|localA_2_address0    |  out|    8|   ap_memory|         localA_2|         array|
|localA_2_ce0         |  out|    1|   ap_memory|         localA_2|         array|
|localA_2_q0          |   in|    8|   ap_memory|         localA_2|         array|
|localA_3_address0    |  out|    8|   ap_memory|         localA_3|         array|
|localA_3_ce0         |  out|    1|   ap_memory|         localA_3|         array|
|localA_3_q0          |   in|    8|   ap_memory|         localA_3|         array|
|localB_0_address0    |  out|    8|   ap_memory|         localB_0|         array|
|localB_0_ce0         |  out|    1|   ap_memory|         localB_0|         array|
|localB_0_q0          |   in|    8|   ap_memory|         localB_0|         array|
|localB_1_address0    |  out|    8|   ap_memory|         localB_1|         array|
|localB_1_ce0         |  out|    1|   ap_memory|         localB_1|         array|
|localB_1_q0          |   in|    8|   ap_memory|         localB_1|         array|
|localB_2_address0    |  out|    8|   ap_memory|         localB_2|         array|
|localB_2_ce0         |  out|    1|   ap_memory|         localB_2|         array|
|localB_2_q0          |   in|    8|   ap_memory|         localB_2|         array|
|localB_3_address0    |  out|    8|   ap_memory|         localB_3|         array|
|localB_3_ce0         |  out|    1|   ap_memory|         localB_3|         array|
|localB_3_q0          |   in|    8|   ap_memory|         localB_3|         array|
|localC_0_0_address1  |  out|    6|   ap_memory|       localC_0_0|         array|
|localC_0_0_ce1       |  out|    1|   ap_memory|       localC_0_0|         array|
|localC_0_0_we1       |  out|    1|   ap_memory|       localC_0_0|         array|
|localC_0_0_d1        |  out|   16|   ap_memory|       localC_0_0|         array|
|localC_0_1_address1  |  out|    6|   ap_memory|       localC_0_1|         array|
|localC_0_1_ce1       |  out|    1|   ap_memory|       localC_0_1|         array|
|localC_0_1_we1       |  out|    1|   ap_memory|       localC_0_1|         array|
|localC_0_1_d1        |  out|   16|   ap_memory|       localC_0_1|         array|
|localC_0_2_address1  |  out|    6|   ap_memory|       localC_0_2|         array|
|localC_0_2_ce1       |  out|    1|   ap_memory|       localC_0_2|         array|
|localC_0_2_we1       |  out|    1|   ap_memory|       localC_0_2|         array|
|localC_0_2_d1        |  out|   16|   ap_memory|       localC_0_2|         array|
|localC_0_3_address1  |  out|    6|   ap_memory|       localC_0_3|         array|
|localC_0_3_ce1       |  out|    1|   ap_memory|       localC_0_3|         array|
|localC_0_3_we1       |  out|    1|   ap_memory|       localC_0_3|         array|
|localC_0_3_d1        |  out|   16|   ap_memory|       localC_0_3|         array|
|localC_1_0_address1  |  out|    6|   ap_memory|       localC_1_0|         array|
|localC_1_0_ce1       |  out|    1|   ap_memory|       localC_1_0|         array|
|localC_1_0_we1       |  out|    1|   ap_memory|       localC_1_0|         array|
|localC_1_0_d1        |  out|   16|   ap_memory|       localC_1_0|         array|
|localC_1_1_address1  |  out|    6|   ap_memory|       localC_1_1|         array|
|localC_1_1_ce1       |  out|    1|   ap_memory|       localC_1_1|         array|
|localC_1_1_we1       |  out|    1|   ap_memory|       localC_1_1|         array|
|localC_1_1_d1        |  out|   16|   ap_memory|       localC_1_1|         array|
|localC_1_2_address1  |  out|    6|   ap_memory|       localC_1_2|         array|
|localC_1_2_ce1       |  out|    1|   ap_memory|       localC_1_2|         array|
|localC_1_2_we1       |  out|    1|   ap_memory|       localC_1_2|         array|
|localC_1_2_d1        |  out|   16|   ap_memory|       localC_1_2|         array|
|localC_1_3_address1  |  out|    6|   ap_memory|       localC_1_3|         array|
|localC_1_3_ce1       |  out|    1|   ap_memory|       localC_1_3|         array|
|localC_1_3_we1       |  out|    1|   ap_memory|       localC_1_3|         array|
|localC_1_3_d1        |  out|   16|   ap_memory|       localC_1_3|         array|
|localC_2_0_address1  |  out|    6|   ap_memory|       localC_2_0|         array|
|localC_2_0_ce1       |  out|    1|   ap_memory|       localC_2_0|         array|
|localC_2_0_we1       |  out|    1|   ap_memory|       localC_2_0|         array|
|localC_2_0_d1        |  out|   16|   ap_memory|       localC_2_0|         array|
|localC_2_1_address1  |  out|    6|   ap_memory|       localC_2_1|         array|
|localC_2_1_ce1       |  out|    1|   ap_memory|       localC_2_1|         array|
|localC_2_1_we1       |  out|    1|   ap_memory|       localC_2_1|         array|
|localC_2_1_d1        |  out|   16|   ap_memory|       localC_2_1|         array|
|localC_2_2_address1  |  out|    6|   ap_memory|       localC_2_2|         array|
|localC_2_2_ce1       |  out|    1|   ap_memory|       localC_2_2|         array|
|localC_2_2_we1       |  out|    1|   ap_memory|       localC_2_2|         array|
|localC_2_2_d1        |  out|   16|   ap_memory|       localC_2_2|         array|
|localC_2_3_address1  |  out|    6|   ap_memory|       localC_2_3|         array|
|localC_2_3_ce1       |  out|    1|   ap_memory|       localC_2_3|         array|
|localC_2_3_we1       |  out|    1|   ap_memory|       localC_2_3|         array|
|localC_2_3_d1        |  out|   16|   ap_memory|       localC_2_3|         array|
|localC_3_0_address1  |  out|    6|   ap_memory|       localC_3_0|         array|
|localC_3_0_ce1       |  out|    1|   ap_memory|       localC_3_0|         array|
|localC_3_0_we1       |  out|    1|   ap_memory|       localC_3_0|         array|
|localC_3_0_d1        |  out|   16|   ap_memory|       localC_3_0|         array|
|localC_3_1_address1  |  out|    6|   ap_memory|       localC_3_1|         array|
|localC_3_1_ce1       |  out|    1|   ap_memory|       localC_3_1|         array|
|localC_3_1_we1       |  out|    1|   ap_memory|       localC_3_1|         array|
|localC_3_1_d1        |  out|   16|   ap_memory|       localC_3_1|         array|
|localC_3_2_address1  |  out|    6|   ap_memory|       localC_3_2|         array|
|localC_3_2_ce1       |  out|    1|   ap_memory|       localC_3_2|         array|
|localC_3_2_we1       |  out|    1|   ap_memory|       localC_3_2|         array|
|localC_3_2_d1        |  out|   16|   ap_memory|       localC_3_2|         array|
|localC_3_3_address1  |  out|    6|   ap_memory|       localC_3_3|         array|
|localC_3_3_ce1       |  out|    1|   ap_memory|       localC_3_3|         array|
|localC_3_3_we1       |  out|    1|   ap_memory|       localC_3_3|         array|
|localC_3_3_d1        |  out|   16|   ap_memory|       localC_3_3|         array|
|p_read               |   in|   32|     ap_none|           p_read|        scalar|
|p_read1              |   in|   32|     ap_none|          p_read1|        scalar|
|p_read2              |   in|   32|     ap_none|          p_read2|        scalar|
+---------------------+-----+-----+------------+-----------------+--------------+

============================================================
+ Verbose Summary: Synthesis Manager
============================================================
InlineROM: 1
ExposeGlobal: 0
============================================================
+ Verbose Summary: CDFG Model
============================================================
IsTopModel: 0
ResetActiveHigh: 1
IsCombinational: 2
IsDatapathOnly: 0
HasWiredReturn: 1
HasMFsm: 0
HasVarLatency: 1
IsPipeline: 0
IsRtlPipelined: 0
IsInstanceOverlapped: 0
IsDontTouch: 0
HasImplIP: 0
IsGatedGlobalClock: 0


============================================================
+ Verbose Summary: Schedule
============================================================
* Number of FSM states : 5
* Pipeline : 0
* Dataflow Pipeline: 0

* FSM state transitions: 
1 --> 2 
2 --> 3 
3 --> 4 5 
4 --> 3 
5 --> 

* FSM state operations: 

State 1 <SV = 0> <Delay = 1.23>
ST_1 : Operation 6 [1/1] (0.00ns)   --->   "%q = alloca i32 1" [mmult.cpp:162]   --->   Operation 6 'alloca' 'q' <Predicate = true> <Delay = 0.00>
ST_1 : Operation 7 [1/1] (1.23ns)   --->   "%tempC = alloca i64 1" [mmult.cpp:149]   --->   Operation 7 'alloca' 'tempC' <Predicate = true> <Delay = 1.23>
ST_1 : Operation 8 [1/1] (1.23ns)   --->   "%tempC_1 = alloca i64 1" [mmult.cpp:149]   --->   Operation 8 'alloca' 'tempC_1' <Predicate = true> <Delay = 1.23>
ST_1 : Operation 9 [1/1] (1.23ns)   --->   "%tempC_2 = alloca i64 1" [mmult.cpp:149]   --->   Operation 9 'alloca' 'tempC_2' <Predicate = true> <Delay = 1.23>
ST_1 : Operation 10 [1/1] (1.23ns)   --->   "%tempC_3 = alloca i64 1" [mmult.cpp:149]   --->   Operation 10 'alloca' 'tempC_3' <Predicate = true> <Delay = 1.23>
ST_1 : Operation 11 [1/1] (1.23ns)   --->   "%tempC_4 = alloca i64 1" [mmult.cpp:149]   --->   Operation 11 'alloca' 'tempC_4' <Predicate = true> <Delay = 1.23>
ST_1 : Operation 12 [1/1] (1.23ns)   --->   "%tempC_5 = alloca i64 1" [mmult.cpp:149]   --->   Operation 12 'alloca' 'tempC_5' <Predicate = true> <Delay = 1.23>
ST_1 : Operation 13 [1/1] (1.23ns)   --->   "%tempC_6 = alloca i64 1" [mmult.cpp:149]   --->   Operation 13 'alloca' 'tempC_6' <Predicate = true> <Delay = 1.23>
ST_1 : Operation 14 [1/1] (1.23ns)   --->   "%tempC_7 = alloca i64 1" [mmult.cpp:149]   --->   Operation 14 'alloca' 'tempC_7' <Predicate = true> <Delay = 1.23>
ST_1 : Operation 15 [1/1] (1.23ns)   --->   "%tempC_8 = alloca i64 1" [mmult.cpp:149]   --->   Operation 15 'alloca' 'tempC_8' <Predicate = true> <Delay = 1.23>
ST_1 : Operation 16 [1/1] (1.23ns)   --->   "%tempC_9 = alloca i64 1" [mmult.cpp:149]   --->   Operation 16 'alloca' 'tempC_9' <Predicate = true> <Delay = 1.23>
ST_1 : Operation 17 [1/1] (1.23ns)   --->   "%tempC_10 = alloca i64 1" [mmult.cpp:149]   --->   Operation 17 'alloca' 'tempC_10' <Predicate = true> <Delay = 1.23>
ST_1 : Operation 18 [1/1] (1.23ns)   --->   "%tempC_11 = alloca i64 1" [mmult.cpp:149]   --->   Operation 18 'alloca' 'tempC_11' <Predicate = true> <Delay = 1.23>
ST_1 : Operation 19 [1/1] (1.23ns)   --->   "%tempC_12 = alloca i64 1" [mmult.cpp:149]   --->   Operation 19 'alloca' 'tempC_12' <Predicate = true> <Delay = 1.23>
ST_1 : Operation 20 [1/1] (1.23ns)   --->   "%tempC_13 = alloca i64 1" [mmult.cpp:149]   --->   Operation 20 'alloca' 'tempC_13' <Predicate = true> <Delay = 1.23>
ST_1 : Operation 21 [1/1] (1.23ns)   --->   "%tempC_14 = alloca i64 1" [mmult.cpp:149]   --->   Operation 21 'alloca' 'tempC_14' <Predicate = true> <Delay = 1.23>
ST_1 : Operation 22 [1/1] (1.23ns)   --->   "%tempC_15 = alloca i64 1" [mmult.cpp:149]   --->   Operation 22 'alloca' 'tempC_15' <Predicate = true> <Delay = 1.23>
ST_1 : Operation 23 [2/2] (0.00ns)   --->   "%call_ln0 = call void @compute_wrapper_Pipeline_VITIS_LOOP_154_1_VITIS_LOOP_155_2, i16 %tempC, i16 %tempC_1, i16 %tempC_2, i16 %tempC_3, i16 %tempC_4, i16 %tempC_5, i16 %tempC_6, i16 %tempC_7, i16 %tempC_8, i16 %tempC_9, i16 %tempC_10, i16 %tempC_11, i16 %tempC_12, i16 %tempC_13, i16 %tempC_14, i16 %tempC_15"   --->   Operation 23 'call' 'call_ln0' <Predicate = true> <Delay = 0.00> <CoreType = "Generic">   --->   Core 0 '' <Latency = 0> <II = 1> <Delay = 1.00> <Generic> <Opcode : >
ST_1 : Operation 24 [1/1] (0.42ns)   --->   "%store_ln162 = store i3 0, i3 %q" [mmult.cpp:162]   --->   Operation 24 'store' 'store_ln162' <Predicate = true> <Delay = 0.42>

State 2 <SV = 1> <Delay = 1.20>
ST_2 : Operation 25 [1/1] (0.00ns)   --->   "%specmemcore_ln0 = specmemcore void @_ssdm_op_SpecMemCore, i16 %localC_0_0, i64 666, i64 27, i64 18446744073709551615"   --->   Operation 25 'specmemcore' 'specmemcore_ln0' <Predicate = true> <Delay = 0.00>
ST_2 : Operation 26 [1/1] (0.00ns)   --->   "%specmemcore_ln0 = specmemcore void @_ssdm_op_SpecMemCore, i16 %localC_0_1, i64 666, i64 27, i64 18446744073709551615"   --->   Operation 26 'specmemcore' 'specmemcore_ln0' <Predicate = true> <Delay = 0.00>
ST_2 : Operation 27 [1/1] (0.00ns)   --->   "%specmemcore_ln0 = specmemcore void @_ssdm_op_SpecMemCore, i16 %localC_0_2, i64 666, i64 27, i64 18446744073709551615"   --->   Operation 27 'specmemcore' 'specmemcore_ln0' <Predicate = true> <Delay = 0.00>
ST_2 : Operation 28 [1/1] (0.00ns)   --->   "%specmemcore_ln0 = specmemcore void @_ssdm_op_SpecMemCore, i16 %localC_0_3, i64 666, i64 27, i64 18446744073709551615"   --->   Operation 28 'specmemcore' 'specmemcore_ln0' <Predicate = true> <Delay = 0.00>
ST_2 : Operation 29 [1/1] (0.00ns)   --->   "%specmemcore_ln0 = specmemcore void @_ssdm_op_SpecMemCore, i16 %localC_1_0, i64 666, i64 27, i64 18446744073709551615"   --->   Operation 29 'specmemcore' 'specmemcore_ln0' <Predicate = true> <Delay = 0.00>
ST_2 : Operation 30 [1/1] (0.00ns)   --->   "%specmemcore_ln0 = specmemcore void @_ssdm_op_SpecMemCore, i16 %localC_1_1, i64 666, i64 27, i64 18446744073709551615"   --->   Operation 30 'specmemcore' 'specmemcore_ln0' <Predicate = true> <Delay = 0.00>
ST_2 : Operation 31 [1/1] (0.00ns)   --->   "%specmemcore_ln0 = specmemcore void @_ssdm_op_SpecMemCore, i16 %localC_1_2, i64 666, i64 27, i64 18446744073709551615"   --->   Operation 31 'specmemcore' 'specmemcore_ln0' <Predicate = true> <Delay = 0.00>
ST_2 : Operation 32 [1/1] (0.00ns)   --->   "%specmemcore_ln0 = specmemcore void @_ssdm_op_SpecMemCore, i16 %localC_1_3, i64 666, i64 27, i64 18446744073709551615"   --->   Operation 32 'specmemcore' 'specmemcore_ln0' <Predicate = true> <Delay = 0.00>
ST_2 : Operation 33 [1/1] (0.00ns)   --->   "%specmemcore_ln0 = specmemcore void @_ssdm_op_SpecMemCore, i16 %localC_2_0, i64 666, i64 27, i64 18446744073709551615"   --->   Operation 33 'specmemcore' 'specmemcore_ln0' <Predicate = true> <Delay = 0.00>
ST_2 : Operation 34 [1/1] (0.00ns)   --->   "%specmemcore_ln0 = specmemcore void @_ssdm_op_SpecMemCore, i16 %localC_2_1, i64 666, i64 27, i64 18446744073709551615"   --->   Operation 34 'specmemcore' 'specmemcore_ln0' <Predicate = true> <Delay = 0.00>
ST_2 : Operation 35 [1/1] (0.00ns)   --->   "%specmemcore_ln0 = specmemcore void @_ssdm_op_SpecMemCore, i16 %localC_2_2, i64 666, i64 27, i64 18446744073709551615"   --->   Operation 35 'specmemcore' 'specmemcore_ln0' <Predicate = true> <Delay = 0.00>
ST_2 : Operation 36 [1/1] (0.00ns)   --->   "%specmemcore_ln0 = specmemcore void @_ssdm_op_SpecMemCore, i16 %localC_2_3, i64 666, i64 27, i64 18446744073709551615"   --->   Operation 36 'specmemcore' 'specmemcore_ln0' <Predicate = true> <Delay = 0.00>
ST_2 : Operation 37 [1/1] (0.00ns)   --->   "%specmemcore_ln0 = specmemcore void @_ssdm_op_SpecMemCore, i16 %localC_3_0, i64 666, i64 27, i64 18446744073709551615"   --->   Operation 37 'specmemcore' 'specmemcore_ln0' <Predicate = true> <Delay = 0.00>
ST_2 : Operation 38 [1/1] (0.00ns)   --->   "%specmemcore_ln0 = specmemcore void @_ssdm_op_SpecMemCore, i16 %localC_3_1, i64 666, i64 27, i64 18446744073709551615"   --->   Operation 38 'specmemcore' 'specmemcore_ln0' <Predicate = true> <Delay = 0.00>
ST_2 : Operation 39 [1/1] (0.00ns)   --->   "%specmemcore_ln0 = specmemcore void @_ssdm_op_SpecMemCore, i16 %localC_3_2, i64 666, i64 27, i64 18446744073709551615"   --->   Operation 39 'specmemcore' 'specmemcore_ln0' <Predicate = true> <Delay = 0.00>
ST_2 : Operation 40 [1/1] (0.00ns)   --->   "%specmemcore_ln0 = specmemcore void @_ssdm_op_SpecMemCore, i16 %localC_3_3, i64 666, i64 27, i64 18446744073709551615"   --->   Operation 40 'specmemcore' 'specmemcore_ln0' <Predicate = true> <Delay = 0.00>
ST_2 : Operation 41 [1/1] (0.00ns)   --->   "%specmemcore_ln0 = specmemcore void @_ssdm_op_SpecMemCore, i8 %localB_0, i64 666, i64 23, i64 18446744073709551615"   --->   Operation 41 'specmemcore' 'specmemcore_ln0' <Predicate = true> <Delay = 0.00>
ST_2 : Operation 42 [1/1] (0.00ns)   --->   "%specmemcore_ln0 = specmemcore void @_ssdm_op_SpecMemCore, i8 %localB_1, i64 666, i64 23, i64 18446744073709551615"   --->   Operation 42 'specmemcore' 'specmemcore_ln0' <Predicate = true> <Delay = 0.00>
ST_2 : Operation 43 [1/1] (0.00ns)   --->   "%specmemcore_ln0 = specmemcore void @_ssdm_op_SpecMemCore, i8 %localB_2, i64 666, i64 23, i64 18446744073709551615"   --->   Operation 43 'specmemcore' 'specmemcore_ln0' <Predicate = true> <Delay = 0.00>
ST_2 : Operation 44 [1/1] (0.00ns)   --->   "%specmemcore_ln0 = specmemcore void @_ssdm_op_SpecMemCore, i8 %localB_3, i64 666, i64 23, i64 18446744073709551615"   --->   Operation 44 'specmemcore' 'specmemcore_ln0' <Predicate = true> <Delay = 0.00>
ST_2 : Operation 45 [1/1] (0.00ns)   --->   "%specmemcore_ln0 = specmemcore void @_ssdm_op_SpecMemCore, i8 %localA_0, i64 666, i64 23, i64 18446744073709551615"   --->   Operation 45 'specmemcore' 'specmemcore_ln0' <Predicate = true> <Delay = 0.00>
ST_2 : Operation 46 [1/1] (0.00ns)   --->   "%specmemcore_ln0 = specmemcore void @_ssdm_op_SpecMemCore, i8 %localA_1, i64 666, i64 23, i64 18446744073709551615"   --->   Operation 46 'specmemcore' 'specmemcore_ln0' <Predicate = true> <Delay = 0.00>
ST_2 : Operation 47 [1/1] (0.00ns)   --->   "%specmemcore_ln0 = specmemcore void @_ssdm_op_SpecMemCore, i8 %localA_2, i64 666, i64 23, i64 18446744073709551615"   --->   Operation 47 'specmemcore' 'specmemcore_ln0' <Predicate = true> <Delay = 0.00>
ST_2 : Operation 48 [1/1] (0.00ns)   --->   "%specmemcore_ln0 = specmemcore void @_ssdm_op_SpecMemCore, i8 %localA_3, i64 666, i64 23, i64 18446744073709551615"   --->   Operation 48 'specmemcore' 'specmemcore_ln0' <Predicate = true> <Delay = 0.00>
ST_2 : Operation 49 [1/1] (1.20ns)   --->   "%p_read_1 = read i32 @_ssdm_op_Read.ap_auto.i32, i32 %p_read2"   --->   Operation 49 'read' 'p_read_1' <Predicate = true> <Delay = 1.20> <CoreInst = "FIFO_SRL">   --->   Core 81 'FIFO_SRL' <Latency = 0> <II = 1> <Delay = 1.83> <Storage> <Opcode : 'read' 'write' 'nbread' 'nbwrite'> <Ports = 0> <Width = -1> <Depth = -1> <FIFO>
ST_2 : Operation 50 [1/1] (1.20ns)   --->   "%p_read_2 = read i32 @_ssdm_op_Read.ap_auto.i32, i32 %p_read1"   --->   Operation 50 'read' 'p_read_2' <Predicate = true> <Delay = 1.20> <CoreInst = "FIFO_SRL">   --->   Core 81 'FIFO_SRL' <Latency = 0> <II = 1> <Delay = 1.83> <Storage> <Opcode : 'read' 'write' 'nbread' 'nbwrite'> <Ports = 0> <Width = -1> <Depth = -1> <FIFO>
ST_2 : Operation 51 [1/1] (1.20ns)   --->   "%p_read_3 = read i32 @_ssdm_op_Read.ap_auto.i32, i32 %p_read"   --->   Operation 51 'read' 'p_read_3' <Predicate = true> <Delay = 1.20> <CoreInst = "FIFO_SRL">   --->   Core 81 'FIFO_SRL' <Latency = 0> <II = 1> <Delay = 1.83> <Storage> <Opcode : 'read' 'write' 'nbread' 'nbwrite'> <Ports = 0> <Width = -1> <Depth = -1> <FIFO>
ST_2 : Operation 52 [1/2] (0.00ns)   --->   "%call_ln0 = call void @compute_wrapper_Pipeline_VITIS_LOOP_154_1_VITIS_LOOP_155_2, i16 %tempC, i16 %tempC_1, i16 %tempC_2, i16 %tempC_3, i16 %tempC_4, i16 %tempC_5, i16 %tempC_6, i16 %tempC_7, i16 %tempC_8, i16 %tempC_9, i16 %tempC_10, i16 %tempC_11, i16 %tempC_12, i16 %tempC_13, i16 %tempC_14, i16 %tempC_15"   --->   Operation 52 'call' 'call_ln0' <Predicate = true> <Delay = 0.00> <CoreType = "Generic">   --->   Core 0 '' <Latency = 0> <II = 1> <Delay = 1.00> <Generic> <Opcode : >
ST_2 : Operation 53 [1/1] (0.00ns)   --->   "%br_ln162 = br void %for.inc15" [mmult.cpp:162]   --->   Operation 53 'br' 'br_ln162' <Predicate = true> <Delay = 0.00>

State 3 <SV = 2> <Delay = 2.35>
ST_3 : Operation 54 [1/1] (0.00ns)   --->   "%q_1 = load i3 %q" [mmult.cpp:163]   --->   Operation 54 'load' 'q_1' <Predicate = true> <Delay = 0.00>
ST_3 : Operation 55 [1/1] (0.67ns)   --->   "%icmp_ln162 = icmp_eq  i3 %q_1, i3 4" [mmult.cpp:162]   --->   Operation 55 'icmp' 'icmp_ln162' <Predicate = true> <Delay = 0.67> <CoreInst = "Cmp">   --->   Core 9 'Cmp' <Latency = 0> <II = 1> <Delay = 0.79> <FuncUnit> <Opcode : 'icmp'> <InPorts = 2> <OutPorts = 1>
ST_3 : Operation 56 [1/1] (0.67ns)   --->   "%q_2 = add i3 %q_1, i3 1" [mmult.cpp:162]   --->   Operation 56 'add' 'q_2' <Predicate = true> <Delay = 0.67> <CoreInst = "Adder">   --->   Core 1 'Adder' <Latency = 0> <II = 1> <Delay = 0.67> <FuncUnit> <Opcode : 'add' 'sub'> <InPorts = 2> <OutPorts = 1>
ST_3 : Operation 57 [1/1] (0.00ns)   --->   "%br_ln162 = br i1 %icmp_ln162, void %for.inc15.split, void %for.inc36.preheader" [mmult.cpp:162]   --->   Operation 57 'br' 'br_ln162' <Predicate = true> <Delay = 0.00>
ST_3 : Operation 58 [1/1] (0.00ns)   --->   "%trunc_ln163 = trunc i3 %q_1" [mmult.cpp:163]   --->   Operation 58 'trunc' 'trunc_ln163' <Predicate = (!icmp_ln162)> <Delay = 0.00>
ST_3 : Operation 59 [1/1] (0.00ns)   --->   "%start_k = bitconcatenate i5 @_ssdm_op_BitConcatenate.i5.i2.i3, i2 %trunc_ln163, i3 0" [mmult.cpp:163]   --->   Operation 59 'bitconcatenate' 'start_k' <Predicate = (!icmp_ln162)> <Delay = 0.00>
ST_3 : Operation 60 [1/1] (0.00ns)   --->   "%zext_ln163 = zext i5 %start_k" [mmult.cpp:163]   --->   Operation 60 'zext' 'zext_ln163' <Predicate = (!icmp_ln162)> <Delay = 0.00>
ST_3 : Operation 61 [1/1] (0.78ns)   --->   "%finish_k = add i6 %zext_ln163, i6 8" [mmult.cpp:164]   --->   Operation 61 'add' 'finish_k' <Predicate = (!icmp_ln162)> <Delay = 0.78> <CoreInst = "Adder">   --->   Core 1 'Adder' <Latency = 0> <II = 1> <Delay = 0.78> <FuncUnit> <Opcode : 'add' 'sub'> <InPorts = 2> <OutPorts = 1>
ST_3 : Operation 62 [2/2] (1.56ns)   --->   "%call_ln165 = call void @tile_process.39.405, i8 %localA_0, i8 %localA_1, i8 %localA_2, i8 %localA_3, i8 %localB_0, i8 %localB_1, i8 %localB_2, i8 %localB_3, i16 %tempC, i16 %tempC_1, i16 %tempC_2, i16 %tempC_3, i16 %tempC_4, i16 %tempC_5, i16 %tempC_6, i16 %tempC_7, i16 %tempC_8, i16 %tempC_9, i16 %tempC_10, i16 %tempC_11, i16 %tempC_12, i16 %tempC_13, i16 %tempC_14, i16 %tempC_15, i5 %start_k, i6 %finish_k, i32 %p_read_3, i32 %p_read_2, i32 %p_read_1, i32 %p_read_2" [mmult.cpp:165]   --->   Operation 62 'call' 'call_ln165' <Predicate = (!icmp_ln162)> <Delay = 1.56> <CoreType = "Generic">   --->   Core 0 '' <Latency = 0> <II = 1> <Delay = 1.00> <Generic> <Opcode : >
ST_3 : Operation 63 [1/1] (0.42ns)   --->   "%store_ln162 = store i3 %q_2, i3 %q" [mmult.cpp:162]   --->   Operation 63 'store' 'store_ln162' <Predicate = (!icmp_ln162)> <Delay = 0.42>
ST_3 : Operation 64 [2/2] (0.00ns)   --->   "%call_ln0 = call void @compute_wrapper_Pipeline_VITIS_LOOP_169_4_VITIS_LOOP_170_5, i16 %localC_0_0, i16 %localC_0_1, i16 %localC_0_2, i16 %localC_0_3, i16 %localC_1_0, i16 %localC_1_1, i16 %localC_1_2, i16 %localC_1_3, i16 %localC_2_0, i16 %localC_2_1, i16 %localC_2_2, i16 %localC_2_3, i16 %localC_3_0, i16 %localC_3_1, i16 %localC_3_2, i16 %localC_3_3, i16 %tempC, i16 %tempC_1, i16 %tempC_2, i16 %tempC_3, i16 %tempC_4, i16 %tempC_5, i16 %tempC_6, i16 %tempC_7, i16 %tempC_8, i16 %tempC_9, i16 %tempC_10, i16 %tempC_11, i16 %tempC_12, i16 %tempC_13, i16 %tempC_14, i16 %tempC_15"   --->   Operation 64 'call' 'call_ln0' <Predicate = (icmp_ln162)> <Delay = 0.00> <CoreType = "Generic">   --->   Core 0 '' <Latency = 0> <II = 1> <Delay = 1.00> <Generic> <Opcode : >

State 4 <SV = 3> <Delay = 0.00>
ST_4 : Operation 65 [1/1] (0.00ns)   --->   "%speclooptripcount_ln162 = speclooptripcount void @_ssdm_op_SpecLoopTripCount, i64 4, i64 4, i64 4" [mmult.cpp:162]   --->   Operation 65 'speclooptripcount' 'speclooptripcount_ln162' <Predicate = true> <Delay = 0.00>
ST_4 : Operation 66 [1/1] (0.00ns)   --->   "%specloopname_ln162 = specloopname void @_ssdm_op_SpecLoopName, void @empty_10" [mmult.cpp:162]   --->   Operation 66 'specloopname' 'specloopname_ln162' <Predicate = true> <Delay = 0.00>
ST_4 : Operation 67 [1/2] (0.00ns)   --->   "%call_ln165 = call void @tile_process.39.405, i8 %localA_0, i8 %localA_1, i8 %localA_2, i8 %localA_3, i8 %localB_0, i8 %localB_1, i8 %localB_2, i8 %localB_3, i16 %tempC, i16 %tempC_1, i16 %tempC_2, i16 %tempC_3, i16 %tempC_4, i16 %tempC_5, i16 %tempC_6, i16 %tempC_7, i16 %tempC_8, i16 %tempC_9, i16 %tempC_10, i16 %tempC_11, i16 %tempC_12, i16 %tempC_13, i16 %tempC_14, i16 %tempC_15, i5 %start_k, i6 %finish_k, i32 %p_read_3, i32 %p_read_2, i32 %p_read_1, i32 %p_read_2" [mmult.cpp:165]   --->   Operation 67 'call' 'call_ln165' <Predicate = true> <Delay = 0.00> <CoreType = "Generic">   --->   Core 0 '' <Latency = 0> <II = 1> <Delay = 1.00> <Generic> <Opcode : >
ST_4 : Operation 68 [1/1] (0.00ns)   --->   "%br_ln162 = br void %for.inc15" [mmult.cpp:162]   --->   Operation 68 'br' 'br_ln162' <Predicate = true> <Delay = 0.00>

State 5 <SV = 3> <Delay = 0.00>
ST_5 : Operation 69 [1/2] (0.00ns)   --->   "%call_ln0 = call void @compute_wrapper_Pipeline_VITIS_LOOP_169_4_VITIS_LOOP_170_5, i16 %localC_0_0, i16 %localC_0_1, i16 %localC_0_2, i16 %localC_0_3, i16 %localC_1_0, i16 %localC_1_1, i16 %localC_1_2, i16 %localC_1_3, i16 %localC_2_0, i16 %localC_2_1, i16 %localC_2_2, i16 %localC_2_3, i16 %localC_3_0, i16 %localC_3_1, i16 %localC_3_2, i16 %localC_3_3, i16 %tempC, i16 %tempC_1, i16 %tempC_2, i16 %tempC_3, i16 %tempC_4, i16 %tempC_5, i16 %tempC_6, i16 %tempC_7, i16 %tempC_8, i16 %tempC_9, i16 %tempC_10, i16 %tempC_11, i16 %tempC_12, i16 %tempC_13, i16 %tempC_14, i16 %tempC_15"   --->   Operation 69 'call' 'call_ln0' <Predicate = true> <Delay = 0.00> <CoreType = "Generic">   --->   Core 0 '' <Latency = 0> <II = 1> <Delay = 1.00> <Generic> <Opcode : >
ST_5 : Operation 70 [1/1] (0.00ns)   --->   "%mrv = insertvalue i64 <undef>, i32 %p_read_3" [mmult.cpp:175]   --->   Operation 70 'insertvalue' 'mrv' <Predicate = true> <Delay = 0.00>
ST_5 : Operation 71 [1/1] (0.00ns)   --->   "%mrv_1 = insertvalue i64 %mrv, i32 %p_read_1" [mmult.cpp:175]   --->   Operation 71 'insertvalue' 'mrv_1' <Predicate = true> <Delay = 0.00>
ST_5 : Operation 72 [1/1] (0.00ns)   --->   "%ret_ln175 = ret i64 %mrv_1" [mmult.cpp:175]   --->   Operation 72 'ret' 'ret_ln175' <Predicate = true> <Delay = 0.00>


============================================================
+ Verbose Summary: Binding
============================================================
STG Binding: 
---------------- STG Properties BEGIN ----------------
- Is combinational: 0
- Is one-state seq: 0
- Is datapath-only: 0
- Is pipelined: 0
- Is top level: 0
Port [ Return ] is wired: 1; IO mode=ap_ctrl_hs:ce=0
Port [ localA_0]:  wired=1; compound=1; hidden=0; nouse=0; global=0; static=0; extern=0; dir=0; type=1; pingpong=1; private_global=0; MemPort=[13]; IO mode=ap_memory:ce=0
Port [ localA_1]:  wired=1; compound=1; hidden=0; nouse=0; global=0; static=0; extern=0; dir=0; type=1; pingpong=1; private_global=0; MemPort=[13]; IO mode=ap_memory:ce=0
Port [ localA_2]:  wired=1; compound=1; hidden=0; nouse=0; global=0; static=0; extern=0; dir=0; type=1; pingpong=1; private_global=0; MemPort=[13]; IO mode=ap_memory:ce=0
Port [ localA_3]:  wired=1; compound=1; hidden=0; nouse=0; global=0; static=0; extern=0; dir=0; type=1; pingpong=1; private_global=0; MemPort=[13]; IO mode=ap_memory:ce=0
Port [ localB_0]:  wired=1; compound=1; hidden=0; nouse=0; global=0; static=0; extern=0; dir=0; type=1; pingpong=1; private_global=0; MemPort=[13]; IO mode=ap_memory:ce=0
Port [ localB_1]:  wired=1; compound=1; hidden=0; nouse=0; global=0; static=0; extern=0; dir=0; type=1; pingpong=1; private_global=0; MemPort=[13]; IO mode=ap_memory:ce=0
Port [ localB_2]:  wired=1; compound=1; hidden=0; nouse=0; global=0; static=0; extern=0; dir=0; type=1; pingpong=1; private_global=0; MemPort=[13]; IO mode=ap_memory:ce=0
Port [ localB_3]:  wired=1; compound=1; hidden=0; nouse=0; global=0; static=0; extern=0; dir=0; type=1; pingpong=1; private_global=0; MemPort=[13]; IO mode=ap_memory:ce=0
Port [ localC_0_0]:  wired=1; compound=1; hidden=0; nouse=0; global=0; static=0; extern=0; dir=1; type=1; pingpong=1; private_global=0; MemPort=[30]; IO mode=ap_memory:ce=0
Port [ localC_0_1]:  wired=1; compound=1; hidden=0; nouse=0; global=0; static=0; extern=0; dir=1; type=1; pingpong=1; private_global=0; MemPort=[30]; IO mode=ap_memory:ce=0
Port [ localC_0_2]:  wired=1; compound=1; hidden=0; nouse=0; global=0; static=0; extern=0; dir=1; type=1; pingpong=1; private_global=0; MemPort=[30]; IO mode=ap_memory:ce=0
Port [ localC_0_3]:  wired=1; compound=1; hidden=0; nouse=0; global=0; static=0; extern=0; dir=1; type=1; pingpong=1; private_global=0; MemPort=[30]; IO mode=ap_memory:ce=0
Port [ localC_1_0]:  wired=1; compound=1; hidden=0; nouse=0; global=0; static=0; extern=0; dir=1; type=1; pingpong=1; private_global=0; MemPort=[30]; IO mode=ap_memory:ce=0
Port [ localC_1_1]:  wired=1; compound=1; hidden=0; nouse=0; global=0; static=0; extern=0; dir=1; type=1; pingpong=1; private_global=0; MemPort=[30]; IO mode=ap_memory:ce=0
Port [ localC_1_2]:  wired=1; compound=1; hidden=0; nouse=0; global=0; static=0; extern=0; dir=1; type=1; pingpong=1; private_global=0; MemPort=[30]; IO mode=ap_memory:ce=0
Port [ localC_1_3]:  wired=1; compound=1; hidden=0; nouse=0; global=0; static=0; extern=0; dir=1; type=1; pingpong=1; private_global=0; MemPort=[30]; IO mode=ap_memory:ce=0
Port [ localC_2_0]:  wired=1; compound=1; hidden=0; nouse=0; global=0; static=0; extern=0; dir=1; type=1; pingpong=1; private_global=0; MemPort=[30]; IO mode=ap_memory:ce=0
Port [ localC_2_1]:  wired=1; compound=1; hidden=0; nouse=0; global=0; static=0; extern=0; dir=1; type=1; pingpong=1; private_global=0; MemPort=[30]; IO mode=ap_memory:ce=0
Port [ localC_2_2]:  wired=1; compound=1; hidden=0; nouse=0; global=0; static=0; extern=0; dir=1; type=1; pingpong=1; private_global=0; MemPort=[30]; IO mode=ap_memory:ce=0
Port [ localC_2_3]:  wired=1; compound=1; hidden=0; nouse=0; global=0; static=0; extern=0; dir=1; type=1; pingpong=1; private_global=0; MemPort=[30]; IO mode=ap_memory:ce=0
Port [ localC_3_0]:  wired=1; compound=1; hidden=0; nouse=0; global=0; static=0; extern=0; dir=1; type=1; pingpong=1; private_global=0; MemPort=[30]; IO mode=ap_memory:ce=0
Port [ localC_3_1]:  wired=1; compound=1; hidden=0; nouse=0; global=0; static=0; extern=0; dir=1; type=1; pingpong=1; private_global=0; MemPort=[30]; IO mode=ap_memory:ce=0
Port [ localC_3_2]:  wired=1; compound=1; hidden=0; nouse=0; global=0; static=0; extern=0; dir=1; type=1; pingpong=1; private_global=0; MemPort=[30]; IO mode=ap_memory:ce=0
Port [ localC_3_3]:  wired=1; compound=1; hidden=0; nouse=0; global=0; static=0; extern=0; dir=1; type=1; pingpong=1; private_global=0; MemPort=[30]; IO mode=ap_memory:ce=0
Port [ p_read]:  wired=1; compound=0; hidden=0; nouse=0; global=0; static=0; extern=0; dir=0; type=0; pingpong=0; private_global=0; IO mode=ap_none:ce=0
Port [ p_read1]:  wired=1; compound=0; hidden=0; nouse=0; global=0; static=0; extern=0; dir=0; type=0; pingpong=0; private_global=0; IO mode=ap_none:ce=0
Port [ p_read2]:  wired=1; compound=0; hidden=0; nouse=0; global=0; static=0; extern=0; dir=0; type=0; pingpong=0; private_global=0; IO mode=ap_none:ce=0
---------------- STG Properties END ------------------

---------------- Datapath Model BEGIN ----------------

<LifeTime>
<method=bitvector/>
q                       (alloca           ) [ 011110]
tempC                   (alloca           ) [ 001111]
tempC_1                 (alloca           ) [ 001111]
tempC_2                 (alloca           ) [ 001111]
tempC_3                 (alloca           ) [ 001111]
tempC_4                 (alloca           ) [ 001111]
tempC_5                 (alloca           ) [ 001111]
tempC_6                 (alloca           ) [ 001111]
tempC_7                 (alloca           ) [ 001111]
tempC_8                 (alloca           ) [ 001111]
tempC_9                 (alloca           ) [ 001111]
tempC_10                (alloca           ) [ 001111]
tempC_11                (alloca           ) [ 001111]
tempC_12                (alloca           ) [ 001111]
tempC_13                (alloca           ) [ 001111]
tempC_14                (alloca           ) [ 001111]
tempC_15                (alloca           ) [ 001111]
store_ln162             (store            ) [ 000000]
specmemcore_ln0         (specmemcore      ) [ 000000]
specmemcore_ln0         (specmemcore      ) [ 000000]
specmemcore_ln0         (specmemcore      ) [ 000000]
specmemcore_ln0         (specmemcore      ) [ 000000]
specmemcore_ln0         (specmemcore      ) [ 000000]
specmemcore_ln0         (specmemcore      ) [ 000000]
specmemcore_ln0         (specmemcore      ) [ 000000]
specmemcore_ln0         (specmemcore      ) [ 000000]
specmemcore_ln0         (specmemcore      ) [ 000000]
specmemcore_ln0         (specmemcore      ) [ 000000]
specmemcore_ln0         (specmemcore      ) [ 000000]
specmemcore_ln0         (specmemcore      ) [ 000000]
specmemcore_ln0         (specmemcore      ) [ 000000]
specmemcore_ln0         (specmemcore      ) [ 000000]
specmemcore_ln0         (specmemcore      ) [ 000000]
specmemcore_ln0         (specmemcore      ) [ 000000]
specmemcore_ln0         (specmemcore      ) [ 000000]
specmemcore_ln0         (specmemcore      ) [ 000000]
specmemcore_ln0         (specmemcore      ) [ 000000]
specmemcore_ln0         (specmemcore      ) [ 000000]
specmemcore_ln0         (specmemcore      ) [ 000000]
specmemcore_ln0         (specmemcore      ) [ 000000]
specmemcore_ln0         (specmemcore      ) [ 000000]
specmemcore_ln0         (specmemcore      ) [ 000000]
p_read_1                (read             ) [ 000111]
p_read_2                (read             ) [ 000110]
p_read_3                (read             ) [ 000111]
call_ln0                (call             ) [ 000000]
br_ln162                (br               ) [ 000000]
q_1                     (load             ) [ 000000]
icmp_ln162              (icmp             ) [ 000110]
q_2                     (add              ) [ 000000]
br_ln162                (br               ) [ 000000]
trunc_ln163             (trunc            ) [ 000000]
start_k                 (bitconcatenate   ) [ 000010]
zext_ln163              (zext             ) [ 000000]
finish_k                (add              ) [ 000010]
store_ln162             (store            ) [ 000000]
speclooptripcount_ln162 (speclooptripcount) [ 000000]
specloopname_ln162      (specloopname     ) [ 000000]
call_ln165              (call             ) [ 000000]
br_ln162                (br               ) [ 000000]
call_ln0                (call             ) [ 000000]
mrv                     (insertvalue      ) [ 000000]
mrv_1                   (insertvalue      ) [ 000000]
ret_ln175               (ret              ) [ 000000]
</LifeTime>

<model>

<comp_list>
<comp id="0" class="1000" name="localA_0">
<pin_list>
<pin id="1" dir="1" index="0" bw="1" slack="0"/>
</pin_list>
<bind>
<StgValue><ssdm name="localA_0"/><MemPortTyVec>1 3 </MemPortTyVec>
</StgValue>
</bind>
</comp>

<comp id="2" class="1000" name="localA_1">
<pin_list>
<pin id="3" dir="1" index="0" bw="1" slack="0"/>
</pin_list>
<bind>
<StgValue><ssdm name="localA_1"/><MemPortTyVec>1 3 </MemPortTyVec>
</StgValue>
</bind>
</comp>

<comp id="4" class="1000" name="localA_2">
<pin_list>
<pin id="5" dir="1" index="0" bw="1" slack="0"/>
</pin_list>
<bind>
<StgValue><ssdm name="localA_2"/><MemPortTyVec>1 3 </MemPortTyVec>
</StgValue>
</bind>
</comp>

<comp id="6" class="1000" name="localA_3">
<pin_list>
<pin id="7" dir="1" index="0" bw="1" slack="0"/>
</pin_list>
<bind>
<StgValue><ssdm name="localA_3"/><MemPortTyVec>1 3 </MemPortTyVec>
</StgValue>
</bind>
</comp>

<comp id="8" class="1000" name="localB_0">
<pin_list>
<pin id="9" dir="1" index="0" bw="1" slack="0"/>
</pin_list>
<bind>
<StgValue><ssdm name="localB_0"/><MemPortTyVec>1 3 </MemPortTyVec>
</StgValue>
</bind>
</comp>

<comp id="10" class="1000" name="localB_1">
<pin_list>
<pin id="11" dir="1" index="0" bw="1" slack="0"/>
</pin_list>
<bind>
<StgValue><ssdm name="localB_1"/><MemPortTyVec>1 3 </MemPortTyVec>
</StgValue>
</bind>
</comp>

<comp id="12" class="1000" name="localB_2">
<pin_list>
<pin id="13" dir="1" index="0" bw="1" slack="0"/>
</pin_list>
<bind>
<StgValue><ssdm name="localB_2"/><MemPortTyVec>1 3 </MemPortTyVec>
</StgValue>
</bind>
</comp>

<comp id="14" class="1000" name="localB_3">
<pin_list>
<pin id="15" dir="1" index="0" bw="1" slack="0"/>
</pin_list>
<bind>
<StgValue><ssdm name="localB_3"/><MemPortTyVec>1 3 </MemPortTyVec>
</StgValue>
</bind>
</comp>

<comp id="16" class="1000" name="localC_0_0">
<pin_list>
<pin id="17" dir="1" index="0" bw="1" slack="0"/>
</pin_list>
<bind>
<StgValue><ssdm name="localC_0_0"/><MemPortTyVec>3 0 </MemPortTyVec>
</StgValue>
</bind>
</comp>

<comp id="18" class="1000" name="localC_0_1">
<pin_list>
<pin id="19" dir="1" index="0" bw="1" slack="0"/>
</pin_list>
<bind>
<StgValue><ssdm name="localC_0_1"/><MemPortTyVec>3 0 </MemPortTyVec>
</StgValue>
</bind>
</comp>

<comp id="20" class="1000" name="localC_0_2">
<pin_list>
<pin id="21" dir="1" index="0" bw="1" slack="0"/>
</pin_list>
<bind>
<StgValue><ssdm name="localC_0_2"/><MemPortTyVec>3 0 </MemPortTyVec>
</StgValue>
</bind>
</comp>

<comp id="22" class="1000" name="localC_0_3">
<pin_list>
<pin id="23" dir="1" index="0" bw="1" slack="0"/>
</pin_list>
<bind>
<StgValue><ssdm name="localC_0_3"/><MemPortTyVec>3 0 </MemPortTyVec>
</StgValue>
</bind>
</comp>

<comp id="24" class="1000" name="localC_1_0">
<pin_list>
<pin id="25" dir="1" index="0" bw="1" slack="0"/>
</pin_list>
<bind>
<StgValue><ssdm name="localC_1_0"/><MemPortTyVec>3 0 </MemPortTyVec>
</StgValue>
</bind>
</comp>

<comp id="26" class="1000" name="localC_1_1">
<pin_list>
<pin id="27" dir="1" index="0" bw="1" slack="0"/>
</pin_list>
<bind>
<StgValue><ssdm name="localC_1_1"/><MemPortTyVec>3 0 </MemPortTyVec>
</StgValue>
</bind>
</comp>

<comp id="28" class="1000" name="localC_1_2">
<pin_list>
<pin id="29" dir="1" index="0" bw="1" slack="0"/>
</pin_list>
<bind>
<StgValue><ssdm name="localC_1_2"/><MemPortTyVec>3 0 </MemPortTyVec>
</StgValue>
</bind>
</comp>

<comp id="30" class="1000" name="localC_1_3">
<pin_list>
<pin id="31" dir="1" index="0" bw="1" slack="0"/>
</pin_list>
<bind>
<StgValue><ssdm name="localC_1_3"/><MemPortTyVec>3 0 </MemPortTyVec>
</StgValue>
</bind>
</comp>

<comp id="32" class="1000" name="localC_2_0">
<pin_list>
<pin id="33" dir="1" index="0" bw="1" slack="0"/>
</pin_list>
<bind>
<StgValue><ssdm name="localC_2_0"/><MemPortTyVec>3 0 </MemPortTyVec>
</StgValue>
</bind>
</comp>

<comp id="34" class="1000" name="localC_2_1">
<pin_list>
<pin id="35" dir="1" index="0" bw="1" slack="0"/>
</pin_list>
<bind>
<StgValue><ssdm name="localC_2_1"/><MemPortTyVec>3 0 </MemPortTyVec>
</StgValue>
</bind>
</comp>

<comp id="36" class="1000" name="localC_2_2">
<pin_list>
<pin id="37" dir="1" index="0" bw="1" slack="0"/>
</pin_list>
<bind>
<StgValue><ssdm name="localC_2_2"/><MemPortTyVec>3 0 </MemPortTyVec>
</StgValue>
</bind>
</comp>

<comp id="38" class="1000" name="localC_2_3">
<pin_list>
<pin id="39" dir="1" index="0" bw="1" slack="0"/>
</pin_list>
<bind>
<StgValue><ssdm name="localC_2_3"/><MemPortTyVec>3 0 </MemPortTyVec>
</StgValue>
</bind>
</comp>

<comp id="40" class="1000" name="localC_3_0">
<pin_list>
<pin id="41" dir="1" index="0" bw="1" slack="0"/>
</pin_list>
<bind>
<StgValue><ssdm name="localC_3_0"/><MemPortTyVec>3 0 </MemPortTyVec>
</StgValue>
</bind>
</comp>

<comp id="42" class="1000" name="localC_3_1">
<pin_list>
<pin id="43" dir="1" index="0" bw="1" slack="0"/>
</pin_list>
<bind>
<StgValue><ssdm name="localC_3_1"/><MemPortTyVec>3 0 </MemPortTyVec>
</StgValue>
</bind>
</comp>

<comp id="44" class="1000" name="localC_3_2">
<pin_list>
<pin id="45" dir="1" index="0" bw="1" slack="0"/>
</pin_list>
<bind>
<StgValue><ssdm name="localC_3_2"/><MemPortTyVec>3 0 </MemPortTyVec>
</StgValue>
</bind>
</comp>

<comp id="46" class="1000" name="localC_3_3">
<pin_list>
<pin id="47" dir="1" index="0" bw="1" slack="0"/>
</pin_list>
<bind>
<StgValue><ssdm name="localC_3_3"/><MemPortTyVec>3 0 </MemPortTyVec>
</StgValue>
</bind>
</comp>

<comp id="48" class="1000" name="p_read">
<pin_list>
<pin id="49" dir="1" index="0" bw="1" slack="0"/>
</pin_list>
<bind>
<StgValue><ssdm name="p_read"/></StgValue>
</bind>
</comp>

<comp id="50" class="1000" name="p_read1">
<pin_list>
<pin id="51" dir="1" index="0" bw="1" slack="0"/>
</pin_list>
<bind>
<StgValue><ssdm name="p_read1"/></StgValue>
</bind>
</comp>

<comp id="52" class="1000" name="p_read2">
<pin_list>
<pin id="53" dir="1" index="0" bw="1" slack="0"/>
</pin_list>
<bind>
<StgValue><ssdm name="p_read2"/></StgValue>
</bind>
</comp>

<comp id="54" class="1001" name="const_54">
<pin_list>
<pin id="55" dir="1" index="0" bw="1" slack="0"/>
</pin_list>
<bind>
<StgValue><ssdm name=""/></StgValue>
</bind>
</comp>

<comp id="56" class="1001" name="const_56">
<pin_list>
<pin id="57" dir="1" index="0" bw="1" slack="0"/>
</pin_list>
<bind>
<StgValue><ssdm name=""/></StgValue>
</bind>
</comp>

<comp id="58" class="1001" name="const_58">
<pin_list>
<pin id="59" dir="1" index="0" bw="1" slack="0"/>
</pin_list>
<bind>
<StgValue><ssdm name="compute_wrapper_Pipeline_VITIS_LOOP_154_1_VITIS_LOOP_155_2"/></StgValue>
</bind>
</comp>

<comp id="60" class="1001" name="const_60">
<pin_list>
<pin id="61" dir="1" index="0" bw="1" slack="0"/>
</pin_list>
<bind>
<StgValue><ssdm name=""/></StgValue>
</bind>
</comp>

<comp id="62" class="1001" name="const_62">
<pin_list>
<pin id="63" dir="1" index="0" bw="1" slack="2147483647"/>
</pin_list>
<bind>
<StgValue><ssdm name="_ssdm_op_SpecMemCore"/></StgValue>
</bind>
</comp>

<comp id="64" class="1001" name="const_64">
<pin_list>
<pin id="65" dir="1" index="0" bw="1" slack="2147483647"/>
</pin_list>
<bind>
<StgValue><ssdm name=""/></StgValue>
</bind>
</comp>

<comp id="66" class="1001" name="const_66">
<pin_list>
<pin id="67" dir="1" index="0" bw="1" slack="2147483647"/>
</pin_list>
<bind>
<StgValue><ssdm name=""/></StgValue>
</bind>
</comp>

<comp id="68" class="1001" name="const_68">
<pin_list>
<pin id="69" dir="1" index="0" bw="1" slack="2147483647"/>
</pin_list>
<bind>
<StgValue><ssdm name=""/></StgValue>
</bind>
</comp>

<comp id="70" class="1001" name="const_70">
<pin_list>
<pin id="71" dir="1" index="0" bw="1" slack="2147483647"/>
</pin_list>
<bind>
<StgValue><ssdm name=""/></StgValue>
</bind>
</comp>

<comp id="72" class="1001" name="const_72">
<pin_list>
<pin id="73" dir="1" index="0" bw="1" slack="0"/>
</pin_list>
<bind>
<StgValue><ssdm name="_ssdm_op_Read.ap_auto.i32"/></StgValue>
</bind>
</comp>

<comp id="74" class="1001" name="const_74">
<pin_list>
<pin id="75" dir="1" index="0" bw="1" slack="0"/>
</pin_list>
<bind>
<StgValue><ssdm name=""/></StgValue>
</bind>
</comp>

<comp id="76" class="1001" name="const_76">
<pin_list>
<pin id="77" dir="1" index="0" bw="1" slack="0"/>
</pin_list>
<bind>
<StgValue><ssdm name=""/></StgValue>
</bind>
</comp>

<comp id="78" class="1001" name="const_78">
<pin_list>
<pin id="79" dir="1" index="0" bw="1" slack="0"/>
</pin_list>
<bind>
<StgValue><ssdm name="_ssdm_op_BitConcatenate.i5.i2.i3"/></StgValue>
</bind>
</comp>

<comp id="80" class="1001" name="const_80">
<pin_list>
<pin id="81" dir="1" index="0" bw="1" slack="0"/>
</pin_list>
<bind>
<StgValue><ssdm name=""/></StgValue>
</bind>
</comp>

<comp id="82" class="1001" name="const_82">
<pin_list>
<pin id="83" dir="1" index="0" bw="1" slack="0"/>
</pin_list>
<bind>
<StgValue><ssdm name="tile_process.39.405"/></StgValue>
</bind>
</comp>

<comp id="84" class="1001" name="const_84">
<pin_list>
<pin id="85" dir="1" index="0" bw="1" slack="0"/>
</pin_list>
<bind>
<StgValue><ssdm name="compute_wrapper_Pipeline_VITIS_LOOP_169_4_VITIS_LOOP_170_5"/></StgValue>
</bind>
</comp>

<comp id="86" class="1001" name="const_86">
<pin_list>
<pin id="87" dir="1" index="0" bw="1" slack="2147483647"/>
</pin_list>
<bind>
<StgValue><ssdm name="_ssdm_op_SpecLoopTripCount"/></StgValue>
</bind>
</comp>

<comp id="88" class="1001" name="const_88">
<pin_list>
<pin id="89" dir="1" index="0" bw="1" slack="2147483647"/>
</pin_list>
<bind>
<StgValue><ssdm name=""/></StgValue>
</bind>
</comp>

<comp id="90" class="1001" name="const_90">
<pin_list>
<pin id="91" dir="1" index="0" bw="1" slack="2147483647"/>
</pin_list>
<bind>
<StgValue><ssdm name="_ssdm_op_SpecLoopName"/></StgValue>
</bind>
</comp>

<comp id="92" class="1001" name="const_92">
<pin_list>
<pin id="93" dir="1" index="0" bw="1" slack="2147483647"/>
</pin_list>
<bind>
<StgValue><ssdm name="empty_10"/></StgValue>
</bind>
</comp>

<comp id="94" class="1001" name="const_94">
<pin_list>
<pin id="95" dir="1" index="0" bw="1" slack="0"/>
</pin_list>
<bind>
<StgValue><ssdm name=""/></StgValue>
</bind>
</comp>

<comp id="96" class="1004" name="q_fu_96">
<pin_list>
<pin id="97" dir="0" index="0" bw="1" slack="0"/>
<pin id="98" dir="1" index="1" bw="3" slack="0"/>
</pin_list>
<bind>
<opcode="alloca(26) " fcode="alloca"/>
<opset="q/1 "/>
</bind>
</comp>

<comp id="100" class="1004" name="tempC_alloca_fu_100">
<pin_list>
<pin id="101" dir="0" index="0" bw="1" slack="0"/>
<pin id="102" dir="1" index="1" bw="16" slack="0"/>
</pin_list>
<bind>
<opcode="alloca(26) " fcode="alloca"/>
<opset="tempC/1 "/>
</bind>
</comp>

<comp id="104" class="1004" name="tempC_1_alloca_fu_104">
<pin_list>
<pin id="105" dir="0" index="0" bw="1" slack="0"/>
<pin id="106" dir="1" index="1" bw="16" slack="0"/>
</pin_list>
<bind>
<opcode="alloca(26) " fcode="alloca"/>
<opset="tempC_1/1 "/>
</bind>
</comp>

<comp id="108" class="1004" name="tempC_2_alloca_fu_108">
<pin_list>
<pin id="109" dir="0" index="0" bw="1" slack="0"/>
<pin id="110" dir="1" index="1" bw="16" slack="0"/>
</pin_list>
<bind>
<opcode="alloca(26) " fcode="alloca"/>
<opset="tempC_2/1 "/>
</bind>
</comp>

<comp id="112" class="1004" name="tempC_3_alloca_fu_112">
<pin_list>
<pin id="113" dir="0" index="0" bw="1" slack="0"/>
<pin id="114" dir="1" index="1" bw="16" slack="0"/>
</pin_list>
<bind>
<opcode="alloca(26) " fcode="alloca"/>
<opset="tempC_3/1 "/>
</bind>
</comp>

<comp id="116" class="1004" name="tempC_4_alloca_fu_116">
<pin_list>
<pin id="117" dir="0" index="0" bw="1" slack="0"/>
<pin id="118" dir="1" index="1" bw="16" slack="0"/>
</pin_list>
<bind>
<opcode="alloca(26) " fcode="alloca"/>
<opset="tempC_4/1 "/>
</bind>
</comp>

<comp id="120" class="1004" name="tempC_5_alloca_fu_120">
<pin_list>
<pin id="121" dir="0" index="0" bw="1" slack="0"/>
<pin id="122" dir="1" index="1" bw="16" slack="0"/>
</pin_list>
<bind>
<opcode="alloca(26) " fcode="alloca"/>
<opset="tempC_5/1 "/>
</bind>
</comp>

<comp id="124" class="1004" name="tempC_6_alloca_fu_124">
<pin_list>
<pin id="125" dir="0" index="0" bw="1" slack="0"/>
<pin id="126" dir="1" index="1" bw="16" slack="0"/>
</pin_list>
<bind>
<opcode="alloca(26) " fcode="alloca"/>
<opset="tempC_6/1 "/>
</bind>
</comp>

<comp id="128" class="1004" name="tempC_7_alloca_fu_128">
<pin_list>
<pin id="129" dir="0" index="0" bw="1" slack="0"/>
<pin id="130" dir="1" index="1" bw="16" slack="0"/>
</pin_list>
<bind>
<opcode="alloca(26) " fcode="alloca"/>
<opset="tempC_7/1 "/>
</bind>
</comp>

<comp id="132" class="1004" name="tempC_8_alloca_fu_132">
<pin_list>
<pin id="133" dir="0" index="0" bw="1" slack="0"/>
<pin id="134" dir="1" index="1" bw="16" slack="0"/>
</pin_list>
<bind>
<opcode="alloca(26) " fcode="alloca"/>
<opset="tempC_8/1 "/>
</bind>
</comp>

<comp id="136" class="1004" name="tempC_9_alloca_fu_136">
<pin_list>
<pin id="137" dir="0" index="0" bw="1" slack="0"/>
<pin id="138" dir="1" index="1" bw="16" slack="0"/>
</pin_list>
<bind>
<opcode="alloca(26) " fcode="alloca"/>
<opset="tempC_9/1 "/>
</bind>
</comp>

<comp id="140" class="1004" name="tempC_10_alloca_fu_140">
<pin_list>
<pin id="141" dir="0" index="0" bw="1" slack="0"/>
<pin id="142" dir="1" index="1" bw="16" slack="0"/>
</pin_list>
<bind>
<opcode="alloca(26) " fcode="alloca"/>
<opset="tempC_10/1 "/>
</bind>
</comp>

<comp id="144" class="1004" name="tempC_11_alloca_fu_144">
<pin_list>
<pin id="145" dir="0" index="0" bw="1" slack="0"/>
<pin id="146" dir="1" index="1" bw="16" slack="0"/>
</pin_list>
<bind>
<opcode="alloca(26) " fcode="alloca"/>
<opset="tempC_11/1 "/>
</bind>
</comp>

<comp id="148" class="1004" name="tempC_12_alloca_fu_148">
<pin_list>
<pin id="149" dir="0" index="0" bw="1" slack="0"/>
<pin id="150" dir="1" index="1" bw="16" slack="0"/>
</pin_list>
<bind>
<opcode="alloca(26) " fcode="alloca"/>
<opset="tempC_12/1 "/>
</bind>
</comp>

<comp id="152" class="1004" name="tempC_13_alloca_fu_152">
<pin_list>
<pin id="153" dir="0" index="0" bw="1" slack="0"/>
<pin id="154" dir="1" index="1" bw="16" slack="0"/>
</pin_list>
<bind>
<opcode="alloca(26) " fcode="alloca"/>
<opset="tempC_13/1 "/>
</bind>
</comp>

<comp id="156" class="1004" name="tempC_14_alloca_fu_156">
<pin_list>
<pin id="157" dir="0" index="0" bw="1" slack="0"/>
<pin id="158" dir="1" index="1" bw="16" slack="0"/>
</pin_list>
<bind>
<opcode="alloca(26) " fcode="alloca"/>
<opset="tempC_14/1 "/>
</bind>
</comp>

<comp id="160" class="1004" name="tempC_15_alloca_fu_160">
<pin_list>
<pin id="161" dir="0" index="0" bw="1" slack="0"/>
<pin id="162" dir="1" index="1" bw="16" slack="0"/>
</pin_list>
<bind>
<opcode="alloca(26) " fcode="alloca"/>
<opset="tempC_15/1 "/>
</bind>
</comp>

<comp id="164" class="1004" name="p_read_1_read_fu_164">
<pin_list>
<pin id="165" dir="0" index="0" bw="32" slack="0"/>
<pin id="166" dir="0" index="1" bw="32" slack="0"/>
<pin id="167" dir="1" index="2" bw="32" slack="1"/>
</pin_list>
<bind>
<opcode="read(1150) " fcode="read"/>
<opset="p_read_1/2 "/>
</bind>
</comp>

<comp id="170" class="1004" name="p_read_2_read_fu_170">
<pin_list>
<pin id="171" dir="0" index="0" bw="32" slack="0"/>
<pin id="172" dir="0" index="1" bw="32" slack="0"/>
<pin id="173" dir="1" index="2" bw="32" slack="1"/>
</pin_list>
<bind>
<opcode="read(1150) " fcode="read"/>
<opset="p_read_2/2 "/>
</bind>
</comp>

<comp id="176" class="1004" name="p_read_3_read_fu_176">
<pin_list>
<pin id="177" dir="0" index="0" bw="32" slack="0"/>
<pin id="178" dir="0" index="1" bw="32" slack="0"/>
<pin id="179" dir="1" index="2" bw="32" slack="1"/>
</pin_list>
<bind>
<opcode="read(1150) " fcode="read"/>
<opset="p_read_3/2 "/>
</bind>
</comp>

<comp id="182" class="1004" name="grp_compute_wrapper_Pipeline_VITIS_LOOP_154_1_VITIS_LOOP_155_2_fu_182">
<pin_list>
<pin id="183" dir="0" index="0" bw="0" slack="0"/>
<pin id="184" dir="0" index="1" bw="16" slack="0"/>
<pin id="185" dir="0" index="2" bw="16" slack="0"/>
<pin id="186" dir="0" index="3" bw="16" slack="0"/>
<pin id="187" dir="0" index="4" bw="16" slack="0"/>
<pin id="188" dir="0" index="5" bw="16" slack="0"/>
<pin id="189" dir="0" index="6" bw="16" slack="0"/>
<pin id="190" dir="0" index="7" bw="16" slack="0"/>
<pin id="191" dir="0" index="8" bw="16" slack="0"/>
<pin id="192" dir="0" index="9" bw="16" slack="0"/>
<pin id="193" dir="0" index="10" bw="16" slack="0"/>
<pin id="194" dir="0" index="11" bw="16" slack="0"/>
<pin id="195" dir="0" index="12" bw="16" slack="0"/>
<pin id="196" dir="0" index="13" bw="16" slack="0"/>
<pin id="197" dir="0" index="14" bw="16" slack="0"/>
<pin id="198" dir="0" index="15" bw="16" slack="0"/>
<pin id="199" dir="0" index="16" bw="16" slack="0"/>
<pin id="200" dir="1" index="17" bw="0" slack="2147483647"/>
</pin_list>
<bind>
<opcode="call(48) " fcode="call"/>
<opset="call_ln0/1 "/>
</bind>
</comp>

<comp id="218" class="1004" name="grp_tile_process_39_405_fu_218">
<pin_list>
<pin id="219" dir="0" index="0" bw="0" slack="0"/>
<pin id="220" dir="0" index="1" bw="8" slack="0"/>
<pin id="221" dir="0" index="2" bw="8" slack="0"/>
<pin id="222" dir="0" index="3" bw="8" slack="0"/>
<pin id="223" dir="0" index="4" bw="8" slack="0"/>
<pin id="224" dir="0" index="5" bw="8" slack="0"/>
<pin id="225" dir="0" index="6" bw="8" slack="0"/>
<pin id="226" dir="0" index="7" bw="8" slack="0"/>
<pin id="227" dir="0" index="8" bw="8" slack="0"/>
<pin id="228" dir="0" index="9" bw="16" slack="2147483647"/>
<pin id="229" dir="0" index="10" bw="16" slack="2147483647"/>
<pin id="230" dir="0" index="11" bw="16" slack="2147483647"/>
<pin id="231" dir="0" index="12" bw="16" slack="2147483647"/>
<pin id="232" dir="0" index="13" bw="16" slack="2147483647"/>
<pin id="233" dir="0" index="14" bw="16" slack="2147483647"/>
<pin id="234" dir="0" index="15" bw="16" slack="2147483647"/>
<pin id="235" dir="0" index="16" bw="16" slack="2147483647"/>
<pin id="236" dir="0" index="17" bw="16" slack="2147483647"/>
<pin id="237" dir="0" index="18" bw="16" slack="2147483647"/>
<pin id="238" dir="0" index="19" bw="16" slack="2147483647"/>
<pin id="239" dir="0" index="20" bw="16" slack="2147483647"/>
<pin id="240" dir="0" index="21" bw="16" slack="2147483647"/>
<pin id="241" dir="0" index="22" bw="16" slack="2147483647"/>
<pin id="242" dir="0" index="23" bw="16" slack="2147483647"/>
<pin id="243" dir="0" index="24" bw="16" slack="2147483647"/>
<pin id="244" dir="0" index="25" bw="5" slack="0"/>
<pin id="245" dir="0" index="26" bw="6" slack="0"/>
<pin id="246" dir="0" index="27" bw="32" slack="1"/>
<pin id="247" dir="0" index="28" bw="32" slack="1"/>
<pin id="248" dir="0" index="29" bw="32" slack="1"/>
<pin id="249" dir="0" index="30" bw="32" slack="1"/>
<pin id="250" dir="1" index="31" bw="0" slack="2147483647"/>
</pin_list>
<bind>
<opcode="call(48) " fcode="call"/>
<opset="call_ln165/3 "/>
</bind>
</comp>

<comp id="260" class="1004" name="grp_compute_wrapper_Pipeline_VITIS_LOOP_169_4_VITIS_LOOP_170_5_fu_260">
<pin_list>
<pin id="261" dir="0" index="0" bw="0" slack="0"/>
<pin id="262" dir="0" index="1" bw="16" slack="0"/>
<pin id="263" dir="0" index="2" bw="16" slack="0"/>
<pin id="264" dir="0" index="3" bw="16" slack="0"/>
<pin id="265" dir="0" index="4" bw="16" slack="0"/>
<pin id="266" dir="0" index="5" bw="16" slack="0"/>
<pin id="267" dir="0" index="6" bw="16" slack="0"/>
<pin id="268" dir="0" index="7" bw="16" slack="0"/>
<pin id="269" dir="0" index="8" bw="16" slack="0"/>
<pin id="270" dir="0" index="9" bw="16" slack="0"/>
<pin id="271" dir="0" index="10" bw="16" slack="0"/>
<pin id="272" dir="0" index="11" bw="16" slack="0"/>
<pin id="273" dir="0" index="12" bw="16" slack="0"/>
<pin id="274" dir="0" index="13" bw="16" slack="0"/>
<pin id="275" dir="0" index="14" bw="16" slack="0"/>
<pin id="276" dir="0" index="15" bw="16" slack="0"/>
<pin id="277" dir="0" index="16" bw="16" slack="0"/>
<pin id="278" dir="0" index="17" bw="16" slack="2147483647"/>
<pin id="279" dir="0" index="18" bw="16" slack="2147483647"/>
<pin id="280" dir="0" index="19" bw="16" slack="2147483647"/>
<pin id="281" dir="0" index="20" bw="16" slack="2147483647"/>
<pin id="282" dir="0" index="21" bw="16" slack="2147483647"/>
<pin id="283" dir="0" index="22" bw="16" slack="2147483647"/>
<pin id="284" dir="0" index="23" bw="16" slack="2147483647"/>
<pin id="285" dir="0" index="24" bw="16" slack="2147483647"/>
<pin id="286" dir="0" index="25" bw="16" slack="2147483647"/>
<pin id="287" dir="0" index="26" bw="16" slack="2147483647"/>
<pin id="288" dir="0" index="27" bw="16" slack="2147483647"/>
<pin id="289" dir="0" index="28" bw="16" slack="2147483647"/>
<pin id="290" dir="0" index="29" bw="16" slack="2147483647"/>
<pin id="291" dir="0" index="30" bw="16" slack="2147483647"/>
<pin id="292" dir="0" index="31" bw="16" slack="2147483647"/>
<pin id="293" dir="0" index="32" bw="16" slack="2147483647"/>
<pin id="294" dir="1" index="33" bw="0" slack="2147483647"/>
</pin_list>
<bind>
<opcode="call(48) " fcode="call"/>
<opset="call_ln0/3 "/>
</bind>
</comp>

<comp id="312" class="1004" name="store_ln162_store_fu_312">
<pin_list>
<pin id="313" dir="0" index="0" bw="1" slack="0"/>
<pin id="314" dir="0" index="1" bw="3" slack="0"/>
<pin id="315" dir="1" index="2" bw="0" slack="2147483647"/>
</pin_list>
<bind>
<opcode="store(28) " fcode="store"/>
<opset="store_ln162/1 "/>
</bind>
</comp>

<comp id="317" class="1004" name="q_1_load_fu_317">
<pin_list>
<pin id="318" dir="0" index="0" bw="3" slack="2"/>
<pin id="319" dir="1" index="1" bw="3" slack="0"/>
</pin_list>
<bind>
<opcode="load(27) " fcode="load"/>
<opset="q_1/3 "/>
</bind>
</comp>

<comp id="320" class="1004" name="icmp_ln162_fu_320">
<pin_list>
<pin id="321" dir="0" index="0" bw="3" slack="0"/>
<pin id="322" dir="0" index="1" bw="3" slack="0"/>
<pin id="323" dir="1" index="2" bw="1" slack="2147483647"/>
</pin_list>
<bind>
<opcode="icmp(45) " fcode="icmp"/>
<opset="icmp_ln162/3 "/>
</bind>
</comp>

<comp id="326" class="1004" name="q_2_fu_326">
<pin_list>
<pin id="327" dir="0" index="0" bw="3" slack="0"/>
<pin id="328" dir="0" index="1" bw="1" slack="0"/>
<pin id="329" dir="1" index="2" bw="3" slack="0"/>
</pin_list>
<bind>
<opcode="add(8) " fcode="add"/>
<opset="q_2/3 "/>
</bind>
</comp>

<comp id="332" class="1004" name="trunc_ln163_fu_332">
<pin_list>
<pin id="333" dir="0" index="0" bw="3" slack="0"/>
<pin id="334" dir="1" index="1" bw="2" slack="0"/>
</pin_list>
<bind>
<opcode="trunc(33) " fcode="trunc"/>
<opset="trunc_ln163/3 "/>
</bind>
</comp>

<comp id="336" class="1004" name="start_k_fu_336">
<pin_list>
<pin id="337" dir="0" index="0" bw="5" slack="0"/>
<pin id="338" dir="0" index="1" bw="2" slack="0"/>
<pin id="339" dir="0" index="2" bw="1" slack="0"/>
<pin id="340" dir="1" index="3" bw="5" slack="0"/>
</pin_list>
<bind>
<opcode="bitconcatenate(1004) " fcode="bitconcatenate"/>
<opset="start_k/3 "/>
</bind>
</comp>

<comp id="345" class="1004" name="zext_ln163_fu_345">
<pin_list>
<pin id="346" dir="0" index="0" bw="5" slack="0"/>
<pin id="347" dir="1" index="1" bw="6" slack="0"/>
</pin_list>
<bind>
<opcode="zext(34) " fcode="zext"/>
<opset="zext_ln163/3 "/>
</bind>
</comp>

<comp id="349" class="1004" name="finish_k_fu_349">
<pin_list>
<pin id="350" dir="0" index="0" bw="5" slack="0"/>
<pin id="351" dir="0" index="1" bw="5" slack="0"/>
<pin id="352" dir="1" index="2" bw="6" slack="0"/>
</pin_list>
<bind>
<opcode="add(8) " fcode="add"/>
<opset="finish_k/3 "/>
</bind>
</comp>

<comp id="356" class="1004" name="store_ln162_store_fu_356">
<pin_list>
<pin id="357" dir="0" index="0" bw="3" slack="0"/>
<pin id="358" dir="0" index="1" bw="3" slack="2"/>
<pin id="359" dir="1" index="2" bw="0" slack="2147483647"/>
</pin_list>
<bind>
<opcode="store(28) " fcode="store"/>
<opset="store_ln162/3 "/>
</bind>
</comp>

<comp id="361" class="1004" name="mrv_fu_361">
<pin_list>
<pin id="362" dir="0" index="0" bw="64" slack="0"/>
<pin id="363" dir="0" index="1" bw="32" slack="2"/>
<pin id="364" dir="1" index="2" bw="64" slack="0"/>
</pin_list>
<bind>
<opcode="insertvalue(57) " fcode="insertvalue"/>
<opset="mrv/5 "/>
</bind>
</comp>

<comp id="366" class="1004" name="mrv_1_fu_366">
<pin_list>
<pin id="367" dir="0" index="0" bw="64" slack="0"/>
<pin id="368" dir="0" index="1" bw="32" slack="2"/>
<pin id="369" dir="1" index="2" bw="64" slack="2147483647"/>
</pin_list>
<bind>
<opcode="insertvalue(57) " fcode="insertvalue"/>
<opset="mrv_1/5 "/>
</bind>
</comp>

<comp id="371" class="1005" name="q_reg_371">
<pin_list>
<pin id="372" dir="0" index="0" bw="3" slack="0"/>
<pin id="373" dir="1" index="1" bw="3" slack="0"/>
</pin_list>
<bind>
<opset="q "/>
</bind>
</comp>

<comp id="378" class="1005" name="p_read_1_reg_378">
<pin_list>
<pin id="379" dir="0" index="0" bw="32" slack="1"/>
<pin id="380" dir="1" index="1" bw="32" slack="1"/>
</pin_list>
<bind>
<opset="p_read_1 "/>
</bind>
</comp>

<comp id="384" class="1005" name="p_read_2_reg_384">
<pin_list>
<pin id="385" dir="0" index="0" bw="32" slack="1"/>
<pin id="386" dir="1" index="1" bw="32" slack="1"/>
</pin_list>
<bind>
<opset="p_read_2 "/>
</bind>
</comp>

<comp id="390" class="1005" name="p_read_3_reg_390">
<pin_list>
<pin id="391" dir="0" index="0" bw="32" slack="1"/>
<pin id="392" dir="1" index="1" bw="32" slack="1"/>
</pin_list>
<bind>
<opset="p_read_3 "/>
</bind>
</comp>

<comp id="399" class="1005" name="start_k_reg_399">
<pin_list>
<pin id="400" dir="0" index="0" bw="5" slack="1"/>
<pin id="401" dir="1" index="1" bw="5" slack="1"/>
</pin_list>
<bind>
<opset="start_k "/>
</bind>
</comp>

<comp id="404" class="1005" name="finish_k_reg_404">
<pin_list>
<pin id="405" dir="0" index="0" bw="6" slack="1"/>
<pin id="406" dir="1" index="1" bw="6" slack="1"/>
</pin_list>
<bind>
<opset="finish_k "/>
</bind>
</comp>

</comp_list>

<net_list>
<net id="99"><net_src comp="54" pin="0"/><net_sink comp="96" pin=0"/></net>

<net id="103"><net_src comp="56" pin="0"/><net_sink comp="100" pin=0"/></net>

<net id="107"><net_src comp="56" pin="0"/><net_sink comp="104" pin=0"/></net>

<net id="111"><net_src comp="56" pin="0"/><net_sink comp="108" pin=0"/></net>

<net id="115"><net_src comp="56" pin="0"/><net_sink comp="112" pin=0"/></net>

<net id="119"><net_src comp="56" pin="0"/><net_sink comp="116" pin=0"/></net>

<net id="123"><net_src comp="56" pin="0"/><net_sink comp="120" pin=0"/></net>

<net id="127"><net_src comp="56" pin="0"/><net_sink comp="124" pin=0"/></net>

<net id="131"><net_src comp="56" pin="0"/><net_sink comp="128" pin=0"/></net>

<net id="135"><net_src comp="56" pin="0"/><net_sink comp="132" pin=0"/></net>

<net id="139"><net_src comp="56" pin="0"/><net_sink comp="136" pin=0"/></net>

<net id="143"><net_src comp="56" pin="0"/><net_sink comp="140" pin=0"/></net>

<net id="147"><net_src comp="56" pin="0"/><net_sink comp="144" pin=0"/></net>

<net id="151"><net_src comp="56" pin="0"/><net_sink comp="148" pin=0"/></net>

<net id="155"><net_src comp="56" pin="0"/><net_sink comp="152" pin=0"/></net>

<net id="159"><net_src comp="56" pin="0"/><net_sink comp="156" pin=0"/></net>

<net id="163"><net_src comp="56" pin="0"/><net_sink comp="160" pin=0"/></net>

<net id="168"><net_src comp="72" pin="0"/><net_sink comp="164" pin=0"/></net>

<net id="169"><net_src comp="52" pin="0"/><net_sink comp="164" pin=1"/></net>

<net id="174"><net_src comp="72" pin="0"/><net_sink comp="170" pin=0"/></net>

<net id="175"><net_src comp="50" pin="0"/><net_sink comp="170" pin=1"/></net>

<net id="180"><net_src comp="72" pin="0"/><net_sink comp="176" pin=0"/></net>

<net id="181"><net_src comp="48" pin="0"/><net_sink comp="176" pin=1"/></net>

<net id="201"><net_src comp="58" pin="0"/><net_sink comp="182" pin=0"/></net>

<net id="202"><net_src comp="100" pin="1"/><net_sink comp="182" pin=1"/></net>

<net id="203"><net_src comp="104" pin="1"/><net_sink comp="182" pin=2"/></net>

<net id="204"><net_src comp="108" pin="1"/><net_sink comp="182" pin=3"/></net>

<net id="205"><net_src comp="112" pin="1"/><net_sink comp="182" pin=4"/></net>

<net id="206"><net_src comp="116" pin="1"/><net_sink comp="182" pin=5"/></net>

<net id="207"><net_src comp="120" pin="1"/><net_sink comp="182" pin=6"/></net>

<net id="208"><net_src comp="124" pin="1"/><net_sink comp="182" pin=7"/></net>

<net id="209"><net_src comp="128" pin="1"/><net_sink comp="182" pin=8"/></net>

<net id="210"><net_src comp="132" pin="1"/><net_sink comp="182" pin=9"/></net>

<net id="211"><net_src comp="136" pin="1"/><net_sink comp="182" pin=10"/></net>

<net id="212"><net_src comp="140" pin="1"/><net_sink comp="182" pin=11"/></net>

<net id="213"><net_src comp="144" pin="1"/><net_sink comp="182" pin=12"/></net>

<net id="214"><net_src comp="148" pin="1"/><net_sink comp="182" pin=13"/></net>

<net id="215"><net_src comp="152" pin="1"/><net_sink comp="182" pin=14"/></net>

<net id="216"><net_src comp="156" pin="1"/><net_sink comp="182" pin=15"/></net>

<net id="217"><net_src comp="160" pin="1"/><net_sink comp="182" pin=16"/></net>

<net id="251"><net_src comp="82" pin="0"/><net_sink comp="218" pin=0"/></net>

<net id="252"><net_src comp="0" pin="0"/><net_sink comp="218" pin=1"/></net>

<net id="253"><net_src comp="2" pin="0"/><net_sink comp="218" pin=2"/></net>

<net id="254"><net_src comp="4" pin="0"/><net_sink comp="218" pin=3"/></net>

<net id="255"><net_src comp="6" pin="0"/><net_sink comp="218" pin=4"/></net>

<net id="256"><net_src comp="8" pin="0"/><net_sink comp="218" pin=5"/></net>

<net id="257"><net_src comp="10" pin="0"/><net_sink comp="218" pin=6"/></net>

<net id="258"><net_src comp="12" pin="0"/><net_sink comp="218" pin=7"/></net>

<net id="259"><net_src comp="14" pin="0"/><net_sink comp="218" pin=8"/></net>

<net id="295"><net_src comp="84" pin="0"/><net_sink comp="260" pin=0"/></net>

<net id="296"><net_src comp="16" pin="0"/><net_sink comp="260" pin=1"/></net>

<net id="297"><net_src comp="18" pin="0"/><net_sink comp="260" pin=2"/></net>

<net id="298"><net_src comp="20" pin="0"/><net_sink comp="260" pin=3"/></net>

<net id="299"><net_src comp="22" pin="0"/><net_sink comp="260" pin=4"/></net>

<net id="300"><net_src comp="24" pin="0"/><net_sink comp="260" pin=5"/></net>

<net id="301"><net_src comp="26" pin="0"/><net_sink comp="260" pin=6"/></net>

<net id="302"><net_src comp="28" pin="0"/><net_sink comp="260" pin=7"/></net>

<net id="303"><net_src comp="30" pin="0"/><net_sink comp="260" pin=8"/></net>

<net id="304"><net_src comp="32" pin="0"/><net_sink comp="260" pin=9"/></net>

<net id="305"><net_src comp="34" pin="0"/><net_sink comp="260" pin=10"/></net>

<net id="306"><net_src comp="36" pin="0"/><net_sink comp="260" pin=11"/></net>

<net id="307"><net_src comp="38" pin="0"/><net_sink comp="260" pin=12"/></net>

<net id="308"><net_src comp="40" pin="0"/><net_sink comp="260" pin=13"/></net>

<net id="309"><net_src comp="42" pin="0"/><net_sink comp="260" pin=14"/></net>

<net id="310"><net_src comp="44" pin="0"/><net_sink comp="260" pin=15"/></net>

<net id="311"><net_src comp="46" pin="0"/><net_sink comp="260" pin=16"/></net>

<net id="316"><net_src comp="60" pin="0"/><net_sink comp="312" pin=0"/></net>

<net id="324"><net_src comp="317" pin="1"/><net_sink comp="320" pin=0"/></net>

<net id="325"><net_src comp="74" pin="0"/><net_sink comp="320" pin=1"/></net>

<net id="330"><net_src comp="317" pin="1"/><net_sink comp="326" pin=0"/></net>

<net id="331"><net_src comp="76" pin="0"/><net_sink comp="326" pin=1"/></net>

<net id="335"><net_src comp="317" pin="1"/><net_sink comp="332" pin=0"/></net>

<net id="341"><net_src comp="78" pin="0"/><net_sink comp="336" pin=0"/></net>

<net id="342"><net_src comp="332" pin="1"/><net_sink comp="336" pin=1"/></net>

<net id="343"><net_src comp="60" pin="0"/><net_sink comp="336" pin=2"/></net>

<net id="344"><net_src comp="336" pin="3"/><net_sink comp="218" pin=25"/></net>

<net id="348"><net_src comp="336" pin="3"/><net_sink comp="345" pin=0"/></net>

<net id="353"><net_src comp="345" pin="1"/><net_sink comp="349" pin=0"/></net>

<net id="354"><net_src comp="80" pin="0"/><net_sink comp="349" pin=1"/></net>

<net id="355"><net_src comp="349" pin="2"/><net_sink comp="218" pin=26"/></net>

<net id="360"><net_src comp="326" pin="2"/><net_sink comp="356" pin=0"/></net>

<net id="365"><net_src comp="94" pin="0"/><net_sink comp="361" pin=0"/></net>

<net id="370"><net_src comp="361" pin="2"/><net_sink comp="366" pin=0"/></net>

<net id="374"><net_src comp="96" pin="1"/><net_sink comp="371" pin=0"/></net>

<net id="375"><net_src comp="371" pin="1"/><net_sink comp="312" pin=1"/></net>

<net id="376"><net_src comp="371" pin="1"/><net_sink comp="317" pin=0"/></net>

<net id="377"><net_src comp="371" pin="1"/><net_sink comp="356" pin=1"/></net>

<net id="381"><net_src comp="164" pin="2"/><net_sink comp="378" pin=0"/></net>

<net id="382"><net_src comp="378" pin="1"/><net_sink comp="218" pin=29"/></net>

<net id="383"><net_src comp="378" pin="1"/><net_sink comp="366" pin=1"/></net>

<net id="387"><net_src comp="170" pin="2"/><net_sink comp="384" pin=0"/></net>

<net id="388"><net_src comp="384" pin="1"/><net_sink comp="218" pin=28"/></net>

<net id="389"><net_src comp="384" pin="1"/><net_sink comp="218" pin=30"/></net>

<net id="393"><net_src comp="176" pin="2"/><net_sink comp="390" pin=0"/></net>

<net id="394"><net_src comp="390" pin="1"/><net_sink comp="218" pin=27"/></net>

<net id="395"><net_src comp="390" pin="1"/><net_sink comp="361" pin=1"/></net>

<net id="402"><net_src comp="336" pin="3"/><net_sink comp="399" pin=0"/></net>

<net id="403"><net_src comp="399" pin="1"/><net_sink comp="218" pin=25"/></net>

<net id="407"><net_src comp="349" pin="2"/><net_sink comp="404" pin=0"/></net>

<net id="408"><net_src comp="404" pin="1"/><net_sink comp="218" pin=26"/></net>

</net_list>

</model> 
---------------- Datapath Model END ------------------

* FSMD analyzer results:
  - Output states:
	Port: localC_0_0 | {3 5 }
	Port: localC_0_1 | {3 5 }
	Port: localC_0_2 | {3 5 }
	Port: localC_0_3 | {3 5 }
	Port: localC_1_0 | {3 5 }
	Port: localC_1_1 | {3 5 }
	Port: localC_1_2 | {3 5 }
	Port: localC_1_3 | {3 5 }
	Port: localC_2_0 | {3 5 }
	Port: localC_2_1 | {3 5 }
	Port: localC_2_2 | {3 5 }
	Port: localC_2_3 | {3 5 }
	Port: localC_3_0 | {3 5 }
	Port: localC_3_1 | {3 5 }
	Port: localC_3_2 | {3 5 }
	Port: localC_3_3 | {3 5 }
 - Input state : 
	Port: compute_wrapper : localA_0 | {3 4 }
	Port: compute_wrapper : localA_1 | {3 4 }
	Port: compute_wrapper : localA_2 | {3 4 }
	Port: compute_wrapper : localA_3 | {3 4 }
	Port: compute_wrapper : localB_0 | {3 4 }
	Port: compute_wrapper : localB_1 | {3 4 }
	Port: compute_wrapper : localB_2 | {3 4 }
	Port: compute_wrapper : localB_3 | {3 4 }
	Port: compute_wrapper : p_read | {2 }
	Port: compute_wrapper : p_read1 | {2 }
	Port: compute_wrapper : p_read2 | {2 }
  - Chain level:
	State 1
		call_ln0 : 1
		store_ln162 : 1
	State 2
	State 3
		icmp_ln162 : 1
		q_2 : 1
		br_ln162 : 2
		trunc_ln163 : 1
		start_k : 2
		zext_ln163 : 3
		finish_k : 4
		call_ln165 : 5
		store_ln162 : 2
	State 4
	State 5
		mrv_1 : 1
		ret_ln175 : 2


============================================================
+ Verbose Summary: Datapath Resource usage 
============================================================

* Functional unit list:
|----------|-----------------------------------------------------------------------|---------|---------|---------|---------|
| Operation|                            Functional Unit                            |   DSP   |  Delay  |    FF   |   LUT   |
|----------|-----------------------------------------------------------------------|---------|---------|---------|---------|
|          | grp_compute_wrapper_Pipeline_VITIS_LOOP_154_1_VITIS_LOOP_155_2_fu_182 |    0    |    0    |    29   |    70   |
|   call   |                     grp_tile_process_39_405_fu_218                    |    16   |  23.415 |   1367  |   2238  |
|          | grp_compute_wrapper_Pipeline_VITIS_LOOP_169_4_VITIS_LOOP_170_5_fu_260 |    0    |  6.832  |   248   |   294   |
|----------|-----------------------------------------------------------------------|---------|---------|---------|---------|
|    add   |                               q_2_fu_326                              |    0    |    0    |    0    |    10   |
|          |                            finish_k_fu_349                            |    0    |    0    |    0    |    12   |
|----------|-----------------------------------------------------------------------|---------|---------|---------|---------|
|   icmp   |                           icmp_ln162_fu_320                           |    0    |    0    |    0    |    10   |
|----------|-----------------------------------------------------------------------|---------|---------|---------|---------|
|          |                          p_read_1_read_fu_164                         |    0    |    0    |    0    |    0    |
|   read   |                          p_read_2_read_fu_170                         |    0    |    0    |    0    |    0    |
|          |                          p_read_3_read_fu_176                         |    0    |    0    |    0    |    0    |
|----------|-----------------------------------------------------------------------|---------|---------|---------|---------|
|   trunc  |                           trunc_ln163_fu_332                          |    0    |    0    |    0    |    0    |
|----------|-----------------------------------------------------------------------|---------|---------|---------|---------|
|bitconcatenate|                             start_k_fu_336                            |    0    |    0    |    0    |    0    |
|----------|-----------------------------------------------------------------------|---------|---------|---------|---------|
|   zext   |                           zext_ln163_fu_345                           |    0    |    0    |    0    |    0    |
|----------|-----------------------------------------------------------------------|---------|---------|---------|---------|
|insertvalue|                               mrv_fu_361                              |    0    |    0    |    0    |    0    |
|          |                              mrv_1_fu_366                             |    0    |    0    |    0    |    0    |
|----------|-----------------------------------------------------------------------|---------|---------|---------|---------|
|   Total  |                                                                       |    16   |  30.247 |   1644  |   2634  |
|----------|-----------------------------------------------------------------------|---------|---------|---------|---------|

Memories:
+--------+--------+--------+--------+--------+
|        |  BRAM  |   FF   |   LUT  |  URAM  |
+--------+--------+--------+--------+--------+
|  tempC |    1   |    0   |    0   |    0   |
| tempC_1|    1   |    0   |    0   |    0   |
|tempC_10|    1   |    0   |    0   |    0   |
|tempC_11|    1   |    0   |    0   |    0   |
|tempC_12|    1   |    0   |    0   |    0   |
|tempC_13|    1   |    0   |    0   |    0   |
|tempC_14|    1   |    0   |    0   |    0   |
|tempC_15|    1   |    0   |    0   |    0   |
| tempC_2|    1   |    0   |    0   |    0   |
| tempC_3|    1   |    0   |    0   |    0   |
| tempC_4|    1   |    0   |    0   |    0   |
| tempC_5|    1   |    0   |    0   |    0   |
| tempC_6|    1   |    0   |    0   |    0   |
| tempC_7|    1   |    0   |    0   |    0   |
| tempC_8|    1   |    0   |    0   |    0   |
| tempC_9|    1   |    0   |    0   |    0   |
+--------+--------+--------+--------+--------+
|  Total |   16   |    0   |    0   |    0   |
+--------+--------+--------+--------+--------+

* Register list:
+----------------+--------+
|                |   FF   |
+----------------+--------+
|finish_k_reg_404|    6   |
|p_read_1_reg_378|   32   |
|p_read_2_reg_384|   32   |
|p_read_3_reg_390|   32   |
|    q_reg_371   |    3   |
| start_k_reg_399|    5   |
+----------------+--------+
|      Total     |   110  |
+----------------+--------+

* Multiplexer (MUX) list: 
|--------------------------------|------|------|------|--------||---------||---------|
|              Comp              |  Pin | Size |  BW  | S x BW ||  Delay  ||   LUT   |
|--------------------------------|------|------|------|--------||---------||---------|
| grp_tile_process_39_405_fu_218 |  p25 |   2  |   5  |   10   ||    9    |
| grp_tile_process_39_405_fu_218 |  p26 |   2  |   6  |   12   ||    9    |
|--------------------------------|------|------|------|--------||---------||---------|
|              Total             |      |      |      |   22   ||  0.854  ||    18   |
|--------------------------------|------|------|------|--------||---------||---------|



* Summary:
+-----------+--------+--------+--------+--------+--------+--------+
|           |  BRAM  |   DSP  |  Delay |   FF   |   LUT  |  URAM  |
+-----------+--------+--------+--------+--------+--------+--------+
|  Function |    -   |   16   |   30   |  1644  |  2634  |    -   |
|   Memory  |   16   |    -   |    -   |    0   |    0   |    0   |
|Multiplexer|    -   |    -   |    0   |    -   |   18   |    -   |
|  Register |    -   |    -   |    -   |   110  |    -   |    -   |
+-----------+--------+--------+--------+--------+--------+--------+
|   Total   |   16   |   16   |   31   |  1754  |  2652  |    0   |
+-----------+--------+--------+--------+--------+--------+--------+
