

================================================================
== Vitis HLS Report for 'Loop_readA_proc'
================================================================
* Date:           Sun Apr 12 15:51:34 2026

* Version:        2023.2 (Build 4023990 on Oct 11 2023)
* Project:        hls_prj
* Solution:       s1 (Vivado IP Flow Target)
* Product family: zynquplus
* Target device:  xck26-sfvc784-2LV-c


================================================================
== Performance Estimates
================================================================
+ Timing: 
    * Summary: 
    +--------+---------+----------+------------+
    |  Clock |  Target | Estimated| Uncertainty|
    +--------+---------+----------+------------+
    |ap_clk  |  3.30 ns|  2.409 ns|     0.89 ns|
    +--------+---------+----------+------------+

+ Latency: 
    * Summary: 
    +---------+---------+----------+----------+------+------+---------+
    |  Latency (cycles) |  Latency (absolute) |   Interval  | Pipeline|
    |   min   |   max   |    min   |    max   |  min |  max |   Type  |
    +---------+---------+----------+----------+------+------+---------+
    |     2062|     2062|  6.805 us|  6.805 us|  2062|  2062|       no|
    +---------+---------+----------+----------+------+------+---------+

    + Detail: 
        * Instance: 
        +-------------------------------------------+--------------------------------+---------+---------+----------+----------+------+------+---------+
        |                                           |                                |  Latency (cycles) |  Latency (absolute) |   Interval  | Pipeline|
        |                  Instance                 |             Module             |   min   |   max   |    min   |    max   |  min |  max |   Type  |
        +-------------------------------------------+--------------------------------+---------+---------+----------+----------+------+------+---------+
        |grp_Loop_readA_proc_Pipeline_readA_fu_130  |Loop_readA_proc_Pipeline_readA  |     2050|     2050|  6.765 us|  6.765 us|  2050|  2050|       no|
        +-------------------------------------------+--------------------------------+---------+---------+----------+----------+------+------+---------+

        * Loop: 
        N/A



================================================================
== Utilization Estimates
================================================================
* Summary: 
+-----------------+---------+------+--------+--------+-----+
|       Name      | BRAM_18K|  DSP |   FF   |   LUT  | URAM|
+-----------------+---------+------+--------+--------+-----+
|DSP              |        -|     -|       -|       -|    -|
|Expression       |        -|     -|       0|      72|    -|
|FIFO             |        -|     -|       -|       -|    -|
|Instance         |        -|     3|     439|     390|    -|
|Memory           |        -|     -|       -|       -|    -|
|Multiplexer      |        -|     -|       -|     224|    -|
|Register         |        -|     -|     141|       -|    -|
+-----------------+---------+------+--------+--------+-----+
|Total            |        0|     3|     580|     686|    0|
+-----------------+---------+------+--------+--------+-----+
|Available        |      288|  1248|  234240|  117120|   64|
+-----------------+---------+------+--------+--------+-----+
|Utilization (%)  |        0|    ~0|      ~0|      ~0|    0|
+-----------------+---------+------+--------+--------+-----+

+ Detail: 
    * Instance: 
    +-------------------------------------------+--------------------------------+---------+----+-----+-----+-----+
    |                  Instance                 |             Module             | BRAM_18K| DSP|  FF | LUT | URAM|
    +-------------------------------------------+--------------------------------+---------+----+-----+-----+-----+
    |grp_Loop_readA_proc_Pipeline_readA_fu_130  |Loop_readA_proc_Pipeline_readA  |        0|   0|  274|  341|    0|
    |mul_32s_32s_32_2_1_U39                     |mul_32s_32s_32_2_1              |        0|   3|  165|   49|    0|
    +-------------------------------------------+--------------------------------+---------+----+-----+-----+-----+
    |Total                                      |                                |        0|   3|  439|  390|    0|
    +-------------------------------------------+--------------------------------+---------+----+-----+-----+-----+

    * DSP: 
    N/A

    * Memory: 
    N/A

    * FIFO: 
    N/A

    * Expression: 
    +------------------------+----------+----+---+----+------------+------------+
    |      Variable Name     | Operation| DSP| FF| LUT| Bitwidth P0| Bitwidth P1|
    +------------------------+----------+----+---+----+------------+------------+
    |icmp_ln175_fu_213_p2    |      icmp|   0|  0|  39|          32|           1|
    |ap_block_state1         |        or|   0|  0|   2|           1|           1|
    |select_ln175_fu_218_p3  |    select|   0|  0|  31|           1|          31|
    +------------------------+----------+----+---+----+------------+------------+
    |Total                   |          |   0|  0|  72|          34|          33|
    +------------------------+----------+----+---+----+------------+------------+

    * Multiplexer: 
    +----------------------+----+-----------+-----+-----------+
    |         Name         | LUT| Input Size| Bits| Total Bits|
    +----------------------+----+-----------+-----+-----------+
    |ap_NS_fsm             |  65|         14|    1|         14|
    |ap_done               |   9|          2|    1|          2|
    |ap_return             |   9|          2|   32|         64|
    |gmem0_blk_n_AR        |   9|          2|    1|          2|
    |m_axi_gmem0_ARADDR    |  14|          3|   64|        192|
    |m_axi_gmem0_ARBURST   |   9|          2|    2|          4|
    |m_axi_gmem0_ARCACHE   |   9|          2|    4|          8|
    |m_axi_gmem0_ARID      |   9|          2|    1|          2|
    |m_axi_gmem0_ARLEN     |  14|          3|   32|         96|
    |m_axi_gmem0_ARLOCK    |   9|          2|    2|          4|
    |m_axi_gmem0_ARPROT    |   9|          2|    3|          6|
    |m_axi_gmem0_ARQOS     |   9|          2|    4|          8|
    |m_axi_gmem0_ARREGION  |   9|          2|    4|          8|
    |m_axi_gmem0_ARSIZE    |   9|          2|    3|          6|
    |m_axi_gmem0_ARUSER    |   9|          2|    1|          2|
    |m_axi_gmem0_ARVALID   |  14|          3|    1|          3|
    |m_axi_gmem0_RREADY    |   9|          2|    1|          2|
    +----------------------+----+-----------+-----+-----------+
    |Total                 | 224|         49|  157|        423|
    +----------------------+----+-----------+-----+-----------+

    * Register: 
    +--------------------------------------------------------+----+----+-----+-----------+
    |                          Name                          | FF | LUT| Bits| Const Bits|
    +--------------------------------------------------------+----+----+-----+-----------+
    |ap_CS_fsm                                               |  13|   0|   13|          0|
    |ap_done_reg                                             |   1|   0|    1|          0|
    |ap_return_preg                                          |  32|   0|   32|          0|
    |grp_Loop_readA_proc_Pipeline_readA_fu_130_ap_start_reg  |   1|   0|    1|          0|
    |mul_reg_247                                             |  32|   0|   32|          0|
    |select_ln175_reg_258                                    |  31|   0|   31|          0|
    |trunc_ln175_reg_253                                     |  31|   0|   31|          0|
    +--------------------------------------------------------+----+----+-----+-----------+
    |Total                                                   | 141|   0|  141|          0|
    +--------------------------------------------------------+----+----+-----+-----------+



================================================================
== Interface
================================================================
* Summary: 
+----------------------+-----+-----+------------+-----------------+--------------+
|       RTL Ports      | Dir | Bits|  Protocol  |  Source Object  |    C Type    |
+----------------------+-----+-----+------------+-----------------+--------------+
|ap_clk                |   in|    1|  ap_ctrl_hs|  Loop_readA_proc|  return value|
|ap_rst                |   in|    1|  ap_ctrl_hs|  Loop_readA_proc|  return value|
|ap_start              |   in|    1|  ap_ctrl_hs|  Loop_readA_proc|  return value|
|ap_done               |  out|    1|  ap_ctrl_hs|  Loop_readA_proc|  return value|
|ap_continue           |   in|    1|  ap_ctrl_hs|  Loop_readA_proc|  return value|
|ap_idle               |  out|    1|  ap_ctrl_hs|  Loop_readA_proc|  return value|
|ap_ready              |  out|    1|  ap_ctrl_hs|  Loop_readA_proc|  return value|
|ap_return             |  out|   32|  ap_ctrl_hs|  Loop_readA_proc|  return value|
|a_col                 |   in|   32|     ap_none|            a_col|        scalar|
|a_row                 |   in|   32|     ap_none|            a_row|        scalar|
|m_axi_gmem0_AWVALID   |  out|    1|       m_axi|            gmem0|       pointer|
|m_axi_gmem0_AWREADY   |   in|    1|       m_axi|            gmem0|       pointer|
|m_axi_gmem0_AWADDR    |  out|   64|       m_axi|            gmem0|       pointer|
|m_axi_gmem0_AWID      |  out|    1|       m_axi|            gmem0|       pointer|
|m_axi_gmem0_AWLEN     |  out|   32|       m_axi|            gmem0|       pointer|
|m_axi_gmem0_AWSIZE    |  out|    3|       m_axi|            gmem0|       pointer|
|m_axi_gmem0_AWBURST   |  out|    2|       m_axi|            gmem0|       pointer|
|m_axi_gmem0_AWLOCK    |  out|    2|       m_axi|            gmem0|       pointer|
|m_axi_gmem0_AWCACHE   |  out|    4|       m_axi|            gmem0|       pointer|
|m_axi_gmem0_AWPROT    |  out|    3|       m_axi|            gmem0|       pointer|
|m_axi_gmem0_AWQOS     |  out|    4|       m_axi|            gmem0|       pointer|
|m_axi_gmem0_AWREGION  |  out|    4|       m_axi|            gmem0|       pointer|
|m_axi_gmem0_AWUSER    |  out|    1|       m_axi|            gmem0|       pointer|
|m_axi_gmem0_WVALID    |  out|    1|       m_axi|            gmem0|       pointer|
|m_axi_gmem0_WREADY    |   in|    1|       m_axi|            gmem0|       pointer|
|m_axi_gmem0_WDATA     |  out|    8|       m_axi|            gmem0|       pointer|
|m_axi_gmem0_WSTRB     |  out|    1|       m_axi|            gmem0|       pointer|
|m_axi_gmem0_WLAST     |  out|    1|       m_axi|            gmem0|       pointer|
|m_axi_gmem0_WID       |  out|    1|       m_axi|            gmem0|       pointer|
|m_axi_gmem0_WUSER     |  out|    1|       m_axi|            gmem0|       pointer|
|m_axi_gmem0_ARVALID   |  out|    1|       m_axi|            gmem0|       pointer|
|m_axi_gmem0_ARREADY   |   in|    1|       m_axi|            gmem0|       pointer|
|m_axi_gmem0_ARADDR    |  out|   64|       m_axi|            gmem0|       pointer|
|m_axi_gmem0_ARID      |  out|    1|       m_axi|            gmem0|       pointer|
|m_axi_gmem0_ARLEN     |  out|   32|       m_axi|            gmem0|       pointer|
|m_axi_gmem0_ARSIZE    |  out|    3|       m_axi|            gmem0|       pointer|
|m_axi_gmem0_ARBURST   |  out|    2|       m_axi|            gmem0|       pointer|
|m_axi_gmem0_ARLOCK    |  out|    2|       m_axi|            gmem0|       pointer|
|m_axi_gmem0_ARCACHE   |  out|    4|       m_axi|            gmem0|       pointer|
|m_axi_gmem0_ARPROT    |  out|    3|       m_axi|            gmem0|       pointer|
|m_axi_gmem0_ARQOS     |  out|    4|       m_axi|            gmem0|       pointer|
|m_axi_gmem0_ARREGION  |  out|    4|       m_axi|            gmem0|       pointer|
|m_axi_gmem0_ARUSER    |  out|    1|       m_axi|            gmem0|       pointer|
|m_axi_gmem0_RVALID    |   in|    1|       m_axi|            gmem0|       pointer|
|m_axi_gmem0_RREADY    |  out|    1|       m_axi|            gmem0|       pointer|
|m_axi_gmem0_RDATA     |   in|    8|       m_axi|            gmem0|       pointer|
|m_axi_gmem0_RLAST     |   in|    1|       m_axi|            gmem0|       pointer|
|m_axi_gmem0_RID       |   in|    1|       m_axi|            gmem0|       pointer|
|m_axi_gmem0_RFIFONUM  |   in|   11|       m_axi|            gmem0|       pointer|
|m_axi_gmem0_RUSER     |   in|    1|       m_axi|            gmem0|       pointer|
|m_axi_gmem0_RRESP     |   in|    2|       m_axi|            gmem0|       pointer|
|m_axi_gmem0_BVALID    |   in|    1|       m_axi|            gmem0|       pointer|
|m_axi_gmem0_BREADY    |  out|    1|       m_axi|            gmem0|       pointer|
|m_axi_gmem0_BRESP     |   in|    2|       m_axi|            gmem0|       pointer|
|m_axi_gmem0_BID       |   in|    1|       m_axi|            gmem0|       pointer|
|m_axi_gmem0_BUSER     |   in|    1|       m_axi|            gmem0|       pointer|
|a                     |   in|   64|     ap_none|                a|        scalar|
|localA_62_address1    |  out|    5|   ap_memory|        localA_62|         array|
|localA_62_ce1         |  out|    1|   ap_memory|        localA_62|         array|
|localA_62_we1         |  out|    1|   ap_memory|        localA_62|         array|
|localA_62_d1          |  out|    8|   ap_memory|        localA_62|         array|
|localA_61_address1    |  out|    5|   ap_memory|        localA_61|         array|
|localA_61_ce1         |  out|    1|   ap_memory|        localA_61|         array|
|localA_61_we1         |  out|    1|   ap_memory|        localA_61|         array|
|localA_61_d1          |  out|    8|   ap_memory|        localA_61|         array|
|localA_60_address1    |  out|    5|   ap_memory|        localA_60|         array|
|localA_60_ce1         |  out|    1|   ap_memory|        localA_60|         array|
|localA_60_we1         |  out|    1|   ap_memory|        localA_60|         array|
|localA_60_d1          |  out|    8|   ap_memory|        localA_60|         array|
|localA_59_address1    |  out|    5|   ap_memory|        localA_59|         array|
|localA_59_ce1         |  out|    1|   ap_memory|        localA_59|         array|
|localA_59_we1         |  out|    1|   ap_memory|        localA_59|         array|
|localA_59_d1          |  out|    8|   ap_memory|        localA_59|         array|
|localA_58_address1    |  out|    5|   ap_memory|        localA_58|         array|
|localA_58_ce1         |  out|    1|   ap_memory|        localA_58|         array|
|localA_58_we1         |  out|    1|   ap_memory|        localA_58|         array|
|localA_58_d1          |  out|    8|   ap_memory|        localA_58|         array|
|localA_57_address1    |  out|    5|   ap_memory|        localA_57|         array|
|localA_57_ce1         |  out|    1|   ap_memory|        localA_57|         array|
|localA_57_we1         |  out|    1|   ap_memory|        localA_57|         array|
|localA_57_d1          |  out|    8|   ap_memory|        localA_57|         array|
|localA_56_address1    |  out|    5|   ap_memory|        localA_56|         array|
|localA_56_ce1         |  out|    1|   ap_memory|        localA_56|         array|
|localA_56_we1         |  out|    1|   ap_memory|        localA_56|         array|
|localA_56_d1          |  out|    8|   ap_memory|        localA_56|         array|
|localA_55_address1    |  out|    5|   ap_memory|        localA_55|         array|
|localA_55_ce1         |  out|    1|   ap_memory|        localA_55|         array|
|localA_55_we1         |  out|    1|   ap_memory|        localA_55|         array|
|localA_55_d1          |  out|    8|   ap_memory|        localA_55|         array|
|localA_54_address1    |  out|    5|   ap_memory|        localA_54|         array|
|localA_54_ce1         |  out|    1|   ap_memory|        localA_54|         array|
|localA_54_we1         |  out|    1|   ap_memory|        localA_54|         array|
|localA_54_d1          |  out|    8|   ap_memory|        localA_54|         array|
|localA_53_address1    |  out|    5|   ap_memory|        localA_53|         array|
|localA_53_ce1         |  out|    1|   ap_memory|        localA_53|         array|
|localA_53_we1         |  out|    1|   ap_memory|        localA_53|         array|
|localA_53_d1          |  out|    8|   ap_memory|        localA_53|         array|
|localA_52_address1    |  out|    5|   ap_memory|        localA_52|         array|
|localA_52_ce1         |  out|    1|   ap_memory|        localA_52|         array|
|localA_52_we1         |  out|    1|   ap_memory|        localA_52|         array|
|localA_52_d1          |  out|    8|   ap_memory|        localA_52|         array|
|localA_51_address1    |  out|    5|   ap_memory|        localA_51|         array|
|localA_51_ce1         |  out|    1|   ap_memory|        localA_51|         array|
|localA_51_we1         |  out|    1|   ap_memory|        localA_51|         array|
|localA_51_d1          |  out|    8|   ap_memory|        localA_51|         array|
|localA_50_address1    |  out|    5|   ap_memory|        localA_50|         array|
|localA_50_ce1         |  out|    1|   ap_memory|        localA_50|         array|
|localA_50_we1         |  out|    1|   ap_memory|        localA_50|         array|
|localA_50_d1          |  out|    8|   ap_memory|        localA_50|         array|
|localA_49_address1    |  out|    5|   ap_memory|        localA_49|         array|
|localA_49_ce1         |  out|    1|   ap_memory|        localA_49|         array|
|localA_49_we1         |  out|    1|   ap_memory|        localA_49|         array|
|localA_49_d1          |  out|    8|   ap_memory|        localA_49|         array|
|localA_48_address1    |  out|    5|   ap_memory|        localA_48|         array|
|localA_48_ce1         |  out|    1|   ap_memory|        localA_48|         array|
|localA_48_we1         |  out|    1|   ap_memory|        localA_48|         array|
|localA_48_d1          |  out|    8|   ap_memory|        localA_48|         array|
|localA_47_address1    |  out|    5|   ap_memory|        localA_47|         array|
|localA_47_ce1         |  out|    1|   ap_memory|        localA_47|         array|
|localA_47_we1         |  out|    1|   ap_memory|        localA_47|         array|
|localA_47_d1          |  out|    8|   ap_memory|        localA_47|         array|
|localA_46_address1    |  out|    5|   ap_memory|        localA_46|         array|
|localA_46_ce1         |  out|    1|   ap_memory|        localA_46|         array|
|localA_46_we1         |  out|    1|   ap_memory|        localA_46|         array|
|localA_46_d1          |  out|    8|   ap_memory|        localA_46|         array|
|localA_45_address1    |  out|    5|   ap_memory|        localA_45|         array|
|localA_45_ce1         |  out|    1|   ap_memory|        localA_45|         array|
|localA_45_we1         |  out|    1|   ap_memory|        localA_45|         array|
|localA_45_d1          |  out|    8|   ap_memory|        localA_45|         array|
|localA_44_address1    |  out|    5|   ap_memory|        localA_44|         array|
|localA_44_ce1         |  out|    1|   ap_memory|        localA_44|         array|
|localA_44_we1         |  out|    1|   ap_memory|        localA_44|         array|
|localA_44_d1          |  out|    8|   ap_memory|        localA_44|         array|
|localA_43_address1    |  out|    5|   ap_memory|        localA_43|         array|
|localA_43_ce1         |  out|    1|   ap_memory|        localA_43|         array|
|localA_43_we1         |  out|    1|   ap_memory|        localA_43|         array|
|localA_43_d1          |  out|    8|   ap_memory|        localA_43|         array|
|localA_42_address1    |  out|    5|   ap_memory|        localA_42|         array|
|localA_42_ce1         |  out|    1|   ap_memory|        localA_42|         array|
|localA_42_we1         |  out|    1|   ap_memory|        localA_42|         array|
|localA_42_d1          |  out|    8|   ap_memory|        localA_42|         array|
|localA_41_address1    |  out|    5|   ap_memory|        localA_41|         array|
|localA_41_ce1         |  out|    1|   ap_memory|        localA_41|         array|
|localA_41_we1         |  out|    1|   ap_memory|        localA_41|         array|
|localA_41_d1          |  out|    8|   ap_memory|        localA_41|         array|
|localA_40_address1    |  out|    5|   ap_memory|        localA_40|         array|
|localA_40_ce1         |  out|    1|   ap_memory|        localA_40|         array|
|localA_40_we1         |  out|    1|   ap_memory|        localA_40|         array|
|localA_40_d1          |  out|    8|   ap_memory|        localA_40|         array|
|localA_39_address1    |  out|    5|   ap_memory|        localA_39|         array|
|localA_39_ce1         |  out|    1|   ap_memory|        localA_39|         array|
|localA_39_we1         |  out|    1|   ap_memory|        localA_39|         array|
|localA_39_d1          |  out|    8|   ap_memory|        localA_39|         array|
|localA_38_address1    |  out|    5|   ap_memory|        localA_38|         array|
|localA_38_ce1         |  out|    1|   ap_memory|        localA_38|         array|
|localA_38_we1         |  out|    1|   ap_memory|        localA_38|         array|
|localA_38_d1          |  out|    8|   ap_memory|        localA_38|         array|
|localA_37_address1    |  out|    5|   ap_memory|        localA_37|         array|
|localA_37_ce1         |  out|    1|   ap_memory|        localA_37|         array|
|localA_37_we1         |  out|    1|   ap_memory|        localA_37|         array|
|localA_37_d1          |  out|    8|   ap_memory|        localA_37|         array|
|localA_36_address1    |  out|    5|   ap_memory|        localA_36|         array|
|localA_36_ce1         |  out|    1|   ap_memory|        localA_36|         array|
|localA_36_we1         |  out|    1|   ap_memory|        localA_36|         array|
|localA_36_d1          |  out|    8|   ap_memory|        localA_36|         array|
|localA_35_address1    |  out|    5|   ap_memory|        localA_35|         array|
|localA_35_ce1         |  out|    1|   ap_memory|        localA_35|         array|
|localA_35_we1         |  out|    1|   ap_memory|        localA_35|         array|
|localA_35_d1          |  out|    8|   ap_memory|        localA_35|         array|
|localA_34_address1    |  out|    5|   ap_memory|        localA_34|         array|
|localA_34_ce1         |  out|    1|   ap_memory|        localA_34|         array|
|localA_34_we1         |  out|    1|   ap_memory|        localA_34|         array|
|localA_34_d1          |  out|    8|   ap_memory|        localA_34|         array|
|localA_33_address1    |  out|    5|   ap_memory|        localA_33|         array|
|localA_33_ce1         |  out|    1|   ap_memory|        localA_33|         array|
|localA_33_we1         |  out|    1|   ap_memory|        localA_33|         array|
|localA_33_d1          |  out|    8|   ap_memory|        localA_33|         array|
|localA_32_address1    |  out|    5|   ap_memory|        localA_32|         array|
|localA_32_ce1         |  out|    1|   ap_memory|        localA_32|         array|
|localA_32_we1         |  out|    1|   ap_memory|        localA_32|         array|
|localA_32_d1          |  out|    8|   ap_memory|        localA_32|         array|
|localA_address1       |  out|    5|   ap_memory|           localA|         array|
|localA_ce1            |  out|    1|   ap_memory|           localA|         array|
|localA_we1            |  out|    1|   ap_memory|           localA|         array|
|localA_d1             |  out|    8|   ap_memory|           localA|         array|
+----------------------+-----+-----+------------+-----------------+--------------+

============================================================
+ Verbose Summary: Synthesis Manager
============================================================
InlineROM: 1
ExposeGlobal: 0
============================================================
+ Verbose Summary: CDFG Model
============================================================
IsTopModel: 0
ResetActiveHigh: 1
IsCombinational: 2
IsDatapathOnly: 0
HasWiredReturn: 1
HasMFsm: 0
HasVarLatency: 1
IsPipeline: 0
IsRtlPipelined: 0
IsInstanceOverlapped: 0
IsDontTouch: 0
HasImplIP: 0
IsGatedGlobalClock: 0


============================================================
+ Verbose Summary: Schedule
============================================================
* Number of FSM states : 13
* Pipeline : 0
* Dataflow Pipeline: 0

* FSM state transitions: 
1 --> 2 
2 --> 3 
3 --> 4 
4 --> 5 
5 --> 6 
6 --> 7 
7 --> 8 
8 --> 9 
9 --> 10 
10 --> 11 
11 --> 12 
12 --> 13 
13 --> 

* FSM state operations: 

State 1 <SV = 0> <Delay = 2.36>
ST_1 : Operation 14 [1/1] (0.00ns)   --->   "%a_row_read = read i32 @_ssdm_op_Read.ap_auto.i32, i32 %a_row" [mmult.cpp:138]   --->   Operation 14 'read' 'a_row_read' <Predicate = true> <Delay = 0.00>
ST_1 : Operation 15 [1/1] (0.00ns)   --->   "%a_col_read = read i32 @_ssdm_op_Read.ap_auto.i32, i32 %a_col" [mmult.cpp:138]   --->   Operation 15 'read' 'a_col_read' <Predicate = true> <Delay = 0.00>
ST_1 : Operation 16 [2/2] (2.36ns)   --->   "%mul = mul i32 %a_col_read, i32 %a_row_read" [mmult.cpp:138]   --->   Operation 16 'mul' 'mul' <Predicate = true> <Delay = 2.36> <CoreInst = "Multiplier">   --->   Core 3 'Multiplier' <Latency = 1> <II = 1> <Delay = 2.36> <FuncUnit> <Opcode : 'mul'> <InPorts = 2> <OutPorts = 1>

State 2 <SV = 1> <Delay = 2.36>
ST_2 : Operation 17 [1/2] (2.36ns)   --->   "%mul = mul i32 %a_col_read, i32 %a_row_read" [mmult.cpp:138]   --->   Operation 17 'mul' 'mul' <Predicate = true> <Delay = 2.36> <CoreInst = "Multiplier">   --->   Core 3 'Multiplier' <Latency = 1> <II = 1> <Delay = 2.36> <FuncUnit> <Opcode : 'mul'> <InPorts = 2> <OutPorts = 1>
ST_2 : Operation 18 [1/1] (0.00ns)   --->   "%trunc_ln175 = trunc i32 %mul" [mmult.cpp:175]   --->   Operation 18 'trunc' 'trunc_ln175' <Predicate = true> <Delay = 0.00>

State 3 <SV = 2> <Delay = 1.43>
ST_3 : Operation 19 [1/1] (1.01ns)   --->   "%icmp_ln175 = icmp_sgt  i32 %mul, i32 0" [mmult.cpp:175]   --->   Operation 19 'icmp' 'icmp_ln175' <Predicate = true> <Delay = 1.01> <CoreInst = "Cmp">   --->   Core 9 'Cmp' <Latency = 0> <II = 1> <Delay = 1.01> <FuncUnit> <Opcode : 'icmp'> <InPorts = 2> <OutPorts = 1>
ST_3 : Operation 20 [1/1] (0.41ns)   --->   "%select_ln175 = select i1 %icmp_ln175, i31 %trunc_ln175, i31 0" [mmult.cpp:175]   --->   Operation 20 'select' 'select_ln175' <Predicate = true> <Delay = 0.41> <CoreInst = "Sel">   --->   Core 73 'Sel' <Latency = 0> <II = 1> <Delay = 0.41> <FuncUnit> <Opcode : 'select'> <InPorts = 3> <OutPorts = 1>

State 4 <SV = 3> <Delay = 2.40>
ST_4 : Operation 21 [1/1] (0.00ns)   --->   "%a_read = read i64 @_ssdm_op_Read.ap_auto.i64, i64 %a" [mmult.cpp:138]   --->   Operation 21 'read' 'a_read' <Predicate = true> <Delay = 0.00>
ST_4 : Operation 22 [1/1] (0.00ns)   --->   "%gmem0_addr = getelementptr i8 %gmem0, i64 %a_read" [mmult.cpp:175]   --->   Operation 22 'getelementptr' 'gmem0_addr' <Predicate = true> <Delay = 0.00>
ST_4 : Operation 23 [1/1] (0.00ns)   --->   "%zext_ln175 = zext i31 %select_ln175" [mmult.cpp:175]   --->   Operation 23 'zext' 'zext_ln175' <Predicate = true> <Delay = 0.00>
ST_4 : Operation 24 [8/8] (2.40ns)   --->   "%empty = readreq i1 @_ssdm_op_ReadReq.m_axi.p1i8, i64 %gmem0_addr, i32 %zext_ln175" [mmult.cpp:175]   --->   Operation 24 'readreq' 'empty' <Predicate = true> <Delay = 2.40> <CoreInst = "m_axi">   --->   Core 121 'm_axi' <Latency = 0> <II = 1> <Delay = 1.00> <Adapter> <Opcode : 'read' 'write' 'readreq' 'writereq' 'writeresp'>

State 5 <SV = 4> <Delay = 2.40>
ST_5 : Operation 25 [7/8] (2.40ns)   --->   "%empty = readreq i1 @_ssdm_op_ReadReq.m_axi.p1i8, i64 %gmem0_addr, i32 %zext_ln175" [mmult.cpp:175]   --->   Operation 25 'readreq' 'empty' <Predicate = true> <Delay = 2.40> <CoreInst = "m_axi">   --->   Core 121 'm_axi' <Latency = 0> <II = 1> <Delay = 1.00> <Adapter> <Opcode : 'read' 'write' 'readreq' 'writereq' 'writeresp'>

State 6 <SV = 5> <Delay = 2.40>
ST_6 : Operation 26 [6/8] (2.40ns)   --->   "%empty = readreq i1 @_ssdm_op_ReadReq.m_axi.p1i8, i64 %gmem0_addr, i32 %zext_ln175" [mmult.cpp:175]   --->   Operation 26 'readreq' 'empty' <Predicate = true> <Delay = 2.40> <CoreInst = "m_axi">   --->   Core 121 'm_axi' <Latency = 0> <II = 1> <Delay = 1.00> <Adapter> <Opcode : 'read' 'write' 'readreq' 'writereq' 'writeresp'>

State 7 <SV = 6> <Delay = 2.40>
ST_7 : Operation 27 [5/8] (2.40ns)   --->   "%empty = readreq i1 @_ssdm_op_ReadReq.m_axi.p1i8, i64 %gmem0_addr, i32 %zext_ln175" [mmult.cpp:175]   --->   Operation 27 'readreq' 'empty' <Predicate = true> <Delay = 2.40> <CoreInst = "m_axi">   --->   Core 121 'm_axi' <Latency = 0> <II = 1> <Delay = 1.00> <Adapter> <Opcode : 'read' 'write' 'readreq' 'writereq' 'writeresp'>

State 8 <SV = 7> <Delay = 2.40>
ST_8 : Operation 28 [4/8] (2.40ns)   --->   "%empty = readreq i1 @_ssdm_op_ReadReq.m_axi.p1i8, i64 %gmem0_addr, i32 %zext_ln175" [mmult.cpp:175]   --->   Operation 28 'readreq' 'empty' <Predicate = true> <Delay = 2.40> <CoreInst = "m_axi">   --->   Core 121 'm_axi' <Latency = 0> <II = 1> <Delay = 1.00> <Adapter> <Opcode : 'read' 'write' 'readreq' 'writereq' 'writeresp'>

State 9 <SV = 8> <Delay = 2.40>
ST_9 : Operation 29 [3/8] (2.40ns)   --->   "%empty = readreq i1 @_ssdm_op_ReadReq.m_axi.p1i8, i64 %gmem0_addr, i32 %zext_ln175" [mmult.cpp:175]   --->   Operation 29 'readreq' 'empty' <Predicate = true> <Delay = 2.40> <CoreInst = "m_axi">   --->   Core 121 'm_axi' <Latency = 0> <II = 1> <Delay = 1.00> <Adapter> <Opcode : 'read' 'write' 'readreq' 'writereq' 'writeresp'>

State 10 <SV = 9> <Delay = 2.40>
ST_10 : Operation 30 [2/8] (2.40ns)   --->   "%empty = readreq i1 @_ssdm_op_ReadReq.m_axi.p1i8, i64 %gmem0_addr, i32 %zext_ln175" [mmult.cpp:175]   --->   Operation 30 'readreq' 'empty' <Predicate = true> <Delay = 2.40> <CoreInst = "m_axi">   --->   Core 121 'm_axi' <Latency = 0> <II = 1> <Delay = 1.00> <Adapter> <Opcode : 'read' 'write' 'readreq' 'writereq' 'writeresp'>

State 11 <SV = 10> <Delay = 2.40>
ST_11 : Operation 31 [1/8] (2.40ns)   --->   "%empty = readreq i1 @_ssdm_op_ReadReq.m_axi.p1i8, i64 %gmem0_addr, i32 %zext_ln175" [mmult.cpp:175]   --->   Operation 31 'readreq' 'empty' <Predicate = true> <Delay = 2.40> <CoreInst = "m_axi">   --->   Core 121 'm_axi' <Latency = 0> <II = 1> <Delay = 1.00> <Adapter> <Opcode : 'read' 'write' 'readreq' 'writereq' 'writeresp'>

State 12 <SV = 11> <Delay = 0.00>
ST_12 : Operation 32 [2/2] (0.00ns)   --->   "%call_ln138 = call void @Loop_readA_proc_Pipeline_readA, i8 %localA_62, i8 %localA_61, i8 %localA_60, i8 %localA_59, i8 %localA_58, i8 %localA_57, i8 %localA_56, i8 %localA_55, i8 %localA_54, i8 %localA_53, i8 %localA_52, i8 %localA_51, i8 %localA_50, i8 %localA_49, i8 %localA_48, i8 %localA_47, i8 %localA_46, i8 %localA_45, i8 %localA_44, i8 %localA_43, i8 %localA_42, i8 %localA_41, i8 %localA_40, i8 %localA_39, i8 %localA_38, i8 %localA_37, i8 %localA_36, i8 %localA_35, i8 %localA_34, i8 %localA_33, i8 %localA_32, i8 %localA, i32 %mul, i8 %gmem0, i64 %a_read, i32 %a_col_read" [mmult.cpp:138]   --->   Operation 32 'call' 'call_ln138' <Predicate = true> <Delay = 0.00> <CoreType = "Generic">   --->   Core 0 '' <Latency = 0> <II = 1> <Delay = 1.00> <Generic> <Opcode : >

State 13 <SV = 12> <Delay = 0.00>
ST_13 : Operation 33 [1/1] (0.00ns)   --->   "%specmemcore_ln0 = specmemcore void @_ssdm_op_SpecMemCore, i8 %localA_62, i64 666, i64 23, i64 18446744073709551615"   --->   Operation 33 'specmemcore' 'specmemcore_ln0' <Predicate = true> <Delay = 0.00>
ST_13 : Operation 34 [1/1] (0.00ns)   --->   "%specmemcore_ln0 = specmemcore void @_ssdm_op_SpecMemCore, i8 %localA_61, i64 666, i64 23, i64 18446744073709551615"   --->   Operation 34 'specmemcore' 'specmemcore_ln0' <Predicate = true> <Delay = 0.00>
ST_13 : Operation 35 [1/1] (0.00ns)   --->   "%specmemcore_ln0 = specmemcore void @_ssdm_op_SpecMemCore, i8 %localA_60, i64 666, i64 23, i64 18446744073709551615"   --->   Operation 35 'specmemcore' 'specmemcore_ln0' <Predicate = true> <Delay = 0.00>
ST_13 : Operation 36 [1/1] (0.00ns)   --->   "%specmemcore_ln0 = specmemcore void @_ssdm_op_SpecMemCore, i8 %localA_59, i64 666, i64 23, i64 18446744073709551615"   --->   Operation 36 'specmemcore' 'specmemcore_ln0' <Predicate = true> <Delay = 0.00>
ST_13 : Operation 37 [1/1] (0.00ns)   --->   "%specmemcore_ln0 = specmemcore void @_ssdm_op_SpecMemCore, i8 %localA_58, i64 666, i64 23, i64 18446744073709551615"   --->   Operation 37 'specmemcore' 'specmemcore_ln0' <Predicate = true> <Delay = 0.00>
ST_13 : Operation 38 [1/1] (0.00ns)   --->   "%specmemcore_ln0 = specmemcore void @_ssdm_op_SpecMemCore, i8 %localA_57, i64 666, i64 23, i64 18446744073709551615"   --->   Operation 38 'specmemcore' 'specmemcore_ln0' <Predicate = true> <Delay = 0.00>
ST_13 : Operation 39 [1/1] (0.00ns)   --->   "%specmemcore_ln0 = specmemcore void @_ssdm_op_SpecMemCore, i8 %localA_56, i64 666, i64 23, i64 18446744073709551615"   --->   Operation 39 'specmemcore' 'specmemcore_ln0' <Predicate = true> <Delay = 0.00>
ST_13 : Operation 40 [1/1] (0.00ns)   --->   "%specmemcore_ln0 = specmemcore void @_ssdm_op_SpecMemCore, i8 %localA_55, i64 666, i64 23, i64 18446744073709551615"   --->   Operation 40 'specmemcore' 'specmemcore_ln0' <Predicate = true> <Delay = 0.00>
ST_13 : Operation 41 [1/1] (0.00ns)   --->   "%specmemcore_ln0 = specmemcore void @_ssdm_op_SpecMemCore, i8 %localA_54, i64 666, i64 23, i64 18446744073709551615"   --->   Operation 41 'specmemcore' 'specmemcore_ln0' <Predicate = true> <Delay = 0.00>
ST_13 : Operation 42 [1/1] (0.00ns)   --->   "%specmemcore_ln0 = specmemcore void @_ssdm_op_SpecMemCore, i8 %localA_53, i64 666, i64 23, i64 18446744073709551615"   --->   Operation 42 'specmemcore' 'specmemcore_ln0' <Predicate = true> <Delay = 0.00>
ST_13 : Operation 43 [1/1] (0.00ns)   --->   "%specmemcore_ln0 = specmemcore void @_ssdm_op_SpecMemCore, i8 %localA_52, i64 666, i64 23, i64 18446744073709551615"   --->   Operation 43 'specmemcore' 'specmemcore_ln0' <Predicate = true> <Delay = 0.00>
ST_13 : Operation 44 [1/1] (0.00ns)   --->   "%specmemcore_ln0 = specmemcore void @_ssdm_op_SpecMemCore, i8 %localA_51, i64 666, i64 23, i64 18446744073709551615"   --->   Operation 44 'specmemcore' 'specmemcore_ln0' <Predicate = true> <Delay = 0.00>
ST_13 : Operation 45 [1/1] (0.00ns)   --->   "%specmemcore_ln0 = specmemcore void @_ssdm_op_SpecMemCore, i8 %localA_50, i64 666, i64 23, i64 18446744073709551615"   --->   Operation 45 'specmemcore' 'specmemcore_ln0' <Predicate = true> <Delay = 0.00>
ST_13 : Operation 46 [1/1] (0.00ns)   --->   "%specmemcore_ln0 = specmemcore void @_ssdm_op_SpecMemCore, i8 %localA_49, i64 666, i64 23, i64 18446744073709551615"   --->   Operation 46 'specmemcore' 'specmemcore_ln0' <Predicate = true> <Delay = 0.00>
ST_13 : Operation 47 [1/1] (0.00ns)   --->   "%specmemcore_ln0 = specmemcore void @_ssdm_op_SpecMemCore, i8 %localA_48, i64 666, i64 23, i64 18446744073709551615"   --->   Operation 47 'specmemcore' 'specmemcore_ln0' <Predicate = true> <Delay = 0.00>
ST_13 : Operation 48 [1/1] (0.00ns)   --->   "%specmemcore_ln0 = specmemcore void @_ssdm_op_SpecMemCore, i8 %localA_47, i64 666, i64 23, i64 18446744073709551615"   --->   Operation 48 'specmemcore' 'specmemcore_ln0' <Predicate = true> <Delay = 0.00>
ST_13 : Operation 49 [1/1] (0.00ns)   --->   "%specmemcore_ln0 = specmemcore void @_ssdm_op_SpecMemCore, i8 %localA_46, i64 666, i64 23, i64 18446744073709551615"   --->   Operation 49 'specmemcore' 'specmemcore_ln0' <Predicate = true> <Delay = 0.00>
ST_13 : Operation 50 [1/1] (0.00ns)   --->   "%specmemcore_ln0 = specmemcore void @_ssdm_op_SpecMemCore, i8 %localA_45, i64 666, i64 23, i64 18446744073709551615"   --->   Operation 50 'specmemcore' 'specmemcore_ln0' <Predicate = true> <Delay = 0.00>
ST_13 : Operation 51 [1/1] (0.00ns)   --->   "%specmemcore_ln0 = specmemcore void @_ssdm_op_SpecMemCore, i8 %localA_44, i64 666, i64 23, i64 18446744073709551615"   --->   Operation 51 'specmemcore' 'specmemcore_ln0' <Predicate = true> <Delay = 0.00>
ST_13 : Operation 52 [1/1] (0.00ns)   --->   "%specmemcore_ln0 = specmemcore void @_ssdm_op_SpecMemCore, i8 %localA_43, i64 666, i64 23, i64 18446744073709551615"   --->   Operation 52 'specmemcore' 'specmemcore_ln0' <Predicate = true> <Delay = 0.00>
ST_13 : Operation 53 [1/1] (0.00ns)   --->   "%specmemcore_ln0 = specmemcore void @_ssdm_op_SpecMemCore, i8 %localA_42, i64 666, i64 23, i64 18446744073709551615"   --->   Operation 53 'specmemcore' 'specmemcore_ln0' <Predicate = true> <Delay = 0.00>
ST_13 : Operation 54 [1/1] (0.00ns)   --->   "%specmemcore_ln0 = specmemcore void @_ssdm_op_SpecMemCore, i8 %localA_41, i64 666, i64 23, i64 18446744073709551615"   --->   Operation 54 'specmemcore' 'specmemcore_ln0' <Predicate = true> <Delay = 0.00>
ST_13 : Operation 55 [1/1] (0.00ns)   --->   "%specmemcore_ln0 = specmemcore void @_ssdm_op_SpecMemCore, i8 %localA_40, i64 666, i64 23, i64 18446744073709551615"   --->   Operation 55 'specmemcore' 'specmemcore_ln0' <Predicate = true> <Delay = 0.00>
ST_13 : Operation 56 [1/1] (0.00ns)   --->   "%specmemcore_ln0 = specmemcore void @_ssdm_op_SpecMemCore, i8 %localA_39, i64 666, i64 23, i64 18446744073709551615"   --->   Operation 56 'specmemcore' 'specmemcore_ln0' <Predicate = true> <Delay = 0.00>
ST_13 : Operation 57 [1/1] (0.00ns)   --->   "%specmemcore_ln0 = specmemcore void @_ssdm_op_SpecMemCore, i8 %localA_38, i64 666, i64 23, i64 18446744073709551615"   --->   Operation 57 'specmemcore' 'specmemcore_ln0' <Predicate = true> <Delay = 0.00>
ST_13 : Operation 58 [1/1] (0.00ns)   --->   "%specmemcore_ln0 = specmemcore void @_ssdm_op_SpecMemCore, i8 %localA_37, i64 666, i64 23, i64 18446744073709551615"   --->   Operation 58 'specmemcore' 'specmemcore_ln0' <Predicate = true> <Delay = 0.00>
ST_13 : Operation 59 [1/1] (0.00ns)   --->   "%specmemcore_ln0 = specmemcore void @_ssdm_op_SpecMemCore, i8 %localA_36, i64 666, i64 23, i64 18446744073709551615"   --->   Operation 59 'specmemcore' 'specmemcore_ln0' <Predicate = true> <Delay = 0.00>
ST_13 : Operation 60 [1/1] (0.00ns)   --->   "%specmemcore_ln0 = specmemcore void @_ssdm_op_SpecMemCore, i8 %localA_35, i64 666, i64 23, i64 18446744073709551615"   --->   Operation 60 'specmemcore' 'specmemcore_ln0' <Predicate = true> <Delay = 0.00>
ST_13 : Operation 61 [1/1] (0.00ns)   --->   "%specmemcore_ln0 = specmemcore void @_ssdm_op_SpecMemCore, i8 %localA_34, i64 666, i64 23, i64 18446744073709551615"   --->   Operation 61 'specmemcore' 'specmemcore_ln0' <Predicate = true> <Delay = 0.00>
ST_13 : Operation 62 [1/1] (0.00ns)   --->   "%specmemcore_ln0 = specmemcore void @_ssdm_op_SpecMemCore, i8 %localA_33, i64 666, i64 23, i64 18446744073709551615"   --->   Operation 62 'specmemcore' 'specmemcore_ln0' <Predicate = true> <Delay = 0.00>
ST_13 : Operation 63 [1/1] (0.00ns)   --->   "%specmemcore_ln0 = specmemcore void @_ssdm_op_SpecMemCore, i8 %localA_32, i64 666, i64 23, i64 18446744073709551615"   --->   Operation 63 'specmemcore' 'specmemcore_ln0' <Predicate = true> <Delay = 0.00>
ST_13 : Operation 64 [1/1] (0.00ns)   --->   "%specmemcore_ln0 = specmemcore void @_ssdm_op_SpecMemCore, i8 %localA, i64 666, i64 23, i64 18446744073709551615"   --->   Operation 64 'specmemcore' 'specmemcore_ln0' <Predicate = true> <Delay = 0.00>
ST_13 : Operation 65 [1/1] (0.00ns)   --->   "%specinterface_ln0 = specinterface void @_ssdm_op_SpecInterface, i8 %gmem0, void @empty_5, i32 0, i32 0, void @empty_4, i32 0, i32 0, void @empty_3, void @empty_2, void @empty_4, i32 16, i32 16, i32 16, i32 16, void @empty_4, void @empty_4, i32 4294967295, i32 0"   --->   Operation 65 'specinterface' 'specinterface_ln0' <Predicate = true> <Delay = 0.00>
ST_13 : Operation 66 [1/2] (0.00ns)   --->   "%call_ln138 = call void @Loop_readA_proc_Pipeline_readA, i8 %localA_62, i8 %localA_61, i8 %localA_60, i8 %localA_59, i8 %localA_58, i8 %localA_57, i8 %localA_56, i8 %localA_55, i8 %localA_54, i8 %localA_53, i8 %localA_52, i8 %localA_51, i8 %localA_50, i8 %localA_49, i8 %localA_48, i8 %localA_47, i8 %localA_46, i8 %localA_45, i8 %localA_44, i8 %localA_43, i8 %localA_42, i8 %localA_41, i8 %localA_40, i8 %localA_39, i8 %localA_38, i8 %localA_37, i8 %localA_36, i8 %localA_35, i8 %localA_34, i8 %localA_33, i8 %localA_32, i8 %localA, i32 %mul, i8 %gmem0, i64 %a_read, i32 %a_col_read" [mmult.cpp:138]   --->   Operation 66 'call' 'call_ln138' <Predicate = true> <Delay = 0.00> <CoreType = "Generic">   --->   Core 0 '' <Latency = 0> <II = 1> <Delay = 1.00> <Generic> <Opcode : >
ST_13 : Operation 67 [1/1] (0.00ns)   --->   "%ret_ln138 = ret i32 %a_row_read" [mmult.cpp:138]   --->   Operation 67 'ret' 'ret_ln138' <Predicate = true> <Delay = 0.00>


============================================================
+ Verbose Summary: Binding
============================================================
STG Binding: 
---------------- STG Properties BEGIN ----------------
- Is combinational: 0
- Is one-state seq: 0
- Is datapath-only: 0
- Is pipelined: 0
- Is top level: 0
Port [ Return ] is wired: 1; IO mode=ap_ctrl_hs:ce=0
Port [ a_col]:  wired=1; compound=0; hidden=0; nouse=0; global=0; static=0; extern=0; dir=0; type=0; pingpong=0; private_global=0; IO mode=ap_none:ce=0
Port [ a_row]:  wired=1; compound=0; hidden=0; nouse=0; global=0; static=0; extern=0; dir=0; type=0; pingpong=0; private_global=0; IO mode=ap_none:ce=0
Port [ gmem0]:  wired=1; compound=1; hidden=0; nouse=0; global=0; static=0; extern=0; dir=0; type=4; pingpong=0; private_global=0; IO mode=m_axi:ce=0
Port [ a]:  wired=1; compound=0; hidden=0; nouse=0; global=0; static=0; extern=0; dir=0; type=0; pingpong=0; private_global=0; IO mode=ap_none:ce=0
Port [ localA_62]:  wired=1; compound=1; hidden=0; nouse=0; global=0; static=0; extern=0; dir=1; type=1; pingpong=1; private_global=0; MemPort=[30]; IO mode=ap_memory:ce=0
Port [ localA_61]:  wired=1; compound=1; hidden=0; nouse=0; global=0; static=0; extern=0; dir=1; type=1; pingpong=1; private_global=0; MemPort=[30]; IO mode=ap_memory:ce=0
Port [ localA_60]:  wired=1; compound=1; hidden=0; nouse=0; global=0; static=0; extern=0; dir=1; type=1; pingpong=1; private_global=0; MemPort=[30]; IO mode=ap_memory:ce=0
Port [ localA_59]:  wired=1; compound=1; hidden=0; nouse=0; global=0; static=0; extern=0; dir=1; type=1; pingpong=1; private_global=0; MemPort=[30]; IO mode=ap_memory:ce=0
Port [ localA_58]:  wired=1; compound=1; hidden=0; nouse=0; global=0; static=0; extern=0; dir=1; type=1; pingpong=1; private_global=0; MemPort=[30]; IO mode=ap_memory:ce=0
Port [ localA_57]:  wired=1; compound=1; hidden=0; nouse=0; global=0; static=0; extern=0; dir=1; type=1; pingpong=1; private_global=0; MemPort=[30]; IO mode=ap_memory:ce=0
Port [ localA_56]:  wired=1; compound=1; hidden=0; nouse=0; global=0; static=0; extern=0; dir=1; type=1; pingpong=1; private_global=0; MemPort=[30]; IO mode=ap_memory:ce=0
Port [ localA_55]:  wired=1; compound=1; hidden=0; nouse=0; global=0; static=0; extern=0; dir=1; type=1; pingpong=1; private_global=0; MemPort=[30]; IO mode=ap_memory:ce=0
Port [ localA_54]:  wired=1; compound=1; hidden=0; nouse=0; global=0; static=0; extern=0; dir=1; type=1; pingpong=1; private_global=0; MemPort=[30]; IO mode=ap_memory:ce=0
Port [ localA_53]:  wired=1; compound=1; hidden=0; nouse=0; global=0; static=0; extern=0; dir=1; type=1; pingpong=1; private_global=0; MemPort=[30]; IO mode=ap_memory:ce=0
Port [ localA_52]:  wired=1; compound=1; hidden=0; nouse=0; global=0; static=0; extern=0; dir=1; type=1; pingpong=1; private_global=0; MemPort=[30]; IO mode=ap_memory:ce=0
Port [ localA_51]:  wired=1; compound=1; hidden=0; nouse=0; global=0; static=0; extern=0; dir=1; type=1; pingpong=1; private_global=0; MemPort=[30]; IO mode=ap_memory:ce=0
Port [ localA_50]:  wired=1; compound=1; hidden=0; nouse=0; global=0; static=0; extern=0; dir=1; type=1; pingpong=1; private_global=0; MemPort=[30]; IO mode=ap_memory:ce=0
Port [ localA_49]:  wired=1; compound=1; hidden=0; nouse=0; global=0; static=0; extern=0; dir=1; type=1; pingpong=1; private_global=0; MemPort=[30]; IO mode=ap_memory:ce=0
Port [ localA_48]:  wired=1; compound=1; hidden=0; nouse=0; global=0; static=0; extern=0; dir=1; type=1; pingpong=1; private_global=0; MemPort=[30]; IO mode=ap_memory:ce=0
Port [ localA_47]:  wired=1; compound=1; hidden=0; nouse=0; global=0; static=0; extern=0; dir=1; type=1; pingpong=1; private_global=0; MemPort=[30]; IO mode=ap_memory:ce=0
Port [ localA_46]:  wired=1; compound=1; hidden=0; nouse=0; global=0; static=0; extern=0; dir=1; type=1; pingpong=1; private_global=0; MemPort=[30]; IO mode=ap_memory:ce=0
Port [ localA_45]:  wired=1; compound=1; hidden=0; nouse=0; global=0; static=0; extern=0; dir=1; type=1; pingpong=1; private_global=0; MemPort=[30]; IO mode=ap_memory:ce=0
Port [ localA_44]:  wired=1; compound=1; hidden=0; nouse=0; global=0; static=0; extern=0; dir=1; type=1; pingpong=1; private_global=0; MemPort=[30]; IO mode=ap_memory:ce=0
Port [ localA_43]:  wired=1; compound=1; hidden=0; nouse=0; global=0; static=0; extern=0; dir=1; type=1; pingpong=1; private_global=0; MemPort=[30]; IO mode=ap_memory:ce=0
Port [ localA_42]:  wired=1; compound=1; hidden=0; nouse=0; global=0; static=0; extern=0; dir=1; type=1; pingpong=1; private_global=0; MemPort=[30]; IO mode=ap_memory:ce=0
Port [ localA_41]:  wired=1; compound=1; hidden=0; nouse=0; global=0; static=0; extern=0; dir=1; type=1; pingpong=1; private_global=0; MemPort=[30]; IO mode=ap_memory:ce=0
Port [ localA_40]:  wired=1; compound=1; hidden=0; nouse=0; global=0; static=0; extern=0; dir=1; type=1; pingpong=1; private_global=0; MemPort=[30]; IO mode=ap_memory:ce=0
Port [ localA_39]:  wired=1; compound=1; hidden=0; nouse=0; global=0; static=0; extern=0; dir=1; type=1; pingpong=1; private_global=0; MemPort=[30]; IO mode=ap_memory:ce=0
Port [ localA_38]:  wired=1; compound=1; hidden=0; nouse=0; global=0; static=0; extern=0; dir=1; type=1; pingpong=1; private_global=0; MemPort=[30]; IO mode=ap_memory:ce=0
Port [ localA_37]:  wired=1; compound=1; hidden=0; nouse=0; global=0; static=0; extern=0; dir=1; type=1; pingpong=1; private_global=0; MemPort=[30]; IO mode=ap_memory:ce=0
Port [ localA_36]:  wired=1; compound=1; hidden=0; nouse=0; global=0; static=0; extern=0; dir=1; type=1; pingpong=1; private_global=0; MemPort=[30]; IO mode=ap_memory:ce=0
Port [ localA_35]:  wired=1; compound=1; hidden=0; nouse=0; global=0; static=0; extern=0; dir=1; type=1; pingpong=1; private_global=0; MemPort=[30]; IO mode=ap_memory:ce=0
Port [ localA_34]:  wired=1; compound=1; hidden=0; nouse=0; global=0; static=0; extern=0; dir=1; type=1; pingpong=1; private_global=0; MemPort=[30]; IO mode=ap_memory:ce=0
Port [ localA_33]:  wired=1; compound=1; hidden=0; nouse=0; global=0; static=0; extern=0; dir=1; type=1; pingpong=1; private_global=0; MemPort=[30]; IO mode=ap_memory:ce=0
Port [ localA_32]:  wired=1; compound=1; hidden=0; nouse=0; global=0; static=0; extern=0; dir=1; type=1; pingpong=1; private_global=0; MemPort=[30]; IO mode=ap_memory:ce=0
Port [ localA]:  wired=1; compound=1; hidden=0; nouse=0; global=0; static=0; extern=0; dir=1; type=1; pingpong=1; private_global=0; MemPort=[30]; IO mode=ap_memory:ce=0
---------------- STG Properties END ------------------

---------------- Datapath Model BEGIN ----------------

<LifeTime>
<method=bitvector/>
a_row_read        (read         ) [ 00111111111111]
a_col_read        (read         ) [ 00111111111111]
mul               (mul          ) [ 00011111111111]
trunc_ln175       (trunc        ) [ 00010000000000]
icmp_ln175        (icmp         ) [ 00000000000000]
select_ln175      (select       ) [ 00001000000000]
a_read            (read         ) [ 00000111111111]
gmem0_addr        (getelementptr) [ 00000111111100]
zext_ln175        (zext         ) [ 00000111111100]
empty             (readreq      ) [ 00000000000000]
specmemcore_ln0   (specmemcore  ) [ 00000000000000]
specmemcore_ln0   (specmemcore  ) [ 00000000000000]
specmemcore_ln0   (specmemcore  ) [ 00000000000000]
specmemcore_ln0   (specmemcore  ) [ 00000000000000]
specmemcore_ln0   (specmemcore  ) [ 00000000000000]
specmemcore_ln0   (specmemcore  ) [ 00000000000000]
specmemcore_ln0   (specmemcore  ) [ 00000000000000]
specmemcore_ln0   (specmemcore  ) [ 00000000000000]
specmemcore_ln0   (specmemcore  ) [ 00000000000000]
specmemcore_ln0   (specmemcore  ) [ 00000000000000]
specmemcore_ln0   (specmemcore  ) [ 00000000000000]
specmemcore_ln0   (specmemcore  ) [ 00000000000000]
specmemcore_ln0   (specmemcore  ) [ 00000000000000]
specmemcore_ln0   (specmemcore  ) [ 00000000000000]
specmemcore_ln0   (specmemcore  ) [ 00000000000000]
specmemcore_ln0   (specmemcore  ) [ 00000000000000]
specmemcore_ln0   (specmemcore  ) [ 00000000000000]
specmemcore_ln0   (specmemcore  ) [ 00000000000000]
specmemcore_ln0   (specmemcore  ) [ 00000000000000]
specmemcore_ln0   (specmemcore  ) [ 00000000000000]
specmemcore_ln0   (specmemcore  ) [ 00000000000000]
specmemcore_ln0   (specmemcore  ) [ 00000000000000]
specmemcore_ln0   (specmemcore  ) [ 00000000000000]
specmemcore_ln0   (specmemcore  ) [ 00000000000000]
specmemcore_ln0   (specmemcore  ) [ 00000000000000]
specmemcore_ln0   (specmemcore  ) [ 00000000000000]
specmemcore_ln0   (specmemcore  ) [ 00000000000000]
specmemcore_ln0   (specmemcore  ) [ 00000000000000]
specmemcore_ln0   (specmemcore  ) [ 00000000000000]
specmemcore_ln0   (specmemcore  ) [ 00000000000000]
specmemcore_ln0   (specmemcore  ) [ 00000000000000]
specmemcore_ln0   (specmemcore  ) [ 00000000000000]
specinterface_ln0 (specinterface) [ 00000000000000]
call_ln138        (call         ) [ 00000000000000]
ret_ln138         (ret          ) [ 00000000000000]
</LifeTime>

<model>

<comp_list>
<comp id="0" class="1000" name="a_col">
<pin_list>
<pin id="1" dir="1" index="0" bw="1" slack="0"/>
</pin_list>
<bind>
<StgValue><ssdm name="a_col"/></StgValue>
</bind>
</comp>

<comp id="2" class="1000" name="a_row">
<pin_list>
<pin id="3" dir="1" index="0" bw="1" slack="0"/>
</pin_list>
<bind>
<StgValue><ssdm name="a_row"/></StgValue>
</bind>
</comp>

<comp id="4" class="1000" name="gmem0">
<pin_list>
<pin id="5" dir="1" index="0" bw="1" slack="0"/>
</pin_list>
<bind>
<StgValue><ssdm name="gmem0"/></StgValue>
</bind>
</comp>

<comp id="6" class="1000" name="a">
<pin_list>
<pin id="7" dir="1" index="0" bw="1" slack="0"/>
</pin_list>
<bind>
<StgValue><ssdm name="a"/></StgValue>
</bind>
</comp>

<comp id="8" class="1000" name="localA_62">
<pin_list>
<pin id="9" dir="1" index="0" bw="1" slack="0"/>
</pin_list>
<bind>
<StgValue><ssdm name="localA_62"/><MemPortTyVec>3 0 </MemPortTyVec>
</StgValue>
</bind>
</comp>

<comp id="10" class="1000" name="localA_61">
<pin_list>
<pin id="11" dir="1" index="0" bw="1" slack="0"/>
</pin_list>
<bind>
<StgValue><ssdm name="localA_61"/><MemPortTyVec>3 0 </MemPortTyVec>
</StgValue>
</bind>
</comp>

<comp id="12" class="1000" name="localA_60">
<pin_list>
<pin id="13" dir="1" index="0" bw="1" slack="0"/>
</pin_list>
<bind>
<StgValue><ssdm name="localA_60"/><MemPortTyVec>3 0 </MemPortTyVec>
</StgValue>
</bind>
</comp>

<comp id="14" class="1000" name="localA_59">
<pin_list>
<pin id="15" dir="1" index="0" bw="1" slack="0"/>
</pin_list>
<bind>
<StgValue><ssdm name="localA_59"/><MemPortTyVec>3 0 </MemPortTyVec>
</StgValue>
</bind>
</comp>

<comp id="16" class="1000" name="localA_58">
<pin_list>
<pin id="17" dir="1" index="0" bw="1" slack="0"/>
</pin_list>
<bind>
<StgValue><ssdm name="localA_58"/><MemPortTyVec>3 0 </MemPortTyVec>
</StgValue>
</bind>
</comp>

<comp id="18" class="1000" name="localA_57">
<pin_list>
<pin id="19" dir="1" index="0" bw="1" slack="0"/>
</pin_list>
<bind>
<StgValue><ssdm name="localA_57"/><MemPortTyVec>3 0 </MemPortTyVec>
</StgValue>
</bind>
</comp>

<comp id="20" class="1000" name="localA_56">
<pin_list>
<pin id="21" dir="1" index="0" bw="1" slack="0"/>
</pin_list>
<bind>
<StgValue><ssdm name="localA_56"/><MemPortTyVec>3 0 </MemPortTyVec>
</StgValue>
</bind>
</comp>

<comp id="22" class="1000" name="localA_55">
<pin_list>
<pin id="23" dir="1" index="0" bw="1" slack="0"/>
</pin_list>
<bind>
<StgValue><ssdm name="localA_55"/><MemPortTyVec>3 0 </MemPortTyVec>
</StgValue>
</bind>
</comp>

<comp id="24" class="1000" name="localA_54">
<pin_list>
<pin id="25" dir="1" index="0" bw="1" slack="0"/>
</pin_list>
<bind>
<StgValue><ssdm name="localA_54"/><MemPortTyVec>3 0 </MemPortTyVec>
</StgValue>
</bind>
</comp>

<comp id="26" class="1000" name="localA_53">
<pin_list>
<pin id="27" dir="1" index="0" bw="1" slack="0"/>
</pin_list>
<bind>
<StgValue><ssdm name="localA_53"/><MemPortTyVec>3 0 </MemPortTyVec>
</StgValue>
</bind>
</comp>

<comp id="28" class="1000" name="localA_52">
<pin_list>
<pin id="29" dir="1" index="0" bw="1" slack="0"/>
</pin_list>
<bind>
<StgValue><ssdm name="localA_52"/><MemPortTyVec>3 0 </MemPortTyVec>
</StgValue>
</bind>
</comp>

<comp id="30" class="1000" name="localA_51">
<pin_list>
<pin id="31" dir="1" index="0" bw="1" slack="0"/>
</pin_list>
<bind>
<StgValue><ssdm name="localA_51"/><MemPortTyVec>3 0 </MemPortTyVec>
</StgValue>
</bind>
</comp>

<comp id="32" class="1000" name="localA_50">
<pin_list>
<pin id="33" dir="1" index="0" bw="1" slack="0"/>
</pin_list>
<bind>
<StgValue><ssdm name="localA_50"/><MemPortTyVec>3 0 </MemPortTyVec>
</StgValue>
</bind>
</comp>

<comp id="34" class="1000" name="localA_49">
<pin_list>
<pin id="35" dir="1" index="0" bw="1" slack="0"/>
</pin_list>
<bind>
<StgValue><ssdm name="localA_49"/><MemPortTyVec>3 0 </MemPortTyVec>
</StgValue>
</bind>
</comp>

<comp id="36" class="1000" name="localA_48">
<pin_list>
<pin id="37" dir="1" index="0" bw="1" slack="0"/>
</pin_list>
<bind>
<StgValue><ssdm name="localA_48"/><MemPortTyVec>3 0 </MemPortTyVec>
</StgValue>
</bind>
</comp>

<comp id="38" class="1000" name="localA_47">
<pin_list>
<pin id="39" dir="1" index="0" bw="1" slack="0"/>
</pin_list>
<bind>
<StgValue><ssdm name="localA_47"/><MemPortTyVec>3 0 </MemPortTyVec>
</StgValue>
</bind>
</comp>

<comp id="40" class="1000" name="localA_46">
<pin_list>
<pin id="41" dir="1" index="0" bw="1" slack="0"/>
</pin_list>
<bind>
<StgValue><ssdm name="localA_46"/><MemPortTyVec>3 0 </MemPortTyVec>
</StgValue>
</bind>
</comp>

<comp id="42" class="1000" name="localA_45">
<pin_list>
<pin id="43" dir="1" index="0" bw="1" slack="0"/>
</pin_list>
<bind>
<StgValue><ssdm name="localA_45"/><MemPortTyVec>3 0 </MemPortTyVec>
</StgValue>
</bind>
</comp>

<comp id="44" class="1000" name="localA_44">
<pin_list>
<pin id="45" dir="1" index="0" bw="1" slack="0"/>
</pin_list>
<bind>
<StgValue><ssdm name="localA_44"/><MemPortTyVec>3 0 </MemPortTyVec>
</StgValue>
</bind>
</comp>

<comp id="46" class="1000" name="localA_43">
<pin_list>
<pin id="47" dir="1" index="0" bw="1" slack="0"/>
</pin_list>
<bind>
<StgValue><ssdm name="localA_43"/><MemPortTyVec>3 0 </MemPortTyVec>
</StgValue>
</bind>
</comp>

<comp id="48" class="1000" name="localA_42">
<pin_list>
<pin id="49" dir="1" index="0" bw="1" slack="0"/>
</pin_list>
<bind>
<StgValue><ssdm name="localA_42"/><MemPortTyVec>3 0 </MemPortTyVec>
</StgValue>
</bind>
</comp>

<comp id="50" class="1000" name="localA_41">
<pin_list>
<pin id="51" dir="1" index="0" bw="1" slack="0"/>
</pin_list>
<bind>
<StgValue><ssdm name="localA_41"/><MemPortTyVec>3 0 </MemPortTyVec>
</StgValue>
</bind>
</comp>

<comp id="52" class="1000" name="localA_40">
<pin_list>
<pin id="53" dir="1" index="0" bw="1" slack="0"/>
</pin_list>
<bind>
<StgValue><ssdm name="localA_40"/><MemPortTyVec>3 0 </MemPortTyVec>
</StgValue>
</bind>
</comp>

<comp id="54" class="1000" name="localA_39">
<pin_list>
<pin id="55" dir="1" index="0" bw="1" slack="0"/>
</pin_list>
<bind>
<StgValue><ssdm name="localA_39"/><MemPortTyVec>3 0 </MemPortTyVec>
</StgValue>
</bind>
</comp>

<comp id="56" class="1000" name="localA_38">
<pin_list>
<pin id="57" dir="1" index="0" bw="1" slack="0"/>
</pin_list>
<bind>
<StgValue><ssdm name="localA_38"/><MemPortTyVec>3 0 </MemPortTyVec>
</StgValue>
</bind>
</comp>

<comp id="58" class="1000" name="localA_37">
<pin_list>
<pin id="59" dir="1" index="0" bw="1" slack="0"/>
</pin_list>
<bind>
<StgValue><ssdm name="localA_37"/><MemPortTyVec>3 0 </MemPortTyVec>
</StgValue>
</bind>
</comp>

<comp id="60" class="1000" name="localA_36">
<pin_list>
<pin id="61" dir="1" index="0" bw="1" slack="0"/>
</pin_list>
<bind>
<StgValue><ssdm name="localA_36"/><MemPortTyVec>3 0 </MemPortTyVec>
</StgValue>
</bind>
</comp>

<comp id="62" class="1000" name="localA_35">
<pin_list>
<pin id="63" dir="1" index="0" bw="1" slack="0"/>
</pin_list>
<bind>
<StgValue><ssdm name="localA_35"/><MemPortTyVec>3 0 </MemPortTyVec>
</StgValue>
</bind>
</comp>

<comp id="64" class="1000" name="localA_34">
<pin_list>
<pin id="65" dir="1" index="0" bw="1" slack="0"/>
</pin_list>
<bind>
<StgValue><ssdm name="localA_34"/><MemPortTyVec>3 0 </MemPortTyVec>
</StgValue>
</bind>
</comp>

<comp id="66" class="1000" name="localA_33">
<pin_list>
<pin id="67" dir="1" index="0" bw="1" slack="0"/>
</pin_list>
<bind>
<StgValue><ssdm name="localA_33"/><MemPortTyVec>3 0 </MemPortTyVec>
</StgValue>
</bind>
</comp>

<comp id="68" class="1000" name="localA_32">
<pin_list>
<pin id="69" dir="1" index="0" bw="1" slack="0"/>
</pin_list>
<bind>
<StgValue><ssdm name="localA_32"/><MemPortTyVec>3 0 </MemPortTyVec>
</StgValue>
</bind>
</comp>

<comp id="70" class="1000" name="localA">
<pin_list>
<pin id="71" dir="1" index="0" bw="1" slack="0"/>
</pin_list>
<bind>
<StgValue><ssdm name="localA"/><MemPortTyVec>3 0 </MemPortTyVec>
</StgValue>
</bind>
</comp>

<comp id="72" class="1001" name="const_72">
<pin_list>
<pin id="73" dir="1" index="0" bw="1" slack="0"/>
</pin_list>
<bind>
<StgValue><ssdm name="_ssdm_op_Read.ap_auto.i32"/></StgValue>
</bind>
</comp>

<comp id="74" class="1001" name="const_74">
<pin_list>
<pin id="75" dir="1" index="0" bw="1" slack="0"/>
</pin_list>
<bind>
<StgValue><ssdm name=""/></StgValue>
</bind>
</comp>

<comp id="76" class="1001" name="const_76">
<pin_list>
<pin id="77" dir="1" index="0" bw="1" slack="0"/>
</pin_list>
<bind>
<StgValue><ssdm name=""/></StgValue>
</bind>
</comp>

<comp id="78" class="1001" name="const_78">
<pin_list>
<pin id="79" dir="1" index="0" bw="1" slack="0"/>
</pin_list>
<bind>
<StgValue><ssdm name="_ssdm_op_Read.ap_auto.i64"/></StgValue>
</bind>
</comp>

<comp id="80" class="1001" name="const_80">
<pin_list>
<pin id="81" dir="1" index="0" bw="1" slack="0"/>
</pin_list>
<bind>
<StgValue><ssdm name="_ssdm_op_ReadReq.m_axi.p1i8"/></StgValue>
</bind>
</comp>

<comp id="82" class="1001" name="const_82">
<pin_list>
<pin id="83" dir="1" index="0" bw="1" slack="0"/>
</pin_list>
<bind>
<StgValue><ssdm name="Loop_readA_proc_Pipeline_readA"/></StgValue>
</bind>
</comp>

<comp id="84" class="1001" name="const_84">
<pin_list>
<pin id="85" dir="1" index="0" bw="1" slack="2147483647"/>
</pin_list>
<bind>
<StgValue><ssdm name="_ssdm_op_SpecMemCore"/></StgValue>
</bind>
</comp>

<comp id="86" class="1001" name="const_86">
<pin_list>
<pin id="87" dir="1" index="0" bw="1" slack="2147483647"/>
</pin_list>
<bind>
<StgValue><ssdm name=""/></StgValue>
</bind>
</comp>

<comp id="88" class="1001" name="const_88">
<pin_list>
<pin id="89" dir="1" index="0" bw="1" slack="2147483647"/>
</pin_list>
<bind>
<StgValue><ssdm name=""/></StgValue>
</bind>
</comp>

<comp id="90" class="1001" name="const_90">
<pin_list>
<pin id="91" dir="1" index="0" bw="1" slack="2147483647"/>
</pin_list>
<bind>
<StgValue><ssdm name=""/></StgValue>
</bind>
</comp>

<comp id="92" class="1001" name="const_92">
<pin_list>
<pin id="93" dir="1" index="0" bw="1" slack="2147483647"/>
</pin_list>
<bind>
<StgValue><ssdm name="_ssdm_op_SpecInterface"/></StgValue>
</bind>
</comp>

<comp id="94" class="1001" name="const_94">
<pin_list>
<pin id="95" dir="1" index="0" bw="1" slack="2147483647"/>
</pin_list>
<bind>
<StgValue><ssdm name="empty_5"/></StgValue>
</bind>
</comp>

<comp id="96" class="1001" name="const_96">
<pin_list>
<pin id="97" dir="1" index="0" bw="1" slack="2147483647"/>
</pin_list>
<bind>
<StgValue><ssdm name="empty_4"/></StgValue>
</bind>
</comp>

<comp id="98" class="1001" name="const_98">
<pin_list>
<pin id="99" dir="1" index="0" bw="1" slack="2147483647"/>
</pin_list>
<bind>
<StgValue><ssdm name="empty_3"/></StgValue>
</bind>
</comp>

<comp id="100" class="1001" name="const_100">
<pin_list>
<pin id="101" dir="1" index="0" bw="1" slack="2147483647"/>
</pin_list>
<bind>
<StgValue><ssdm name="empty_2"/></StgValue>
</bind>
</comp>

<comp id="102" class="1001" name="const_102">
<pin_list>
<pin id="103" dir="1" index="0" bw="1" slack="2147483647"/>
</pin_list>
<bind>
<StgValue><ssdm name=""/></StgValue>
</bind>
</comp>

<comp id="104" class="1001" name="const_104">
<pin_list>
<pin id="105" dir="1" index="0" bw="1" slack="2147483647"/>
</pin_list>
<bind>
<StgValue><ssdm name=""/></StgValue>
</bind>
</comp>

<comp id="106" class="1004" name="a_row_read_read_fu_106">
<pin_list>
<pin id="107" dir="0" index="0" bw="32" slack="0"/>
<pin id="108" dir="0" index="1" bw="32" slack="0"/>
<pin id="109" dir="1" index="2" bw="32" slack="0"/>
</pin_list>
<bind>
<opcode="read(1150) " fcode="read"/>
<opset="a_row_read/1 "/>
</bind>
</comp>

<comp id="112" class="1004" name="a_col_read_read_fu_112">
<pin_list>
<pin id="113" dir="0" index="0" bw="32" slack="0"/>
<pin id="114" dir="0" index="1" bw="32" slack="0"/>
<pin id="115" dir="1" index="2" bw="32" slack="0"/>
</pin_list>
<bind>
<opcode="read(1150) " fcode="read"/>
<opset="a_col_read/1 "/>
</bind>
</comp>

<comp id="118" class="1004" name="a_read_read_fu_118">
<pin_list>
<pin id="119" dir="0" index="0" bw="64" slack="0"/>
<pin id="120" dir="0" index="1" bw="64" slack="0"/>
<pin id="121" dir="1" index="2" bw="64" slack="0"/>
</pin_list>
<bind>
<opcode="read(1150) " fcode="read"/>
<opset="a_read/4 "/>
</bind>
</comp>

<comp id="124" class="1004" name="grp_readreq_fu_124">
<pin_list>
<pin id="125" dir="0" index="0" bw="1" slack="0"/>
<pin id="126" dir="0" index="1" bw="8" slack="0"/>
<pin id="127" dir="0" index="2" bw="31" slack="0"/>
<pin id="128" dir="1" index="3" bw="1" slack="2147483647"/>
</pin_list>
<bind>
<opcode="readreq(1154) " fcode="readreq"/>
<opset="empty/4 "/>
</bind>
</comp>

<comp id="130" class="1004" name="grp_Loop_readA_proc_Pipeline_readA_fu_130">
<pin_list>
<pin id="131" dir="0" index="0" bw="0" slack="0"/>
<pin id="132" dir="0" index="1" bw="8" slack="0"/>
<pin id="133" dir="0" index="2" bw="8" slack="0"/>
<pin id="134" dir="0" index="3" bw="8" slack="0"/>
<pin id="135" dir="0" index="4" bw="8" slack="0"/>
<pin id="136" dir="0" index="5" bw="8" slack="0"/>
<pin id="137" dir="0" index="6" bw="8" slack="0"/>
<pin id="138" dir="0" index="7" bw="8" slack="0"/>
<pin id="139" dir="0" index="8" bw="8" slack="0"/>
<pin id="140" dir="0" index="9" bw="8" slack="0"/>
<pin id="141" dir="0" index="10" bw="8" slack="0"/>
<pin id="142" dir="0" index="11" bw="8" slack="0"/>
<pin id="143" dir="0" index="12" bw="8" slack="0"/>
<pin id="144" dir="0" index="13" bw="8" slack="0"/>
<pin id="145" dir="0" index="14" bw="8" slack="0"/>
<pin id="146" dir="0" index="15" bw="8" slack="0"/>
<pin id="147" dir="0" index="16" bw="8" slack="0"/>
<pin id="148" dir="0" index="17" bw="8" slack="0"/>
<pin id="149" dir="0" index="18" bw="8" slack="0"/>
<pin id="150" dir="0" index="19" bw="8" slack="0"/>
<pin id="151" dir="0" index="20" bw="8" slack="0"/>
<pin id="152" dir="0" index="21" bw="8" slack="0"/>
<pin id="153" dir="0" index="22" bw="8" slack="0"/>
<pin id="154" dir="0" index="23" bw="8" slack="0"/>
<pin id="155" dir="0" index="24" bw="8" slack="0"/>
<pin id="156" dir="0" index="25" bw="8" slack="0"/>
<pin id="157" dir="0" index="26" bw="8" slack="0"/>
<pin id="158" dir="0" index="27" bw="8" slack="0"/>
<pin id="159" dir="0" index="28" bw="8" slack="0"/>
<pin id="160" dir="0" index="29" bw="8" slack="0"/>
<pin id="161" dir="0" index="30" bw="8" slack="0"/>
<pin id="162" dir="0" index="31" bw="8" slack="0"/>
<pin id="163" dir="0" index="32" bw="8" slack="0"/>
<pin id="164" dir="0" index="33" bw="32" slack="10"/>
<pin id="165" dir="0" index="34" bw="8" slack="0"/>
<pin id="166" dir="0" index="35" bw="64" slack="8"/>
<pin id="167" dir="0" index="36" bw="32" slack="11"/>
<pin id="168" dir="1" index="37" bw="0" slack="2147483647"/>
</pin_list>
<bind>
<opcode="call(48) " fcode="call"/>
<opset="call_ln138/12 "/>
</bind>
</comp>

<comp id="203" class="1004" name="grp_fu_203">
<pin_list>
<pin id="204" dir="0" index="0" bw="32" slack="0"/>
<pin id="205" dir="0" index="1" bw="32" slack="0"/>
<pin id="206" dir="1" index="2" bw="32" slack="0"/>
</pin_list>
<bind>
<opcode="mul(12) " fcode="mul"/>
<opset="mul/1 "/>
</bind>
</comp>

<comp id="209" class="1004" name="trunc_ln175_fu_209">
<pin_list>
<pin id="210" dir="0" index="0" bw="32" slack="0"/>
<pin id="211" dir="1" index="1" bw="31" slack="1"/>
</pin_list>
<bind>
<opcode="trunc(33) " fcode="trunc"/>
<opset="trunc_ln175/2 "/>
</bind>
</comp>

<comp id="213" class="1004" name="icmp_ln175_fu_213">
<pin_list>
<pin id="214" dir="0" index="0" bw="32" slack="1"/>
<pin id="215" dir="0" index="1" bw="32" slack="0"/>
<pin id="216" dir="1" index="2" bw="1" slack="0"/>
</pin_list>
<bind>
<opcode="icmp(45) " fcode="icmp"/>
<opset="icmp_ln175/3 "/>
</bind>
</comp>

<comp id="218" class="1004" name="select_ln175_fu_218">
<pin_list>
<pin id="219" dir="0" index="0" bw="1" slack="0"/>
<pin id="220" dir="0" index="1" bw="31" slack="1"/>
<pin id="221" dir="0" index="2" bw="31" slack="0"/>
<pin id="222" dir="1" index="3" bw="31" slack="1"/>
</pin_list>
<bind>
<opcode="select(49) " fcode="select"/>
<opset="select_ln175/3 "/>
</bind>
</comp>

<comp id="225" class="1004" name="gmem0_addr_fu_225">
<pin_list>
<pin id="226" dir="0" index="0" bw="64" slack="0"/>
<pin id="227" dir="0" index="1" bw="64" slack="0"/>
<pin id="228" dir="1" index="2" bw="64" slack="0"/>
</pin_list>
<bind>
<opcode="getelementptr(29) " fcode="getelementptr"/>
<opset="gmem0_addr/4 "/>
</bind>
</comp>

<comp id="232" class="1004" name="zext_ln175_fu_232">
<pin_list>
<pin id="233" dir="0" index="0" bw="31" slack="1"/>
<pin id="234" dir="1" index="1" bw="32" slack="0"/>
</pin_list>
<bind>
<opcode="zext(34) " fcode="zext"/>
<opset="zext_ln175/4 "/>
</bind>
</comp>

<comp id="236" class="1005" name="a_row_read_reg_236">
<pin_list>
<pin id="237" dir="0" index="0" bw="32" slack="1"/>
<pin id="238" dir="1" index="1" bw="32" slack="1"/>
</pin_list>
<bind>
<opset="a_row_read "/>
</bind>
</comp>

<comp id="241" class="1005" name="a_col_read_reg_241">
<pin_list>
<pin id="242" dir="0" index="0" bw="32" slack="1"/>
<pin id="243" dir="1" index="1" bw="32" slack="1"/>
</pin_list>
<bind>
<opset="a_col_read "/>
</bind>
</comp>

<comp id="247" class="1005" name="mul_reg_247">
<pin_list>
<pin id="248" dir="0" index="0" bw="32" slack="1"/>
<pin id="249" dir="1" index="1" bw="32" slack="1"/>
</pin_list>
<bind>
<opset="mul "/>
</bind>
</comp>

<comp id="253" class="1005" name="trunc_ln175_reg_253">
<pin_list>
<pin id="254" dir="0" index="0" bw="31" slack="1"/>
<pin id="255" dir="1" index="1" bw="31" slack="1"/>
</pin_list>
<bind>
<opset="trunc_ln175 "/>
</bind>
</comp>

<comp id="258" class="1005" name="select_ln175_reg_258">
<pin_list>
<pin id="259" dir="0" index="0" bw="31" slack="1"/>
<pin id="260" dir="1" index="1" bw="31" slack="1"/>
</pin_list>
<bind>
<opset="select_ln175 "/>
</bind>
</comp>

<comp id="263" class="1005" name="a_read_reg_263">
<pin_list>
<pin id="264" dir="0" index="0" bw="64" slack="8"/>
<pin id="265" dir="1" index="1" bw="64" slack="8"/>
</pin_list>
<bind>
<opset="a_read "/>
</bind>
</comp>

<comp id="268" class="1005" name="gmem0_addr_reg_268">
<pin_list>
<pin id="269" dir="0" index="0" bw="8" slack="1"/>
<pin id="270" dir="1" index="1" bw="8" slack="1"/>
</pin_list>
<bind>
<opset="gmem0_addr "/>
</bind>
</comp>

<comp id="273" class="1005" name="zext_ln175_reg_273">
<pin_list>
<pin id="274" dir="0" index="0" bw="32" slack="1"/>
<pin id="275" dir="1" index="1" bw="32" slack="1"/>
</pin_list>
<bind>
<opset="zext_ln175 "/>
</bind>
</comp>

</comp_list>

<net_list>
<net id="110"><net_src comp="72" pin="0"/><net_sink comp="106" pin=0"/></net>

<net id="111"><net_src comp="2" pin="0"/><net_sink comp="106" pin=1"/></net>

<net id="116"><net_src comp="72" pin="0"/><net_sink comp="112" pin=0"/></net>

<net id="117"><net_src comp="0" pin="0"/><net_sink comp="112" pin=1"/></net>

<net id="122"><net_src comp="78" pin="0"/><net_sink comp="118" pin=0"/></net>

<net id="123"><net_src comp="6" pin="0"/><net_sink comp="118" pin=1"/></net>

<net id="129"><net_src comp="80" pin="0"/><net_sink comp="124" pin=0"/></net>

<net id="169"><net_src comp="82" pin="0"/><net_sink comp="130" pin=0"/></net>

<net id="170"><net_src comp="8" pin="0"/><net_sink comp="130" pin=1"/></net>

<net id="171"><net_src comp="10" pin="0"/><net_sink comp="130" pin=2"/></net>

<net id="172"><net_src comp="12" pin="0"/><net_sink comp="130" pin=3"/></net>

<net id="173"><net_src comp="14" pin="0"/><net_sink comp="130" pin=4"/></net>

<net id="174"><net_src comp="16" pin="0"/><net_sink comp="130" pin=5"/></net>

<net id="175"><net_src comp="18" pin="0"/><net_sink comp="130" pin=6"/></net>

<net id="176"><net_src comp="20" pin="0"/><net_sink comp="130" pin=7"/></net>

<net id="177"><net_src comp="22" pin="0"/><net_sink comp="130" pin=8"/></net>

<net id="178"><net_src comp="24" pin="0"/><net_sink comp="130" pin=9"/></net>

<net id="179"><net_src comp="26" pin="0"/><net_sink comp="130" pin=10"/></net>

<net id="180"><net_src comp="28" pin="0"/><net_sink comp="130" pin=11"/></net>

<net id="181"><net_src comp="30" pin="0"/><net_sink comp="130" pin=12"/></net>

<net id="182"><net_src comp="32" pin="0"/><net_sink comp="130" pin=13"/></net>

<net id="183"><net_src comp="34" pin="0"/><net_sink comp="130" pin=14"/></net>

<net id="184"><net_src comp="36" pin="0"/><net_sink comp="130" pin=15"/></net>

<net id="185"><net_src comp="38" pin="0"/><net_sink comp="130" pin=16"/></net>

<net id="186"><net_src comp="40" pin="0"/><net_sink comp="130" pin=17"/></net>

<net id="187"><net_src comp="42" pin="0"/><net_sink comp="130" pin=18"/></net>

<net id="188"><net_src comp="44" pin="0"/><net_sink comp="130" pin=19"/></net>

<net id="189"><net_src comp="46" pin="0"/><net_sink comp="130" pin=20"/></net>

<net id="190"><net_src comp="48" pin="0"/><net_sink comp="130" pin=21"/></net>

<net id="191"><net_src comp="50" pin="0"/><net_sink comp="130" pin=22"/></net>

<net id="192"><net_src comp="52" pin="0"/><net_sink comp="130" pin=23"/></net>

<net id="193"><net_src comp="54" pin="0"/><net_sink comp="130" pin=24"/></net>

<net id="194"><net_src comp="56" pin="0"/><net_sink comp="130" pin=25"/></net>

<net id="195"><net_src comp="58" pin="0"/><net_sink comp="130" pin=26"/></net>

<net id="196"><net_src comp="60" pin="0"/><net_sink comp="130" pin=27"/></net>

<net id="197"><net_src comp="62" pin="0"/><net_sink comp="130" pin=28"/></net>

<net id="198"><net_src comp="64" pin="0"/><net_sink comp="130" pin=29"/></net>

<net id="199"><net_src comp="66" pin="0"/><net_sink comp="130" pin=30"/></net>

<net id="200"><net_src comp="68" pin="0"/><net_sink comp="130" pin=31"/></net>

<net id="201"><net_src comp="70" pin="0"/><net_sink comp="130" pin=32"/></net>

<net id="202"><net_src comp="4" pin="0"/><net_sink comp="130" pin=34"/></net>

<net id="207"><net_src comp="112" pin="2"/><net_sink comp="203" pin=0"/></net>

<net id="208"><net_src comp="106" pin="2"/><net_sink comp="203" pin=1"/></net>

<net id="212"><net_src comp="203" pin="2"/><net_sink comp="209" pin=0"/></net>

<net id="217"><net_src comp="74" pin="0"/><net_sink comp="213" pin=1"/></net>

<net id="223"><net_src comp="213" pin="2"/><net_sink comp="218" pin=0"/></net>

<net id="224"><net_src comp="76" pin="0"/><net_sink comp="218" pin=2"/></net>

<net id="229"><net_src comp="4" pin="0"/><net_sink comp="225" pin=0"/></net>

<net id="230"><net_src comp="118" pin="2"/><net_sink comp="225" pin=1"/></net>

<net id="231"><net_src comp="225" pin="2"/><net_sink comp="124" pin=1"/></net>

<net id="235"><net_src comp="232" pin="1"/><net_sink comp="124" pin=2"/></net>

<net id="239"><net_src comp="106" pin="2"/><net_sink comp="236" pin=0"/></net>

<net id="240"><net_src comp="236" pin="1"/><net_sink comp="203" pin=1"/></net>

<net id="244"><net_src comp="112" pin="2"/><net_sink comp="241" pin=0"/></net>

<net id="245"><net_src comp="241" pin="1"/><net_sink comp="203" pin=0"/></net>

<net id="246"><net_src comp="241" pin="1"/><net_sink comp="130" pin=36"/></net>

<net id="250"><net_src comp="203" pin="2"/><net_sink comp="247" pin=0"/></net>

<net id="251"><net_src comp="247" pin="1"/><net_sink comp="213" pin=0"/></net>

<net id="252"><net_src comp="247" pin="1"/><net_sink comp="130" pin=33"/></net>

<net id="256"><net_src comp="209" pin="1"/><net_sink comp="253" pin=0"/></net>

<net id="257"><net_src comp="253" pin="1"/><net_sink comp="218" pin=1"/></net>

<net id="261"><net_src comp="218" pin="3"/><net_sink comp="258" pin=0"/></net>

<net id="262"><net_src comp="258" pin="1"/><net_sink comp="232" pin=0"/></net>

<net id="266"><net_src comp="118" pin="2"/><net_sink comp="263" pin=0"/></net>

<net id="267"><net_src comp="263" pin="1"/><net_sink comp="130" pin=35"/></net>

<net id="271"><net_src comp="225" pin="2"/><net_sink comp="268" pin=0"/></net>

<net id="272"><net_src comp="268" pin="1"/><net_sink comp="124" pin=1"/></net>

<net id="276"><net_src comp="232" pin="1"/><net_sink comp="273" pin=0"/></net>

<net id="277"><net_src comp="273" pin="1"/><net_sink comp="124" pin=2"/></net>

</net_list>

</model> 
---------------- Datapath Model END ------------------

* FSMD analyzer results:
  - Output states:
	Port: gmem0 | {}
	Port: localA_62 | {12 13 }
	Port: localA_61 | {12 13 }
	Port: localA_60 | {12 13 }
	Port: localA_59 | {12 13 }
	Port: localA_58 | {12 13 }
	Port: localA_57 | {12 13 }
	Port: localA_56 | {12 13 }
	Port: localA_55 | {12 13 }
	Port: localA_54 | {12 13 }
	Port: localA_53 | {12 13 }
	Port: localA_52 | {12 13 }
	Port: localA_51 | {12 13 }
	Port: localA_50 | {12 13 }
	Port: localA_49 | {12 13 }
	Port: localA_48 | {12 13 }
	Port: localA_47 | {12 13 }
	Port: localA_46 | {12 13 }
	Port: localA_45 | {12 13 }
	Port: localA_44 | {12 13 }
	Port: localA_43 | {12 13 }
	Port: localA_42 | {12 13 }
	Port: localA_41 | {12 13 }
	Port: localA_40 | {12 13 }
	Port: localA_39 | {12 13 }
	Port: localA_38 | {12 13 }
	Port: localA_37 | {12 13 }
	Port: localA_36 | {12 13 }
	Port: localA_35 | {12 13 }
	Port: localA_34 | {12 13 }
	Port: localA_33 | {12 13 }
	Port: localA_32 | {12 13 }
	Port: localA | {12 13 }
 - Input state : 
	Port: Loop_readA_proc : a_col | {1 }
	Port: Loop_readA_proc : a_row | {1 }
	Port: Loop_readA_proc : gmem0 | {4 5 6 7 8 9 10 11 12 13 }
	Port: Loop_readA_proc : a | {4 }
  - Chain level:
	State 1
	State 2
		trunc_ln175 : 1
	State 3
		select_ln175 : 1
	State 4
		empty : 1
	State 5
	State 6
	State 7
	State 8
	State 9
	State 10
	State 11
	State 12
	State 13


============================================================
+ Verbose Summary: Datapath Resource usage 
============================================================

* Functional unit list:
|----------|-------------------------------------------|---------|---------|---------|
| Operation|              Functional Unit              |   DSP   |    FF   |   LUT   |
|----------|-------------------------------------------|---------|---------|---------|
|   call   | grp_Loop_readA_proc_Pipeline_readA_fu_130 |    0    |   373   |   258   |
|----------|-------------------------------------------|---------|---------|---------|
|    mul   |                 grp_fu_203                |    3    |   165   |    49   |
|----------|-------------------------------------------|---------|---------|---------|
|   icmp   |             icmp_ln175_fu_213             |    0    |    0    |    39   |
|----------|-------------------------------------------|---------|---------|---------|
|  select  |            select_ln175_fu_218            |    0    |    0    |    31   |
|----------|-------------------------------------------|---------|---------|---------|
|          |           a_row_read_read_fu_106          |    0    |    0    |    0    |
|   read   |           a_col_read_read_fu_112          |    0    |    0    |    0    |
|          |             a_read_read_fu_118            |    0    |    0    |    0    |
|----------|-------------------------------------------|---------|---------|---------|
|  readreq |             grp_readreq_fu_124            |    0    |    0    |    0    |
|----------|-------------------------------------------|---------|---------|---------|
|   trunc  |             trunc_ln175_fu_209            |    0    |    0    |    0    |
|----------|-------------------------------------------|---------|---------|---------|
|   zext   |             zext_ln175_fu_232             |    0    |    0    |    0    |
|----------|-------------------------------------------|---------|---------|---------|
|   Total  |                                           |    3    |   538   |   377   |
|----------|-------------------------------------------|---------|---------|---------|

Memories:
N/A

* Register list:
+--------------------+--------+
|                    |   FF   |
+--------------------+--------+
| a_col_read_reg_241 |   32   |
|   a_read_reg_263   |   64   |
| a_row_read_reg_236 |   32   |
| gmem0_addr_reg_268 |    8   |
|     mul_reg_247    |   32   |
|select_ln175_reg_258|   31   |
| trunc_ln175_reg_253|   31   |
| zext_ln175_reg_273 |   32   |
+--------------------+--------+
|        Total       |   262  |
+--------------------+--------+

* Multiplexer (MUX) list: 
|--------------------|------|------|------|--------||---------||---------|
|        Comp        |  Pin | Size |  BW  | S x BW ||  Delay  ||   LUT   |
|--------------------|------|------|------|--------||---------||---------|
| grp_readreq_fu_124 |  p1  |   2  |   8  |   16   ||    9    |
| grp_readreq_fu_124 |  p2  |   2  |  31  |   62   ||    9    |
|     grp_fu_203     |  p0  |   2  |  32  |   64   ||    9    |
|     grp_fu_203     |  p1  |   2  |  32  |   64   ||    9    |
|--------------------|------|------|------|--------||---------||---------|
|        Total       |      |      |      |   206  ||  1.708  ||    36   |
|--------------------|------|------|------|--------||---------||---------|



* Summary:
+-----------+--------+--------+--------+--------+
|           |   DSP  |  Delay |   FF   |   LUT  |
+-----------+--------+--------+--------+--------+
|  Function |    3   |    -   |   538  |   377  |
|   Memory  |    -   |    -   |    -   |    -   |
|Multiplexer|    -   |    1   |    -   |   36   |
|  Register |    -   |    -   |   262  |    -   |
+-----------+--------+--------+--------+--------+
|   Total   |    3   |    1   |   800  |   413  |
+-----------+--------+--------+--------+--------+
