

================================================================
== Vitis HLS Report for 'Loop_readA_proc_Pipeline_readA'
================================================================
* Date:           Sun Apr 12 17:22:34 2026

* Version:        2023.2 (Build 4023990 on Oct 11 2023)
* Project:        hls_prj
* Solution:       s1 (Vivado IP Flow Target)
* Product family: zynquplus
* Target device:  xck26-sfvc784-2LV-c


================================================================
== Performance Estimates
================================================================
+ Timing: 
    * Summary: 
    +--------+---------+----------+------------+
    |  Clock |  Target | Estimated| Uncertainty|
    +--------+---------+----------+------------+
    |ap_clk  |  3.30 ns|  2.409 ns|     0.89 ns|
    +--------+---------+----------+------------+

+ Latency: 
    * Summary: 
    +---------+---------+----------+----------+------+------+---------+
    |  Latency (cycles) |  Latency (absolute) |   Interval  | Pipeline|
    |   min   |   max   |    min   |    max   |  min |  max |   Type  |
    +---------+---------+----------+----------+------+------+---------+
    |     2050|     2050|  6.765 us|  6.765 us|  2050|  2050|       no|
    +---------+---------+----------+----------+------+------+---------+

    + Detail: 
        * Instance: 
        N/A

        * Loop: 
        +----------+---------+---------+----------+-----------+-----------+------+----------+
        |          |  Latency (cycles) | Iteration|  Initiation Interval  | Trip |          |
        | Loop Name|   min   |   max   |  Latency |  achieved |   target  | Count| Pipelined|
        +----------+---------+---------+----------+-----------+-----------+------+----------+
        |- readA   |     2048|     2048|         3|          2|          1|  1024|       yes|
        +----------+---------+---------+----------+-----------+-----------+------+----------+

============================================================
+ Verbose Summary: Synthesis Manager
============================================================
InlineROM: 1
ExposeGlobal: 0
============================================================
+ Verbose Summary: CDFG Model
============================================================
IsTopModel: 0
ResetActiveHigh: 1
IsCombinational: 0
IsDatapathOnly: 0
HasWiredReturn: 1
HasMFsm: 2
HasVarLatency: 1
IsPipeline: 0
IsRtlPipelined: 0
IsInstanceOverlapped: 0
IsDontTouch: 0
HasImplIP: 0
IsGatedGlobalClock: 0

+ Individual pipeline summary: 
  * Pipeline-0: initiation interval (II) = 2, depth = 3


============================================================
+ Verbose Summary: Schedule
============================================================
* Number of FSM states : 3
* Pipeline : 1
  Pipeline-0 : II = 2, D = 3, States = { 1 2 3 }
* Dataflow Pipeline: 0

* FSM state transitions: 
1 --> 2 
2 --> 3 
3 --> 

* FSM state operations: 

State 1 <SV = 0> <Delay = 1.44>
ST_1 : Operation 6 [1/1] (0.00ns)   --->   "%j = alloca i32 1" [mmult.cpp:215]   --->   Operation 6 'alloca' 'j' <Predicate = true> <Delay = 0.00>
ST_1 : Operation 7 [1/1] (0.00ns)   --->   "%i = alloca i32 1" [mmult.cpp:215]   --->   Operation 7 'alloca' 'i' <Predicate = true> <Delay = 0.00>
ST_1 : Operation 8 [1/1] (0.00ns)   --->   "%loc = alloca i32 1"   --->   Operation 8 'alloca' 'loc' <Predicate = true> <Delay = 0.00>
ST_1 : Operation 9 [1/1] (0.00ns)   --->   "%specmemcore_ln0 = specmemcore void @_ssdm_op_SpecMemCore, i8 %localA, i64 666, i64 23, i64 18446744073709551615"   --->   Operation 9 'specmemcore' 'specmemcore_ln0' <Predicate = true> <Delay = 0.00>
ST_1 : Operation 10 [1/1] (0.00ns)   --->   "%specmemcore_ln0 = specmemcore void @_ssdm_op_SpecMemCore, i8 %localA_1, i64 666, i64 23, i64 18446744073709551615"   --->   Operation 10 'specmemcore' 'specmemcore_ln0' <Predicate = true> <Delay = 0.00>
ST_1 : Operation 11 [1/1] (0.00ns)   --->   "%specmemcore_ln0 = specmemcore void @_ssdm_op_SpecMemCore, i8 %localA_2, i64 666, i64 23, i64 18446744073709551615"   --->   Operation 11 'specmemcore' 'specmemcore_ln0' <Predicate = true> <Delay = 0.00>
ST_1 : Operation 12 [1/1] (0.00ns)   --->   "%specmemcore_ln0 = specmemcore void @_ssdm_op_SpecMemCore, i8 %localA_3, i64 666, i64 23, i64 18446744073709551615"   --->   Operation 12 'specmemcore' 'specmemcore_ln0' <Predicate = true> <Delay = 0.00>
ST_1 : Operation 13 [1/1] (0.00ns)   --->   "%specinterface_ln0 = specinterface void @_ssdm_op_SpecInterface, i8 %gmem0, void @empty_4, i32 0, i32 0, void @empty_5, i32 0, i32 0, void @empty_6, void @empty_7, void @empty_5, i32 16, i32 16, i32 16, i32 16, void @empty_5, void @empty_5, i32 4294967295, i32 0"   --->   Operation 13 'specinterface' 'specinterface_ln0' <Predicate = true> <Delay = 0.00>
ST_1 : Operation 14 [1/1] (0.00ns)   --->   "%a_col_read = read i32 @_ssdm_op_Read.ap_auto.i32, i32 %a_col"   --->   Operation 14 'read' 'a_col_read' <Predicate = true> <Delay = 0.00>
ST_1 : Operation 15 [1/1] (0.00ns)   --->   "%a_read = read i64 @_ssdm_op_Read.ap_auto.i64, i64 %a"   --->   Operation 15 'read' 'a_read' <Predicate = true> <Delay = 0.00>
ST_1 : Operation 16 [1/1] (0.00ns)   --->   "%mul_read = read i32 @_ssdm_op_Read.ap_auto.i32, i32 %mul"   --->   Operation 16 'read' 'mul_read' <Predicate = true> <Delay = 0.00>
ST_1 : Operation 17 [1/1] (0.42ns)   --->   "%store_ln0 = store i31 0, i31 %loc"   --->   Operation 17 'store' 'store_ln0' <Predicate = true> <Delay = 0.42>
ST_1 : Operation 18 [1/1] (0.42ns)   --->   "%store_ln215 = store i32 0, i32 %i" [mmult.cpp:215]   --->   Operation 18 'store' 'store_ln215' <Predicate = true> <Delay = 0.42>
ST_1 : Operation 19 [1/1] (0.42ns)   --->   "%store_ln215 = store i32 0, i32 %j" [mmult.cpp:215]   --->   Operation 19 'store' 'store_ln215' <Predicate = true> <Delay = 0.42>
ST_1 : Operation 20 [1/1] (0.00ns)   --->   "%br_ln0 = br void %for.cond"   --->   Operation 20 'br' 'br_ln0' <Predicate = true> <Delay = 0.00>
ST_1 : Operation 21 [1/1] (0.00ns)   --->   "%loc_load = load i31 %loc" [mmult.cpp:215]   --->   Operation 21 'load' 'loc_load' <Predicate = true> <Delay = 0.00>
ST_1 : Operation 22 [1/1] (0.00ns)   --->   "%zext_ln215 = zext i31 %loc_load" [mmult.cpp:215]   --->   Operation 22 'zext' 'zext_ln215' <Predicate = true> <Delay = 0.00>
ST_1 : Operation 23 [1/1] (1.01ns)   --->   "%icmp_ln215 = icmp_slt  i32 %zext_ln215, i32 %mul_read" [mmult.cpp:215]   --->   Operation 23 'icmp' 'icmp_ln215' <Predicate = true> <Delay = 1.01> <CoreInst = "Cmp">   --->   Core 9 'Cmp' <Latency = 0> <II = 1> <Delay = 1.01> <FuncUnit> <Opcode : 'icmp'> <InPorts = 2> <OutPorts = 1>
ST_1 : Operation 24 [1/1] (1.00ns)   --->   "%add_ln215 = add i31 %loc_load, i31 1" [mmult.cpp:215]   --->   Operation 24 'add' 'add_ln215' <Predicate = true> <Delay = 1.00> <CoreInst = "Adder">   --->   Core 1 'Adder' <Latency = 0> <II = 1> <Delay = 1.00> <FuncUnit> <Opcode : 'add' 'sub'> <InPorts = 2> <OutPorts = 1>
ST_1 : Operation 25 [1/1] (0.00ns)   --->   "%br_ln215 = br i1 %icmp_ln215, void %for.end.exitStub.exitStub, void %for.body" [mmult.cpp:215]   --->   Operation 25 'br' 'br_ln215' <Predicate = true> <Delay = 0.00>
ST_1 : Operation 26 [1/1] (0.00ns)   --->   "%gmem0_addr = getelementptr i8 %gmem0, i64 %a_read" [mmult.cpp:215]   --->   Operation 26 'getelementptr' 'gmem0_addr' <Predicate = (icmp_ln215)> <Delay = 0.00>
ST_1 : Operation 61 [1/1] (0.00ns)   --->   "%ret_ln0 = ret"   --->   Operation 61 'ret' 'ret_ln0' <Predicate = (!icmp_ln215)> <Delay = 0.00>

State 2 <SV = 1> <Delay = 2.40>
ST_2 : Operation 27 [1/1] (0.00ns)   --->   "%j_load = load i32 %j" [mmult.cpp:217]   --->   Operation 27 'load' 'j_load' <Predicate = (icmp_ln215)> <Delay = 0.00>
ST_2 : Operation 28 [1/1] (0.00ns)   --->   "%i_load = load i32 %i" [mmult.cpp:218]   --->   Operation 28 'load' 'i_load' <Predicate = (icmp_ln215)> <Delay = 0.00>
ST_2 : Operation 29 [1/1] (1.01ns)   --->   "%icmp_ln217 = icmp_eq  i32 %j_load, i32 %a_col_read" [mmult.cpp:217]   --->   Operation 29 'icmp' 'icmp_ln217' <Predicate = (icmp_ln215)> <Delay = 1.01> <CoreInst = "Cmp">   --->   Core 9 'Cmp' <Latency = 0> <II = 1> <Delay = 1.01> <FuncUnit> <Opcode : 'icmp'> <InPorts = 2> <OutPorts = 1>
ST_2 : Operation 30 [1/1] (1.01ns)   --->   "%add_ln218 = add i32 %i_load, i32 1" [mmult.cpp:218]   --->   Operation 30 'add' 'add_ln218' <Predicate = (icmp_ln215)> <Delay = 1.01> <CoreInst = "Adder">   --->   Core 1 'Adder' <Latency = 0> <II = 1> <Delay = 1.01> <FuncUnit> <Opcode : 'add' 'sub'> <InPorts = 2> <OutPorts = 1>
ST_2 : Operation 31 [1/1] (0.44ns)   --->   "%i_3 = select i1 %icmp_ln217, i32 %add_ln218, i32 %i_load" [mmult.cpp:217]   --->   Operation 31 'select' 'i_3' <Predicate = (icmp_ln215)> <Delay = 0.44> <CoreInst = "Sel">   --->   Core 73 'Sel' <Latency = 0> <II = 1> <Delay = 0.44> <FuncUnit> <Opcode : 'select'> <InPorts = 3> <OutPorts = 1>
ST_2 : Operation 32 [1/1] (0.00ns)   --->   "%trunc_ln217 = trunc i32 %i_3" [mmult.cpp:217]   --->   Operation 32 'trunc' 'trunc_ln217' <Predicate = (icmp_ln215)> <Delay = 0.00>
ST_2 : Operation 33 [1/1] (0.00ns)   --->   "%lshr_ln = partselect i3 @_ssdm_op_PartSelect.i3.i32.i32.i32, i32 %i_3, i32 2, i32 4" [mmult.cpp:217]   --->   Operation 33 'partselect' 'lshr_ln' <Predicate = (icmp_ln215)> <Delay = 0.00>
ST_2 : Operation 34 [1/1] (0.00ns)   --->   "%tmp = bitconcatenate i8 @_ssdm_op_BitConcatenate.i8.i3.i5, i3 %lshr_ln, i5 0" [mmult.cpp:221]   --->   Operation 34 'bitconcatenate' 'tmp' <Predicate = (icmp_ln215)> <Delay = 0.00>
ST_2 : Operation 35 [1/1] (0.44ns)   --->   "%j_7 = select i1 %icmp_ln217, i32 0, i32 %j_load" [mmult.cpp:217]   --->   Operation 35 'select' 'j_7' <Predicate = (icmp_ln215)> <Delay = 0.44> <CoreInst = "Sel">   --->   Core 73 'Sel' <Latency = 0> <II = 1> <Delay = 0.44> <FuncUnit> <Opcode : 'select'> <InPorts = 3> <OutPorts = 1>
ST_2 : Operation 36 [1/1] (0.00ns)   --->   "%trunc_ln221 = trunc i32 %j_7" [mmult.cpp:221]   --->   Operation 36 'trunc' 'trunc_ln221' <Predicate = (icmp_ln215)> <Delay = 0.00>
ST_2 : Operation 37 [1/1] (0.76ns)   --->   "%add_ln221 = add i8 %tmp, i8 %trunc_ln221" [mmult.cpp:221]   --->   Operation 37 'add' 'add_ln221' <Predicate = (icmp_ln215)> <Delay = 0.76> <CoreInst = "Adder">   --->   Core 1 'Adder' <Latency = 0> <II = 1> <Delay = 0.76> <FuncUnit> <Opcode : 'add' 'sub'> <InPorts = 2> <OutPorts = 1>
ST_2 : Operation 38 [1/1] (2.40ns)   --->   "%gmem0_addr_read = read i8 @_ssdm_op_Read.m_axi.p1i8, i8 %gmem0_addr" [mmult.cpp:221]   --->   Operation 38 'read' 'gmem0_addr_read' <Predicate = (icmp_ln215)> <Delay = 2.40> <CoreInst = "m_axi">   --->   Core 121 'm_axi' <Latency = 0> <II = 1> <Delay = 1.00> <Adapter> <Opcode : 'read' 'write' 'readreq' 'writereq' 'writeresp'>
ST_2 : Operation 39 [1/1] (0.73ns)   --->   "%switch_ln221 = switch i2 %trunc_ln217, void %arrayidx53.0.0.03.case.3, i2 0, void %arrayidx53.0.0.03.case.0, i2 1, void %arrayidx53.0.0.03.case.1, i2 2, void %arrayidx53.0.0.03.case.2" [mmult.cpp:221]   --->   Operation 39 'switch' 'switch_ln221' <Predicate = (icmp_ln215)> <Delay = 0.73>
ST_2 : Operation 40 [1/1] (0.42ns)   --->   "%store_ln215 = store i31 %add_ln215, i31 %loc" [mmult.cpp:215]   --->   Operation 40 'store' 'store_ln215' <Predicate = (icmp_ln215)> <Delay = 0.42>
ST_2 : Operation 41 [1/1] (0.42ns)   --->   "%store_ln215 = store i32 %i_3, i32 %i" [mmult.cpp:215]   --->   Operation 41 'store' 'store_ln215' <Predicate = (icmp_ln215)> <Delay = 0.42>

State 3 <SV = 2> <Delay = 1.44>
ST_3 : Operation 42 [1/1] (0.00ns)   --->   "%specpipeline_ln217 = specpipeline void @_ssdm_op_SpecPipeline, i32 4294967295, i32 0, i32 0, i32 0, void @empty_5" [mmult.cpp:217]   --->   Operation 42 'specpipeline' 'specpipeline_ln217' <Predicate = true> <Delay = 0.00>
ST_3 : Operation 43 [1/1] (0.00ns)   --->   "%speclooptripcount_ln216 = speclooptripcount void @_ssdm_op_SpecLoopTripCount, i64 1024, i64 1024, i64 1024" [mmult.cpp:216]   --->   Operation 43 'speclooptripcount' 'speclooptripcount_ln216' <Predicate = true> <Delay = 0.00>
ST_3 : Operation 44 [1/1] (0.00ns)   --->   "%specloopname_ln215 = specloopname void @_ssdm_op_SpecLoopName, void @empty_13" [mmult.cpp:215]   --->   Operation 44 'specloopname' 'specloopname_ln215' <Predicate = true> <Delay = 0.00>
ST_3 : Operation 45 [1/1] (0.00ns)   --->   "%zext_ln221 = zext i8 %add_ln221" [mmult.cpp:221]   --->   Operation 45 'zext' 'zext_ln221' <Predicate = true> <Delay = 0.00>
ST_3 : Operation 46 [1/1] (0.00ns)   --->   "%localA_3_addr = getelementptr i8 %localA_3, i64 0, i64 %zext_ln221" [mmult.cpp:221]   --->   Operation 46 'getelementptr' 'localA_3_addr' <Predicate = true> <Delay = 0.00>
ST_3 : Operation 47 [1/1] (0.00ns)   --->   "%localA_2_addr = getelementptr i8 %localA_2, i64 0, i64 %zext_ln221" [mmult.cpp:221]   --->   Operation 47 'getelementptr' 'localA_2_addr' <Predicate = true> <Delay = 0.00>
ST_3 : Operation 48 [1/1] (0.00ns)   --->   "%localA_1_addr = getelementptr i8 %localA_1, i64 0, i64 %zext_ln221" [mmult.cpp:221]   --->   Operation 48 'getelementptr' 'localA_1_addr' <Predicate = true> <Delay = 0.00>
ST_3 : Operation 49 [1/1] (0.00ns)   --->   "%localA_addr = getelementptr i8 %localA, i64 0, i64 %zext_ln221" [mmult.cpp:221]   --->   Operation 49 'getelementptr' 'localA_addr' <Predicate = true> <Delay = 0.00>
ST_3 : Operation 50 [1/1] (0.67ns)   --->   "%store_ln221 = store i8 %gmem0_addr_read, i8 %localA_2_addr" [mmult.cpp:221]   --->   Operation 50 'store' 'store_ln221' <Predicate = (trunc_ln217 == 2)> <Delay = 0.67> <CoreInst = "RAM_2P_LUTRAM">   --->   Core 93 'RAM_2P_LUTRAM' <Latency = 1> <II = 1> <Delay = 0.67> <Storage> <Opcode : 'load' 'store'> <Ports = 2> <Width = 8> <Depth = 256> <RAM>
ST_3 : Operation 51 [1/1] (0.00ns)   --->   "%br_ln221 = br void %arrayidx53.0.0.03.exit" [mmult.cpp:221]   --->   Operation 51 'br' 'br_ln221' <Predicate = (trunc_ln217 == 2)> <Delay = 0.00>
ST_3 : Operation 52 [1/1] (0.67ns)   --->   "%store_ln221 = store i8 %gmem0_addr_read, i8 %localA_1_addr" [mmult.cpp:221]   --->   Operation 52 'store' 'store_ln221' <Predicate = (trunc_ln217 == 1)> <Delay = 0.67> <CoreInst = "RAM_2P_LUTRAM">   --->   Core 93 'RAM_2P_LUTRAM' <Latency = 1> <II = 1> <Delay = 0.67> <Storage> <Opcode : 'load' 'store'> <Ports = 2> <Width = 8> <Depth = 256> <RAM>
ST_3 : Operation 53 [1/1] (0.00ns)   --->   "%br_ln221 = br void %arrayidx53.0.0.03.exit" [mmult.cpp:221]   --->   Operation 53 'br' 'br_ln221' <Predicate = (trunc_ln217 == 1)> <Delay = 0.00>
ST_3 : Operation 54 [1/1] (0.67ns)   --->   "%store_ln221 = store i8 %gmem0_addr_read, i8 %localA_addr" [mmult.cpp:221]   --->   Operation 54 'store' 'store_ln221' <Predicate = (trunc_ln217 == 0)> <Delay = 0.67> <CoreInst = "RAM_2P_LUTRAM">   --->   Core 93 'RAM_2P_LUTRAM' <Latency = 1> <II = 1> <Delay = 0.67> <Storage> <Opcode : 'load' 'store'> <Ports = 2> <Width = 8> <Depth = 256> <RAM>
ST_3 : Operation 55 [1/1] (0.00ns)   --->   "%br_ln221 = br void %arrayidx53.0.0.03.exit" [mmult.cpp:221]   --->   Operation 55 'br' 'br_ln221' <Predicate = (trunc_ln217 == 0)> <Delay = 0.00>
ST_3 : Operation 56 [1/1] (0.67ns)   --->   "%store_ln221 = store i8 %gmem0_addr_read, i8 %localA_3_addr" [mmult.cpp:221]   --->   Operation 56 'store' 'store_ln221' <Predicate = (trunc_ln217 == 3)> <Delay = 0.67> <CoreInst = "RAM_2P_LUTRAM">   --->   Core 93 'RAM_2P_LUTRAM' <Latency = 1> <II = 1> <Delay = 0.67> <Storage> <Opcode : 'load' 'store'> <Ports = 2> <Width = 8> <Depth = 256> <RAM>
ST_3 : Operation 57 [1/1] (0.00ns)   --->   "%br_ln221 = br void %arrayidx53.0.0.03.exit" [mmult.cpp:221]   --->   Operation 57 'br' 'br_ln221' <Predicate = (trunc_ln217 == 3)> <Delay = 0.00>
ST_3 : Operation 58 [1/1] (1.01ns)   --->   "%j_8 = add i32 %j_7, i32 1" [mmult.cpp:215]   --->   Operation 58 'add' 'j_8' <Predicate = true> <Delay = 1.01> <CoreInst = "Adder">   --->   Core 1 'Adder' <Latency = 0> <II = 1> <Delay = 1.01> <FuncUnit> <Opcode : 'add' 'sub'> <InPorts = 2> <OutPorts = 1>
ST_3 : Operation 59 [1/1] (0.42ns)   --->   "%store_ln215 = store i32 %j_8, i32 %j" [mmult.cpp:215]   --->   Operation 59 'store' 'store_ln215' <Predicate = true> <Delay = 0.42>
ST_3 : Operation 60 [1/1] (0.00ns)   --->   "%br_ln215 = br void %for.cond" [mmult.cpp:215]   --->   Operation 60 'br' 'br_ln215' <Predicate = true> <Delay = 0.00>


============================================================
+ Verbose Summary: Binding
============================================================
STG Binding: 
---------------- STG Properties BEGIN ----------------
- Is combinational: 0
- Is one-state seq: 0
- Is datapath-only: 0
- Is pipelined: 0
- Is top level: 0
Port [ Return ] is wired: 1; IO mode=ap_ctrl_hs:ce=0
Port [ localA_3]:  wired=1; compound=1; hidden=0; nouse=0; global=0; static=0; extern=0; dir=1; type=1; pingpong=1; private_global=0; MemPort=[30]; IO mode=ap_memory:ce=0
Port [ localA_2]:  wired=1; compound=1; hidden=0; nouse=0; global=0; static=0; extern=0; dir=1; type=1; pingpong=1; private_global=0; MemPort=[30]; IO mode=ap_memory:ce=0
Port [ localA_1]:  wired=1; compound=1; hidden=0; nouse=0; global=0; static=0; extern=0; dir=1; type=1; pingpong=1; private_global=0; MemPort=[30]; IO mode=ap_memory:ce=0
Port [ localA]:  wired=1; compound=1; hidden=0; nouse=0; global=0; static=0; extern=0; dir=1; type=1; pingpong=1; private_global=0; MemPort=[30]; IO mode=ap_memory:ce=0
Port [ mul]:  wired=1; compound=0; hidden=0; nouse=0; global=0; static=0; extern=0; dir=0; type=0; pingpong=0; private_global=0; IO mode=ap_none:ce=0
Port [ gmem0]:  wired=1; compound=1; hidden=0; nouse=0; global=0; static=0; extern=0; dir=0; type=4; pingpong=0; private_global=0; IO mode=m_axi:ce=0
Port [ a]:  wired=1; compound=0; hidden=0; nouse=0; global=0; static=0; extern=0; dir=0; type=0; pingpong=0; private_global=0; IO mode=ap_none:ce=0
Port [ a_col]:  wired=1; compound=0; hidden=0; nouse=0; global=0; static=0; extern=0; dir=0; type=0; pingpong=0; private_global=0; IO mode=ap_none:ce=0
---------------- STG Properties END ------------------

---------------- Datapath Model BEGIN ----------------

<LifeTime>
<method=bitvector/>
j                       (alloca           ) [ 0111]
i                       (alloca           ) [ 0110]
loc                     (alloca           ) [ 0110]
specmemcore_ln0         (specmemcore      ) [ 0000]
specmemcore_ln0         (specmemcore      ) [ 0000]
specmemcore_ln0         (specmemcore      ) [ 0000]
specmemcore_ln0         (specmemcore      ) [ 0000]
specinterface_ln0       (specinterface    ) [ 0000]
a_col_read              (read             ) [ 0010]
a_read                  (read             ) [ 0000]
mul_read                (read             ) [ 0000]
store_ln0               (store            ) [ 0000]
store_ln215             (store            ) [ 0000]
store_ln215             (store            ) [ 0000]
br_ln0                  (br               ) [ 0000]
loc_load                (load             ) [ 0000]
zext_ln215              (zext             ) [ 0000]
icmp_ln215              (icmp             ) [ 0110]
add_ln215               (add              ) [ 0010]
br_ln215                (br               ) [ 0000]
gmem0_addr              (getelementptr    ) [ 0010]
j_load                  (load             ) [ 0000]
i_load                  (load             ) [ 0000]
icmp_ln217              (icmp             ) [ 0000]
add_ln218               (add              ) [ 0000]
i_3                     (select           ) [ 0000]
trunc_ln217             (trunc            ) [ 0101]
lshr_ln                 (partselect       ) [ 0000]
tmp                     (bitconcatenate   ) [ 0000]
j_7                     (select           ) [ 0101]
trunc_ln221             (trunc            ) [ 0000]
add_ln221               (add              ) [ 0101]
gmem0_addr_read         (read             ) [ 0101]
switch_ln221            (switch           ) [ 0000]
store_ln215             (store            ) [ 0000]
store_ln215             (store            ) [ 0000]
specpipeline_ln217      (specpipeline     ) [ 0000]
speclooptripcount_ln216 (speclooptripcount) [ 0000]
specloopname_ln215      (specloopname     ) [ 0000]
zext_ln221              (zext             ) [ 0000]
localA_3_addr           (getelementptr    ) [ 0000]
localA_2_addr           (getelementptr    ) [ 0000]
localA_1_addr           (getelementptr    ) [ 0000]
localA_addr             (getelementptr    ) [ 0000]
store_ln221             (store            ) [ 0000]
br_ln221                (br               ) [ 0000]
store_ln221             (store            ) [ 0000]
br_ln221                (br               ) [ 0000]
store_ln221             (store            ) [ 0000]
br_ln221                (br               ) [ 0000]
store_ln221             (store            ) [ 0000]
br_ln221                (br               ) [ 0000]
j_8                     (add              ) [ 0000]
store_ln215             (store            ) [ 0000]
br_ln215                (br               ) [ 0000]
ret_ln0                 (ret              ) [ 0000]
</LifeTime>

<model>

<comp_list>
<comp id="0" class="1000" name="localA_3">
<pin_list>
<pin id="1" dir="1" index="0" bw="1" slack="0"/>
</pin_list>
<bind>
<StgValue><ssdm name="localA_3"/><MemPortTyVec>3 0 </MemPortTyVec>
</StgValue>
</bind>
</comp>

<comp id="2" class="1000" name="localA_2">
<pin_list>
<pin id="3" dir="1" index="0" bw="1" slack="0"/>
</pin_list>
<bind>
<StgValue><ssdm name="localA_2"/><MemPortTyVec>3 0 </MemPortTyVec>
</StgValue>
</bind>
</comp>

<comp id="4" class="1000" name="localA_1">
<pin_list>
<pin id="5" dir="1" index="0" bw="1" slack="0"/>
</pin_list>
<bind>
<StgValue><ssdm name="localA_1"/><MemPortTyVec>3 0 </MemPortTyVec>
</StgValue>
</bind>
</comp>

<comp id="6" class="1000" name="localA">
<pin_list>
<pin id="7" dir="1" index="0" bw="1" slack="0"/>
</pin_list>
<bind>
<StgValue><ssdm name="localA"/><MemPortTyVec>3 0 </MemPortTyVec>
</StgValue>
</bind>
</comp>

<comp id="8" class="1000" name="mul">
<pin_list>
<pin id="9" dir="1" index="0" bw="1" slack="0"/>
</pin_list>
<bind>
<StgValue><ssdm name="mul"/></StgValue>
</bind>
</comp>

<comp id="10" class="1000" name="gmem0">
<pin_list>
<pin id="11" dir="1" index="0" bw="1" slack="0"/>
</pin_list>
<bind>
<StgValue><ssdm name="gmem0"/></StgValue>
</bind>
</comp>

<comp id="12" class="1000" name="a">
<pin_list>
<pin id="13" dir="1" index="0" bw="1" slack="0"/>
</pin_list>
<bind>
<StgValue><ssdm name="a"/></StgValue>
</bind>
</comp>

<comp id="14" class="1000" name="a_col">
<pin_list>
<pin id="15" dir="1" index="0" bw="1" slack="0"/>
</pin_list>
<bind>
<StgValue><ssdm name="a_col"/></StgValue>
</bind>
</comp>

<comp id="16" class="1001" name="const_16">
<pin_list>
<pin id="17" dir="1" index="0" bw="1" slack="0"/>
</pin_list>
<bind>
<StgValue><ssdm name=""/></StgValue>
</bind>
</comp>

<comp id="18" class="1001" name="const_18">
<pin_list>
<pin id="19" dir="1" index="0" bw="1" slack="2147483647"/>
</pin_list>
<bind>
<StgValue><ssdm name="_ssdm_op_SpecMemCore"/></StgValue>
</bind>
</comp>

<comp id="20" class="1001" name="const_20">
<pin_list>
<pin id="21" dir="1" index="0" bw="1" slack="2147483647"/>
</pin_list>
<bind>
<StgValue><ssdm name=""/></StgValue>
</bind>
</comp>

<comp id="22" class="1001" name="const_22">
<pin_list>
<pin id="23" dir="1" index="0" bw="1" slack="2147483647"/>
</pin_list>
<bind>
<StgValue><ssdm name=""/></StgValue>
</bind>
</comp>

<comp id="24" class="1001" name="const_24">
<pin_list>
<pin id="25" dir="1" index="0" bw="1" slack="2147483647"/>
</pin_list>
<bind>
<StgValue><ssdm name=""/></StgValue>
</bind>
</comp>

<comp id="26" class="1001" name="const_26">
<pin_list>
<pin id="27" dir="1" index="0" bw="1" slack="2147483647"/>
</pin_list>
<bind>
<StgValue><ssdm name="_ssdm_op_SpecInterface"/></StgValue>
</bind>
</comp>

<comp id="28" class="1001" name="const_28">
<pin_list>
<pin id="29" dir="1" index="0" bw="1" slack="2147483647"/>
</pin_list>
<bind>
<StgValue><ssdm name="empty_4"/></StgValue>
</bind>
</comp>

<comp id="30" class="1001" name="const_30">
<pin_list>
<pin id="31" dir="1" index="0" bw="1" slack="0"/>
</pin_list>
<bind>
<StgValue><ssdm name=""/></StgValue>
</bind>
</comp>

<comp id="32" class="1001" name="const_32">
<pin_list>
<pin id="33" dir="1" index="0" bw="1" slack="2147483647"/>
</pin_list>
<bind>
<StgValue><ssdm name="empty_5"/></StgValue>
</bind>
</comp>

<comp id="34" class="1001" name="const_34">
<pin_list>
<pin id="35" dir="1" index="0" bw="1" slack="2147483647"/>
</pin_list>
<bind>
<StgValue><ssdm name="empty_6"/></StgValue>
</bind>
</comp>

<comp id="36" class="1001" name="const_36">
<pin_list>
<pin id="37" dir="1" index="0" bw="1" slack="2147483647"/>
</pin_list>
<bind>
<StgValue><ssdm name="empty_7"/></StgValue>
</bind>
</comp>

<comp id="38" class="1001" name="const_38">
<pin_list>
<pin id="39" dir="1" index="0" bw="1" slack="2147483647"/>
</pin_list>
<bind>
<StgValue><ssdm name=""/></StgValue>
</bind>
</comp>

<comp id="40" class="1001" name="const_40">
<pin_list>
<pin id="41" dir="1" index="0" bw="1" slack="2147483647"/>
</pin_list>
<bind>
<StgValue><ssdm name=""/></StgValue>
</bind>
</comp>

<comp id="42" class="1001" name="const_42">
<pin_list>
<pin id="43" dir="1" index="0" bw="1" slack="0"/>
</pin_list>
<bind>
<StgValue><ssdm name="_ssdm_op_Read.ap_auto.i32"/></StgValue>
</bind>
</comp>

<comp id="44" class="1001" name="const_44">
<pin_list>
<pin id="45" dir="1" index="0" bw="1" slack="0"/>
</pin_list>
<bind>
<StgValue><ssdm name="_ssdm_op_Read.ap_auto.i64"/></StgValue>
</bind>
</comp>

<comp id="46" class="1001" name="const_46">
<pin_list>
<pin id="47" dir="1" index="0" bw="1" slack="0"/>
</pin_list>
<bind>
<StgValue><ssdm name=""/></StgValue>
</bind>
</comp>

<comp id="48" class="1001" name="const_48">
<pin_list>
<pin id="49" dir="1" index="0" bw="1" slack="0"/>
</pin_list>
<bind>
<StgValue><ssdm name=""/></StgValue>
</bind>
</comp>

<comp id="50" class="1001" name="const_50">
<pin_list>
<pin id="51" dir="1" index="0" bw="1" slack="0"/>
</pin_list>
<bind>
<StgValue><ssdm name="_ssdm_op_PartSelect.i3.i32.i32.i32"/></StgValue>
</bind>
</comp>

<comp id="52" class="1001" name="const_52">
<pin_list>
<pin id="53" dir="1" index="0" bw="1" slack="0"/>
</pin_list>
<bind>
<StgValue><ssdm name=""/></StgValue>
</bind>
</comp>

<comp id="54" class="1001" name="const_54">
<pin_list>
<pin id="55" dir="1" index="0" bw="1" slack="0"/>
</pin_list>
<bind>
<StgValue><ssdm name=""/></StgValue>
</bind>
</comp>

<comp id="56" class="1001" name="const_56">
<pin_list>
<pin id="57" dir="1" index="0" bw="1" slack="0"/>
</pin_list>
<bind>
<StgValue><ssdm name="_ssdm_op_BitConcatenate.i8.i3.i5"/></StgValue>
</bind>
</comp>

<comp id="58" class="1001" name="const_58">
<pin_list>
<pin id="59" dir="1" index="0" bw="1" slack="0"/>
</pin_list>
<bind>
<StgValue><ssdm name=""/></StgValue>
</bind>
</comp>

<comp id="60" class="1001" name="const_60">
<pin_list>
<pin id="61" dir="1" index="0" bw="1" slack="0"/>
</pin_list>
<bind>
<StgValue><ssdm name="_ssdm_op_Read.m_axi.p1i8"/></StgValue>
</bind>
</comp>

<comp id="62" class="1001" name="const_62">
<pin_list>
<pin id="63" dir="1" index="0" bw="1" slack="2147483647"/>
</pin_list>
<bind>
<StgValue><ssdm name=""/></StgValue>
</bind>
</comp>

<comp id="64" class="1001" name="const_64">
<pin_list>
<pin id="65" dir="1" index="0" bw="1" slack="2147483647"/>
</pin_list>
<bind>
<StgValue><ssdm name=""/></StgValue>
</bind>
</comp>

<comp id="66" class="1001" name="const_66">
<pin_list>
<pin id="67" dir="1" index="0" bw="1" slack="2147483647"/>
</pin_list>
<bind>
<StgValue><ssdm name=""/></StgValue>
</bind>
</comp>

<comp id="68" class="1001" name="const_68">
<pin_list>
<pin id="69" dir="1" index="0" bw="1" slack="2147483647"/>
</pin_list>
<bind>
<StgValue><ssdm name="_ssdm_op_SpecPipeline"/></StgValue>
</bind>
</comp>

<comp id="70" class="1001" name="const_70">
<pin_list>
<pin id="71" dir="1" index="0" bw="1" slack="2147483647"/>
</pin_list>
<bind>
<StgValue><ssdm name="_ssdm_op_SpecLoopTripCount"/></StgValue>
</bind>
</comp>

<comp id="72" class="1001" name="const_72">
<pin_list>
<pin id="73" dir="1" index="0" bw="1" slack="2147483647"/>
</pin_list>
<bind>
<StgValue><ssdm name=""/></StgValue>
</bind>
</comp>

<comp id="74" class="1001" name="const_74">
<pin_list>
<pin id="75" dir="1" index="0" bw="1" slack="2147483647"/>
</pin_list>
<bind>
<StgValue><ssdm name="_ssdm_op_SpecLoopName"/></StgValue>
</bind>
</comp>

<comp id="76" class="1001" name="const_76">
<pin_list>
<pin id="77" dir="1" index="0" bw="1" slack="2147483647"/>
</pin_list>
<bind>
<StgValue><ssdm name="empty_13"/></StgValue>
</bind>
</comp>

<comp id="78" class="1001" name="const_78">
<pin_list>
<pin id="79" dir="1" index="0" bw="1" slack="0"/>
</pin_list>
<bind>
<StgValue><ssdm name=""/></StgValue>
</bind>
</comp>

<comp id="80" class="1004" name="j_fu_80">
<pin_list>
<pin id="81" dir="0" index="0" bw="1" slack="0"/>
<pin id="82" dir="1" index="1" bw="32" slack="0"/>
</pin_list>
<bind>
<opcode="alloca(26) " fcode="alloca"/>
<opset="j/1 "/>
</bind>
</comp>

<comp id="84" class="1004" name="i_fu_84">
<pin_list>
<pin id="85" dir="0" index="0" bw="1" slack="0"/>
<pin id="86" dir="1" index="1" bw="32" slack="0"/>
</pin_list>
<bind>
<opcode="alloca(26) " fcode="alloca"/>
<opset="i/1 "/>
</bind>
</comp>

<comp id="88" class="1004" name="loc_fu_88">
<pin_list>
<pin id="89" dir="0" index="0" bw="1" slack="0"/>
<pin id="90" dir="1" index="1" bw="31" slack="0"/>
</pin_list>
<bind>
<opcode="alloca(26) " fcode="alloca"/>
<opset="loc/1 "/>
</bind>
</comp>

<comp id="92" class="1004" name="a_col_read_read_fu_92">
<pin_list>
<pin id="93" dir="0" index="0" bw="32" slack="0"/>
<pin id="94" dir="0" index="1" bw="32" slack="0"/>
<pin id="95" dir="1" index="2" bw="32" slack="1"/>
</pin_list>
<bind>
<opcode="read(1150) " fcode="read"/>
<opset="a_col_read/1 "/>
</bind>
</comp>

<comp id="98" class="1004" name="a_read_read_fu_98">
<pin_list>
<pin id="99" dir="0" index="0" bw="64" slack="0"/>
<pin id="100" dir="0" index="1" bw="64" slack="0"/>
<pin id="101" dir="1" index="2" bw="64" slack="0"/>
</pin_list>
<bind>
<opcode="read(1150) " fcode="read"/>
<opset="a_read/1 "/>
</bind>
</comp>

<comp id="104" class="1004" name="mul_read_read_fu_104">
<pin_list>
<pin id="105" dir="0" index="0" bw="32" slack="0"/>
<pin id="106" dir="0" index="1" bw="32" slack="0"/>
<pin id="107" dir="1" index="2" bw="32" slack="0"/>
</pin_list>
<bind>
<opcode="read(1150) " fcode="read"/>
<opset="mul_read/1 "/>
</bind>
</comp>

<comp id="110" class="1004" name="gmem0_addr_read_read_fu_110">
<pin_list>
<pin id="111" dir="0" index="0" bw="8" slack="0"/>
<pin id="112" dir="0" index="1" bw="8" slack="1"/>
<pin id="113" dir="1" index="2" bw="8" slack="1"/>
</pin_list>
<bind>
<opcode="read(1150) " fcode="read"/>
<opset="gmem0_addr_read/2 "/>
</bind>
</comp>

<comp id="115" class="1004" name="localA_3_addr_gep_fu_115">
<pin_list>
<pin id="116" dir="0" index="0" bw="8" slack="0"/>
<pin id="117" dir="0" index="1" bw="1" slack="0"/>
<pin id="118" dir="0" index="2" bw="8" slack="0"/>
<pin id="119" dir="1" index="3" bw="8" slack="0"/>
</pin_list>
<bind>
<opcode="getelementptr(29) " fcode="getelementptr"/>
<opset="localA_3_addr/3 "/>
</bind>
</comp>

<comp id="122" class="1004" name="localA_2_addr_gep_fu_122">
<pin_list>
<pin id="123" dir="0" index="0" bw="8" slack="0"/>
<pin id="124" dir="0" index="1" bw="1" slack="0"/>
<pin id="125" dir="0" index="2" bw="8" slack="0"/>
<pin id="126" dir="1" index="3" bw="8" slack="0"/>
</pin_list>
<bind>
<opcode="getelementptr(29) " fcode="getelementptr"/>
<opset="localA_2_addr/3 "/>
</bind>
</comp>

<comp id="129" class="1004" name="localA_1_addr_gep_fu_129">
<pin_list>
<pin id="130" dir="0" index="0" bw="8" slack="0"/>
<pin id="131" dir="0" index="1" bw="1" slack="0"/>
<pin id="132" dir="0" index="2" bw="8" slack="0"/>
<pin id="133" dir="1" index="3" bw="8" slack="0"/>
</pin_list>
<bind>
<opcode="getelementptr(29) " fcode="getelementptr"/>
<opset="localA_1_addr/3 "/>
</bind>
</comp>

<comp id="136" class="1004" name="localA_addr_gep_fu_136">
<pin_list>
<pin id="137" dir="0" index="0" bw="8" slack="0"/>
<pin id="138" dir="0" index="1" bw="1" slack="0"/>
<pin id="139" dir="0" index="2" bw="8" slack="0"/>
<pin id="140" dir="1" index="3" bw="8" slack="0"/>
</pin_list>
<bind>
<opcode="getelementptr(29) " fcode="getelementptr"/>
<opset="localA_addr/3 "/>
</bind>
</comp>

<comp id="143" class="1004" name="store_ln221_access_fu_143">
<pin_list>
<pin id="144" dir="0" index="0" bw="8" slack="2147483647"/>
<pin id="145" dir="0" index="1" bw="8" slack="2147483647"/>
<pin id="146" dir="0" index="2" bw="0" slack="0"/>
<pin id="148" dir="0" index="4" bw="8" slack="1"/>
<pin id="149" dir="0" index="5" bw="8" slack="2147483647"/>
<pin id="150" dir="0" index="6" bw="0" slack="2147483647"/>
<pin id="147" dir="1" index="3" bw="8" slack="2147483647"/>
<pin id="151" dir="1" index="7" bw="8" slack="2147483647"/>
</pin_list>
<bind>
<opcode="store(28) " fcode="store"/>
<opset="store_ln221/3 "/>
</bind>
</comp>

<comp id="153" class="1004" name="store_ln221_access_fu_153">
<pin_list>
<pin id="154" dir="0" index="0" bw="8" slack="2147483647"/>
<pin id="155" dir="0" index="1" bw="8" slack="2147483647"/>
<pin id="156" dir="0" index="2" bw="0" slack="0"/>
<pin id="158" dir="0" index="4" bw="8" slack="1"/>
<pin id="159" dir="0" index="5" bw="8" slack="2147483647"/>
<pin id="160" dir="0" index="6" bw="0" slack="2147483647"/>
<pin id="157" dir="1" index="3" bw="8" slack="2147483647"/>
<pin id="161" dir="1" index="7" bw="8" slack="2147483647"/>
</pin_list>
<bind>
<opcode="store(28) " fcode="store"/>
<opset="store_ln221/3 "/>
</bind>
</comp>

<comp id="163" class="1004" name="store_ln221_access_fu_163">
<pin_list>
<pin id="164" dir="0" index="0" bw="8" slack="2147483647"/>
<pin id="165" dir="0" index="1" bw="8" slack="2147483647"/>
<pin id="166" dir="0" index="2" bw="0" slack="0"/>
<pin id="168" dir="0" index="4" bw="8" slack="1"/>
<pin id="169" dir="0" index="5" bw="8" slack="2147483647"/>
<pin id="170" dir="0" index="6" bw="0" slack="2147483647"/>
<pin id="167" dir="1" index="3" bw="8" slack="2147483647"/>
<pin id="171" dir="1" index="7" bw="8" slack="2147483647"/>
</pin_list>
<bind>
<opcode="store(28) " fcode="store"/>
<opset="store_ln221/3 "/>
</bind>
</comp>

<comp id="173" class="1004" name="store_ln221_access_fu_173">
<pin_list>
<pin id="174" dir="0" index="0" bw="8" slack="2147483647"/>
<pin id="175" dir="0" index="1" bw="8" slack="2147483647"/>
<pin id="176" dir="0" index="2" bw="0" slack="0"/>
<pin id="178" dir="0" index="4" bw="8" slack="1"/>
<pin id="179" dir="0" index="5" bw="8" slack="2147483647"/>
<pin id="180" dir="0" index="6" bw="0" slack="2147483647"/>
<pin id="177" dir="1" index="3" bw="8" slack="2147483647"/>
<pin id="181" dir="1" index="7" bw="8" slack="2147483647"/>
</pin_list>
<bind>
<opcode="store(28) " fcode="store"/>
<opset="store_ln221/3 "/>
</bind>
</comp>

<comp id="183" class="1004" name="store_ln0_store_fu_183">
<pin_list>
<pin id="184" dir="0" index="0" bw="1" slack="0"/>
<pin id="185" dir="0" index="1" bw="31" slack="0"/>
<pin id="186" dir="1" index="2" bw="0" slack="2147483647"/>
</pin_list>
<bind>
<opcode="store(28) " fcode="store"/>
<opset="store_ln0/1 "/>
</bind>
</comp>

<comp id="188" class="1004" name="store_ln215_store_fu_188">
<pin_list>
<pin id="189" dir="0" index="0" bw="1" slack="0"/>
<pin id="190" dir="0" index="1" bw="32" slack="0"/>
<pin id="191" dir="1" index="2" bw="0" slack="2147483647"/>
</pin_list>
<bind>
<opcode="store(28) " fcode="store"/>
<opset="store_ln215/1 "/>
</bind>
</comp>

<comp id="193" class="1004" name="store_ln215_store_fu_193">
<pin_list>
<pin id="194" dir="0" index="0" bw="1" slack="0"/>
<pin id="195" dir="0" index="1" bw="32" slack="0"/>
<pin id="196" dir="1" index="2" bw="0" slack="2147483647"/>
</pin_list>
<bind>
<opcode="store(28) " fcode="store"/>
<opset="store_ln215/1 "/>
</bind>
</comp>

<comp id="198" class="1004" name="loc_load_load_fu_198">
<pin_list>
<pin id="199" dir="0" index="0" bw="31" slack="0"/>
<pin id="200" dir="1" index="1" bw="31" slack="0"/>
</pin_list>
<bind>
<opcode="load(27) " fcode="load"/>
<opset="loc_load/1 "/>
</bind>
</comp>

<comp id="201" class="1004" name="zext_ln215_fu_201">
<pin_list>
<pin id="202" dir="0" index="0" bw="31" slack="0"/>
<pin id="203" dir="1" index="1" bw="32" slack="0"/>
</pin_list>
<bind>
<opcode="zext(34) " fcode="zext"/>
<opset="zext_ln215/1 "/>
</bind>
</comp>

<comp id="205" class="1004" name="icmp_ln215_fu_205">
<pin_list>
<pin id="206" dir="0" index="0" bw="31" slack="0"/>
<pin id="207" dir="0" index="1" bw="32" slack="0"/>
<pin id="208" dir="1" index="2" bw="1" slack="1"/>
</pin_list>
<bind>
<opcode="icmp(45) " fcode="icmp"/>
<opset="icmp_ln215/1 "/>
</bind>
</comp>

<comp id="211" class="1004" name="add_ln215_fu_211">
<pin_list>
<pin id="212" dir="0" index="0" bw="31" slack="0"/>
<pin id="213" dir="0" index="1" bw="1" slack="0"/>
<pin id="214" dir="1" index="2" bw="31" slack="1"/>
</pin_list>
<bind>
<opcode="add(8) " fcode="add"/>
<opset="add_ln215/1 "/>
</bind>
</comp>

<comp id="217" class="1004" name="gmem0_addr_fu_217">
<pin_list>
<pin id="218" dir="0" index="0" bw="8" slack="0"/>
<pin id="219" dir="0" index="1" bw="64" slack="0"/>
<pin id="220" dir="1" index="2" bw="8" slack="1"/>
</pin_list>
<bind>
<opcode="getelementptr(29) " fcode="getelementptr"/>
<opset="gmem0_addr/1 "/>
</bind>
</comp>

<comp id="223" class="1004" name="j_load_load_fu_223">
<pin_list>
<pin id="224" dir="0" index="0" bw="32" slack="1"/>
<pin id="225" dir="1" index="1" bw="32" slack="0"/>
</pin_list>
<bind>
<opcode="load(27) " fcode="load"/>
<opset="j_load/2 "/>
</bind>
</comp>

<comp id="226" class="1004" name="i_load_load_fu_226">
<pin_list>
<pin id="227" dir="0" index="0" bw="32" slack="1"/>
<pin id="228" dir="1" index="1" bw="32" slack="0"/>
</pin_list>
<bind>
<opcode="load(27) " fcode="load"/>
<opset="i_load/2 "/>
</bind>
</comp>

<comp id="229" class="1004" name="icmp_ln217_fu_229">
<pin_list>
<pin id="230" dir="0" index="0" bw="32" slack="0"/>
<pin id="231" dir="0" index="1" bw="32" slack="1"/>
<pin id="232" dir="1" index="2" bw="1" slack="0"/>
</pin_list>
<bind>
<opcode="icmp(45) " fcode="icmp"/>
<opset="icmp_ln217/2 "/>
</bind>
</comp>

<comp id="234" class="1004" name="add_ln218_fu_234">
<pin_list>
<pin id="235" dir="0" index="0" bw="32" slack="0"/>
<pin id="236" dir="0" index="1" bw="1" slack="0"/>
<pin id="237" dir="1" index="2" bw="32" slack="0"/>
</pin_list>
<bind>
<opcode="add(8) " fcode="add"/>
<opset="add_ln218/2 "/>
</bind>
</comp>

<comp id="240" class="1004" name="i_3_fu_240">
<pin_list>
<pin id="241" dir="0" index="0" bw="1" slack="0"/>
<pin id="242" dir="0" index="1" bw="32" slack="0"/>
<pin id="243" dir="0" index="2" bw="32" slack="0"/>
<pin id="244" dir="1" index="3" bw="32" slack="0"/>
</pin_list>
<bind>
<opcode="select(49) " fcode="select"/>
<opset="i_3/2 "/>
</bind>
</comp>

<comp id="248" class="1004" name="trunc_ln217_fu_248">
<pin_list>
<pin id="249" dir="0" index="0" bw="32" slack="0"/>
<pin id="250" dir="1" index="1" bw="2" slack="1"/>
</pin_list>
<bind>
<opcode="trunc(33) " fcode="trunc"/>
<opset="trunc_ln217/2 "/>
</bind>
</comp>

<comp id="252" class="1004" name="lshr_ln_fu_252">
<pin_list>
<pin id="253" dir="0" index="0" bw="3" slack="0"/>
<pin id="254" dir="0" index="1" bw="32" slack="0"/>
<pin id="255" dir="0" index="2" bw="3" slack="0"/>
<pin id="256" dir="0" index="3" bw="4" slack="0"/>
<pin id="257" dir="1" index="4" bw="3" slack="0"/>
</pin_list>
<bind>
<opcode="partselect(1002) " fcode="partselect"/>
<opset="lshr_ln/2 "/>
</bind>
</comp>

<comp id="262" class="1004" name="tmp_fu_262">
<pin_list>
<pin id="263" dir="0" index="0" bw="8" slack="0"/>
<pin id="264" dir="0" index="1" bw="3" slack="0"/>
<pin id="265" dir="0" index="2" bw="1" slack="0"/>
<pin id="266" dir="1" index="3" bw="8" slack="0"/>
</pin_list>
<bind>
<opcode="bitconcatenate(1004) " fcode="bitconcatenate"/>
<opset="tmp/2 "/>
</bind>
</comp>

<comp id="270" class="1004" name="j_7_fu_270">
<pin_list>
<pin id="271" dir="0" index="0" bw="1" slack="0"/>
<pin id="272" dir="0" index="1" bw="1" slack="0"/>
<pin id="273" dir="0" index="2" bw="32" slack="0"/>
<pin id="274" dir="1" index="3" bw="32" slack="0"/>
</pin_list>
<bind>
<opcode="select(49) " fcode="select"/>
<opset="j_7/2 "/>
</bind>
</comp>

<comp id="278" class="1004" name="trunc_ln221_fu_278">
<pin_list>
<pin id="279" dir="0" index="0" bw="32" slack="0"/>
<pin id="280" dir="1" index="1" bw="8" slack="0"/>
</pin_list>
<bind>
<opcode="trunc(33) " fcode="trunc"/>
<opset="trunc_ln221/2 "/>
</bind>
</comp>

<comp id="282" class="1004" name="add_ln221_fu_282">
<pin_list>
<pin id="283" dir="0" index="0" bw="8" slack="0"/>
<pin id="284" dir="0" index="1" bw="8" slack="0"/>
<pin id="285" dir="1" index="2" bw="8" slack="1"/>
</pin_list>
<bind>
<opcode="add(8) " fcode="add"/>
<opset="add_ln221/2 "/>
</bind>
</comp>

<comp id="288" class="1004" name="store_ln215_store_fu_288">
<pin_list>
<pin id="289" dir="0" index="0" bw="31" slack="1"/>
<pin id="290" dir="0" index="1" bw="31" slack="1"/>
<pin id="291" dir="1" index="2" bw="0" slack="2147483647"/>
</pin_list>
<bind>
<opcode="store(28) " fcode="store"/>
<opset="store_ln215/2 "/>
</bind>
</comp>

<comp id="292" class="1004" name="store_ln215_store_fu_292">
<pin_list>
<pin id="293" dir="0" index="0" bw="32" slack="0"/>
<pin id="294" dir="0" index="1" bw="32" slack="1"/>
<pin id="295" dir="1" index="2" bw="0" slack="2147483647"/>
</pin_list>
<bind>
<opcode="store(28) " fcode="store"/>
<opset="store_ln215/2 "/>
</bind>
</comp>

<comp id="297" class="1004" name="zext_ln221_fu_297">
<pin_list>
<pin id="298" dir="0" index="0" bw="8" slack="1"/>
<pin id="299" dir="1" index="1" bw="64" slack="0"/>
</pin_list>
<bind>
<opcode="zext(34) " fcode="zext"/>
<opset="zext_ln221/3 "/>
</bind>
</comp>

<comp id="304" class="1004" name="j_8_fu_304">
<pin_list>
<pin id="305" dir="0" index="0" bw="32" slack="1"/>
<pin id="306" dir="0" index="1" bw="1" slack="0"/>
<pin id="307" dir="1" index="2" bw="32" slack="0"/>
</pin_list>
<bind>
<opcode="add(8) " fcode="add"/>
<opset="j_8/3 "/>
</bind>
</comp>

<comp id="309" class="1004" name="store_ln215_store_fu_309">
<pin_list>
<pin id="310" dir="0" index="0" bw="32" slack="0"/>
<pin id="311" dir="0" index="1" bw="32" slack="2"/>
<pin id="312" dir="1" index="2" bw="0" slack="2147483647"/>
</pin_list>
<bind>
<opcode="store(28) " fcode="store"/>
<opset="store_ln215/3 "/>
</bind>
</comp>

<comp id="314" class="1005" name="j_reg_314">
<pin_list>
<pin id="315" dir="0" index="0" bw="32" slack="0"/>
<pin id="316" dir="1" index="1" bw="32" slack="0"/>
</pin_list>
<bind>
<opset="j "/>
</bind>
</comp>

<comp id="321" class="1005" name="i_reg_321">
<pin_list>
<pin id="322" dir="0" index="0" bw="32" slack="0"/>
<pin id="323" dir="1" index="1" bw="32" slack="0"/>
</pin_list>
<bind>
<opset="i "/>
</bind>
</comp>

<comp id="328" class="1005" name="loc_reg_328">
<pin_list>
<pin id="329" dir="0" index="0" bw="31" slack="0"/>
<pin id="330" dir="1" index="1" bw="31" slack="0"/>
</pin_list>
<bind>
<opset="loc "/>
</bind>
</comp>

<comp id="335" class="1005" name="a_col_read_reg_335">
<pin_list>
<pin id="336" dir="0" index="0" bw="32" slack="1"/>
<pin id="337" dir="1" index="1" bw="32" slack="1"/>
</pin_list>
<bind>
<opset="a_col_read "/>
</bind>
</comp>

<comp id="340" class="1005" name="icmp_ln215_reg_340">
<pin_list>
<pin id="341" dir="0" index="0" bw="1" slack="1"/>
<pin id="342" dir="1" index="1" bw="1" slack="2147483647"/>
</pin_list>
<bind>
<opset="icmp_ln215 "/>
</bind>
</comp>

<comp id="344" class="1005" name="add_ln215_reg_344">
<pin_list>
<pin id="345" dir="0" index="0" bw="31" slack="1"/>
<pin id="346" dir="1" index="1" bw="31" slack="1"/>
</pin_list>
<bind>
<opset="add_ln215 "/>
</bind>
</comp>

<comp id="349" class="1005" name="gmem0_addr_reg_349">
<pin_list>
<pin id="350" dir="0" index="0" bw="8" slack="1"/>
<pin id="351" dir="1" index="1" bw="8" slack="1"/>
</pin_list>
<bind>
<opset="gmem0_addr "/>
</bind>
</comp>

<comp id="354" class="1005" name="trunc_ln217_reg_354">
<pin_list>
<pin id="355" dir="0" index="0" bw="2" slack="1"/>
<pin id="356" dir="1" index="1" bw="2" slack="2147483647"/>
</pin_list>
<bind>
<opset="trunc_ln217 "/>
</bind>
</comp>

<comp id="358" class="1005" name="j_7_reg_358">
<pin_list>
<pin id="359" dir="0" index="0" bw="32" slack="1"/>
<pin id="360" dir="1" index="1" bw="32" slack="1"/>
</pin_list>
<bind>
<opset="j_7 "/>
</bind>
</comp>

<comp id="363" class="1005" name="add_ln221_reg_363">
<pin_list>
<pin id="364" dir="0" index="0" bw="8" slack="1"/>
<pin id="365" dir="1" index="1" bw="8" slack="1"/>
</pin_list>
<bind>
<opset="add_ln221 "/>
</bind>
</comp>

<comp id="368" class="1005" name="gmem0_addr_read_reg_368">
<pin_list>
<pin id="369" dir="0" index="0" bw="8" slack="1"/>
<pin id="370" dir="1" index="1" bw="8" slack="1"/>
</pin_list>
<bind>
<opset="gmem0_addr_read "/>
</bind>
</comp>

</comp_list>

<net_list>
<net id="83"><net_src comp="16" pin="0"/><net_sink comp="80" pin=0"/></net>

<net id="87"><net_src comp="16" pin="0"/><net_sink comp="84" pin=0"/></net>

<net id="91"><net_src comp="16" pin="0"/><net_sink comp="88" pin=0"/></net>

<net id="96"><net_src comp="42" pin="0"/><net_sink comp="92" pin=0"/></net>

<net id="97"><net_src comp="14" pin="0"/><net_sink comp="92" pin=1"/></net>

<net id="102"><net_src comp="44" pin="0"/><net_sink comp="98" pin=0"/></net>

<net id="103"><net_src comp="12" pin="0"/><net_sink comp="98" pin=1"/></net>

<net id="108"><net_src comp="42" pin="0"/><net_sink comp="104" pin=0"/></net>

<net id="109"><net_src comp="8" pin="0"/><net_sink comp="104" pin=1"/></net>

<net id="114"><net_src comp="60" pin="0"/><net_sink comp="110" pin=0"/></net>

<net id="120"><net_src comp="0" pin="0"/><net_sink comp="115" pin=0"/></net>

<net id="121"><net_src comp="78" pin="0"/><net_sink comp="115" pin=1"/></net>

<net id="127"><net_src comp="2" pin="0"/><net_sink comp="122" pin=0"/></net>

<net id="128"><net_src comp="78" pin="0"/><net_sink comp="122" pin=1"/></net>

<net id="134"><net_src comp="4" pin="0"/><net_sink comp="129" pin=0"/></net>

<net id="135"><net_src comp="78" pin="0"/><net_sink comp="129" pin=1"/></net>

<net id="141"><net_src comp="6" pin="0"/><net_sink comp="136" pin=0"/></net>

<net id="142"><net_src comp="78" pin="0"/><net_sink comp="136" pin=1"/></net>

<net id="152"><net_src comp="122" pin="3"/><net_sink comp="143" pin=2"/></net>

<net id="162"><net_src comp="129" pin="3"/><net_sink comp="153" pin=2"/></net>

<net id="172"><net_src comp="136" pin="3"/><net_sink comp="163" pin=2"/></net>

<net id="182"><net_src comp="115" pin="3"/><net_sink comp="173" pin=2"/></net>

<net id="187"><net_src comp="46" pin="0"/><net_sink comp="183" pin=0"/></net>

<net id="192"><net_src comp="30" pin="0"/><net_sink comp="188" pin=0"/></net>

<net id="197"><net_src comp="30" pin="0"/><net_sink comp="193" pin=0"/></net>

<net id="204"><net_src comp="198" pin="1"/><net_sink comp="201" pin=0"/></net>

<net id="209"><net_src comp="201" pin="1"/><net_sink comp="205" pin=0"/></net>

<net id="210"><net_src comp="104" pin="2"/><net_sink comp="205" pin=1"/></net>

<net id="215"><net_src comp="198" pin="1"/><net_sink comp="211" pin=0"/></net>

<net id="216"><net_src comp="48" pin="0"/><net_sink comp="211" pin=1"/></net>

<net id="221"><net_src comp="10" pin="0"/><net_sink comp="217" pin=0"/></net>

<net id="222"><net_src comp="98" pin="2"/><net_sink comp="217" pin=1"/></net>

<net id="233"><net_src comp="223" pin="1"/><net_sink comp="229" pin=0"/></net>

<net id="238"><net_src comp="226" pin="1"/><net_sink comp="234" pin=0"/></net>

<net id="239"><net_src comp="16" pin="0"/><net_sink comp="234" pin=1"/></net>

<net id="245"><net_src comp="229" pin="2"/><net_sink comp="240" pin=0"/></net>

<net id="246"><net_src comp="234" pin="2"/><net_sink comp="240" pin=1"/></net>

<net id="247"><net_src comp="226" pin="1"/><net_sink comp="240" pin=2"/></net>

<net id="251"><net_src comp="240" pin="3"/><net_sink comp="248" pin=0"/></net>

<net id="258"><net_src comp="50" pin="0"/><net_sink comp="252" pin=0"/></net>

<net id="259"><net_src comp="240" pin="3"/><net_sink comp="252" pin=1"/></net>

<net id="260"><net_src comp="52" pin="0"/><net_sink comp="252" pin=2"/></net>

<net id="261"><net_src comp="54" pin="0"/><net_sink comp="252" pin=3"/></net>

<net id="267"><net_src comp="56" pin="0"/><net_sink comp="262" pin=0"/></net>

<net id="268"><net_src comp="252" pin="4"/><net_sink comp="262" pin=1"/></net>

<net id="269"><net_src comp="58" pin="0"/><net_sink comp="262" pin=2"/></net>

<net id="275"><net_src comp="229" pin="2"/><net_sink comp="270" pin=0"/></net>

<net id="276"><net_src comp="30" pin="0"/><net_sink comp="270" pin=1"/></net>

<net id="277"><net_src comp="223" pin="1"/><net_sink comp="270" pin=2"/></net>

<net id="281"><net_src comp="270" pin="3"/><net_sink comp="278" pin=0"/></net>

<net id="286"><net_src comp="262" pin="3"/><net_sink comp="282" pin=0"/></net>

<net id="287"><net_src comp="278" pin="1"/><net_sink comp="282" pin=1"/></net>

<net id="296"><net_src comp="240" pin="3"/><net_sink comp="292" pin=0"/></net>

<net id="300"><net_src comp="297" pin="1"/><net_sink comp="115" pin=2"/></net>

<net id="301"><net_src comp="297" pin="1"/><net_sink comp="122" pin=2"/></net>

<net id="302"><net_src comp="297" pin="1"/><net_sink comp="129" pin=2"/></net>

<net id="303"><net_src comp="297" pin="1"/><net_sink comp="136" pin=2"/></net>

<net id="308"><net_src comp="16" pin="0"/><net_sink comp="304" pin=1"/></net>

<net id="313"><net_src comp="304" pin="2"/><net_sink comp="309" pin=0"/></net>

<net id="317"><net_src comp="80" pin="1"/><net_sink comp="314" pin=0"/></net>

<net id="318"><net_src comp="314" pin="1"/><net_sink comp="193" pin=1"/></net>

<net id="319"><net_src comp="314" pin="1"/><net_sink comp="223" pin=0"/></net>

<net id="320"><net_src comp="314" pin="1"/><net_sink comp="309" pin=1"/></net>

<net id="324"><net_src comp="84" pin="1"/><net_sink comp="321" pin=0"/></net>

<net id="325"><net_src comp="321" pin="1"/><net_sink comp="188" pin=1"/></net>

<net id="326"><net_src comp="321" pin="1"/><net_sink comp="226" pin=0"/></net>

<net id="327"><net_src comp="321" pin="1"/><net_sink comp="292" pin=1"/></net>

<net id="331"><net_src comp="88" pin="1"/><net_sink comp="328" pin=0"/></net>

<net id="332"><net_src comp="328" pin="1"/><net_sink comp="183" pin=1"/></net>

<net id="333"><net_src comp="328" pin="1"/><net_sink comp="198" pin=0"/></net>

<net id="334"><net_src comp="328" pin="1"/><net_sink comp="288" pin=1"/></net>

<net id="338"><net_src comp="92" pin="2"/><net_sink comp="335" pin=0"/></net>

<net id="339"><net_src comp="335" pin="1"/><net_sink comp="229" pin=1"/></net>

<net id="343"><net_src comp="205" pin="2"/><net_sink comp="340" pin=0"/></net>

<net id="347"><net_src comp="211" pin="2"/><net_sink comp="344" pin=0"/></net>

<net id="348"><net_src comp="344" pin="1"/><net_sink comp="288" pin=0"/></net>

<net id="352"><net_src comp="217" pin="2"/><net_sink comp="349" pin=0"/></net>

<net id="353"><net_src comp="349" pin="1"/><net_sink comp="110" pin=1"/></net>

<net id="357"><net_src comp="248" pin="1"/><net_sink comp="354" pin=0"/></net>

<net id="361"><net_src comp="270" pin="3"/><net_sink comp="358" pin=0"/></net>

<net id="362"><net_src comp="358" pin="1"/><net_sink comp="304" pin=0"/></net>

<net id="366"><net_src comp="282" pin="2"/><net_sink comp="363" pin=0"/></net>

<net id="367"><net_src comp="363" pin="1"/><net_sink comp="297" pin=0"/></net>

<net id="371"><net_src comp="110" pin="2"/><net_sink comp="368" pin=0"/></net>

<net id="372"><net_src comp="368" pin="1"/><net_sink comp="143" pin=4"/></net>

<net id="373"><net_src comp="368" pin="1"/><net_sink comp="153" pin=4"/></net>

<net id="374"><net_src comp="368" pin="1"/><net_sink comp="163" pin=4"/></net>

<net id="375"><net_src comp="368" pin="1"/><net_sink comp="173" pin=4"/></net>

</net_list>

</model> 
---------------- Datapath Model END ------------------

* FSMD analyzer results:
  - Output states:
	Port: localA_3 | {3 }
	Port: localA_2 | {3 }
	Port: localA_1 | {3 }
	Port: localA | {3 }
 - Input state : 
	Port: Loop_readA_proc_Pipeline_readA : mul | {1 }
	Port: Loop_readA_proc_Pipeline_readA : gmem0 | {2 }
	Port: Loop_readA_proc_Pipeline_readA : a | {1 }
	Port: Loop_readA_proc_Pipeline_readA : a_col | {1 }
  - Chain level:
	State 1
		store_ln0 : 1
		store_ln215 : 1
		store_ln215 : 1
		loc_load : 1
		zext_ln215 : 2
		icmp_ln215 : 3
		add_ln215 : 2
		br_ln215 : 4
	State 2
		icmp_ln217 : 1
		add_ln218 : 1
		i_3 : 2
		trunc_ln217 : 3
		lshr_ln : 3
		tmp : 4
		j_7 : 2
		trunc_ln221 : 3
		add_ln221 : 5
		switch_ln221 : 4
		store_ln215 : 3
	State 3
		localA_3_addr : 1
		localA_2_addr : 1
		localA_1_addr : 1
		localA_addr : 1
		store_ln221 : 2
		store_ln221 : 2
		store_ln221 : 2
		store_ln221 : 2
		store_ln215 : 1


============================================================
+ Verbose Summary: Datapath Resource usage 
============================================================

* Functional unit list:
|----------|-----------------------------|---------|---------|
| Operation|       Functional Unit       |    FF   |   LUT   |
|----------|-----------------------------|---------|---------|
|          |       add_ln215_fu_211      |    0    |    38   |
|    add   |       add_ln218_fu_234      |    0    |    39   |
|          |       add_ln221_fu_282      |    0    |    15   |
|          |          j_8_fu_304         |    0    |    39   |
|----------|-----------------------------|---------|---------|
|   icmp   |      icmp_ln215_fu_205      |    0    |    39   |
|          |      icmp_ln217_fu_229      |    0    |    39   |
|----------|-----------------------------|---------|---------|
|  select  |          i_3_fu_240         |    0    |    32   |
|          |          j_7_fu_270         |    0    |    32   |
|----------|-----------------------------|---------|---------|
|          |    a_col_read_read_fu_92    |    0    |    0    |
|   read   |      a_read_read_fu_98      |    0    |    0    |
|          |     mul_read_read_fu_104    |    0    |    0    |
|          | gmem0_addr_read_read_fu_110 |    0    |    0    |
|----------|-----------------------------|---------|---------|
|   zext   |      zext_ln215_fu_201      |    0    |    0    |
|          |      zext_ln221_fu_297      |    0    |    0    |
|----------|-----------------------------|---------|---------|
|   trunc  |      trunc_ln217_fu_248     |    0    |    0    |
|          |      trunc_ln221_fu_278     |    0    |    0    |
|----------|-----------------------------|---------|---------|
|partselect|        lshr_ln_fu_252       |    0    |    0    |
|----------|-----------------------------|---------|---------|
|bitconcatenate|          tmp_fu_262         |    0    |    0    |
|----------|-----------------------------|---------|---------|
|   Total  |                             |    0    |   273   |
|----------|-----------------------------|---------|---------|

Memories:
N/A

* Register list:
+-----------------------+--------+
|                       |   FF   |
+-----------------------+--------+
|   a_col_read_reg_335  |   32   |
|   add_ln215_reg_344   |   31   |
|   add_ln221_reg_363   |    8   |
|gmem0_addr_read_reg_368|    8   |
|   gmem0_addr_reg_349  |    8   |
|       i_reg_321       |   32   |
|   icmp_ln215_reg_340  |    1   |
|      j_7_reg_358      |   32   |
|       j_reg_314       |   32   |
|      loc_reg_328      |   31   |
|  trunc_ln217_reg_354  |    2   |
+-----------------------+--------+
|         Total         |   217  |
+-----------------------+--------+

* Multiplexer (MUX) list: 
|--------|------|------|------|--------|
|  Comp  |  Pin | Size |  BW  | S x BW |
|--------|------|------|------|--------|
|  Total |      |      |      |    0   |
|--------|------|------|------|--------|



* Summary:
+-----------+--------+--------+
|           |   FF   |   LUT  |
+-----------+--------+--------+
|  Function |    0   |   273  |
|   Memory  |    -   |    -   |
|Multiplexer|    -   |    -   |
|  Register |   217  |    -   |
+-----------+--------+--------+
|   Total   |   217  |   273  |
+-----------+--------+--------+
