

================================================================
== Vitis HLS Report for 'Loop_writeC_proc'
================================================================
* Date:           Sun Apr 12 17:22:35 2026

* Version:        2023.2 (Build 4023990 on Oct 11 2023)
* Project:        hls_prj
* Solution:       s1 (Vivado IP Flow Target)
* Product family: zynquplus
* Target device:  xck26-sfvc784-2LV-c


================================================================
== Performance Estimates
================================================================
+ Timing: 
    * Summary: 
    +--------+---------+----------+------------+
    |  Clock |  Target | Estimated| Uncertainty|
    +--------+---------+----------+------------+
    |ap_clk  |  3.30 ns|  2.409 ns|     0.89 ns|
    +--------+---------+----------+------------+

+ Latency: 
    * Summary: 
    +---------+---------+----------+----------+------+------+---------+
    |  Latency (cycles) |  Latency (absolute) |   Interval  | Pipeline|
    |   min   |   max   |    min   |    max   |  min |  max |   Type  |
    +---------+---------+----------+----------+------+------+---------+
    |     2062|     2062|  6.805 us|  6.805 us|  2062|  2062|       no|
    +---------+---------+----------+----------+------+------+---------+

    + Detail: 
        * Instance: 
        +---------------------------------------------+----------------------------------+---------+---------+----------+----------+------+------+---------+
        |                                             |                                  |  Latency (cycles) |  Latency (absolute) |   Interval  | Pipeline|
        |                   Instance                  |              Module              |   min   |   max   |    min   |    max   |  min |  max |   Type  |
        +---------------------------------------------+----------------------------------+---------+---------+----------+----------+------+------+---------+
        |grp_Loop_writeC_proc_Pipeline_writeC_fu_115  |Loop_writeC_proc_Pipeline_writeC  |     2051|     2051|  6.768 us|  6.768 us|  2051|  2051|       no|
        +---------------------------------------------+----------------------------------+---------+---------+----------+----------+------+------+---------+

        * Loop: 
        N/A

============================================================
+ Verbose Summary: Synthesis Manager
============================================================
InlineROM: 1
ExposeGlobal: 0
============================================================
+ Verbose Summary: CDFG Model
============================================================
IsTopModel: 0
ResetActiveHigh: 1
IsCombinational: 2
IsDatapathOnly: 0
HasWiredReturn: 1
HasMFsm: 0
HasVarLatency: 1
IsPipeline: 0
IsRtlPipelined: 0
IsInstanceOverlapped: 0
IsDontTouch: 0
HasImplIP: 0
IsGatedGlobalClock: 0


============================================================
+ Verbose Summary: Schedule
============================================================
* Number of FSM states : 12
* Pipeline : 0
* Dataflow Pipeline: 0

* FSM state transitions: 
1 --> 2 
2 --> 3 
3 --> 4 
4 --> 5 
5 --> 6 
6 --> 7 
7 --> 8 
8 --> 9 
9 --> 10 
10 --> 11 
11 --> 12 
12 --> 

* FSM state operations: 

State 1 <SV = 0> <Delay = 1.20>
ST_1 : Operation 13 [1/1] (1.20ns)   --->   "%p_read_5 = read i32 @_ssdm_op_Read.ap_auto.i32, i32 %p_read1"   --->   Operation 13 'read' 'p_read_5' <Predicate = true> <Delay = 1.20> <CoreInst = "FIFO_SRL">   --->   Core 81 'FIFO_SRL' <Latency = 0> <II = 1> <Delay = 1.83> <Storage> <Opcode : 'read' 'write' 'nbread' 'nbwrite'> <Ports = 0> <Width = -1> <Depth = -1> <FIFO>
ST_1 : Operation 14 [1/1] (1.20ns)   --->   "%p_read_6 = read i32 @_ssdm_op_Read.ap_auto.i32, i32 %p_read"   --->   Operation 14 'read' 'p_read_6' <Predicate = true> <Delay = 1.20> <CoreInst = "FIFO_SRL">   --->   Core 81 'FIFO_SRL' <Latency = 0> <II = 1> <Delay = 1.83> <Storage> <Opcode : 'read' 'write' 'nbread' 'nbwrite'> <Ports = 0> <Width = -1> <Depth = -1> <FIFO>

State 2 <SV = 1> <Delay = 2.36>
ST_2 : Operation 15 [2/2] (2.36ns)   --->   "%mul36 = mul i32 %p_read_6, i32 %p_read_5"   --->   Operation 15 'mul' 'mul36' <Predicate = true> <Delay = 2.36> <CoreInst = "Multiplier">   --->   Core 3 'Multiplier' <Latency = 1> <II = 1> <Delay = 2.36> <FuncUnit> <Opcode : 'mul'> <InPorts = 2> <OutPorts = 1>

State 3 <SV = 2> <Delay = 2.36>
ST_3 : Operation 16 [1/2] (2.36ns)   --->   "%mul36 = mul i32 %p_read_6, i32 %p_read_5"   --->   Operation 16 'mul' 'mul36' <Predicate = true> <Delay = 2.36> <CoreInst = "Multiplier">   --->   Core 3 'Multiplier' <Latency = 1> <II = 1> <Delay = 2.36> <FuncUnit> <Opcode : 'mul'> <InPorts = 2> <OutPorts = 1>
ST_3 : Operation 17 [1/1] (0.00ns)   --->   "%trunc_ln240 = trunc i32 %mul36" [mmult.cpp:240]   --->   Operation 17 'trunc' 'trunc_ln240' <Predicate = true> <Delay = 0.00>

State 4 <SV = 3> <Delay = 1.43>
ST_4 : Operation 18 [1/1] (1.20ns)   --->   "%c_read = read i64 @_ssdm_op_Read.ap_fifo.i64P0A, i64 %c"   --->   Operation 18 'read' 'c_read' <Predicate = true> <Delay = 1.20> <CoreInst = "FIFO_SRL">   --->   Core 81 'FIFO_SRL' <Latency = 0> <II = 1> <Delay = 1.83> <Storage> <Opcode : 'read' 'write' 'nbread' 'nbwrite'> <Ports = 0> <Width = 64> <Depth = 4> <FIFO>
ST_4 : Operation 19 [1/1] (1.01ns)   --->   "%icmp_ln240 = icmp_sgt  i32 %mul36, i32 0" [mmult.cpp:240]   --->   Operation 19 'icmp' 'icmp_ln240' <Predicate = true> <Delay = 1.01> <CoreInst = "Cmp">   --->   Core 9 'Cmp' <Latency = 0> <II = 1> <Delay = 1.01> <FuncUnit> <Opcode : 'icmp'> <InPorts = 2> <OutPorts = 1>
ST_4 : Operation 20 [1/1] (0.00ns)   --->   "%trunc_ln = partselect i63 @_ssdm_op_PartSelect.i63.i64.i32.i32, i64 %c_read, i32 1, i32 63" [mmult.cpp:240]   --->   Operation 20 'partselect' 'trunc_ln' <Predicate = true> <Delay = 0.00>
ST_4 : Operation 21 [1/1] (0.41ns)   --->   "%select_ln240 = select i1 %icmp_ln240, i31 %trunc_ln240, i31 0" [mmult.cpp:240]   --->   Operation 21 'select' 'select_ln240' <Predicate = true> <Delay = 0.41> <CoreInst = "Sel">   --->   Core 73 'Sel' <Latency = 0> <II = 1> <Delay = 0.41> <FuncUnit> <Opcode : 'select'> <InPorts = 3> <OutPorts = 1>

State 5 <SV = 4> <Delay = 2.40>
ST_5 : Operation 22 [1/1] (0.00ns)   --->   "%sext_ln240 = sext i63 %trunc_ln" [mmult.cpp:240]   --->   Operation 22 'sext' 'sext_ln240' <Predicate = true> <Delay = 0.00>
ST_5 : Operation 23 [1/1] (0.00ns)   --->   "%gmem2_addr = getelementptr i16 %gmem2, i64 %sext_ln240" [mmult.cpp:240]   --->   Operation 23 'getelementptr' 'gmem2_addr' <Predicate = true> <Delay = 0.00>
ST_5 : Operation 24 [1/1] (0.00ns)   --->   "%zext_ln240 = zext i31 %select_ln240" [mmult.cpp:240]   --->   Operation 24 'zext' 'zext_ln240' <Predicate = true> <Delay = 0.00>
ST_5 : Operation 25 [1/1] (2.40ns)   --->   "%empty = writereq i1 @_ssdm_op_WriteReq.m_axi.p1i16, i16 %gmem2_addr, i32 %zext_ln240" [mmult.cpp:240]   --->   Operation 25 'writereq' 'empty' <Predicate = true> <Delay = 2.40> <CoreInst = "m_axi">   --->   Core 121 'm_axi' <Latency = 0> <II = 1> <Delay = 1.00> <Adapter> <Opcode : 'read' 'write' 'readreq' 'writereq' 'writeresp'>

State 6 <SV = 5> <Delay = 0.00>
ST_6 : Operation 26 [2/2] (0.00ns)   --->   "%call_ln240 = call void @Loop_writeC_proc_Pipeline_writeC, i32 %mul36, i16 %gmem2, i63 %trunc_ln, i32 %p_read_6, i16 %localC, i16 %localC_1, i16 %localC_2, i16 %localC_3, i16 %localC_4, i16 %localC_5, i16 %localC_6, i16 %localC_7, i16 %localC_8, i16 %localC_9, i16 %localC_10, i16 %localC_11, i16 %localC_12, i16 %localC_13, i16 %localC_14, i16 %localC_15" [mmult.cpp:240]   --->   Operation 26 'call' 'call_ln240' <Predicate = true> <Delay = 0.00> <CoreType = "Generic">   --->   Core 0 '' <Latency = 0> <II = 1> <Delay = 1.00> <Generic> <Opcode : >

State 7 <SV = 6> <Delay = 0.00>
ST_7 : Operation 27 [1/2] (0.00ns)   --->   "%call_ln240 = call void @Loop_writeC_proc_Pipeline_writeC, i32 %mul36, i16 %gmem2, i63 %trunc_ln, i32 %p_read_6, i16 %localC, i16 %localC_1, i16 %localC_2, i16 %localC_3, i16 %localC_4, i16 %localC_5, i16 %localC_6, i16 %localC_7, i16 %localC_8, i16 %localC_9, i16 %localC_10, i16 %localC_11, i16 %localC_12, i16 %localC_13, i16 %localC_14, i16 %localC_15" [mmult.cpp:240]   --->   Operation 27 'call' 'call_ln240' <Predicate = true> <Delay = 0.00> <CoreType = "Generic">   --->   Core 0 '' <Latency = 0> <II = 1> <Delay = 1.00> <Generic> <Opcode : >

State 8 <SV = 7> <Delay = 2.40>
ST_8 : Operation 28 [5/5] (2.40ns)   --->   "%empty_63 = writeresp i1 @_ssdm_op_WriteResp.m_axi.p1i16, i16 %gmem2_addr" [mmult.cpp:248]   --->   Operation 28 'writeresp' 'empty_63' <Predicate = true> <Delay = 2.40> <CoreInst = "m_axi">   --->   Core 121 'm_axi' <Latency = 0> <II = 1> <Delay = 1.00> <Adapter> <Opcode : 'read' 'write' 'readreq' 'writereq' 'writeresp'>

State 9 <SV = 8> <Delay = 2.40>
ST_9 : Operation 29 [4/5] (2.40ns)   --->   "%empty_63 = writeresp i1 @_ssdm_op_WriteResp.m_axi.p1i16, i16 %gmem2_addr" [mmult.cpp:248]   --->   Operation 29 'writeresp' 'empty_63' <Predicate = true> <Delay = 2.40> <CoreInst = "m_axi">   --->   Core 121 'm_axi' <Latency = 0> <II = 1> <Delay = 1.00> <Adapter> <Opcode : 'read' 'write' 'readreq' 'writereq' 'writeresp'>

State 10 <SV = 9> <Delay = 2.40>
ST_10 : Operation 30 [3/5] (2.40ns)   --->   "%empty_63 = writeresp i1 @_ssdm_op_WriteResp.m_axi.p1i16, i16 %gmem2_addr" [mmult.cpp:248]   --->   Operation 30 'writeresp' 'empty_63' <Predicate = true> <Delay = 2.40> <CoreInst = "m_axi">   --->   Core 121 'm_axi' <Latency = 0> <II = 1> <Delay = 1.00> <Adapter> <Opcode : 'read' 'write' 'readreq' 'writereq' 'writeresp'>

State 11 <SV = 10> <Delay = 2.40>
ST_11 : Operation 31 [2/5] (2.40ns)   --->   "%empty_63 = writeresp i1 @_ssdm_op_WriteResp.m_axi.p1i16, i16 %gmem2_addr" [mmult.cpp:248]   --->   Operation 31 'writeresp' 'empty_63' <Predicate = true> <Delay = 2.40> <CoreInst = "m_axi">   --->   Core 121 'm_axi' <Latency = 0> <II = 1> <Delay = 1.00> <Adapter> <Opcode : 'read' 'write' 'readreq' 'writereq' 'writeresp'>

State 12 <SV = 11> <Delay = 2.40>
ST_12 : Operation 32 [1/1] (0.00ns)   --->   "%specinterface_ln0 = specinterface void @_ssdm_op_SpecInterface, i64 %c, void @ap_fifo_str, i32 0, i32 0, void @p_str, i32 0, i32 0, void @p_str, void @p_str, void @p_str, i32 2, i32 2, i32 16, i32 16, void @p_str, void @ScalarProp_str, i32 4294967295, i32 0"   --->   Operation 32 'specinterface' 'specinterface_ln0' <Predicate = true> <Delay = 0.00>
ST_12 : Operation 33 [1/1] (0.00ns)   --->   "%specmemcore_ln0 = specmemcore void @_ssdm_op_SpecMemCore, i16 %localC_15, i64 666, i64 27, i64 18446744073709551615"   --->   Operation 33 'specmemcore' 'specmemcore_ln0' <Predicate = true> <Delay = 0.00>
ST_12 : Operation 34 [1/1] (0.00ns)   --->   "%specmemcore_ln0 = specmemcore void @_ssdm_op_SpecMemCore, i16 %localC_14, i64 666, i64 27, i64 18446744073709551615"   --->   Operation 34 'specmemcore' 'specmemcore_ln0' <Predicate = true> <Delay = 0.00>
ST_12 : Operation 35 [1/1] (0.00ns)   --->   "%specmemcore_ln0 = specmemcore void @_ssdm_op_SpecMemCore, i16 %localC_13, i64 666, i64 27, i64 18446744073709551615"   --->   Operation 35 'specmemcore' 'specmemcore_ln0' <Predicate = true> <Delay = 0.00>
ST_12 : Operation 36 [1/1] (0.00ns)   --->   "%specmemcore_ln0 = specmemcore void @_ssdm_op_SpecMemCore, i16 %localC_12, i64 666, i64 27, i64 18446744073709551615"   --->   Operation 36 'specmemcore' 'specmemcore_ln0' <Predicate = true> <Delay = 0.00>
ST_12 : Operation 37 [1/1] (0.00ns)   --->   "%specmemcore_ln0 = specmemcore void @_ssdm_op_SpecMemCore, i16 %localC_11, i64 666, i64 27, i64 18446744073709551615"   --->   Operation 37 'specmemcore' 'specmemcore_ln0' <Predicate = true> <Delay = 0.00>
ST_12 : Operation 38 [1/1] (0.00ns)   --->   "%specmemcore_ln0 = specmemcore void @_ssdm_op_SpecMemCore, i16 %localC_10, i64 666, i64 27, i64 18446744073709551615"   --->   Operation 38 'specmemcore' 'specmemcore_ln0' <Predicate = true> <Delay = 0.00>
ST_12 : Operation 39 [1/1] (0.00ns)   --->   "%specmemcore_ln0 = specmemcore void @_ssdm_op_SpecMemCore, i16 %localC_9, i64 666, i64 27, i64 18446744073709551615"   --->   Operation 39 'specmemcore' 'specmemcore_ln0' <Predicate = true> <Delay = 0.00>
ST_12 : Operation 40 [1/1] (0.00ns)   --->   "%specmemcore_ln0 = specmemcore void @_ssdm_op_SpecMemCore, i16 %localC_8, i64 666, i64 27, i64 18446744073709551615"   --->   Operation 40 'specmemcore' 'specmemcore_ln0' <Predicate = true> <Delay = 0.00>
ST_12 : Operation 41 [1/1] (0.00ns)   --->   "%specmemcore_ln0 = specmemcore void @_ssdm_op_SpecMemCore, i16 %localC_7, i64 666, i64 27, i64 18446744073709551615"   --->   Operation 41 'specmemcore' 'specmemcore_ln0' <Predicate = true> <Delay = 0.00>
ST_12 : Operation 42 [1/1] (0.00ns)   --->   "%specmemcore_ln0 = specmemcore void @_ssdm_op_SpecMemCore, i16 %localC_6, i64 666, i64 27, i64 18446744073709551615"   --->   Operation 42 'specmemcore' 'specmemcore_ln0' <Predicate = true> <Delay = 0.00>
ST_12 : Operation 43 [1/1] (0.00ns)   --->   "%specmemcore_ln0 = specmemcore void @_ssdm_op_SpecMemCore, i16 %localC_5, i64 666, i64 27, i64 18446744073709551615"   --->   Operation 43 'specmemcore' 'specmemcore_ln0' <Predicate = true> <Delay = 0.00>
ST_12 : Operation 44 [1/1] (0.00ns)   --->   "%specmemcore_ln0 = specmemcore void @_ssdm_op_SpecMemCore, i16 %localC_4, i64 666, i64 27, i64 18446744073709551615"   --->   Operation 44 'specmemcore' 'specmemcore_ln0' <Predicate = true> <Delay = 0.00>
ST_12 : Operation 45 [1/1] (0.00ns)   --->   "%specmemcore_ln0 = specmemcore void @_ssdm_op_SpecMemCore, i16 %localC_3, i64 666, i64 27, i64 18446744073709551615"   --->   Operation 45 'specmemcore' 'specmemcore_ln0' <Predicate = true> <Delay = 0.00>
ST_12 : Operation 46 [1/1] (0.00ns)   --->   "%specmemcore_ln0 = specmemcore void @_ssdm_op_SpecMemCore, i16 %localC_2, i64 666, i64 27, i64 18446744073709551615"   --->   Operation 46 'specmemcore' 'specmemcore_ln0' <Predicate = true> <Delay = 0.00>
ST_12 : Operation 47 [1/1] (0.00ns)   --->   "%specmemcore_ln0 = specmemcore void @_ssdm_op_SpecMemCore, i16 %localC_1, i64 666, i64 27, i64 18446744073709551615"   --->   Operation 47 'specmemcore' 'specmemcore_ln0' <Predicate = true> <Delay = 0.00>
ST_12 : Operation 48 [1/1] (0.00ns)   --->   "%specmemcore_ln0 = specmemcore void @_ssdm_op_SpecMemCore, i16 %localC, i64 666, i64 27, i64 18446744073709551615"   --->   Operation 48 'specmemcore' 'specmemcore_ln0' <Predicate = true> <Delay = 0.00>
ST_12 : Operation 49 [1/1] (0.00ns)   --->   "%specinterface_ln0 = specinterface void @_ssdm_op_SpecInterface, i16 %gmem2, void @empty_4, i32 0, i32 0, void @empty_5, i32 0, i32 0, void @empty_15, void @empty_7, void @empty_5, i32 16, i32 16, i32 16, i32 16, void @empty_5, void @empty_5, i32 4294967295, i32 0"   --->   Operation 49 'specinterface' 'specinterface_ln0' <Predicate = true> <Delay = 0.00>
ST_12 : Operation 50 [1/5] (2.40ns)   --->   "%empty_63 = writeresp i1 @_ssdm_op_WriteResp.m_axi.p1i16, i16 %gmem2_addr" [mmult.cpp:248]   --->   Operation 50 'writeresp' 'empty_63' <Predicate = true> <Delay = 2.40> <CoreInst = "m_axi">   --->   Core 121 'm_axi' <Latency = 0> <II = 1> <Delay = 1.00> <Adapter> <Opcode : 'read' 'write' 'readreq' 'writereq' 'writeresp'>
ST_12 : Operation 51 [1/1] (0.00ns)   --->   "%ret_ln0 = ret"   --->   Operation 51 'ret' 'ret_ln0' <Predicate = true> <Delay = 0.00>


============================================================
+ Verbose Summary: Binding
============================================================
STG Binding: 
---------------- STG Properties BEGIN ----------------
- Is combinational: 0
- Is one-state seq: 0
- Is datapath-only: 0
- Is pipelined: 0
- Is top level: 0
Port [ Return ] is wired: 1; IO mode=ap_ctrl_hs:ce=0
Port [ p_read]:  wired=1; compound=0; hidden=0; nouse=0; global=0; static=0; extern=0; dir=0; type=0; pingpong=0; private_global=0; IO mode=ap_none:ce=0
Port [ p_read1]:  wired=1; compound=0; hidden=0; nouse=0; global=0; static=0; extern=0; dir=0; type=0; pingpong=0; private_global=0; IO mode=ap_none:ce=0
Port [ c]:  wired=1; compound=1; hidden=0; nouse=0; global=0; static=0; extern=0; dir=0; type=3; pingpong=0; private_global=0; IO mode=ap_fifo:ce=0
Port [ gmem2]:  wired=1; compound=1; hidden=0; nouse=0; global=0; static=0; extern=0; dir=1; type=4; pingpong=0; private_global=0; IO mode=m_axi:ce=0
Port [ localC]:  wired=1; compound=1; hidden=0; nouse=0; global=0; static=0; extern=0; dir=0; type=1; pingpong=1; private_global=0; MemPort=[13]; IO mode=ap_memory:ce=0
Port [ localC_1]:  wired=1; compound=1; hidden=0; nouse=0; global=0; static=0; extern=0; dir=0; type=1; pingpong=1; private_global=0; MemPort=[13]; IO mode=ap_memory:ce=0
Port [ localC_2]:  wired=1; compound=1; hidden=0; nouse=0; global=0; static=0; extern=0; dir=0; type=1; pingpong=1; private_global=0; MemPort=[13]; IO mode=ap_memory:ce=0
Port [ localC_3]:  wired=1; compound=1; hidden=0; nouse=0; global=0; static=0; extern=0; dir=0; type=1; pingpong=1; private_global=0; MemPort=[13]; IO mode=ap_memory:ce=0
Port [ localC_4]:  wired=1; compound=1; hidden=0; nouse=0; global=0; static=0; extern=0; dir=0; type=1; pingpong=1; private_global=0; MemPort=[13]; IO mode=ap_memory:ce=0
Port [ localC_5]:  wired=1; compound=1; hidden=0; nouse=0; global=0; static=0; extern=0; dir=0; type=1; pingpong=1; private_global=0; MemPort=[13]; IO mode=ap_memory:ce=0
Port [ localC_6]:  wired=1; compound=1; hidden=0; nouse=0; global=0; static=0; extern=0; dir=0; type=1; pingpong=1; private_global=0; MemPort=[13]; IO mode=ap_memory:ce=0
Port [ localC_7]:  wired=1; compound=1; hidden=0; nouse=0; global=0; static=0; extern=0; dir=0; type=1; pingpong=1; private_global=0; MemPort=[13]; IO mode=ap_memory:ce=0
Port [ localC_8]:  wired=1; compound=1; hidden=0; nouse=0; global=0; static=0; extern=0; dir=0; type=1; pingpong=1; private_global=0; MemPort=[13]; IO mode=ap_memory:ce=0
Port [ localC_9]:  wired=1; compound=1; hidden=0; nouse=0; global=0; static=0; extern=0; dir=0; type=1; pingpong=1; private_global=0; MemPort=[13]; IO mode=ap_memory:ce=0
Port [ localC_10]:  wired=1; compound=1; hidden=0; nouse=0; global=0; static=0; extern=0; dir=0; type=1; pingpong=1; private_global=0; MemPort=[13]; IO mode=ap_memory:ce=0
Port [ localC_11]:  wired=1; compound=1; hidden=0; nouse=0; global=0; static=0; extern=0; dir=0; type=1; pingpong=1; private_global=0; MemPort=[13]; IO mode=ap_memory:ce=0
Port [ localC_12]:  wired=1; compound=1; hidden=0; nouse=0; global=0; static=0; extern=0; dir=0; type=1; pingpong=1; private_global=0; MemPort=[13]; IO mode=ap_memory:ce=0
Port [ localC_13]:  wired=1; compound=1; hidden=0; nouse=0; global=0; static=0; extern=0; dir=0; type=1; pingpong=1; private_global=0; MemPort=[13]; IO mode=ap_memory:ce=0
Port [ localC_14]:  wired=1; compound=1; hidden=0; nouse=0; global=0; static=0; extern=0; dir=0; type=1; pingpong=1; private_global=0; MemPort=[13]; IO mode=ap_memory:ce=0
Port [ localC_15]:  wired=1; compound=1; hidden=0; nouse=0; global=0; static=0; extern=0; dir=0; type=1; pingpong=1; private_global=0; MemPort=[13]; IO mode=ap_memory:ce=0
---------------- STG Properties END ------------------

---------------- Datapath Model BEGIN ----------------

<LifeTime>
<method=bitvector/>
p_read_5          (read         ) [ 0011000000000]
p_read_6          (read         ) [ 0011111100000]
mul36             (mul          ) [ 0000111100000]
trunc_ln240       (trunc        ) [ 0000100000000]
c_read            (read         ) [ 0000000000000]
icmp_ln240        (icmp         ) [ 0000000000000]
trunc_ln          (partselect   ) [ 0000011100000]
select_ln240      (select       ) [ 0000010000000]
sext_ln240        (sext         ) [ 0000000000000]
gmem2_addr        (getelementptr) [ 0000001111111]
zext_ln240        (zext         ) [ 0000000000000]
empty             (writereq     ) [ 0000000000000]
call_ln240        (call         ) [ 0000000000000]
specinterface_ln0 (specinterface) [ 0000000000000]
specmemcore_ln0   (specmemcore  ) [ 0000000000000]
specmemcore_ln0   (specmemcore  ) [ 0000000000000]
specmemcore_ln0   (specmemcore  ) [ 0000000000000]
specmemcore_ln0   (specmemcore  ) [ 0000000000000]
specmemcore_ln0   (specmemcore  ) [ 0000000000000]
specmemcore_ln0   (specmemcore  ) [ 0000000000000]
specmemcore_ln0   (specmemcore  ) [ 0000000000000]
specmemcore_ln0   (specmemcore  ) [ 0000000000000]
specmemcore_ln0   (specmemcore  ) [ 0000000000000]
specmemcore_ln0   (specmemcore  ) [ 0000000000000]
specmemcore_ln0   (specmemcore  ) [ 0000000000000]
specmemcore_ln0   (specmemcore  ) [ 0000000000000]
specmemcore_ln0   (specmemcore  ) [ 0000000000000]
specmemcore_ln0   (specmemcore  ) [ 0000000000000]
specmemcore_ln0   (specmemcore  ) [ 0000000000000]
specmemcore_ln0   (specmemcore  ) [ 0000000000000]
specinterface_ln0 (specinterface) [ 0000000000000]
empty_63          (writeresp    ) [ 0000000000000]
ret_ln0           (ret          ) [ 0000000000000]
</LifeTime>

<model>

<comp_list>
<comp id="0" class="1000" name="p_read">
<pin_list>
<pin id="1" dir="1" index="0" bw="1" slack="0"/>
</pin_list>
<bind>
<StgValue><ssdm name="p_read"/></StgValue>
</bind>
</comp>

<comp id="2" class="1000" name="p_read1">
<pin_list>
<pin id="3" dir="1" index="0" bw="1" slack="0"/>
</pin_list>
<bind>
<StgValue><ssdm name="p_read1"/></StgValue>
</bind>
</comp>

<comp id="4" class="1000" name="c">
<pin_list>
<pin id="5" dir="1" index="0" bw="1" slack="0"/>
</pin_list>
<bind>
<StgValue><ssdm name="c"/></StgValue>
</bind>
</comp>

<comp id="6" class="1000" name="gmem2">
<pin_list>
<pin id="7" dir="1" index="0" bw="1" slack="0"/>
</pin_list>
<bind>
<StgValue><ssdm name="gmem2"/></StgValue>
</bind>
</comp>

<comp id="8" class="1000" name="localC">
<pin_list>
<pin id="9" dir="1" index="0" bw="1" slack="0"/>
</pin_list>
<bind>
<StgValue><ssdm name="localC"/><MemPortTyVec>1 3 </MemPortTyVec>
</StgValue>
</bind>
</comp>

<comp id="10" class="1000" name="localC_1">
<pin_list>
<pin id="11" dir="1" index="0" bw="1" slack="0"/>
</pin_list>
<bind>
<StgValue><ssdm name="localC_1"/><MemPortTyVec>1 3 </MemPortTyVec>
</StgValue>
</bind>
</comp>

<comp id="12" class="1000" name="localC_2">
<pin_list>
<pin id="13" dir="1" index="0" bw="1" slack="0"/>
</pin_list>
<bind>
<StgValue><ssdm name="localC_2"/><MemPortTyVec>1 3 </MemPortTyVec>
</StgValue>
</bind>
</comp>

<comp id="14" class="1000" name="localC_3">
<pin_list>
<pin id="15" dir="1" index="0" bw="1" slack="0"/>
</pin_list>
<bind>
<StgValue><ssdm name="localC_3"/><MemPortTyVec>1 3 </MemPortTyVec>
</StgValue>
</bind>
</comp>

<comp id="16" class="1000" name="localC_4">
<pin_list>
<pin id="17" dir="1" index="0" bw="1" slack="0"/>
</pin_list>
<bind>
<StgValue><ssdm name="localC_4"/><MemPortTyVec>1 3 </MemPortTyVec>
</StgValue>
</bind>
</comp>

<comp id="18" class="1000" name="localC_5">
<pin_list>
<pin id="19" dir="1" index="0" bw="1" slack="0"/>
</pin_list>
<bind>
<StgValue><ssdm name="localC_5"/><MemPortTyVec>1 3 </MemPortTyVec>
</StgValue>
</bind>
</comp>

<comp id="20" class="1000" name="localC_6">
<pin_list>
<pin id="21" dir="1" index="0" bw="1" slack="0"/>
</pin_list>
<bind>
<StgValue><ssdm name="localC_6"/><MemPortTyVec>1 3 </MemPortTyVec>
</StgValue>
</bind>
</comp>

<comp id="22" class="1000" name="localC_7">
<pin_list>
<pin id="23" dir="1" index="0" bw="1" slack="0"/>
</pin_list>
<bind>
<StgValue><ssdm name="localC_7"/><MemPortTyVec>1 3 </MemPortTyVec>
</StgValue>
</bind>
</comp>

<comp id="24" class="1000" name="localC_8">
<pin_list>
<pin id="25" dir="1" index="0" bw="1" slack="0"/>
</pin_list>
<bind>
<StgValue><ssdm name="localC_8"/><MemPortTyVec>1 3 </MemPortTyVec>
</StgValue>
</bind>
</comp>

<comp id="26" class="1000" name="localC_9">
<pin_list>
<pin id="27" dir="1" index="0" bw="1" slack="0"/>
</pin_list>
<bind>
<StgValue><ssdm name="localC_9"/><MemPortTyVec>1 3 </MemPortTyVec>
</StgValue>
</bind>
</comp>

<comp id="28" class="1000" name="localC_10">
<pin_list>
<pin id="29" dir="1" index="0" bw="1" slack="0"/>
</pin_list>
<bind>
<StgValue><ssdm name="localC_10"/><MemPortTyVec>1 3 </MemPortTyVec>
</StgValue>
</bind>
</comp>

<comp id="30" class="1000" name="localC_11">
<pin_list>
<pin id="31" dir="1" index="0" bw="1" slack="0"/>
</pin_list>
<bind>
<StgValue><ssdm name="localC_11"/><MemPortTyVec>1 3 </MemPortTyVec>
</StgValue>
</bind>
</comp>

<comp id="32" class="1000" name="localC_12">
<pin_list>
<pin id="33" dir="1" index="0" bw="1" slack="0"/>
</pin_list>
<bind>
<StgValue><ssdm name="localC_12"/><MemPortTyVec>1 3 </MemPortTyVec>
</StgValue>
</bind>
</comp>

<comp id="34" class="1000" name="localC_13">
<pin_list>
<pin id="35" dir="1" index="0" bw="1" slack="0"/>
</pin_list>
<bind>
<StgValue><ssdm name="localC_13"/><MemPortTyVec>1 3 </MemPortTyVec>
</StgValue>
</bind>
</comp>

<comp id="36" class="1000" name="localC_14">
<pin_list>
<pin id="37" dir="1" index="0" bw="1" slack="0"/>
</pin_list>
<bind>
<StgValue><ssdm name="localC_14"/><MemPortTyVec>1 3 </MemPortTyVec>
</StgValue>
</bind>
</comp>

<comp id="38" class="1000" name="localC_15">
<pin_list>
<pin id="39" dir="1" index="0" bw="1" slack="0"/>
</pin_list>
<bind>
<StgValue><ssdm name="localC_15"/><MemPortTyVec>1 3 </MemPortTyVec>
</StgValue>
</bind>
</comp>

<comp id="40" class="1001" name="const_40">
<pin_list>
<pin id="41" dir="1" index="0" bw="1" slack="0"/>
</pin_list>
<bind>
<StgValue><ssdm name="_ssdm_op_Read.ap_auto.i32"/></StgValue>
</bind>
</comp>

<comp id="42" class="1001" name="const_42">
<pin_list>
<pin id="43" dir="1" index="0" bw="1" slack="0"/>
</pin_list>
<bind>
<StgValue><ssdm name="_ssdm_op_Read.ap_fifo.i64P0A"/></StgValue>
</bind>
</comp>

<comp id="44" class="1001" name="const_44">
<pin_list>
<pin id="45" dir="1" index="0" bw="1" slack="0"/>
</pin_list>
<bind>
<StgValue><ssdm name=""/></StgValue>
</bind>
</comp>

<comp id="46" class="1001" name="const_46">
<pin_list>
<pin id="47" dir="1" index="0" bw="1" slack="0"/>
</pin_list>
<bind>
<StgValue><ssdm name="_ssdm_op_PartSelect.i63.i64.i32.i32"/></StgValue>
</bind>
</comp>

<comp id="48" class="1001" name="const_48">
<pin_list>
<pin id="49" dir="1" index="0" bw="1" slack="0"/>
</pin_list>
<bind>
<StgValue><ssdm name=""/></StgValue>
</bind>
</comp>

<comp id="50" class="1001" name="const_50">
<pin_list>
<pin id="51" dir="1" index="0" bw="1" slack="0"/>
</pin_list>
<bind>
<StgValue><ssdm name=""/></StgValue>
</bind>
</comp>

<comp id="52" class="1001" name="const_52">
<pin_list>
<pin id="53" dir="1" index="0" bw="1" slack="0"/>
</pin_list>
<bind>
<StgValue><ssdm name=""/></StgValue>
</bind>
</comp>

<comp id="54" class="1001" name="const_54">
<pin_list>
<pin id="55" dir="1" index="0" bw="1" slack="0"/>
</pin_list>
<bind>
<StgValue><ssdm name="_ssdm_op_WriteReq.m_axi.p1i16"/></StgValue>
</bind>
</comp>

<comp id="56" class="1001" name="const_56">
<pin_list>
<pin id="57" dir="1" index="0" bw="1" slack="0"/>
</pin_list>
<bind>
<StgValue><ssdm name="Loop_writeC_proc_Pipeline_writeC"/></StgValue>
</bind>
</comp>

<comp id="58" class="1001" name="const_58">
<pin_list>
<pin id="59" dir="1" index="0" bw="1" slack="0"/>
</pin_list>
<bind>
<StgValue><ssdm name="_ssdm_op_WriteResp.m_axi.p1i16"/></StgValue>
</bind>
</comp>

<comp id="60" class="1001" name="const_60">
<pin_list>
<pin id="61" dir="1" index="0" bw="1" slack="2147483647"/>
</pin_list>
<bind>
<StgValue><ssdm name="_ssdm_op_SpecInterface"/></StgValue>
</bind>
</comp>

<comp id="62" class="1001" name="const_62">
<pin_list>
<pin id="63" dir="1" index="0" bw="1" slack="2147483647"/>
</pin_list>
<bind>
<StgValue><ssdm name="ap_fifo_str"/></StgValue>
</bind>
</comp>

<comp id="64" class="1001" name="const_64">
<pin_list>
<pin id="65" dir="1" index="0" bw="1" slack="2147483647"/>
</pin_list>
<bind>
<StgValue><ssdm name="p_str"/></StgValue>
</bind>
</comp>

<comp id="66" class="1001" name="const_66">
<pin_list>
<pin id="67" dir="1" index="0" bw="1" slack="2147483647"/>
</pin_list>
<bind>
<StgValue><ssdm name=""/></StgValue>
</bind>
</comp>

<comp id="68" class="1001" name="const_68">
<pin_list>
<pin id="69" dir="1" index="0" bw="1" slack="2147483647"/>
</pin_list>
<bind>
<StgValue><ssdm name=""/></StgValue>
</bind>
</comp>

<comp id="70" class="1001" name="const_70">
<pin_list>
<pin id="71" dir="1" index="0" bw="1" slack="2147483647"/>
</pin_list>
<bind>
<StgValue><ssdm name="ScalarProp_str"/></StgValue>
</bind>
</comp>

<comp id="72" class="1001" name="const_72">
<pin_list>
<pin id="73" dir="1" index="0" bw="1" slack="2147483647"/>
</pin_list>
<bind>
<StgValue><ssdm name=""/></StgValue>
</bind>
</comp>

<comp id="74" class="1001" name="const_74">
<pin_list>
<pin id="75" dir="1" index="0" bw="1" slack="2147483647"/>
</pin_list>
<bind>
<StgValue><ssdm name="_ssdm_op_SpecMemCore"/></StgValue>
</bind>
</comp>

<comp id="76" class="1001" name="const_76">
<pin_list>
<pin id="77" dir="1" index="0" bw="1" slack="2147483647"/>
</pin_list>
<bind>
<StgValue><ssdm name=""/></StgValue>
</bind>
</comp>

<comp id="78" class="1001" name="const_78">
<pin_list>
<pin id="79" dir="1" index="0" bw="1" slack="2147483647"/>
</pin_list>
<bind>
<StgValue><ssdm name=""/></StgValue>
</bind>
</comp>

<comp id="80" class="1001" name="const_80">
<pin_list>
<pin id="81" dir="1" index="0" bw="1" slack="2147483647"/>
</pin_list>
<bind>
<StgValue><ssdm name=""/></StgValue>
</bind>
</comp>

<comp id="82" class="1001" name="const_82">
<pin_list>
<pin id="83" dir="1" index="0" bw="1" slack="2147483647"/>
</pin_list>
<bind>
<StgValue><ssdm name="empty_4"/></StgValue>
</bind>
</comp>

<comp id="84" class="1001" name="const_84">
<pin_list>
<pin id="85" dir="1" index="0" bw="1" slack="2147483647"/>
</pin_list>
<bind>
<StgValue><ssdm name="empty_5"/></StgValue>
</bind>
</comp>

<comp id="86" class="1001" name="const_86">
<pin_list>
<pin id="87" dir="1" index="0" bw="1" slack="2147483647"/>
</pin_list>
<bind>
<StgValue><ssdm name="empty_15"/></StgValue>
</bind>
</comp>

<comp id="88" class="1001" name="const_88">
<pin_list>
<pin id="89" dir="1" index="0" bw="1" slack="2147483647"/>
</pin_list>
<bind>
<StgValue><ssdm name="empty_7"/></StgValue>
</bind>
</comp>

<comp id="90" class="1004" name="p_read_5_read_fu_90">
<pin_list>
<pin id="91" dir="0" index="0" bw="32" slack="0"/>
<pin id="92" dir="0" index="1" bw="32" slack="0"/>
<pin id="93" dir="1" index="2" bw="32" slack="1"/>
</pin_list>
<bind>
<opcode="read(1150) " fcode="read"/>
<opset="p_read_5/1 "/>
</bind>
</comp>

<comp id="96" class="1004" name="p_read_6_read_fu_96">
<pin_list>
<pin id="97" dir="0" index="0" bw="32" slack="0"/>
<pin id="98" dir="0" index="1" bw="32" slack="0"/>
<pin id="99" dir="1" index="2" bw="32" slack="1"/>
</pin_list>
<bind>
<opcode="read(1150) " fcode="read"/>
<opset="p_read_6/1 "/>
</bind>
</comp>

<comp id="102" class="1004" name="c_read_read_fu_102">
<pin_list>
<pin id="103" dir="0" index="0" bw="64" slack="0"/>
<pin id="104" dir="0" index="1" bw="64" slack="0"/>
<pin id="105" dir="1" index="2" bw="64" slack="0"/>
</pin_list>
<bind>
<opcode="read(1150) " fcode="read"/>
<opset="c_read/4 "/>
</bind>
</comp>

<comp id="108" class="1004" name="grp_writeresp_fu_108">
<pin_list>
<pin id="109" dir="0" index="0" bw="1" slack="0"/>
<pin id="110" dir="0" index="1" bw="16" slack="0"/>
<pin id="111" dir="0" index="2" bw="31" slack="0"/>
<pin id="112" dir="1" index="3" bw="1" slack="2147483647"/>
</pin_list>
<bind>
<opcode="writereq(1155) writeresp(1158) " fcode="writeresp"/>
<opset="empty/5 empty_63/8 "/>
</bind>
</comp>

<comp id="115" class="1004" name="grp_Loop_writeC_proc_Pipeline_writeC_fu_115">
<pin_list>
<pin id="116" dir="0" index="0" bw="0" slack="0"/>
<pin id="117" dir="0" index="1" bw="32" slack="3"/>
<pin id="118" dir="0" index="2" bw="16" slack="0"/>
<pin id="119" dir="0" index="3" bw="63" slack="2"/>
<pin id="120" dir="0" index="4" bw="32" slack="5"/>
<pin id="121" dir="0" index="5" bw="16" slack="0"/>
<pin id="122" dir="0" index="6" bw="16" slack="0"/>
<pin id="123" dir="0" index="7" bw="16" slack="0"/>
<pin id="124" dir="0" index="8" bw="16" slack="0"/>
<pin id="125" dir="0" index="9" bw="16" slack="0"/>
<pin id="126" dir="0" index="10" bw="16" slack="0"/>
<pin id="127" dir="0" index="11" bw="16" slack="0"/>
<pin id="128" dir="0" index="12" bw="16" slack="0"/>
<pin id="129" dir="0" index="13" bw="16" slack="0"/>
<pin id="130" dir="0" index="14" bw="16" slack="0"/>
<pin id="131" dir="0" index="15" bw="16" slack="0"/>
<pin id="132" dir="0" index="16" bw="16" slack="0"/>
<pin id="133" dir="0" index="17" bw="16" slack="0"/>
<pin id="134" dir="0" index="18" bw="16" slack="0"/>
<pin id="135" dir="0" index="19" bw="16" slack="0"/>
<pin id="136" dir="0" index="20" bw="16" slack="0"/>
<pin id="137" dir="1" index="21" bw="0" slack="2147483647"/>
</pin_list>
<bind>
<opcode="call(48) " fcode="call"/>
<opset="call_ln240/6 "/>
</bind>
</comp>

<comp id="156" class="1004" name="grp_fu_156">
<pin_list>
<pin id="157" dir="0" index="0" bw="32" slack="1"/>
<pin id="158" dir="0" index="1" bw="32" slack="1"/>
<pin id="159" dir="1" index="2" bw="32" slack="0"/>
</pin_list>
<bind>
<opcode="mul(12) " fcode="mul"/>
<opset="mul36/2 "/>
</bind>
</comp>

<comp id="160" class="1004" name="trunc_ln240_fu_160">
<pin_list>
<pin id="161" dir="0" index="0" bw="32" slack="0"/>
<pin id="162" dir="1" index="1" bw="31" slack="1"/>
</pin_list>
<bind>
<opcode="trunc(33) " fcode="trunc"/>
<opset="trunc_ln240/3 "/>
</bind>
</comp>

<comp id="164" class="1004" name="icmp_ln240_fu_164">
<pin_list>
<pin id="165" dir="0" index="0" bw="32" slack="1"/>
<pin id="166" dir="0" index="1" bw="1" slack="0"/>
<pin id="167" dir="1" index="2" bw="1" slack="0"/>
</pin_list>
<bind>
<opcode="icmp(45) " fcode="icmp"/>
<opset="icmp_ln240/4 "/>
</bind>
</comp>

<comp id="169" class="1004" name="trunc_ln_fu_169">
<pin_list>
<pin id="170" dir="0" index="0" bw="63" slack="0"/>
<pin id="171" dir="0" index="1" bw="64" slack="0"/>
<pin id="172" dir="0" index="2" bw="1" slack="0"/>
<pin id="173" dir="0" index="3" bw="7" slack="0"/>
<pin id="174" dir="1" index="4" bw="63" slack="1"/>
</pin_list>
<bind>
<opcode="partselect(1002) " fcode="partselect"/>
<opset="trunc_ln/4 "/>
</bind>
</comp>

<comp id="179" class="1004" name="select_ln240_fu_179">
<pin_list>
<pin id="180" dir="0" index="0" bw="1" slack="0"/>
<pin id="181" dir="0" index="1" bw="31" slack="1"/>
<pin id="182" dir="0" index="2" bw="1" slack="0"/>
<pin id="183" dir="1" index="3" bw="31" slack="1"/>
</pin_list>
<bind>
<opcode="select(49) " fcode="select"/>
<opset="select_ln240/4 "/>
</bind>
</comp>

<comp id="186" class="1004" name="sext_ln240_fu_186">
<pin_list>
<pin id="187" dir="0" index="0" bw="63" slack="1"/>
<pin id="188" dir="1" index="1" bw="64" slack="0"/>
</pin_list>
<bind>
<opcode="sext(35) " fcode="sext"/>
<opset="sext_ln240/5 "/>
</bind>
</comp>

<comp id="189" class="1004" name="gmem2_addr_fu_189">
<pin_list>
<pin id="190" dir="0" index="0" bw="16" slack="0"/>
<pin id="191" dir="0" index="1" bw="63" slack="0"/>
<pin id="192" dir="1" index="2" bw="16" slack="0"/>
</pin_list>
<bind>
<opcode="getelementptr(29) " fcode="getelementptr"/>
<opset="gmem2_addr/5 "/>
</bind>
</comp>

<comp id="196" class="1004" name="zext_ln240_fu_196">
<pin_list>
<pin id="197" dir="0" index="0" bw="31" slack="1"/>
<pin id="198" dir="1" index="1" bw="32" slack="0"/>
</pin_list>
<bind>
<opcode="zext(34) " fcode="zext"/>
<opset="zext_ln240/5 "/>
</bind>
</comp>

<comp id="200" class="1005" name="p_read_5_reg_200">
<pin_list>
<pin id="201" dir="0" index="0" bw="32" slack="1"/>
<pin id="202" dir="1" index="1" bw="32" slack="1"/>
</pin_list>
<bind>
<opset="p_read_5 "/>
</bind>
</comp>

<comp id="205" class="1005" name="p_read_6_reg_205">
<pin_list>
<pin id="206" dir="0" index="0" bw="32" slack="1"/>
<pin id="207" dir="1" index="1" bw="32" slack="1"/>
</pin_list>
<bind>
<opset="p_read_6 "/>
</bind>
</comp>

<comp id="211" class="1005" name="mul36_reg_211">
<pin_list>
<pin id="212" dir="0" index="0" bw="32" slack="1"/>
<pin id="213" dir="1" index="1" bw="32" slack="1"/>
</pin_list>
<bind>
<opset="mul36 "/>
</bind>
</comp>

<comp id="217" class="1005" name="trunc_ln240_reg_217">
<pin_list>
<pin id="218" dir="0" index="0" bw="31" slack="1"/>
<pin id="219" dir="1" index="1" bw="31" slack="1"/>
</pin_list>
<bind>
<opset="trunc_ln240 "/>
</bind>
</comp>

<comp id="222" class="1005" name="trunc_ln_reg_222">
<pin_list>
<pin id="223" dir="0" index="0" bw="63" slack="1"/>
<pin id="224" dir="1" index="1" bw="63" slack="1"/>
</pin_list>
<bind>
<opset="trunc_ln "/>
</bind>
</comp>

<comp id="228" class="1005" name="select_ln240_reg_228">
<pin_list>
<pin id="229" dir="0" index="0" bw="31" slack="1"/>
<pin id="230" dir="1" index="1" bw="31" slack="1"/>
</pin_list>
<bind>
<opset="select_ln240 "/>
</bind>
</comp>

<comp id="233" class="1005" name="gmem2_addr_reg_233">
<pin_list>
<pin id="234" dir="0" index="0" bw="16" slack="3"/>
<pin id="235" dir="1" index="1" bw="16" slack="3"/>
</pin_list>
<bind>
<opset="gmem2_addr "/>
</bind>
</comp>

</comp_list>

<net_list>
<net id="94"><net_src comp="40" pin="0"/><net_sink comp="90" pin=0"/></net>

<net id="95"><net_src comp="2" pin="0"/><net_sink comp="90" pin=1"/></net>

<net id="100"><net_src comp="40" pin="0"/><net_sink comp="96" pin=0"/></net>

<net id="101"><net_src comp="0" pin="0"/><net_sink comp="96" pin=1"/></net>

<net id="106"><net_src comp="42" pin="0"/><net_sink comp="102" pin=0"/></net>

<net id="107"><net_src comp="4" pin="0"/><net_sink comp="102" pin=1"/></net>

<net id="113"><net_src comp="54" pin="0"/><net_sink comp="108" pin=0"/></net>

<net id="114"><net_src comp="58" pin="0"/><net_sink comp="108" pin=0"/></net>

<net id="138"><net_src comp="56" pin="0"/><net_sink comp="115" pin=0"/></net>

<net id="139"><net_src comp="6" pin="0"/><net_sink comp="115" pin=2"/></net>

<net id="140"><net_src comp="8" pin="0"/><net_sink comp="115" pin=5"/></net>

<net id="141"><net_src comp="10" pin="0"/><net_sink comp="115" pin=6"/></net>

<net id="142"><net_src comp="12" pin="0"/><net_sink comp="115" pin=7"/></net>

<net id="143"><net_src comp="14" pin="0"/><net_sink comp="115" pin=8"/></net>

<net id="144"><net_src comp="16" pin="0"/><net_sink comp="115" pin=9"/></net>

<net id="145"><net_src comp="18" pin="0"/><net_sink comp="115" pin=10"/></net>

<net id="146"><net_src comp="20" pin="0"/><net_sink comp="115" pin=11"/></net>

<net id="147"><net_src comp="22" pin="0"/><net_sink comp="115" pin=12"/></net>

<net id="148"><net_src comp="24" pin="0"/><net_sink comp="115" pin=13"/></net>

<net id="149"><net_src comp="26" pin="0"/><net_sink comp="115" pin=14"/></net>

<net id="150"><net_src comp="28" pin="0"/><net_sink comp="115" pin=15"/></net>

<net id="151"><net_src comp="30" pin="0"/><net_sink comp="115" pin=16"/></net>

<net id="152"><net_src comp="32" pin="0"/><net_sink comp="115" pin=17"/></net>

<net id="153"><net_src comp="34" pin="0"/><net_sink comp="115" pin=18"/></net>

<net id="154"><net_src comp="36" pin="0"/><net_sink comp="115" pin=19"/></net>

<net id="155"><net_src comp="38" pin="0"/><net_sink comp="115" pin=20"/></net>

<net id="163"><net_src comp="156" pin="2"/><net_sink comp="160" pin=0"/></net>

<net id="168"><net_src comp="44" pin="0"/><net_sink comp="164" pin=1"/></net>

<net id="175"><net_src comp="46" pin="0"/><net_sink comp="169" pin=0"/></net>

<net id="176"><net_src comp="102" pin="2"/><net_sink comp="169" pin=1"/></net>

<net id="177"><net_src comp="48" pin="0"/><net_sink comp="169" pin=2"/></net>

<net id="178"><net_src comp="50" pin="0"/><net_sink comp="169" pin=3"/></net>

<net id="184"><net_src comp="164" pin="2"/><net_sink comp="179" pin=0"/></net>

<net id="185"><net_src comp="52" pin="0"/><net_sink comp="179" pin=2"/></net>

<net id="193"><net_src comp="6" pin="0"/><net_sink comp="189" pin=0"/></net>

<net id="194"><net_src comp="186" pin="1"/><net_sink comp="189" pin=1"/></net>

<net id="195"><net_src comp="189" pin="2"/><net_sink comp="108" pin=1"/></net>

<net id="199"><net_src comp="196" pin="1"/><net_sink comp="108" pin=2"/></net>

<net id="203"><net_src comp="90" pin="2"/><net_sink comp="200" pin=0"/></net>

<net id="204"><net_src comp="200" pin="1"/><net_sink comp="156" pin=1"/></net>

<net id="208"><net_src comp="96" pin="2"/><net_sink comp="205" pin=0"/></net>

<net id="209"><net_src comp="205" pin="1"/><net_sink comp="156" pin=0"/></net>

<net id="210"><net_src comp="205" pin="1"/><net_sink comp="115" pin=4"/></net>

<net id="214"><net_src comp="156" pin="2"/><net_sink comp="211" pin=0"/></net>

<net id="215"><net_src comp="211" pin="1"/><net_sink comp="164" pin=0"/></net>

<net id="216"><net_src comp="211" pin="1"/><net_sink comp="115" pin=1"/></net>

<net id="220"><net_src comp="160" pin="1"/><net_sink comp="217" pin=0"/></net>

<net id="221"><net_src comp="217" pin="1"/><net_sink comp="179" pin=1"/></net>

<net id="225"><net_src comp="169" pin="4"/><net_sink comp="222" pin=0"/></net>

<net id="226"><net_src comp="222" pin="1"/><net_sink comp="186" pin=0"/></net>

<net id="227"><net_src comp="222" pin="1"/><net_sink comp="115" pin=3"/></net>

<net id="231"><net_src comp="179" pin="3"/><net_sink comp="228" pin=0"/></net>

<net id="232"><net_src comp="228" pin="1"/><net_sink comp="196" pin=0"/></net>

<net id="236"><net_src comp="189" pin="2"/><net_sink comp="233" pin=0"/></net>

<net id="237"><net_src comp="233" pin="1"/><net_sink comp="108" pin=1"/></net>

</net_list>

</model> 
---------------- Datapath Model END ------------------

* FSMD analyzer results:
  - Output states:
	Port: gmem2 | {5 6 7 8 9 10 11 12 }
 - Input state : 
	Port: Loop_writeC_proc : p_read | {1 }
	Port: Loop_writeC_proc : p_read1 | {1 }
	Port: Loop_writeC_proc : c | {4 }
	Port: Loop_writeC_proc : localC | {6 7 }
	Port: Loop_writeC_proc : localC_1 | {6 7 }
	Port: Loop_writeC_proc : localC_2 | {6 7 }
	Port: Loop_writeC_proc : localC_3 | {6 7 }
	Port: Loop_writeC_proc : localC_4 | {6 7 }
	Port: Loop_writeC_proc : localC_5 | {6 7 }
	Port: Loop_writeC_proc : localC_6 | {6 7 }
	Port: Loop_writeC_proc : localC_7 | {6 7 }
	Port: Loop_writeC_proc : localC_8 | {6 7 }
	Port: Loop_writeC_proc : localC_9 | {6 7 }
	Port: Loop_writeC_proc : localC_10 | {6 7 }
	Port: Loop_writeC_proc : localC_11 | {6 7 }
	Port: Loop_writeC_proc : localC_12 | {6 7 }
	Port: Loop_writeC_proc : localC_13 | {6 7 }
	Port: Loop_writeC_proc : localC_14 | {6 7 }
	Port: Loop_writeC_proc : localC_15 | {6 7 }
  - Chain level:
	State 1
	State 2
	State 3
		trunc_ln240 : 1
	State 4
		select_ln240 : 1
	State 5
		gmem2_addr : 1
		empty : 2
	State 6
	State 7
	State 8
	State 9
	State 10
	State 11
	State 12


============================================================
+ Verbose Summary: Datapath Resource usage 
============================================================

* Functional unit list:
|----------|---------------------------------------------|---------|---------|---------|---------|
| Operation|               Functional Unit               |   DSP   |  Delay  |    FF   |   LUT   |
|----------|---------------------------------------------|---------|---------|---------|---------|
|   call   | grp_Loop_writeC_proc_Pipeline_writeC_fu_115 |    0    |  6.832  |   392   |   515   |
|----------|---------------------------------------------|---------|---------|---------|---------|
|    mul   |                  grp_fu_156                 |    3    |    0    |   165   |    49   |
|----------|---------------------------------------------|---------|---------|---------|---------|
|   icmp   |              icmp_ln240_fu_164              |    0    |    0    |    0    |    39   |
|----------|---------------------------------------------|---------|---------|---------|---------|
|  select  |             select_ln240_fu_179             |    0    |    0    |    0    |    31   |
|----------|---------------------------------------------|---------|---------|---------|---------|
|          |             p_read_5_read_fu_90             |    0    |    0    |    0    |    0    |
|   read   |             p_read_6_read_fu_96             |    0    |    0    |    0    |    0    |
|          |              c_read_read_fu_102             |    0    |    0    |    0    |    0    |
|----------|---------------------------------------------|---------|---------|---------|---------|
| writeresp|             grp_writeresp_fu_108            |    0    |    0    |    0    |    0    |
|----------|---------------------------------------------|---------|---------|---------|---------|
|   trunc  |              trunc_ln240_fu_160             |    0    |    0    |    0    |    0    |
|----------|---------------------------------------------|---------|---------|---------|---------|
|partselect|               trunc_ln_fu_169               |    0    |    0    |    0    |    0    |
|----------|---------------------------------------------|---------|---------|---------|---------|
|   sext   |              sext_ln240_fu_186              |    0    |    0    |    0    |    0    |
|----------|---------------------------------------------|---------|---------|---------|---------|
|   zext   |              zext_ln240_fu_196              |    0    |    0    |    0    |    0    |
|----------|---------------------------------------------|---------|---------|---------|---------|
|   Total  |                                             |    3    |  6.832  |   557   |   634   |
|----------|---------------------------------------------|---------|---------|---------|---------|

Memories:
N/A

* Register list:
+--------------------+--------+
|                    |   FF   |
+--------------------+--------+
| gmem2_addr_reg_233 |   16   |
|    mul36_reg_211   |   32   |
|  p_read_5_reg_200  |   32   |
|  p_read_6_reg_205  |   32   |
|select_ln240_reg_228|   31   |
| trunc_ln240_reg_217|   31   |
|  trunc_ln_reg_222  |   63   |
+--------------------+--------+
|        Total       |   237  |
+--------------------+--------+

* Multiplexer (MUX) list: 
|----------------------|------|------|------|--------||---------||---------|
|         Comp         |  Pin | Size |  BW  | S x BW ||  Delay  ||   LUT   |
|----------------------|------|------|------|--------||---------||---------|
| grp_writeresp_fu_108 |  p0  |   2  |   1  |    2   |
| grp_writeresp_fu_108 |  p1  |   2  |  16  |   32   ||    9    |
|----------------------|------|------|------|--------||---------||---------|
|         Total        |      |      |      |   34   ||  0.854  ||    9    |
|----------------------|------|------|------|--------||---------||---------|



* Summary:
+-----------+--------+--------+--------+--------+
|           |   DSP  |  Delay |   FF   |   LUT  |
+-----------+--------+--------+--------+--------+
|  Function |    3   |    6   |   557  |   634  |
|   Memory  |    -   |    -   |    -   |    -   |
|Multiplexer|    -   |    0   |    -   |    9   |
|  Register |    -   |    -   |   237  |    -   |
+-----------+--------+--------+--------+--------+
|   Total   |    3   |    7   |   794  |   643  |
+-----------+--------+--------+--------+--------+
