

================================================================
== Vitis HLS Report for 'Loop_writeC_proc'
================================================================
* Date:           Sun Apr 12 17:22:35 2026

* Version:        2023.2 (Build 4023990 on Oct 11 2023)
* Project:        hls_prj
* Solution:       s1 (Vivado IP Flow Target)
* Product family: zynquplus
* Target device:  xck26-sfvc784-2LV-c


================================================================
== Performance Estimates
================================================================
+ Timing: 
    * Summary: 
    +--------+---------+----------+------------+
    |  Clock |  Target | Estimated| Uncertainty|
    +--------+---------+----------+------------+
    |ap_clk  |  3.30 ns|  2.409 ns|     0.89 ns|
    +--------+---------+----------+------------+

+ Latency: 
    * Summary: 
    +---------+---------+----------+----------+------+------+---------+
    |  Latency (cycles) |  Latency (absolute) |   Interval  | Pipeline|
    |   min   |   max   |    min   |    max   |  min |  max |   Type  |
    +---------+---------+----------+----------+------+------+---------+
    |     2062|     2062|  6.805 us|  6.805 us|  2062|  2062|       no|
    +---------+---------+----------+----------+------+------+---------+

    + Detail: 
        * Instance: 
        N/A

        * Loop: 
        N/A

============================================================
+ Verbose Summary: Synthesis Manager
============================================================
InlineROM: 1
ExposeGlobal: 0
============================================================
+ Verbose Summary: CDFG Model
============================================================
IsTopModel: 0
ResetActiveHigh: 1
IsCombinational: 2
IsDatapathOnly: 0
HasWiredReturn: 1
HasMFsm: 0
HasVarLatency: 1
IsPipeline: 0
IsRtlPipelined: 0
IsInstanceOverlapped: 0
IsDontTouch: 0
HasImplIP: 0
IsGatedGlobalClock: 0


============================================================
+ Verbose Summary: Schedule
============================================================
* Number of FSM states : 12
* Pipeline : 0
* Dataflow Pipeline: 0

* FSM state transitions: 
1 --> 2 
2 --> 3 
3 --> 4 
4 --> 5 
5 --> 6 
6 --> 7 
7 --> 8 
8 --> 9 
9 --> 10 
10 --> 11 
11 --> 12 
12 --> 

* FSM state operations: 

State 1 <SV = 0> <Delay = 1.20>
ST_1 : Operation 13 [1/1] (1.20ns)   --->   "%p_read_5 = read i32 @_ssdm_op_Read.ap_auto.i32, i32 %p_read1"   --->   Operation 13 'read' 'p_read_5' <Predicate = true> <Delay = 1.20> <CoreInst = "FIFO_SRL">   --->   Core 81 'FIFO_SRL' <Latency = 0> <II = 1> <Delay = 1.83> <Storage> <Opcode : 'read' 'write' 'nbread' 'nbwrite'> <Ports = 0> <Width = -1> <Depth = -1> <FIFO>
ST_1 : Operation 14 [1/1] (1.20ns)   --->   "%p_read_6 = read i32 @_ssdm_op_Read.ap_auto.i32, i32 %p_read"   --->   Operation 14 'read' 'p_read_6' <Predicate = true> <Delay = 1.20> <CoreInst = "FIFO_SRL">   --->   Core 81 'FIFO_SRL' <Latency = 0> <II = 1> <Delay = 1.83> <Storage> <Opcode : 'read' 'write' 'nbread' 'nbwrite'> <Ports = 0> <Width = -1> <Depth = -1> <FIFO>

State 2 <SV = 1> <Delay = 2.36>
ST_2 : Operation 15 [2/2] (2.36ns)   --->   "%mul36 = mul i32 %p_read_6, i32 %p_read_5"   --->   Operation 15 'mul' 'mul36' <Predicate = true> <Delay = 2.36> <CoreInst = "Multiplier">   --->   Core 3 'Multiplier' <Latency = 1> <II = 1> <Delay = 2.36> <FuncUnit> <Opcode : 'mul'> <InPorts = 2> <OutPorts = 1>

State 3 <SV = 2> <Delay = 2.36>
ST_3 : Operation 16 [1/2] (2.36ns)   --->   "%mul36 = mul i32 %p_read_6, i32 %p_read_5"   --->   Operation 16 'mul' 'mul36' <Predicate = true> <Delay = 2.36> <CoreInst = "Multiplier">   --->   Core 3 'Multiplier' <Latency = 1> <II = 1> <Delay = 2.36> <FuncUnit> <Opcode : 'mul'> <InPorts = 2> <OutPorts = 1>
ST_3 : Operation 17 [1/1] (0.00ns)   --->   "%trunc_ln240 = trunc i32 %mul36" [mmult.cpp:240]   --->   Operation 17 'trunc' 'trunc_ln240' <Predicate = true> <Delay = 0.00>

State 4 <SV = 3> <Delay = 1.43>
ST_4 : Operation 18 [1/1] (1.20ns)   --->   "%c_read = read i64 @_ssdm_op_Read.ap_fifo.i64P0A, i64 %c"   --->   Operation 18 'read' 'c_read' <Predicate = true> <Delay = 1.20> <CoreInst = "FIFO_SRL">   --->   Core 81 'FIFO_SRL' <Latency = 0> <II = 1> <Delay = 1.83> <Storage> <Opcode : 'read' 'write' 'nbread' 'nbwrite'> <Ports = 0> <Width = 64> <Depth = 4> <FIFO>
ST_4 : Operation 19 [1/1] (1.01ns)   --->   "%icmp_ln240 = icmp_sgt  i32 %mul36, i32 0" [mmult.cpp:240]   --->   Operation 19 'icmp' 'icmp_ln240' <Predicate = true> <Delay = 1.01> <CoreInst = "Cmp">   --->   Core 9 'Cmp' <Latency = 0> <II = 1> <Delay = 1.01> <FuncUnit> <Opcode : 'icmp'> <InPorts = 2> <OutPorts = 1>
ST_4 : Operation 20 [1/1] (0.00ns)   --->   "%trunc_ln = partselect i63 @_ssdm_op_PartSelect.i63.i64.i32.i32, i64 %c_read, i32 1, i32 63" [mmult.cpp:240]   --->   Operation 20 'partselect' 'trunc_ln' <Predicate = true> <Delay = 0.00>
ST_4 : Operation 21 [1/1] (0.41ns)   --->   "%select_ln240 = select i1 %icmp_ln240, i31 %trunc_ln240, i31 0" [mmult.cpp:240]   --->   Operation 21 'select' 'select_ln240' <Predicate = true> <Delay = 0.41> <CoreInst = "Sel">   --->   Core 73 'Sel' <Latency = 0> <II = 1> <Delay = 0.41> <FuncUnit> <Opcode : 'select'> <InPorts = 3> <OutPorts = 1>

State 5 <SV = 4> <Delay = 2.40>
ST_5 : Operation 22 [1/1] (0.00ns)   --->   "%sext_ln240 = sext i63 %trunc_ln" [mmult.cpp:240]   --->   Operation 22 'sext' 'sext_ln240' <Predicate = true> <Delay = 0.00>
ST_5 : Operation 23 [1/1] (0.00ns)   --->   "%gmem2_addr = getelementptr i16 %gmem2, i64 %sext_ln240" [mmult.cpp:240]   --->   Operation 23 'getelementptr' 'gmem2_addr' <Predicate = true> <Delay = 0.00>
ST_5 : Operation 24 [1/1] (0.00ns)   --->   "%zext_ln240 = zext i31 %select_ln240" [mmult.cpp:240]   --->   Operation 24 'zext' 'zext_ln240' <Predicate = true> <Delay = 0.00>
ST_5 : Operation 25 [1/1] (2.40ns)   --->   "%empty = writereq i1 @_ssdm_op_WriteReq.m_axi.p1i16, i16 %gmem2_addr, i32 %zext_ln240" [mmult.cpp:240]   --->   Operation 25 'writereq' 'empty' <Predicate = true> <Delay = 2.40> <CoreInst = "m_axi">   --->   Core 121 'm_axi' <Latency = 0> <II = 1> <Delay = 1.00> <Adapter> <Opcode : 'read' 'write' 'readreq' 'writereq' 'writeresp'>

State 6 <SV = 5> <Delay = 0.00>
ST_6 : Operation 26 [2/2] (0.00ns)   --->   "%call_ln240 = call void @Loop_writeC_proc_Pipeline_writeC, i32 %mul36, i16 %gmem2, i63 %trunc_ln, i32 %p_read_6, i16 %localC, i16 %localC_1, i16 %localC_2, i16 %localC_3, i16 %localC_4, i16 %localC_5, i16 %localC_6, i16 %localC_7, i16 %localC_8, i16 %localC_9, i16 %localC_10, i16 %localC_11, i16 %localC_12, i16 %localC_13, i16 %localC_14, i16 %localC_15" [mmult.cpp:240]   --->   Operation 26 'call' 'call_ln240' <Predicate = true> <Delay = 0.00> <CoreType = "Generic">   --->   Core 0 '' <Latency = 0> <II = 1> <Delay = 1.00> <Generic> <Opcode : >

State 7 <SV = 6> <Delay = 0.00>
ST_7 : Operation 27 [1/2] (0.00ns)   --->   "%call_ln240 = call void @Loop_writeC_proc_Pipeline_writeC, i32 %mul36, i16 %gmem2, i63 %trunc_ln, i32 %p_read_6, i16 %localC, i16 %localC_1, i16 %localC_2, i16 %localC_3, i16 %localC_4, i16 %localC_5, i16 %localC_6, i16 %localC_7, i16 %localC_8, i16 %localC_9, i16 %localC_10, i16 %localC_11, i16 %localC_12, i16 %localC_13, i16 %localC_14, i16 %localC_15" [mmult.cpp:240]   --->   Operation 27 'call' 'call_ln240' <Predicate = true> <Delay = 0.00> <CoreType = "Generic">   --->   Core 0 '' <Latency = 0> <II = 1> <Delay = 1.00> <Generic> <Opcode : >

State 8 <SV = 7> <Delay = 2.40>
ST_8 : Operation 28 [5/5] (2.40ns)   --->   "%empty_63 = writeresp i1 @_ssdm_op_WriteResp.m_axi.p1i16, i16 %gmem2_addr" [mmult.cpp:248]   --->   Operation 28 'writeresp' 'empty_63' <Predicate = true> <Delay = 2.40> <CoreInst = "m_axi">   --->   Core 121 'm_axi' <Latency = 0> <II = 1> <Delay = 1.00> <Adapter> <Opcode : 'read' 'write' 'readreq' 'writereq' 'writeresp'>

State 9 <SV = 8> <Delay = 2.40>
ST_9 : Operation 29 [4/5] (2.40ns)   --->   "%empty_63 = writeresp i1 @_ssdm_op_WriteResp.m_axi.p1i16, i16 %gmem2_addr" [mmult.cpp:248]   --->   Operation 29 'writeresp' 'empty_63' <Predicate = true> <Delay = 2.40> <CoreInst = "m_axi">   --->   Core 121 'm_axi' <Latency = 0> <II = 1> <Delay = 1.00> <Adapter> <Opcode : 'read' 'write' 'readreq' 'writereq' 'writeresp'>

State 10 <SV = 9> <Delay = 2.40>
ST_10 : Operation 30 [3/5] (2.40ns)   --->   "%empty_63 = writeresp i1 @_ssdm_op_WriteResp.m_axi.p1i16, i16 %gmem2_addr" [mmult.cpp:248]   --->   Operation 30 'writeresp' 'empty_63' <Predicate = true> <Delay = 2.40> <CoreInst = "m_axi">   --->   Core 121 'm_axi' <Latency = 0> <II = 1> <Delay = 1.00> <Adapter> <Opcode : 'read' 'write' 'readreq' 'writereq' 'writeresp'>

State 11 <SV = 10> <Delay = 2.40>
ST_11 : Operation 31 [2/5] (2.40ns)   --->   "%empty_63 = writeresp i1 @_ssdm_op_WriteResp.m_axi.p1i16, i16 %gmem2_addr" [mmult.cpp:248]   --->   Operation 31 'writeresp' 'empty_63' <Predicate = true> <Delay = 2.40> <CoreInst = "m_axi">   --->   Core 121 'm_axi' <Latency = 0> <II = 1> <Delay = 1.00> <Adapter> <Opcode : 'read' 'write' 'readreq' 'writereq' 'writeresp'>

State 12 <SV = 11> <Delay = 2.40>
ST_12 : Operation 32 [1/1] (0.00ns)   --->   "%specinterface_ln0 = specinterface void @_ssdm_op_SpecInterface, i64 %c, void @ap_fifo_str, i32 0, i32 0, void @p_str, i32 0, i32 0, void @p_str, void @p_str, void @p_str, i32 2, i32 2, i32 16, i32 16, void @p_str, void @ScalarProp_str, i32 4294967295, i32 0"   --->   Operation 32 'specinterface' 'specinterface_ln0' <Predicate = true> <Delay = 0.00>
ST_12 : Operation 33 [1/1] (0.00ns)   --->   "%specmemcore_ln0 = specmemcore void @_ssdm_op_SpecMemCore, i16 %localC_15, i64 666, i64 27, i64 18446744073709551615"   --->   Operation 33 'specmemcore' 'specmemcore_ln0' <Predicate = true> <Delay = 0.00>
ST_12 : Operation 34 [1/1] (0.00ns)   --->   "%specmemcore_ln0 = specmemcore void @_ssdm_op_SpecMemCore, i16 %localC_14, i64 666, i64 27, i64 18446744073709551615"   --->   Operation 34 'specmemcore' 'specmemcore_ln0' <Predicate = true> <Delay = 0.00>
ST_12 : Operation 35 [1/1] (0.00ns)   --->   "%specmemcore_ln0 = specmemcore void @_ssdm_op_SpecMemCore, i16 %localC_13, i64 666, i64 27, i64 18446744073709551615"   --->   Operation 35 'specmemcore' 'specmemcore_ln0' <Predicate = true> <Delay = 0.00>
ST_12 : Operation 36 [1/1] (0.00ns)   --->   "%specmemcore_ln0 = specmemcore void @_ssdm_op_SpecMemCore, i16 %localC_12, i64 666, i64 27, i64 18446744073709551615"   --->   Operation 36 'specmemcore' 'specmemcore_ln0' <Predicate = true> <Delay = 0.00>
ST_12 : Operation 37 [1/1] (0.00ns)   --->   "%specmemcore_ln0 = specmemcore void @_ssdm_op_SpecMemCore, i16 %localC_11, i64 666, i64 27, i64 18446744073709551615"   --->   Operation 37 'specmemcore' 'specmemcore_ln0' <Predicate = true> <Delay = 0.00>
ST_12 : Operation 38 [1/1] (0.00ns)   --->   "%specmemcore_ln0 = specmemcore void @_ssdm_op_SpecMemCore, i16 %localC_10, i64 666, i64 27, i64 18446744073709551615"   --->   Operation 38 'specmemcore' 'specmemcore_ln0' <Predicate = true> <Delay = 0.00>
ST_12 : Operation 39 [1/1] (0.00ns)   --->   "%specmemcore_ln0 = specmemcore void @_ssdm_op_SpecMemCore, i16 %localC_9, i64 666, i64 27, i64 18446744073709551615"   --->   Operation 39 'specmemcore' 'specmemcore_ln0' <Predicate = true> <Delay = 0.00>
ST_12 : Operation 40 [1/1] (0.00ns)   --->   "%specmemcore_ln0 = specmemcore void @_ssdm_op_SpecMemCore, i16 %localC_8, i64 666, i64 27, i64 18446744073709551615"   --->   Operation 40 'specmemcore' 'specmemcore_ln0' <Predicate = true> <Delay = 0.00>
ST_12 : Operation 41 [1/1] (0.00ns)   --->   "%specmemcore_ln0 = specmemcore void @_ssdm_op_SpecMemCore, i16 %localC_7, i64 666, i64 27, i64 18446744073709551615"   --->   Operation 41 'specmemcore' 'specmemcore_ln0' <Predicate = true> <Delay = 0.00>
ST_12 : Operation 42 [1/1] (0.00ns)   --->   "%specmemcore_ln0 = specmemcore void @_ssdm_op_SpecMemCore, i16 %localC_6, i64 666, i64 27, i64 18446744073709551615"   --->   Operation 42 'specmemcore' 'specmemcore_ln0' <Predicate = true> <Delay = 0.00>
ST_12 : Operation 43 [1/1] (0.00ns)   --->   "%specmemcore_ln0 = specmemcore void @_ssdm_op_SpecMemCore, i16 %localC_5, i64 666, i64 27, i64 18446744073709551615"   --->   Operation 43 'specmemcore' 'specmemcore_ln0' <Predicate = true> <Delay = 0.00>
ST_12 : Operation 44 [1/1] (0.00ns)   --->   "%specmemcore_ln0 = specmemcore void @_ssdm_op_SpecMemCore, i16 %localC_4, i64 666, i64 27, i64 18446744073709551615"   --->   Operation 44 'specmemcore' 'specmemcore_ln0' <Predicate = true> <Delay = 0.00>
ST_12 : Operation 45 [1/1] (0.00ns)   --->   "%specmemcore_ln0 = specmemcore void @_ssdm_op_SpecMemCore, i16 %localC_3, i64 666, i64 27, i64 18446744073709551615"   --->   Operation 45 'specmemcore' 'specmemcore_ln0' <Predicate = true> <Delay = 0.00>
ST_12 : Operation 46 [1/1] (0.00ns)   --->   "%specmemcore_ln0 = specmemcore void @_ssdm_op_SpecMemCore, i16 %localC_2, i64 666, i64 27, i64 18446744073709551615"   --->   Operation 46 'specmemcore' 'specmemcore_ln0' <Predicate = true> <Delay = 0.00>
ST_12 : Operation 47 [1/1] (0.00ns)   --->   "%specmemcore_ln0 = specmemcore void @_ssdm_op_SpecMemCore, i16 %localC_1, i64 666, i64 27, i64 18446744073709551615"   --->   Operation 47 'specmemcore' 'specmemcore_ln0' <Predicate = true> <Delay = 0.00>
ST_12 : Operation 48 [1/1] (0.00ns)   --->   "%specmemcore_ln0 = specmemcore void @_ssdm_op_SpecMemCore, i16 %localC, i64 666, i64 27, i64 18446744073709551615"   --->   Operation 48 'specmemcore' 'specmemcore_ln0' <Predicate = true> <Delay = 0.00>
ST_12 : Operation 49 [1/1] (0.00ns)   --->   "%specinterface_ln0 = specinterface void @_ssdm_op_SpecInterface, i16 %gmem2, void @empty_4, i32 0, i32 0, void @empty_5, i32 0, i32 0, void @empty_15, void @empty_7, void @empty_5, i32 16, i32 16, i32 16, i32 16, void @empty_5, void @empty_5, i32 4294967295, i32 0"   --->   Operation 49 'specinterface' 'specinterface_ln0' <Predicate = true> <Delay = 0.00>
ST_12 : Operation 50 [1/5] (2.40ns)   --->   "%empty_63 = writeresp i1 @_ssdm_op_WriteResp.m_axi.p1i16, i16 %gmem2_addr" [mmult.cpp:248]   --->   Operation 50 'writeresp' 'empty_63' <Predicate = true> <Delay = 2.40> <CoreInst = "m_axi">   --->   Core 121 'm_axi' <Latency = 0> <II = 1> <Delay = 1.00> <Adapter> <Opcode : 'read' 'write' 'readreq' 'writereq' 'writeresp'>
ST_12 : Operation 51 [1/1] (0.00ns)   --->   "%ret_ln0 = ret"   --->   Operation 51 'ret' 'ret_ln0' <Predicate = true> <Delay = 0.00>


============================================================
+ Verbose Summary: Timing violations
============================================================
Target clock period: 3.300ns, clock uncertainty: 0.891ns.

 <State 1>: 1.204ns
The critical path consists of the following:
	wire read operation ('p_read_5') on port 'p_read1' [22]  (1.204 ns)

 <State 2>: 2.365ns
The critical path consists of the following:
	'mul' operation 32 bit ('mul36') [42]  (2.365 ns)

 <State 3>: 2.365ns
The critical path consists of the following:
	'mul' operation 32 bit ('mul36') [42]  (2.365 ns)

 <State 4>: 1.434ns
The critical path consists of the following:
	'icmp' operation 1 bit ('icmp_ln240', mmult.cpp:240) [44]  (1.016 ns)
	'select' operation 31 bit ('select_ln240', mmult.cpp:240) [48]  (0.418 ns)

 <State 5>: 2.409ns
The critical path consists of the following:
	'getelementptr' operation 16 bit ('gmem2_addr', mmult.cpp:240) [47]  (0.000 ns)
	bus request operation ('empty', mmult.cpp:240) on port 'gmem2' (mmult.cpp:240) [50]  (2.409 ns)

 <State 6>: 0.000ns
The critical path consists of the following:

 <State 7>: 0.000ns
The critical path consists of the following:

 <State 8>: 2.409ns
The critical path consists of the following:
	bus response operation ('empty_63', mmult.cpp:248) on port 'gmem2' (mmult.cpp:248) [52]  (2.409 ns)

 <State 9>: 2.409ns
The critical path consists of the following:
	bus response operation ('empty_63', mmult.cpp:248) on port 'gmem2' (mmult.cpp:248) [52]  (2.409 ns)

 <State 10>: 2.409ns
The critical path consists of the following:
	bus response operation ('empty_63', mmult.cpp:248) on port 'gmem2' (mmult.cpp:248) [52]  (2.409 ns)

 <State 11>: 2.409ns
The critical path consists of the following:
	bus response operation ('empty_63', mmult.cpp:248) on port 'gmem2' (mmult.cpp:248) [52]  (2.409 ns)

 <State 12>: 2.409ns
The critical path consists of the following:
	bus response operation ('empty_63', mmult.cpp:248) on port 'gmem2' (mmult.cpp:248) [52]  (2.409 ns)


============================================================
+ Verbose Summary: Binding
============================================================
N/A
* FSMD analyzer results:
  - Output states:
 - Input state : 
  - Chain level:
	State 1
	State 2
	State 3
	State 4
	State 5
	State 6
	State 7
	State 8
	State 9
	State 10
	State 11
	State 12


============================================================
+ Verbose Summary: Datapath Resource usage 
============================================================
N/A
