

================================================================
== Vitis HLS Report for 'Loop_readB_proc_Pipeline_readB'
================================================================
* Date:           Sun Apr 12 15:51:17 2026

* Version:        2023.2 (Build 4023990 on Oct 11 2023)
* Project:        hls_prj
* Solution:       s1 (Vivado IP Flow Target)
* Product family: zynquplus
* Target device:  xck26-sfvc784-2LV-c


================================================================
== Performance Estimates
================================================================
+ Timing: 
    * Summary: 
    +--------+---------+----------+------------+
    |  Clock |  Target | Estimated| Uncertainty|
    +--------+---------+----------+------------+
    |ap_clk  |  3.30 ns|  2.409 ns|     0.89 ns|
    +--------+---------+----------+------------+

+ Latency: 
    * Summary: 
    +---------+---------+----------+----------+------+------+---------+
    |  Latency (cycles) |  Latency (absolute) |   Interval  | Pipeline|
    |   min   |   max   |    min   |    max   |  min |  max |   Type  |
    +---------+---------+----------+----------+------+------+---------+
    |     2050|     2050|  6.765 us|  6.765 us|  2050|  2050|       no|
    +---------+---------+----------+----------+------+------+---------+

    + Detail: 
        * Instance: 
        N/A

        * Loop: 
        +----------+---------+---------+----------+-----------+-----------+------+----------+
        |          |  Latency (cycles) | Iteration|  Initiation Interval  | Trip |          |
        | Loop Name|   min   |   max   |  Latency |  achieved |   target  | Count| Pipelined|
        +----------+---------+---------+----------+-----------+-----------+------+----------+
        |- readB   |     2048|     2048|         3|          2|          1|  1024|       yes|
        +----------+---------+---------+----------+-----------+-----------+------+----------+

============================================================
+ Verbose Summary: Synthesis Manager
============================================================
InlineROM: 1
ExposeGlobal: 0
============================================================
+ Verbose Summary: CDFG Model
============================================================
IsTopModel: 0
ResetActiveHigh: 1
IsCombinational: 0
IsDatapathOnly: 0
HasWiredReturn: 1
HasMFsm: 2
HasVarLatency: 1
IsPipeline: 0
IsRtlPipelined: 0
IsInstanceOverlapped: 0
IsDontTouch: 0
HasImplIP: 0
IsGatedGlobalClock: 0

+ Individual pipeline summary: 
  * Pipeline-0: initiation interval (II) = 2, depth = 4


============================================================
+ Verbose Summary: Schedule
============================================================
* Number of FSM states : 4
* Pipeline : 1
  Pipeline-0 : II = 2, D = 4, States = { 1 2 3 4 }
* Dataflow Pipeline: 0

* FSM state transitions: 
1 --> 2 
2 --> 3 
3 --> 4 
4 --> 

* FSM state operations: 

State 1 <SV = 0> <Delay = 0.42>
ST_1 : Operation 6 [1/1] (0.00ns)   --->   "%j_2 = alloca i32 1" [mmult.cpp:186]   --->   Operation 6 'alloca' 'j_2' <Predicate = true> <Delay = 0.00>
ST_1 : Operation 7 [1/1] (0.00ns)   --->   "%i = alloca i32 1" [mmult.cpp:186]   --->   Operation 7 'alloca' 'i' <Predicate = true> <Delay = 0.00>
ST_1 : Operation 8 [1/1] (0.00ns)   --->   "%loc = alloca i32 1"   --->   Operation 8 'alloca' 'loc' <Predicate = true> <Delay = 0.00>
ST_1 : Operation 9 [1/1] (0.00ns)   --->   "%specmemcore_ln0 = specmemcore void @_ssdm_op_SpecMemCore, i8 %localB, i64 666, i64 23, i64 18446744073709551615"   --->   Operation 9 'specmemcore' 'specmemcore_ln0' <Predicate = true> <Delay = 0.00>
ST_1 : Operation 10 [1/1] (0.00ns)   --->   "%specmemcore_ln0 = specmemcore void @_ssdm_op_SpecMemCore, i8 %localB_32, i64 666, i64 23, i64 18446744073709551615"   --->   Operation 10 'specmemcore' 'specmemcore_ln0' <Predicate = true> <Delay = 0.00>
ST_1 : Operation 11 [1/1] (0.00ns)   --->   "%specmemcore_ln0 = specmemcore void @_ssdm_op_SpecMemCore, i8 %localB_33, i64 666, i64 23, i64 18446744073709551615"   --->   Operation 11 'specmemcore' 'specmemcore_ln0' <Predicate = true> <Delay = 0.00>
ST_1 : Operation 12 [1/1] (0.00ns)   --->   "%specmemcore_ln0 = specmemcore void @_ssdm_op_SpecMemCore, i8 %localB_34, i64 666, i64 23, i64 18446744073709551615"   --->   Operation 12 'specmemcore' 'specmemcore_ln0' <Predicate = true> <Delay = 0.00>
ST_1 : Operation 13 [1/1] (0.00ns)   --->   "%specmemcore_ln0 = specmemcore void @_ssdm_op_SpecMemCore, i8 %localB_35, i64 666, i64 23, i64 18446744073709551615"   --->   Operation 13 'specmemcore' 'specmemcore_ln0' <Predicate = true> <Delay = 0.00>
ST_1 : Operation 14 [1/1] (0.00ns)   --->   "%specmemcore_ln0 = specmemcore void @_ssdm_op_SpecMemCore, i8 %localB_36, i64 666, i64 23, i64 18446744073709551615"   --->   Operation 14 'specmemcore' 'specmemcore_ln0' <Predicate = true> <Delay = 0.00>
ST_1 : Operation 15 [1/1] (0.00ns)   --->   "%specmemcore_ln0 = specmemcore void @_ssdm_op_SpecMemCore, i8 %localB_37, i64 666, i64 23, i64 18446744073709551615"   --->   Operation 15 'specmemcore' 'specmemcore_ln0' <Predicate = true> <Delay = 0.00>
ST_1 : Operation 16 [1/1] (0.00ns)   --->   "%specmemcore_ln0 = specmemcore void @_ssdm_op_SpecMemCore, i8 %localB_38, i64 666, i64 23, i64 18446744073709551615"   --->   Operation 16 'specmemcore' 'specmemcore_ln0' <Predicate = true> <Delay = 0.00>
ST_1 : Operation 17 [1/1] (0.00ns)   --->   "%specmemcore_ln0 = specmemcore void @_ssdm_op_SpecMemCore, i8 %localB_39, i64 666, i64 23, i64 18446744073709551615"   --->   Operation 17 'specmemcore' 'specmemcore_ln0' <Predicate = true> <Delay = 0.00>
ST_1 : Operation 18 [1/1] (0.00ns)   --->   "%specmemcore_ln0 = specmemcore void @_ssdm_op_SpecMemCore, i8 %localB_40, i64 666, i64 23, i64 18446744073709551615"   --->   Operation 18 'specmemcore' 'specmemcore_ln0' <Predicate = true> <Delay = 0.00>
ST_1 : Operation 19 [1/1] (0.00ns)   --->   "%specmemcore_ln0 = specmemcore void @_ssdm_op_SpecMemCore, i8 %localB_41, i64 666, i64 23, i64 18446744073709551615"   --->   Operation 19 'specmemcore' 'specmemcore_ln0' <Predicate = true> <Delay = 0.00>
ST_1 : Operation 20 [1/1] (0.00ns)   --->   "%specmemcore_ln0 = specmemcore void @_ssdm_op_SpecMemCore, i8 %localB_42, i64 666, i64 23, i64 18446744073709551615"   --->   Operation 20 'specmemcore' 'specmemcore_ln0' <Predicate = true> <Delay = 0.00>
ST_1 : Operation 21 [1/1] (0.00ns)   --->   "%specmemcore_ln0 = specmemcore void @_ssdm_op_SpecMemCore, i8 %localB_43, i64 666, i64 23, i64 18446744073709551615"   --->   Operation 21 'specmemcore' 'specmemcore_ln0' <Predicate = true> <Delay = 0.00>
ST_1 : Operation 22 [1/1] (0.00ns)   --->   "%specmemcore_ln0 = specmemcore void @_ssdm_op_SpecMemCore, i8 %localB_44, i64 666, i64 23, i64 18446744073709551615"   --->   Operation 22 'specmemcore' 'specmemcore_ln0' <Predicate = true> <Delay = 0.00>
ST_1 : Operation 23 [1/1] (0.00ns)   --->   "%specmemcore_ln0 = specmemcore void @_ssdm_op_SpecMemCore, i8 %localB_45, i64 666, i64 23, i64 18446744073709551615"   --->   Operation 23 'specmemcore' 'specmemcore_ln0' <Predicate = true> <Delay = 0.00>
ST_1 : Operation 24 [1/1] (0.00ns)   --->   "%specmemcore_ln0 = specmemcore void @_ssdm_op_SpecMemCore, i8 %localB_46, i64 666, i64 23, i64 18446744073709551615"   --->   Operation 24 'specmemcore' 'specmemcore_ln0' <Predicate = true> <Delay = 0.00>
ST_1 : Operation 25 [1/1] (0.00ns)   --->   "%specmemcore_ln0 = specmemcore void @_ssdm_op_SpecMemCore, i8 %localB_47, i64 666, i64 23, i64 18446744073709551615"   --->   Operation 25 'specmemcore' 'specmemcore_ln0' <Predicate = true> <Delay = 0.00>
ST_1 : Operation 26 [1/1] (0.00ns)   --->   "%specmemcore_ln0 = specmemcore void @_ssdm_op_SpecMemCore, i8 %localB_48, i64 666, i64 23, i64 18446744073709551615"   --->   Operation 26 'specmemcore' 'specmemcore_ln0' <Predicate = true> <Delay = 0.00>
ST_1 : Operation 27 [1/1] (0.00ns)   --->   "%specmemcore_ln0 = specmemcore void @_ssdm_op_SpecMemCore, i8 %localB_49, i64 666, i64 23, i64 18446744073709551615"   --->   Operation 27 'specmemcore' 'specmemcore_ln0' <Predicate = true> <Delay = 0.00>
ST_1 : Operation 28 [1/1] (0.00ns)   --->   "%specmemcore_ln0 = specmemcore void @_ssdm_op_SpecMemCore, i8 %localB_50, i64 666, i64 23, i64 18446744073709551615"   --->   Operation 28 'specmemcore' 'specmemcore_ln0' <Predicate = true> <Delay = 0.00>
ST_1 : Operation 29 [1/1] (0.00ns)   --->   "%specmemcore_ln0 = specmemcore void @_ssdm_op_SpecMemCore, i8 %localB_51, i64 666, i64 23, i64 18446744073709551615"   --->   Operation 29 'specmemcore' 'specmemcore_ln0' <Predicate = true> <Delay = 0.00>
ST_1 : Operation 30 [1/1] (0.00ns)   --->   "%specmemcore_ln0 = specmemcore void @_ssdm_op_SpecMemCore, i8 %localB_52, i64 666, i64 23, i64 18446744073709551615"   --->   Operation 30 'specmemcore' 'specmemcore_ln0' <Predicate = true> <Delay = 0.00>
ST_1 : Operation 31 [1/1] (0.00ns)   --->   "%specmemcore_ln0 = specmemcore void @_ssdm_op_SpecMemCore, i8 %localB_53, i64 666, i64 23, i64 18446744073709551615"   --->   Operation 31 'specmemcore' 'specmemcore_ln0' <Predicate = true> <Delay = 0.00>
ST_1 : Operation 32 [1/1] (0.00ns)   --->   "%specmemcore_ln0 = specmemcore void @_ssdm_op_SpecMemCore, i8 %localB_54, i64 666, i64 23, i64 18446744073709551615"   --->   Operation 32 'specmemcore' 'specmemcore_ln0' <Predicate = true> <Delay = 0.00>
ST_1 : Operation 33 [1/1] (0.00ns)   --->   "%specmemcore_ln0 = specmemcore void @_ssdm_op_SpecMemCore, i8 %localB_55, i64 666, i64 23, i64 18446744073709551615"   --->   Operation 33 'specmemcore' 'specmemcore_ln0' <Predicate = true> <Delay = 0.00>
ST_1 : Operation 34 [1/1] (0.00ns)   --->   "%specmemcore_ln0 = specmemcore void @_ssdm_op_SpecMemCore, i8 %localB_56, i64 666, i64 23, i64 18446744073709551615"   --->   Operation 34 'specmemcore' 'specmemcore_ln0' <Predicate = true> <Delay = 0.00>
ST_1 : Operation 35 [1/1] (0.00ns)   --->   "%specmemcore_ln0 = specmemcore void @_ssdm_op_SpecMemCore, i8 %localB_57, i64 666, i64 23, i64 18446744073709551615"   --->   Operation 35 'specmemcore' 'specmemcore_ln0' <Predicate = true> <Delay = 0.00>
ST_1 : Operation 36 [1/1] (0.00ns)   --->   "%specmemcore_ln0 = specmemcore void @_ssdm_op_SpecMemCore, i8 %localB_58, i64 666, i64 23, i64 18446744073709551615"   --->   Operation 36 'specmemcore' 'specmemcore_ln0' <Predicate = true> <Delay = 0.00>
ST_1 : Operation 37 [1/1] (0.00ns)   --->   "%specmemcore_ln0 = specmemcore void @_ssdm_op_SpecMemCore, i8 %localB_59, i64 666, i64 23, i64 18446744073709551615"   --->   Operation 37 'specmemcore' 'specmemcore_ln0' <Predicate = true> <Delay = 0.00>
ST_1 : Operation 38 [1/1] (0.00ns)   --->   "%specmemcore_ln0 = specmemcore void @_ssdm_op_SpecMemCore, i8 %localB_60, i64 666, i64 23, i64 18446744073709551615"   --->   Operation 38 'specmemcore' 'specmemcore_ln0' <Predicate = true> <Delay = 0.00>
ST_1 : Operation 39 [1/1] (0.00ns)   --->   "%specmemcore_ln0 = specmemcore void @_ssdm_op_SpecMemCore, i8 %localB_61, i64 666, i64 23, i64 18446744073709551615"   --->   Operation 39 'specmemcore' 'specmemcore_ln0' <Predicate = true> <Delay = 0.00>
ST_1 : Operation 40 [1/1] (0.00ns)   --->   "%specmemcore_ln0 = specmemcore void @_ssdm_op_SpecMemCore, i8 %localB_62, i64 666, i64 23, i64 18446744073709551615"   --->   Operation 40 'specmemcore' 'specmemcore_ln0' <Predicate = true> <Delay = 0.00>
ST_1 : Operation 41 [1/1] (0.00ns)   --->   "%specinterface_ln0 = specinterface void @_ssdm_op_SpecInterface, i8 %gmem1, void @empty_5, i32 0, i32 0, void @empty_4, i32 0, i32 0, void @empty_1, void @empty_2, void @empty_4, i32 16, i32 16, i32 16, i32 16, void @empty_4, void @empty_4, i32 4294967295, i32 0"   --->   Operation 41 'specinterface' 'specinterface_ln0' <Predicate = true> <Delay = 0.00>
ST_1 : Operation 42 [1/1] (0.00ns)   --->   "%b_col_read = read i32 @_ssdm_op_Read.ap_auto.i32, i32 %b_col"   --->   Operation 42 'read' 'b_col_read' <Predicate = true> <Delay = 0.00>
ST_1 : Operation 43 [1/1] (0.00ns)   --->   "%b_read = read i64 @_ssdm_op_Read.ap_auto.i64, i64 %b"   --->   Operation 43 'read' 'b_read' <Predicate = true> <Delay = 0.00>
ST_1 : Operation 44 [1/1] (0.00ns)   --->   "%mul12_read = read i32 @_ssdm_op_Read.ap_auto.i32, i32 %mul12"   --->   Operation 44 'read' 'mul12_read' <Predicate = true> <Delay = 0.00>
ST_1 : Operation 45 [1/1] (0.42ns)   --->   "%store_ln0 = store i31 0, i31 %loc"   --->   Operation 45 'store' 'store_ln0' <Predicate = true> <Delay = 0.42>
ST_1 : Operation 46 [1/1] (0.42ns)   --->   "%store_ln186 = store i32 0, i32 %i" [mmult.cpp:186]   --->   Operation 46 'store' 'store_ln186' <Predicate = true> <Delay = 0.42>
ST_1 : Operation 47 [1/1] (0.42ns)   --->   "%store_ln186 = store i32 0, i32 %j_2" [mmult.cpp:186]   --->   Operation 47 'store' 'store_ln186' <Predicate = true> <Delay = 0.42>
ST_1 : Operation 48 [1/1] (0.00ns)   --->   "%br_ln0 = br void %for.cond11"   --->   Operation 48 'br' 'br_ln0' <Predicate = true> <Delay = 0.00>

State 2 <SV = 1> <Delay = 2.20>
ST_2 : Operation 49 [1/1] (0.00ns)   --->   "%loc_load = load i31 %loc" [mmult.cpp:186]   --->   Operation 49 'load' 'loc_load' <Predicate = true> <Delay = 0.00>
ST_2 : Operation 50 [1/1] (0.00ns)   --->   "%zext_ln186 = zext i31 %loc_load" [mmult.cpp:186]   --->   Operation 50 'zext' 'zext_ln186' <Predicate = true> <Delay = 0.00>
ST_2 : Operation 51 [1/1] (1.01ns)   --->   "%icmp_ln186 = icmp_slt  i32 %zext_ln186, i32 %mul12_read" [mmult.cpp:186]   --->   Operation 51 'icmp' 'icmp_ln186' <Predicate = true> <Delay = 1.01> <CoreInst = "Cmp">   --->   Core 9 'Cmp' <Latency = 0> <II = 1> <Delay = 1.01> <FuncUnit> <Opcode : 'icmp'> <InPorts = 2> <OutPorts = 1>
ST_2 : Operation 52 [1/1] (1.00ns)   --->   "%add_ln186 = add i31 %loc_load, i31 1" [mmult.cpp:186]   --->   Operation 52 'add' 'add_ln186' <Predicate = true> <Delay = 1.00> <CoreInst = "Adder">   --->   Core 1 'Adder' <Latency = 0> <II = 1> <Delay = 1.00> <FuncUnit> <Opcode : 'add' 'sub'> <InPorts = 2> <OutPorts = 1>
ST_2 : Operation 53 [1/1] (0.00ns)   --->   "%br_ln186 = br i1 %icmp_ln186, void %for.end49.exitStub.exitStub, void %for.body15" [mmult.cpp:186]   --->   Operation 53 'br' 'br_ln186' <Predicate = true> <Delay = 0.00>
ST_2 : Operation 54 [1/1] (0.00ns)   --->   "%j_2_load = load i32 %j_2" [mmult.cpp:188]   --->   Operation 54 'load' 'j_2_load' <Predicate = (icmp_ln186)> <Delay = 0.00>
ST_2 : Operation 55 [1/1] (0.00ns)   --->   "%gmem1_addr = getelementptr i8 %gmem1, i64 %b_read" [mmult.cpp:186]   --->   Operation 55 'getelementptr' 'gmem1_addr' <Predicate = (icmp_ln186)> <Delay = 0.00>
ST_2 : Operation 56 [1/1] (1.01ns)   --->   "%icmp_ln188 = icmp_eq  i32 %j_2_load, i32 %b_col_read" [mmult.cpp:188]   --->   Operation 56 'icmp' 'icmp_ln188' <Predicate = (icmp_ln186)> <Delay = 1.01> <CoreInst = "Cmp">   --->   Core 9 'Cmp' <Latency = 0> <II = 1> <Delay = 1.01> <FuncUnit> <Opcode : 'icmp'> <InPorts = 2> <OutPorts = 1>
ST_2 : Operation 57 [1/1] (0.44ns)   --->   "%j = select i1 %icmp_ln188, i32 0, i32 %j_2_load" [mmult.cpp:188]   --->   Operation 57 'select' 'j' <Predicate = (icmp_ln186)> <Delay = 0.44> <CoreInst = "Sel">   --->   Core 73 'Sel' <Latency = 0> <II = 1> <Delay = 0.44> <FuncUnit> <Opcode : 'select'> <InPorts = 3> <OutPorts = 1>
ST_2 : Operation 58 [1/1] (0.00ns)   --->   "%trunc_ln186 = trunc i32 %j" [mmult.cpp:186]   --->   Operation 58 'trunc' 'trunc_ln186' <Predicate = (icmp_ln186)> <Delay = 0.00>
ST_2 : Operation 59 [1/1] (0.74ns)   --->   "%switch_ln192 = switch i5 %trunc_ln186, void %arrayidx253.0.0.02.case.31, i5 0, void %arrayidx253.0.0.02.case.0, i5 1, void %arrayidx253.0.0.02.case.1, i5 2, void %arrayidx253.0.0.02.case.2, i5 3, void %arrayidx253.0.0.02.case.3, i5 4, void %arrayidx253.0.0.02.case.4, i5 5, void %arrayidx253.0.0.02.case.5, i5 6, void %arrayidx253.0.0.02.case.6, i5 7, void %arrayidx253.0.0.02.case.7, i5 8, void %arrayidx253.0.0.02.case.8, i5 9, void %arrayidx253.0.0.02.case.9, i5 10, void %arrayidx253.0.0.02.case.10, i5 11, void %arrayidx253.0.0.02.case.11, i5 12, void %arrayidx253.0.0.02.case.12, i5 13, void %arrayidx253.0.0.02.case.13, i5 14, void %arrayidx253.0.0.02.case.14, i5 15, void %arrayidx253.0.0.02.case.15, i5 16, void %arrayidx253.0.0.02.case.16, i5 17, void %arrayidx253.0.0.02.case.17, i5 18, void %arrayidx253.0.0.02.case.18, i5 19, void %arrayidx253.0.0.02.case.19, i5 20, void %arrayidx253.0.0.02.case.20, i5 21, void %arrayidx253.0.0.02.case.21, i5 22, void %arrayidx253.0.0.02.case.22, i5 23, void %arrayidx253.0.0.02.case.23, i5 24, void %arrayidx253.0.0.02.case.24, i5 25, void %arrayidx253.0.0.02.case.25, i5 26, void %arrayidx253.0.0.02.case.26, i5 27, void %arrayidx253.0.0.02.case.27, i5 28, void %arrayidx253.0.0.02.case.28, i5 29, void %arrayidx253.0.0.02.case.29, i5 30, void %arrayidx253.0.0.02.case.30" [mmult.cpp:192]   --->   Operation 59 'switch' 'switch_ln192' <Predicate = (icmp_ln186)> <Delay = 0.74>
ST_2 : Operation 60 [1/1] (0.00ns)   --->   "%br_ln192 = br void %arrayidx253.0.0.02.exit" [mmult.cpp:192]   --->   Operation 60 'br' 'br_ln192' <Predicate = (icmp_ln186 & trunc_ln186 == 30)> <Delay = 0.00>
ST_2 : Operation 61 [1/1] (0.00ns)   --->   "%br_ln192 = br void %arrayidx253.0.0.02.exit" [mmult.cpp:192]   --->   Operation 61 'br' 'br_ln192' <Predicate = (icmp_ln186 & trunc_ln186 == 29)> <Delay = 0.00>
ST_2 : Operation 62 [1/1] (0.00ns)   --->   "%br_ln192 = br void %arrayidx253.0.0.02.exit" [mmult.cpp:192]   --->   Operation 62 'br' 'br_ln192' <Predicate = (icmp_ln186 & trunc_ln186 == 28)> <Delay = 0.00>
ST_2 : Operation 63 [1/1] (0.00ns)   --->   "%br_ln192 = br void %arrayidx253.0.0.02.exit" [mmult.cpp:192]   --->   Operation 63 'br' 'br_ln192' <Predicate = (icmp_ln186 & trunc_ln186 == 27)> <Delay = 0.00>
ST_2 : Operation 64 [1/1] (0.00ns)   --->   "%br_ln192 = br void %arrayidx253.0.0.02.exit" [mmult.cpp:192]   --->   Operation 64 'br' 'br_ln192' <Predicate = (icmp_ln186 & trunc_ln186 == 26)> <Delay = 0.00>
ST_2 : Operation 65 [1/1] (0.00ns)   --->   "%br_ln192 = br void %arrayidx253.0.0.02.exit" [mmult.cpp:192]   --->   Operation 65 'br' 'br_ln192' <Predicate = (icmp_ln186 & trunc_ln186 == 25)> <Delay = 0.00>
ST_2 : Operation 66 [1/1] (0.00ns)   --->   "%br_ln192 = br void %arrayidx253.0.0.02.exit" [mmult.cpp:192]   --->   Operation 66 'br' 'br_ln192' <Predicate = (icmp_ln186 & trunc_ln186 == 24)> <Delay = 0.00>
ST_2 : Operation 67 [1/1] (0.00ns)   --->   "%br_ln192 = br void %arrayidx253.0.0.02.exit" [mmult.cpp:192]   --->   Operation 67 'br' 'br_ln192' <Predicate = (icmp_ln186 & trunc_ln186 == 23)> <Delay = 0.00>
ST_2 : Operation 68 [1/1] (0.00ns)   --->   "%br_ln192 = br void %arrayidx253.0.0.02.exit" [mmult.cpp:192]   --->   Operation 68 'br' 'br_ln192' <Predicate = (icmp_ln186 & trunc_ln186 == 22)> <Delay = 0.00>
ST_2 : Operation 69 [1/1] (0.00ns)   --->   "%br_ln192 = br void %arrayidx253.0.0.02.exit" [mmult.cpp:192]   --->   Operation 69 'br' 'br_ln192' <Predicate = (icmp_ln186 & trunc_ln186 == 21)> <Delay = 0.00>
ST_2 : Operation 70 [1/1] (0.00ns)   --->   "%br_ln192 = br void %arrayidx253.0.0.02.exit" [mmult.cpp:192]   --->   Operation 70 'br' 'br_ln192' <Predicate = (icmp_ln186 & trunc_ln186 == 20)> <Delay = 0.00>
ST_2 : Operation 71 [1/1] (0.00ns)   --->   "%br_ln192 = br void %arrayidx253.0.0.02.exit" [mmult.cpp:192]   --->   Operation 71 'br' 'br_ln192' <Predicate = (icmp_ln186 & trunc_ln186 == 19)> <Delay = 0.00>
ST_2 : Operation 72 [1/1] (0.00ns)   --->   "%br_ln192 = br void %arrayidx253.0.0.02.exit" [mmult.cpp:192]   --->   Operation 72 'br' 'br_ln192' <Predicate = (icmp_ln186 & trunc_ln186 == 18)> <Delay = 0.00>
ST_2 : Operation 73 [1/1] (0.00ns)   --->   "%br_ln192 = br void %arrayidx253.0.0.02.exit" [mmult.cpp:192]   --->   Operation 73 'br' 'br_ln192' <Predicate = (icmp_ln186 & trunc_ln186 == 17)> <Delay = 0.00>
ST_2 : Operation 74 [1/1] (0.00ns)   --->   "%br_ln192 = br void %arrayidx253.0.0.02.exit" [mmult.cpp:192]   --->   Operation 74 'br' 'br_ln192' <Predicate = (icmp_ln186 & trunc_ln186 == 16)> <Delay = 0.00>
ST_2 : Operation 75 [1/1] (0.00ns)   --->   "%br_ln192 = br void %arrayidx253.0.0.02.exit" [mmult.cpp:192]   --->   Operation 75 'br' 'br_ln192' <Predicate = (icmp_ln186 & trunc_ln186 == 15)> <Delay = 0.00>
ST_2 : Operation 76 [1/1] (0.00ns)   --->   "%br_ln192 = br void %arrayidx253.0.0.02.exit" [mmult.cpp:192]   --->   Operation 76 'br' 'br_ln192' <Predicate = (icmp_ln186 & trunc_ln186 == 14)> <Delay = 0.00>
ST_2 : Operation 77 [1/1] (0.00ns)   --->   "%br_ln192 = br void %arrayidx253.0.0.02.exit" [mmult.cpp:192]   --->   Operation 77 'br' 'br_ln192' <Predicate = (icmp_ln186 & trunc_ln186 == 13)> <Delay = 0.00>
ST_2 : Operation 78 [1/1] (0.00ns)   --->   "%br_ln192 = br void %arrayidx253.0.0.02.exit" [mmult.cpp:192]   --->   Operation 78 'br' 'br_ln192' <Predicate = (icmp_ln186 & trunc_ln186 == 12)> <Delay = 0.00>
ST_2 : Operation 79 [1/1] (0.00ns)   --->   "%br_ln192 = br void %arrayidx253.0.0.02.exit" [mmult.cpp:192]   --->   Operation 79 'br' 'br_ln192' <Predicate = (icmp_ln186 & trunc_ln186 == 11)> <Delay = 0.00>
ST_2 : Operation 80 [1/1] (0.00ns)   --->   "%br_ln192 = br void %arrayidx253.0.0.02.exit" [mmult.cpp:192]   --->   Operation 80 'br' 'br_ln192' <Predicate = (icmp_ln186 & trunc_ln186 == 10)> <Delay = 0.00>
ST_2 : Operation 81 [1/1] (0.00ns)   --->   "%br_ln192 = br void %arrayidx253.0.0.02.exit" [mmult.cpp:192]   --->   Operation 81 'br' 'br_ln192' <Predicate = (icmp_ln186 & trunc_ln186 == 9)> <Delay = 0.00>
ST_2 : Operation 82 [1/1] (0.00ns)   --->   "%br_ln192 = br void %arrayidx253.0.0.02.exit" [mmult.cpp:192]   --->   Operation 82 'br' 'br_ln192' <Predicate = (icmp_ln186 & trunc_ln186 == 8)> <Delay = 0.00>
ST_2 : Operation 83 [1/1] (0.00ns)   --->   "%br_ln192 = br void %arrayidx253.0.0.02.exit" [mmult.cpp:192]   --->   Operation 83 'br' 'br_ln192' <Predicate = (icmp_ln186 & trunc_ln186 == 7)> <Delay = 0.00>
ST_2 : Operation 84 [1/1] (0.00ns)   --->   "%br_ln192 = br void %arrayidx253.0.0.02.exit" [mmult.cpp:192]   --->   Operation 84 'br' 'br_ln192' <Predicate = (icmp_ln186 & trunc_ln186 == 6)> <Delay = 0.00>
ST_2 : Operation 85 [1/1] (0.00ns)   --->   "%br_ln192 = br void %arrayidx253.0.0.02.exit" [mmult.cpp:192]   --->   Operation 85 'br' 'br_ln192' <Predicate = (icmp_ln186 & trunc_ln186 == 5)> <Delay = 0.00>
ST_2 : Operation 86 [1/1] (0.00ns)   --->   "%br_ln192 = br void %arrayidx253.0.0.02.exit" [mmult.cpp:192]   --->   Operation 86 'br' 'br_ln192' <Predicate = (icmp_ln186 & trunc_ln186 == 4)> <Delay = 0.00>
ST_2 : Operation 87 [1/1] (0.00ns)   --->   "%br_ln192 = br void %arrayidx253.0.0.02.exit" [mmult.cpp:192]   --->   Operation 87 'br' 'br_ln192' <Predicate = (icmp_ln186 & trunc_ln186 == 3)> <Delay = 0.00>
ST_2 : Operation 88 [1/1] (0.00ns)   --->   "%br_ln192 = br void %arrayidx253.0.0.02.exit" [mmult.cpp:192]   --->   Operation 88 'br' 'br_ln192' <Predicate = (icmp_ln186 & trunc_ln186 == 2)> <Delay = 0.00>
ST_2 : Operation 89 [1/1] (0.00ns)   --->   "%br_ln192 = br void %arrayidx253.0.0.02.exit" [mmult.cpp:192]   --->   Operation 89 'br' 'br_ln192' <Predicate = (icmp_ln186 & trunc_ln186 == 1)> <Delay = 0.00>
ST_2 : Operation 90 [1/1] (0.00ns)   --->   "%br_ln192 = br void %arrayidx253.0.0.02.exit" [mmult.cpp:192]   --->   Operation 90 'br' 'br_ln192' <Predicate = (icmp_ln186 & trunc_ln186 == 0)> <Delay = 0.00>
ST_2 : Operation 91 [1/1] (0.00ns)   --->   "%br_ln192 = br void %arrayidx253.0.0.02.exit" [mmult.cpp:192]   --->   Operation 91 'br' 'br_ln192' <Predicate = (icmp_ln186 & trunc_ln186 == 31)> <Delay = 0.00>
ST_2 : Operation 169 [1/1] (0.00ns)   --->   "%ret_ln0 = ret"   --->   Operation 169 'ret' 'ret_ln0' <Predicate = (!icmp_ln186)> <Delay = 0.00>

State 3 <SV = 2> <Delay = 2.40>
ST_3 : Operation 92 [1/1] (2.40ns)   --->   "%gmem1_addr_read = read i8 @_ssdm_op_Read.m_axi.p1i8, i8 %gmem1_addr" [mmult.cpp:192]   --->   Operation 92 'read' 'gmem1_addr_read' <Predicate = (icmp_ln186)> <Delay = 2.40> <CoreInst = "m_axi">   --->   Core 121 'm_axi' <Latency = 0> <II = 1> <Delay = 1.00> <Adapter> <Opcode : 'read' 'write' 'readreq' 'writereq' 'writeresp'>
ST_3 : Operation 93 [1/1] (1.01ns)   --->   "%j_3 = add i32 %j, i32 1" [mmult.cpp:186]   --->   Operation 93 'add' 'j_3' <Predicate = (icmp_ln186)> <Delay = 1.01> <CoreInst = "Adder">   --->   Core 1 'Adder' <Latency = 0> <II = 1> <Delay = 1.01> <FuncUnit> <Opcode : 'add' 'sub'> <InPorts = 2> <OutPorts = 1>
ST_3 : Operation 94 [1/1] (0.42ns)   --->   "%store_ln186 = store i31 %add_ln186, i31 %loc" [mmult.cpp:186]   --->   Operation 94 'store' 'store_ln186' <Predicate = (icmp_ln186)> <Delay = 0.42>
ST_3 : Operation 95 [1/1] (0.42ns)   --->   "%store_ln186 = store i32 %j_3, i32 %j_2" [mmult.cpp:186]   --->   Operation 95 'store' 'store_ln186' <Predicate = (icmp_ln186)> <Delay = 0.42>

State 4 <SV = 3> <Delay = 2.14>
ST_4 : Operation 96 [1/1] (0.00ns)   --->   "%i_load = load i32 %i" [mmult.cpp:189]   --->   Operation 96 'load' 'i_load' <Predicate = true> <Delay = 0.00>
ST_4 : Operation 97 [1/1] (0.00ns)   --->   "%specpipeline_ln188 = specpipeline void @_ssdm_op_SpecPipeline, i32 4294967295, i32 0, i32 0, i32 0, void @empty_4" [mmult.cpp:188]   --->   Operation 97 'specpipeline' 'specpipeline_ln188' <Predicate = true> <Delay = 0.00>
ST_4 : Operation 98 [1/1] (0.00ns)   --->   "%speclooptripcount_ln187 = speclooptripcount void @_ssdm_op_SpecLoopTripCount, i64 1024, i64 1024, i64 1024" [mmult.cpp:187]   --->   Operation 98 'speclooptripcount' 'speclooptripcount_ln187' <Predicate = true> <Delay = 0.00>
ST_4 : Operation 99 [1/1] (0.00ns)   --->   "%specloopname_ln186 = specloopname void @_ssdm_op_SpecLoopName, void @empty_6" [mmult.cpp:186]   --->   Operation 99 'specloopname' 'specloopname_ln186' <Predicate = true> <Delay = 0.00>
ST_4 : Operation 100 [1/1] (1.01ns)   --->   "%add_ln189 = add i32 %i_load, i32 1" [mmult.cpp:189]   --->   Operation 100 'add' 'add_ln189' <Predicate = (icmp_ln188)> <Delay = 1.01> <CoreInst = "Adder">   --->   Core 1 'Adder' <Latency = 0> <II = 1> <Delay = 1.01> <FuncUnit> <Opcode : 'add' 'sub'> <InPorts = 2> <OutPorts = 1>
ST_4 : Operation 101 [1/1] (0.44ns)   --->   "%i_2 = select i1 %icmp_ln188, i32 %add_ln189, i32 %i_load" [mmult.cpp:188]   --->   Operation 101 'select' 'i_2' <Predicate = true> <Delay = 0.44> <CoreInst = "Sel">   --->   Core 73 'Sel' <Latency = 0> <II = 1> <Delay = 0.44> <FuncUnit> <Opcode : 'select'> <InPorts = 3> <OutPorts = 1>
ST_4 : Operation 102 [1/1] (0.00ns)   --->   "%zext_ln192 = zext i32 %i_2" [mmult.cpp:192]   --->   Operation 102 'zext' 'zext_ln192' <Predicate = true> <Delay = 0.00>
ST_4 : Operation 103 [1/1] (0.00ns)   --->   "%localB_addr = getelementptr i8 %localB, i64 0, i64 %zext_ln192" [mmult.cpp:192]   --->   Operation 103 'getelementptr' 'localB_addr' <Predicate = true> <Delay = 0.00>
ST_4 : Operation 104 [1/1] (0.00ns)   --->   "%localB_32_addr = getelementptr i8 %localB_32, i64 0, i64 %zext_ln192" [mmult.cpp:192]   --->   Operation 104 'getelementptr' 'localB_32_addr' <Predicate = true> <Delay = 0.00>
ST_4 : Operation 105 [1/1] (0.00ns)   --->   "%localB_33_addr = getelementptr i8 %localB_33, i64 0, i64 %zext_ln192" [mmult.cpp:192]   --->   Operation 105 'getelementptr' 'localB_33_addr' <Predicate = true> <Delay = 0.00>
ST_4 : Operation 106 [1/1] (0.00ns)   --->   "%localB_34_addr = getelementptr i8 %localB_34, i64 0, i64 %zext_ln192" [mmult.cpp:192]   --->   Operation 106 'getelementptr' 'localB_34_addr' <Predicate = true> <Delay = 0.00>
ST_4 : Operation 107 [1/1] (0.00ns)   --->   "%localB_35_addr = getelementptr i8 %localB_35, i64 0, i64 %zext_ln192" [mmult.cpp:192]   --->   Operation 107 'getelementptr' 'localB_35_addr' <Predicate = true> <Delay = 0.00>
ST_4 : Operation 108 [1/1] (0.00ns)   --->   "%localB_36_addr = getelementptr i8 %localB_36, i64 0, i64 %zext_ln192" [mmult.cpp:192]   --->   Operation 108 'getelementptr' 'localB_36_addr' <Predicate = true> <Delay = 0.00>
ST_4 : Operation 109 [1/1] (0.00ns)   --->   "%localB_37_addr = getelementptr i8 %localB_37, i64 0, i64 %zext_ln192" [mmult.cpp:192]   --->   Operation 109 'getelementptr' 'localB_37_addr' <Predicate = true> <Delay = 0.00>
ST_4 : Operation 110 [1/1] (0.00ns)   --->   "%localB_38_addr = getelementptr i8 %localB_38, i64 0, i64 %zext_ln192" [mmult.cpp:192]   --->   Operation 110 'getelementptr' 'localB_38_addr' <Predicate = true> <Delay = 0.00>
ST_4 : Operation 111 [1/1] (0.00ns)   --->   "%localB_39_addr = getelementptr i8 %localB_39, i64 0, i64 %zext_ln192" [mmult.cpp:192]   --->   Operation 111 'getelementptr' 'localB_39_addr' <Predicate = true> <Delay = 0.00>
ST_4 : Operation 112 [1/1] (0.00ns)   --->   "%localB_40_addr = getelementptr i8 %localB_40, i64 0, i64 %zext_ln192" [mmult.cpp:192]   --->   Operation 112 'getelementptr' 'localB_40_addr' <Predicate = true> <Delay = 0.00>
ST_4 : Operation 113 [1/1] (0.00ns)   --->   "%localB_41_addr = getelementptr i8 %localB_41, i64 0, i64 %zext_ln192" [mmult.cpp:192]   --->   Operation 113 'getelementptr' 'localB_41_addr' <Predicate = true> <Delay = 0.00>
ST_4 : Operation 114 [1/1] (0.00ns)   --->   "%localB_42_addr = getelementptr i8 %localB_42, i64 0, i64 %zext_ln192" [mmult.cpp:192]   --->   Operation 114 'getelementptr' 'localB_42_addr' <Predicate = true> <Delay = 0.00>
ST_4 : Operation 115 [1/1] (0.00ns)   --->   "%localB_43_addr = getelementptr i8 %localB_43, i64 0, i64 %zext_ln192" [mmult.cpp:192]   --->   Operation 115 'getelementptr' 'localB_43_addr' <Predicate = true> <Delay = 0.00>
ST_4 : Operation 116 [1/1] (0.00ns)   --->   "%localB_44_addr = getelementptr i8 %localB_44, i64 0, i64 %zext_ln192" [mmult.cpp:192]   --->   Operation 116 'getelementptr' 'localB_44_addr' <Predicate = true> <Delay = 0.00>
ST_4 : Operation 117 [1/1] (0.00ns)   --->   "%localB_45_addr = getelementptr i8 %localB_45, i64 0, i64 %zext_ln192" [mmult.cpp:192]   --->   Operation 117 'getelementptr' 'localB_45_addr' <Predicate = true> <Delay = 0.00>
ST_4 : Operation 118 [1/1] (0.00ns)   --->   "%localB_46_addr = getelementptr i8 %localB_46, i64 0, i64 %zext_ln192" [mmult.cpp:192]   --->   Operation 118 'getelementptr' 'localB_46_addr' <Predicate = true> <Delay = 0.00>
ST_4 : Operation 119 [1/1] (0.00ns)   --->   "%localB_47_addr = getelementptr i8 %localB_47, i64 0, i64 %zext_ln192" [mmult.cpp:192]   --->   Operation 119 'getelementptr' 'localB_47_addr' <Predicate = true> <Delay = 0.00>
ST_4 : Operation 120 [1/1] (0.00ns)   --->   "%localB_48_addr = getelementptr i8 %localB_48, i64 0, i64 %zext_ln192" [mmult.cpp:192]   --->   Operation 120 'getelementptr' 'localB_48_addr' <Predicate = true> <Delay = 0.00>
ST_4 : Operation 121 [1/1] (0.00ns)   --->   "%localB_49_addr = getelementptr i8 %localB_49, i64 0, i64 %zext_ln192" [mmult.cpp:192]   --->   Operation 121 'getelementptr' 'localB_49_addr' <Predicate = true> <Delay = 0.00>
ST_4 : Operation 122 [1/1] (0.00ns)   --->   "%localB_50_addr = getelementptr i8 %localB_50, i64 0, i64 %zext_ln192" [mmult.cpp:192]   --->   Operation 122 'getelementptr' 'localB_50_addr' <Predicate = true> <Delay = 0.00>
ST_4 : Operation 123 [1/1] (0.00ns)   --->   "%localB_51_addr = getelementptr i8 %localB_51, i64 0, i64 %zext_ln192" [mmult.cpp:192]   --->   Operation 123 'getelementptr' 'localB_51_addr' <Predicate = true> <Delay = 0.00>
ST_4 : Operation 124 [1/1] (0.00ns)   --->   "%localB_52_addr = getelementptr i8 %localB_52, i64 0, i64 %zext_ln192" [mmult.cpp:192]   --->   Operation 124 'getelementptr' 'localB_52_addr' <Predicate = true> <Delay = 0.00>
ST_4 : Operation 125 [1/1] (0.00ns)   --->   "%localB_53_addr = getelementptr i8 %localB_53, i64 0, i64 %zext_ln192" [mmult.cpp:192]   --->   Operation 125 'getelementptr' 'localB_53_addr' <Predicate = true> <Delay = 0.00>
ST_4 : Operation 126 [1/1] (0.00ns)   --->   "%localB_54_addr = getelementptr i8 %localB_54, i64 0, i64 %zext_ln192" [mmult.cpp:192]   --->   Operation 126 'getelementptr' 'localB_54_addr' <Predicate = true> <Delay = 0.00>
ST_4 : Operation 127 [1/1] (0.00ns)   --->   "%localB_55_addr = getelementptr i8 %localB_55, i64 0, i64 %zext_ln192" [mmult.cpp:192]   --->   Operation 127 'getelementptr' 'localB_55_addr' <Predicate = true> <Delay = 0.00>
ST_4 : Operation 128 [1/1] (0.00ns)   --->   "%localB_56_addr = getelementptr i8 %localB_56, i64 0, i64 %zext_ln192" [mmult.cpp:192]   --->   Operation 128 'getelementptr' 'localB_56_addr' <Predicate = true> <Delay = 0.00>
ST_4 : Operation 129 [1/1] (0.00ns)   --->   "%localB_57_addr = getelementptr i8 %localB_57, i64 0, i64 %zext_ln192" [mmult.cpp:192]   --->   Operation 129 'getelementptr' 'localB_57_addr' <Predicate = true> <Delay = 0.00>
ST_4 : Operation 130 [1/1] (0.00ns)   --->   "%localB_58_addr = getelementptr i8 %localB_58, i64 0, i64 %zext_ln192" [mmult.cpp:192]   --->   Operation 130 'getelementptr' 'localB_58_addr' <Predicate = true> <Delay = 0.00>
ST_4 : Operation 131 [1/1] (0.00ns)   --->   "%localB_59_addr = getelementptr i8 %localB_59, i64 0, i64 %zext_ln192" [mmult.cpp:192]   --->   Operation 131 'getelementptr' 'localB_59_addr' <Predicate = true> <Delay = 0.00>
ST_4 : Operation 132 [1/1] (0.00ns)   --->   "%localB_60_addr = getelementptr i8 %localB_60, i64 0, i64 %zext_ln192" [mmult.cpp:192]   --->   Operation 132 'getelementptr' 'localB_60_addr' <Predicate = true> <Delay = 0.00>
ST_4 : Operation 133 [1/1] (0.00ns)   --->   "%localB_61_addr = getelementptr i8 %localB_61, i64 0, i64 %zext_ln192" [mmult.cpp:192]   --->   Operation 133 'getelementptr' 'localB_61_addr' <Predicate = true> <Delay = 0.00>
ST_4 : Operation 134 [1/1] (0.00ns)   --->   "%localB_62_addr = getelementptr i8 %localB_62, i64 0, i64 %zext_ln192" [mmult.cpp:192]   --->   Operation 134 'getelementptr' 'localB_62_addr' <Predicate = true> <Delay = 0.00>
ST_4 : Operation 135 [1/1] (0.67ns)   --->   "%store_ln192 = store i8 %gmem1_addr_read, i5 %localB_61_addr" [mmult.cpp:192]   --->   Operation 135 'store' 'store_ln192' <Predicate = (trunc_ln186 == 30)> <Delay = 0.67> <CoreInst = "RAM_2P_LUTRAM">   --->   Core 93 'RAM_2P_LUTRAM' <Latency = 1> <II = 1> <Delay = 0.67> <Storage> <Opcode : 'load' 'store'> <Ports = 2> <Width = 8> <Depth = 32> <RAM>
ST_4 : Operation 136 [1/1] (0.67ns)   --->   "%store_ln192 = store i8 %gmem1_addr_read, i5 %localB_60_addr" [mmult.cpp:192]   --->   Operation 136 'store' 'store_ln192' <Predicate = (trunc_ln186 == 29)> <Delay = 0.67> <CoreInst = "RAM_2P_LUTRAM">   --->   Core 93 'RAM_2P_LUTRAM' <Latency = 1> <II = 1> <Delay = 0.67> <Storage> <Opcode : 'load' 'store'> <Ports = 2> <Width = 8> <Depth = 32> <RAM>
ST_4 : Operation 137 [1/1] (0.67ns)   --->   "%store_ln192 = store i8 %gmem1_addr_read, i5 %localB_59_addr" [mmult.cpp:192]   --->   Operation 137 'store' 'store_ln192' <Predicate = (trunc_ln186 == 28)> <Delay = 0.67> <CoreInst = "RAM_2P_LUTRAM">   --->   Core 93 'RAM_2P_LUTRAM' <Latency = 1> <II = 1> <Delay = 0.67> <Storage> <Opcode : 'load' 'store'> <Ports = 2> <Width = 8> <Depth = 32> <RAM>
ST_4 : Operation 138 [1/1] (0.67ns)   --->   "%store_ln192 = store i8 %gmem1_addr_read, i5 %localB_58_addr" [mmult.cpp:192]   --->   Operation 138 'store' 'store_ln192' <Predicate = (trunc_ln186 == 27)> <Delay = 0.67> <CoreInst = "RAM_2P_LUTRAM">   --->   Core 93 'RAM_2P_LUTRAM' <Latency = 1> <II = 1> <Delay = 0.67> <Storage> <Opcode : 'load' 'store'> <Ports = 2> <Width = 8> <Depth = 32> <RAM>
ST_4 : Operation 139 [1/1] (0.67ns)   --->   "%store_ln192 = store i8 %gmem1_addr_read, i5 %localB_57_addr" [mmult.cpp:192]   --->   Operation 139 'store' 'store_ln192' <Predicate = (trunc_ln186 == 26)> <Delay = 0.67> <CoreInst = "RAM_2P_LUTRAM">   --->   Core 93 'RAM_2P_LUTRAM' <Latency = 1> <II = 1> <Delay = 0.67> <Storage> <Opcode : 'load' 'store'> <Ports = 2> <Width = 8> <Depth = 32> <RAM>
ST_4 : Operation 140 [1/1] (0.67ns)   --->   "%store_ln192 = store i8 %gmem1_addr_read, i5 %localB_56_addr" [mmult.cpp:192]   --->   Operation 140 'store' 'store_ln192' <Predicate = (trunc_ln186 == 25)> <Delay = 0.67> <CoreInst = "RAM_2P_LUTRAM">   --->   Core 93 'RAM_2P_LUTRAM' <Latency = 1> <II = 1> <Delay = 0.67> <Storage> <Opcode : 'load' 'store'> <Ports = 2> <Width = 8> <Depth = 32> <RAM>
ST_4 : Operation 141 [1/1] (0.67ns)   --->   "%store_ln192 = store i8 %gmem1_addr_read, i5 %localB_55_addr" [mmult.cpp:192]   --->   Operation 141 'store' 'store_ln192' <Predicate = (trunc_ln186 == 24)> <Delay = 0.67> <CoreInst = "RAM_2P_LUTRAM">   --->   Core 93 'RAM_2P_LUTRAM' <Latency = 1> <II = 1> <Delay = 0.67> <Storage> <Opcode : 'load' 'store'> <Ports = 2> <Width = 8> <Depth = 32> <RAM>
ST_4 : Operation 142 [1/1] (0.67ns)   --->   "%store_ln192 = store i8 %gmem1_addr_read, i5 %localB_54_addr" [mmult.cpp:192]   --->   Operation 142 'store' 'store_ln192' <Predicate = (trunc_ln186 == 23)> <Delay = 0.67> <CoreInst = "RAM_2P_LUTRAM">   --->   Core 93 'RAM_2P_LUTRAM' <Latency = 1> <II = 1> <Delay = 0.67> <Storage> <Opcode : 'load' 'store'> <Ports = 2> <Width = 8> <Depth = 32> <RAM>
ST_4 : Operation 143 [1/1] (0.67ns)   --->   "%store_ln192 = store i8 %gmem1_addr_read, i5 %localB_53_addr" [mmult.cpp:192]   --->   Operation 143 'store' 'store_ln192' <Predicate = (trunc_ln186 == 22)> <Delay = 0.67> <CoreInst = "RAM_2P_LUTRAM">   --->   Core 93 'RAM_2P_LUTRAM' <Latency = 1> <II = 1> <Delay = 0.67> <Storage> <Opcode : 'load' 'store'> <Ports = 2> <Width = 8> <Depth = 32> <RAM>
ST_4 : Operation 144 [1/1] (0.67ns)   --->   "%store_ln192 = store i8 %gmem1_addr_read, i5 %localB_52_addr" [mmult.cpp:192]   --->   Operation 144 'store' 'store_ln192' <Predicate = (trunc_ln186 == 21)> <Delay = 0.67> <CoreInst = "RAM_2P_LUTRAM">   --->   Core 93 'RAM_2P_LUTRAM' <Latency = 1> <II = 1> <Delay = 0.67> <Storage> <Opcode : 'load' 'store'> <Ports = 2> <Width = 8> <Depth = 32> <RAM>
ST_4 : Operation 145 [1/1] (0.67ns)   --->   "%store_ln192 = store i8 %gmem1_addr_read, i5 %localB_51_addr" [mmult.cpp:192]   --->   Operation 145 'store' 'store_ln192' <Predicate = (trunc_ln186 == 20)> <Delay = 0.67> <CoreInst = "RAM_2P_LUTRAM">   --->   Core 93 'RAM_2P_LUTRAM' <Latency = 1> <II = 1> <Delay = 0.67> <Storage> <Opcode : 'load' 'store'> <Ports = 2> <Width = 8> <Depth = 32> <RAM>
ST_4 : Operation 146 [1/1] (0.67ns)   --->   "%store_ln192 = store i8 %gmem1_addr_read, i5 %localB_50_addr" [mmult.cpp:192]   --->   Operation 146 'store' 'store_ln192' <Predicate = (trunc_ln186 == 19)> <Delay = 0.67> <CoreInst = "RAM_2P_LUTRAM">   --->   Core 93 'RAM_2P_LUTRAM' <Latency = 1> <II = 1> <Delay = 0.67> <Storage> <Opcode : 'load' 'store'> <Ports = 2> <Width = 8> <Depth = 32> <RAM>
ST_4 : Operation 147 [1/1] (0.67ns)   --->   "%store_ln192 = store i8 %gmem1_addr_read, i5 %localB_49_addr" [mmult.cpp:192]   --->   Operation 147 'store' 'store_ln192' <Predicate = (trunc_ln186 == 18)> <Delay = 0.67> <CoreInst = "RAM_2P_LUTRAM">   --->   Core 93 'RAM_2P_LUTRAM' <Latency = 1> <II = 1> <Delay = 0.67> <Storage> <Opcode : 'load' 'store'> <Ports = 2> <Width = 8> <Depth = 32> <RAM>
ST_4 : Operation 148 [1/1] (0.67ns)   --->   "%store_ln192 = store i8 %gmem1_addr_read, i5 %localB_48_addr" [mmult.cpp:192]   --->   Operation 148 'store' 'store_ln192' <Predicate = (trunc_ln186 == 17)> <Delay = 0.67> <CoreInst = "RAM_2P_LUTRAM">   --->   Core 93 'RAM_2P_LUTRAM' <Latency = 1> <II = 1> <Delay = 0.67> <Storage> <Opcode : 'load' 'store'> <Ports = 2> <Width = 8> <Depth = 32> <RAM>
ST_4 : Operation 149 [1/1] (0.67ns)   --->   "%store_ln192 = store i8 %gmem1_addr_read, i5 %localB_47_addr" [mmult.cpp:192]   --->   Operation 149 'store' 'store_ln192' <Predicate = (trunc_ln186 == 16)> <Delay = 0.67> <CoreInst = "RAM_2P_LUTRAM">   --->   Core 93 'RAM_2P_LUTRAM' <Latency = 1> <II = 1> <Delay = 0.67> <Storage> <Opcode : 'load' 'store'> <Ports = 2> <Width = 8> <Depth = 32> <RAM>
ST_4 : Operation 150 [1/1] (0.67ns)   --->   "%store_ln192 = store i8 %gmem1_addr_read, i5 %localB_46_addr" [mmult.cpp:192]   --->   Operation 150 'store' 'store_ln192' <Predicate = (trunc_ln186 == 15)> <Delay = 0.67> <CoreInst = "RAM_2P_LUTRAM">   --->   Core 93 'RAM_2P_LUTRAM' <Latency = 1> <II = 1> <Delay = 0.67> <Storage> <Opcode : 'load' 'store'> <Ports = 2> <Width = 8> <Depth = 32> <RAM>
ST_4 : Operation 151 [1/1] (0.67ns)   --->   "%store_ln192 = store i8 %gmem1_addr_read, i5 %localB_45_addr" [mmult.cpp:192]   --->   Operation 151 'store' 'store_ln192' <Predicate = (trunc_ln186 == 14)> <Delay = 0.67> <CoreInst = "RAM_2P_LUTRAM">   --->   Core 93 'RAM_2P_LUTRAM' <Latency = 1> <II = 1> <Delay = 0.67> <Storage> <Opcode : 'load' 'store'> <Ports = 2> <Width = 8> <Depth = 32> <RAM>
ST_4 : Operation 152 [1/1] (0.67ns)   --->   "%store_ln192 = store i8 %gmem1_addr_read, i5 %localB_44_addr" [mmult.cpp:192]   --->   Operation 152 'store' 'store_ln192' <Predicate = (trunc_ln186 == 13)> <Delay = 0.67> <CoreInst = "RAM_2P_LUTRAM">   --->   Core 93 'RAM_2P_LUTRAM' <Latency = 1> <II = 1> <Delay = 0.67> <Storage> <Opcode : 'load' 'store'> <Ports = 2> <Width = 8> <Depth = 32> <RAM>
ST_4 : Operation 153 [1/1] (0.67ns)   --->   "%store_ln192 = store i8 %gmem1_addr_read, i5 %localB_43_addr" [mmult.cpp:192]   --->   Operation 153 'store' 'store_ln192' <Predicate = (trunc_ln186 == 12)> <Delay = 0.67> <CoreInst = "RAM_2P_LUTRAM">   --->   Core 93 'RAM_2P_LUTRAM' <Latency = 1> <II = 1> <Delay = 0.67> <Storage> <Opcode : 'load' 'store'> <Ports = 2> <Width = 8> <Depth = 32> <RAM>
ST_4 : Operation 154 [1/1] (0.67ns)   --->   "%store_ln192 = store i8 %gmem1_addr_read, i5 %localB_42_addr" [mmult.cpp:192]   --->   Operation 154 'store' 'store_ln192' <Predicate = (trunc_ln186 == 11)> <Delay = 0.67> <CoreInst = "RAM_2P_LUTRAM">   --->   Core 93 'RAM_2P_LUTRAM' <Latency = 1> <II = 1> <Delay = 0.67> <Storage> <Opcode : 'load' 'store'> <Ports = 2> <Width = 8> <Depth = 32> <RAM>
ST_4 : Operation 155 [1/1] (0.67ns)   --->   "%store_ln192 = store i8 %gmem1_addr_read, i5 %localB_41_addr" [mmult.cpp:192]   --->   Operation 155 'store' 'store_ln192' <Predicate = (trunc_ln186 == 10)> <Delay = 0.67> <CoreInst = "RAM_2P_LUTRAM">   --->   Core 93 'RAM_2P_LUTRAM' <Latency = 1> <II = 1> <Delay = 0.67> <Storage> <Opcode : 'load' 'store'> <Ports = 2> <Width = 8> <Depth = 32> <RAM>
ST_4 : Operation 156 [1/1] (0.67ns)   --->   "%store_ln192 = store i8 %gmem1_addr_read, i5 %localB_40_addr" [mmult.cpp:192]   --->   Operation 156 'store' 'store_ln192' <Predicate = (trunc_ln186 == 9)> <Delay = 0.67> <CoreInst = "RAM_2P_LUTRAM">   --->   Core 93 'RAM_2P_LUTRAM' <Latency = 1> <II = 1> <Delay = 0.67> <Storage> <Opcode : 'load' 'store'> <Ports = 2> <Width = 8> <Depth = 32> <RAM>
ST_4 : Operation 157 [1/1] (0.67ns)   --->   "%store_ln192 = store i8 %gmem1_addr_read, i5 %localB_39_addr" [mmult.cpp:192]   --->   Operation 157 'store' 'store_ln192' <Predicate = (trunc_ln186 == 8)> <Delay = 0.67> <CoreInst = "RAM_2P_LUTRAM">   --->   Core 93 'RAM_2P_LUTRAM' <Latency = 1> <II = 1> <Delay = 0.67> <Storage> <Opcode : 'load' 'store'> <Ports = 2> <Width = 8> <Depth = 32> <RAM>
ST_4 : Operation 158 [1/1] (0.67ns)   --->   "%store_ln192 = store i8 %gmem1_addr_read, i5 %localB_38_addr" [mmult.cpp:192]   --->   Operation 158 'store' 'store_ln192' <Predicate = (trunc_ln186 == 7)> <Delay = 0.67> <CoreInst = "RAM_2P_LUTRAM">   --->   Core 93 'RAM_2P_LUTRAM' <Latency = 1> <II = 1> <Delay = 0.67> <Storage> <Opcode : 'load' 'store'> <Ports = 2> <Width = 8> <Depth = 32> <RAM>
ST_4 : Operation 159 [1/1] (0.67ns)   --->   "%store_ln192 = store i8 %gmem1_addr_read, i5 %localB_37_addr" [mmult.cpp:192]   --->   Operation 159 'store' 'store_ln192' <Predicate = (trunc_ln186 == 6)> <Delay = 0.67> <CoreInst = "RAM_2P_LUTRAM">   --->   Core 93 'RAM_2P_LUTRAM' <Latency = 1> <II = 1> <Delay = 0.67> <Storage> <Opcode : 'load' 'store'> <Ports = 2> <Width = 8> <Depth = 32> <RAM>
ST_4 : Operation 160 [1/1] (0.67ns)   --->   "%store_ln192 = store i8 %gmem1_addr_read, i5 %localB_36_addr" [mmult.cpp:192]   --->   Operation 160 'store' 'store_ln192' <Predicate = (trunc_ln186 == 5)> <Delay = 0.67> <CoreInst = "RAM_2P_LUTRAM">   --->   Core 93 'RAM_2P_LUTRAM' <Latency = 1> <II = 1> <Delay = 0.67> <Storage> <Opcode : 'load' 'store'> <Ports = 2> <Width = 8> <Depth = 32> <RAM>
ST_4 : Operation 161 [1/1] (0.67ns)   --->   "%store_ln192 = store i8 %gmem1_addr_read, i5 %localB_35_addr" [mmult.cpp:192]   --->   Operation 161 'store' 'store_ln192' <Predicate = (trunc_ln186 == 4)> <Delay = 0.67> <CoreInst = "RAM_2P_LUTRAM">   --->   Core 93 'RAM_2P_LUTRAM' <Latency = 1> <II = 1> <Delay = 0.67> <Storage> <Opcode : 'load' 'store'> <Ports = 2> <Width = 8> <Depth = 32> <RAM>
ST_4 : Operation 162 [1/1] (0.67ns)   --->   "%store_ln192 = store i8 %gmem1_addr_read, i5 %localB_34_addr" [mmult.cpp:192]   --->   Operation 162 'store' 'store_ln192' <Predicate = (trunc_ln186 == 3)> <Delay = 0.67> <CoreInst = "RAM_2P_LUTRAM">   --->   Core 93 'RAM_2P_LUTRAM' <Latency = 1> <II = 1> <Delay = 0.67> <Storage> <Opcode : 'load' 'store'> <Ports = 2> <Width = 8> <Depth = 32> <RAM>
ST_4 : Operation 163 [1/1] (0.67ns)   --->   "%store_ln192 = store i8 %gmem1_addr_read, i5 %localB_33_addr" [mmult.cpp:192]   --->   Operation 163 'store' 'store_ln192' <Predicate = (trunc_ln186 == 2)> <Delay = 0.67> <CoreInst = "RAM_2P_LUTRAM">   --->   Core 93 'RAM_2P_LUTRAM' <Latency = 1> <II = 1> <Delay = 0.67> <Storage> <Opcode : 'load' 'store'> <Ports = 2> <Width = 8> <Depth = 32> <RAM>
ST_4 : Operation 164 [1/1] (0.67ns)   --->   "%store_ln192 = store i8 %gmem1_addr_read, i5 %localB_32_addr" [mmult.cpp:192]   --->   Operation 164 'store' 'store_ln192' <Predicate = (trunc_ln186 == 1)> <Delay = 0.67> <CoreInst = "RAM_2P_LUTRAM">   --->   Core 93 'RAM_2P_LUTRAM' <Latency = 1> <II = 1> <Delay = 0.67> <Storage> <Opcode : 'load' 'store'> <Ports = 2> <Width = 8> <Depth = 32> <RAM>
ST_4 : Operation 165 [1/1] (0.67ns)   --->   "%store_ln192 = store i8 %gmem1_addr_read, i5 %localB_addr" [mmult.cpp:192]   --->   Operation 165 'store' 'store_ln192' <Predicate = (trunc_ln186 == 0)> <Delay = 0.67> <CoreInst = "RAM_2P_LUTRAM">   --->   Core 93 'RAM_2P_LUTRAM' <Latency = 1> <II = 1> <Delay = 0.67> <Storage> <Opcode : 'load' 'store'> <Ports = 2> <Width = 8> <Depth = 32> <RAM>
ST_4 : Operation 166 [1/1] (0.67ns)   --->   "%store_ln192 = store i8 %gmem1_addr_read, i5 %localB_62_addr" [mmult.cpp:192]   --->   Operation 166 'store' 'store_ln192' <Predicate = (trunc_ln186 == 31)> <Delay = 0.67> <CoreInst = "RAM_2P_LUTRAM">   --->   Core 93 'RAM_2P_LUTRAM' <Latency = 1> <II = 1> <Delay = 0.67> <Storage> <Opcode : 'load' 'store'> <Ports = 2> <Width = 8> <Depth = 32> <RAM>
ST_4 : Operation 167 [1/1] (0.42ns)   --->   "%store_ln186 = store i32 %i_2, i32 %i" [mmult.cpp:186]   --->   Operation 167 'store' 'store_ln186' <Predicate = true> <Delay = 0.42>
ST_4 : Operation 168 [1/1] (0.00ns)   --->   "%br_ln186 = br void %for.cond11" [mmult.cpp:186]   --->   Operation 168 'br' 'br_ln186' <Predicate = true> <Delay = 0.00>


============================================================
+ Verbose Summary: Timing violations
============================================================
Target clock period: 3.300ns, clock uncertainty: 0.891ns.

 <State 1>: 0.427ns
The critical path consists of the following:
	'alloca' operation 31 bit ('loc') [39]  (0.000 ns)
	'store' operation 0 bit ('store_ln0') of constant 0 on local variable 'loc' [76]  (0.427 ns)

 <State 2>: 2.209ns
The critical path consists of the following:
	'load' operation 32 bit ('j_2_load', mmult.cpp:188) on local variable 'j', mmult.cpp:186 [87]  (0.000 ns)
	'icmp' operation 1 bit ('icmp_ln188', mmult.cpp:188) [93]  (1.016 ns)
	'select' operation 32 bit ('j', mmult.cpp:188) [97]  (0.449 ns)
	blocking operation 0.744313 ns on control path)

 <State 3>: 2.409ns
The critical path consists of the following:
	bus read operation ('gmem1_addr_read', mmult.cpp:192) on port 'gmem1' (mmult.cpp:192) [99]  (2.409 ns)

 <State 4>: 2.142ns
The critical path consists of the following:
	'load' operation 32 bit ('i_load', mmult.cpp:189) on local variable 'i', mmult.cpp:186 [88]  (0.000 ns)
	'add' operation 32 bit ('add_ln189', mmult.cpp:189) [94]  (1.016 ns)
	'select' operation 32 bit ('i', mmult.cpp:188) [95]  (0.449 ns)
	'getelementptr' operation 5 bit ('localB_61_addr', mmult.cpp:192) [130]  (0.000 ns)
	'store' operation 0 bit ('store_ln192', mmult.cpp:192) of variable 'gmem1_addr_read', mmult.cpp:192 on array 'localB_61' [134]  (0.677 ns)


============================================================
+ Verbose Summary: Binding
============================================================
N/A
* FSMD analyzer results:
  - Output states:
 - Input state : 
  - Chain level:
	State 1
	State 2
	State 3
	State 4


============================================================
+ Verbose Summary: Datapath Resource usage 
============================================================
N/A
