

================================================================
== Vitis HLS Report for 'Loop_readA_proc_Pipeline_readA'
================================================================
* Date:           Sun Apr 12 15:51:16 2026

* Version:        2023.2 (Build 4023990 on Oct 11 2023)
* Project:        hls_prj
* Solution:       s1 (Vivado IP Flow Target)
* Product family: zynquplus
* Target device:  xck26-sfvc784-2LV-c


================================================================
== Performance Estimates
================================================================
+ Timing: 
    * Summary: 
    +--------+---------+----------+------------+
    |  Clock |  Target | Estimated| Uncertainty|
    +--------+---------+----------+------------+
    |ap_clk  |  3.30 ns|  2.409 ns|     0.89 ns|
    +--------+---------+----------+------------+

+ Latency: 
    * Summary: 
    +---------+---------+----------+----------+------+------+---------+
    |  Latency (cycles) |  Latency (absolute) |   Interval  | Pipeline|
    |   min   |   max   |    min   |    max   |  min |  max |   Type  |
    +---------+---------+----------+----------+------+------+---------+
    |     2050|     2050|  6.765 us|  6.765 us|  2050|  2050|       no|
    +---------+---------+----------+----------+------+------+---------+

    + Detail: 
        * Instance: 
        N/A

        * Loop: 
        +----------+---------+---------+----------+-----------+-----------+------+----------+
        |          |  Latency (cycles) | Iteration|  Initiation Interval  | Trip |          |
        | Loop Name|   min   |   max   |  Latency |  achieved |   target  | Count| Pipelined|
        +----------+---------+---------+----------+-----------+-----------+------+----------+
        |- readA   |     2048|     2048|         3|          2|          1|  1024|       yes|
        +----------+---------+---------+----------+-----------+-----------+------+----------+

============================================================
+ Verbose Summary: Synthesis Manager
============================================================
InlineROM: 1
ExposeGlobal: 0
============================================================
+ Verbose Summary: CDFG Model
============================================================
IsTopModel: 0
ResetActiveHigh: 1
IsCombinational: 0
IsDatapathOnly: 0
HasWiredReturn: 1
HasMFsm: 2
HasVarLatency: 1
IsPipeline: 0
IsRtlPipelined: 0
IsInstanceOverlapped: 0
IsDontTouch: 0
HasImplIP: 0
IsGatedGlobalClock: 0

+ Individual pipeline summary: 
  * Pipeline-0: initiation interval (II) = 2, depth = 4


============================================================
+ Verbose Summary: Schedule
============================================================
* Number of FSM states : 4
* Pipeline : 1
  Pipeline-0 : II = 2, D = 4, States = { 1 2 3 4 }
* Dataflow Pipeline: 0

* FSM state transitions: 
1 --> 2 
2 --> 3 
3 --> 4 
4 --> 

* FSM state operations: 

State 1 <SV = 0> <Delay = 0.42>
ST_1 : Operation 6 [1/1] (0.00ns)   --->   "%i = alloca i32 1" [mmult.cpp:175]   --->   Operation 6 'alloca' 'i' <Predicate = true> <Delay = 0.00>
ST_1 : Operation 7 [1/1] (0.00ns)   --->   "%j = alloca i32 1" [mmult.cpp:175]   --->   Operation 7 'alloca' 'j' <Predicate = true> <Delay = 0.00>
ST_1 : Operation 8 [1/1] (0.00ns)   --->   "%loc = alloca i32 1"   --->   Operation 8 'alloca' 'loc' <Predicate = true> <Delay = 0.00>
ST_1 : Operation 9 [1/1] (0.00ns)   --->   "%specmemcore_ln0 = specmemcore void @_ssdm_op_SpecMemCore, i8 %localA, i64 666, i64 23, i64 18446744073709551615"   --->   Operation 9 'specmemcore' 'specmemcore_ln0' <Predicate = true> <Delay = 0.00>
ST_1 : Operation 10 [1/1] (0.00ns)   --->   "%specmemcore_ln0 = specmemcore void @_ssdm_op_SpecMemCore, i8 %localA_32, i64 666, i64 23, i64 18446744073709551615"   --->   Operation 10 'specmemcore' 'specmemcore_ln0' <Predicate = true> <Delay = 0.00>
ST_1 : Operation 11 [1/1] (0.00ns)   --->   "%specmemcore_ln0 = specmemcore void @_ssdm_op_SpecMemCore, i8 %localA_33, i64 666, i64 23, i64 18446744073709551615"   --->   Operation 11 'specmemcore' 'specmemcore_ln0' <Predicate = true> <Delay = 0.00>
ST_1 : Operation 12 [1/1] (0.00ns)   --->   "%specmemcore_ln0 = specmemcore void @_ssdm_op_SpecMemCore, i8 %localA_34, i64 666, i64 23, i64 18446744073709551615"   --->   Operation 12 'specmemcore' 'specmemcore_ln0' <Predicate = true> <Delay = 0.00>
ST_1 : Operation 13 [1/1] (0.00ns)   --->   "%specmemcore_ln0 = specmemcore void @_ssdm_op_SpecMemCore, i8 %localA_35, i64 666, i64 23, i64 18446744073709551615"   --->   Operation 13 'specmemcore' 'specmemcore_ln0' <Predicate = true> <Delay = 0.00>
ST_1 : Operation 14 [1/1] (0.00ns)   --->   "%specmemcore_ln0 = specmemcore void @_ssdm_op_SpecMemCore, i8 %localA_36, i64 666, i64 23, i64 18446744073709551615"   --->   Operation 14 'specmemcore' 'specmemcore_ln0' <Predicate = true> <Delay = 0.00>
ST_1 : Operation 15 [1/1] (0.00ns)   --->   "%specmemcore_ln0 = specmemcore void @_ssdm_op_SpecMemCore, i8 %localA_37, i64 666, i64 23, i64 18446744073709551615"   --->   Operation 15 'specmemcore' 'specmemcore_ln0' <Predicate = true> <Delay = 0.00>
ST_1 : Operation 16 [1/1] (0.00ns)   --->   "%specmemcore_ln0 = specmemcore void @_ssdm_op_SpecMemCore, i8 %localA_38, i64 666, i64 23, i64 18446744073709551615"   --->   Operation 16 'specmemcore' 'specmemcore_ln0' <Predicate = true> <Delay = 0.00>
ST_1 : Operation 17 [1/1] (0.00ns)   --->   "%specmemcore_ln0 = specmemcore void @_ssdm_op_SpecMemCore, i8 %localA_39, i64 666, i64 23, i64 18446744073709551615"   --->   Operation 17 'specmemcore' 'specmemcore_ln0' <Predicate = true> <Delay = 0.00>
ST_1 : Operation 18 [1/1] (0.00ns)   --->   "%specmemcore_ln0 = specmemcore void @_ssdm_op_SpecMemCore, i8 %localA_40, i64 666, i64 23, i64 18446744073709551615"   --->   Operation 18 'specmemcore' 'specmemcore_ln0' <Predicate = true> <Delay = 0.00>
ST_1 : Operation 19 [1/1] (0.00ns)   --->   "%specmemcore_ln0 = specmemcore void @_ssdm_op_SpecMemCore, i8 %localA_41, i64 666, i64 23, i64 18446744073709551615"   --->   Operation 19 'specmemcore' 'specmemcore_ln0' <Predicate = true> <Delay = 0.00>
ST_1 : Operation 20 [1/1] (0.00ns)   --->   "%specmemcore_ln0 = specmemcore void @_ssdm_op_SpecMemCore, i8 %localA_42, i64 666, i64 23, i64 18446744073709551615"   --->   Operation 20 'specmemcore' 'specmemcore_ln0' <Predicate = true> <Delay = 0.00>
ST_1 : Operation 21 [1/1] (0.00ns)   --->   "%specmemcore_ln0 = specmemcore void @_ssdm_op_SpecMemCore, i8 %localA_43, i64 666, i64 23, i64 18446744073709551615"   --->   Operation 21 'specmemcore' 'specmemcore_ln0' <Predicate = true> <Delay = 0.00>
ST_1 : Operation 22 [1/1] (0.00ns)   --->   "%specmemcore_ln0 = specmemcore void @_ssdm_op_SpecMemCore, i8 %localA_44, i64 666, i64 23, i64 18446744073709551615"   --->   Operation 22 'specmemcore' 'specmemcore_ln0' <Predicate = true> <Delay = 0.00>
ST_1 : Operation 23 [1/1] (0.00ns)   --->   "%specmemcore_ln0 = specmemcore void @_ssdm_op_SpecMemCore, i8 %localA_45, i64 666, i64 23, i64 18446744073709551615"   --->   Operation 23 'specmemcore' 'specmemcore_ln0' <Predicate = true> <Delay = 0.00>
ST_1 : Operation 24 [1/1] (0.00ns)   --->   "%specmemcore_ln0 = specmemcore void @_ssdm_op_SpecMemCore, i8 %localA_46, i64 666, i64 23, i64 18446744073709551615"   --->   Operation 24 'specmemcore' 'specmemcore_ln0' <Predicate = true> <Delay = 0.00>
ST_1 : Operation 25 [1/1] (0.00ns)   --->   "%specmemcore_ln0 = specmemcore void @_ssdm_op_SpecMemCore, i8 %localA_47, i64 666, i64 23, i64 18446744073709551615"   --->   Operation 25 'specmemcore' 'specmemcore_ln0' <Predicate = true> <Delay = 0.00>
ST_1 : Operation 26 [1/1] (0.00ns)   --->   "%specmemcore_ln0 = specmemcore void @_ssdm_op_SpecMemCore, i8 %localA_48, i64 666, i64 23, i64 18446744073709551615"   --->   Operation 26 'specmemcore' 'specmemcore_ln0' <Predicate = true> <Delay = 0.00>
ST_1 : Operation 27 [1/1] (0.00ns)   --->   "%specmemcore_ln0 = specmemcore void @_ssdm_op_SpecMemCore, i8 %localA_49, i64 666, i64 23, i64 18446744073709551615"   --->   Operation 27 'specmemcore' 'specmemcore_ln0' <Predicate = true> <Delay = 0.00>
ST_1 : Operation 28 [1/1] (0.00ns)   --->   "%specmemcore_ln0 = specmemcore void @_ssdm_op_SpecMemCore, i8 %localA_50, i64 666, i64 23, i64 18446744073709551615"   --->   Operation 28 'specmemcore' 'specmemcore_ln0' <Predicate = true> <Delay = 0.00>
ST_1 : Operation 29 [1/1] (0.00ns)   --->   "%specmemcore_ln0 = specmemcore void @_ssdm_op_SpecMemCore, i8 %localA_51, i64 666, i64 23, i64 18446744073709551615"   --->   Operation 29 'specmemcore' 'specmemcore_ln0' <Predicate = true> <Delay = 0.00>
ST_1 : Operation 30 [1/1] (0.00ns)   --->   "%specmemcore_ln0 = specmemcore void @_ssdm_op_SpecMemCore, i8 %localA_52, i64 666, i64 23, i64 18446744073709551615"   --->   Operation 30 'specmemcore' 'specmemcore_ln0' <Predicate = true> <Delay = 0.00>
ST_1 : Operation 31 [1/1] (0.00ns)   --->   "%specmemcore_ln0 = specmemcore void @_ssdm_op_SpecMemCore, i8 %localA_53, i64 666, i64 23, i64 18446744073709551615"   --->   Operation 31 'specmemcore' 'specmemcore_ln0' <Predicate = true> <Delay = 0.00>
ST_1 : Operation 32 [1/1] (0.00ns)   --->   "%specmemcore_ln0 = specmemcore void @_ssdm_op_SpecMemCore, i8 %localA_54, i64 666, i64 23, i64 18446744073709551615"   --->   Operation 32 'specmemcore' 'specmemcore_ln0' <Predicate = true> <Delay = 0.00>
ST_1 : Operation 33 [1/1] (0.00ns)   --->   "%specmemcore_ln0 = specmemcore void @_ssdm_op_SpecMemCore, i8 %localA_55, i64 666, i64 23, i64 18446744073709551615"   --->   Operation 33 'specmemcore' 'specmemcore_ln0' <Predicate = true> <Delay = 0.00>
ST_1 : Operation 34 [1/1] (0.00ns)   --->   "%specmemcore_ln0 = specmemcore void @_ssdm_op_SpecMemCore, i8 %localA_56, i64 666, i64 23, i64 18446744073709551615"   --->   Operation 34 'specmemcore' 'specmemcore_ln0' <Predicate = true> <Delay = 0.00>
ST_1 : Operation 35 [1/1] (0.00ns)   --->   "%specmemcore_ln0 = specmemcore void @_ssdm_op_SpecMemCore, i8 %localA_57, i64 666, i64 23, i64 18446744073709551615"   --->   Operation 35 'specmemcore' 'specmemcore_ln0' <Predicate = true> <Delay = 0.00>
ST_1 : Operation 36 [1/1] (0.00ns)   --->   "%specmemcore_ln0 = specmemcore void @_ssdm_op_SpecMemCore, i8 %localA_58, i64 666, i64 23, i64 18446744073709551615"   --->   Operation 36 'specmemcore' 'specmemcore_ln0' <Predicate = true> <Delay = 0.00>
ST_1 : Operation 37 [1/1] (0.00ns)   --->   "%specmemcore_ln0 = specmemcore void @_ssdm_op_SpecMemCore, i8 %localA_59, i64 666, i64 23, i64 18446744073709551615"   --->   Operation 37 'specmemcore' 'specmemcore_ln0' <Predicate = true> <Delay = 0.00>
ST_1 : Operation 38 [1/1] (0.00ns)   --->   "%specmemcore_ln0 = specmemcore void @_ssdm_op_SpecMemCore, i8 %localA_60, i64 666, i64 23, i64 18446744073709551615"   --->   Operation 38 'specmemcore' 'specmemcore_ln0' <Predicate = true> <Delay = 0.00>
ST_1 : Operation 39 [1/1] (0.00ns)   --->   "%specmemcore_ln0 = specmemcore void @_ssdm_op_SpecMemCore, i8 %localA_61, i64 666, i64 23, i64 18446744073709551615"   --->   Operation 39 'specmemcore' 'specmemcore_ln0' <Predicate = true> <Delay = 0.00>
ST_1 : Operation 40 [1/1] (0.00ns)   --->   "%specmemcore_ln0 = specmemcore void @_ssdm_op_SpecMemCore, i8 %localA_62, i64 666, i64 23, i64 18446744073709551615"   --->   Operation 40 'specmemcore' 'specmemcore_ln0' <Predicate = true> <Delay = 0.00>
ST_1 : Operation 41 [1/1] (0.00ns)   --->   "%specinterface_ln0 = specinterface void @_ssdm_op_SpecInterface, i8 %gmem0, void @empty_5, i32 0, i32 0, void @empty_4, i32 0, i32 0, void @empty_3, void @empty_2, void @empty_4, i32 16, i32 16, i32 16, i32 16, void @empty_4, void @empty_4, i32 4294967295, i32 0"   --->   Operation 41 'specinterface' 'specinterface_ln0' <Predicate = true> <Delay = 0.00>
ST_1 : Operation 42 [1/1] (0.00ns)   --->   "%a_col_read = read i32 @_ssdm_op_Read.ap_auto.i32, i32 %a_col"   --->   Operation 42 'read' 'a_col_read' <Predicate = true> <Delay = 0.00>
ST_1 : Operation 43 [1/1] (0.00ns)   --->   "%a_read = read i64 @_ssdm_op_Read.ap_auto.i64, i64 %a"   --->   Operation 43 'read' 'a_read' <Predicate = true> <Delay = 0.00>
ST_1 : Operation 44 [1/1] (0.00ns)   --->   "%mul_read = read i32 @_ssdm_op_Read.ap_auto.i32, i32 %mul"   --->   Operation 44 'read' 'mul_read' <Predicate = true> <Delay = 0.00>
ST_1 : Operation 45 [1/1] (0.42ns)   --->   "%store_ln0 = store i31 0, i31 %loc"   --->   Operation 45 'store' 'store_ln0' <Predicate = true> <Delay = 0.42>
ST_1 : Operation 46 [1/1] (0.42ns)   --->   "%store_ln175 = store i32 0, i32 %j" [mmult.cpp:175]   --->   Operation 46 'store' 'store_ln175' <Predicate = true> <Delay = 0.42>
ST_1 : Operation 47 [1/1] (0.42ns)   --->   "%store_ln175 = store i32 0, i32 %i" [mmult.cpp:175]   --->   Operation 47 'store' 'store_ln175' <Predicate = true> <Delay = 0.42>
ST_1 : Operation 48 [1/1] (0.00ns)   --->   "%br_ln0 = br void %for.cond"   --->   Operation 48 'br' 'br_ln0' <Predicate = true> <Delay = 0.00>

State 2 <SV = 1> <Delay = 2.20>
ST_2 : Operation 49 [1/1] (0.00ns)   --->   "%loc_load = load i31 %loc" [mmult.cpp:175]   --->   Operation 49 'load' 'loc_load' <Predicate = true> <Delay = 0.00>
ST_2 : Operation 50 [1/1] (0.00ns)   --->   "%zext_ln175 = zext i31 %loc_load" [mmult.cpp:175]   --->   Operation 50 'zext' 'zext_ln175' <Predicate = true> <Delay = 0.00>
ST_2 : Operation 51 [1/1] (1.01ns)   --->   "%icmp_ln175 = icmp_slt  i32 %zext_ln175, i32 %mul_read" [mmult.cpp:175]   --->   Operation 51 'icmp' 'icmp_ln175' <Predicate = true> <Delay = 1.01> <CoreInst = "Cmp">   --->   Core 9 'Cmp' <Latency = 0> <II = 1> <Delay = 1.01> <FuncUnit> <Opcode : 'icmp'> <InPorts = 2> <OutPorts = 1>
ST_2 : Operation 52 [1/1] (1.00ns)   --->   "%add_ln175 = add i31 %loc_load, i31 1" [mmult.cpp:175]   --->   Operation 52 'add' 'add_ln175' <Predicate = true> <Delay = 1.00> <CoreInst = "Adder">   --->   Core 1 'Adder' <Latency = 0> <II = 1> <Delay = 1.00> <FuncUnit> <Opcode : 'add' 'sub'> <InPorts = 2> <OutPorts = 1>
ST_2 : Operation 53 [1/1] (0.00ns)   --->   "%br_ln175 = br i1 %icmp_ln175, void %for.end.exitStub.exitStub, void %for.body" [mmult.cpp:175]   --->   Operation 53 'br' 'br_ln175' <Predicate = true> <Delay = 0.00>
ST_2 : Operation 54 [1/1] (0.00ns)   --->   "%i_load = load i32 %i" [mmult.cpp:178]   --->   Operation 54 'load' 'i_load' <Predicate = (icmp_ln175)> <Delay = 0.00>
ST_2 : Operation 55 [1/1] (0.00ns)   --->   "%j_load = load i32 %j" [mmult.cpp:177]   --->   Operation 55 'load' 'j_load' <Predicate = (icmp_ln175)> <Delay = 0.00>
ST_2 : Operation 56 [1/1] (0.00ns)   --->   "%gmem0_addr = getelementptr i8 %gmem0, i64 %a_read" [mmult.cpp:175]   --->   Operation 56 'getelementptr' 'gmem0_addr' <Predicate = (icmp_ln175)> <Delay = 0.00>
ST_2 : Operation 57 [1/1] (1.01ns)   --->   "%icmp_ln177 = icmp_eq  i32 %j_load, i32 %a_col_read" [mmult.cpp:177]   --->   Operation 57 'icmp' 'icmp_ln177' <Predicate = (icmp_ln175)> <Delay = 1.01> <CoreInst = "Cmp">   --->   Core 9 'Cmp' <Latency = 0> <II = 1> <Delay = 1.01> <FuncUnit> <Opcode : 'icmp'> <InPorts = 2> <OutPorts = 1>
ST_2 : Operation 58 [1/1] (1.01ns)   --->   "%add_ln178 = add i32 %i_load, i32 1" [mmult.cpp:178]   --->   Operation 58 'add' 'add_ln178' <Predicate = (icmp_ln175)> <Delay = 1.01> <CoreInst = "Adder">   --->   Core 1 'Adder' <Latency = 0> <II = 1> <Delay = 1.01> <FuncUnit> <Opcode : 'add' 'sub'> <InPorts = 2> <OutPorts = 1>
ST_2 : Operation 59 [1/1] (0.44ns)   --->   "%i_3 = select i1 %icmp_ln177, i32 %add_ln178, i32 %i_load" [mmult.cpp:177]   --->   Operation 59 'select' 'i_3' <Predicate = (icmp_ln175)> <Delay = 0.44> <CoreInst = "Sel">   --->   Core 73 'Sel' <Latency = 0> <II = 1> <Delay = 0.44> <FuncUnit> <Opcode : 'select'> <InPorts = 3> <OutPorts = 1>
ST_2 : Operation 60 [1/1] (0.00ns)   --->   "%trunc_ln175 = trunc i32 %i_3" [mmult.cpp:175]   --->   Operation 60 'trunc' 'trunc_ln175' <Predicate = (icmp_ln175)> <Delay = 0.00>
ST_2 : Operation 61 [1/1] (0.74ns)   --->   "%switch_ln181 = switch i5 %trunc_ln175, void %arrayidx54.0.0.03.case.31, i5 0, void %arrayidx54.0.0.03.case.0, i5 1, void %arrayidx54.0.0.03.case.1, i5 2, void %arrayidx54.0.0.03.case.2, i5 3, void %arrayidx54.0.0.03.case.3, i5 4, void %arrayidx54.0.0.03.case.4, i5 5, void %arrayidx54.0.0.03.case.5, i5 6, void %arrayidx54.0.0.03.case.6, i5 7, void %arrayidx54.0.0.03.case.7, i5 8, void %arrayidx54.0.0.03.case.8, i5 9, void %arrayidx54.0.0.03.case.9, i5 10, void %arrayidx54.0.0.03.case.10, i5 11, void %arrayidx54.0.0.03.case.11, i5 12, void %arrayidx54.0.0.03.case.12, i5 13, void %arrayidx54.0.0.03.case.13, i5 14, void %arrayidx54.0.0.03.case.14, i5 15, void %arrayidx54.0.0.03.case.15, i5 16, void %arrayidx54.0.0.03.case.16, i5 17, void %arrayidx54.0.0.03.case.17, i5 18, void %arrayidx54.0.0.03.case.18, i5 19, void %arrayidx54.0.0.03.case.19, i5 20, void %arrayidx54.0.0.03.case.20, i5 21, void %arrayidx54.0.0.03.case.21, i5 22, void %arrayidx54.0.0.03.case.22, i5 23, void %arrayidx54.0.0.03.case.23, i5 24, void %arrayidx54.0.0.03.case.24, i5 25, void %arrayidx54.0.0.03.case.25, i5 26, void %arrayidx54.0.0.03.case.26, i5 27, void %arrayidx54.0.0.03.case.27, i5 28, void %arrayidx54.0.0.03.case.28, i5 29, void %arrayidx54.0.0.03.case.29, i5 30, void %arrayidx54.0.0.03.case.30" [mmult.cpp:181]   --->   Operation 61 'switch' 'switch_ln181' <Predicate = (icmp_ln175)> <Delay = 0.74>
ST_2 : Operation 62 [1/1] (0.00ns)   --->   "%br_ln181 = br void %arrayidx54.0.0.03.exit" [mmult.cpp:181]   --->   Operation 62 'br' 'br_ln181' <Predicate = (icmp_ln175 & trunc_ln175 == 30)> <Delay = 0.00>
ST_2 : Operation 63 [1/1] (0.00ns)   --->   "%br_ln181 = br void %arrayidx54.0.0.03.exit" [mmult.cpp:181]   --->   Operation 63 'br' 'br_ln181' <Predicate = (icmp_ln175 & trunc_ln175 == 29)> <Delay = 0.00>
ST_2 : Operation 64 [1/1] (0.00ns)   --->   "%br_ln181 = br void %arrayidx54.0.0.03.exit" [mmult.cpp:181]   --->   Operation 64 'br' 'br_ln181' <Predicate = (icmp_ln175 & trunc_ln175 == 28)> <Delay = 0.00>
ST_2 : Operation 65 [1/1] (0.00ns)   --->   "%br_ln181 = br void %arrayidx54.0.0.03.exit" [mmult.cpp:181]   --->   Operation 65 'br' 'br_ln181' <Predicate = (icmp_ln175 & trunc_ln175 == 27)> <Delay = 0.00>
ST_2 : Operation 66 [1/1] (0.00ns)   --->   "%br_ln181 = br void %arrayidx54.0.0.03.exit" [mmult.cpp:181]   --->   Operation 66 'br' 'br_ln181' <Predicate = (icmp_ln175 & trunc_ln175 == 26)> <Delay = 0.00>
ST_2 : Operation 67 [1/1] (0.00ns)   --->   "%br_ln181 = br void %arrayidx54.0.0.03.exit" [mmult.cpp:181]   --->   Operation 67 'br' 'br_ln181' <Predicate = (icmp_ln175 & trunc_ln175 == 25)> <Delay = 0.00>
ST_2 : Operation 68 [1/1] (0.00ns)   --->   "%br_ln181 = br void %arrayidx54.0.0.03.exit" [mmult.cpp:181]   --->   Operation 68 'br' 'br_ln181' <Predicate = (icmp_ln175 & trunc_ln175 == 24)> <Delay = 0.00>
ST_2 : Operation 69 [1/1] (0.00ns)   --->   "%br_ln181 = br void %arrayidx54.0.0.03.exit" [mmult.cpp:181]   --->   Operation 69 'br' 'br_ln181' <Predicate = (icmp_ln175 & trunc_ln175 == 23)> <Delay = 0.00>
ST_2 : Operation 70 [1/1] (0.00ns)   --->   "%br_ln181 = br void %arrayidx54.0.0.03.exit" [mmult.cpp:181]   --->   Operation 70 'br' 'br_ln181' <Predicate = (icmp_ln175 & trunc_ln175 == 22)> <Delay = 0.00>
ST_2 : Operation 71 [1/1] (0.00ns)   --->   "%br_ln181 = br void %arrayidx54.0.0.03.exit" [mmult.cpp:181]   --->   Operation 71 'br' 'br_ln181' <Predicate = (icmp_ln175 & trunc_ln175 == 21)> <Delay = 0.00>
ST_2 : Operation 72 [1/1] (0.00ns)   --->   "%br_ln181 = br void %arrayidx54.0.0.03.exit" [mmult.cpp:181]   --->   Operation 72 'br' 'br_ln181' <Predicate = (icmp_ln175 & trunc_ln175 == 20)> <Delay = 0.00>
ST_2 : Operation 73 [1/1] (0.00ns)   --->   "%br_ln181 = br void %arrayidx54.0.0.03.exit" [mmult.cpp:181]   --->   Operation 73 'br' 'br_ln181' <Predicate = (icmp_ln175 & trunc_ln175 == 19)> <Delay = 0.00>
ST_2 : Operation 74 [1/1] (0.00ns)   --->   "%br_ln181 = br void %arrayidx54.0.0.03.exit" [mmult.cpp:181]   --->   Operation 74 'br' 'br_ln181' <Predicate = (icmp_ln175 & trunc_ln175 == 18)> <Delay = 0.00>
ST_2 : Operation 75 [1/1] (0.00ns)   --->   "%br_ln181 = br void %arrayidx54.0.0.03.exit" [mmult.cpp:181]   --->   Operation 75 'br' 'br_ln181' <Predicate = (icmp_ln175 & trunc_ln175 == 17)> <Delay = 0.00>
ST_2 : Operation 76 [1/1] (0.00ns)   --->   "%br_ln181 = br void %arrayidx54.0.0.03.exit" [mmult.cpp:181]   --->   Operation 76 'br' 'br_ln181' <Predicate = (icmp_ln175 & trunc_ln175 == 16)> <Delay = 0.00>
ST_2 : Operation 77 [1/1] (0.00ns)   --->   "%br_ln181 = br void %arrayidx54.0.0.03.exit" [mmult.cpp:181]   --->   Operation 77 'br' 'br_ln181' <Predicate = (icmp_ln175 & trunc_ln175 == 15)> <Delay = 0.00>
ST_2 : Operation 78 [1/1] (0.00ns)   --->   "%br_ln181 = br void %arrayidx54.0.0.03.exit" [mmult.cpp:181]   --->   Operation 78 'br' 'br_ln181' <Predicate = (icmp_ln175 & trunc_ln175 == 14)> <Delay = 0.00>
ST_2 : Operation 79 [1/1] (0.00ns)   --->   "%br_ln181 = br void %arrayidx54.0.0.03.exit" [mmult.cpp:181]   --->   Operation 79 'br' 'br_ln181' <Predicate = (icmp_ln175 & trunc_ln175 == 13)> <Delay = 0.00>
ST_2 : Operation 80 [1/1] (0.00ns)   --->   "%br_ln181 = br void %arrayidx54.0.0.03.exit" [mmult.cpp:181]   --->   Operation 80 'br' 'br_ln181' <Predicate = (icmp_ln175 & trunc_ln175 == 12)> <Delay = 0.00>
ST_2 : Operation 81 [1/1] (0.00ns)   --->   "%br_ln181 = br void %arrayidx54.0.0.03.exit" [mmult.cpp:181]   --->   Operation 81 'br' 'br_ln181' <Predicate = (icmp_ln175 & trunc_ln175 == 11)> <Delay = 0.00>
ST_2 : Operation 82 [1/1] (0.00ns)   --->   "%br_ln181 = br void %arrayidx54.0.0.03.exit" [mmult.cpp:181]   --->   Operation 82 'br' 'br_ln181' <Predicate = (icmp_ln175 & trunc_ln175 == 10)> <Delay = 0.00>
ST_2 : Operation 83 [1/1] (0.00ns)   --->   "%br_ln181 = br void %arrayidx54.0.0.03.exit" [mmult.cpp:181]   --->   Operation 83 'br' 'br_ln181' <Predicate = (icmp_ln175 & trunc_ln175 == 9)> <Delay = 0.00>
ST_2 : Operation 84 [1/1] (0.00ns)   --->   "%br_ln181 = br void %arrayidx54.0.0.03.exit" [mmult.cpp:181]   --->   Operation 84 'br' 'br_ln181' <Predicate = (icmp_ln175 & trunc_ln175 == 8)> <Delay = 0.00>
ST_2 : Operation 85 [1/1] (0.00ns)   --->   "%br_ln181 = br void %arrayidx54.0.0.03.exit" [mmult.cpp:181]   --->   Operation 85 'br' 'br_ln181' <Predicate = (icmp_ln175 & trunc_ln175 == 7)> <Delay = 0.00>
ST_2 : Operation 86 [1/1] (0.00ns)   --->   "%br_ln181 = br void %arrayidx54.0.0.03.exit" [mmult.cpp:181]   --->   Operation 86 'br' 'br_ln181' <Predicate = (icmp_ln175 & trunc_ln175 == 6)> <Delay = 0.00>
ST_2 : Operation 87 [1/1] (0.00ns)   --->   "%br_ln181 = br void %arrayidx54.0.0.03.exit" [mmult.cpp:181]   --->   Operation 87 'br' 'br_ln181' <Predicate = (icmp_ln175 & trunc_ln175 == 5)> <Delay = 0.00>
ST_2 : Operation 88 [1/1] (0.00ns)   --->   "%br_ln181 = br void %arrayidx54.0.0.03.exit" [mmult.cpp:181]   --->   Operation 88 'br' 'br_ln181' <Predicate = (icmp_ln175 & trunc_ln175 == 4)> <Delay = 0.00>
ST_2 : Operation 89 [1/1] (0.00ns)   --->   "%br_ln181 = br void %arrayidx54.0.0.03.exit" [mmult.cpp:181]   --->   Operation 89 'br' 'br_ln181' <Predicate = (icmp_ln175 & trunc_ln175 == 3)> <Delay = 0.00>
ST_2 : Operation 90 [1/1] (0.00ns)   --->   "%br_ln181 = br void %arrayidx54.0.0.03.exit" [mmult.cpp:181]   --->   Operation 90 'br' 'br_ln181' <Predicate = (icmp_ln175 & trunc_ln175 == 2)> <Delay = 0.00>
ST_2 : Operation 91 [1/1] (0.00ns)   --->   "%br_ln181 = br void %arrayidx54.0.0.03.exit" [mmult.cpp:181]   --->   Operation 91 'br' 'br_ln181' <Predicate = (icmp_ln175 & trunc_ln175 == 1)> <Delay = 0.00>
ST_2 : Operation 92 [1/1] (0.00ns)   --->   "%br_ln181 = br void %arrayidx54.0.0.03.exit" [mmult.cpp:181]   --->   Operation 92 'br' 'br_ln181' <Predicate = (icmp_ln175 & trunc_ln175 == 0)> <Delay = 0.00>
ST_2 : Operation 93 [1/1] (0.00ns)   --->   "%br_ln181 = br void %arrayidx54.0.0.03.exit" [mmult.cpp:181]   --->   Operation 93 'br' 'br_ln181' <Predicate = (icmp_ln175 & trunc_ln175 == 31)> <Delay = 0.00>
ST_2 : Operation 169 [1/1] (0.00ns)   --->   "%ret_ln0 = ret"   --->   Operation 169 'ret' 'ret_ln0' <Predicate = (!icmp_ln175)> <Delay = 0.00>

State 3 <SV = 2> <Delay = 2.40>
ST_3 : Operation 94 [1/1] (0.44ns)   --->   "%j_4 = select i1 %icmp_ln177, i32 0, i32 %j_load" [mmult.cpp:177]   --->   Operation 94 'select' 'j_4' <Predicate = (icmp_ln175)> <Delay = 0.44> <CoreInst = "Sel">   --->   Core 73 'Sel' <Latency = 0> <II = 1> <Delay = 0.44> <FuncUnit> <Opcode : 'select'> <InPorts = 3> <OutPorts = 1>
ST_3 : Operation 95 [1/1] (2.40ns)   --->   "%gmem0_addr_read = read i8 @_ssdm_op_Read.m_axi.p1i8, i8 %gmem0_addr" [mmult.cpp:181]   --->   Operation 95 'read' 'gmem0_addr_read' <Predicate = (icmp_ln175)> <Delay = 2.40> <CoreInst = "m_axi">   --->   Core 121 'm_axi' <Latency = 0> <II = 1> <Delay = 1.00> <Adapter> <Opcode : 'read' 'write' 'readreq' 'writereq' 'writeresp'>
ST_3 : Operation 96 [1/1] (1.01ns)   --->   "%j_5 = add i32 %j_4, i32 1" [mmult.cpp:175]   --->   Operation 96 'add' 'j_5' <Predicate = (icmp_ln175)> <Delay = 1.01> <CoreInst = "Adder">   --->   Core 1 'Adder' <Latency = 0> <II = 1> <Delay = 1.01> <FuncUnit> <Opcode : 'add' 'sub'> <InPorts = 2> <OutPorts = 1>
ST_3 : Operation 97 [1/1] (0.42ns)   --->   "%store_ln175 = store i31 %add_ln175, i31 %loc" [mmult.cpp:175]   --->   Operation 97 'store' 'store_ln175' <Predicate = (icmp_ln175)> <Delay = 0.42>
ST_3 : Operation 98 [1/1] (0.42ns)   --->   "%store_ln175 = store i32 %j_5, i32 %j" [mmult.cpp:175]   --->   Operation 98 'store' 'store_ln175' <Predicate = (icmp_ln175)> <Delay = 0.42>
ST_3 : Operation 99 [1/1] (0.42ns)   --->   "%store_ln175 = store i32 %i_3, i32 %i" [mmult.cpp:175]   --->   Operation 99 'store' 'store_ln175' <Predicate = (icmp_ln175)> <Delay = 0.42>
ST_3 : Operation 100 [1/1] (0.00ns)   --->   "%br_ln175 = br void %for.cond" [mmult.cpp:175]   --->   Operation 100 'br' 'br_ln175' <Predicate = (icmp_ln175)> <Delay = 0.00>

State 4 <SV = 3> <Delay = 0.67>
ST_4 : Operation 101 [1/1] (0.00ns)   --->   "%specpipeline_ln177 = specpipeline void @_ssdm_op_SpecPipeline, i32 4294967295, i32 0, i32 0, i32 0, void @empty_4" [mmult.cpp:177]   --->   Operation 101 'specpipeline' 'specpipeline_ln177' <Predicate = true> <Delay = 0.00>
ST_4 : Operation 102 [1/1] (0.00ns)   --->   "%speclooptripcount_ln176 = speclooptripcount void @_ssdm_op_SpecLoopTripCount, i64 1024, i64 1024, i64 1024" [mmult.cpp:176]   --->   Operation 102 'speclooptripcount' 'speclooptripcount_ln176' <Predicate = true> <Delay = 0.00>
ST_4 : Operation 103 [1/1] (0.00ns)   --->   "%specloopname_ln175 = specloopname void @_ssdm_op_SpecLoopName, void @empty_7" [mmult.cpp:175]   --->   Operation 103 'specloopname' 'specloopname_ln175' <Predicate = true> <Delay = 0.00>
ST_4 : Operation 104 [1/1] (0.00ns)   --->   "%zext_ln181 = zext i32 %j_4" [mmult.cpp:181]   --->   Operation 104 'zext' 'zext_ln181' <Predicate = true> <Delay = 0.00>
ST_4 : Operation 105 [1/1] (0.00ns)   --->   "%localA_addr = getelementptr i8 %localA, i64 0, i64 %zext_ln181" [mmult.cpp:181]   --->   Operation 105 'getelementptr' 'localA_addr' <Predicate = true> <Delay = 0.00>
ST_4 : Operation 106 [1/1] (0.00ns)   --->   "%localA_32_addr = getelementptr i8 %localA_32, i64 0, i64 %zext_ln181" [mmult.cpp:181]   --->   Operation 106 'getelementptr' 'localA_32_addr' <Predicate = true> <Delay = 0.00>
ST_4 : Operation 107 [1/1] (0.00ns)   --->   "%localA_33_addr = getelementptr i8 %localA_33, i64 0, i64 %zext_ln181" [mmult.cpp:181]   --->   Operation 107 'getelementptr' 'localA_33_addr' <Predicate = true> <Delay = 0.00>
ST_4 : Operation 108 [1/1] (0.00ns)   --->   "%localA_34_addr = getelementptr i8 %localA_34, i64 0, i64 %zext_ln181" [mmult.cpp:181]   --->   Operation 108 'getelementptr' 'localA_34_addr' <Predicate = true> <Delay = 0.00>
ST_4 : Operation 109 [1/1] (0.00ns)   --->   "%localA_35_addr = getelementptr i8 %localA_35, i64 0, i64 %zext_ln181" [mmult.cpp:181]   --->   Operation 109 'getelementptr' 'localA_35_addr' <Predicate = true> <Delay = 0.00>
ST_4 : Operation 110 [1/1] (0.00ns)   --->   "%localA_36_addr = getelementptr i8 %localA_36, i64 0, i64 %zext_ln181" [mmult.cpp:181]   --->   Operation 110 'getelementptr' 'localA_36_addr' <Predicate = true> <Delay = 0.00>
ST_4 : Operation 111 [1/1] (0.00ns)   --->   "%localA_37_addr = getelementptr i8 %localA_37, i64 0, i64 %zext_ln181" [mmult.cpp:181]   --->   Operation 111 'getelementptr' 'localA_37_addr' <Predicate = true> <Delay = 0.00>
ST_4 : Operation 112 [1/1] (0.00ns)   --->   "%localA_38_addr = getelementptr i8 %localA_38, i64 0, i64 %zext_ln181" [mmult.cpp:181]   --->   Operation 112 'getelementptr' 'localA_38_addr' <Predicate = true> <Delay = 0.00>
ST_4 : Operation 113 [1/1] (0.00ns)   --->   "%localA_39_addr = getelementptr i8 %localA_39, i64 0, i64 %zext_ln181" [mmult.cpp:181]   --->   Operation 113 'getelementptr' 'localA_39_addr' <Predicate = true> <Delay = 0.00>
ST_4 : Operation 114 [1/1] (0.00ns)   --->   "%localA_40_addr = getelementptr i8 %localA_40, i64 0, i64 %zext_ln181" [mmult.cpp:181]   --->   Operation 114 'getelementptr' 'localA_40_addr' <Predicate = true> <Delay = 0.00>
ST_4 : Operation 115 [1/1] (0.00ns)   --->   "%localA_41_addr = getelementptr i8 %localA_41, i64 0, i64 %zext_ln181" [mmult.cpp:181]   --->   Operation 115 'getelementptr' 'localA_41_addr' <Predicate = true> <Delay = 0.00>
ST_4 : Operation 116 [1/1] (0.00ns)   --->   "%localA_42_addr = getelementptr i8 %localA_42, i64 0, i64 %zext_ln181" [mmult.cpp:181]   --->   Operation 116 'getelementptr' 'localA_42_addr' <Predicate = true> <Delay = 0.00>
ST_4 : Operation 117 [1/1] (0.00ns)   --->   "%localA_43_addr = getelementptr i8 %localA_43, i64 0, i64 %zext_ln181" [mmult.cpp:181]   --->   Operation 117 'getelementptr' 'localA_43_addr' <Predicate = true> <Delay = 0.00>
ST_4 : Operation 118 [1/1] (0.00ns)   --->   "%localA_44_addr = getelementptr i8 %localA_44, i64 0, i64 %zext_ln181" [mmult.cpp:181]   --->   Operation 118 'getelementptr' 'localA_44_addr' <Predicate = true> <Delay = 0.00>
ST_4 : Operation 119 [1/1] (0.00ns)   --->   "%localA_45_addr = getelementptr i8 %localA_45, i64 0, i64 %zext_ln181" [mmult.cpp:181]   --->   Operation 119 'getelementptr' 'localA_45_addr' <Predicate = true> <Delay = 0.00>
ST_4 : Operation 120 [1/1] (0.00ns)   --->   "%localA_46_addr = getelementptr i8 %localA_46, i64 0, i64 %zext_ln181" [mmult.cpp:181]   --->   Operation 120 'getelementptr' 'localA_46_addr' <Predicate = true> <Delay = 0.00>
ST_4 : Operation 121 [1/1] (0.00ns)   --->   "%localA_47_addr = getelementptr i8 %localA_47, i64 0, i64 %zext_ln181" [mmult.cpp:181]   --->   Operation 121 'getelementptr' 'localA_47_addr' <Predicate = true> <Delay = 0.00>
ST_4 : Operation 122 [1/1] (0.00ns)   --->   "%localA_48_addr = getelementptr i8 %localA_48, i64 0, i64 %zext_ln181" [mmult.cpp:181]   --->   Operation 122 'getelementptr' 'localA_48_addr' <Predicate = true> <Delay = 0.00>
ST_4 : Operation 123 [1/1] (0.00ns)   --->   "%localA_49_addr = getelementptr i8 %localA_49, i64 0, i64 %zext_ln181" [mmult.cpp:181]   --->   Operation 123 'getelementptr' 'localA_49_addr' <Predicate = true> <Delay = 0.00>
ST_4 : Operation 124 [1/1] (0.00ns)   --->   "%localA_50_addr = getelementptr i8 %localA_50, i64 0, i64 %zext_ln181" [mmult.cpp:181]   --->   Operation 124 'getelementptr' 'localA_50_addr' <Predicate = true> <Delay = 0.00>
ST_4 : Operation 125 [1/1] (0.00ns)   --->   "%localA_51_addr = getelementptr i8 %localA_51, i64 0, i64 %zext_ln181" [mmult.cpp:181]   --->   Operation 125 'getelementptr' 'localA_51_addr' <Predicate = true> <Delay = 0.00>
ST_4 : Operation 126 [1/1] (0.00ns)   --->   "%localA_52_addr = getelementptr i8 %localA_52, i64 0, i64 %zext_ln181" [mmult.cpp:181]   --->   Operation 126 'getelementptr' 'localA_52_addr' <Predicate = true> <Delay = 0.00>
ST_4 : Operation 127 [1/1] (0.00ns)   --->   "%localA_53_addr = getelementptr i8 %localA_53, i64 0, i64 %zext_ln181" [mmult.cpp:181]   --->   Operation 127 'getelementptr' 'localA_53_addr' <Predicate = true> <Delay = 0.00>
ST_4 : Operation 128 [1/1] (0.00ns)   --->   "%localA_54_addr = getelementptr i8 %localA_54, i64 0, i64 %zext_ln181" [mmult.cpp:181]   --->   Operation 128 'getelementptr' 'localA_54_addr' <Predicate = true> <Delay = 0.00>
ST_4 : Operation 129 [1/1] (0.00ns)   --->   "%localA_55_addr = getelementptr i8 %localA_55, i64 0, i64 %zext_ln181" [mmult.cpp:181]   --->   Operation 129 'getelementptr' 'localA_55_addr' <Predicate = true> <Delay = 0.00>
ST_4 : Operation 130 [1/1] (0.00ns)   --->   "%localA_56_addr = getelementptr i8 %localA_56, i64 0, i64 %zext_ln181" [mmult.cpp:181]   --->   Operation 130 'getelementptr' 'localA_56_addr' <Predicate = true> <Delay = 0.00>
ST_4 : Operation 131 [1/1] (0.00ns)   --->   "%localA_57_addr = getelementptr i8 %localA_57, i64 0, i64 %zext_ln181" [mmult.cpp:181]   --->   Operation 131 'getelementptr' 'localA_57_addr' <Predicate = true> <Delay = 0.00>
ST_4 : Operation 132 [1/1] (0.00ns)   --->   "%localA_58_addr = getelementptr i8 %localA_58, i64 0, i64 %zext_ln181" [mmult.cpp:181]   --->   Operation 132 'getelementptr' 'localA_58_addr' <Predicate = true> <Delay = 0.00>
ST_4 : Operation 133 [1/1] (0.00ns)   --->   "%localA_59_addr = getelementptr i8 %localA_59, i64 0, i64 %zext_ln181" [mmult.cpp:181]   --->   Operation 133 'getelementptr' 'localA_59_addr' <Predicate = true> <Delay = 0.00>
ST_4 : Operation 134 [1/1] (0.00ns)   --->   "%localA_60_addr = getelementptr i8 %localA_60, i64 0, i64 %zext_ln181" [mmult.cpp:181]   --->   Operation 134 'getelementptr' 'localA_60_addr' <Predicate = true> <Delay = 0.00>
ST_4 : Operation 135 [1/1] (0.00ns)   --->   "%localA_61_addr = getelementptr i8 %localA_61, i64 0, i64 %zext_ln181" [mmult.cpp:181]   --->   Operation 135 'getelementptr' 'localA_61_addr' <Predicate = true> <Delay = 0.00>
ST_4 : Operation 136 [1/1] (0.00ns)   --->   "%localA_62_addr = getelementptr i8 %localA_62, i64 0, i64 %zext_ln181" [mmult.cpp:181]   --->   Operation 136 'getelementptr' 'localA_62_addr' <Predicate = true> <Delay = 0.00>
ST_4 : Operation 137 [1/1] (0.67ns)   --->   "%store_ln181 = store i8 %gmem0_addr_read, i5 %localA_61_addr" [mmult.cpp:181]   --->   Operation 137 'store' 'store_ln181' <Predicate = (trunc_ln175 == 30)> <Delay = 0.67> <CoreInst = "RAM_2P_LUTRAM">   --->   Core 93 'RAM_2P_LUTRAM' <Latency = 1> <II = 1> <Delay = 0.67> <Storage> <Opcode : 'load' 'store'> <Ports = 2> <Width = 8> <Depth = 32> <RAM>
ST_4 : Operation 138 [1/1] (0.67ns)   --->   "%store_ln181 = store i8 %gmem0_addr_read, i5 %localA_60_addr" [mmult.cpp:181]   --->   Operation 138 'store' 'store_ln181' <Predicate = (trunc_ln175 == 29)> <Delay = 0.67> <CoreInst = "RAM_2P_LUTRAM">   --->   Core 93 'RAM_2P_LUTRAM' <Latency = 1> <II = 1> <Delay = 0.67> <Storage> <Opcode : 'load' 'store'> <Ports = 2> <Width = 8> <Depth = 32> <RAM>
ST_4 : Operation 139 [1/1] (0.67ns)   --->   "%store_ln181 = store i8 %gmem0_addr_read, i5 %localA_59_addr" [mmult.cpp:181]   --->   Operation 139 'store' 'store_ln181' <Predicate = (trunc_ln175 == 28)> <Delay = 0.67> <CoreInst = "RAM_2P_LUTRAM">   --->   Core 93 'RAM_2P_LUTRAM' <Latency = 1> <II = 1> <Delay = 0.67> <Storage> <Opcode : 'load' 'store'> <Ports = 2> <Width = 8> <Depth = 32> <RAM>
ST_4 : Operation 140 [1/1] (0.67ns)   --->   "%store_ln181 = store i8 %gmem0_addr_read, i5 %localA_58_addr" [mmult.cpp:181]   --->   Operation 140 'store' 'store_ln181' <Predicate = (trunc_ln175 == 27)> <Delay = 0.67> <CoreInst = "RAM_2P_LUTRAM">   --->   Core 93 'RAM_2P_LUTRAM' <Latency = 1> <II = 1> <Delay = 0.67> <Storage> <Opcode : 'load' 'store'> <Ports = 2> <Width = 8> <Depth = 32> <RAM>
ST_4 : Operation 141 [1/1] (0.67ns)   --->   "%store_ln181 = store i8 %gmem0_addr_read, i5 %localA_57_addr" [mmult.cpp:181]   --->   Operation 141 'store' 'store_ln181' <Predicate = (trunc_ln175 == 26)> <Delay = 0.67> <CoreInst = "RAM_2P_LUTRAM">   --->   Core 93 'RAM_2P_LUTRAM' <Latency = 1> <II = 1> <Delay = 0.67> <Storage> <Opcode : 'load' 'store'> <Ports = 2> <Width = 8> <Depth = 32> <RAM>
ST_4 : Operation 142 [1/1] (0.67ns)   --->   "%store_ln181 = store i8 %gmem0_addr_read, i5 %localA_56_addr" [mmult.cpp:181]   --->   Operation 142 'store' 'store_ln181' <Predicate = (trunc_ln175 == 25)> <Delay = 0.67> <CoreInst = "RAM_2P_LUTRAM">   --->   Core 93 'RAM_2P_LUTRAM' <Latency = 1> <II = 1> <Delay = 0.67> <Storage> <Opcode : 'load' 'store'> <Ports = 2> <Width = 8> <Depth = 32> <RAM>
ST_4 : Operation 143 [1/1] (0.67ns)   --->   "%store_ln181 = store i8 %gmem0_addr_read, i5 %localA_55_addr" [mmult.cpp:181]   --->   Operation 143 'store' 'store_ln181' <Predicate = (trunc_ln175 == 24)> <Delay = 0.67> <CoreInst = "RAM_2P_LUTRAM">   --->   Core 93 'RAM_2P_LUTRAM' <Latency = 1> <II = 1> <Delay = 0.67> <Storage> <Opcode : 'load' 'store'> <Ports = 2> <Width = 8> <Depth = 32> <RAM>
ST_4 : Operation 144 [1/1] (0.67ns)   --->   "%store_ln181 = store i8 %gmem0_addr_read, i5 %localA_54_addr" [mmult.cpp:181]   --->   Operation 144 'store' 'store_ln181' <Predicate = (trunc_ln175 == 23)> <Delay = 0.67> <CoreInst = "RAM_2P_LUTRAM">   --->   Core 93 'RAM_2P_LUTRAM' <Latency = 1> <II = 1> <Delay = 0.67> <Storage> <Opcode : 'load' 'store'> <Ports = 2> <Width = 8> <Depth = 32> <RAM>
ST_4 : Operation 145 [1/1] (0.67ns)   --->   "%store_ln181 = store i8 %gmem0_addr_read, i5 %localA_53_addr" [mmult.cpp:181]   --->   Operation 145 'store' 'store_ln181' <Predicate = (trunc_ln175 == 22)> <Delay = 0.67> <CoreInst = "RAM_2P_LUTRAM">   --->   Core 93 'RAM_2P_LUTRAM' <Latency = 1> <II = 1> <Delay = 0.67> <Storage> <Opcode : 'load' 'store'> <Ports = 2> <Width = 8> <Depth = 32> <RAM>
ST_4 : Operation 146 [1/1] (0.67ns)   --->   "%store_ln181 = store i8 %gmem0_addr_read, i5 %localA_52_addr" [mmult.cpp:181]   --->   Operation 146 'store' 'store_ln181' <Predicate = (trunc_ln175 == 21)> <Delay = 0.67> <CoreInst = "RAM_2P_LUTRAM">   --->   Core 93 'RAM_2P_LUTRAM' <Latency = 1> <II = 1> <Delay = 0.67> <Storage> <Opcode : 'load' 'store'> <Ports = 2> <Width = 8> <Depth = 32> <RAM>
ST_4 : Operation 147 [1/1] (0.67ns)   --->   "%store_ln181 = store i8 %gmem0_addr_read, i5 %localA_51_addr" [mmult.cpp:181]   --->   Operation 147 'store' 'store_ln181' <Predicate = (trunc_ln175 == 20)> <Delay = 0.67> <CoreInst = "RAM_2P_LUTRAM">   --->   Core 93 'RAM_2P_LUTRAM' <Latency = 1> <II = 1> <Delay = 0.67> <Storage> <Opcode : 'load' 'store'> <Ports = 2> <Width = 8> <Depth = 32> <RAM>
ST_4 : Operation 148 [1/1] (0.67ns)   --->   "%store_ln181 = store i8 %gmem0_addr_read, i5 %localA_50_addr" [mmult.cpp:181]   --->   Operation 148 'store' 'store_ln181' <Predicate = (trunc_ln175 == 19)> <Delay = 0.67> <CoreInst = "RAM_2P_LUTRAM">   --->   Core 93 'RAM_2P_LUTRAM' <Latency = 1> <II = 1> <Delay = 0.67> <Storage> <Opcode : 'load' 'store'> <Ports = 2> <Width = 8> <Depth = 32> <RAM>
ST_4 : Operation 149 [1/1] (0.67ns)   --->   "%store_ln181 = store i8 %gmem0_addr_read, i5 %localA_49_addr" [mmult.cpp:181]   --->   Operation 149 'store' 'store_ln181' <Predicate = (trunc_ln175 == 18)> <Delay = 0.67> <CoreInst = "RAM_2P_LUTRAM">   --->   Core 93 'RAM_2P_LUTRAM' <Latency = 1> <II = 1> <Delay = 0.67> <Storage> <Opcode : 'load' 'store'> <Ports = 2> <Width = 8> <Depth = 32> <RAM>
ST_4 : Operation 150 [1/1] (0.67ns)   --->   "%store_ln181 = store i8 %gmem0_addr_read, i5 %localA_48_addr" [mmult.cpp:181]   --->   Operation 150 'store' 'store_ln181' <Predicate = (trunc_ln175 == 17)> <Delay = 0.67> <CoreInst = "RAM_2P_LUTRAM">   --->   Core 93 'RAM_2P_LUTRAM' <Latency = 1> <II = 1> <Delay = 0.67> <Storage> <Opcode : 'load' 'store'> <Ports = 2> <Width = 8> <Depth = 32> <RAM>
ST_4 : Operation 151 [1/1] (0.67ns)   --->   "%store_ln181 = store i8 %gmem0_addr_read, i5 %localA_47_addr" [mmult.cpp:181]   --->   Operation 151 'store' 'store_ln181' <Predicate = (trunc_ln175 == 16)> <Delay = 0.67> <CoreInst = "RAM_2P_LUTRAM">   --->   Core 93 'RAM_2P_LUTRAM' <Latency = 1> <II = 1> <Delay = 0.67> <Storage> <Opcode : 'load' 'store'> <Ports = 2> <Width = 8> <Depth = 32> <RAM>
ST_4 : Operation 152 [1/1] (0.67ns)   --->   "%store_ln181 = store i8 %gmem0_addr_read, i5 %localA_46_addr" [mmult.cpp:181]   --->   Operation 152 'store' 'store_ln181' <Predicate = (trunc_ln175 == 15)> <Delay = 0.67> <CoreInst = "RAM_2P_LUTRAM">   --->   Core 93 'RAM_2P_LUTRAM' <Latency = 1> <II = 1> <Delay = 0.67> <Storage> <Opcode : 'load' 'store'> <Ports = 2> <Width = 8> <Depth = 32> <RAM>
ST_4 : Operation 153 [1/1] (0.67ns)   --->   "%store_ln181 = store i8 %gmem0_addr_read, i5 %localA_45_addr" [mmult.cpp:181]   --->   Operation 153 'store' 'store_ln181' <Predicate = (trunc_ln175 == 14)> <Delay = 0.67> <CoreInst = "RAM_2P_LUTRAM">   --->   Core 93 'RAM_2P_LUTRAM' <Latency = 1> <II = 1> <Delay = 0.67> <Storage> <Opcode : 'load' 'store'> <Ports = 2> <Width = 8> <Depth = 32> <RAM>
ST_4 : Operation 154 [1/1] (0.67ns)   --->   "%store_ln181 = store i8 %gmem0_addr_read, i5 %localA_44_addr" [mmult.cpp:181]   --->   Operation 154 'store' 'store_ln181' <Predicate = (trunc_ln175 == 13)> <Delay = 0.67> <CoreInst = "RAM_2P_LUTRAM">   --->   Core 93 'RAM_2P_LUTRAM' <Latency = 1> <II = 1> <Delay = 0.67> <Storage> <Opcode : 'load' 'store'> <Ports = 2> <Width = 8> <Depth = 32> <RAM>
ST_4 : Operation 155 [1/1] (0.67ns)   --->   "%store_ln181 = store i8 %gmem0_addr_read, i5 %localA_43_addr" [mmult.cpp:181]   --->   Operation 155 'store' 'store_ln181' <Predicate = (trunc_ln175 == 12)> <Delay = 0.67> <CoreInst = "RAM_2P_LUTRAM">   --->   Core 93 'RAM_2P_LUTRAM' <Latency = 1> <II = 1> <Delay = 0.67> <Storage> <Opcode : 'load' 'store'> <Ports = 2> <Width = 8> <Depth = 32> <RAM>
ST_4 : Operation 156 [1/1] (0.67ns)   --->   "%store_ln181 = store i8 %gmem0_addr_read, i5 %localA_42_addr" [mmult.cpp:181]   --->   Operation 156 'store' 'store_ln181' <Predicate = (trunc_ln175 == 11)> <Delay = 0.67> <CoreInst = "RAM_2P_LUTRAM">   --->   Core 93 'RAM_2P_LUTRAM' <Latency = 1> <II = 1> <Delay = 0.67> <Storage> <Opcode : 'load' 'store'> <Ports = 2> <Width = 8> <Depth = 32> <RAM>
ST_4 : Operation 157 [1/1] (0.67ns)   --->   "%store_ln181 = store i8 %gmem0_addr_read, i5 %localA_41_addr" [mmult.cpp:181]   --->   Operation 157 'store' 'store_ln181' <Predicate = (trunc_ln175 == 10)> <Delay = 0.67> <CoreInst = "RAM_2P_LUTRAM">   --->   Core 93 'RAM_2P_LUTRAM' <Latency = 1> <II = 1> <Delay = 0.67> <Storage> <Opcode : 'load' 'store'> <Ports = 2> <Width = 8> <Depth = 32> <RAM>
ST_4 : Operation 158 [1/1] (0.67ns)   --->   "%store_ln181 = store i8 %gmem0_addr_read, i5 %localA_40_addr" [mmult.cpp:181]   --->   Operation 158 'store' 'store_ln181' <Predicate = (trunc_ln175 == 9)> <Delay = 0.67> <CoreInst = "RAM_2P_LUTRAM">   --->   Core 93 'RAM_2P_LUTRAM' <Latency = 1> <II = 1> <Delay = 0.67> <Storage> <Opcode : 'load' 'store'> <Ports = 2> <Width = 8> <Depth = 32> <RAM>
ST_4 : Operation 159 [1/1] (0.67ns)   --->   "%store_ln181 = store i8 %gmem0_addr_read, i5 %localA_39_addr" [mmult.cpp:181]   --->   Operation 159 'store' 'store_ln181' <Predicate = (trunc_ln175 == 8)> <Delay = 0.67> <CoreInst = "RAM_2P_LUTRAM">   --->   Core 93 'RAM_2P_LUTRAM' <Latency = 1> <II = 1> <Delay = 0.67> <Storage> <Opcode : 'load' 'store'> <Ports = 2> <Width = 8> <Depth = 32> <RAM>
ST_4 : Operation 160 [1/1] (0.67ns)   --->   "%store_ln181 = store i8 %gmem0_addr_read, i5 %localA_38_addr" [mmult.cpp:181]   --->   Operation 160 'store' 'store_ln181' <Predicate = (trunc_ln175 == 7)> <Delay = 0.67> <CoreInst = "RAM_2P_LUTRAM">   --->   Core 93 'RAM_2P_LUTRAM' <Latency = 1> <II = 1> <Delay = 0.67> <Storage> <Opcode : 'load' 'store'> <Ports = 2> <Width = 8> <Depth = 32> <RAM>
ST_4 : Operation 161 [1/1] (0.67ns)   --->   "%store_ln181 = store i8 %gmem0_addr_read, i5 %localA_37_addr" [mmult.cpp:181]   --->   Operation 161 'store' 'store_ln181' <Predicate = (trunc_ln175 == 6)> <Delay = 0.67> <CoreInst = "RAM_2P_LUTRAM">   --->   Core 93 'RAM_2P_LUTRAM' <Latency = 1> <II = 1> <Delay = 0.67> <Storage> <Opcode : 'load' 'store'> <Ports = 2> <Width = 8> <Depth = 32> <RAM>
ST_4 : Operation 162 [1/1] (0.67ns)   --->   "%store_ln181 = store i8 %gmem0_addr_read, i5 %localA_36_addr" [mmult.cpp:181]   --->   Operation 162 'store' 'store_ln181' <Predicate = (trunc_ln175 == 5)> <Delay = 0.67> <CoreInst = "RAM_2P_LUTRAM">   --->   Core 93 'RAM_2P_LUTRAM' <Latency = 1> <II = 1> <Delay = 0.67> <Storage> <Opcode : 'load' 'store'> <Ports = 2> <Width = 8> <Depth = 32> <RAM>
ST_4 : Operation 163 [1/1] (0.67ns)   --->   "%store_ln181 = store i8 %gmem0_addr_read, i5 %localA_35_addr" [mmult.cpp:181]   --->   Operation 163 'store' 'store_ln181' <Predicate = (trunc_ln175 == 4)> <Delay = 0.67> <CoreInst = "RAM_2P_LUTRAM">   --->   Core 93 'RAM_2P_LUTRAM' <Latency = 1> <II = 1> <Delay = 0.67> <Storage> <Opcode : 'load' 'store'> <Ports = 2> <Width = 8> <Depth = 32> <RAM>
ST_4 : Operation 164 [1/1] (0.67ns)   --->   "%store_ln181 = store i8 %gmem0_addr_read, i5 %localA_34_addr" [mmult.cpp:181]   --->   Operation 164 'store' 'store_ln181' <Predicate = (trunc_ln175 == 3)> <Delay = 0.67> <CoreInst = "RAM_2P_LUTRAM">   --->   Core 93 'RAM_2P_LUTRAM' <Latency = 1> <II = 1> <Delay = 0.67> <Storage> <Opcode : 'load' 'store'> <Ports = 2> <Width = 8> <Depth = 32> <RAM>
ST_4 : Operation 165 [1/1] (0.67ns)   --->   "%store_ln181 = store i8 %gmem0_addr_read, i5 %localA_33_addr" [mmult.cpp:181]   --->   Operation 165 'store' 'store_ln181' <Predicate = (trunc_ln175 == 2)> <Delay = 0.67> <CoreInst = "RAM_2P_LUTRAM">   --->   Core 93 'RAM_2P_LUTRAM' <Latency = 1> <II = 1> <Delay = 0.67> <Storage> <Opcode : 'load' 'store'> <Ports = 2> <Width = 8> <Depth = 32> <RAM>
ST_4 : Operation 166 [1/1] (0.67ns)   --->   "%store_ln181 = store i8 %gmem0_addr_read, i5 %localA_32_addr" [mmult.cpp:181]   --->   Operation 166 'store' 'store_ln181' <Predicate = (trunc_ln175 == 1)> <Delay = 0.67> <CoreInst = "RAM_2P_LUTRAM">   --->   Core 93 'RAM_2P_LUTRAM' <Latency = 1> <II = 1> <Delay = 0.67> <Storage> <Opcode : 'load' 'store'> <Ports = 2> <Width = 8> <Depth = 32> <RAM>
ST_4 : Operation 167 [1/1] (0.67ns)   --->   "%store_ln181 = store i8 %gmem0_addr_read, i5 %localA_addr" [mmult.cpp:181]   --->   Operation 167 'store' 'store_ln181' <Predicate = (trunc_ln175 == 0)> <Delay = 0.67> <CoreInst = "RAM_2P_LUTRAM">   --->   Core 93 'RAM_2P_LUTRAM' <Latency = 1> <II = 1> <Delay = 0.67> <Storage> <Opcode : 'load' 'store'> <Ports = 2> <Width = 8> <Depth = 32> <RAM>
ST_4 : Operation 168 [1/1] (0.67ns)   --->   "%store_ln181 = store i8 %gmem0_addr_read, i5 %localA_62_addr" [mmult.cpp:181]   --->   Operation 168 'store' 'store_ln181' <Predicate = (trunc_ln175 == 31)> <Delay = 0.67> <CoreInst = "RAM_2P_LUTRAM">   --->   Core 93 'RAM_2P_LUTRAM' <Latency = 1> <II = 1> <Delay = 0.67> <Storage> <Opcode : 'load' 'store'> <Ports = 2> <Width = 8> <Depth = 32> <RAM>


============================================================
+ Verbose Summary: Timing violations
============================================================
Target clock period: 3.300ns, clock uncertainty: 0.891ns.

 <State 1>: 0.427ns
The critical path consists of the following:
	'alloca' operation 31 bit ('loc') [39]  (0.000 ns)
	'store' operation 0 bit ('store_ln0') of constant 0 on local variable 'loc' [76]  (0.427 ns)

 <State 2>: 2.209ns
The critical path consists of the following:
	'load' operation 32 bit ('i_load', mmult.cpp:178) on local variable 'i', mmult.cpp:175 [87]  (0.000 ns)
	'add' operation 32 bit ('add_ln178', mmult.cpp:178) [94]  (1.016 ns)
	'select' operation 32 bit ('i', mmult.cpp:177) [97]  (0.449 ns)
	blocking operation 0.744313 ns on control path)

 <State 3>: 2.409ns
The critical path consists of the following:
	bus read operation ('gmem0_addr_read', mmult.cpp:181) on port 'gmem0' (mmult.cpp:181) [99]  (2.409 ns)

 <State 4>: 0.677ns
The critical path consists of the following:
	'getelementptr' operation 5 bit ('localA_61_addr', mmult.cpp:181) [130]  (0.000 ns)
	'store' operation 0 bit ('store_ln181', mmult.cpp:181) of variable 'gmem0_addr_read', mmult.cpp:181 on array 'localA_61' [134]  (0.677 ns)


============================================================
+ Verbose Summary: Binding
============================================================
N/A
* FSMD analyzer results:
  - Output states:
 - Input state : 
  - Chain level:
	State 1
	State 2
	State 3
	State 4


============================================================
+ Verbose Summary: Datapath Resource usage 
============================================================
N/A
