

================================================================
== Vitis HLS Report for 'Loop_writeC_proc_Pipeline_writeC'
================================================================
* Date:           Sun Apr 12 17:22:35 2026

* Version:        2023.2 (Build 4023990 on Oct 11 2023)
* Project:        hls_prj
* Solution:       s1 (Vivado IP Flow Target)
* Product family: zynquplus
* Target device:  xck26-sfvc784-2LV-c


================================================================
== Performance Estimates
================================================================
+ Timing: 
    * Summary: 
    +--------+---------+----------+------------+
    |  Clock |  Target | Estimated| Uncertainty|
    +--------+---------+----------+------------+
    |ap_clk  |  3.30 ns|  2.409 ns|     0.89 ns|
    +--------+---------+----------+------------+

+ Latency: 
    * Summary: 
    +---------+---------+----------+----------+------+------+---------+
    |  Latency (cycles) |  Latency (absolute) |   Interval  | Pipeline|
    |   min   |   max   |    min   |    max   |  min |  max |   Type  |
    +---------+---------+----------+----------+------+------+---------+
    |     2051|     2051|  6.768 us|  6.768 us|  2051|  2051|       no|
    +---------+---------+----------+----------+------+------+---------+

    + Detail: 
        * Instance: 
        N/A

        * Loop: 
        +----------+---------+---------+----------+-----------+-----------+------+----------+
        |          |  Latency (cycles) | Iteration|  Initiation Interval  | Trip |          |
        | Loop Name|   min   |   max   |  Latency |  achieved |   target  | Count| Pipelined|
        +----------+---------+---------+----------+-----------+-----------+------+----------+
        |- writeC  |     2049|     2049|         4|          2|          1|  1024|       yes|
        +----------+---------+---------+----------+-----------+-----------+------+----------+

============================================================
+ Verbose Summary: Synthesis Manager
============================================================
InlineROM: 1
ExposeGlobal: 0
============================================================
+ Verbose Summary: CDFG Model
============================================================
IsTopModel: 0
ResetActiveHigh: 1
IsCombinational: 0
IsDatapathOnly: 0
HasWiredReturn: 1
HasMFsm: 2
HasVarLatency: 1
IsPipeline: 0
IsRtlPipelined: 0
IsInstanceOverlapped: 0
IsDontTouch: 0
HasImplIP: 0
IsGatedGlobalClock: 0

+ Individual pipeline summary: 
  * Pipeline-0: initiation interval (II) = 2, depth = 5


============================================================
+ Verbose Summary: Schedule
============================================================
* Number of FSM states : 5
* Pipeline : 1
  Pipeline-0 : II = 2, D = 5, States = { 1 2 3 4 5 }
* Dataflow Pipeline: 0

* FSM state transitions: 
1 --> 2 
2 --> 3 
3 --> 4 
4 --> 5 
5 --> 

* FSM state operations: 

State 1 <SV = 0> <Delay = 0.42>
ST_1 : Operation 7 [1/1] (0.00ns)   --->   "%j = alloca i32 1" [mmult.cpp:240]   --->   Operation 7 'alloca' 'j' <Predicate = true> <Delay = 0.00>
ST_1 : Operation 8 [1/1] (0.00ns)   --->   "%i = alloca i32 1" [mmult.cpp:240]   --->   Operation 8 'alloca' 'i' <Predicate = true> <Delay = 0.00>
ST_1 : Operation 9 [1/1] (0.00ns)   --->   "%loc = alloca i32 1"   --->   Operation 9 'alloca' 'loc' <Predicate = true> <Delay = 0.00>
ST_1 : Operation 10 [1/1] (0.00ns)   --->   "%p_read_4 = read i32 @_ssdm_op_Read.ap_auto.i32, i32 %p_read"   --->   Operation 10 'read' 'p_read_4' <Predicate = true> <Delay = 0.00>
ST_1 : Operation 11 [1/1] (0.00ns)   --->   "%sext_ln240_read = read i63 @_ssdm_op_Read.ap_auto.i63, i63 %sext_ln240"   --->   Operation 11 'read' 'sext_ln240_read' <Predicate = true> <Delay = 0.00>
ST_1 : Operation 12 [1/1] (0.00ns)   --->   "%mul36_read = read i32 @_ssdm_op_Read.ap_auto.i32, i32 %mul36"   --->   Operation 12 'read' 'mul36_read' <Predicate = true> <Delay = 0.00>
ST_1 : Operation 13 [1/1] (0.00ns)   --->   "%sext_ln240_cast = sext i63 %sext_ln240_read"   --->   Operation 13 'sext' 'sext_ln240_cast' <Predicate = true> <Delay = 0.00>
ST_1 : Operation 14 [1/1] (0.00ns)   --->   "%specmemcore_ln0 = specmemcore void @_ssdm_op_SpecMemCore, i16 %localC, i64 666, i64 27, i64 18446744073709551615"   --->   Operation 14 'specmemcore' 'specmemcore_ln0' <Predicate = true> <Delay = 0.00>
ST_1 : Operation 15 [1/1] (0.00ns)   --->   "%specmemcore_ln0 = specmemcore void @_ssdm_op_SpecMemCore, i16 %localC_1, i64 666, i64 27, i64 18446744073709551615"   --->   Operation 15 'specmemcore' 'specmemcore_ln0' <Predicate = true> <Delay = 0.00>
ST_1 : Operation 16 [1/1] (0.00ns)   --->   "%specmemcore_ln0 = specmemcore void @_ssdm_op_SpecMemCore, i16 %localC_2, i64 666, i64 27, i64 18446744073709551615"   --->   Operation 16 'specmemcore' 'specmemcore_ln0' <Predicate = true> <Delay = 0.00>
ST_1 : Operation 17 [1/1] (0.00ns)   --->   "%specmemcore_ln0 = specmemcore void @_ssdm_op_SpecMemCore, i16 %localC_3, i64 666, i64 27, i64 18446744073709551615"   --->   Operation 17 'specmemcore' 'specmemcore_ln0' <Predicate = true> <Delay = 0.00>
ST_1 : Operation 18 [1/1] (0.00ns)   --->   "%specmemcore_ln0 = specmemcore void @_ssdm_op_SpecMemCore, i16 %localC_4, i64 666, i64 27, i64 18446744073709551615"   --->   Operation 18 'specmemcore' 'specmemcore_ln0' <Predicate = true> <Delay = 0.00>
ST_1 : Operation 19 [1/1] (0.00ns)   --->   "%specmemcore_ln0 = specmemcore void @_ssdm_op_SpecMemCore, i16 %localC_5, i64 666, i64 27, i64 18446744073709551615"   --->   Operation 19 'specmemcore' 'specmemcore_ln0' <Predicate = true> <Delay = 0.00>
ST_1 : Operation 20 [1/1] (0.00ns)   --->   "%specmemcore_ln0 = specmemcore void @_ssdm_op_SpecMemCore, i16 %localC_6, i64 666, i64 27, i64 18446744073709551615"   --->   Operation 20 'specmemcore' 'specmemcore_ln0' <Predicate = true> <Delay = 0.00>
ST_1 : Operation 21 [1/1] (0.00ns)   --->   "%specmemcore_ln0 = specmemcore void @_ssdm_op_SpecMemCore, i16 %localC_7, i64 666, i64 27, i64 18446744073709551615"   --->   Operation 21 'specmemcore' 'specmemcore_ln0' <Predicate = true> <Delay = 0.00>
ST_1 : Operation 22 [1/1] (0.00ns)   --->   "%specmemcore_ln0 = specmemcore void @_ssdm_op_SpecMemCore, i16 %localC_8, i64 666, i64 27, i64 18446744073709551615"   --->   Operation 22 'specmemcore' 'specmemcore_ln0' <Predicate = true> <Delay = 0.00>
ST_1 : Operation 23 [1/1] (0.00ns)   --->   "%specmemcore_ln0 = specmemcore void @_ssdm_op_SpecMemCore, i16 %localC_9, i64 666, i64 27, i64 18446744073709551615"   --->   Operation 23 'specmemcore' 'specmemcore_ln0' <Predicate = true> <Delay = 0.00>
ST_1 : Operation 24 [1/1] (0.00ns)   --->   "%specmemcore_ln0 = specmemcore void @_ssdm_op_SpecMemCore, i16 %localC_10, i64 666, i64 27, i64 18446744073709551615"   --->   Operation 24 'specmemcore' 'specmemcore_ln0' <Predicate = true> <Delay = 0.00>
ST_1 : Operation 25 [1/1] (0.00ns)   --->   "%specmemcore_ln0 = specmemcore void @_ssdm_op_SpecMemCore, i16 %localC_11, i64 666, i64 27, i64 18446744073709551615"   --->   Operation 25 'specmemcore' 'specmemcore_ln0' <Predicate = true> <Delay = 0.00>
ST_1 : Operation 26 [1/1] (0.00ns)   --->   "%specmemcore_ln0 = specmemcore void @_ssdm_op_SpecMemCore, i16 %localC_12, i64 666, i64 27, i64 18446744073709551615"   --->   Operation 26 'specmemcore' 'specmemcore_ln0' <Predicate = true> <Delay = 0.00>
ST_1 : Operation 27 [1/1] (0.00ns)   --->   "%specmemcore_ln0 = specmemcore void @_ssdm_op_SpecMemCore, i16 %localC_13, i64 666, i64 27, i64 18446744073709551615"   --->   Operation 27 'specmemcore' 'specmemcore_ln0' <Predicate = true> <Delay = 0.00>
ST_1 : Operation 28 [1/1] (0.00ns)   --->   "%specmemcore_ln0 = specmemcore void @_ssdm_op_SpecMemCore, i16 %localC_14, i64 666, i64 27, i64 18446744073709551615"   --->   Operation 28 'specmemcore' 'specmemcore_ln0' <Predicate = true> <Delay = 0.00>
ST_1 : Operation 29 [1/1] (0.00ns)   --->   "%specmemcore_ln0 = specmemcore void @_ssdm_op_SpecMemCore, i16 %localC_15, i64 666, i64 27, i64 18446744073709551615"   --->   Operation 29 'specmemcore' 'specmemcore_ln0' <Predicate = true> <Delay = 0.00>
ST_1 : Operation 30 [1/1] (0.00ns)   --->   "%specinterface_ln0 = specinterface void @_ssdm_op_SpecInterface, i16 %gmem2, void @empty_4, i32 0, i32 0, void @empty_5, i32 0, i32 0, void @empty_15, void @empty_7, void @empty_5, i32 16, i32 16, i32 16, i32 16, void @empty_5, void @empty_5, i32 4294967295, i32 0"   --->   Operation 30 'specinterface' 'specinterface_ln0' <Predicate = true> <Delay = 0.00>
ST_1 : Operation 31 [1/1] (0.42ns)   --->   "%store_ln0 = store i31 0, i31 %loc"   --->   Operation 31 'store' 'store_ln0' <Predicate = true> <Delay = 0.42>
ST_1 : Operation 32 [1/1] (0.42ns)   --->   "%store_ln240 = store i32 0, i32 %i" [mmult.cpp:240]   --->   Operation 32 'store' 'store_ln240' <Predicate = true> <Delay = 0.42>
ST_1 : Operation 33 [1/1] (0.42ns)   --->   "%store_ln240 = store i32 0, i32 %j" [mmult.cpp:240]   --->   Operation 33 'store' 'store_ln240' <Predicate = true> <Delay = 0.42>
ST_1 : Operation 34 [1/1] (0.00ns)   --->   "%br_ln0 = br void %for.cond35"   --->   Operation 34 'br' 'br_ln0' <Predicate = true> <Delay = 0.00>

State 2 <SV = 1> <Delay = 1.89>
ST_2 : Operation 35 [1/1] (0.00ns)   --->   "%loc_load = load i31 %loc" [mmult.cpp:240]   --->   Operation 35 'load' 'loc_load' <Predicate = true> <Delay = 0.00>
ST_2 : Operation 36 [1/1] (0.00ns)   --->   "%zext_ln240 = zext i31 %loc_load" [mmult.cpp:240]   --->   Operation 36 'zext' 'zext_ln240' <Predicate = true> <Delay = 0.00>
ST_2 : Operation 37 [1/1] (1.01ns)   --->   "%icmp_ln240 = icmp_slt  i32 %zext_ln240, i32 %mul36_read" [mmult.cpp:240]   --->   Operation 37 'icmp' 'icmp_ln240' <Predicate = true> <Delay = 1.01> <CoreInst = "Cmp">   --->   Core 9 'Cmp' <Latency = 0> <II = 1> <Delay = 1.01> <FuncUnit> <Opcode : 'icmp'> <InPorts = 2> <OutPorts = 1>
ST_2 : Operation 38 [1/1] (1.00ns)   --->   "%add_ln240 = add i31 %loc_load, i31 1" [mmult.cpp:240]   --->   Operation 38 'add' 'add_ln240' <Predicate = true> <Delay = 1.00> <CoreInst = "Adder">   --->   Core 1 'Adder' <Latency = 0> <II = 1> <Delay = 1.00> <FuncUnit> <Opcode : 'add' 'sub'> <InPorts = 2> <OutPorts = 1>
ST_2 : Operation 39 [1/1] (0.00ns)   --->   "%br_ln240 = br i1 %icmp_ln240, void %for.end53.exitStub, void %for.body39" [mmult.cpp:240]   --->   Operation 39 'br' 'br_ln240' <Predicate = true> <Delay = 0.00>
ST_2 : Operation 40 [1/1] (0.00ns)   --->   "%j_load = load i32 %j" [mmult.cpp:242]   --->   Operation 40 'load' 'j_load' <Predicate = (icmp_ln240)> <Delay = 0.00>
ST_2 : Operation 41 [1/1] (0.00ns)   --->   "%i_load = load i32 %i" [mmult.cpp:243]   --->   Operation 41 'load' 'i_load' <Predicate = (icmp_ln240)> <Delay = 0.00>
ST_2 : Operation 42 [1/1] (0.00ns)   --->   "%gmem2_addr = getelementptr i16 %gmem2, i64 %sext_ln240_cast" [mmult.cpp:240]   --->   Operation 42 'getelementptr' 'gmem2_addr' <Predicate = (icmp_ln240)> <Delay = 0.00>
ST_2 : Operation 43 [1/1] (1.01ns)   --->   "%icmp_ln242 = icmp_eq  i32 %j_load, i32 %p_read_4" [mmult.cpp:242]   --->   Operation 43 'icmp' 'icmp_ln242' <Predicate = (icmp_ln240)> <Delay = 1.01> <CoreInst = "Cmp">   --->   Core 9 'Cmp' <Latency = 0> <II = 1> <Delay = 1.01> <FuncUnit> <Opcode : 'icmp'> <InPorts = 2> <OutPorts = 1>
ST_2 : Operation 44 [1/1] (1.01ns)   --->   "%add_ln243 = add i32 %i_load, i32 1" [mmult.cpp:243]   --->   Operation 44 'add' 'add_ln243' <Predicate = (icmp_ln240)> <Delay = 1.01> <CoreInst = "Adder">   --->   Core 1 'Adder' <Latency = 0> <II = 1> <Delay = 1.01> <FuncUnit> <Opcode : 'add' 'sub'> <InPorts = 2> <OutPorts = 1>
ST_2 : Operation 45 [1/1] (0.44ns)   --->   "%i_1 = select i1 %icmp_ln242, i32 %add_ln243, i32 %i_load" [mmult.cpp:242]   --->   Operation 45 'select' 'i_1' <Predicate = (icmp_ln240)> <Delay = 0.44> <CoreInst = "Sel">   --->   Core 73 'Sel' <Latency = 0> <II = 1> <Delay = 0.44> <FuncUnit> <Opcode : 'select'> <InPorts = 3> <OutPorts = 1>
ST_2 : Operation 46 [1/1] (0.00ns)   --->   "%trunc_ln242 = trunc i32 %i_1" [mmult.cpp:242]   --->   Operation 46 'trunc' 'trunc_ln242' <Predicate = (icmp_ln240)> <Delay = 0.00>
ST_2 : Operation 47 [1/1] (0.00ns)   --->   "%lshr_ln = partselect i3 @_ssdm_op_PartSelect.i3.i32.i32.i32, i32 %i_1, i32 2, i32 4" [mmult.cpp:242]   --->   Operation 47 'partselect' 'lshr_ln' <Predicate = (icmp_ln240)> <Delay = 0.00>
ST_2 : Operation 48 [1/1] (0.42ns)   --->   "%store_ln240 = store i31 %add_ln240, i31 %loc" [mmult.cpp:240]   --->   Operation 48 'store' 'store_ln240' <Predicate = (icmp_ln240)> <Delay = 0.42>
ST_2 : Operation 49 [1/1] (0.42ns)   --->   "%store_ln240 = store i32 %i_1, i32 %i" [mmult.cpp:240]   --->   Operation 49 'store' 'store_ln240' <Predicate = (icmp_ln240)> <Delay = 0.42>

State 3 <SV = 2> <Delay = 1.90>
ST_3 : Operation 50 [1/1] (0.00ns)   --->   "%tmp_s = bitconcatenate i6 @_ssdm_op_BitConcatenate.i6.i3.i3, i3 %lshr_ln, i3 0" [mmult.cpp:246]   --->   Operation 50 'bitconcatenate' 'tmp_s' <Predicate = (icmp_ln240)> <Delay = 0.00>
ST_3 : Operation 51 [1/1] (0.44ns)   --->   "%j_4 = select i1 %icmp_ln242, i32 0, i32 %j_load" [mmult.cpp:242]   --->   Operation 51 'select' 'j_4' <Predicate = (icmp_ln240)> <Delay = 0.44> <CoreInst = "Sel">   --->   Core 73 'Sel' <Latency = 0> <II = 1> <Delay = 0.44> <FuncUnit> <Opcode : 'select'> <InPorts = 3> <OutPorts = 1>
ST_3 : Operation 52 [1/1] (0.00ns)   --->   "%trunc_ln240 = trunc i32 %j_4" [mmult.cpp:240]   --->   Operation 52 'trunc' 'trunc_ln240' <Predicate = (icmp_ln240)> <Delay = 0.00>
ST_3 : Operation 53 [1/1] (0.00ns)   --->   "%lshr_ln3 = partselect i6 @_ssdm_op_PartSelect.i6.i32.i32.i32, i32 %j_4, i32 2, i32 7" [mmult.cpp:240]   --->   Operation 53 'partselect' 'lshr_ln3' <Predicate = (icmp_ln240)> <Delay = 0.00>
ST_3 : Operation 54 [1/1] (0.78ns)   --->   "%add_ln246 = add i6 %tmp_s, i6 %lshr_ln3" [mmult.cpp:246]   --->   Operation 54 'add' 'add_ln246' <Predicate = (icmp_ln240)> <Delay = 0.78> <CoreInst = "Adder">   --->   Core 1 'Adder' <Latency = 0> <II = 1> <Delay = 0.78> <FuncUnit> <Opcode : 'add' 'sub'> <InPorts = 2> <OutPorts = 1>
ST_3 : Operation 55 [1/1] (0.00ns)   --->   "%zext_ln246 = zext i6 %add_ln246" [mmult.cpp:246]   --->   Operation 55 'zext' 'zext_ln246' <Predicate = (icmp_ln240)> <Delay = 0.00>
ST_3 : Operation 56 [1/1] (0.00ns)   --->   "%localC_addr = getelementptr i16 %localC, i64 0, i64 %zext_ln246" [mmult.cpp:246]   --->   Operation 56 'getelementptr' 'localC_addr' <Predicate = (icmp_ln240 & trunc_ln242 == 0)> <Delay = 0.00>
ST_3 : Operation 57 [1/1] (0.00ns)   --->   "%localC_1_addr = getelementptr i16 %localC_1, i64 0, i64 %zext_ln246" [mmult.cpp:246]   --->   Operation 57 'getelementptr' 'localC_1_addr' <Predicate = (icmp_ln240 & trunc_ln242 == 0)> <Delay = 0.00>
ST_3 : Operation 58 [1/1] (0.00ns)   --->   "%localC_2_addr = getelementptr i16 %localC_2, i64 0, i64 %zext_ln246" [mmult.cpp:246]   --->   Operation 58 'getelementptr' 'localC_2_addr' <Predicate = (icmp_ln240 & trunc_ln242 == 0)> <Delay = 0.00>
ST_3 : Operation 59 [1/1] (0.00ns)   --->   "%localC_3_addr = getelementptr i16 %localC_3, i64 0, i64 %zext_ln246" [mmult.cpp:246]   --->   Operation 59 'getelementptr' 'localC_3_addr' <Predicate = (icmp_ln240 & trunc_ln242 == 0)> <Delay = 0.00>
ST_3 : Operation 60 [1/1] (0.00ns)   --->   "%localC_4_addr = getelementptr i16 %localC_4, i64 0, i64 %zext_ln246" [mmult.cpp:246]   --->   Operation 60 'getelementptr' 'localC_4_addr' <Predicate = (icmp_ln240 & trunc_ln242 == 1)> <Delay = 0.00>
ST_3 : Operation 61 [1/1] (0.00ns)   --->   "%localC_5_addr = getelementptr i16 %localC_5, i64 0, i64 %zext_ln246" [mmult.cpp:246]   --->   Operation 61 'getelementptr' 'localC_5_addr' <Predicate = (icmp_ln240 & trunc_ln242 == 1)> <Delay = 0.00>
ST_3 : Operation 62 [1/1] (0.00ns)   --->   "%localC_6_addr = getelementptr i16 %localC_6, i64 0, i64 %zext_ln246" [mmult.cpp:246]   --->   Operation 62 'getelementptr' 'localC_6_addr' <Predicate = (icmp_ln240 & trunc_ln242 == 1)> <Delay = 0.00>
ST_3 : Operation 63 [1/1] (0.00ns)   --->   "%localC_7_addr = getelementptr i16 %localC_7, i64 0, i64 %zext_ln246" [mmult.cpp:246]   --->   Operation 63 'getelementptr' 'localC_7_addr' <Predicate = (icmp_ln240 & trunc_ln242 == 1)> <Delay = 0.00>
ST_3 : Operation 64 [1/1] (0.00ns)   --->   "%localC_8_addr = getelementptr i16 %localC_8, i64 0, i64 %zext_ln246" [mmult.cpp:246]   --->   Operation 64 'getelementptr' 'localC_8_addr' <Predicate = (icmp_ln240 & trunc_ln242 == 2)> <Delay = 0.00>
ST_3 : Operation 65 [1/1] (0.00ns)   --->   "%localC_9_addr = getelementptr i16 %localC_9, i64 0, i64 %zext_ln246" [mmult.cpp:246]   --->   Operation 65 'getelementptr' 'localC_9_addr' <Predicate = (icmp_ln240 & trunc_ln242 == 2)> <Delay = 0.00>
ST_3 : Operation 66 [1/1] (0.00ns)   --->   "%localC_10_addr = getelementptr i16 %localC_10, i64 0, i64 %zext_ln246" [mmult.cpp:246]   --->   Operation 66 'getelementptr' 'localC_10_addr' <Predicate = (icmp_ln240 & trunc_ln242 == 2)> <Delay = 0.00>
ST_3 : Operation 67 [1/1] (0.00ns)   --->   "%localC_11_addr = getelementptr i16 %localC_11, i64 0, i64 %zext_ln246" [mmult.cpp:246]   --->   Operation 67 'getelementptr' 'localC_11_addr' <Predicate = (icmp_ln240 & trunc_ln242 == 2)> <Delay = 0.00>
ST_3 : Operation 68 [1/1] (0.00ns)   --->   "%localC_12_addr = getelementptr i16 %localC_12, i64 0, i64 %zext_ln246" [mmult.cpp:246]   --->   Operation 68 'getelementptr' 'localC_12_addr' <Predicate = (icmp_ln240 & trunc_ln242 == 3)> <Delay = 0.00>
ST_3 : Operation 69 [1/1] (0.00ns)   --->   "%localC_13_addr = getelementptr i16 %localC_13, i64 0, i64 %zext_ln246" [mmult.cpp:246]   --->   Operation 69 'getelementptr' 'localC_13_addr' <Predicate = (icmp_ln240 & trunc_ln242 == 3)> <Delay = 0.00>
ST_3 : Operation 70 [1/1] (0.00ns)   --->   "%localC_14_addr = getelementptr i16 %localC_14, i64 0, i64 %zext_ln246" [mmult.cpp:246]   --->   Operation 70 'getelementptr' 'localC_14_addr' <Predicate = (icmp_ln240 & trunc_ln242 == 3)> <Delay = 0.00>
ST_3 : Operation 71 [1/1] (0.00ns)   --->   "%localC_15_addr = getelementptr i16 %localC_15, i64 0, i64 %zext_ln246" [mmult.cpp:246]   --->   Operation 71 'getelementptr' 'localC_15_addr' <Predicate = (icmp_ln240 & trunc_ln242 == 3)> <Delay = 0.00>
ST_3 : Operation 72 [2/2] (0.67ns)   --->   "%localC_load = load i6 %localC_addr" [mmult.cpp:246]   --->   Operation 72 'load' 'localC_load' <Predicate = (icmp_ln240 & trunc_ln242 == 0)> <Delay = 0.67> <CoreInst = "RAM_S2P_LUTRAM">   --->   Core 96 'RAM_S2P_LUTRAM' <Latency = 1> <II = 1> <Delay = 0.67> <Storage> <Opcode : 'load' 'store'> <Ports = 2> <Width = 16> <Depth = 64> <RAM>
ST_3 : Operation 73 [2/2] (0.67ns)   --->   "%localC_1_load = load i6 %localC_1_addr" [mmult.cpp:246]   --->   Operation 73 'load' 'localC_1_load' <Predicate = (icmp_ln240 & trunc_ln242 == 0)> <Delay = 0.67> <CoreInst = "RAM_S2P_LUTRAM">   --->   Core 96 'RAM_S2P_LUTRAM' <Latency = 1> <II = 1> <Delay = 0.67> <Storage> <Opcode : 'load' 'store'> <Ports = 2> <Width = 16> <Depth = 64> <RAM>
ST_3 : Operation 74 [2/2] (0.67ns)   --->   "%localC_2_load = load i6 %localC_2_addr" [mmult.cpp:246]   --->   Operation 74 'load' 'localC_2_load' <Predicate = (icmp_ln240 & trunc_ln242 == 0)> <Delay = 0.67> <CoreInst = "RAM_S2P_LUTRAM">   --->   Core 96 'RAM_S2P_LUTRAM' <Latency = 1> <II = 1> <Delay = 0.67> <Storage> <Opcode : 'load' 'store'> <Ports = 2> <Width = 16> <Depth = 64> <RAM>
ST_3 : Operation 75 [2/2] (0.67ns)   --->   "%localC_3_load = load i6 %localC_3_addr" [mmult.cpp:246]   --->   Operation 75 'load' 'localC_3_load' <Predicate = (icmp_ln240 & trunc_ln242 == 0)> <Delay = 0.67> <CoreInst = "RAM_S2P_LUTRAM">   --->   Core 96 'RAM_S2P_LUTRAM' <Latency = 1> <II = 1> <Delay = 0.67> <Storage> <Opcode : 'load' 'store'> <Ports = 2> <Width = 16> <Depth = 64> <RAM>
ST_3 : Operation 76 [2/2] (0.67ns)   --->   "%localC_4_load = load i6 %localC_4_addr" [mmult.cpp:246]   --->   Operation 76 'load' 'localC_4_load' <Predicate = (icmp_ln240 & trunc_ln242 == 1)> <Delay = 0.67> <CoreInst = "RAM_S2P_LUTRAM">   --->   Core 96 'RAM_S2P_LUTRAM' <Latency = 1> <II = 1> <Delay = 0.67> <Storage> <Opcode : 'load' 'store'> <Ports = 2> <Width = 16> <Depth = 64> <RAM>
ST_3 : Operation 77 [2/2] (0.67ns)   --->   "%localC_5_load = load i6 %localC_5_addr" [mmult.cpp:246]   --->   Operation 77 'load' 'localC_5_load' <Predicate = (icmp_ln240 & trunc_ln242 == 1)> <Delay = 0.67> <CoreInst = "RAM_S2P_LUTRAM">   --->   Core 96 'RAM_S2P_LUTRAM' <Latency = 1> <II = 1> <Delay = 0.67> <Storage> <Opcode : 'load' 'store'> <Ports = 2> <Width = 16> <Depth = 64> <RAM>
ST_3 : Operation 78 [2/2] (0.67ns)   --->   "%localC_6_load = load i6 %localC_6_addr" [mmult.cpp:246]   --->   Operation 78 'load' 'localC_6_load' <Predicate = (icmp_ln240 & trunc_ln242 == 1)> <Delay = 0.67> <CoreInst = "RAM_S2P_LUTRAM">   --->   Core 96 'RAM_S2P_LUTRAM' <Latency = 1> <II = 1> <Delay = 0.67> <Storage> <Opcode : 'load' 'store'> <Ports = 2> <Width = 16> <Depth = 64> <RAM>
ST_3 : Operation 79 [2/2] (0.67ns)   --->   "%localC_7_load = load i6 %localC_7_addr" [mmult.cpp:246]   --->   Operation 79 'load' 'localC_7_load' <Predicate = (icmp_ln240 & trunc_ln242 == 1)> <Delay = 0.67> <CoreInst = "RAM_S2P_LUTRAM">   --->   Core 96 'RAM_S2P_LUTRAM' <Latency = 1> <II = 1> <Delay = 0.67> <Storage> <Opcode : 'load' 'store'> <Ports = 2> <Width = 16> <Depth = 64> <RAM>
ST_3 : Operation 80 [2/2] (0.67ns)   --->   "%localC_8_load = load i6 %localC_8_addr" [mmult.cpp:246]   --->   Operation 80 'load' 'localC_8_load' <Predicate = (icmp_ln240 & trunc_ln242 == 2)> <Delay = 0.67> <CoreInst = "RAM_S2P_LUTRAM">   --->   Core 96 'RAM_S2P_LUTRAM' <Latency = 1> <II = 1> <Delay = 0.67> <Storage> <Opcode : 'load' 'store'> <Ports = 2> <Width = 16> <Depth = 64> <RAM>
ST_3 : Operation 81 [2/2] (0.67ns)   --->   "%localC_9_load = load i6 %localC_9_addr" [mmult.cpp:246]   --->   Operation 81 'load' 'localC_9_load' <Predicate = (icmp_ln240 & trunc_ln242 == 2)> <Delay = 0.67> <CoreInst = "RAM_S2P_LUTRAM">   --->   Core 96 'RAM_S2P_LUTRAM' <Latency = 1> <II = 1> <Delay = 0.67> <Storage> <Opcode : 'load' 'store'> <Ports = 2> <Width = 16> <Depth = 64> <RAM>
ST_3 : Operation 82 [2/2] (0.67ns)   --->   "%localC_10_load = load i6 %localC_10_addr" [mmult.cpp:246]   --->   Operation 82 'load' 'localC_10_load' <Predicate = (icmp_ln240 & trunc_ln242 == 2)> <Delay = 0.67> <CoreInst = "RAM_S2P_LUTRAM">   --->   Core 96 'RAM_S2P_LUTRAM' <Latency = 1> <II = 1> <Delay = 0.67> <Storage> <Opcode : 'load' 'store'> <Ports = 2> <Width = 16> <Depth = 64> <RAM>
ST_3 : Operation 83 [2/2] (0.67ns)   --->   "%localC_11_load = load i6 %localC_11_addr" [mmult.cpp:246]   --->   Operation 83 'load' 'localC_11_load' <Predicate = (icmp_ln240 & trunc_ln242 == 2)> <Delay = 0.67> <CoreInst = "RAM_S2P_LUTRAM">   --->   Core 96 'RAM_S2P_LUTRAM' <Latency = 1> <II = 1> <Delay = 0.67> <Storage> <Opcode : 'load' 'store'> <Ports = 2> <Width = 16> <Depth = 64> <RAM>
ST_3 : Operation 84 [2/2] (0.67ns)   --->   "%localC_12_load = load i6 %localC_12_addr" [mmult.cpp:246]   --->   Operation 84 'load' 'localC_12_load' <Predicate = (icmp_ln240 & trunc_ln242 == 3)> <Delay = 0.67> <CoreInst = "RAM_S2P_LUTRAM">   --->   Core 96 'RAM_S2P_LUTRAM' <Latency = 1> <II = 1> <Delay = 0.67> <Storage> <Opcode : 'load' 'store'> <Ports = 2> <Width = 16> <Depth = 64> <RAM>
ST_3 : Operation 85 [2/2] (0.67ns)   --->   "%localC_13_load = load i6 %localC_13_addr" [mmult.cpp:246]   --->   Operation 85 'load' 'localC_13_load' <Predicate = (icmp_ln240 & trunc_ln242 == 3)> <Delay = 0.67> <CoreInst = "RAM_S2P_LUTRAM">   --->   Core 96 'RAM_S2P_LUTRAM' <Latency = 1> <II = 1> <Delay = 0.67> <Storage> <Opcode : 'load' 'store'> <Ports = 2> <Width = 16> <Depth = 64> <RAM>
ST_3 : Operation 86 [2/2] (0.67ns)   --->   "%localC_14_load = load i6 %localC_14_addr" [mmult.cpp:246]   --->   Operation 86 'load' 'localC_14_load' <Predicate = (icmp_ln240 & trunc_ln242 == 3)> <Delay = 0.67> <CoreInst = "RAM_S2P_LUTRAM">   --->   Core 96 'RAM_S2P_LUTRAM' <Latency = 1> <II = 1> <Delay = 0.67> <Storage> <Opcode : 'load' 'store'> <Ports = 2> <Width = 16> <Depth = 64> <RAM>
ST_3 : Operation 87 [2/2] (0.67ns)   --->   "%localC_15_load = load i6 %localC_15_addr" [mmult.cpp:246]   --->   Operation 87 'load' 'localC_15_load' <Predicate = (icmp_ln240 & trunc_ln242 == 3)> <Delay = 0.67> <CoreInst = "RAM_S2P_LUTRAM">   --->   Core 96 'RAM_S2P_LUTRAM' <Latency = 1> <II = 1> <Delay = 0.67> <Storage> <Opcode : 'load' 'store'> <Ports = 2> <Width = 16> <Depth = 64> <RAM>
ST_3 : Operation 88 [1/1] (1.01ns)   --->   "%j_5 = add i32 %j_4, i32 1" [mmult.cpp:240]   --->   Operation 88 'add' 'j_5' <Predicate = (icmp_ln240)> <Delay = 1.01> <CoreInst = "Adder">   --->   Core 1 'Adder' <Latency = 0> <II = 1> <Delay = 1.01> <FuncUnit> <Opcode : 'add' 'sub'> <InPorts = 2> <OutPorts = 1>
ST_3 : Operation 89 [1/1] (0.42ns)   --->   "%store_ln240 = store i32 %j_5, i32 %j" [mmult.cpp:240]   --->   Operation 89 'store' 'store_ln240' <Predicate = (icmp_ln240)> <Delay = 0.42>
ST_3 : Operation 116 [1/1] (0.00ns)   --->   "%ret_ln0 = ret"   --->   Operation 116 'ret' 'ret_ln0' <Predicate = (!icmp_ln240)> <Delay = 0.00>

State 4 <SV = 3> <Delay = 1.72>
ST_4 : Operation 90 [1/2] (0.67ns)   --->   "%localC_load = load i6 %localC_addr" [mmult.cpp:246]   --->   Operation 90 'load' 'localC_load' <Predicate = (trunc_ln242 == 0)> <Delay = 0.67> <CoreInst = "RAM_S2P_LUTRAM">   --->   Core 96 'RAM_S2P_LUTRAM' <Latency = 1> <II = 1> <Delay = 0.67> <Storage> <Opcode : 'load' 'store'> <Ports = 2> <Width = 16> <Depth = 64> <RAM>
ST_4 : Operation 91 [1/2] (0.67ns)   --->   "%localC_1_load = load i6 %localC_1_addr" [mmult.cpp:246]   --->   Operation 91 'load' 'localC_1_load' <Predicate = (trunc_ln242 == 0)> <Delay = 0.67> <CoreInst = "RAM_S2P_LUTRAM">   --->   Core 96 'RAM_S2P_LUTRAM' <Latency = 1> <II = 1> <Delay = 0.67> <Storage> <Opcode : 'load' 'store'> <Ports = 2> <Width = 16> <Depth = 64> <RAM>
ST_4 : Operation 92 [1/2] (0.67ns)   --->   "%localC_2_load = load i6 %localC_2_addr" [mmult.cpp:246]   --->   Operation 92 'load' 'localC_2_load' <Predicate = (trunc_ln242 == 0)> <Delay = 0.67> <CoreInst = "RAM_S2P_LUTRAM">   --->   Core 96 'RAM_S2P_LUTRAM' <Latency = 1> <II = 1> <Delay = 0.67> <Storage> <Opcode : 'load' 'store'> <Ports = 2> <Width = 16> <Depth = 64> <RAM>
ST_4 : Operation 93 [1/2] (0.67ns)   --->   "%localC_3_load = load i6 %localC_3_addr" [mmult.cpp:246]   --->   Operation 93 'load' 'localC_3_load' <Predicate = (trunc_ln242 == 0)> <Delay = 0.67> <CoreInst = "RAM_S2P_LUTRAM">   --->   Core 96 'RAM_S2P_LUTRAM' <Latency = 1> <II = 1> <Delay = 0.67> <Storage> <Opcode : 'load' 'store'> <Ports = 2> <Width = 16> <Depth = 64> <RAM>
ST_4 : Operation 94 [1/1] (0.52ns)   --->   "%tmp = sparsemux i16 @_ssdm_op_SparseMux.ap_auto.4i16.i16.i2, i2 0, i16 %localC_load, i2 1, i16 %localC_1_load, i2 2, i16 %localC_2_load, i2 3, i16 %localC_3_load, i16 0, i2 %trunc_ln240" [mmult.cpp:246]   --->   Operation 94 'sparsemux' 'tmp' <Predicate = (trunc_ln242 == 0)> <Delay = 0.52> <CoreInst = "SparseMux">   --->   Core 147 'SparseMux' <Latency = 0> <II = 1> <Delay = 0.52> <FuncUnit> <Opcode : 'sparsemux'> <InPorts = 2> <OutPorts = 1>
ST_4 : Operation 95 [1/2] (0.67ns)   --->   "%localC_4_load = load i6 %localC_4_addr" [mmult.cpp:246]   --->   Operation 95 'load' 'localC_4_load' <Predicate = (trunc_ln242 == 1)> <Delay = 0.67> <CoreInst = "RAM_S2P_LUTRAM">   --->   Core 96 'RAM_S2P_LUTRAM' <Latency = 1> <II = 1> <Delay = 0.67> <Storage> <Opcode : 'load' 'store'> <Ports = 2> <Width = 16> <Depth = 64> <RAM>
ST_4 : Operation 96 [1/2] (0.67ns)   --->   "%localC_5_load = load i6 %localC_5_addr" [mmult.cpp:246]   --->   Operation 96 'load' 'localC_5_load' <Predicate = (trunc_ln242 == 1)> <Delay = 0.67> <CoreInst = "RAM_S2P_LUTRAM">   --->   Core 96 'RAM_S2P_LUTRAM' <Latency = 1> <II = 1> <Delay = 0.67> <Storage> <Opcode : 'load' 'store'> <Ports = 2> <Width = 16> <Depth = 64> <RAM>
ST_4 : Operation 97 [1/2] (0.67ns)   --->   "%localC_6_load = load i6 %localC_6_addr" [mmult.cpp:246]   --->   Operation 97 'load' 'localC_6_load' <Predicate = (trunc_ln242 == 1)> <Delay = 0.67> <CoreInst = "RAM_S2P_LUTRAM">   --->   Core 96 'RAM_S2P_LUTRAM' <Latency = 1> <II = 1> <Delay = 0.67> <Storage> <Opcode : 'load' 'store'> <Ports = 2> <Width = 16> <Depth = 64> <RAM>
ST_4 : Operation 98 [1/2] (0.67ns)   --->   "%localC_7_load = load i6 %localC_7_addr" [mmult.cpp:246]   --->   Operation 98 'load' 'localC_7_load' <Predicate = (trunc_ln242 == 1)> <Delay = 0.67> <CoreInst = "RAM_S2P_LUTRAM">   --->   Core 96 'RAM_S2P_LUTRAM' <Latency = 1> <II = 1> <Delay = 0.67> <Storage> <Opcode : 'load' 'store'> <Ports = 2> <Width = 16> <Depth = 64> <RAM>
ST_4 : Operation 99 [1/1] (0.52ns)   --->   "%tmp_1 = sparsemux i16 @_ssdm_op_SparseMux.ap_auto.4i16.i16.i2, i2 0, i16 %localC_4_load, i2 1, i16 %localC_5_load, i2 2, i16 %localC_6_load, i2 3, i16 %localC_7_load, i16 0, i2 %trunc_ln240" [mmult.cpp:246]   --->   Operation 99 'sparsemux' 'tmp_1' <Predicate = (trunc_ln242 == 1)> <Delay = 0.52> <CoreInst = "SparseMux">   --->   Core 147 'SparseMux' <Latency = 0> <II = 1> <Delay = 0.52> <FuncUnit> <Opcode : 'sparsemux'> <InPorts = 2> <OutPorts = 1>
ST_4 : Operation 100 [1/2] (0.67ns)   --->   "%localC_8_load = load i6 %localC_8_addr" [mmult.cpp:246]   --->   Operation 100 'load' 'localC_8_load' <Predicate = (trunc_ln242 == 2)> <Delay = 0.67> <CoreInst = "RAM_S2P_LUTRAM">   --->   Core 96 'RAM_S2P_LUTRAM' <Latency = 1> <II = 1> <Delay = 0.67> <Storage> <Opcode : 'load' 'store'> <Ports = 2> <Width = 16> <Depth = 64> <RAM>
ST_4 : Operation 101 [1/2] (0.67ns)   --->   "%localC_9_load = load i6 %localC_9_addr" [mmult.cpp:246]   --->   Operation 101 'load' 'localC_9_load' <Predicate = (trunc_ln242 == 2)> <Delay = 0.67> <CoreInst = "RAM_S2P_LUTRAM">   --->   Core 96 'RAM_S2P_LUTRAM' <Latency = 1> <II = 1> <Delay = 0.67> <Storage> <Opcode : 'load' 'store'> <Ports = 2> <Width = 16> <Depth = 64> <RAM>
ST_4 : Operation 102 [1/2] (0.67ns)   --->   "%localC_10_load = load i6 %localC_10_addr" [mmult.cpp:246]   --->   Operation 102 'load' 'localC_10_load' <Predicate = (trunc_ln242 == 2)> <Delay = 0.67> <CoreInst = "RAM_S2P_LUTRAM">   --->   Core 96 'RAM_S2P_LUTRAM' <Latency = 1> <II = 1> <Delay = 0.67> <Storage> <Opcode : 'load' 'store'> <Ports = 2> <Width = 16> <Depth = 64> <RAM>
ST_4 : Operation 103 [1/2] (0.67ns)   --->   "%localC_11_load = load i6 %localC_11_addr" [mmult.cpp:246]   --->   Operation 103 'load' 'localC_11_load' <Predicate = (trunc_ln242 == 2)> <Delay = 0.67> <CoreInst = "RAM_S2P_LUTRAM">   --->   Core 96 'RAM_S2P_LUTRAM' <Latency = 1> <II = 1> <Delay = 0.67> <Storage> <Opcode : 'load' 'store'> <Ports = 2> <Width = 16> <Depth = 64> <RAM>
ST_4 : Operation 104 [1/1] (0.52ns)   --->   "%tmp_2 = sparsemux i16 @_ssdm_op_SparseMux.ap_auto.4i16.i16.i2, i2 0, i16 %localC_8_load, i2 1, i16 %localC_9_load, i2 2, i16 %localC_10_load, i2 3, i16 %localC_11_load, i16 0, i2 %trunc_ln240" [mmult.cpp:246]   --->   Operation 104 'sparsemux' 'tmp_2' <Predicate = (trunc_ln242 == 2)> <Delay = 0.52> <CoreInst = "SparseMux">   --->   Core 147 'SparseMux' <Latency = 0> <II = 1> <Delay = 0.52> <FuncUnit> <Opcode : 'sparsemux'> <InPorts = 2> <OutPorts = 1>
ST_4 : Operation 105 [1/2] (0.67ns)   --->   "%localC_12_load = load i6 %localC_12_addr" [mmult.cpp:246]   --->   Operation 105 'load' 'localC_12_load' <Predicate = (trunc_ln242 == 3)> <Delay = 0.67> <CoreInst = "RAM_S2P_LUTRAM">   --->   Core 96 'RAM_S2P_LUTRAM' <Latency = 1> <II = 1> <Delay = 0.67> <Storage> <Opcode : 'load' 'store'> <Ports = 2> <Width = 16> <Depth = 64> <RAM>
ST_4 : Operation 106 [1/2] (0.67ns)   --->   "%localC_13_load = load i6 %localC_13_addr" [mmult.cpp:246]   --->   Operation 106 'load' 'localC_13_load' <Predicate = (trunc_ln242 == 3)> <Delay = 0.67> <CoreInst = "RAM_S2P_LUTRAM">   --->   Core 96 'RAM_S2P_LUTRAM' <Latency = 1> <II = 1> <Delay = 0.67> <Storage> <Opcode : 'load' 'store'> <Ports = 2> <Width = 16> <Depth = 64> <RAM>
ST_4 : Operation 107 [1/2] (0.67ns)   --->   "%localC_14_load = load i6 %localC_14_addr" [mmult.cpp:246]   --->   Operation 107 'load' 'localC_14_load' <Predicate = (trunc_ln242 == 3)> <Delay = 0.67> <CoreInst = "RAM_S2P_LUTRAM">   --->   Core 96 'RAM_S2P_LUTRAM' <Latency = 1> <II = 1> <Delay = 0.67> <Storage> <Opcode : 'load' 'store'> <Ports = 2> <Width = 16> <Depth = 64> <RAM>
ST_4 : Operation 108 [1/2] (0.67ns)   --->   "%localC_15_load = load i6 %localC_15_addr" [mmult.cpp:246]   --->   Operation 108 'load' 'localC_15_load' <Predicate = (trunc_ln242 == 3)> <Delay = 0.67> <CoreInst = "RAM_S2P_LUTRAM">   --->   Core 96 'RAM_S2P_LUTRAM' <Latency = 1> <II = 1> <Delay = 0.67> <Storage> <Opcode : 'load' 'store'> <Ports = 2> <Width = 16> <Depth = 64> <RAM>
ST_4 : Operation 109 [1/1] (0.52ns)   --->   "%tmp_3 = sparsemux i16 @_ssdm_op_SparseMux.ap_auto.4i16.i16.i2, i2 0, i16 %localC_12_load, i2 1, i16 %localC_13_load, i2 2, i16 %localC_14_load, i2 3, i16 %localC_15_load, i16 0, i2 %trunc_ln240" [mmult.cpp:246]   --->   Operation 109 'sparsemux' 'tmp_3' <Predicate = (trunc_ln242 == 3)> <Delay = 0.52> <CoreInst = "SparseMux">   --->   Core 147 'SparseMux' <Latency = 0> <II = 1> <Delay = 0.52> <FuncUnit> <Opcode : 'sparsemux'> <InPorts = 2> <OutPorts = 1>
ST_4 : Operation 110 [1/1] (0.52ns)   --->   "%tmp_4 = sparsemux i16 @_ssdm_op_SparseMux.ap_auto.4i16.i16.i2, i2 0, i16 %tmp, i2 1, i16 %tmp_1, i2 2, i16 %tmp_2, i2 3, i16 %tmp_3, i16 0, i2 %trunc_ln242" [mmult.cpp:246]   --->   Operation 110 'sparsemux' 'tmp_4' <Predicate = true> <Delay = 0.52> <CoreInst = "SparseMux">   --->   Core 147 'SparseMux' <Latency = 0> <II = 1> <Delay = 0.52> <FuncUnit> <Opcode : 'sparsemux'> <InPorts = 2> <OutPorts = 1>

State 5 <SV = 4> <Delay = 2.40>
ST_5 : Operation 111 [1/1] (0.00ns)   --->   "%specpipeline_ln242 = specpipeline void @_ssdm_op_SpecPipeline, i32 4294967295, i32 0, i32 0, i32 0, void @empty_5" [mmult.cpp:242]   --->   Operation 111 'specpipeline' 'specpipeline_ln242' <Predicate = true> <Delay = 0.00>
ST_5 : Operation 112 [1/1] (0.00ns)   --->   "%speclooptripcount_ln241 = speclooptripcount void @_ssdm_op_SpecLoopTripCount, i64 1024, i64 1024, i64 1024" [mmult.cpp:241]   --->   Operation 112 'speclooptripcount' 'speclooptripcount_ln241' <Predicate = true> <Delay = 0.00>
ST_5 : Operation 113 [1/1] (0.00ns)   --->   "%specloopname_ln240 = specloopname void @_ssdm_op_SpecLoopName, void @empty_18" [mmult.cpp:240]   --->   Operation 113 'specloopname' 'specloopname_ln240' <Predicate = true> <Delay = 0.00>
ST_5 : Operation 114 [1/1] (2.40ns)   --->   "%write_ln246 = write void @_ssdm_op_Write.m_axi.p1i16, i16 %gmem2_addr, i16 %tmp_4, i2 3" [mmult.cpp:246]   --->   Operation 114 'write' 'write_ln246' <Predicate = true> <Delay = 2.40> <CoreInst = "m_axi">   --->   Core 121 'm_axi' <Latency = 0> <II = 1> <Delay = 1.00> <Adapter> <Opcode : 'read' 'write' 'readreq' 'writereq' 'writeresp'>
ST_5 : Operation 115 [1/1] (0.00ns)   --->   "%br_ln240 = br void %for.cond35" [mmult.cpp:240]   --->   Operation 115 'br' 'br_ln240' <Predicate = true> <Delay = 0.00>


============================================================
+ Verbose Summary: Timing violations
============================================================
Target clock period: 3.300ns, clock uncertainty: 0.891ns.

 <State 1>: 0.427ns
The critical path consists of the following:
	'alloca' operation 31 bit ('loc') [23]  (0.000 ns)
	'store' operation 0 bit ('store_ln0') of constant 0 on local variable 'loc' [45]  (0.427 ns)

 <State 2>: 1.892ns
The critical path consists of the following:
	'load' operation 32 bit ('j_load', mmult.cpp:242) on local variable 'j', mmult.cpp:240 [56]  (0.000 ns)
	'icmp' operation 1 bit ('icmp_ln242', mmult.cpp:242) [62]  (1.016 ns)
	'select' operation 32 bit ('i', mmult.cpp:242) [64]  (0.449 ns)
	'store' operation 0 bit ('store_ln240', mmult.cpp:240) of variable 'i', mmult.cpp:242 on local variable 'i', mmult.cpp:240 [113]  (0.427 ns)

 <State 3>: 1.907ns
The critical path consists of the following:
	'select' operation 32 bit ('j', mmult.cpp:242) [68]  (0.449 ns)
	'add' operation 6 bit ('add_ln246', mmult.cpp:246) [71]  (0.781 ns)
	'getelementptr' operation 6 bit ('localC_addr', mmult.cpp:246) [73]  (0.000 ns)
	'load' operation 16 bit ('localC_load', mmult.cpp:246) on array 'localC' [89]  (0.677 ns)

 <State 4>: 1.727ns
The critical path consists of the following:
	'load' operation 16 bit ('localC_load', mmult.cpp:246) on array 'localC' [89]  (0.677 ns)
	'sparsemux' operation 16 bit ('tmp', mmult.cpp:246) [93]  (0.525 ns)
	'sparsemux' operation 16 bit ('tmp_4', mmult.cpp:246) [109]  (0.525 ns)

 <State 5>: 2.409ns
The critical path consists of the following:
	bus write operation ('write_ln246', mmult.cpp:246) on port 'gmem2' (mmult.cpp:246) [110]  (2.409 ns)


============================================================
+ Verbose Summary: Binding
============================================================
N/A
* FSMD analyzer results:
  - Output states:
 - Input state : 
  - Chain level:
	State 1
	State 2
	State 3
	State 4
	State 5


============================================================
+ Verbose Summary: Datapath Resource usage 
============================================================
N/A
