

================================================================
== Vitis HLS Report for 'mmult_Pipeline_readA'
================================================================
* Date:           Sun Apr 12 17:39:46 2026

* Version:        2023.2 (Build 4023990 on Oct 11 2023)
* Project:        hls_prj
* Solution:       s1 (Vivado IP Flow Target)
* Product family: zynquplus
* Target device:  xck26-sfvc784-2LV-c


================================================================
== Performance Estimates
================================================================
+ Timing: 
    * Summary: 
    +--------+---------+----------+------------+
    |  Clock |  Target | Estimated| Uncertainty|
    +--------+---------+----------+------------+
    |ap_clk  |  3.30 ns|  1.914 ns|     0.89 ns|
    +--------+---------+----------+------------+

+ Latency: 
    * Summary: 
    +---------+---------+----------+----------+------+------+---------+
    |  Latency (cycles) |  Latency (absolute) |   Interval  | Pipeline|
    |   min   |   max   |    min   |    max   |  min |  max |   Type  |
    +---------+---------+----------+----------+------+------+---------+
    |     2050|     2050|  6.765 us|  6.765 us|  2050|  2050|       no|
    +---------+---------+----------+----------+------+------+---------+

    + Detail: 
        * Instance: 
        N/A

        * Loop: 
        +----------+---------+---------+----------+-----------+-----------+------+----------+
        |          |  Latency (cycles) | Iteration|  Initiation Interval  | Trip |          |
        | Loop Name|   min   |   max   |  Latency |  achieved |   target  | Count| Pipelined|
        +----------+---------+---------+----------+-----------+-----------+------+----------+
        |- readA   |     2048|     2048|         2|          2|          1|  1024|       yes|
        +----------+---------+---------+----------+-----------+-----------+------+----------+

============================================================
+ Verbose Summary: Synthesis Manager
============================================================
InlineROM: 1
ExposeGlobal: 0
============================================================
+ Verbose Summary: CDFG Model
============================================================
IsTopModel: 0
ResetActiveHigh: 1
IsCombinational: 0
IsDatapathOnly: 0
HasWiredReturn: 1
HasMFsm: 2
HasVarLatency: 1
IsPipeline: 0
IsRtlPipelined: 0
IsInstanceOverlapped: 0
IsDontTouch: 0
HasImplIP: 0
IsGatedGlobalClock: 0

+ Individual pipeline summary: 
  * Pipeline-0: initiation interval (II) = 2, depth = 3


============================================================
+ Verbose Summary: Schedule
============================================================
* Number of FSM states : 3
* Pipeline : 1
  Pipeline-0 : II = 2, D = 3, States = { 1 2 3 }
* Dataflow Pipeline: 0

* FSM state transitions: 
1 --> 2 
2 --> 3 
3 --> 

* FSM state operations: 

State 1 <SV = 0> <Delay = 0.42>
ST_1 : Operation 5 [1/1] (0.00ns)   --->   "%j = alloca i32 1" [mmult.cpp:175]   --->   Operation 5 'alloca' 'j' <Predicate = true> <Delay = 0.00>
ST_1 : Operation 6 [1/1] (0.00ns)   --->   "%i = alloca i32 1" [mmult.cpp:175]   --->   Operation 6 'alloca' 'i' <Predicate = true> <Delay = 0.00>
ST_1 : Operation 7 [1/1] (0.00ns)   --->   "%loc = alloca i32 1" [mmult.cpp:175]   --->   Operation 7 'alloca' 'loc' <Predicate = true> <Delay = 0.00>
ST_1 : Operation 8 [1/1] (0.00ns)   --->   "%specmemcore_ln0 = specmemcore void @_ssdm_op_SpecMemCore, i8 %localA, i64 666, i64 23, i64 18446744073709551615"   --->   Operation 8 'specmemcore' 'specmemcore_ln0' <Predicate = true> <Delay = 0.00>
ST_1 : Operation 9 [1/1] (0.00ns)   --->   "%specmemcore_ln0 = specmemcore void @_ssdm_op_SpecMemCore, i8 %localA_1, i64 666, i64 23, i64 18446744073709551615"   --->   Operation 9 'specmemcore' 'specmemcore_ln0' <Predicate = true> <Delay = 0.00>
ST_1 : Operation 10 [1/1] (0.00ns)   --->   "%specmemcore_ln0 = specmemcore void @_ssdm_op_SpecMemCore, i8 %localA_2, i64 666, i64 23, i64 18446744073709551615"   --->   Operation 10 'specmemcore' 'specmemcore_ln0' <Predicate = true> <Delay = 0.00>
ST_1 : Operation 11 [1/1] (0.00ns)   --->   "%specmemcore_ln0 = specmemcore void @_ssdm_op_SpecMemCore, i8 %localA_3, i64 666, i64 23, i64 18446744073709551615"   --->   Operation 11 'specmemcore' 'specmemcore_ln0' <Predicate = true> <Delay = 0.00>
ST_1 : Operation 12 [1/1] (0.00ns)   --->   "%specinterface_ln0 = specinterface void @_ssdm_op_SpecInterface, i8 %a, void @empty, i32 0, i32 0, void @empty_0, i32 4294967295, i32 0, void @empty_0, void @empty_0, void @empty_0, i32 0, i32 0, i32 0, i32 0, void @empty_0, void @empty_0, i32 4294967295, i32 0"   --->   Operation 12 'specinterface' 'specinterface_ln0' <Predicate = true> <Delay = 0.00>
ST_1 : Operation 13 [1/1] (0.00ns)   --->   "%a_col_read = read i32 @_ssdm_op_Read.ap_auto.i32, i32 %a_col"   --->   Operation 13 'read' 'a_col_read' <Predicate = true> <Delay = 0.00>
ST_1 : Operation 14 [1/1] (0.00ns)   --->   "%mul_read = read i32 @_ssdm_op_Read.ap_auto.i32, i32 %mul"   --->   Operation 14 'read' 'mul_read' <Predicate = true> <Delay = 0.00>
ST_1 : Operation 15 [1/1] (0.42ns)   --->   "%store_ln175 = store i31 0, i31 %loc" [mmult.cpp:175]   --->   Operation 15 'store' 'store_ln175' <Predicate = true> <Delay = 0.42>
ST_1 : Operation 16 [1/1] (0.42ns)   --->   "%store_ln175 = store i32 0, i32 %i" [mmult.cpp:175]   --->   Operation 16 'store' 'store_ln175' <Predicate = true> <Delay = 0.42>
ST_1 : Operation 17 [1/1] (0.42ns)   --->   "%store_ln175 = store i32 0, i32 %j" [mmult.cpp:175]   --->   Operation 17 'store' 'store_ln175' <Predicate = true> <Delay = 0.42>
ST_1 : Operation 18 [1/1] (0.00ns)   --->   "%br_ln0 = br void %for.body"   --->   Operation 18 'br' 'br_ln0' <Predicate = true> <Delay = 0.00>

State 2 <SV = 1> <Delay = 1.23>
ST_2 : Operation 19 [1/1] (0.00ns)   --->   "%loc_2 = load i31 %loc" [mmult.cpp:175]   --->   Operation 19 'load' 'loc_2' <Predicate = true> <Delay = 0.00>
ST_2 : Operation 20 [1/1] (0.00ns)   --->   "%zext_ln175 = zext i31 %loc_2" [mmult.cpp:175]   --->   Operation 20 'zext' 'zext_ln175' <Predicate = true> <Delay = 0.00>
ST_2 : Operation 21 [1/1] (1.01ns)   --->   "%icmp_ln175 = icmp_slt  i32 %zext_ln175, i32 %mul_read" [mmult.cpp:175]   --->   Operation 21 'icmp' 'icmp_ln175' <Predicate = true> <Delay = 1.01> <CoreInst = "Cmp">   --->   Core 9 'Cmp' <Latency = 0> <II = 1> <Delay = 1.01> <FuncUnit> <Opcode : 'icmp'> <InPorts = 2> <OutPorts = 1>
ST_2 : Operation 22 [1/1] (1.00ns)   --->   "%add_ln175 = add i31 %loc_2, i31 1" [mmult.cpp:175]   --->   Operation 22 'add' 'add_ln175' <Predicate = true> <Delay = 1.00> <CoreInst = "Adder">   --->   Core 1 'Adder' <Latency = 0> <II = 1> <Delay = 1.00> <FuncUnit> <Opcode : 'add' 'sub'> <InPorts = 2> <OutPorts = 1>
ST_2 : Operation 23 [1/1] (0.00ns)   --->   "%br_ln175 = br i1 %icmp_ln175, void %readB.loopexit.exitStub, void %for.body.split" [mmult.cpp:175]   --->   Operation 23 'br' 'br_ln175' <Predicate = true> <Delay = 0.00>
ST_2 : Operation 24 [1/1] (0.00ns)   --->   "%j_load = load i32 %j" [mmult.cpp:177]   --->   Operation 24 'load' 'j_load' <Predicate = (icmp_ln175)> <Delay = 0.00>
ST_2 : Operation 25 [1/1] (0.00ns)   --->   "%i_load = load i32 %i" [mmult.cpp:178]   --->   Operation 25 'load' 'i_load' <Predicate = (icmp_ln175)> <Delay = 0.00>
ST_2 : Operation 26 [1/1] (0.00ns)   --->   "%zext_ln175_1 = zext i31 %loc_2" [mmult.cpp:175]   --->   Operation 26 'zext' 'zext_ln175_1' <Predicate = (icmp_ln175)> <Delay = 0.00>
ST_2 : Operation 27 [1/1] (1.01ns)   --->   "%icmp_ln177 = icmp_eq  i32 %j_load, i32 %a_col_read" [mmult.cpp:177]   --->   Operation 27 'icmp' 'icmp_ln177' <Predicate = (icmp_ln175)> <Delay = 1.01> <CoreInst = "Cmp">   --->   Core 9 'Cmp' <Latency = 0> <II = 1> <Delay = 1.01> <FuncUnit> <Opcode : 'icmp'> <InPorts = 2> <OutPorts = 1>
ST_2 : Operation 28 [1/1] (1.01ns)   --->   "%add_ln178 = add i32 %i_load, i32 1" [mmult.cpp:178]   --->   Operation 28 'add' 'add_ln178' <Predicate = (icmp_ln175)> <Delay = 1.01> <CoreInst = "Adder">   --->   Core 1 'Adder' <Latency = 0> <II = 1> <Delay = 1.01> <FuncUnit> <Opcode : 'add' 'sub'> <InPorts = 2> <OutPorts = 1>
ST_2 : Operation 29 [1/1] (0.00ns)   --->   "%a_addr = getelementptr i8 %a, i64 0, i64 %zext_ln175_1" [mmult.cpp:181]   --->   Operation 29 'getelementptr' 'a_addr' <Predicate = (icmp_ln175)> <Delay = 0.00>
ST_2 : Operation 30 [2/2] (1.23ns)   --->   "%a_load = load i10 %a_addr" [mmult.cpp:181]   --->   Operation 30 'load' 'a_load' <Predicate = (icmp_ln175)> <Delay = 1.23> <CoreInst = "RAM">   --->   Core 83 'RAM' <Latency = 1> <II = 1> <Delay = 1.23> <Storage> <Opcode : 'load' 'store'> <Ports = 2> <Width = 8> <Depth = 1024> <RAM>
ST_2 : Operation 61 [1/1] (0.00ns)   --->   "%ret_ln0 = ret"   --->   Operation 61 'ret' 'ret_ln0' <Predicate = (!icmp_ln175)> <Delay = 0.00>

State 3 <SV = 2> <Delay = 1.91>
ST_3 : Operation 31 [1/1] (0.00ns)   --->   "%specpipeline_ln175 = specpipeline void @_ssdm_op_SpecPipeline, i32 4294967295, i32 0, i32 0, i32 0, void @empty_0" [mmult.cpp:175]   --->   Operation 31 'specpipeline' 'specpipeline_ln175' <Predicate = true> <Delay = 0.00>
ST_3 : Operation 32 [1/1] (0.00ns)   --->   "%speclooptripcount_ln176 = speclooptripcount void @_ssdm_op_SpecLoopTripCount, i64 1024, i64 1024, i64 1024" [mmult.cpp:176]   --->   Operation 32 'speclooptripcount' 'speclooptripcount_ln176' <Predicate = true> <Delay = 0.00>
ST_3 : Operation 33 [1/1] (0.00ns)   --->   "%specloopname_ln175 = specloopname void @_ssdm_op_SpecLoopName, void @empty_6" [mmult.cpp:175]   --->   Operation 33 'specloopname' 'specloopname_ln175' <Predicate = true> <Delay = 0.00>
ST_3 : Operation 34 [1/1] (0.44ns)   --->   "%j_8 = select i1 %icmp_ln177, i32 0, i32 %j_load" [mmult.cpp:177]   --->   Operation 34 'select' 'j_8' <Predicate = true> <Delay = 0.44> <CoreInst = "Sel">   --->   Core 73 'Sel' <Latency = 0> <II = 1> <Delay = 0.44> <FuncUnit> <Opcode : 'select'> <InPorts = 3> <OutPorts = 1>
ST_3 : Operation 35 [1/1] (0.44ns)   --->   "%i_3 = select i1 %icmp_ln177, i32 %add_ln178, i32 %i_load" [mmult.cpp:177]   --->   Operation 35 'select' 'i_3' <Predicate = true> <Delay = 0.44> <CoreInst = "Sel">   --->   Core 73 'Sel' <Latency = 0> <II = 1> <Delay = 0.44> <FuncUnit> <Opcode : 'select'> <InPorts = 3> <OutPorts = 1>
ST_3 : Operation 36 [1/1] (0.00ns)   --->   "%trunc_ln175 = trunc i32 %i_3" [mmult.cpp:175]   --->   Operation 36 'trunc' 'trunc_ln175' <Predicate = true> <Delay = 0.00>
ST_3 : Operation 37 [1/1] (0.00ns)   --->   "%lshr_ln = partselect i3 @_ssdm_op_PartSelect.i3.i32.i32.i32, i32 %i_3, i32 2, i32 4" [mmult.cpp:175]   --->   Operation 37 'partselect' 'lshr_ln' <Predicate = true> <Delay = 0.00>
ST_3 : Operation 38 [1/1] (0.00ns)   --->   "%tmp_s = bitconcatenate i8 @_ssdm_op_BitConcatenate.i8.i3.i5, i3 %lshr_ln, i5 0" [mmult.cpp:181]   --->   Operation 38 'bitconcatenate' 'tmp_s' <Predicate = true> <Delay = 0.00>
ST_3 : Operation 39 [1/1] (0.00ns)   --->   "%trunc_ln181 = trunc i32 %j_8" [mmult.cpp:181]   --->   Operation 39 'trunc' 'trunc_ln181' <Predicate = true> <Delay = 0.00>
ST_3 : Operation 40 [1/1] (0.76ns)   --->   "%add_ln181 = add i8 %tmp_s, i8 %trunc_ln181" [mmult.cpp:181]   --->   Operation 40 'add' 'add_ln181' <Predicate = true> <Delay = 0.76> <CoreInst = "Adder">   --->   Core 1 'Adder' <Latency = 0> <II = 1> <Delay = 0.76> <FuncUnit> <Opcode : 'add' 'sub'> <InPorts = 2> <OutPorts = 1>
ST_3 : Operation 41 [1/1] (0.00ns)   --->   "%zext_ln181 = zext i8 %add_ln181" [mmult.cpp:181]   --->   Operation 41 'zext' 'zext_ln181' <Predicate = true> <Delay = 0.00>
ST_3 : Operation 42 [1/1] (0.00ns)   --->   "%localA_addr = getelementptr i8 %localA, i64 0, i64 %zext_ln181" [mmult.cpp:181]   --->   Operation 42 'getelementptr' 'localA_addr' <Predicate = true> <Delay = 0.00>
ST_3 : Operation 43 [1/1] (0.00ns)   --->   "%localA_1_addr = getelementptr i8 %localA_1, i64 0, i64 %zext_ln181" [mmult.cpp:181]   --->   Operation 43 'getelementptr' 'localA_1_addr' <Predicate = true> <Delay = 0.00>
ST_3 : Operation 44 [1/1] (0.00ns)   --->   "%localA_2_addr = getelementptr i8 %localA_2, i64 0, i64 %zext_ln181" [mmult.cpp:181]   --->   Operation 44 'getelementptr' 'localA_2_addr' <Predicate = true> <Delay = 0.00>
ST_3 : Operation 45 [1/1] (0.00ns)   --->   "%localA_3_addr = getelementptr i8 %localA_3, i64 0, i64 %zext_ln181" [mmult.cpp:181]   --->   Operation 45 'getelementptr' 'localA_3_addr' <Predicate = true> <Delay = 0.00>
ST_3 : Operation 46 [1/2] (1.23ns)   --->   "%a_load = load i10 %a_addr" [mmult.cpp:181]   --->   Operation 46 'load' 'a_load' <Predicate = true> <Delay = 1.23> <CoreInst = "RAM">   --->   Core 83 'RAM' <Latency = 1> <II = 1> <Delay = 1.23> <Storage> <Opcode : 'load' 'store'> <Ports = 2> <Width = 8> <Depth = 1024> <RAM>
ST_3 : Operation 47 [1/1] (0.73ns)   --->   "%switch_ln181 = switch i2 %trunc_ln175, void %arrayidx54.0.0.03.case.3, i2 0, void %arrayidx54.0.0.03.case.0, i2 1, void %arrayidx54.0.0.03.case.1, i2 2, void %arrayidx54.0.0.03.case.2" [mmult.cpp:181]   --->   Operation 47 'switch' 'switch_ln181' <Predicate = true> <Delay = 0.73>
ST_3 : Operation 48 [1/1] (0.67ns)   --->   "%store_ln181 = store i8 %a_load, i8 %localA_2_addr" [mmult.cpp:181]   --->   Operation 48 'store' 'store_ln181' <Predicate = (trunc_ln175 == 2)> <Delay = 0.67> <CoreInst = "RAM_2P_LUTRAM">   --->   Core 93 'RAM_2P_LUTRAM' <Latency = 1> <II = 1> <Delay = 0.67> <Storage> <Opcode : 'load' 'store'> <Ports = 2> <Width = 8> <Depth = 256> <RAM>
ST_3 : Operation 49 [1/1] (0.00ns)   --->   "%br_ln181 = br void %arrayidx54.0.0.03.exit" [mmult.cpp:181]   --->   Operation 49 'br' 'br_ln181' <Predicate = (trunc_ln175 == 2)> <Delay = 0.00>
ST_3 : Operation 50 [1/1] (0.67ns)   --->   "%store_ln181 = store i8 %a_load, i8 %localA_1_addr" [mmult.cpp:181]   --->   Operation 50 'store' 'store_ln181' <Predicate = (trunc_ln175 == 1)> <Delay = 0.67> <CoreInst = "RAM_2P_LUTRAM">   --->   Core 93 'RAM_2P_LUTRAM' <Latency = 1> <II = 1> <Delay = 0.67> <Storage> <Opcode : 'load' 'store'> <Ports = 2> <Width = 8> <Depth = 256> <RAM>
ST_3 : Operation 51 [1/1] (0.00ns)   --->   "%br_ln181 = br void %arrayidx54.0.0.03.exit" [mmult.cpp:181]   --->   Operation 51 'br' 'br_ln181' <Predicate = (trunc_ln175 == 1)> <Delay = 0.00>
ST_3 : Operation 52 [1/1] (0.67ns)   --->   "%store_ln181 = store i8 %a_load, i8 %localA_addr" [mmult.cpp:181]   --->   Operation 52 'store' 'store_ln181' <Predicate = (trunc_ln175 == 0)> <Delay = 0.67> <CoreInst = "RAM_2P_LUTRAM">   --->   Core 93 'RAM_2P_LUTRAM' <Latency = 1> <II = 1> <Delay = 0.67> <Storage> <Opcode : 'load' 'store'> <Ports = 2> <Width = 8> <Depth = 256> <RAM>
ST_3 : Operation 53 [1/1] (0.00ns)   --->   "%br_ln181 = br void %arrayidx54.0.0.03.exit" [mmult.cpp:181]   --->   Operation 53 'br' 'br_ln181' <Predicate = (trunc_ln175 == 0)> <Delay = 0.00>
ST_3 : Operation 54 [1/1] (0.67ns)   --->   "%store_ln181 = store i8 %a_load, i8 %localA_3_addr" [mmult.cpp:181]   --->   Operation 54 'store' 'store_ln181' <Predicate = (trunc_ln175 == 3)> <Delay = 0.67> <CoreInst = "RAM_2P_LUTRAM">   --->   Core 93 'RAM_2P_LUTRAM' <Latency = 1> <II = 1> <Delay = 0.67> <Storage> <Opcode : 'load' 'store'> <Ports = 2> <Width = 8> <Depth = 256> <RAM>
ST_3 : Operation 55 [1/1] (0.00ns)   --->   "%br_ln181 = br void %arrayidx54.0.0.03.exit" [mmult.cpp:181]   --->   Operation 55 'br' 'br_ln181' <Predicate = (trunc_ln175 == 3)> <Delay = 0.00>
ST_3 : Operation 56 [1/1] (1.01ns)   --->   "%j_9 = add i32 %j_8, i32 1" [mmult.cpp:175]   --->   Operation 56 'add' 'j_9' <Predicate = true> <Delay = 1.01> <CoreInst = "Adder">   --->   Core 1 'Adder' <Latency = 0> <II = 1> <Delay = 1.01> <FuncUnit> <Opcode : 'add' 'sub'> <InPorts = 2> <OutPorts = 1>
ST_3 : Operation 57 [1/1] (0.42ns)   --->   "%store_ln175 = store i31 %add_ln175, i31 %loc" [mmult.cpp:175]   --->   Operation 57 'store' 'store_ln175' <Predicate = true> <Delay = 0.42>
ST_3 : Operation 58 [1/1] (0.42ns)   --->   "%store_ln175 = store i32 %i_3, i32 %i" [mmult.cpp:175]   --->   Operation 58 'store' 'store_ln175' <Predicate = true> <Delay = 0.42>
ST_3 : Operation 59 [1/1] (0.42ns)   --->   "%store_ln175 = store i32 %j_9, i32 %j" [mmult.cpp:175]   --->   Operation 59 'store' 'store_ln175' <Predicate = true> <Delay = 0.42>
ST_3 : Operation 60 [1/1] (0.00ns)   --->   "%br_ln175 = br void %for.body" [mmult.cpp:175]   --->   Operation 60 'br' 'br_ln175' <Predicate = true> <Delay = 0.00>


============================================================
+ Verbose Summary: Binding
============================================================
STG Binding: 
---------------- STG Properties BEGIN ----------------
- Is combinational: 0
- Is one-state seq: 0
- Is datapath-only: 0
- Is pipelined: 0
- Is top level: 0
Port [ Return ] is wired: 1; IO mode=ap_ctrl_hs:ce=0
Port [ mul]:  wired=1; compound=0; hidden=0; nouse=0; global=0; static=0; extern=0; dir=0; type=0; pingpong=0; private_global=0; IO mode=ap_none:ce=0
Port [ localA_3]:  wired=1; compound=1; hidden=0; nouse=0; global=0; static=0; extern=0; dir=1; type=1; pingpong=0; private_global=0; MemPort=[30]; IO mode=ap_memory:ce=0
Port [ localA_2]:  wired=1; compound=1; hidden=0; nouse=0; global=0; static=0; extern=0; dir=1; type=1; pingpong=0; private_global=0; MemPort=[30]; IO mode=ap_memory:ce=0
Port [ localA_1]:  wired=1; compound=1; hidden=0; nouse=0; global=0; static=0; extern=0; dir=1; type=1; pingpong=0; private_global=0; MemPort=[30]; IO mode=ap_memory:ce=0
Port [ localA]:  wired=1; compound=1; hidden=0; nouse=0; global=0; static=0; extern=0; dir=1; type=1; pingpong=0; private_global=0; MemPort=[30]; IO mode=ap_memory:ce=0
Port [ a_col]:  wired=1; compound=0; hidden=0; nouse=0; global=0; static=0; extern=0; dir=0; type=0; pingpong=0; private_global=0; IO mode=ap_none:ce=0
Port [ a]:  wired=1; compound=1; hidden=0; nouse=0; global=0; static=0; extern=0; dir=0; type=1; pingpong=0; private_global=0; MemPort=[13]; IO mode=ap_memory:ce=0
---------------- STG Properties END ------------------

---------------- Datapath Model BEGIN ----------------

<LifeTime>
<method=bitvector/>
j                       (alloca           ) [ 0111]
i                       (alloca           ) [ 0111]
loc                     (alloca           ) [ 0111]
specmemcore_ln0         (specmemcore      ) [ 0000]
specmemcore_ln0         (specmemcore      ) [ 0000]
specmemcore_ln0         (specmemcore      ) [ 0000]
specmemcore_ln0         (specmemcore      ) [ 0000]
specinterface_ln0       (specinterface    ) [ 0000]
a_col_read              (read             ) [ 0010]
mul_read                (read             ) [ 0010]
store_ln175             (store            ) [ 0000]
store_ln175             (store            ) [ 0000]
store_ln175             (store            ) [ 0000]
br_ln0                  (br               ) [ 0000]
loc_2                   (load             ) [ 0000]
zext_ln175              (zext             ) [ 0000]
icmp_ln175              (icmp             ) [ 0010]
add_ln175               (add              ) [ 0101]
br_ln175                (br               ) [ 0000]
j_load                  (load             ) [ 0101]
i_load                  (load             ) [ 0101]
zext_ln175_1            (zext             ) [ 0000]
icmp_ln177              (icmp             ) [ 0101]
add_ln178               (add              ) [ 0101]
a_addr                  (getelementptr    ) [ 0101]
specpipeline_ln175      (specpipeline     ) [ 0000]
speclooptripcount_ln176 (speclooptripcount) [ 0000]
specloopname_ln175      (specloopname     ) [ 0000]
j_8                     (select           ) [ 0000]
i_3                     (select           ) [ 0000]
trunc_ln175             (trunc            ) [ 0101]
lshr_ln                 (partselect       ) [ 0000]
tmp_s                   (bitconcatenate   ) [ 0000]
trunc_ln181             (trunc            ) [ 0000]
add_ln181               (add              ) [ 0000]
zext_ln181              (zext             ) [ 0000]
localA_addr             (getelementptr    ) [ 0000]
localA_1_addr           (getelementptr    ) [ 0000]
localA_2_addr           (getelementptr    ) [ 0000]
localA_3_addr           (getelementptr    ) [ 0000]
a_load                  (load             ) [ 0000]
switch_ln181            (switch           ) [ 0000]
store_ln181             (store            ) [ 0000]
br_ln181                (br               ) [ 0000]
store_ln181             (store            ) [ 0000]
br_ln181                (br               ) [ 0000]
store_ln181             (store            ) [ 0000]
br_ln181                (br               ) [ 0000]
store_ln181             (store            ) [ 0000]
br_ln181                (br               ) [ 0000]
j_9                     (add              ) [ 0000]
store_ln175             (store            ) [ 0000]
store_ln175             (store            ) [ 0000]
store_ln175             (store            ) [ 0000]
br_ln175                (br               ) [ 0000]
ret_ln0                 (ret              ) [ 0000]
</LifeTime>

<model>

<comp_list>
<comp id="0" class="1000" name="mul">
<pin_list>
<pin id="1" dir="1" index="0" bw="1" slack="0"/>
</pin_list>
<bind>
<StgValue><ssdm name="mul"/></StgValue>
</bind>
</comp>

<comp id="2" class="1000" name="localA_3">
<pin_list>
<pin id="3" dir="1" index="0" bw="1" slack="0"/>
</pin_list>
<bind>
<StgValue><ssdm name="localA_3"/><MemPortTyVec>3 0 </MemPortTyVec>
</StgValue>
</bind>
</comp>

<comp id="4" class="1000" name="localA_2">
<pin_list>
<pin id="5" dir="1" index="0" bw="1" slack="0"/>
</pin_list>
<bind>
<StgValue><ssdm name="localA_2"/><MemPortTyVec>3 0 </MemPortTyVec>
</StgValue>
</bind>
</comp>

<comp id="6" class="1000" name="localA_1">
<pin_list>
<pin id="7" dir="1" index="0" bw="1" slack="0"/>
</pin_list>
<bind>
<StgValue><ssdm name="localA_1"/><MemPortTyVec>3 0 </MemPortTyVec>
</StgValue>
</bind>
</comp>

<comp id="8" class="1000" name="localA">
<pin_list>
<pin id="9" dir="1" index="0" bw="1" slack="0"/>
</pin_list>
<bind>
<StgValue><ssdm name="localA"/><MemPortTyVec>3 0 </MemPortTyVec>
</StgValue>
</bind>
</comp>

<comp id="10" class="1000" name="a_col">
<pin_list>
<pin id="11" dir="1" index="0" bw="1" slack="0"/>
</pin_list>
<bind>
<StgValue><ssdm name="a_col"/></StgValue>
</bind>
</comp>

<comp id="12" class="1000" name="a">
<pin_list>
<pin id="13" dir="1" index="0" bw="1" slack="0"/>
</pin_list>
<bind>
<StgValue><ssdm name="a"/><MemPortTyVec>1 3 </MemPortTyVec>
</StgValue>
</bind>
</comp>

<comp id="14" class="1001" name="const_14">
<pin_list>
<pin id="15" dir="1" index="0" bw="1" slack="0"/>
</pin_list>
<bind>
<StgValue><ssdm name=""/></StgValue>
</bind>
</comp>

<comp id="16" class="1001" name="const_16">
<pin_list>
<pin id="17" dir="1" index="0" bw="1" slack="2147483647"/>
</pin_list>
<bind>
<StgValue><ssdm name="_ssdm_op_SpecMemCore"/></StgValue>
</bind>
</comp>

<comp id="18" class="1001" name="const_18">
<pin_list>
<pin id="19" dir="1" index="0" bw="1" slack="2147483647"/>
</pin_list>
<bind>
<StgValue><ssdm name=""/></StgValue>
</bind>
</comp>

<comp id="20" class="1001" name="const_20">
<pin_list>
<pin id="21" dir="1" index="0" bw="1" slack="2147483647"/>
</pin_list>
<bind>
<StgValue><ssdm name=""/></StgValue>
</bind>
</comp>

<comp id="22" class="1001" name="const_22">
<pin_list>
<pin id="23" dir="1" index="0" bw="1" slack="2147483647"/>
</pin_list>
<bind>
<StgValue><ssdm name=""/></StgValue>
</bind>
</comp>

<comp id="24" class="1001" name="const_24">
<pin_list>
<pin id="25" dir="1" index="0" bw="1" slack="2147483647"/>
</pin_list>
<bind>
<StgValue><ssdm name="_ssdm_op_SpecInterface"/></StgValue>
</bind>
</comp>

<comp id="26" class="1001" name="const_26">
<pin_list>
<pin id="27" dir="1" index="0" bw="1" slack="2147483647"/>
</pin_list>
<bind>
<StgValue><ssdm name="empty"/></StgValue>
</bind>
</comp>

<comp id="28" class="1001" name="const_28">
<pin_list>
<pin id="29" dir="1" index="0" bw="1" slack="0"/>
</pin_list>
<bind>
<StgValue><ssdm name=""/></StgValue>
</bind>
</comp>

<comp id="30" class="1001" name="const_30">
<pin_list>
<pin id="31" dir="1" index="0" bw="1" slack="2147483647"/>
</pin_list>
<bind>
<StgValue><ssdm name="empty_0"/></StgValue>
</bind>
</comp>

<comp id="32" class="1001" name="const_32">
<pin_list>
<pin id="33" dir="1" index="0" bw="1" slack="2147483647"/>
</pin_list>
<bind>
<StgValue><ssdm name=""/></StgValue>
</bind>
</comp>

<comp id="34" class="1001" name="const_34">
<pin_list>
<pin id="35" dir="1" index="0" bw="1" slack="0"/>
</pin_list>
<bind>
<StgValue><ssdm name="_ssdm_op_Read.ap_auto.i32"/></StgValue>
</bind>
</comp>

<comp id="36" class="1001" name="const_36">
<pin_list>
<pin id="37" dir="1" index="0" bw="1" slack="0"/>
</pin_list>
<bind>
<StgValue><ssdm name=""/></StgValue>
</bind>
</comp>

<comp id="38" class="1001" name="const_38">
<pin_list>
<pin id="39" dir="1" index="0" bw="1" slack="0"/>
</pin_list>
<bind>
<StgValue><ssdm name=""/></StgValue>
</bind>
</comp>

<comp id="40" class="1001" name="const_40">
<pin_list>
<pin id="41" dir="1" index="0" bw="1" slack="0"/>
</pin_list>
<bind>
<StgValue><ssdm name=""/></StgValue>
</bind>
</comp>

<comp id="42" class="1001" name="const_42">
<pin_list>
<pin id="43" dir="1" index="0" bw="1" slack="2147483647"/>
</pin_list>
<bind>
<StgValue><ssdm name="_ssdm_op_SpecPipeline"/></StgValue>
</bind>
</comp>

<comp id="44" class="1001" name="const_44">
<pin_list>
<pin id="45" dir="1" index="0" bw="1" slack="2147483647"/>
</pin_list>
<bind>
<StgValue><ssdm name="_ssdm_op_SpecLoopTripCount"/></StgValue>
</bind>
</comp>

<comp id="46" class="1001" name="const_46">
<pin_list>
<pin id="47" dir="1" index="0" bw="1" slack="2147483647"/>
</pin_list>
<bind>
<StgValue><ssdm name=""/></StgValue>
</bind>
</comp>

<comp id="48" class="1001" name="const_48">
<pin_list>
<pin id="49" dir="1" index="0" bw="1" slack="2147483647"/>
</pin_list>
<bind>
<StgValue><ssdm name="_ssdm_op_SpecLoopName"/></StgValue>
</bind>
</comp>

<comp id="50" class="1001" name="const_50">
<pin_list>
<pin id="51" dir="1" index="0" bw="1" slack="2147483647"/>
</pin_list>
<bind>
<StgValue><ssdm name="empty_6"/></StgValue>
</bind>
</comp>

<comp id="52" class="1001" name="const_52">
<pin_list>
<pin id="53" dir="1" index="0" bw="1" slack="0"/>
</pin_list>
<bind>
<StgValue><ssdm name="_ssdm_op_PartSelect.i3.i32.i32.i32"/></StgValue>
</bind>
</comp>

<comp id="54" class="1001" name="const_54">
<pin_list>
<pin id="55" dir="1" index="0" bw="1" slack="0"/>
</pin_list>
<bind>
<StgValue><ssdm name=""/></StgValue>
</bind>
</comp>

<comp id="56" class="1001" name="const_56">
<pin_list>
<pin id="57" dir="1" index="0" bw="1" slack="0"/>
</pin_list>
<bind>
<StgValue><ssdm name=""/></StgValue>
</bind>
</comp>

<comp id="58" class="1001" name="const_58">
<pin_list>
<pin id="59" dir="1" index="0" bw="1" slack="0"/>
</pin_list>
<bind>
<StgValue><ssdm name="_ssdm_op_BitConcatenate.i8.i3.i5"/></StgValue>
</bind>
</comp>

<comp id="60" class="1001" name="const_60">
<pin_list>
<pin id="61" dir="1" index="0" bw="1" slack="0"/>
</pin_list>
<bind>
<StgValue><ssdm name=""/></StgValue>
</bind>
</comp>

<comp id="62" class="1001" name="const_62">
<pin_list>
<pin id="63" dir="1" index="0" bw="1" slack="2147483647"/>
</pin_list>
<bind>
<StgValue><ssdm name=""/></StgValue>
</bind>
</comp>

<comp id="64" class="1001" name="const_64">
<pin_list>
<pin id="65" dir="1" index="0" bw="1" slack="2147483647"/>
</pin_list>
<bind>
<StgValue><ssdm name=""/></StgValue>
</bind>
</comp>

<comp id="66" class="1001" name="const_66">
<pin_list>
<pin id="67" dir="1" index="0" bw="1" slack="2147483647"/>
</pin_list>
<bind>
<StgValue><ssdm name=""/></StgValue>
</bind>
</comp>

<comp id="68" class="1004" name="j_fu_68">
<pin_list>
<pin id="69" dir="0" index="0" bw="1" slack="0"/>
<pin id="70" dir="1" index="1" bw="32" slack="0"/>
</pin_list>
<bind>
<opcode="alloca(26) " fcode="alloca"/>
<opset="j/1 "/>
</bind>
</comp>

<comp id="72" class="1004" name="i_fu_72">
<pin_list>
<pin id="73" dir="0" index="0" bw="1" slack="0"/>
<pin id="74" dir="1" index="1" bw="32" slack="0"/>
</pin_list>
<bind>
<opcode="alloca(26) " fcode="alloca"/>
<opset="i/1 "/>
</bind>
</comp>

<comp id="76" class="1004" name="loc_fu_76">
<pin_list>
<pin id="77" dir="0" index="0" bw="1" slack="0"/>
<pin id="78" dir="1" index="1" bw="31" slack="0"/>
</pin_list>
<bind>
<opcode="alloca(26) " fcode="alloca"/>
<opset="loc/1 "/>
</bind>
</comp>

<comp id="80" class="1004" name="a_col_read_read_fu_80">
<pin_list>
<pin id="81" dir="0" index="0" bw="32" slack="0"/>
<pin id="82" dir="0" index="1" bw="32" slack="0"/>
<pin id="83" dir="1" index="2" bw="32" slack="1"/>
</pin_list>
<bind>
<opcode="read(1150) " fcode="read"/>
<opset="a_col_read/1 "/>
</bind>
</comp>

<comp id="86" class="1004" name="mul_read_read_fu_86">
<pin_list>
<pin id="87" dir="0" index="0" bw="32" slack="0"/>
<pin id="88" dir="0" index="1" bw="32" slack="0"/>
<pin id="89" dir="1" index="2" bw="32" slack="1"/>
</pin_list>
<bind>
<opcode="read(1150) " fcode="read"/>
<opset="mul_read/1 "/>
</bind>
</comp>

<comp id="92" class="1004" name="a_addr_gep_fu_92">
<pin_list>
<pin id="93" dir="0" index="0" bw="8" slack="0"/>
<pin id="94" dir="0" index="1" bw="1" slack="0"/>
<pin id="95" dir="0" index="2" bw="31" slack="0"/>
<pin id="96" dir="1" index="3" bw="10" slack="0"/>
</pin_list>
<bind>
<opcode="getelementptr(29) " fcode="getelementptr"/>
<opset="a_addr/2 "/>
</bind>
</comp>

<comp id="99" class="1004" name="grp_access_fu_99">
<pin_list>
<pin id="100" dir="0" index="0" bw="10" slack="0"/>
<pin id="101" dir="0" index="1" bw="8" slack="2147483647"/>
<pin id="102" dir="0" index="2" bw="0" slack="2147483647"/>
<pin id="103" dir="1" index="3" bw="8" slack="0"/>
</pin_list>
<bind>
<opcode="load(27) " fcode="load"/>
<opset="a_load/2 "/>
</bind>
</comp>

<comp id="105" class="1004" name="localA_addr_gep_fu_105">
<pin_list>
<pin id="106" dir="0" index="0" bw="8" slack="0"/>
<pin id="107" dir="0" index="1" bw="1" slack="0"/>
<pin id="108" dir="0" index="2" bw="8" slack="0"/>
<pin id="109" dir="1" index="3" bw="8" slack="0"/>
</pin_list>
<bind>
<opcode="getelementptr(29) " fcode="getelementptr"/>
<opset="localA_addr/3 "/>
</bind>
</comp>

<comp id="112" class="1004" name="localA_1_addr_gep_fu_112">
<pin_list>
<pin id="113" dir="0" index="0" bw="8" slack="0"/>
<pin id="114" dir="0" index="1" bw="1" slack="0"/>
<pin id="115" dir="0" index="2" bw="8" slack="0"/>
<pin id="116" dir="1" index="3" bw="8" slack="0"/>
</pin_list>
<bind>
<opcode="getelementptr(29) " fcode="getelementptr"/>
<opset="localA_1_addr/3 "/>
</bind>
</comp>

<comp id="119" class="1004" name="localA_2_addr_gep_fu_119">
<pin_list>
<pin id="120" dir="0" index="0" bw="8" slack="0"/>
<pin id="121" dir="0" index="1" bw="1" slack="0"/>
<pin id="122" dir="0" index="2" bw="8" slack="0"/>
<pin id="123" dir="1" index="3" bw="8" slack="0"/>
</pin_list>
<bind>
<opcode="getelementptr(29) " fcode="getelementptr"/>
<opset="localA_2_addr/3 "/>
</bind>
</comp>

<comp id="126" class="1004" name="localA_3_addr_gep_fu_126">
<pin_list>
<pin id="127" dir="0" index="0" bw="8" slack="0"/>
<pin id="128" dir="0" index="1" bw="1" slack="0"/>
<pin id="129" dir="0" index="2" bw="8" slack="0"/>
<pin id="130" dir="1" index="3" bw="8" slack="0"/>
</pin_list>
<bind>
<opcode="getelementptr(29) " fcode="getelementptr"/>
<opset="localA_3_addr/3 "/>
</bind>
</comp>

<comp id="133" class="1004" name="store_ln181_access_fu_133">
<pin_list>
<pin id="134" dir="0" index="0" bw="8" slack="2147483647"/>
<pin id="135" dir="0" index="1" bw="8" slack="2147483647"/>
<pin id="136" dir="0" index="2" bw="0" slack="0"/>
<pin id="138" dir="0" index="4" bw="8" slack="0"/>
<pin id="139" dir="0" index="5" bw="8" slack="2147483647"/>
<pin id="140" dir="0" index="6" bw="0" slack="2147483647"/>
<pin id="137" dir="1" index="3" bw="8" slack="2147483647"/>
<pin id="141" dir="1" index="7" bw="8" slack="2147483647"/>
</pin_list>
<bind>
<opcode="store(28) " fcode="store"/>
<opset="store_ln181/3 "/>
</bind>
</comp>

<comp id="144" class="1004" name="store_ln181_access_fu_144">
<pin_list>
<pin id="145" dir="0" index="0" bw="8" slack="2147483647"/>
<pin id="146" dir="0" index="1" bw="8" slack="2147483647"/>
<pin id="147" dir="0" index="2" bw="0" slack="0"/>
<pin id="149" dir="0" index="4" bw="8" slack="0"/>
<pin id="150" dir="0" index="5" bw="8" slack="2147483647"/>
<pin id="151" dir="0" index="6" bw="0" slack="2147483647"/>
<pin id="148" dir="1" index="3" bw="8" slack="2147483647"/>
<pin id="152" dir="1" index="7" bw="8" slack="2147483647"/>
</pin_list>
<bind>
<opcode="store(28) " fcode="store"/>
<opset="store_ln181/3 "/>
</bind>
</comp>

<comp id="155" class="1004" name="store_ln181_access_fu_155">
<pin_list>
<pin id="156" dir="0" index="0" bw="8" slack="2147483647"/>
<pin id="157" dir="0" index="1" bw="8" slack="2147483647"/>
<pin id="158" dir="0" index="2" bw="0" slack="0"/>
<pin id="160" dir="0" index="4" bw="8" slack="0"/>
<pin id="161" dir="0" index="5" bw="8" slack="2147483647"/>
<pin id="162" dir="0" index="6" bw="0" slack="2147483647"/>
<pin id="159" dir="1" index="3" bw="8" slack="2147483647"/>
<pin id="163" dir="1" index="7" bw="8" slack="2147483647"/>
</pin_list>
<bind>
<opcode="store(28) " fcode="store"/>
<opset="store_ln181/3 "/>
</bind>
</comp>

<comp id="166" class="1004" name="store_ln181_access_fu_166">
<pin_list>
<pin id="167" dir="0" index="0" bw="8" slack="2147483647"/>
<pin id="168" dir="0" index="1" bw="8" slack="2147483647"/>
<pin id="169" dir="0" index="2" bw="0" slack="0"/>
<pin id="171" dir="0" index="4" bw="8" slack="0"/>
<pin id="172" dir="0" index="5" bw="8" slack="2147483647"/>
<pin id="173" dir="0" index="6" bw="0" slack="2147483647"/>
<pin id="170" dir="1" index="3" bw="8" slack="2147483647"/>
<pin id="174" dir="1" index="7" bw="8" slack="2147483647"/>
</pin_list>
<bind>
<opcode="store(28) " fcode="store"/>
<opset="store_ln181/3 "/>
</bind>
</comp>

<comp id="177" class="1004" name="store_ln175_store_fu_177">
<pin_list>
<pin id="178" dir="0" index="0" bw="1" slack="0"/>
<pin id="179" dir="0" index="1" bw="31" slack="0"/>
<pin id="180" dir="1" index="2" bw="0" slack="2147483647"/>
</pin_list>
<bind>
<opcode="store(28) " fcode="store"/>
<opset="store_ln175/1 "/>
</bind>
</comp>

<comp id="182" class="1004" name="store_ln175_store_fu_182">
<pin_list>
<pin id="183" dir="0" index="0" bw="1" slack="0"/>
<pin id="184" dir="0" index="1" bw="32" slack="0"/>
<pin id="185" dir="1" index="2" bw="0" slack="2147483647"/>
</pin_list>
<bind>
<opcode="store(28) " fcode="store"/>
<opset="store_ln175/1 "/>
</bind>
</comp>

<comp id="187" class="1004" name="store_ln175_store_fu_187">
<pin_list>
<pin id="188" dir="0" index="0" bw="1" slack="0"/>
<pin id="189" dir="0" index="1" bw="32" slack="0"/>
<pin id="190" dir="1" index="2" bw="0" slack="2147483647"/>
</pin_list>
<bind>
<opcode="store(28) " fcode="store"/>
<opset="store_ln175/1 "/>
</bind>
</comp>

<comp id="192" class="1004" name="loc_2_load_fu_192">
<pin_list>
<pin id="193" dir="0" index="0" bw="31" slack="1"/>
<pin id="194" dir="1" index="1" bw="31" slack="0"/>
</pin_list>
<bind>
<opcode="load(27) " fcode="load"/>
<opset="loc_2/2 "/>
</bind>
</comp>

<comp id="195" class="1004" name="zext_ln175_fu_195">
<pin_list>
<pin id="196" dir="0" index="0" bw="31" slack="0"/>
<pin id="197" dir="1" index="1" bw="32" slack="0"/>
</pin_list>
<bind>
<opcode="zext(34) " fcode="zext"/>
<opset="zext_ln175/2 "/>
</bind>
</comp>

<comp id="199" class="1004" name="icmp_ln175_fu_199">
<pin_list>
<pin id="200" dir="0" index="0" bw="31" slack="0"/>
<pin id="201" dir="0" index="1" bw="32" slack="1"/>
<pin id="202" dir="1" index="2" bw="1" slack="2147483647"/>
</pin_list>
<bind>
<opcode="icmp(45) " fcode="icmp"/>
<opset="icmp_ln175/2 "/>
</bind>
</comp>

<comp id="204" class="1004" name="add_ln175_fu_204">
<pin_list>
<pin id="205" dir="0" index="0" bw="31" slack="0"/>
<pin id="206" dir="0" index="1" bw="1" slack="0"/>
<pin id="207" dir="1" index="2" bw="31" slack="1"/>
</pin_list>
<bind>
<opcode="add(8) " fcode="add"/>
<opset="add_ln175/2 "/>
</bind>
</comp>

<comp id="210" class="1004" name="j_load_load_fu_210">
<pin_list>
<pin id="211" dir="0" index="0" bw="32" slack="1"/>
<pin id="212" dir="1" index="1" bw="32" slack="0"/>
</pin_list>
<bind>
<opcode="load(27) " fcode="load"/>
<opset="j_load/2 "/>
</bind>
</comp>

<comp id="213" class="1004" name="i_load_load_fu_213">
<pin_list>
<pin id="214" dir="0" index="0" bw="32" slack="1"/>
<pin id="215" dir="1" index="1" bw="32" slack="0"/>
</pin_list>
<bind>
<opcode="load(27) " fcode="load"/>
<opset="i_load/2 "/>
</bind>
</comp>

<comp id="216" class="1004" name="zext_ln175_1_fu_216">
<pin_list>
<pin id="217" dir="0" index="0" bw="31" slack="0"/>
<pin id="218" dir="1" index="1" bw="64" slack="0"/>
</pin_list>
<bind>
<opcode="zext(34) " fcode="zext"/>
<opset="zext_ln175_1/2 "/>
</bind>
</comp>

<comp id="221" class="1004" name="icmp_ln177_fu_221">
<pin_list>
<pin id="222" dir="0" index="0" bw="32" slack="0"/>
<pin id="223" dir="0" index="1" bw="32" slack="1"/>
<pin id="224" dir="1" index="2" bw="1" slack="1"/>
</pin_list>
<bind>
<opcode="icmp(45) " fcode="icmp"/>
<opset="icmp_ln177/2 "/>
</bind>
</comp>

<comp id="226" class="1004" name="add_ln178_fu_226">
<pin_list>
<pin id="227" dir="0" index="0" bw="32" slack="0"/>
<pin id="228" dir="0" index="1" bw="1" slack="0"/>
<pin id="229" dir="1" index="2" bw="32" slack="1"/>
</pin_list>
<bind>
<opcode="add(8) " fcode="add"/>
<opset="add_ln178/2 "/>
</bind>
</comp>

<comp id="232" class="1004" name="j_8_fu_232">
<pin_list>
<pin id="233" dir="0" index="0" bw="1" slack="1"/>
<pin id="234" dir="0" index="1" bw="1" slack="0"/>
<pin id="235" dir="0" index="2" bw="32" slack="1"/>
<pin id="236" dir="1" index="3" bw="32" slack="0"/>
</pin_list>
<bind>
<opcode="select(49) " fcode="select"/>
<opset="j_8/3 "/>
</bind>
</comp>

<comp id="238" class="1004" name="i_3_fu_238">
<pin_list>
<pin id="239" dir="0" index="0" bw="1" slack="1"/>
<pin id="240" dir="0" index="1" bw="32" slack="1"/>
<pin id="241" dir="0" index="2" bw="32" slack="1"/>
<pin id="242" dir="1" index="3" bw="32" slack="0"/>
</pin_list>
<bind>
<opcode="select(49) " fcode="select"/>
<opset="i_3/3 "/>
</bind>
</comp>

<comp id="243" class="1004" name="trunc_ln175_fu_243">
<pin_list>
<pin id="244" dir="0" index="0" bw="32" slack="0"/>
<pin id="245" dir="1" index="1" bw="2" slack="2147483647"/>
</pin_list>
<bind>
<opcode="trunc(33) " fcode="trunc"/>
<opset="trunc_ln175/3 "/>
</bind>
</comp>

<comp id="247" class="1004" name="lshr_ln_fu_247">
<pin_list>
<pin id="248" dir="0" index="0" bw="3" slack="0"/>
<pin id="249" dir="0" index="1" bw="32" slack="0"/>
<pin id="250" dir="0" index="2" bw="3" slack="0"/>
<pin id="251" dir="0" index="3" bw="4" slack="0"/>
<pin id="252" dir="1" index="4" bw="3" slack="0"/>
</pin_list>
<bind>
<opcode="partselect(1002) " fcode="partselect"/>
<opset="lshr_ln/3 "/>
</bind>
</comp>

<comp id="257" class="1004" name="tmp_s_fu_257">
<pin_list>
<pin id="258" dir="0" index="0" bw="8" slack="0"/>
<pin id="259" dir="0" index="1" bw="3" slack="0"/>
<pin id="260" dir="0" index="2" bw="1" slack="0"/>
<pin id="261" dir="1" index="3" bw="8" slack="0"/>
</pin_list>
<bind>
<opcode="bitconcatenate(1004) " fcode="bitconcatenate"/>
<opset="tmp_s/3 "/>
</bind>
</comp>

<comp id="265" class="1004" name="trunc_ln181_fu_265">
<pin_list>
<pin id="266" dir="0" index="0" bw="32" slack="0"/>
<pin id="267" dir="1" index="1" bw="8" slack="0"/>
</pin_list>
<bind>
<opcode="trunc(33) " fcode="trunc"/>
<opset="trunc_ln181/3 "/>
</bind>
</comp>

<comp id="269" class="1004" name="add_ln181_fu_269">
<pin_list>
<pin id="270" dir="0" index="0" bw="8" slack="0"/>
<pin id="271" dir="0" index="1" bw="8" slack="0"/>
<pin id="272" dir="1" index="2" bw="8" slack="0"/>
</pin_list>
<bind>
<opcode="add(8) " fcode="add"/>
<opset="add_ln181/3 "/>
</bind>
</comp>

<comp id="275" class="1004" name="zext_ln181_fu_275">
<pin_list>
<pin id="276" dir="0" index="0" bw="8" slack="0"/>
<pin id="277" dir="1" index="1" bw="64" slack="0"/>
</pin_list>
<bind>
<opcode="zext(34) " fcode="zext"/>
<opset="zext_ln181/3 "/>
</bind>
</comp>

<comp id="283" class="1004" name="j_9_fu_283">
<pin_list>
<pin id="284" dir="0" index="0" bw="32" slack="0"/>
<pin id="285" dir="0" index="1" bw="1" slack="0"/>
<pin id="286" dir="1" index="2" bw="32" slack="0"/>
</pin_list>
<bind>
<opcode="add(8) " fcode="add"/>
<opset="j_9/3 "/>
</bind>
</comp>

<comp id="289" class="1004" name="store_ln175_store_fu_289">
<pin_list>
<pin id="290" dir="0" index="0" bw="31" slack="1"/>
<pin id="291" dir="0" index="1" bw="31" slack="2"/>
<pin id="292" dir="1" index="2" bw="0" slack="2147483647"/>
</pin_list>
<bind>
<opcode="store(28) " fcode="store"/>
<opset="store_ln175/3 "/>
</bind>
</comp>

<comp id="293" class="1004" name="store_ln175_store_fu_293">
<pin_list>
<pin id="294" dir="0" index="0" bw="32" slack="0"/>
<pin id="295" dir="0" index="1" bw="32" slack="2"/>
<pin id="296" dir="1" index="2" bw="0" slack="2147483647"/>
</pin_list>
<bind>
<opcode="store(28) " fcode="store"/>
<opset="store_ln175/3 "/>
</bind>
</comp>

<comp id="298" class="1004" name="store_ln175_store_fu_298">
<pin_list>
<pin id="299" dir="0" index="0" bw="32" slack="0"/>
<pin id="300" dir="0" index="1" bw="32" slack="2"/>
<pin id="301" dir="1" index="2" bw="0" slack="2147483647"/>
</pin_list>
<bind>
<opcode="store(28) " fcode="store"/>
<opset="store_ln175/3 "/>
</bind>
</comp>

<comp id="303" class="1005" name="j_reg_303">
<pin_list>
<pin id="304" dir="0" index="0" bw="32" slack="0"/>
<pin id="305" dir="1" index="1" bw="32" slack="0"/>
</pin_list>
<bind>
<opset="j "/>
</bind>
</comp>

<comp id="310" class="1005" name="i_reg_310">
<pin_list>
<pin id="311" dir="0" index="0" bw="32" slack="0"/>
<pin id="312" dir="1" index="1" bw="32" slack="0"/>
</pin_list>
<bind>
<opset="i "/>
</bind>
</comp>

<comp id="317" class="1005" name="loc_reg_317">
<pin_list>
<pin id="318" dir="0" index="0" bw="31" slack="0"/>
<pin id="319" dir="1" index="1" bw="31" slack="0"/>
</pin_list>
<bind>
<opset="loc "/>
</bind>
</comp>

<comp id="324" class="1005" name="a_col_read_reg_324">
<pin_list>
<pin id="325" dir="0" index="0" bw="32" slack="1"/>
<pin id="326" dir="1" index="1" bw="32" slack="1"/>
</pin_list>
<bind>
<opset="a_col_read "/>
</bind>
</comp>

<comp id="329" class="1005" name="mul_read_reg_329">
<pin_list>
<pin id="330" dir="0" index="0" bw="32" slack="1"/>
<pin id="331" dir="1" index="1" bw="32" slack="1"/>
</pin_list>
<bind>
<opset="mul_read "/>
</bind>
</comp>

<comp id="337" class="1005" name="add_ln175_reg_337">
<pin_list>
<pin id="338" dir="0" index="0" bw="31" slack="1"/>
<pin id="339" dir="1" index="1" bw="31" slack="1"/>
</pin_list>
<bind>
<opset="add_ln175 "/>
</bind>
</comp>

<comp id="342" class="1005" name="j_load_reg_342">
<pin_list>
<pin id="343" dir="0" index="0" bw="32" slack="1"/>
<pin id="344" dir="1" index="1" bw="32" slack="1"/>
</pin_list>
<bind>
<opset="j_load "/>
</bind>
</comp>

<comp id="347" class="1005" name="i_load_reg_347">
<pin_list>
<pin id="348" dir="0" index="0" bw="32" slack="1"/>
<pin id="349" dir="1" index="1" bw="32" slack="1"/>
</pin_list>
<bind>
<opset="i_load "/>
</bind>
</comp>

<comp id="352" class="1005" name="icmp_ln177_reg_352">
<pin_list>
<pin id="353" dir="0" index="0" bw="1" slack="1"/>
<pin id="354" dir="1" index="1" bw="1" slack="1"/>
</pin_list>
<bind>
<opset="icmp_ln177 "/>
</bind>
</comp>

<comp id="358" class="1005" name="add_ln178_reg_358">
<pin_list>
<pin id="359" dir="0" index="0" bw="32" slack="1"/>
<pin id="360" dir="1" index="1" bw="32" slack="1"/>
</pin_list>
<bind>
<opset="add_ln178 "/>
</bind>
</comp>

<comp id="363" class="1005" name="a_addr_reg_363">
<pin_list>
<pin id="364" dir="0" index="0" bw="10" slack="1"/>
<pin id="365" dir="1" index="1" bw="10" slack="1"/>
</pin_list>
<bind>
<opset="a_addr "/>
</bind>
</comp>

</comp_list>

<net_list>
<net id="71"><net_src comp="14" pin="0"/><net_sink comp="68" pin=0"/></net>

<net id="75"><net_src comp="14" pin="0"/><net_sink comp="72" pin=0"/></net>

<net id="79"><net_src comp="14" pin="0"/><net_sink comp="76" pin=0"/></net>

<net id="84"><net_src comp="34" pin="0"/><net_sink comp="80" pin=0"/></net>

<net id="85"><net_src comp="10" pin="0"/><net_sink comp="80" pin=1"/></net>

<net id="90"><net_src comp="34" pin="0"/><net_sink comp="86" pin=0"/></net>

<net id="91"><net_src comp="0" pin="0"/><net_sink comp="86" pin=1"/></net>

<net id="97"><net_src comp="12" pin="0"/><net_sink comp="92" pin=0"/></net>

<net id="98"><net_src comp="40" pin="0"/><net_sink comp="92" pin=1"/></net>

<net id="104"><net_src comp="92" pin="3"/><net_sink comp="99" pin=0"/></net>

<net id="110"><net_src comp="8" pin="0"/><net_sink comp="105" pin=0"/></net>

<net id="111"><net_src comp="40" pin="0"/><net_sink comp="105" pin=1"/></net>

<net id="117"><net_src comp="6" pin="0"/><net_sink comp="112" pin=0"/></net>

<net id="118"><net_src comp="40" pin="0"/><net_sink comp="112" pin=1"/></net>

<net id="124"><net_src comp="4" pin="0"/><net_sink comp="119" pin=0"/></net>

<net id="125"><net_src comp="40" pin="0"/><net_sink comp="119" pin=1"/></net>

<net id="131"><net_src comp="2" pin="0"/><net_sink comp="126" pin=0"/></net>

<net id="132"><net_src comp="40" pin="0"/><net_sink comp="126" pin=1"/></net>

<net id="142"><net_src comp="99" pin="3"/><net_sink comp="133" pin=4"/></net>

<net id="143"><net_src comp="119" pin="3"/><net_sink comp="133" pin=2"/></net>

<net id="153"><net_src comp="99" pin="3"/><net_sink comp="144" pin=4"/></net>

<net id="154"><net_src comp="112" pin="3"/><net_sink comp="144" pin=2"/></net>

<net id="164"><net_src comp="99" pin="3"/><net_sink comp="155" pin=4"/></net>

<net id="165"><net_src comp="105" pin="3"/><net_sink comp="155" pin=2"/></net>

<net id="175"><net_src comp="99" pin="3"/><net_sink comp="166" pin=4"/></net>

<net id="176"><net_src comp="126" pin="3"/><net_sink comp="166" pin=2"/></net>

<net id="181"><net_src comp="36" pin="0"/><net_sink comp="177" pin=0"/></net>

<net id="186"><net_src comp="28" pin="0"/><net_sink comp="182" pin=0"/></net>

<net id="191"><net_src comp="28" pin="0"/><net_sink comp="187" pin=0"/></net>

<net id="198"><net_src comp="192" pin="1"/><net_sink comp="195" pin=0"/></net>

<net id="203"><net_src comp="195" pin="1"/><net_sink comp="199" pin=0"/></net>

<net id="208"><net_src comp="192" pin="1"/><net_sink comp="204" pin=0"/></net>

<net id="209"><net_src comp="38" pin="0"/><net_sink comp="204" pin=1"/></net>

<net id="219"><net_src comp="192" pin="1"/><net_sink comp="216" pin=0"/></net>

<net id="220"><net_src comp="216" pin="1"/><net_sink comp="92" pin=2"/></net>

<net id="225"><net_src comp="210" pin="1"/><net_sink comp="221" pin=0"/></net>

<net id="230"><net_src comp="213" pin="1"/><net_sink comp="226" pin=0"/></net>

<net id="231"><net_src comp="14" pin="0"/><net_sink comp="226" pin=1"/></net>

<net id="237"><net_src comp="28" pin="0"/><net_sink comp="232" pin=1"/></net>

<net id="246"><net_src comp="238" pin="3"/><net_sink comp="243" pin=0"/></net>

<net id="253"><net_src comp="52" pin="0"/><net_sink comp="247" pin=0"/></net>

<net id="254"><net_src comp="238" pin="3"/><net_sink comp="247" pin=1"/></net>

<net id="255"><net_src comp="54" pin="0"/><net_sink comp="247" pin=2"/></net>

<net id="256"><net_src comp="56" pin="0"/><net_sink comp="247" pin=3"/></net>

<net id="262"><net_src comp="58" pin="0"/><net_sink comp="257" pin=0"/></net>

<net id="263"><net_src comp="247" pin="4"/><net_sink comp="257" pin=1"/></net>

<net id="264"><net_src comp="60" pin="0"/><net_sink comp="257" pin=2"/></net>

<net id="268"><net_src comp="232" pin="3"/><net_sink comp="265" pin=0"/></net>

<net id="273"><net_src comp="257" pin="3"/><net_sink comp="269" pin=0"/></net>

<net id="274"><net_src comp="265" pin="1"/><net_sink comp="269" pin=1"/></net>

<net id="278"><net_src comp="269" pin="2"/><net_sink comp="275" pin=0"/></net>

<net id="279"><net_src comp="275" pin="1"/><net_sink comp="105" pin=2"/></net>

<net id="280"><net_src comp="275" pin="1"/><net_sink comp="112" pin=2"/></net>

<net id="281"><net_src comp="275" pin="1"/><net_sink comp="119" pin=2"/></net>

<net id="282"><net_src comp="275" pin="1"/><net_sink comp="126" pin=2"/></net>

<net id="287"><net_src comp="232" pin="3"/><net_sink comp="283" pin=0"/></net>

<net id="288"><net_src comp="14" pin="0"/><net_sink comp="283" pin=1"/></net>

<net id="297"><net_src comp="238" pin="3"/><net_sink comp="293" pin=0"/></net>

<net id="302"><net_src comp="283" pin="2"/><net_sink comp="298" pin=0"/></net>

<net id="306"><net_src comp="68" pin="1"/><net_sink comp="303" pin=0"/></net>

<net id="307"><net_src comp="303" pin="1"/><net_sink comp="187" pin=1"/></net>

<net id="308"><net_src comp="303" pin="1"/><net_sink comp="210" pin=0"/></net>

<net id="309"><net_src comp="303" pin="1"/><net_sink comp="298" pin=1"/></net>

<net id="313"><net_src comp="72" pin="1"/><net_sink comp="310" pin=0"/></net>

<net id="314"><net_src comp="310" pin="1"/><net_sink comp="182" pin=1"/></net>

<net id="315"><net_src comp="310" pin="1"/><net_sink comp="213" pin=0"/></net>

<net id="316"><net_src comp="310" pin="1"/><net_sink comp="293" pin=1"/></net>

<net id="320"><net_src comp="76" pin="1"/><net_sink comp="317" pin=0"/></net>

<net id="321"><net_src comp="317" pin="1"/><net_sink comp="177" pin=1"/></net>

<net id="322"><net_src comp="317" pin="1"/><net_sink comp="192" pin=0"/></net>

<net id="323"><net_src comp="317" pin="1"/><net_sink comp="289" pin=1"/></net>

<net id="327"><net_src comp="80" pin="2"/><net_sink comp="324" pin=0"/></net>

<net id="328"><net_src comp="324" pin="1"/><net_sink comp="221" pin=1"/></net>

<net id="332"><net_src comp="86" pin="2"/><net_sink comp="329" pin=0"/></net>

<net id="333"><net_src comp="329" pin="1"/><net_sink comp="199" pin=1"/></net>

<net id="340"><net_src comp="204" pin="2"/><net_sink comp="337" pin=0"/></net>

<net id="341"><net_src comp="337" pin="1"/><net_sink comp="289" pin=0"/></net>

<net id="345"><net_src comp="210" pin="1"/><net_sink comp="342" pin=0"/></net>

<net id="346"><net_src comp="342" pin="1"/><net_sink comp="232" pin=2"/></net>

<net id="350"><net_src comp="213" pin="1"/><net_sink comp="347" pin=0"/></net>

<net id="351"><net_src comp="347" pin="1"/><net_sink comp="238" pin=2"/></net>

<net id="355"><net_src comp="221" pin="2"/><net_sink comp="352" pin=0"/></net>

<net id="356"><net_src comp="352" pin="1"/><net_sink comp="232" pin=0"/></net>

<net id="357"><net_src comp="352" pin="1"/><net_sink comp="238" pin=0"/></net>

<net id="361"><net_src comp="226" pin="2"/><net_sink comp="358" pin=0"/></net>

<net id="362"><net_src comp="358" pin="1"/><net_sink comp="238" pin=1"/></net>

<net id="366"><net_src comp="92" pin="3"/><net_sink comp="363" pin=0"/></net>

<net id="367"><net_src comp="363" pin="1"/><net_sink comp="99" pin=0"/></net>

</net_list>

</model> 
---------------- Datapath Model END ------------------

* FSMD analyzer results:
  - Output states:
	Port: localA_3 | {3 }
	Port: localA_2 | {3 }
	Port: localA_1 | {3 }
	Port: localA | {3 }
 - Input state : 
	Port: mmult_Pipeline_readA : mul | {1 }
	Port: mmult_Pipeline_readA : a_col | {1 }
	Port: mmult_Pipeline_readA : a | {2 3 }
  - Chain level:
	State 1
		store_ln175 : 1
		store_ln175 : 1
		store_ln175 : 1
	State 2
		zext_ln175 : 1
		icmp_ln175 : 2
		add_ln175 : 1
		br_ln175 : 3
		zext_ln175_1 : 1
		icmp_ln177 : 1
		add_ln178 : 1
		a_addr : 2
		a_load : 3
	State 3
		trunc_ln175 : 1
		lshr_ln : 1
		tmp_s : 2
		trunc_ln181 : 1
		add_ln181 : 3
		zext_ln181 : 4
		localA_addr : 5
		localA_1_addr : 5
		localA_2_addr : 5
		localA_3_addr : 5
		switch_ln181 : 2
		store_ln181 : 6
		store_ln181 : 6
		store_ln181 : 6
		store_ln181 : 6
		j_9 : 1
		store_ln175 : 1
		store_ln175 : 2


============================================================
+ Verbose Summary: Datapath Resource usage 
============================================================

* Functional unit list:
|----------|-----------------------|---------|---------|
| Operation|    Functional Unit    |    FF   |   LUT   |
|----------|-----------------------|---------|---------|
|          |    add_ln175_fu_204   |    0    |    38   |
|    add   |    add_ln178_fu_226   |    0    |    39   |
|          |    add_ln181_fu_269   |    0    |    15   |
|          |       j_9_fu_283      |    0    |    39   |
|----------|-----------------------|---------|---------|
|   icmp   |   icmp_ln175_fu_199   |    0    |    39   |
|          |   icmp_ln177_fu_221   |    0    |    39   |
|----------|-----------------------|---------|---------|
|  select  |       j_8_fu_232      |    0    |    32   |
|          |       i_3_fu_238      |    0    |    32   |
|----------|-----------------------|---------|---------|
|   read   | a_col_read_read_fu_80 |    0    |    0    |
|          |  mul_read_read_fu_86  |    0    |    0    |
|----------|-----------------------|---------|---------|
|          |   zext_ln175_fu_195   |    0    |    0    |
|   zext   |  zext_ln175_1_fu_216  |    0    |    0    |
|          |   zext_ln181_fu_275   |    0    |    0    |
|----------|-----------------------|---------|---------|
|   trunc  |   trunc_ln175_fu_243  |    0    |    0    |
|          |   trunc_ln181_fu_265  |    0    |    0    |
|----------|-----------------------|---------|---------|
|partselect|     lshr_ln_fu_247    |    0    |    0    |
|----------|-----------------------|---------|---------|
|bitconcatenate|      tmp_s_fu_257     |    0    |    0    |
|----------|-----------------------|---------|---------|
|   Total  |                       |    0    |   273   |
|----------|-----------------------|---------|---------|

Memories:
N/A

* Register list:
+------------------+--------+
|                  |   FF   |
+------------------+--------+
|  a_addr_reg_363  |   10   |
|a_col_read_reg_324|   32   |
| add_ln175_reg_337|   31   |
| add_ln178_reg_358|   32   |
|  i_load_reg_347  |   32   |
|     i_reg_310    |   32   |
|icmp_ln177_reg_352|    1   |
|  j_load_reg_342  |   32   |
|     j_reg_303    |   32   |
|    loc_reg_317   |   31   |
| mul_read_reg_329 |   32   |
+------------------+--------+
|       Total      |   297  |
+------------------+--------+

* Multiplexer (MUX) list: 
|------------------|------|------|------|--------||---------||---------|
|       Comp       |  Pin | Size |  BW  | S x BW ||  Delay  ||   LUT   |
|------------------|------|------|------|--------||---------||---------|
| grp_access_fu_99 |  p0  |   2  |  10  |   20   ||    9    |
|------------------|------|------|------|--------||---------||---------|
|       Total      |      |      |      |   20   ||  0.427  ||    9    |
|------------------|------|------|------|--------||---------||---------|



* Summary:
+-----------+--------+--------+--------+
|           |  Delay |   FF   |   LUT  |
+-----------+--------+--------+--------+
|  Function |    -   |    0   |   273  |
|   Memory  |    -   |    -   |    -   |
|Multiplexer|    0   |    -   |    9   |
|  Register |    -   |   297  |    -   |
+-----------+--------+--------+--------+
|   Total   |    0   |   297  |   282  |
+-----------+--------+--------+--------+
