

================================================================
== Vitis HLS Report for 'mmult'
================================================================
* Date:           Sun Apr 12 17:39:47 2026

* Version:        2023.2 (Build 4023990 on Oct 11 2023)
* Project:        hls_prj
* Solution:       s1 (Vivado IP Flow Target)
* Product family: zynquplus
* Target device:  xck26-sfvc784-2LV-c


================================================================
== Performance Estimates
================================================================
+ Timing: 
    * Summary: 
    +--------+---------+----------+------------+
    |  Clock |  Target | Estimated| Uncertainty|
    +--------+---------+----------+------------+
    |ap_clk  |  3.30 ns|  2.365 ns|     0.89 ns|
    +--------+---------+----------+------------+

+ Latency: 
    * Summary: 
    +---------+---------+----------+----------+-------+-------+---------+
    |  Latency (cycles) |  Latency (absolute) |    Interval   | Pipeline|
    |   min   |   max   |    min   |    max   |  min  |  max  |   Type  |
    +---------+---------+----------+----------+-------+-------+---------+
    |    67606|    67606|  0.223 ms|  0.223 ms|  67607|  67607|       no|
    +---------+---------+----------+----------+-------+-------+---------+

    + Detail: 
        * Instance: 
        +-------------------------------------------------------------+--------------------------------------------------+---------+---------+-----------+-----------+-------+-------+---------+
        |                                                             |                                                  |  Latency (cycles) |   Latency (absolute)  |    Interval   | Pipeline|
        |                           Instance                          |                      Module                      |   min   |   max   |    min    |    max    |  min  |  max  |   Type  |
        +-------------------------------------------------------------+--------------------------------------------------+---------+---------+-----------+-----------+-------+-------+---------+
        |grp_mmult_Pipeline_readA_fu_190                              |mmult_Pipeline_readA                              |     2050|     2050|   6.765 us|   6.765 us|   2050|   2050|       no|
        |grp_mmult_Pipeline_readB_fu_202                              |mmult_Pipeline_readB                              |     2050|     2050|   6.765 us|   6.765 us|   2050|   2050|       no|
        |grp_mmult_Pipeline_VITIS_LOOP_195_1_VITIS_LOOP_196_2_fu_214  |mmult_Pipeline_VITIS_LOOP_195_1_VITIS_LOOP_196_2  |      258|      258|   0.851 us|   0.851 us|    258|    258|       no|
        |grp_tile_process_fu_234                                      |tile_process                                      |    15873|    15873|  52.381 us|  52.381 us|  15873|  15873|       no|
        |grp_mmult_Pipeline_writeC_fu_267                             |mmult_Pipeline_writeC                             |     2051|     2051|   6.768 us|   6.768 us|   2051|   2051|       no|
        +-------------------------------------------------------------+--------------------------------------------------+---------+---------+-----------+-----------+-------+-------+---------+

        * Loop: 
        +-------------------+---------+---------+----------+-----------+-----------+------+----------+
        |                   |  Latency (cycles) | Iteration|  Initiation Interval  | Trip |          |
        |     Loop Name     |   min   |   max   |  Latency |  achieved |   target  | Count| Pipelined|
        +-------------------+---------+---------+----------+-----------+-----------+------+----------+
        |- tile_processing  |    63500|    63500|     15875|          -|          -|     4|        no|
        +-------------------+---------+---------+----------+-----------+-----------+------+----------+

============================================================
+ Verbose Summary: Synthesis Manager
============================================================
InlineROM: 1
ExposeGlobal: 0
============================================================
+ Verbose Summary: CDFG Model
============================================================
IsTopModel: 1
ResetActiveHigh: 1
IsCombinational: 0
IsDatapathOnly: 0
HasWiredReturn: 1
HasMFsm: 0
HasVarLatency: 1
IsPipeline: 0
IsRtlPipelined: 0
IsInstanceOverlapped: 0
IsDontTouch: 0
HasImplIP: 0
IsGatedGlobalClock: 0


============================================================
+ Verbose Summary: Schedule
============================================================
* Number of FSM states : 7
* Pipeline : 0
* Dataflow Pipeline: 0

* FSM state transitions: 
1 --> 2 
2 --> 3 
3 --> 4 
4 --> 5 6 
5 --> 4 
6 --> 7 
7 --> 

* FSM state operations: 

State 1 <SV = 0> <Delay = 2.36>
ST_1 : Operation 8 [1/1] (0.00ns)   --->   "%q = alloca i32 1" [mmult.cpp:203]   --->   Operation 8 'alloca' 'q' <Predicate = true> <Delay = 0.00>
ST_1 : Operation 9 [1/1] (0.00ns)   --->   "%b_col_read = read i32 @_ssdm_op_Read.ap_auto.i32, i32 %b_col"   --->   Operation 9 'read' 'b_col_read' <Predicate = true> <Delay = 0.00>
ST_1 : Operation 10 [1/1] (0.00ns)   --->   "%a_col_read = read i32 @_ssdm_op_Read.ap_auto.i32, i32 %a_col"   --->   Operation 10 'read' 'a_col_read' <Predicate = true> <Delay = 0.00>
ST_1 : Operation 11 [1/1] (0.00ns)   --->   "%a_row_read = read i32 @_ssdm_op_Read.ap_auto.i32, i32 %a_row"   --->   Operation 11 'read' 'a_row_read' <Predicate = true> <Delay = 0.00>
ST_1 : Operation 12 [1/1] (0.67ns)   --->   "%localA = alloca i64 1" [mmult.cpp:155]   --->   Operation 12 'alloca' 'localA' <Predicate = true> <Delay = 0.67> <CoreInst = "RAM_2P_LUTRAM">   --->   Core 93 'RAM_2P_LUTRAM' <Latency = 1> <II = 1> <Delay = 0.67> <Storage> <Opcode : 'load' 'store'> <Ports = 2> <Width = 8> <Depth = 256> <RAM>
ST_1 : Operation 13 [1/1] (0.67ns)   --->   "%localA_1 = alloca i64 1" [mmult.cpp:155]   --->   Operation 13 'alloca' 'localA_1' <Predicate = true> <Delay = 0.67> <CoreInst = "RAM_2P_LUTRAM">   --->   Core 93 'RAM_2P_LUTRAM' <Latency = 1> <II = 1> <Delay = 0.67> <Storage> <Opcode : 'load' 'store'> <Ports = 2> <Width = 8> <Depth = 256> <RAM>
ST_1 : Operation 14 [1/1] (0.67ns)   --->   "%localA_2 = alloca i64 1" [mmult.cpp:155]   --->   Operation 14 'alloca' 'localA_2' <Predicate = true> <Delay = 0.67> <CoreInst = "RAM_2P_LUTRAM">   --->   Core 93 'RAM_2P_LUTRAM' <Latency = 1> <II = 1> <Delay = 0.67> <Storage> <Opcode : 'load' 'store'> <Ports = 2> <Width = 8> <Depth = 256> <RAM>
ST_1 : Operation 15 [1/1] (0.67ns)   --->   "%localA_3 = alloca i64 1" [mmult.cpp:155]   --->   Operation 15 'alloca' 'localA_3' <Predicate = true> <Delay = 0.67> <CoreInst = "RAM_2P_LUTRAM">   --->   Core 93 'RAM_2P_LUTRAM' <Latency = 1> <II = 1> <Delay = 0.67> <Storage> <Opcode : 'load' 'store'> <Ports = 2> <Width = 8> <Depth = 256> <RAM>
ST_1 : Operation 16 [1/1] (0.67ns)   --->   "%localB = alloca i64 1" [mmult.cpp:160]   --->   Operation 16 'alloca' 'localB' <Predicate = true> <Delay = 0.67> <CoreInst = "RAM_2P_LUTRAM">   --->   Core 93 'RAM_2P_LUTRAM' <Latency = 1> <II = 1> <Delay = 0.67> <Storage> <Opcode : 'load' 'store'> <Ports = 2> <Width = 8> <Depth = 256> <RAM>
ST_1 : Operation 17 [1/1] (0.67ns)   --->   "%localB_1 = alloca i64 1" [mmult.cpp:160]   --->   Operation 17 'alloca' 'localB_1' <Predicate = true> <Delay = 0.67> <CoreInst = "RAM_2P_LUTRAM">   --->   Core 93 'RAM_2P_LUTRAM' <Latency = 1> <II = 1> <Delay = 0.67> <Storage> <Opcode : 'load' 'store'> <Ports = 2> <Width = 8> <Depth = 256> <RAM>
ST_1 : Operation 18 [1/1] (0.67ns)   --->   "%localB_2 = alloca i64 1" [mmult.cpp:160]   --->   Operation 18 'alloca' 'localB_2' <Predicate = true> <Delay = 0.67> <CoreInst = "RAM_2P_LUTRAM">   --->   Core 93 'RAM_2P_LUTRAM' <Latency = 1> <II = 1> <Delay = 0.67> <Storage> <Opcode : 'load' 'store'> <Ports = 2> <Width = 8> <Depth = 256> <RAM>
ST_1 : Operation 19 [1/1] (0.67ns)   --->   "%localB_3 = alloca i64 1" [mmult.cpp:160]   --->   Operation 19 'alloca' 'localB_3' <Predicate = true> <Delay = 0.67> <CoreInst = "RAM_2P_LUTRAM">   --->   Core 93 'RAM_2P_LUTRAM' <Latency = 1> <II = 1> <Delay = 0.67> <Storage> <Opcode : 'load' 'store'> <Ports = 2> <Width = 8> <Depth = 256> <RAM>
ST_1 : Operation 20 [1/1] (1.23ns)   --->   "%localC = alloca i64 1" [mmult.cpp:165]   --->   Operation 20 'alloca' 'localC' <Predicate = true> <Delay = 1.23>
ST_1 : Operation 21 [1/1] (1.23ns)   --->   "%localC_1 = alloca i64 1" [mmult.cpp:165]   --->   Operation 21 'alloca' 'localC_1' <Predicate = true> <Delay = 1.23>
ST_1 : Operation 22 [1/1] (1.23ns)   --->   "%localC_2 = alloca i64 1" [mmult.cpp:165]   --->   Operation 22 'alloca' 'localC_2' <Predicate = true> <Delay = 1.23>
ST_1 : Operation 23 [1/1] (1.23ns)   --->   "%localC_3 = alloca i64 1" [mmult.cpp:165]   --->   Operation 23 'alloca' 'localC_3' <Predicate = true> <Delay = 1.23>
ST_1 : Operation 24 [1/1] (1.23ns)   --->   "%localC_4 = alloca i64 1" [mmult.cpp:165]   --->   Operation 24 'alloca' 'localC_4' <Predicate = true> <Delay = 1.23>
ST_1 : Operation 25 [1/1] (1.23ns)   --->   "%localC_5 = alloca i64 1" [mmult.cpp:165]   --->   Operation 25 'alloca' 'localC_5' <Predicate = true> <Delay = 1.23>
ST_1 : Operation 26 [1/1] (1.23ns)   --->   "%localC_6 = alloca i64 1" [mmult.cpp:165]   --->   Operation 26 'alloca' 'localC_6' <Predicate = true> <Delay = 1.23>
ST_1 : Operation 27 [1/1] (1.23ns)   --->   "%localC_7 = alloca i64 1" [mmult.cpp:165]   --->   Operation 27 'alloca' 'localC_7' <Predicate = true> <Delay = 1.23>
ST_1 : Operation 28 [1/1] (1.23ns)   --->   "%localC_8 = alloca i64 1" [mmult.cpp:165]   --->   Operation 28 'alloca' 'localC_8' <Predicate = true> <Delay = 1.23>
ST_1 : Operation 29 [1/1] (1.23ns)   --->   "%localC_9 = alloca i64 1" [mmult.cpp:165]   --->   Operation 29 'alloca' 'localC_9' <Predicate = true> <Delay = 1.23>
ST_1 : Operation 30 [1/1] (1.23ns)   --->   "%localC_10 = alloca i64 1" [mmult.cpp:165]   --->   Operation 30 'alloca' 'localC_10' <Predicate = true> <Delay = 1.23>
ST_1 : Operation 31 [1/1] (1.23ns)   --->   "%localC_11 = alloca i64 1" [mmult.cpp:165]   --->   Operation 31 'alloca' 'localC_11' <Predicate = true> <Delay = 1.23>
ST_1 : Operation 32 [1/1] (1.23ns)   --->   "%localC_12 = alloca i64 1" [mmult.cpp:165]   --->   Operation 32 'alloca' 'localC_12' <Predicate = true> <Delay = 1.23>
ST_1 : Operation 33 [1/1] (1.23ns)   --->   "%localC_13 = alloca i64 1" [mmult.cpp:165]   --->   Operation 33 'alloca' 'localC_13' <Predicate = true> <Delay = 1.23>
ST_1 : Operation 34 [1/1] (1.23ns)   --->   "%localC_14 = alloca i64 1" [mmult.cpp:165]   --->   Operation 34 'alloca' 'localC_14' <Predicate = true> <Delay = 1.23>
ST_1 : Operation 35 [1/1] (1.23ns)   --->   "%localC_15 = alloca i64 1" [mmult.cpp:165]   --->   Operation 35 'alloca' 'localC_15' <Predicate = true> <Delay = 1.23>
ST_1 : Operation 36 [2/2] (2.36ns)   --->   "%mul = mul i32 %a_col_read, i32 %a_row_read"   --->   Operation 36 'mul' 'mul' <Predicate = true> <Delay = 2.36> <CoreInst = "Multiplier">   --->   Core 3 'Multiplier' <Latency = 1> <II = 1> <Delay = 2.36> <FuncUnit> <Opcode : 'mul'> <InPorts = 2> <OutPorts = 1>
ST_1 : Operation 37 [2/2] (2.36ns)   --->   "%mul12 = mul i32 %b_col_read, i32 %a_col_read"   --->   Operation 37 'mul' 'mul12' <Predicate = true> <Delay = 2.36> <CoreInst = "Multiplier">   --->   Core 3 'Multiplier' <Latency = 1> <II = 1> <Delay = 2.36> <FuncUnit> <Opcode : 'mul'> <InPorts = 2> <OutPorts = 1>
ST_1 : Operation 38 [1/1] (0.42ns)   --->   "%store_ln203 = store i3 0, i3 %q" [mmult.cpp:203]   --->   Operation 38 'store' 'store_ln203' <Predicate = true> <Delay = 0.42>

State 2 <SV = 1> <Delay = 2.36>
ST_2 : Operation 39 [1/2] (2.36ns)   --->   "%mul = mul i32 %a_col_read, i32 %a_row_read"   --->   Operation 39 'mul' 'mul' <Predicate = true> <Delay = 2.36> <CoreInst = "Multiplier">   --->   Core 3 'Multiplier' <Latency = 1> <II = 1> <Delay = 2.36> <FuncUnit> <Opcode : 'mul'> <InPorts = 2> <OutPorts = 1>
ST_2 : Operation 40 [2/2] (0.00ns)   --->   "%call_ln0 = call void @mmult_Pipeline_readA, i32 %mul, i8 %localA_3, i8 %localA_2, i8 %localA_1, i8 %localA, i32 %a_col_read, i8 %a"   --->   Operation 40 'call' 'call_ln0' <Predicate = true> <Delay = 0.00> <CoreType = "Generic">   --->   Core 0 '' <Latency = 0> <II = 1> <Delay = 1.00> <Generic> <Opcode : >
ST_2 : Operation 41 [1/2] (2.36ns)   --->   "%mul12 = mul i32 %b_col_read, i32 %a_col_read"   --->   Operation 41 'mul' 'mul12' <Predicate = true> <Delay = 2.36> <CoreInst = "Multiplier">   --->   Core 3 'Multiplier' <Latency = 1> <II = 1> <Delay = 2.36> <FuncUnit> <Opcode : 'mul'> <InPorts = 2> <OutPorts = 1>
ST_2 : Operation 42 [2/2] (0.00ns)   --->   "%call_ln0 = call void @mmult_Pipeline_readB, i32 %mul12, i8 %localB_3, i8 %localB_2, i8 %localB_1, i8 %localB, i32 %b_col_read, i8 %b"   --->   Operation 42 'call' 'call_ln0' <Predicate = true> <Delay = 0.00> <CoreType = "Generic">   --->   Core 0 '' <Latency = 0> <II = 1> <Delay = 1.00> <Generic> <Opcode : >
ST_2 : Operation 43 [2/2] (0.00ns)   --->   "%call_ln0 = call void @mmult_Pipeline_VITIS_LOOP_195_1_VITIS_LOOP_196_2, i16 %localC, i16 %localC_1, i16 %localC_2, i16 %localC_3, i16 %localC_4, i16 %localC_5, i16 %localC_6, i16 %localC_7, i16 %localC_8, i16 %localC_9, i16 %localC_10, i16 %localC_11, i16 %localC_12, i16 %localC_13, i16 %localC_14, i16 %localC_15"   --->   Operation 43 'call' 'call_ln0' <Predicate = true> <Delay = 0.00> <CoreType = "Generic">   --->   Core 0 '' <Latency = 0> <II = 1> <Delay = 1.00> <Generic> <Opcode : >

State 3 <SV = 2> <Delay = 0.00>
ST_3 : Operation 44 [1/1] (0.00ns)   --->   "%spectopmodule_ln143 = spectopmodule void @_ssdm_op_SpecTopModule, void @empty_2" [mmult.cpp:143]   --->   Operation 44 'spectopmodule' 'spectopmodule_ln143' <Predicate = true> <Delay = 0.00>
ST_3 : Operation 45 [1/1] (0.00ns)   --->   "%specinterface_ln0 = specinterface void @_ssdm_op_SpecInterface, i8 %a, void @empty, i32 0, i32 0, void @empty_0, i32 4294967295, i32 0, void @empty_0, void @empty_0, void @empty_0, i32 0, i32 0, i32 0, i32 0, void @empty_0, void @empty_0, i32 4294967295, i32 0"   --->   Operation 45 'specinterface' 'specinterface_ln0' <Predicate = true> <Delay = 0.00>
ST_3 : Operation 46 [1/1] (0.00ns)   --->   "%specbitsmap_ln0 = specbitsmap void @_ssdm_op_SpecBitsMap, i8 %a"   --->   Operation 46 'specbitsmap' 'specbitsmap_ln0' <Predicate = true> <Delay = 0.00>
ST_3 : Operation 47 [1/1] (0.00ns)   --->   "%specinterface_ln0 = specinterface void @_ssdm_op_SpecInterface, i8 %b, void @empty, i32 0, i32 0, void @empty_0, i32 4294967295, i32 0, void @empty_0, void @empty_0, void @empty_0, i32 0, i32 0, i32 0, i32 0, void @empty_0, void @empty_0, i32 4294967295, i32 0"   --->   Operation 47 'specinterface' 'specinterface_ln0' <Predicate = true> <Delay = 0.00>
ST_3 : Operation 48 [1/1] (0.00ns)   --->   "%specbitsmap_ln0 = specbitsmap void @_ssdm_op_SpecBitsMap, i8 %b"   --->   Operation 48 'specbitsmap' 'specbitsmap_ln0' <Predicate = true> <Delay = 0.00>
ST_3 : Operation 49 [1/1] (0.00ns)   --->   "%specinterface_ln0 = specinterface void @_ssdm_op_SpecInterface, i16 %c, void @empty, i32 0, i32 0, void @empty_0, i32 4294967295, i32 0, void @empty_0, void @empty_0, void @empty_0, i32 0, i32 0, i32 0, i32 0, void @empty_0, void @empty_0, i32 4294967295, i32 0"   --->   Operation 49 'specinterface' 'specinterface_ln0' <Predicate = true> <Delay = 0.00>
ST_3 : Operation 50 [1/1] (0.00ns)   --->   "%specbitsmap_ln0 = specbitsmap void @_ssdm_op_SpecBitsMap, i16 %c"   --->   Operation 50 'specbitsmap' 'specbitsmap_ln0' <Predicate = true> <Delay = 0.00>
ST_3 : Operation 51 [1/1] (0.00ns)   --->   "%specbitsmap_ln0 = specbitsmap void @_ssdm_op_SpecBitsMap, i32 %a_row"   --->   Operation 51 'specbitsmap' 'specbitsmap_ln0' <Predicate = true> <Delay = 0.00>
ST_3 : Operation 52 [1/1] (0.00ns)   --->   "%specinterface_ln0 = specinterface void @_ssdm_op_SpecInterface, i32 %a_row, void @empty_1, i32 0, i32 0, void @empty_0, i32 0, i32 0, void @empty_0, void @empty_0, void @empty_0, i32 0, i32 0, i32 0, i32 0, void @empty_0, void @empty_0, i32 4294967295, i32 0"   --->   Operation 52 'specinterface' 'specinterface_ln0' <Predicate = true> <Delay = 0.00>
ST_3 : Operation 53 [1/1] (0.00ns)   --->   "%specbitsmap_ln0 = specbitsmap void @_ssdm_op_SpecBitsMap, i32 %a_col"   --->   Operation 53 'specbitsmap' 'specbitsmap_ln0' <Predicate = true> <Delay = 0.00>
ST_3 : Operation 54 [1/1] (0.00ns)   --->   "%specinterface_ln0 = specinterface void @_ssdm_op_SpecInterface, i32 %a_col, void @empty_1, i32 0, i32 0, void @empty_0, i32 0, i32 0, void @empty_0, void @empty_0, void @empty_0, i32 0, i32 0, i32 0, i32 0, void @empty_0, void @empty_0, i32 4294967295, i32 0"   --->   Operation 54 'specinterface' 'specinterface_ln0' <Predicate = true> <Delay = 0.00>
ST_3 : Operation 55 [1/1] (0.00ns)   --->   "%specbitsmap_ln0 = specbitsmap void @_ssdm_op_SpecBitsMap, i32 %b_col"   --->   Operation 55 'specbitsmap' 'specbitsmap_ln0' <Predicate = true> <Delay = 0.00>
ST_3 : Operation 56 [1/1] (0.00ns)   --->   "%specinterface_ln0 = specinterface void @_ssdm_op_SpecInterface, i32 %b_col, void @empty_1, i32 0, i32 0, void @empty_0, i32 0, i32 0, void @empty_0, void @empty_0, void @empty_0, i32 0, i32 0, i32 0, i32 0, void @empty_0, void @empty_0, i32 4294967295, i32 0"   --->   Operation 56 'specinterface' 'specinterface_ln0' <Predicate = true> <Delay = 0.00>
ST_3 : Operation 57 [1/1] (0.00ns)   --->   "%specmemcore_ln158 = specmemcore void @_ssdm_op_SpecMemCore, i8 %localA_3, i64 666, i64 23, i64 18446744073709551615" [mmult.cpp:158]   --->   Operation 57 'specmemcore' 'specmemcore_ln158' <Predicate = true> <Delay = 0.00>
ST_3 : Operation 58 [1/1] (0.00ns)   --->   "%specmemcore_ln158 = specmemcore void @_ssdm_op_SpecMemCore, i8 %localA_2, i64 666, i64 23, i64 18446744073709551615" [mmult.cpp:158]   --->   Operation 58 'specmemcore' 'specmemcore_ln158' <Predicate = true> <Delay = 0.00>
ST_3 : Operation 59 [1/1] (0.00ns)   --->   "%specmemcore_ln158 = specmemcore void @_ssdm_op_SpecMemCore, i8 %localA_1, i64 666, i64 23, i64 18446744073709551615" [mmult.cpp:158]   --->   Operation 59 'specmemcore' 'specmemcore_ln158' <Predicate = true> <Delay = 0.00>
ST_3 : Operation 60 [1/1] (0.00ns)   --->   "%specmemcore_ln158 = specmemcore void @_ssdm_op_SpecMemCore, i8 %localA, i64 666, i64 23, i64 18446744073709551615" [mmult.cpp:158]   --->   Operation 60 'specmemcore' 'specmemcore_ln158' <Predicate = true> <Delay = 0.00>
ST_3 : Operation 61 [1/1] (0.00ns)   --->   "%specmemcore_ln163 = specmemcore void @_ssdm_op_SpecMemCore, i8 %localB_3, i64 666, i64 23, i64 18446744073709551615" [mmult.cpp:163]   --->   Operation 61 'specmemcore' 'specmemcore_ln163' <Predicate = true> <Delay = 0.00>
ST_3 : Operation 62 [1/1] (0.00ns)   --->   "%specmemcore_ln163 = specmemcore void @_ssdm_op_SpecMemCore, i8 %localB_2, i64 666, i64 23, i64 18446744073709551615" [mmult.cpp:163]   --->   Operation 62 'specmemcore' 'specmemcore_ln163' <Predicate = true> <Delay = 0.00>
ST_3 : Operation 63 [1/1] (0.00ns)   --->   "%specmemcore_ln163 = specmemcore void @_ssdm_op_SpecMemCore, i8 %localB_1, i64 666, i64 23, i64 18446744073709551615" [mmult.cpp:163]   --->   Operation 63 'specmemcore' 'specmemcore_ln163' <Predicate = true> <Delay = 0.00>
ST_3 : Operation 64 [1/1] (0.00ns)   --->   "%specmemcore_ln163 = specmemcore void @_ssdm_op_SpecMemCore, i8 %localB, i64 666, i64 23, i64 18446744073709551615" [mmult.cpp:163]   --->   Operation 64 'specmemcore' 'specmemcore_ln163' <Predicate = true> <Delay = 0.00>
ST_3 : Operation 65 [1/2] (0.00ns)   --->   "%call_ln0 = call void @mmult_Pipeline_readA, i32 %mul, i8 %localA_3, i8 %localA_2, i8 %localA_1, i8 %localA, i32 %a_col_read, i8 %a"   --->   Operation 65 'call' 'call_ln0' <Predicate = true> <Delay = 0.00> <CoreType = "Generic">   --->   Core 0 '' <Latency = 0> <II = 1> <Delay = 1.00> <Generic> <Opcode : >
ST_3 : Operation 66 [1/2] (0.00ns)   --->   "%call_ln0 = call void @mmult_Pipeline_readB, i32 %mul12, i8 %localB_3, i8 %localB_2, i8 %localB_1, i8 %localB, i32 %b_col_read, i8 %b"   --->   Operation 66 'call' 'call_ln0' <Predicate = true> <Delay = 0.00> <CoreType = "Generic">   --->   Core 0 '' <Latency = 0> <II = 1> <Delay = 1.00> <Generic> <Opcode : >
ST_3 : Operation 67 [1/2] (0.00ns)   --->   "%call_ln0 = call void @mmult_Pipeline_VITIS_LOOP_195_1_VITIS_LOOP_196_2, i16 %localC, i16 %localC_1, i16 %localC_2, i16 %localC_3, i16 %localC_4, i16 %localC_5, i16 %localC_6, i16 %localC_7, i16 %localC_8, i16 %localC_9, i16 %localC_10, i16 %localC_11, i16 %localC_12, i16 %localC_13, i16 %localC_14, i16 %localC_15"   --->   Operation 67 'call' 'call_ln0' <Predicate = true> <Delay = 0.00> <CoreType = "Generic">   --->   Core 0 '' <Latency = 0> <II = 1> <Delay = 1.00> <Generic> <Opcode : >
ST_3 : Operation 68 [1/1] (0.00ns)   --->   "%br_ln203 = br void %for.inc58" [mmult.cpp:203]   --->   Operation 68 'br' 'br_ln203' <Predicate = true> <Delay = 0.00>

State 4 <SV = 3> <Delay = 2.36>
ST_4 : Operation 69 [1/1] (0.00ns)   --->   "%q_1 = load i3 %q" [mmult.cpp:204]   --->   Operation 69 'load' 'q_1' <Predicate = true> <Delay = 0.00>
ST_4 : Operation 70 [1/1] (0.67ns)   --->   "%icmp_ln203 = icmp_eq  i3 %q_1, i3 4" [mmult.cpp:203]   --->   Operation 70 'icmp' 'icmp_ln203' <Predicate = true> <Delay = 0.67> <CoreInst = "Cmp">   --->   Core 9 'Cmp' <Latency = 0> <II = 1> <Delay = 0.67> <FuncUnit> <Opcode : 'icmp'> <InPorts = 2> <OutPorts = 1>
ST_4 : Operation 71 [1/1] (0.67ns)   --->   "%q_2 = add i3 %q_1, i3 1" [mmult.cpp:203]   --->   Operation 71 'add' 'q_2' <Predicate = true> <Delay = 0.67> <CoreInst = "Adder">   --->   Core 1 'Adder' <Latency = 0> <II = 1> <Delay = 0.67> <FuncUnit> <Opcode : 'add' 'sub'> <InPorts = 2> <OutPorts = 1>
ST_4 : Operation 72 [1/1] (0.00ns)   --->   "%br_ln203 = br i1 %icmp_ln203, void %for.inc58.split, void %writeC" [mmult.cpp:203]   --->   Operation 72 'br' 'br_ln203' <Predicate = true> <Delay = 0.00>
ST_4 : Operation 73 [1/1] (0.00ns)   --->   "%trunc_ln204 = trunc i3 %q_1" [mmult.cpp:204]   --->   Operation 73 'trunc' 'trunc_ln204' <Predicate = (!icmp_ln203)> <Delay = 0.00>
ST_4 : Operation 74 [1/1] (0.00ns)   --->   "%start_k = bitconcatenate i5 @_ssdm_op_BitConcatenate.i5.i2.i3, i2 %trunc_ln204, i3 0" [mmult.cpp:204]   --->   Operation 74 'bitconcatenate' 'start_k' <Predicate = (!icmp_ln203)> <Delay = 0.00>
ST_4 : Operation 75 [1/1] (0.00ns)   --->   "%zext_ln204 = zext i5 %start_k" [mmult.cpp:204]   --->   Operation 75 'zext' 'zext_ln204' <Predicate = (!icmp_ln203)> <Delay = 0.00>
ST_4 : Operation 76 [1/1] (0.78ns)   --->   "%finish_k = add i6 %zext_ln204, i6 8" [mmult.cpp:205]   --->   Operation 76 'add' 'finish_k' <Predicate = (!icmp_ln203)> <Delay = 0.78> <CoreInst = "Adder">   --->   Core 1 'Adder' <Latency = 0> <II = 1> <Delay = 0.78> <FuncUnit> <Opcode : 'add' 'sub'> <InPorts = 2> <OutPorts = 1>
ST_4 : Operation 77 [2/2] (1.56ns)   --->   "%call_ln206 = call void @tile_process, i8 %localA, i8 %localA_1, i8 %localA_2, i8 %localA_3, i8 %localB, i8 %localB_1, i8 %localB_2, i8 %localB_3, i16 %localC, i16 %localC_1, i16 %localC_2, i16 %localC_3, i16 %localC_4, i16 %localC_5, i16 %localC_6, i16 %localC_7, i16 %localC_8, i16 %localC_9, i16 %localC_10, i16 %localC_11, i16 %localC_12, i16 %localC_13, i16 %localC_14, i16 %localC_15, i5 %start_k, i6 %finish_k, i32 %a_row_read, i32 %a_col_read, i32 %b_col_read" [mmult.cpp:206]   --->   Operation 77 'call' 'call_ln206' <Predicate = (!icmp_ln203)> <Delay = 1.56> <CoreType = "Generic">   --->   Core 0 '' <Latency = 0> <II = 1> <Delay = 1.00> <Generic> <Opcode : >
ST_4 : Operation 78 [1/1] (0.42ns)   --->   "%store_ln203 = store i3 %q_2, i3 %q" [mmult.cpp:203]   --->   Operation 78 'store' 'store_ln203' <Predicate = (!icmp_ln203)> <Delay = 0.42>
ST_4 : Operation 79 [2/2] (2.36ns)   --->   "%mul65 = mul i32 %b_col_read, i32 %a_row_read"   --->   Operation 79 'mul' 'mul65' <Predicate = (icmp_ln203)> <Delay = 2.36> <CoreInst = "Multiplier">   --->   Core 3 'Multiplier' <Latency = 1> <II = 1> <Delay = 2.36> <FuncUnit> <Opcode : 'mul'> <InPorts = 2> <OutPorts = 1>

State 5 <SV = 4> <Delay = 0.00>
ST_5 : Operation 80 [1/1] (0.00ns)   --->   "%speclooptripcount_ln203 = speclooptripcount void @_ssdm_op_SpecLoopTripCount, i64 4, i64 4, i64 4" [mmult.cpp:203]   --->   Operation 80 'speclooptripcount' 'speclooptripcount_ln203' <Predicate = true> <Delay = 0.00>
ST_5 : Operation 81 [1/1] (0.00ns)   --->   "%specloopname_ln203 = specloopname void @_ssdm_op_SpecLoopName, void @empty_4" [mmult.cpp:203]   --->   Operation 81 'specloopname' 'specloopname_ln203' <Predicate = true> <Delay = 0.00>
ST_5 : Operation 82 [1/2] (0.00ns)   --->   "%call_ln206 = call void @tile_process, i8 %localA, i8 %localA_1, i8 %localA_2, i8 %localA_3, i8 %localB, i8 %localB_1, i8 %localB_2, i8 %localB_3, i16 %localC, i16 %localC_1, i16 %localC_2, i16 %localC_3, i16 %localC_4, i16 %localC_5, i16 %localC_6, i16 %localC_7, i16 %localC_8, i16 %localC_9, i16 %localC_10, i16 %localC_11, i16 %localC_12, i16 %localC_13, i16 %localC_14, i16 %localC_15, i5 %start_k, i6 %finish_k, i32 %a_row_read, i32 %a_col_read, i32 %b_col_read" [mmult.cpp:206]   --->   Operation 82 'call' 'call_ln206' <Predicate = true> <Delay = 0.00> <CoreType = "Generic">   --->   Core 0 '' <Latency = 0> <II = 1> <Delay = 1.00> <Generic> <Opcode : >
ST_5 : Operation 83 [1/1] (0.00ns)   --->   "%br_ln203 = br void %for.inc58" [mmult.cpp:203]   --->   Operation 83 'br' 'br_ln203' <Predicate = true> <Delay = 0.00>

State 6 <SV = 4> <Delay = 2.36>
ST_6 : Operation 84 [1/2] (2.36ns)   --->   "%mul65 = mul i32 %b_col_read, i32 %a_row_read"   --->   Operation 84 'mul' 'mul65' <Predicate = true> <Delay = 2.36> <CoreInst = "Multiplier">   --->   Core 3 'Multiplier' <Latency = 1> <II = 1> <Delay = 2.36> <FuncUnit> <Opcode : 'mul'> <InPorts = 2> <OutPorts = 1>
ST_6 : Operation 85 [2/2] (0.00ns)   --->   "%call_ln0 = call void @mmult_Pipeline_writeC, i32 %mul65, i32 %b_col_read, i16 %localC, i16 %localC_1, i16 %localC_2, i16 %localC_3, i16 %localC_4, i16 %localC_5, i16 %localC_6, i16 %localC_7, i16 %localC_8, i16 %localC_9, i16 %localC_10, i16 %localC_11, i16 %localC_12, i16 %localC_13, i16 %localC_14, i16 %localC_15, i16 %c"   --->   Operation 85 'call' 'call_ln0' <Predicate = true> <Delay = 0.00> <CoreType = "Generic">   --->   Core 0 '' <Latency = 0> <II = 1> <Delay = 1.00> <Generic> <Opcode : >

State 7 <SV = 5> <Delay = 0.00>
ST_7 : Operation 86 [1/2] (0.00ns)   --->   "%call_ln0 = call void @mmult_Pipeline_writeC, i32 %mul65, i32 %b_col_read, i16 %localC, i16 %localC_1, i16 %localC_2, i16 %localC_3, i16 %localC_4, i16 %localC_5, i16 %localC_6, i16 %localC_7, i16 %localC_8, i16 %localC_9, i16 %localC_10, i16 %localC_11, i16 %localC_12, i16 %localC_13, i16 %localC_14, i16 %localC_15, i16 %c"   --->   Operation 86 'call' 'call_ln0' <Predicate = true> <Delay = 0.00> <CoreType = "Generic">   --->   Core 0 '' <Latency = 0> <II = 1> <Delay = 1.00> <Generic> <Opcode : >
ST_7 : Operation 87 [1/1] (0.00ns)   --->   "%ret_ln221 = ret" [mmult.cpp:221]   --->   Operation 87 'ret' 'ret_ln221' <Predicate = true> <Delay = 0.00>


============================================================
+ Verbose Summary: Binding
============================================================
STG Binding: 
---------------- STG Properties BEGIN ----------------
- Is combinational: 0
- Is one-state seq: 0
- Is datapath-only: 0
- Is pipelined: 0
- Is top level: 1
Port [ Return ] is wired: 1; IO mode=ap_ctrl_hs:ce=0
Port [ a]:  wired=1; compound=1; hidden=0; nouse=0; global=0; static=0; extern=0; dir=0; type=1; pingpong=0; private_global=0; MemPort=[13]; IO mode=ap_memory:ce=0
Port [ b]:  wired=1; compound=1; hidden=0; nouse=0; global=0; static=0; extern=0; dir=0; type=1; pingpong=0; private_global=0; MemPort=[13]; IO mode=ap_memory:ce=0
Port [ c]:  wired=1; compound=1; hidden=0; nouse=0; global=0; static=0; extern=0; dir=1; type=1; pingpong=0; private_global=0; MemPort=[03]; IO mode=ap_memory:ce=0
Port [ a_row]:  wired=1; compound=0; hidden=0; nouse=0; global=0; static=0; extern=0; dir=0; type=0; pingpong=0; private_global=0; IO mode=ap_none:ce=0
Port [ a_col]:  wired=1; compound=0; hidden=0; nouse=0; global=0; static=0; extern=0; dir=0; type=0; pingpong=0; private_global=0; IO mode=ap_none:ce=0
Port [ b_col]:  wired=1; compound=0; hidden=0; nouse=0; global=0; static=0; extern=0; dir=0; type=0; pingpong=0; private_global=0; IO mode=ap_none:ce=0
---------------- STG Properties END ------------------

---------------- Datapath Model BEGIN ----------------

<LifeTime>
<method=bitvector/>
q                       (alloca           ) [ 01111100]
b_col_read              (read             ) [ 00111111]
a_col_read              (read             ) [ 00111100]
a_row_read              (read             ) [ 00111110]
localA                  (alloca           ) [ 00111100]
localA_1                (alloca           ) [ 00111100]
localA_2                (alloca           ) [ 00111100]
localA_3                (alloca           ) [ 00111100]
localB                  (alloca           ) [ 00111100]
localB_1                (alloca           ) [ 00111100]
localB_2                (alloca           ) [ 00111100]
localB_3                (alloca           ) [ 00111100]
localC                  (alloca           ) [ 00111111]
localC_1                (alloca           ) [ 00111111]
localC_2                (alloca           ) [ 00111111]
localC_3                (alloca           ) [ 00111111]
localC_4                (alloca           ) [ 00111111]
localC_5                (alloca           ) [ 00111111]
localC_6                (alloca           ) [ 00111111]
localC_7                (alloca           ) [ 00111111]
localC_8                (alloca           ) [ 00111111]
localC_9                (alloca           ) [ 00111111]
localC_10               (alloca           ) [ 00111111]
localC_11               (alloca           ) [ 00111111]
localC_12               (alloca           ) [ 00111111]
localC_13               (alloca           ) [ 00111111]
localC_14               (alloca           ) [ 00111111]
localC_15               (alloca           ) [ 00111111]
store_ln203             (store            ) [ 00000000]
mul                     (mul              ) [ 00010000]
mul12                   (mul              ) [ 00010000]
spectopmodule_ln143     (spectopmodule    ) [ 00000000]
specinterface_ln0       (specinterface    ) [ 00000000]
specbitsmap_ln0         (specbitsmap      ) [ 00000000]
specinterface_ln0       (specinterface    ) [ 00000000]
specbitsmap_ln0         (specbitsmap      ) [ 00000000]
specinterface_ln0       (specinterface    ) [ 00000000]
specbitsmap_ln0         (specbitsmap      ) [ 00000000]
specbitsmap_ln0         (specbitsmap      ) [ 00000000]
specinterface_ln0       (specinterface    ) [ 00000000]
specbitsmap_ln0         (specbitsmap      ) [ 00000000]
specinterface_ln0       (specinterface    ) [ 00000000]
specbitsmap_ln0         (specbitsmap      ) [ 00000000]
specinterface_ln0       (specinterface    ) [ 00000000]
specmemcore_ln158       (specmemcore      ) [ 00000000]
specmemcore_ln158       (specmemcore      ) [ 00000000]
specmemcore_ln158       (specmemcore      ) [ 00000000]
specmemcore_ln158       (specmemcore      ) [ 00000000]
specmemcore_ln163       (specmemcore      ) [ 00000000]
specmemcore_ln163       (specmemcore      ) [ 00000000]
specmemcore_ln163       (specmemcore      ) [ 00000000]
specmemcore_ln163       (specmemcore      ) [ 00000000]
call_ln0                (call             ) [ 00000000]
call_ln0                (call             ) [ 00000000]
call_ln0                (call             ) [ 00000000]
br_ln203                (br               ) [ 00000000]
q_1                     (load             ) [ 00000000]
icmp_ln203              (icmp             ) [ 00001100]
q_2                     (add              ) [ 00000000]
br_ln203                (br               ) [ 00000000]
trunc_ln204             (trunc            ) [ 00000000]
start_k                 (bitconcatenate   ) [ 00000100]
zext_ln204              (zext             ) [ 00000000]
finish_k                (add              ) [ 00000100]
store_ln203             (store            ) [ 00000000]
speclooptripcount_ln203 (speclooptripcount) [ 00000000]
specloopname_ln203      (specloopname     ) [ 00000000]
call_ln206              (call             ) [ 00000000]
br_ln203                (br               ) [ 00000000]
mul65                   (mul              ) [ 00000001]
call_ln0                (call             ) [ 00000000]
ret_ln221               (ret              ) [ 00000000]
</LifeTime>

<model>

<comp_list>
<comp id="0" class="1000" name="a">
<pin_list>
<pin id="1" dir="1" index="0" bw="1" slack="0"/>
</pin_list>
<bind>
<StgValue><ssdm name="a"/><MemPortTyVec>1 3 </MemPortTyVec>
</StgValue>
</bind>
</comp>

<comp id="2" class="1000" name="b">
<pin_list>
<pin id="3" dir="1" index="0" bw="1" slack="0"/>
</pin_list>
<bind>
<StgValue><ssdm name="b"/><MemPortTyVec>1 3 </MemPortTyVec>
</StgValue>
</bind>
</comp>

<comp id="4" class="1000" name="c">
<pin_list>
<pin id="5" dir="1" index="0" bw="1" slack="0"/>
</pin_list>
<bind>
<StgValue><ssdm name="c"/><MemPortTyVec>0 3 </MemPortTyVec>
</StgValue>
</bind>
</comp>

<comp id="6" class="1000" name="a_row">
<pin_list>
<pin id="7" dir="1" index="0" bw="1" slack="0"/>
</pin_list>
<bind>
<StgValue><ssdm name="a_row"/></StgValue>
</bind>
</comp>

<comp id="8" class="1000" name="a_col">
<pin_list>
<pin id="9" dir="1" index="0" bw="1" slack="0"/>
</pin_list>
<bind>
<StgValue><ssdm name="a_col"/></StgValue>
</bind>
</comp>

<comp id="10" class="1000" name="b_col">
<pin_list>
<pin id="11" dir="1" index="0" bw="1" slack="0"/>
</pin_list>
<bind>
<StgValue><ssdm name="b_col"/></StgValue>
</bind>
</comp>

<comp id="12" class="1001" name="const_12">
<pin_list>
<pin id="13" dir="1" index="0" bw="1" slack="0"/>
</pin_list>
<bind>
<StgValue><ssdm name=""/></StgValue>
</bind>
</comp>

<comp id="14" class="1001" name="const_14">
<pin_list>
<pin id="15" dir="1" index="0" bw="1" slack="0"/>
</pin_list>
<bind>
<StgValue><ssdm name="_ssdm_op_Read.ap_auto.i32"/></StgValue>
</bind>
</comp>

<comp id="16" class="1001" name="const_16">
<pin_list>
<pin id="17" dir="1" index="0" bw="1" slack="0"/>
</pin_list>
<bind>
<StgValue><ssdm name=""/></StgValue>
</bind>
</comp>

<comp id="18" class="1001" name="const_18">
<pin_list>
<pin id="19" dir="1" index="0" bw="1" slack="0"/>
</pin_list>
<bind>
<StgValue><ssdm name=""/></StgValue>
</bind>
</comp>

<comp id="20" class="1001" name="const_20">
<pin_list>
<pin id="21" dir="1" index="0" bw="1" slack="0"/>
</pin_list>
<bind>
<StgValue><ssdm name="mmult_Pipeline_readA"/></StgValue>
</bind>
</comp>

<comp id="22" class="1001" name="const_22">
<pin_list>
<pin id="23" dir="1" index="0" bw="1" slack="0"/>
</pin_list>
<bind>
<StgValue><ssdm name="mmult_Pipeline_readB"/></StgValue>
</bind>
</comp>

<comp id="24" class="1001" name="const_24">
<pin_list>
<pin id="25" dir="1" index="0" bw="1" slack="0"/>
</pin_list>
<bind>
<StgValue><ssdm name="mmult_Pipeline_VITIS_LOOP_195_1_VITIS_LOOP_196_2"/></StgValue>
</bind>
</comp>

<comp id="26" class="1001" name="const_26">
<pin_list>
<pin id="27" dir="1" index="0" bw="1" slack="2147483647"/>
</pin_list>
<bind>
<StgValue><ssdm name="_ssdm_op_SpecTopModule"/></StgValue>
</bind>
</comp>

<comp id="28" class="1001" name="const_28">
<pin_list>
<pin id="29" dir="1" index="0" bw="1" slack="2147483647"/>
</pin_list>
<bind>
<StgValue><ssdm name="empty_2"/></StgValue>
</bind>
</comp>

<comp id="30" class="1001" name="const_30">
<pin_list>
<pin id="31" dir="1" index="0" bw="1" slack="2147483647"/>
</pin_list>
<bind>
<StgValue><ssdm name="_ssdm_op_SpecInterface"/></StgValue>
</bind>
</comp>

<comp id="32" class="1001" name="const_32">
<pin_list>
<pin id="33" dir="1" index="0" bw="1" slack="2147483647"/>
</pin_list>
<bind>
<StgValue><ssdm name="empty"/></StgValue>
</bind>
</comp>

<comp id="34" class="1001" name="const_34">
<pin_list>
<pin id="35" dir="1" index="0" bw="1" slack="2147483647"/>
</pin_list>
<bind>
<StgValue><ssdm name=""/></StgValue>
</bind>
</comp>

<comp id="36" class="1001" name="const_36">
<pin_list>
<pin id="37" dir="1" index="0" bw="1" slack="2147483647"/>
</pin_list>
<bind>
<StgValue><ssdm name="empty_0"/></StgValue>
</bind>
</comp>

<comp id="38" class="1001" name="const_38">
<pin_list>
<pin id="39" dir="1" index="0" bw="1" slack="2147483647"/>
</pin_list>
<bind>
<StgValue><ssdm name=""/></StgValue>
</bind>
</comp>

<comp id="40" class="1001" name="const_40">
<pin_list>
<pin id="41" dir="1" index="0" bw="1" slack="2147483647"/>
</pin_list>
<bind>
<StgValue><ssdm name="_ssdm_op_SpecBitsMap"/></StgValue>
</bind>
</comp>

<comp id="42" class="1001" name="const_42">
<pin_list>
<pin id="43" dir="1" index="0" bw="1" slack="2147483647"/>
</pin_list>
<bind>
<StgValue><ssdm name="empty_1"/></StgValue>
</bind>
</comp>

<comp id="44" class="1001" name="const_44">
<pin_list>
<pin id="45" dir="1" index="0" bw="1" slack="2147483647"/>
</pin_list>
<bind>
<StgValue><ssdm name="_ssdm_op_SpecMemCore"/></StgValue>
</bind>
</comp>

<comp id="46" class="1001" name="const_46">
<pin_list>
<pin id="47" dir="1" index="0" bw="1" slack="2147483647"/>
</pin_list>
<bind>
<StgValue><ssdm name=""/></StgValue>
</bind>
</comp>

<comp id="48" class="1001" name="const_48">
<pin_list>
<pin id="49" dir="1" index="0" bw="1" slack="2147483647"/>
</pin_list>
<bind>
<StgValue><ssdm name=""/></StgValue>
</bind>
</comp>

<comp id="50" class="1001" name="const_50">
<pin_list>
<pin id="51" dir="1" index="0" bw="1" slack="2147483647"/>
</pin_list>
<bind>
<StgValue><ssdm name=""/></StgValue>
</bind>
</comp>

<comp id="52" class="1001" name="const_52">
<pin_list>
<pin id="53" dir="1" index="0" bw="1" slack="0"/>
</pin_list>
<bind>
<StgValue><ssdm name=""/></StgValue>
</bind>
</comp>

<comp id="54" class="1001" name="const_54">
<pin_list>
<pin id="55" dir="1" index="0" bw="1" slack="0"/>
</pin_list>
<bind>
<StgValue><ssdm name=""/></StgValue>
</bind>
</comp>

<comp id="56" class="1001" name="const_56">
<pin_list>
<pin id="57" dir="1" index="0" bw="1" slack="0"/>
</pin_list>
<bind>
<StgValue><ssdm name="_ssdm_op_BitConcatenate.i5.i2.i3"/></StgValue>
</bind>
</comp>

<comp id="58" class="1001" name="const_58">
<pin_list>
<pin id="59" dir="1" index="0" bw="1" slack="0"/>
</pin_list>
<bind>
<StgValue><ssdm name=""/></StgValue>
</bind>
</comp>

<comp id="60" class="1001" name="const_60">
<pin_list>
<pin id="61" dir="1" index="0" bw="1" slack="0"/>
</pin_list>
<bind>
<StgValue><ssdm name="tile_process"/></StgValue>
</bind>
</comp>

<comp id="62" class="1001" name="const_62">
<pin_list>
<pin id="63" dir="1" index="0" bw="1" slack="2147483647"/>
</pin_list>
<bind>
<StgValue><ssdm name="_ssdm_op_SpecLoopTripCount"/></StgValue>
</bind>
</comp>

<comp id="64" class="1001" name="const_64">
<pin_list>
<pin id="65" dir="1" index="0" bw="1" slack="2147483647"/>
</pin_list>
<bind>
<StgValue><ssdm name=""/></StgValue>
</bind>
</comp>

<comp id="66" class="1001" name="const_66">
<pin_list>
<pin id="67" dir="1" index="0" bw="1" slack="2147483647"/>
</pin_list>
<bind>
<StgValue><ssdm name="_ssdm_op_SpecLoopName"/></StgValue>
</bind>
</comp>

<comp id="68" class="1001" name="const_68">
<pin_list>
<pin id="69" dir="1" index="0" bw="1" slack="2147483647"/>
</pin_list>
<bind>
<StgValue><ssdm name="empty_4"/></StgValue>
</bind>
</comp>

<comp id="70" class="1001" name="const_70">
<pin_list>
<pin id="71" dir="1" index="0" bw="1" slack="0"/>
</pin_list>
<bind>
<StgValue><ssdm name="mmult_Pipeline_writeC"/></StgValue>
</bind>
</comp>

<comp id="72" class="1004" name="q_fu_72">
<pin_list>
<pin id="73" dir="0" index="0" bw="1" slack="0"/>
<pin id="74" dir="1" index="1" bw="3" slack="0"/>
</pin_list>
<bind>
<opcode="alloca(26) " fcode="alloca"/>
<opset="q/1 "/>
</bind>
</comp>

<comp id="76" class="1004" name="localA_alloca_fu_76">
<pin_list>
<pin id="77" dir="0" index="0" bw="1" slack="0"/>
<pin id="78" dir="1" index="1" bw="8" slack="2147483647"/>
</pin_list>
<bind>
<opcode="alloca(26) " fcode="alloca"/>
<opset="localA/1 "/>
</bind>
</comp>

<comp id="80" class="1004" name="localA_1_alloca_fu_80">
<pin_list>
<pin id="81" dir="0" index="0" bw="1" slack="0"/>
<pin id="82" dir="1" index="1" bw="8" slack="2147483647"/>
</pin_list>
<bind>
<opcode="alloca(26) " fcode="alloca"/>
<opset="localA_1/1 "/>
</bind>
</comp>

<comp id="84" class="1004" name="localA_2_alloca_fu_84">
<pin_list>
<pin id="85" dir="0" index="0" bw="1" slack="0"/>
<pin id="86" dir="1" index="1" bw="8" slack="2147483647"/>
</pin_list>
<bind>
<opcode="alloca(26) " fcode="alloca"/>
<opset="localA_2/1 "/>
</bind>
</comp>

<comp id="88" class="1004" name="localA_3_alloca_fu_88">
<pin_list>
<pin id="89" dir="0" index="0" bw="1" slack="0"/>
<pin id="90" dir="1" index="1" bw="8" slack="2147483647"/>
</pin_list>
<bind>
<opcode="alloca(26) " fcode="alloca"/>
<opset="localA_3/1 "/>
</bind>
</comp>

<comp id="92" class="1004" name="localB_alloca_fu_92">
<pin_list>
<pin id="93" dir="0" index="0" bw="1" slack="0"/>
<pin id="94" dir="1" index="1" bw="8" slack="2147483647"/>
</pin_list>
<bind>
<opcode="alloca(26) " fcode="alloca"/>
<opset="localB/1 "/>
</bind>
</comp>

<comp id="96" class="1004" name="localB_1_alloca_fu_96">
<pin_list>
<pin id="97" dir="0" index="0" bw="1" slack="0"/>
<pin id="98" dir="1" index="1" bw="8" slack="2147483647"/>
</pin_list>
<bind>
<opcode="alloca(26) " fcode="alloca"/>
<opset="localB_1/1 "/>
</bind>
</comp>

<comp id="100" class="1004" name="localB_2_alloca_fu_100">
<pin_list>
<pin id="101" dir="0" index="0" bw="1" slack="0"/>
<pin id="102" dir="1" index="1" bw="8" slack="2147483647"/>
</pin_list>
<bind>
<opcode="alloca(26) " fcode="alloca"/>
<opset="localB_2/1 "/>
</bind>
</comp>

<comp id="104" class="1004" name="localB_3_alloca_fu_104">
<pin_list>
<pin id="105" dir="0" index="0" bw="1" slack="0"/>
<pin id="106" dir="1" index="1" bw="8" slack="2147483647"/>
</pin_list>
<bind>
<opcode="alloca(26) " fcode="alloca"/>
<opset="localB_3/1 "/>
</bind>
</comp>

<comp id="108" class="1004" name="localC_alloca_fu_108">
<pin_list>
<pin id="109" dir="0" index="0" bw="1" slack="0"/>
<pin id="110" dir="1" index="1" bw="16" slack="2147483647"/>
</pin_list>
<bind>
<opcode="alloca(26) " fcode="alloca"/>
<opset="localC/1 "/>
</bind>
</comp>

<comp id="112" class="1004" name="localC_1_alloca_fu_112">
<pin_list>
<pin id="113" dir="0" index="0" bw="1" slack="0"/>
<pin id="114" dir="1" index="1" bw="16" slack="2147483647"/>
</pin_list>
<bind>
<opcode="alloca(26) " fcode="alloca"/>
<opset="localC_1/1 "/>
</bind>
</comp>

<comp id="116" class="1004" name="localC_2_alloca_fu_116">
<pin_list>
<pin id="117" dir="0" index="0" bw="1" slack="0"/>
<pin id="118" dir="1" index="1" bw="16" slack="2147483647"/>
</pin_list>
<bind>
<opcode="alloca(26) " fcode="alloca"/>
<opset="localC_2/1 "/>
</bind>
</comp>

<comp id="120" class="1004" name="localC_3_alloca_fu_120">
<pin_list>
<pin id="121" dir="0" index="0" bw="1" slack="0"/>
<pin id="122" dir="1" index="1" bw="16" slack="2147483647"/>
</pin_list>
<bind>
<opcode="alloca(26) " fcode="alloca"/>
<opset="localC_3/1 "/>
</bind>
</comp>

<comp id="124" class="1004" name="localC_4_alloca_fu_124">
<pin_list>
<pin id="125" dir="0" index="0" bw="1" slack="0"/>
<pin id="126" dir="1" index="1" bw="16" slack="2147483647"/>
</pin_list>
<bind>
<opcode="alloca(26) " fcode="alloca"/>
<opset="localC_4/1 "/>
</bind>
</comp>

<comp id="128" class="1004" name="localC_5_alloca_fu_128">
<pin_list>
<pin id="129" dir="0" index="0" bw="1" slack="0"/>
<pin id="130" dir="1" index="1" bw="16" slack="2147483647"/>
</pin_list>
<bind>
<opcode="alloca(26) " fcode="alloca"/>
<opset="localC_5/1 "/>
</bind>
</comp>

<comp id="132" class="1004" name="localC_6_alloca_fu_132">
<pin_list>
<pin id="133" dir="0" index="0" bw="1" slack="0"/>
<pin id="134" dir="1" index="1" bw="16" slack="2147483647"/>
</pin_list>
<bind>
<opcode="alloca(26) " fcode="alloca"/>
<opset="localC_6/1 "/>
</bind>
</comp>

<comp id="136" class="1004" name="localC_7_alloca_fu_136">
<pin_list>
<pin id="137" dir="0" index="0" bw="1" slack="0"/>
<pin id="138" dir="1" index="1" bw="16" slack="2147483647"/>
</pin_list>
<bind>
<opcode="alloca(26) " fcode="alloca"/>
<opset="localC_7/1 "/>
</bind>
</comp>

<comp id="140" class="1004" name="localC_8_alloca_fu_140">
<pin_list>
<pin id="141" dir="0" index="0" bw="1" slack="0"/>
<pin id="142" dir="1" index="1" bw="16" slack="2147483647"/>
</pin_list>
<bind>
<opcode="alloca(26) " fcode="alloca"/>
<opset="localC_8/1 "/>
</bind>
</comp>

<comp id="144" class="1004" name="localC_9_alloca_fu_144">
<pin_list>
<pin id="145" dir="0" index="0" bw="1" slack="0"/>
<pin id="146" dir="1" index="1" bw="16" slack="2147483647"/>
</pin_list>
<bind>
<opcode="alloca(26) " fcode="alloca"/>
<opset="localC_9/1 "/>
</bind>
</comp>

<comp id="148" class="1004" name="localC_10_alloca_fu_148">
<pin_list>
<pin id="149" dir="0" index="0" bw="1" slack="0"/>
<pin id="150" dir="1" index="1" bw="16" slack="2147483647"/>
</pin_list>
<bind>
<opcode="alloca(26) " fcode="alloca"/>
<opset="localC_10/1 "/>
</bind>
</comp>

<comp id="152" class="1004" name="localC_11_alloca_fu_152">
<pin_list>
<pin id="153" dir="0" index="0" bw="1" slack="0"/>
<pin id="154" dir="1" index="1" bw="16" slack="2147483647"/>
</pin_list>
<bind>
<opcode="alloca(26) " fcode="alloca"/>
<opset="localC_11/1 "/>
</bind>
</comp>

<comp id="156" class="1004" name="localC_12_alloca_fu_156">
<pin_list>
<pin id="157" dir="0" index="0" bw="1" slack="0"/>
<pin id="158" dir="1" index="1" bw="16" slack="2147483647"/>
</pin_list>
<bind>
<opcode="alloca(26) " fcode="alloca"/>
<opset="localC_12/1 "/>
</bind>
</comp>

<comp id="160" class="1004" name="localC_13_alloca_fu_160">
<pin_list>
<pin id="161" dir="0" index="0" bw="1" slack="0"/>
<pin id="162" dir="1" index="1" bw="16" slack="2147483647"/>
</pin_list>
<bind>
<opcode="alloca(26) " fcode="alloca"/>
<opset="localC_13/1 "/>
</bind>
</comp>

<comp id="164" class="1004" name="localC_14_alloca_fu_164">
<pin_list>
<pin id="165" dir="0" index="0" bw="1" slack="0"/>
<pin id="166" dir="1" index="1" bw="16" slack="2147483647"/>
</pin_list>
<bind>
<opcode="alloca(26) " fcode="alloca"/>
<opset="localC_14/1 "/>
</bind>
</comp>

<comp id="168" class="1004" name="localC_15_alloca_fu_168">
<pin_list>
<pin id="169" dir="0" index="0" bw="1" slack="0"/>
<pin id="170" dir="1" index="1" bw="16" slack="2147483647"/>
</pin_list>
<bind>
<opcode="alloca(26) " fcode="alloca"/>
<opset="localC_15/1 "/>
</bind>
</comp>

<comp id="172" class="1004" name="b_col_read_read_fu_172">
<pin_list>
<pin id="173" dir="0" index="0" bw="32" slack="0"/>
<pin id="174" dir="0" index="1" bw="32" slack="0"/>
<pin id="175" dir="1" index="2" bw="32" slack="0"/>
</pin_list>
<bind>
<opcode="read(1150) " fcode="read"/>
<opset="b_col_read/1 "/>
</bind>
</comp>

<comp id="178" class="1004" name="a_col_read_read_fu_178">
<pin_list>
<pin id="179" dir="0" index="0" bw="32" slack="0"/>
<pin id="180" dir="0" index="1" bw="32" slack="0"/>
<pin id="181" dir="1" index="2" bw="32" slack="0"/>
</pin_list>
<bind>
<opcode="read(1150) " fcode="read"/>
<opset="a_col_read/1 "/>
</bind>
</comp>

<comp id="184" class="1004" name="a_row_read_read_fu_184">
<pin_list>
<pin id="185" dir="0" index="0" bw="32" slack="0"/>
<pin id="186" dir="0" index="1" bw="32" slack="0"/>
<pin id="187" dir="1" index="2" bw="32" slack="0"/>
</pin_list>
<bind>
<opcode="read(1150) " fcode="read"/>
<opset="a_row_read/1 "/>
</bind>
</comp>

<comp id="190" class="1004" name="grp_mmult_Pipeline_readA_fu_190">
<pin_list>
<pin id="191" dir="0" index="0" bw="0" slack="0"/>
<pin id="192" dir="0" index="1" bw="32" slack="0"/>
<pin id="193" dir="0" index="2" bw="8" slack="2147483647"/>
<pin id="194" dir="0" index="3" bw="8" slack="2147483647"/>
<pin id="195" dir="0" index="4" bw="8" slack="2147483647"/>
<pin id="196" dir="0" index="5" bw="8" slack="2147483647"/>
<pin id="197" dir="0" index="6" bw="32" slack="1"/>
<pin id="198" dir="0" index="7" bw="8" slack="0"/>
<pin id="199" dir="1" index="8" bw="0" slack="2147483647"/>
</pin_list>
<bind>
<opcode="call(48) " fcode="call"/>
<opset="call_ln0/2 "/>
</bind>
</comp>

<comp id="202" class="1004" name="grp_mmult_Pipeline_readB_fu_202">
<pin_list>
<pin id="203" dir="0" index="0" bw="0" slack="0"/>
<pin id="204" dir="0" index="1" bw="32" slack="0"/>
<pin id="205" dir="0" index="2" bw="8" slack="2147483647"/>
<pin id="206" dir="0" index="3" bw="8" slack="2147483647"/>
<pin id="207" dir="0" index="4" bw="8" slack="2147483647"/>
<pin id="208" dir="0" index="5" bw="8" slack="2147483647"/>
<pin id="209" dir="0" index="6" bw="32" slack="1"/>
<pin id="210" dir="0" index="7" bw="8" slack="0"/>
<pin id="211" dir="1" index="8" bw="0" slack="2147483647"/>
</pin_list>
<bind>
<opcode="call(48) " fcode="call"/>
<opset="call_ln0/2 "/>
</bind>
</comp>

<comp id="214" class="1004" name="grp_mmult_Pipeline_VITIS_LOOP_195_1_VITIS_LOOP_196_2_fu_214">
<pin_list>
<pin id="215" dir="0" index="0" bw="0" slack="0"/>
<pin id="216" dir="0" index="1" bw="16" slack="2147483647"/>
<pin id="217" dir="0" index="2" bw="16" slack="2147483647"/>
<pin id="218" dir="0" index="3" bw="16" slack="2147483647"/>
<pin id="219" dir="0" index="4" bw="16" slack="2147483647"/>
<pin id="220" dir="0" index="5" bw="16" slack="2147483647"/>
<pin id="221" dir="0" index="6" bw="16" slack="2147483647"/>
<pin id="222" dir="0" index="7" bw="16" slack="2147483647"/>
<pin id="223" dir="0" index="8" bw="16" slack="2147483647"/>
<pin id="224" dir="0" index="9" bw="16" slack="2147483647"/>
<pin id="225" dir="0" index="10" bw="16" slack="2147483647"/>
<pin id="226" dir="0" index="11" bw="16" slack="2147483647"/>
<pin id="227" dir="0" index="12" bw="16" slack="2147483647"/>
<pin id="228" dir="0" index="13" bw="16" slack="2147483647"/>
<pin id="229" dir="0" index="14" bw="16" slack="2147483647"/>
<pin id="230" dir="0" index="15" bw="16" slack="2147483647"/>
<pin id="231" dir="0" index="16" bw="16" slack="2147483647"/>
<pin id="232" dir="1" index="17" bw="0" slack="2147483647"/>
</pin_list>
<bind>
<opcode="call(48) " fcode="call"/>
<opset="call_ln0/2 "/>
</bind>
</comp>

<comp id="234" class="1004" name="grp_tile_process_fu_234">
<pin_list>
<pin id="235" dir="0" index="0" bw="0" slack="0"/>
<pin id="236" dir="0" index="1" bw="8" slack="2147483647"/>
<pin id="237" dir="0" index="2" bw="8" slack="2147483647"/>
<pin id="238" dir="0" index="3" bw="8" slack="2147483647"/>
<pin id="239" dir="0" index="4" bw="8" slack="2147483647"/>
<pin id="240" dir="0" index="5" bw="8" slack="2147483647"/>
<pin id="241" dir="0" index="6" bw="8" slack="2147483647"/>
<pin id="242" dir="0" index="7" bw="8" slack="2147483647"/>
<pin id="243" dir="0" index="8" bw="8" slack="2147483647"/>
<pin id="244" dir="0" index="9" bw="16" slack="2147483647"/>
<pin id="245" dir="0" index="10" bw="16" slack="2147483647"/>
<pin id="246" dir="0" index="11" bw="16" slack="2147483647"/>
<pin id="247" dir="0" index="12" bw="16" slack="2147483647"/>
<pin id="248" dir="0" index="13" bw="16" slack="2147483647"/>
<pin id="249" dir="0" index="14" bw="16" slack="2147483647"/>
<pin id="250" dir="0" index="15" bw="16" slack="2147483647"/>
<pin id="251" dir="0" index="16" bw="16" slack="2147483647"/>
<pin id="252" dir="0" index="17" bw="16" slack="2147483647"/>
<pin id="253" dir="0" index="18" bw="16" slack="2147483647"/>
<pin id="254" dir="0" index="19" bw="16" slack="2147483647"/>
<pin id="255" dir="0" index="20" bw="16" slack="2147483647"/>
<pin id="256" dir="0" index="21" bw="16" slack="2147483647"/>
<pin id="257" dir="0" index="22" bw="16" slack="2147483647"/>
<pin id="258" dir="0" index="23" bw="16" slack="2147483647"/>
<pin id="259" dir="0" index="24" bw="16" slack="2147483647"/>
<pin id="260" dir="0" index="25" bw="5" slack="0"/>
<pin id="261" dir="0" index="26" bw="6" slack="0"/>
<pin id="262" dir="0" index="27" bw="32" slack="3"/>
<pin id="263" dir="0" index="28" bw="32" slack="3"/>
<pin id="264" dir="0" index="29" bw="32" slack="3"/>
<pin id="265" dir="1" index="30" bw="0" slack="2147483647"/>
</pin_list>
<bind>
<opcode="call(48) " fcode="call"/>
<opset="call_ln206/4 "/>
</bind>
</comp>

<comp id="267" class="1004" name="grp_mmult_Pipeline_writeC_fu_267">
<pin_list>
<pin id="268" dir="0" index="0" bw="0" slack="0"/>
<pin id="269" dir="0" index="1" bw="32" slack="0"/>
<pin id="270" dir="0" index="2" bw="32" slack="4"/>
<pin id="271" dir="0" index="3" bw="16" slack="2147483647"/>
<pin id="272" dir="0" index="4" bw="16" slack="2147483647"/>
<pin id="273" dir="0" index="5" bw="16" slack="2147483647"/>
<pin id="274" dir="0" index="6" bw="16" slack="2147483647"/>
<pin id="275" dir="0" index="7" bw="16" slack="2147483647"/>
<pin id="276" dir="0" index="8" bw="16" slack="2147483647"/>
<pin id="277" dir="0" index="9" bw="16" slack="2147483647"/>
<pin id="278" dir="0" index="10" bw="16" slack="2147483647"/>
<pin id="279" dir="0" index="11" bw="16" slack="2147483647"/>
<pin id="280" dir="0" index="12" bw="16" slack="2147483647"/>
<pin id="281" dir="0" index="13" bw="16" slack="2147483647"/>
<pin id="282" dir="0" index="14" bw="16" slack="2147483647"/>
<pin id="283" dir="0" index="15" bw="16" slack="2147483647"/>
<pin id="284" dir="0" index="16" bw="16" slack="2147483647"/>
<pin id="285" dir="0" index="17" bw="16" slack="2147483647"/>
<pin id="286" dir="0" index="18" bw="16" slack="2147483647"/>
<pin id="287" dir="0" index="19" bw="16" slack="0"/>
<pin id="288" dir="1" index="20" bw="0" slack="2147483647"/>
</pin_list>
<bind>
<opcode="call(48) " fcode="call"/>
<opset="call_ln0/6 "/>
</bind>
</comp>

<comp id="291" class="1004" name="grp_fu_291">
<pin_list>
<pin id="292" dir="0" index="0" bw="32" slack="0"/>
<pin id="293" dir="0" index="1" bw="32" slack="0"/>
<pin id="294" dir="1" index="2" bw="32" slack="0"/>
</pin_list>
<bind>
<opcode="mul(12) " fcode="mul"/>
<opset="mul/1 mul65/4 "/>
</bind>
</comp>

<comp id="298" class="1004" name="grp_fu_298">
<pin_list>
<pin id="299" dir="0" index="0" bw="32" slack="0"/>
<pin id="300" dir="0" index="1" bw="32" slack="0"/>
<pin id="301" dir="1" index="2" bw="32" slack="0"/>
</pin_list>
<bind>
<opcode="mul(12) " fcode="mul"/>
<opset="mul12/1 "/>
</bind>
</comp>

<comp id="306" class="1005" name="reg_306">
<pin_list>
<pin id="307" dir="0" index="0" bw="32" slack="1"/>
<pin id="308" dir="1" index="1" bw="32" slack="1"/>
</pin_list>
<bind>
<opset="mul mul65 "/>
</bind>
</comp>

<comp id="312" class="1004" name="store_ln203_store_fu_312">
<pin_list>
<pin id="313" dir="0" index="0" bw="1" slack="0"/>
<pin id="314" dir="0" index="1" bw="3" slack="0"/>
<pin id="315" dir="1" index="2" bw="0" slack="2147483647"/>
</pin_list>
<bind>
<opcode="store(28) " fcode="store"/>
<opset="store_ln203/1 "/>
</bind>
</comp>

<comp id="317" class="1004" name="q_1_load_fu_317">
<pin_list>
<pin id="318" dir="0" index="0" bw="3" slack="3"/>
<pin id="319" dir="1" index="1" bw="3" slack="0"/>
</pin_list>
<bind>
<opcode="load(27) " fcode="load"/>
<opset="q_1/4 "/>
</bind>
</comp>

<comp id="320" class="1004" name="icmp_ln203_fu_320">
<pin_list>
<pin id="321" dir="0" index="0" bw="3" slack="0"/>
<pin id="322" dir="0" index="1" bw="3" slack="0"/>
<pin id="323" dir="1" index="2" bw="1" slack="2147483647"/>
</pin_list>
<bind>
<opcode="icmp(45) " fcode="icmp"/>
<opset="icmp_ln203/4 "/>
</bind>
</comp>

<comp id="326" class="1004" name="q_2_fu_326">
<pin_list>
<pin id="327" dir="0" index="0" bw="3" slack="0"/>
<pin id="328" dir="0" index="1" bw="1" slack="0"/>
<pin id="329" dir="1" index="2" bw="3" slack="0"/>
</pin_list>
<bind>
<opcode="add(8) " fcode="add"/>
<opset="q_2/4 "/>
</bind>
</comp>

<comp id="332" class="1004" name="trunc_ln204_fu_332">
<pin_list>
<pin id="333" dir="0" index="0" bw="3" slack="0"/>
<pin id="334" dir="1" index="1" bw="2" slack="0"/>
</pin_list>
<bind>
<opcode="trunc(33) " fcode="trunc"/>
<opset="trunc_ln204/4 "/>
</bind>
</comp>

<comp id="336" class="1004" name="start_k_fu_336">
<pin_list>
<pin id="337" dir="0" index="0" bw="5" slack="0"/>
<pin id="338" dir="0" index="1" bw="2" slack="0"/>
<pin id="339" dir="0" index="2" bw="1" slack="0"/>
<pin id="340" dir="1" index="3" bw="5" slack="0"/>
</pin_list>
<bind>
<opcode="bitconcatenate(1004) " fcode="bitconcatenate"/>
<opset="start_k/4 "/>
</bind>
</comp>

<comp id="345" class="1004" name="zext_ln204_fu_345">
<pin_list>
<pin id="346" dir="0" index="0" bw="5" slack="0"/>
<pin id="347" dir="1" index="1" bw="6" slack="0"/>
</pin_list>
<bind>
<opcode="zext(34) " fcode="zext"/>
<opset="zext_ln204/4 "/>
</bind>
</comp>

<comp id="349" class="1004" name="finish_k_fu_349">
<pin_list>
<pin id="350" dir="0" index="0" bw="5" slack="0"/>
<pin id="351" dir="0" index="1" bw="5" slack="0"/>
<pin id="352" dir="1" index="2" bw="6" slack="0"/>
</pin_list>
<bind>
<opcode="add(8) " fcode="add"/>
<opset="finish_k/4 "/>
</bind>
</comp>

<comp id="356" class="1004" name="store_ln203_store_fu_356">
<pin_list>
<pin id="357" dir="0" index="0" bw="3" slack="0"/>
<pin id="358" dir="0" index="1" bw="3" slack="3"/>
<pin id="359" dir="1" index="2" bw="0" slack="2147483647"/>
</pin_list>
<bind>
<opcode="store(28) " fcode="store"/>
<opset="store_ln203/4 "/>
</bind>
</comp>

<comp id="361" class="1005" name="q_reg_361">
<pin_list>
<pin id="362" dir="0" index="0" bw="3" slack="0"/>
<pin id="363" dir="1" index="1" bw="3" slack="0"/>
</pin_list>
<bind>
<opset="q "/>
</bind>
</comp>

<comp id="368" class="1005" name="b_col_read_reg_368">
<pin_list>
<pin id="369" dir="0" index="0" bw="32" slack="1"/>
<pin id="370" dir="1" index="1" bw="32" slack="1"/>
</pin_list>
<bind>
<opset="b_col_read "/>
</bind>
</comp>

<comp id="377" class="1005" name="a_col_read_reg_377">
<pin_list>
<pin id="378" dir="0" index="0" bw="32" slack="1"/>
<pin id="379" dir="1" index="1" bw="32" slack="1"/>
</pin_list>
<bind>
<opset="a_col_read "/>
</bind>
</comp>

<comp id="385" class="1005" name="a_row_read_reg_385">
<pin_list>
<pin id="386" dir="0" index="0" bw="32" slack="1"/>
<pin id="387" dir="1" index="1" bw="32" slack="1"/>
</pin_list>
<bind>
<opset="a_row_read "/>
</bind>
</comp>

<comp id="391" class="1005" name="mul12_reg_391">
<pin_list>
<pin id="392" dir="0" index="0" bw="32" slack="1"/>
<pin id="393" dir="1" index="1" bw="32" slack="1"/>
</pin_list>
<bind>
<opset="mul12 "/>
</bind>
</comp>

<comp id="399" class="1005" name="start_k_reg_399">
<pin_list>
<pin id="400" dir="0" index="0" bw="5" slack="1"/>
<pin id="401" dir="1" index="1" bw="5" slack="1"/>
</pin_list>
<bind>
<opset="start_k "/>
</bind>
</comp>

<comp id="404" class="1005" name="finish_k_reg_404">
<pin_list>
<pin id="405" dir="0" index="0" bw="6" slack="1"/>
<pin id="406" dir="1" index="1" bw="6" slack="1"/>
</pin_list>
<bind>
<opset="finish_k "/>
</bind>
</comp>

</comp_list>

<net_list>
<net id="75"><net_src comp="12" pin="0"/><net_sink comp="72" pin=0"/></net>

<net id="79"><net_src comp="16" pin="0"/><net_sink comp="76" pin=0"/></net>

<net id="83"><net_src comp="16" pin="0"/><net_sink comp="80" pin=0"/></net>

<net id="87"><net_src comp="16" pin="0"/><net_sink comp="84" pin=0"/></net>

<net id="91"><net_src comp="16" pin="0"/><net_sink comp="88" pin=0"/></net>

<net id="95"><net_src comp="16" pin="0"/><net_sink comp="92" pin=0"/></net>

<net id="99"><net_src comp="16" pin="0"/><net_sink comp="96" pin=0"/></net>

<net id="103"><net_src comp="16" pin="0"/><net_sink comp="100" pin=0"/></net>

<net id="107"><net_src comp="16" pin="0"/><net_sink comp="104" pin=0"/></net>

<net id="111"><net_src comp="16" pin="0"/><net_sink comp="108" pin=0"/></net>

<net id="115"><net_src comp="16" pin="0"/><net_sink comp="112" pin=0"/></net>

<net id="119"><net_src comp="16" pin="0"/><net_sink comp="116" pin=0"/></net>

<net id="123"><net_src comp="16" pin="0"/><net_sink comp="120" pin=0"/></net>

<net id="127"><net_src comp="16" pin="0"/><net_sink comp="124" pin=0"/></net>

<net id="131"><net_src comp="16" pin="0"/><net_sink comp="128" pin=0"/></net>

<net id="135"><net_src comp="16" pin="0"/><net_sink comp="132" pin=0"/></net>

<net id="139"><net_src comp="16" pin="0"/><net_sink comp="136" pin=0"/></net>

<net id="143"><net_src comp="16" pin="0"/><net_sink comp="140" pin=0"/></net>

<net id="147"><net_src comp="16" pin="0"/><net_sink comp="144" pin=0"/></net>

<net id="151"><net_src comp="16" pin="0"/><net_sink comp="148" pin=0"/></net>

<net id="155"><net_src comp="16" pin="0"/><net_sink comp="152" pin=0"/></net>

<net id="159"><net_src comp="16" pin="0"/><net_sink comp="156" pin=0"/></net>

<net id="163"><net_src comp="16" pin="0"/><net_sink comp="160" pin=0"/></net>

<net id="167"><net_src comp="16" pin="0"/><net_sink comp="164" pin=0"/></net>

<net id="171"><net_src comp="16" pin="0"/><net_sink comp="168" pin=0"/></net>

<net id="176"><net_src comp="14" pin="0"/><net_sink comp="172" pin=0"/></net>

<net id="177"><net_src comp="10" pin="0"/><net_sink comp="172" pin=1"/></net>

<net id="182"><net_src comp="14" pin="0"/><net_sink comp="178" pin=0"/></net>

<net id="183"><net_src comp="8" pin="0"/><net_sink comp="178" pin=1"/></net>

<net id="188"><net_src comp="14" pin="0"/><net_sink comp="184" pin=0"/></net>

<net id="189"><net_src comp="6" pin="0"/><net_sink comp="184" pin=1"/></net>

<net id="200"><net_src comp="20" pin="0"/><net_sink comp="190" pin=0"/></net>

<net id="201"><net_src comp="0" pin="0"/><net_sink comp="190" pin=7"/></net>

<net id="212"><net_src comp="22" pin="0"/><net_sink comp="202" pin=0"/></net>

<net id="213"><net_src comp="2" pin="0"/><net_sink comp="202" pin=7"/></net>

<net id="233"><net_src comp="24" pin="0"/><net_sink comp="214" pin=0"/></net>

<net id="266"><net_src comp="60" pin="0"/><net_sink comp="234" pin=0"/></net>

<net id="289"><net_src comp="70" pin="0"/><net_sink comp="267" pin=0"/></net>

<net id="290"><net_src comp="4" pin="0"/><net_sink comp="267" pin=19"/></net>

<net id="295"><net_src comp="291" pin="2"/><net_sink comp="190" pin=1"/></net>

<net id="296"><net_src comp="178" pin="2"/><net_sink comp="291" pin=0"/></net>

<net id="297"><net_src comp="184" pin="2"/><net_sink comp="291" pin=1"/></net>

<net id="302"><net_src comp="298" pin="2"/><net_sink comp="202" pin=1"/></net>

<net id="303"><net_src comp="172" pin="2"/><net_sink comp="298" pin=0"/></net>

<net id="304"><net_src comp="178" pin="2"/><net_sink comp="298" pin=1"/></net>

<net id="305"><net_src comp="291" pin="2"/><net_sink comp="267" pin=1"/></net>

<net id="309"><net_src comp="291" pin="2"/><net_sink comp="306" pin=0"/></net>

<net id="310"><net_src comp="306" pin="1"/><net_sink comp="190" pin=1"/></net>

<net id="311"><net_src comp="306" pin="1"/><net_sink comp="267" pin=1"/></net>

<net id="316"><net_src comp="18" pin="0"/><net_sink comp="312" pin=0"/></net>

<net id="324"><net_src comp="317" pin="1"/><net_sink comp="320" pin=0"/></net>

<net id="325"><net_src comp="52" pin="0"/><net_sink comp="320" pin=1"/></net>

<net id="330"><net_src comp="317" pin="1"/><net_sink comp="326" pin=0"/></net>

<net id="331"><net_src comp="54" pin="0"/><net_sink comp="326" pin=1"/></net>

<net id="335"><net_src comp="317" pin="1"/><net_sink comp="332" pin=0"/></net>

<net id="341"><net_src comp="56" pin="0"/><net_sink comp="336" pin=0"/></net>

<net id="342"><net_src comp="332" pin="1"/><net_sink comp="336" pin=1"/></net>

<net id="343"><net_src comp="18" pin="0"/><net_sink comp="336" pin=2"/></net>

<net id="344"><net_src comp="336" pin="3"/><net_sink comp="234" pin=25"/></net>

<net id="348"><net_src comp="336" pin="3"/><net_sink comp="345" pin=0"/></net>

<net id="353"><net_src comp="345" pin="1"/><net_sink comp="349" pin=0"/></net>

<net id="354"><net_src comp="58" pin="0"/><net_sink comp="349" pin=1"/></net>

<net id="355"><net_src comp="349" pin="2"/><net_sink comp="234" pin=26"/></net>

<net id="360"><net_src comp="326" pin="2"/><net_sink comp="356" pin=0"/></net>

<net id="364"><net_src comp="72" pin="1"/><net_sink comp="361" pin=0"/></net>

<net id="365"><net_src comp="361" pin="1"/><net_sink comp="312" pin=1"/></net>

<net id="366"><net_src comp="361" pin="1"/><net_sink comp="317" pin=0"/></net>

<net id="367"><net_src comp="361" pin="1"/><net_sink comp="356" pin=1"/></net>

<net id="371"><net_src comp="172" pin="2"/><net_sink comp="368" pin=0"/></net>

<net id="372"><net_src comp="368" pin="1"/><net_sink comp="298" pin=0"/></net>

<net id="373"><net_src comp="368" pin="1"/><net_sink comp="202" pin=6"/></net>

<net id="374"><net_src comp="368" pin="1"/><net_sink comp="234" pin=29"/></net>

<net id="375"><net_src comp="368" pin="1"/><net_sink comp="291" pin=0"/></net>

<net id="376"><net_src comp="368" pin="1"/><net_sink comp="267" pin=2"/></net>

<net id="380"><net_src comp="178" pin="2"/><net_sink comp="377" pin=0"/></net>

<net id="381"><net_src comp="377" pin="1"/><net_sink comp="291" pin=0"/></net>

<net id="382"><net_src comp="377" pin="1"/><net_sink comp="190" pin=6"/></net>

<net id="383"><net_src comp="377" pin="1"/><net_sink comp="298" pin=1"/></net>

<net id="384"><net_src comp="377" pin="1"/><net_sink comp="234" pin=28"/></net>

<net id="388"><net_src comp="184" pin="2"/><net_sink comp="385" pin=0"/></net>

<net id="389"><net_src comp="385" pin="1"/><net_sink comp="291" pin=1"/></net>

<net id="390"><net_src comp="385" pin="1"/><net_sink comp="234" pin=27"/></net>

<net id="394"><net_src comp="298" pin="2"/><net_sink comp="391" pin=0"/></net>

<net id="395"><net_src comp="391" pin="1"/><net_sink comp="202" pin=1"/></net>

<net id="402"><net_src comp="336" pin="3"/><net_sink comp="399" pin=0"/></net>

<net id="403"><net_src comp="399" pin="1"/><net_sink comp="234" pin=25"/></net>

<net id="407"><net_src comp="349" pin="2"/><net_sink comp="404" pin=0"/></net>

<net id="408"><net_src comp="404" pin="1"/><net_sink comp="234" pin=26"/></net>

</net_list>

</model> 
---------------- Datapath Model END ------------------

* FSMD analyzer results:
  - Output states:
	Port: c | {6 7 }
 - Input state : 
	Port: mmult : a | {2 3 }
	Port: mmult : b | {2 3 }
	Port: mmult : a_row | {1 }
	Port: mmult : a_col | {1 }
	Port: mmult : b_col | {1 }
  - Chain level:
	State 1
		store_ln203 : 1
	State 2
		call_ln0 : 1
		call_ln0 : 1
	State 3
	State 4
		icmp_ln203 : 1
		q_2 : 1
		br_ln203 : 2
		trunc_ln204 : 1
		start_k : 2
		zext_ln204 : 3
		finish_k : 4
		call_ln206 : 5
		store_ln203 : 2
	State 5
	State 6
		call_ln0 : 1
	State 7


============================================================
+ Verbose Summary: Datapath Resource usage 
============================================================

* Functional unit list:
|----------|-------------------------------------------------------------|---------|---------|---------|---------|
| Operation|                       Functional Unit                       |   DSP   |  Delay  |    FF   |   LUT   |
|----------|-------------------------------------------------------------|---------|---------|---------|---------|
|          |               grp_mmult_Pipeline_readA_fu_190               |    0    |  0.427  |   297   |   282   |
|          |               grp_mmult_Pipeline_readB_fu_202               |    0    |  0.427  |   297   |   282   |
|   call   | grp_mmult_Pipeline_VITIS_LOOP_195_1_VITIS_LOOP_196_2_fu_214 |    0    |    0    |    29   |    70   |
|          |                   grp_tile_process_fu_234                   |    16   |  23.415 |   1303  |   2238  |
|          |               grp_mmult_Pipeline_writeC_fu_267              |    0    |  6.832  |   305   |   495   |
|----------|-------------------------------------------------------------|---------|---------|---------|---------|
|    mul   |                          grp_fu_291                         |    3    |    0    |   165   |    49   |
|          |                          grp_fu_298                         |    3    |    0    |   165   |    49   |
|----------|-------------------------------------------------------------|---------|---------|---------|---------|
|    add   |                          q_2_fu_326                         |    0    |    0    |    0    |    10   |
|          |                       finish_k_fu_349                       |    0    |    0    |    0    |    12   |
|----------|-------------------------------------------------------------|---------|---------|---------|---------|
|   icmp   |                      icmp_ln203_fu_320                      |    0    |    0    |    0    |    10   |
|----------|-------------------------------------------------------------|---------|---------|---------|---------|
|          |                    b_col_read_read_fu_172                   |    0    |    0    |    0    |    0    |
|   read   |                    a_col_read_read_fu_178                   |    0    |    0    |    0    |    0    |
|          |                    a_row_read_read_fu_184                   |    0    |    0    |    0    |    0    |
|----------|-------------------------------------------------------------|---------|---------|---------|---------|
|   trunc  |                      trunc_ln204_fu_332                     |    0    |    0    |    0    |    0    |
|----------|-------------------------------------------------------------|---------|---------|---------|---------|
|bitconcatenate|                        start_k_fu_336                       |    0    |    0    |    0    |    0    |
|----------|-------------------------------------------------------------|---------|---------|---------|---------|
|   zext   |                      zext_ln204_fu_345                      |    0    |    0    |    0    |    0    |
|----------|-------------------------------------------------------------|---------|---------|---------|---------|
|   Total  |                                                             |    22   |  31.101 |   2561  |   3497  |
|----------|-------------------------------------------------------------|---------|---------|---------|---------|

Memories:
+---------+--------+--------+--------+--------+
|         |  BRAM  |   FF   |   LUT  |  URAM  |
+---------+--------+--------+--------+--------+
|  localA |    -   |   16   |   32   |    -   |
| localA_1|    -   |   16   |   32   |    -   |
| localA_2|    -   |   16   |   32   |    -   |
| localA_3|    -   |   16   |   32   |    -   |
|  localB |    -   |   16   |   32   |    -   |
| localB_1|    -   |   16   |   32   |    -   |
| localB_2|    -   |   16   |   32   |    -   |
| localB_3|    -   |   16   |   32   |    -   |
|  localC |    1   |    0   |    0   |    0   |
| localC_1|    1   |    0   |    0   |    0   |
|localC_10|    1   |    0   |    0   |    0   |
|localC_11|    1   |    0   |    0   |    0   |
|localC_12|    1   |    0   |    0   |    0   |
|localC_13|    1   |    0   |    0   |    0   |
|localC_14|    1   |    0   |    0   |    0   |
|localC_15|    1   |    0   |    0   |    0   |
| localC_2|    1   |    0   |    0   |    0   |
| localC_3|    1   |    0   |    0   |    0   |
| localC_4|    1   |    0   |    0   |    0   |
| localC_5|    1   |    0   |    0   |    0   |
| localC_6|    1   |    0   |    0   |    0   |
| localC_7|    1   |    0   |    0   |    0   |
| localC_8|    1   |    0   |    0   |    0   |
| localC_9|    1   |    0   |    0   |    0   |
+---------+--------+--------+--------+--------+
|  Total  |   16   |   128  |   256  |    0   |
+---------+--------+--------+--------+--------+

* Register list:
+------------------+--------+
|                  |   FF   |
+------------------+--------+
|a_col_read_reg_377|   32   |
|a_row_read_reg_385|   32   |
|b_col_read_reg_368|   32   |
| finish_k_reg_404 |    6   |
|   mul12_reg_391  |   32   |
|     q_reg_361    |    3   |
|      reg_306     |   32   |
|  start_k_reg_399 |    5   |
+------------------+--------+
|       Total      |   174  |
+------------------+--------+

* Multiplexer (MUX) list: 
|----------------------------------|------|------|------|--------||---------||---------|
|               Comp               |  Pin | Size |  BW  | S x BW ||  Delay  ||   LUT   |
|----------------------------------|------|------|------|--------||---------||---------|
|  grp_mmult_Pipeline_readA_fu_190 |  p1  |   2  |  32  |   64   ||    9    |
|  grp_mmult_Pipeline_readB_fu_202 |  p1  |   2  |  32  |   64   ||    9    |
|      grp_tile_process_fu_234     |  p25 |   2  |   5  |   10   ||    9    |
|      grp_tile_process_fu_234     |  p26 |   2  |   6  |   12   ||    9    |
| grp_mmult_Pipeline_writeC_fu_267 |  p1  |   2  |  32  |   64   ||    9    |
|            grp_fu_291            |  p0  |   3  |  32  |   96   ||    14   |
|            grp_fu_291            |  p1  |   2  |  32  |   64   ||    9    |
|            grp_fu_298            |  p0  |   2  |  32  |   64   ||    9    |
|            grp_fu_298            |  p1  |   2  |  32  |   64   ||    9    |
|----------------------------------|------|------|------|--------||---------||---------|
|               Total              |      |      |      |   502  ||  3.892  ||    86   |
|----------------------------------|------|------|------|--------||---------||---------|



* Summary:
+-----------+--------+--------+--------+--------+--------+--------+
|           |  BRAM  |   DSP  |  Delay |   FF   |   LUT  |  URAM  |
+-----------+--------+--------+--------+--------+--------+--------+
|  Function |    -   |   22   |   31   |  2561  |  3497  |    -   |
|   Memory  |   16   |    -   |    -   |   128  |   256  |    0   |
|Multiplexer|    -   |    -   |    3   |    -   |   86   |    -   |
|  Register |    -   |    -   |    -   |   174  |    -   |    -   |
+-----------+--------+--------+--------+--------+--------+--------+
|   Total   |   16   |   22   |   34   |  2863  |  3839  |    0   |
+-----------+--------+--------+--------+--------+--------+--------+
