

================================================================
== Vitis HLS Report for 'mmult_Pipeline_readA'
================================================================
* Date:           Sun Apr 12 07:56:33 2026

* Version:        2023.2 (Build 4023990 on Oct 11 2023)
* Project:        hls_prj
* Solution:       s1 (Vivado IP Flow Target)
* Product family: zynquplus
* Target device:  xck26-sfvc784-2LV-c


================================================================
== Performance Estimates
================================================================
+ Timing: 
    * Summary: 
    +--------+---------+----------+------------+
    |  Clock |  Target | Estimated| Uncertainty|
    +--------+---------+----------+------------+
    |ap_clk  |  3.30 ns|  2.409 ns|     0.89 ns|
    +--------+---------+----------+------------+

+ Latency: 
    * Summary: 
    +---------+---------+----------+----------+------+------+---------+
    |  Latency (cycles) |  Latency (absolute) |   Interval  | Pipeline|
    |   min   |   max   |    min   |    max   |  min |  max |   Type  |
    +---------+---------+----------+----------+------+------+---------+
    |     2050|     2050|  6.765 us|  6.765 us|  2050|  2050|       no|
    +---------+---------+----------+----------+------+------+---------+

    + Detail: 
        * Instance: 
        N/A

        * Loop: 
        +----------+---------+---------+----------+-----------+-----------+------+----------+
        |          |  Latency (cycles) | Iteration|  Initiation Interval  | Trip |          |
        | Loop Name|   min   |   max   |  Latency |  achieved |   target  | Count| Pipelined|
        +----------+---------+---------+----------+-----------+-----------+------+----------+
        |- readA   |     2048|     2048|         3|          2|          1|  1024|       yes|
        +----------+---------+---------+----------+-----------+-----------+------+----------+

============================================================
+ Verbose Summary: Synthesis Manager
============================================================
InlineROM: 1
ExposeGlobal: 0
============================================================
+ Verbose Summary: CDFG Model
============================================================
IsTopModel: 0
ResetActiveHigh: 1
IsCombinational: 0
IsDatapathOnly: 0
HasWiredReturn: 1
HasMFsm: 2
HasVarLatency: 1
IsPipeline: 0
IsRtlPipelined: 0
IsInstanceOverlapped: 0
IsDontTouch: 0
HasImplIP: 0
IsGatedGlobalClock: 0

+ Individual pipeline summary: 
  * Pipeline-0: initiation interval (II) = 2, depth = 4


============================================================
+ Verbose Summary: Schedule
============================================================
* Number of FSM states : 4
* Pipeline : 1
  Pipeline-0 : II = 2, D = 4, States = { 1 2 3 4 }
* Dataflow Pipeline: 0

* FSM state transitions: 
1 --> 2 
2 --> 3 
3 --> 4 
4 --> 

* FSM state operations: 

State 1 <SV = 0> <Delay = 0.42>
ST_1 : Operation 6 [1/1] (0.00ns)   --->   "%j = alloca i32 1" [mmult.cpp:170]   --->   Operation 6 'alloca' 'j' <Predicate = true> <Delay = 0.00>
ST_1 : Operation 7 [1/1] (0.00ns)   --->   "%i = alloca i32 1" [mmult.cpp:170]   --->   Operation 7 'alloca' 'i' <Predicate = true> <Delay = 0.00>
ST_1 : Operation 8 [1/1] (0.00ns)   --->   "%loc = alloca i32 1"   --->   Operation 8 'alloca' 'loc' <Predicate = true> <Delay = 0.00>
ST_1 : Operation 9 [1/1] (0.00ns)   --->   "%specinterface_ln0 = specinterface void @_ssdm_op_SpecInterface, i8 %gmem0, void @empty_1, i32 0, i32 0, void @empty_2, i32 0, i32 0, void @empty_3, void @empty_4, void @empty_2, i32 16, i32 16, i32 16, i32 16, void @empty_2, void @empty_2, i32 4294967295, i32 0"   --->   Operation 9 'specinterface' 'specinterface_ln0' <Predicate = true> <Delay = 0.00>
ST_1 : Operation 10 [1/1] (0.00ns)   --->   "%a_col_read = read i32 @_ssdm_op_Read.ap_auto.i32, i32 %a_col"   --->   Operation 10 'read' 'a_col_read' <Predicate = true> <Delay = 0.00>
ST_1 : Operation 11 [1/1] (0.00ns)   --->   "%a_read = read i64 @_ssdm_op_Read.ap_auto.i64, i64 %a"   --->   Operation 11 'read' 'a_read' <Predicate = true> <Delay = 0.00>
ST_1 : Operation 12 [1/1] (0.00ns)   --->   "%mul_read = read i32 @_ssdm_op_Read.ap_auto.i32, i32 %mul"   --->   Operation 12 'read' 'mul_read' <Predicate = true> <Delay = 0.00>
ST_1 : Operation 13 [1/1] (0.42ns)   --->   "%store_ln0 = store i31 0, i31 %loc"   --->   Operation 13 'store' 'store_ln0' <Predicate = true> <Delay = 0.42>
ST_1 : Operation 14 [1/1] (0.42ns)   --->   "%store_ln170 = store i32 0, i32 %i" [mmult.cpp:170]   --->   Operation 14 'store' 'store_ln170' <Predicate = true> <Delay = 0.42>
ST_1 : Operation 15 [1/1] (0.42ns)   --->   "%store_ln170 = store i32 0, i32 %j" [mmult.cpp:170]   --->   Operation 15 'store' 'store_ln170' <Predicate = true> <Delay = 0.42>
ST_1 : Operation 16 [1/1] (0.00ns)   --->   "%br_ln0 = br void %for.body"   --->   Operation 16 'br' 'br_ln0' <Predicate = true> <Delay = 0.00>

State 2 <SV = 1> <Delay = 2.20>
ST_2 : Operation 17 [1/1] (0.00ns)   --->   "%loc_load = load i31 %loc" [mmult.cpp:170]   --->   Operation 17 'load' 'loc_load' <Predicate = true> <Delay = 0.00>
ST_2 : Operation 18 [1/1] (0.00ns)   --->   "%loc_cast = zext i31 %loc_load" [mmult.cpp:170]   --->   Operation 18 'zext' 'loc_cast' <Predicate = true> <Delay = 0.00>
ST_2 : Operation 19 [1/1] (0.00ns)   --->   "%specbitsmap_ln0 = specbitsmap void @_ssdm_op_SpecBitsMap, i8 %gmem0"   --->   Operation 19 'specbitsmap' 'specbitsmap_ln0' <Predicate = true> <Delay = 0.00>
ST_2 : Operation 20 [1/1] (1.01ns)   --->   "%icmp_ln170 = icmp_slt  i32 %loc_cast, i32 %mul_read" [mmult.cpp:170]   --->   Operation 20 'icmp' 'icmp_ln170' <Predicate = true> <Delay = 1.01> <CoreInst = "Cmp">   --->   Core 9 'Cmp' <Latency = 0> <II = 1> <Delay = 1.01> <FuncUnit> <Opcode : 'icmp'> <InPorts = 2> <OutPorts = 1>
ST_2 : Operation 21 [1/1] (1.00ns)   --->   "%add_ln170 = add i31 %loc_load, i31 1" [mmult.cpp:170]   --->   Operation 21 'add' 'add_ln170' <Predicate = true> <Delay = 1.00> <CoreInst = "Adder">   --->   Core 1 'Adder' <Latency = 0> <II = 1> <Delay = 1.00> <FuncUnit> <Opcode : 'add' 'sub'> <InPorts = 2> <OutPorts = 1>
ST_2 : Operation 22 [1/1] (0.00ns)   --->   "%br_ln170 = br i1 %icmp_ln170, void %readB.loopexit.exitStub, void %for.body.split" [mmult.cpp:170]   --->   Operation 22 'br' 'br_ln170' <Predicate = true> <Delay = 0.00>
ST_2 : Operation 23 [1/1] (0.00ns)   --->   "%j_load = load i32 %j" [mmult.cpp:172]   --->   Operation 23 'load' 'j_load' <Predicate = (icmp_ln170)> <Delay = 0.00>
ST_2 : Operation 24 [1/1] (0.00ns)   --->   "%i_load = load i32 %i" [mmult.cpp:173]   --->   Operation 24 'load' 'i_load' <Predicate = (icmp_ln170)> <Delay = 0.00>
ST_2 : Operation 25 [1/1] (0.00ns)   --->   "%gmem0_addr = getelementptr i8 %gmem0, i64 %a_read" [mmult.cpp:170]   --->   Operation 25 'getelementptr' 'gmem0_addr' <Predicate = (icmp_ln170)> <Delay = 0.00>
ST_2 : Operation 26 [1/1] (1.01ns)   --->   "%icmp_ln172 = icmp_eq  i32 %j_load, i32 %a_col_read" [mmult.cpp:172]   --->   Operation 26 'icmp' 'icmp_ln172' <Predicate = (icmp_ln170)> <Delay = 1.01> <CoreInst = "Cmp">   --->   Core 9 'Cmp' <Latency = 0> <II = 1> <Delay = 1.01> <FuncUnit> <Opcode : 'icmp'> <InPorts = 2> <OutPorts = 1>
ST_2 : Operation 27 [1/1] (1.01ns)   --->   "%add_ln173 = add i32 %i_load, i32 1" [mmult.cpp:173]   --->   Operation 27 'add' 'add_ln173' <Predicate = (icmp_ln170)> <Delay = 1.01> <CoreInst = "Adder">   --->   Core 1 'Adder' <Latency = 0> <II = 1> <Delay = 1.01> <FuncUnit> <Opcode : 'add' 'sub'> <InPorts = 2> <OutPorts = 1>
ST_2 : Operation 28 [1/1] (0.44ns)   --->   "%i_3 = select i1 %icmp_ln172, i32 %add_ln173, i32 %i_load" [mmult.cpp:172]   --->   Operation 28 'select' 'i_3' <Predicate = (icmp_ln170)> <Delay = 0.44> <CoreInst = "Sel">   --->   Core 73 'Sel' <Latency = 0> <II = 1> <Delay = 0.44> <FuncUnit> <Opcode : 'select'> <InPorts = 3> <OutPorts = 1>
ST_2 : Operation 29 [1/1] (0.00ns)   --->   "%trunc_ln170 = trunc i32 %i_3" [mmult.cpp:170]   --->   Operation 29 'trunc' 'trunc_ln170' <Predicate = (icmp_ln170)> <Delay = 0.00>
ST_2 : Operation 30 [1/1] (0.74ns)   --->   "%switch_ln176 = switch i5 %trunc_ln170, void %arrayidx54.0.0.03.case.31, i5 0, void %arrayidx54.0.0.03.case.0, i5 1, void %arrayidx54.0.0.03.case.1, i5 2, void %arrayidx54.0.0.03.case.2, i5 3, void %arrayidx54.0.0.03.case.3, i5 4, void %arrayidx54.0.0.03.case.4, i5 5, void %arrayidx54.0.0.03.case.5, i5 6, void %arrayidx54.0.0.03.case.6, i5 7, void %arrayidx54.0.0.03.case.7, i5 8, void %arrayidx54.0.0.03.case.8, i5 9, void %arrayidx54.0.0.03.case.9, i5 10, void %arrayidx54.0.0.03.case.10, i5 11, void %arrayidx54.0.0.03.case.11, i5 12, void %arrayidx54.0.0.03.case.12, i5 13, void %arrayidx54.0.0.03.case.13, i5 14, void %arrayidx54.0.0.03.case.14, i5 15, void %arrayidx54.0.0.03.case.15, i5 16, void %arrayidx54.0.0.03.case.16, i5 17, void %arrayidx54.0.0.03.case.17, i5 18, void %arrayidx54.0.0.03.case.18, i5 19, void %arrayidx54.0.0.03.case.19, i5 20, void %arrayidx54.0.0.03.case.20, i5 21, void %arrayidx54.0.0.03.case.21, i5 22, void %arrayidx54.0.0.03.case.22, i5 23, void %arrayidx54.0.0.03.case.23, i5 24, void %arrayidx54.0.0.03.case.24, i5 25, void %arrayidx54.0.0.03.case.25, i5 26, void %arrayidx54.0.0.03.case.26, i5 27, void %arrayidx54.0.0.03.case.27, i5 28, void %arrayidx54.0.0.03.case.28, i5 29, void %arrayidx54.0.0.03.case.29, i5 30, void %arrayidx54.0.0.03.case.30" [mmult.cpp:176]   --->   Operation 30 'switch' 'switch_ln176' <Predicate = (icmp_ln170)> <Delay = 0.74>
ST_2 : Operation 31 [1/1] (0.00ns)   --->   "%br_ln176 = br void %arrayidx54.0.0.03.exit" [mmult.cpp:176]   --->   Operation 31 'br' 'br_ln176' <Predicate = (icmp_ln170 & trunc_ln170 == 30)> <Delay = 0.00>
ST_2 : Operation 32 [1/1] (0.00ns)   --->   "%br_ln176 = br void %arrayidx54.0.0.03.exit" [mmult.cpp:176]   --->   Operation 32 'br' 'br_ln176' <Predicate = (icmp_ln170 & trunc_ln170 == 29)> <Delay = 0.00>
ST_2 : Operation 33 [1/1] (0.00ns)   --->   "%br_ln176 = br void %arrayidx54.0.0.03.exit" [mmult.cpp:176]   --->   Operation 33 'br' 'br_ln176' <Predicate = (icmp_ln170 & trunc_ln170 == 28)> <Delay = 0.00>
ST_2 : Operation 34 [1/1] (0.00ns)   --->   "%br_ln176 = br void %arrayidx54.0.0.03.exit" [mmult.cpp:176]   --->   Operation 34 'br' 'br_ln176' <Predicate = (icmp_ln170 & trunc_ln170 == 27)> <Delay = 0.00>
ST_2 : Operation 35 [1/1] (0.00ns)   --->   "%br_ln176 = br void %arrayidx54.0.0.03.exit" [mmult.cpp:176]   --->   Operation 35 'br' 'br_ln176' <Predicate = (icmp_ln170 & trunc_ln170 == 26)> <Delay = 0.00>
ST_2 : Operation 36 [1/1] (0.00ns)   --->   "%br_ln176 = br void %arrayidx54.0.0.03.exit" [mmult.cpp:176]   --->   Operation 36 'br' 'br_ln176' <Predicate = (icmp_ln170 & trunc_ln170 == 25)> <Delay = 0.00>
ST_2 : Operation 37 [1/1] (0.00ns)   --->   "%br_ln176 = br void %arrayidx54.0.0.03.exit" [mmult.cpp:176]   --->   Operation 37 'br' 'br_ln176' <Predicate = (icmp_ln170 & trunc_ln170 == 24)> <Delay = 0.00>
ST_2 : Operation 38 [1/1] (0.00ns)   --->   "%br_ln176 = br void %arrayidx54.0.0.03.exit" [mmult.cpp:176]   --->   Operation 38 'br' 'br_ln176' <Predicate = (icmp_ln170 & trunc_ln170 == 23)> <Delay = 0.00>
ST_2 : Operation 39 [1/1] (0.00ns)   --->   "%br_ln176 = br void %arrayidx54.0.0.03.exit" [mmult.cpp:176]   --->   Operation 39 'br' 'br_ln176' <Predicate = (icmp_ln170 & trunc_ln170 == 22)> <Delay = 0.00>
ST_2 : Operation 40 [1/1] (0.00ns)   --->   "%br_ln176 = br void %arrayidx54.0.0.03.exit" [mmult.cpp:176]   --->   Operation 40 'br' 'br_ln176' <Predicate = (icmp_ln170 & trunc_ln170 == 21)> <Delay = 0.00>
ST_2 : Operation 41 [1/1] (0.00ns)   --->   "%br_ln176 = br void %arrayidx54.0.0.03.exit" [mmult.cpp:176]   --->   Operation 41 'br' 'br_ln176' <Predicate = (icmp_ln170 & trunc_ln170 == 20)> <Delay = 0.00>
ST_2 : Operation 42 [1/1] (0.00ns)   --->   "%br_ln176 = br void %arrayidx54.0.0.03.exit" [mmult.cpp:176]   --->   Operation 42 'br' 'br_ln176' <Predicate = (icmp_ln170 & trunc_ln170 == 19)> <Delay = 0.00>
ST_2 : Operation 43 [1/1] (0.00ns)   --->   "%br_ln176 = br void %arrayidx54.0.0.03.exit" [mmult.cpp:176]   --->   Operation 43 'br' 'br_ln176' <Predicate = (icmp_ln170 & trunc_ln170 == 18)> <Delay = 0.00>
ST_2 : Operation 44 [1/1] (0.00ns)   --->   "%br_ln176 = br void %arrayidx54.0.0.03.exit" [mmult.cpp:176]   --->   Operation 44 'br' 'br_ln176' <Predicate = (icmp_ln170 & trunc_ln170 == 17)> <Delay = 0.00>
ST_2 : Operation 45 [1/1] (0.00ns)   --->   "%br_ln176 = br void %arrayidx54.0.0.03.exit" [mmult.cpp:176]   --->   Operation 45 'br' 'br_ln176' <Predicate = (icmp_ln170 & trunc_ln170 == 16)> <Delay = 0.00>
ST_2 : Operation 46 [1/1] (0.00ns)   --->   "%br_ln176 = br void %arrayidx54.0.0.03.exit" [mmult.cpp:176]   --->   Operation 46 'br' 'br_ln176' <Predicate = (icmp_ln170 & trunc_ln170 == 15)> <Delay = 0.00>
ST_2 : Operation 47 [1/1] (0.00ns)   --->   "%br_ln176 = br void %arrayidx54.0.0.03.exit" [mmult.cpp:176]   --->   Operation 47 'br' 'br_ln176' <Predicate = (icmp_ln170 & trunc_ln170 == 14)> <Delay = 0.00>
ST_2 : Operation 48 [1/1] (0.00ns)   --->   "%br_ln176 = br void %arrayidx54.0.0.03.exit" [mmult.cpp:176]   --->   Operation 48 'br' 'br_ln176' <Predicate = (icmp_ln170 & trunc_ln170 == 13)> <Delay = 0.00>
ST_2 : Operation 49 [1/1] (0.00ns)   --->   "%br_ln176 = br void %arrayidx54.0.0.03.exit" [mmult.cpp:176]   --->   Operation 49 'br' 'br_ln176' <Predicate = (icmp_ln170 & trunc_ln170 == 12)> <Delay = 0.00>
ST_2 : Operation 50 [1/1] (0.00ns)   --->   "%br_ln176 = br void %arrayidx54.0.0.03.exit" [mmult.cpp:176]   --->   Operation 50 'br' 'br_ln176' <Predicate = (icmp_ln170 & trunc_ln170 == 11)> <Delay = 0.00>
ST_2 : Operation 51 [1/1] (0.00ns)   --->   "%br_ln176 = br void %arrayidx54.0.0.03.exit" [mmult.cpp:176]   --->   Operation 51 'br' 'br_ln176' <Predicate = (icmp_ln170 & trunc_ln170 == 10)> <Delay = 0.00>
ST_2 : Operation 52 [1/1] (0.00ns)   --->   "%br_ln176 = br void %arrayidx54.0.0.03.exit" [mmult.cpp:176]   --->   Operation 52 'br' 'br_ln176' <Predicate = (icmp_ln170 & trunc_ln170 == 9)> <Delay = 0.00>
ST_2 : Operation 53 [1/1] (0.00ns)   --->   "%br_ln176 = br void %arrayidx54.0.0.03.exit" [mmult.cpp:176]   --->   Operation 53 'br' 'br_ln176' <Predicate = (icmp_ln170 & trunc_ln170 == 8)> <Delay = 0.00>
ST_2 : Operation 54 [1/1] (0.00ns)   --->   "%br_ln176 = br void %arrayidx54.0.0.03.exit" [mmult.cpp:176]   --->   Operation 54 'br' 'br_ln176' <Predicate = (icmp_ln170 & trunc_ln170 == 7)> <Delay = 0.00>
ST_2 : Operation 55 [1/1] (0.00ns)   --->   "%br_ln176 = br void %arrayidx54.0.0.03.exit" [mmult.cpp:176]   --->   Operation 55 'br' 'br_ln176' <Predicate = (icmp_ln170 & trunc_ln170 == 6)> <Delay = 0.00>
ST_2 : Operation 56 [1/1] (0.00ns)   --->   "%br_ln176 = br void %arrayidx54.0.0.03.exit" [mmult.cpp:176]   --->   Operation 56 'br' 'br_ln176' <Predicate = (icmp_ln170 & trunc_ln170 == 5)> <Delay = 0.00>
ST_2 : Operation 57 [1/1] (0.00ns)   --->   "%br_ln176 = br void %arrayidx54.0.0.03.exit" [mmult.cpp:176]   --->   Operation 57 'br' 'br_ln176' <Predicate = (icmp_ln170 & trunc_ln170 == 4)> <Delay = 0.00>
ST_2 : Operation 58 [1/1] (0.00ns)   --->   "%br_ln176 = br void %arrayidx54.0.0.03.exit" [mmult.cpp:176]   --->   Operation 58 'br' 'br_ln176' <Predicate = (icmp_ln170 & trunc_ln170 == 3)> <Delay = 0.00>
ST_2 : Operation 59 [1/1] (0.00ns)   --->   "%br_ln176 = br void %arrayidx54.0.0.03.exit" [mmult.cpp:176]   --->   Operation 59 'br' 'br_ln176' <Predicate = (icmp_ln170 & trunc_ln170 == 2)> <Delay = 0.00>
ST_2 : Operation 60 [1/1] (0.00ns)   --->   "%br_ln176 = br void %arrayidx54.0.0.03.exit" [mmult.cpp:176]   --->   Operation 60 'br' 'br_ln176' <Predicate = (icmp_ln170 & trunc_ln170 == 1)> <Delay = 0.00>
ST_2 : Operation 61 [1/1] (0.00ns)   --->   "%br_ln176 = br void %arrayidx54.0.0.03.exit" [mmult.cpp:176]   --->   Operation 61 'br' 'br_ln176' <Predicate = (icmp_ln170 & trunc_ln170 == 0)> <Delay = 0.00>
ST_2 : Operation 62 [1/1] (0.00ns)   --->   "%br_ln176 = br void %arrayidx54.0.0.03.exit" [mmult.cpp:176]   --->   Operation 62 'br' 'br_ln176' <Predicate = (icmp_ln170 & trunc_ln170 == 31)> <Delay = 0.00>
ST_2 : Operation 138 [1/1] (0.00ns)   --->   "%ret_ln0 = ret"   --->   Operation 138 'ret' 'ret_ln0' <Predicate = (!icmp_ln170)> <Delay = 0.00>

State 3 <SV = 2> <Delay = 2.40>
ST_3 : Operation 63 [1/1] (0.44ns)   --->   "%j_5 = select i1 %icmp_ln172, i32 0, i32 %j_load" [mmult.cpp:172]   --->   Operation 63 'select' 'j_5' <Predicate = (icmp_ln170)> <Delay = 0.44> <CoreInst = "Sel">   --->   Core 73 'Sel' <Latency = 0> <II = 1> <Delay = 0.44> <FuncUnit> <Opcode : 'select'> <InPorts = 3> <OutPorts = 1>
ST_3 : Operation 64 [1/1] (2.40ns)   --->   "%gmem0_addr_read = read i8 @_ssdm_op_Read.m_axi.p1i8, i8 %gmem0_addr" [mmult.cpp:176]   --->   Operation 64 'read' 'gmem0_addr_read' <Predicate = (icmp_ln170)> <Delay = 2.40> <CoreInst = "m_axi">   --->   Core 121 'm_axi' <Latency = 0> <II = 1> <Delay = 1.00> <Adapter> <Opcode : 'read' 'write' 'readreq' 'writereq' 'writeresp'>
ST_3 : Operation 65 [1/1] (1.01ns)   --->   "%j_6 = add i32 %j_5, i32 1" [mmult.cpp:170]   --->   Operation 65 'add' 'j_6' <Predicate = (icmp_ln170)> <Delay = 1.01> <CoreInst = "Adder">   --->   Core 1 'Adder' <Latency = 0> <II = 1> <Delay = 1.01> <FuncUnit> <Opcode : 'add' 'sub'> <InPorts = 2> <OutPorts = 1>
ST_3 : Operation 66 [1/1] (0.42ns)   --->   "%store_ln170 = store i31 %add_ln170, i31 %loc" [mmult.cpp:170]   --->   Operation 66 'store' 'store_ln170' <Predicate = (icmp_ln170)> <Delay = 0.42>
ST_3 : Operation 67 [1/1] (0.42ns)   --->   "%store_ln170 = store i32 %i_3, i32 %i" [mmult.cpp:170]   --->   Operation 67 'store' 'store_ln170' <Predicate = (icmp_ln170)> <Delay = 0.42>
ST_3 : Operation 68 [1/1] (0.42ns)   --->   "%store_ln170 = store i32 %j_6, i32 %j" [mmult.cpp:170]   --->   Operation 68 'store' 'store_ln170' <Predicate = (icmp_ln170)> <Delay = 0.42>
ST_3 : Operation 69 [1/1] (0.00ns)   --->   "%br_ln170 = br void %for.body" [mmult.cpp:170]   --->   Operation 69 'br' 'br_ln170' <Predicate = (icmp_ln170)> <Delay = 0.00>

State 4 <SV = 3> <Delay = 0.67>
ST_4 : Operation 70 [1/1] (0.00ns)   --->   "%specpipeline_ln170 = specpipeline void @_ssdm_op_SpecPipeline, i32 4294967295, i32 0, i32 0, i32 0, void @empty_2" [mmult.cpp:170]   --->   Operation 70 'specpipeline' 'specpipeline_ln170' <Predicate = true> <Delay = 0.00>
ST_4 : Operation 71 [1/1] (0.00ns)   --->   "%speclooptripcount_ln171 = speclooptripcount void @_ssdm_op_SpecLoopTripCount, i64 1024, i64 1024, i64 1024" [mmult.cpp:171]   --->   Operation 71 'speclooptripcount' 'speclooptripcount_ln171' <Predicate = true> <Delay = 0.00>
ST_4 : Operation 72 [1/1] (0.00ns)   --->   "%specloopname_ln170 = specloopname void @_ssdm_op_SpecLoopName, void @empty_19" [mmult.cpp:170]   --->   Operation 72 'specloopname' 'specloopname_ln170' <Predicate = true> <Delay = 0.00>
ST_4 : Operation 73 [1/1] (0.00ns)   --->   "%zext_ln176 = zext i32 %j_5" [mmult.cpp:176]   --->   Operation 73 'zext' 'zext_ln176' <Predicate = true> <Delay = 0.00>
ST_4 : Operation 74 [1/1] (0.00ns)   --->   "%localA_addr = getelementptr i8 %localA, i64 0, i64 %zext_ln176" [mmult.cpp:176]   --->   Operation 74 'getelementptr' 'localA_addr' <Predicate = true> <Delay = 0.00>
ST_4 : Operation 75 [1/1] (0.00ns)   --->   "%localA_32_addr = getelementptr i8 %localA_32, i64 0, i64 %zext_ln176" [mmult.cpp:176]   --->   Operation 75 'getelementptr' 'localA_32_addr' <Predicate = true> <Delay = 0.00>
ST_4 : Operation 76 [1/1] (0.00ns)   --->   "%localA_33_addr = getelementptr i8 %localA_33, i64 0, i64 %zext_ln176" [mmult.cpp:176]   --->   Operation 76 'getelementptr' 'localA_33_addr' <Predicate = true> <Delay = 0.00>
ST_4 : Operation 77 [1/1] (0.00ns)   --->   "%localA_34_addr = getelementptr i8 %localA_34, i64 0, i64 %zext_ln176" [mmult.cpp:176]   --->   Operation 77 'getelementptr' 'localA_34_addr' <Predicate = true> <Delay = 0.00>
ST_4 : Operation 78 [1/1] (0.00ns)   --->   "%localA_35_addr = getelementptr i8 %localA_35, i64 0, i64 %zext_ln176" [mmult.cpp:176]   --->   Operation 78 'getelementptr' 'localA_35_addr' <Predicate = true> <Delay = 0.00>
ST_4 : Operation 79 [1/1] (0.00ns)   --->   "%localA_36_addr = getelementptr i8 %localA_36, i64 0, i64 %zext_ln176" [mmult.cpp:176]   --->   Operation 79 'getelementptr' 'localA_36_addr' <Predicate = true> <Delay = 0.00>
ST_4 : Operation 80 [1/1] (0.00ns)   --->   "%localA_37_addr = getelementptr i8 %localA_37, i64 0, i64 %zext_ln176" [mmult.cpp:176]   --->   Operation 80 'getelementptr' 'localA_37_addr' <Predicate = true> <Delay = 0.00>
ST_4 : Operation 81 [1/1] (0.00ns)   --->   "%localA_38_addr = getelementptr i8 %localA_38, i64 0, i64 %zext_ln176" [mmult.cpp:176]   --->   Operation 81 'getelementptr' 'localA_38_addr' <Predicate = true> <Delay = 0.00>
ST_4 : Operation 82 [1/1] (0.00ns)   --->   "%localA_39_addr = getelementptr i8 %localA_39, i64 0, i64 %zext_ln176" [mmult.cpp:176]   --->   Operation 82 'getelementptr' 'localA_39_addr' <Predicate = true> <Delay = 0.00>
ST_4 : Operation 83 [1/1] (0.00ns)   --->   "%localA_40_addr = getelementptr i8 %localA_40, i64 0, i64 %zext_ln176" [mmult.cpp:176]   --->   Operation 83 'getelementptr' 'localA_40_addr' <Predicate = true> <Delay = 0.00>
ST_4 : Operation 84 [1/1] (0.00ns)   --->   "%localA_41_addr = getelementptr i8 %localA_41, i64 0, i64 %zext_ln176" [mmult.cpp:176]   --->   Operation 84 'getelementptr' 'localA_41_addr' <Predicate = true> <Delay = 0.00>
ST_4 : Operation 85 [1/1] (0.00ns)   --->   "%localA_42_addr = getelementptr i8 %localA_42, i64 0, i64 %zext_ln176" [mmult.cpp:176]   --->   Operation 85 'getelementptr' 'localA_42_addr' <Predicate = true> <Delay = 0.00>
ST_4 : Operation 86 [1/1] (0.00ns)   --->   "%localA_43_addr = getelementptr i8 %localA_43, i64 0, i64 %zext_ln176" [mmult.cpp:176]   --->   Operation 86 'getelementptr' 'localA_43_addr' <Predicate = true> <Delay = 0.00>
ST_4 : Operation 87 [1/1] (0.00ns)   --->   "%localA_44_addr = getelementptr i8 %localA_44, i64 0, i64 %zext_ln176" [mmult.cpp:176]   --->   Operation 87 'getelementptr' 'localA_44_addr' <Predicate = true> <Delay = 0.00>
ST_4 : Operation 88 [1/1] (0.00ns)   --->   "%localA_45_addr = getelementptr i8 %localA_45, i64 0, i64 %zext_ln176" [mmult.cpp:176]   --->   Operation 88 'getelementptr' 'localA_45_addr' <Predicate = true> <Delay = 0.00>
ST_4 : Operation 89 [1/1] (0.00ns)   --->   "%localA_46_addr = getelementptr i8 %localA_46, i64 0, i64 %zext_ln176" [mmult.cpp:176]   --->   Operation 89 'getelementptr' 'localA_46_addr' <Predicate = true> <Delay = 0.00>
ST_4 : Operation 90 [1/1] (0.00ns)   --->   "%localA_47_addr = getelementptr i8 %localA_47, i64 0, i64 %zext_ln176" [mmult.cpp:176]   --->   Operation 90 'getelementptr' 'localA_47_addr' <Predicate = true> <Delay = 0.00>
ST_4 : Operation 91 [1/1] (0.00ns)   --->   "%localA_48_addr = getelementptr i8 %localA_48, i64 0, i64 %zext_ln176" [mmult.cpp:176]   --->   Operation 91 'getelementptr' 'localA_48_addr' <Predicate = true> <Delay = 0.00>
ST_4 : Operation 92 [1/1] (0.00ns)   --->   "%localA_49_addr = getelementptr i8 %localA_49, i64 0, i64 %zext_ln176" [mmult.cpp:176]   --->   Operation 92 'getelementptr' 'localA_49_addr' <Predicate = true> <Delay = 0.00>
ST_4 : Operation 93 [1/1] (0.00ns)   --->   "%localA_50_addr = getelementptr i8 %localA_50, i64 0, i64 %zext_ln176" [mmult.cpp:176]   --->   Operation 93 'getelementptr' 'localA_50_addr' <Predicate = true> <Delay = 0.00>
ST_4 : Operation 94 [1/1] (0.00ns)   --->   "%localA_51_addr = getelementptr i8 %localA_51, i64 0, i64 %zext_ln176" [mmult.cpp:176]   --->   Operation 94 'getelementptr' 'localA_51_addr' <Predicate = true> <Delay = 0.00>
ST_4 : Operation 95 [1/1] (0.00ns)   --->   "%localA_52_addr = getelementptr i8 %localA_52, i64 0, i64 %zext_ln176" [mmult.cpp:176]   --->   Operation 95 'getelementptr' 'localA_52_addr' <Predicate = true> <Delay = 0.00>
ST_4 : Operation 96 [1/1] (0.00ns)   --->   "%localA_53_addr = getelementptr i8 %localA_53, i64 0, i64 %zext_ln176" [mmult.cpp:176]   --->   Operation 96 'getelementptr' 'localA_53_addr' <Predicate = true> <Delay = 0.00>
ST_4 : Operation 97 [1/1] (0.00ns)   --->   "%localA_54_addr = getelementptr i8 %localA_54, i64 0, i64 %zext_ln176" [mmult.cpp:176]   --->   Operation 97 'getelementptr' 'localA_54_addr' <Predicate = true> <Delay = 0.00>
ST_4 : Operation 98 [1/1] (0.00ns)   --->   "%localA_55_addr = getelementptr i8 %localA_55, i64 0, i64 %zext_ln176" [mmult.cpp:176]   --->   Operation 98 'getelementptr' 'localA_55_addr' <Predicate = true> <Delay = 0.00>
ST_4 : Operation 99 [1/1] (0.00ns)   --->   "%localA_56_addr = getelementptr i8 %localA_56, i64 0, i64 %zext_ln176" [mmult.cpp:176]   --->   Operation 99 'getelementptr' 'localA_56_addr' <Predicate = true> <Delay = 0.00>
ST_4 : Operation 100 [1/1] (0.00ns)   --->   "%localA_57_addr = getelementptr i8 %localA_57, i64 0, i64 %zext_ln176" [mmult.cpp:176]   --->   Operation 100 'getelementptr' 'localA_57_addr' <Predicate = true> <Delay = 0.00>
ST_4 : Operation 101 [1/1] (0.00ns)   --->   "%localA_58_addr = getelementptr i8 %localA_58, i64 0, i64 %zext_ln176" [mmult.cpp:176]   --->   Operation 101 'getelementptr' 'localA_58_addr' <Predicate = true> <Delay = 0.00>
ST_4 : Operation 102 [1/1] (0.00ns)   --->   "%localA_59_addr = getelementptr i8 %localA_59, i64 0, i64 %zext_ln176" [mmult.cpp:176]   --->   Operation 102 'getelementptr' 'localA_59_addr' <Predicate = true> <Delay = 0.00>
ST_4 : Operation 103 [1/1] (0.00ns)   --->   "%localA_60_addr = getelementptr i8 %localA_60, i64 0, i64 %zext_ln176" [mmult.cpp:176]   --->   Operation 103 'getelementptr' 'localA_60_addr' <Predicate = true> <Delay = 0.00>
ST_4 : Operation 104 [1/1] (0.00ns)   --->   "%localA_61_addr = getelementptr i8 %localA_61, i64 0, i64 %zext_ln176" [mmult.cpp:176]   --->   Operation 104 'getelementptr' 'localA_61_addr' <Predicate = true> <Delay = 0.00>
ST_4 : Operation 105 [1/1] (0.00ns)   --->   "%localA_62_addr = getelementptr i8 %localA_62, i64 0, i64 %zext_ln176" [mmult.cpp:176]   --->   Operation 105 'getelementptr' 'localA_62_addr' <Predicate = true> <Delay = 0.00>
ST_4 : Operation 106 [1/1] (0.67ns)   --->   "%store_ln176 = store i8 %gmem0_addr_read, i5 %localA_61_addr" [mmult.cpp:176]   --->   Operation 106 'store' 'store_ln176' <Predicate = (trunc_ln170 == 30)> <Delay = 0.67> <CoreInst = "RAM">   --->   Core 83 'RAM' <Latency = 1> <II = 1> <Delay = 0.67> <Storage> <Opcode : 'load' 'store'> <Ports = 2> <Width = 8> <Depth = 32> <RAM>
ST_4 : Operation 107 [1/1] (0.67ns)   --->   "%store_ln176 = store i8 %gmem0_addr_read, i5 %localA_60_addr" [mmult.cpp:176]   --->   Operation 107 'store' 'store_ln176' <Predicate = (trunc_ln170 == 29)> <Delay = 0.67> <CoreInst = "RAM">   --->   Core 83 'RAM' <Latency = 1> <II = 1> <Delay = 0.67> <Storage> <Opcode : 'load' 'store'> <Ports = 2> <Width = 8> <Depth = 32> <RAM>
ST_4 : Operation 108 [1/1] (0.67ns)   --->   "%store_ln176 = store i8 %gmem0_addr_read, i5 %localA_59_addr" [mmult.cpp:176]   --->   Operation 108 'store' 'store_ln176' <Predicate = (trunc_ln170 == 28)> <Delay = 0.67> <CoreInst = "RAM">   --->   Core 83 'RAM' <Latency = 1> <II = 1> <Delay = 0.67> <Storage> <Opcode : 'load' 'store'> <Ports = 2> <Width = 8> <Depth = 32> <RAM>
ST_4 : Operation 109 [1/1] (0.67ns)   --->   "%store_ln176 = store i8 %gmem0_addr_read, i5 %localA_58_addr" [mmult.cpp:176]   --->   Operation 109 'store' 'store_ln176' <Predicate = (trunc_ln170 == 27)> <Delay = 0.67> <CoreInst = "RAM">   --->   Core 83 'RAM' <Latency = 1> <II = 1> <Delay = 0.67> <Storage> <Opcode : 'load' 'store'> <Ports = 2> <Width = 8> <Depth = 32> <RAM>
ST_4 : Operation 110 [1/1] (0.67ns)   --->   "%store_ln176 = store i8 %gmem0_addr_read, i5 %localA_57_addr" [mmult.cpp:176]   --->   Operation 110 'store' 'store_ln176' <Predicate = (trunc_ln170 == 26)> <Delay = 0.67> <CoreInst = "RAM">   --->   Core 83 'RAM' <Latency = 1> <II = 1> <Delay = 0.67> <Storage> <Opcode : 'load' 'store'> <Ports = 2> <Width = 8> <Depth = 32> <RAM>
ST_4 : Operation 111 [1/1] (0.67ns)   --->   "%store_ln176 = store i8 %gmem0_addr_read, i5 %localA_56_addr" [mmult.cpp:176]   --->   Operation 111 'store' 'store_ln176' <Predicate = (trunc_ln170 == 25)> <Delay = 0.67> <CoreInst = "RAM">   --->   Core 83 'RAM' <Latency = 1> <II = 1> <Delay = 0.67> <Storage> <Opcode : 'load' 'store'> <Ports = 2> <Width = 8> <Depth = 32> <RAM>
ST_4 : Operation 112 [1/1] (0.67ns)   --->   "%store_ln176 = store i8 %gmem0_addr_read, i5 %localA_55_addr" [mmult.cpp:176]   --->   Operation 112 'store' 'store_ln176' <Predicate = (trunc_ln170 == 24)> <Delay = 0.67> <CoreInst = "RAM">   --->   Core 83 'RAM' <Latency = 1> <II = 1> <Delay = 0.67> <Storage> <Opcode : 'load' 'store'> <Ports = 2> <Width = 8> <Depth = 32> <RAM>
ST_4 : Operation 113 [1/1] (0.67ns)   --->   "%store_ln176 = store i8 %gmem0_addr_read, i5 %localA_54_addr" [mmult.cpp:176]   --->   Operation 113 'store' 'store_ln176' <Predicate = (trunc_ln170 == 23)> <Delay = 0.67> <CoreInst = "RAM">   --->   Core 83 'RAM' <Latency = 1> <II = 1> <Delay = 0.67> <Storage> <Opcode : 'load' 'store'> <Ports = 2> <Width = 8> <Depth = 32> <RAM>
ST_4 : Operation 114 [1/1] (0.67ns)   --->   "%store_ln176 = store i8 %gmem0_addr_read, i5 %localA_53_addr" [mmult.cpp:176]   --->   Operation 114 'store' 'store_ln176' <Predicate = (trunc_ln170 == 22)> <Delay = 0.67> <CoreInst = "RAM">   --->   Core 83 'RAM' <Latency = 1> <II = 1> <Delay = 0.67> <Storage> <Opcode : 'load' 'store'> <Ports = 2> <Width = 8> <Depth = 32> <RAM>
ST_4 : Operation 115 [1/1] (0.67ns)   --->   "%store_ln176 = store i8 %gmem0_addr_read, i5 %localA_52_addr" [mmult.cpp:176]   --->   Operation 115 'store' 'store_ln176' <Predicate = (trunc_ln170 == 21)> <Delay = 0.67> <CoreInst = "RAM">   --->   Core 83 'RAM' <Latency = 1> <II = 1> <Delay = 0.67> <Storage> <Opcode : 'load' 'store'> <Ports = 2> <Width = 8> <Depth = 32> <RAM>
ST_4 : Operation 116 [1/1] (0.67ns)   --->   "%store_ln176 = store i8 %gmem0_addr_read, i5 %localA_51_addr" [mmult.cpp:176]   --->   Operation 116 'store' 'store_ln176' <Predicate = (trunc_ln170 == 20)> <Delay = 0.67> <CoreInst = "RAM">   --->   Core 83 'RAM' <Latency = 1> <II = 1> <Delay = 0.67> <Storage> <Opcode : 'load' 'store'> <Ports = 2> <Width = 8> <Depth = 32> <RAM>
ST_4 : Operation 117 [1/1] (0.67ns)   --->   "%store_ln176 = store i8 %gmem0_addr_read, i5 %localA_50_addr" [mmult.cpp:176]   --->   Operation 117 'store' 'store_ln176' <Predicate = (trunc_ln170 == 19)> <Delay = 0.67> <CoreInst = "RAM">   --->   Core 83 'RAM' <Latency = 1> <II = 1> <Delay = 0.67> <Storage> <Opcode : 'load' 'store'> <Ports = 2> <Width = 8> <Depth = 32> <RAM>
ST_4 : Operation 118 [1/1] (0.67ns)   --->   "%store_ln176 = store i8 %gmem0_addr_read, i5 %localA_49_addr" [mmult.cpp:176]   --->   Operation 118 'store' 'store_ln176' <Predicate = (trunc_ln170 == 18)> <Delay = 0.67> <CoreInst = "RAM">   --->   Core 83 'RAM' <Latency = 1> <II = 1> <Delay = 0.67> <Storage> <Opcode : 'load' 'store'> <Ports = 2> <Width = 8> <Depth = 32> <RAM>
ST_4 : Operation 119 [1/1] (0.67ns)   --->   "%store_ln176 = store i8 %gmem0_addr_read, i5 %localA_48_addr" [mmult.cpp:176]   --->   Operation 119 'store' 'store_ln176' <Predicate = (trunc_ln170 == 17)> <Delay = 0.67> <CoreInst = "RAM">   --->   Core 83 'RAM' <Latency = 1> <II = 1> <Delay = 0.67> <Storage> <Opcode : 'load' 'store'> <Ports = 2> <Width = 8> <Depth = 32> <RAM>
ST_4 : Operation 120 [1/1] (0.67ns)   --->   "%store_ln176 = store i8 %gmem0_addr_read, i5 %localA_47_addr" [mmult.cpp:176]   --->   Operation 120 'store' 'store_ln176' <Predicate = (trunc_ln170 == 16)> <Delay = 0.67> <CoreInst = "RAM">   --->   Core 83 'RAM' <Latency = 1> <II = 1> <Delay = 0.67> <Storage> <Opcode : 'load' 'store'> <Ports = 2> <Width = 8> <Depth = 32> <RAM>
ST_4 : Operation 121 [1/1] (0.67ns)   --->   "%store_ln176 = store i8 %gmem0_addr_read, i5 %localA_46_addr" [mmult.cpp:176]   --->   Operation 121 'store' 'store_ln176' <Predicate = (trunc_ln170 == 15)> <Delay = 0.67> <CoreInst = "RAM">   --->   Core 83 'RAM' <Latency = 1> <II = 1> <Delay = 0.67> <Storage> <Opcode : 'load' 'store'> <Ports = 2> <Width = 8> <Depth = 32> <RAM>
ST_4 : Operation 122 [1/1] (0.67ns)   --->   "%store_ln176 = store i8 %gmem0_addr_read, i5 %localA_45_addr" [mmult.cpp:176]   --->   Operation 122 'store' 'store_ln176' <Predicate = (trunc_ln170 == 14)> <Delay = 0.67> <CoreInst = "RAM">   --->   Core 83 'RAM' <Latency = 1> <II = 1> <Delay = 0.67> <Storage> <Opcode : 'load' 'store'> <Ports = 2> <Width = 8> <Depth = 32> <RAM>
ST_4 : Operation 123 [1/1] (0.67ns)   --->   "%store_ln176 = store i8 %gmem0_addr_read, i5 %localA_44_addr" [mmult.cpp:176]   --->   Operation 123 'store' 'store_ln176' <Predicate = (trunc_ln170 == 13)> <Delay = 0.67> <CoreInst = "RAM">   --->   Core 83 'RAM' <Latency = 1> <II = 1> <Delay = 0.67> <Storage> <Opcode : 'load' 'store'> <Ports = 2> <Width = 8> <Depth = 32> <RAM>
ST_4 : Operation 124 [1/1] (0.67ns)   --->   "%store_ln176 = store i8 %gmem0_addr_read, i5 %localA_43_addr" [mmult.cpp:176]   --->   Operation 124 'store' 'store_ln176' <Predicate = (trunc_ln170 == 12)> <Delay = 0.67> <CoreInst = "RAM">   --->   Core 83 'RAM' <Latency = 1> <II = 1> <Delay = 0.67> <Storage> <Opcode : 'load' 'store'> <Ports = 2> <Width = 8> <Depth = 32> <RAM>
ST_4 : Operation 125 [1/1] (0.67ns)   --->   "%store_ln176 = store i8 %gmem0_addr_read, i5 %localA_42_addr" [mmult.cpp:176]   --->   Operation 125 'store' 'store_ln176' <Predicate = (trunc_ln170 == 11)> <Delay = 0.67> <CoreInst = "RAM">   --->   Core 83 'RAM' <Latency = 1> <II = 1> <Delay = 0.67> <Storage> <Opcode : 'load' 'store'> <Ports = 2> <Width = 8> <Depth = 32> <RAM>
ST_4 : Operation 126 [1/1] (0.67ns)   --->   "%store_ln176 = store i8 %gmem0_addr_read, i5 %localA_41_addr" [mmult.cpp:176]   --->   Operation 126 'store' 'store_ln176' <Predicate = (trunc_ln170 == 10)> <Delay = 0.67> <CoreInst = "RAM">   --->   Core 83 'RAM' <Latency = 1> <II = 1> <Delay = 0.67> <Storage> <Opcode : 'load' 'store'> <Ports = 2> <Width = 8> <Depth = 32> <RAM>
ST_4 : Operation 127 [1/1] (0.67ns)   --->   "%store_ln176 = store i8 %gmem0_addr_read, i5 %localA_40_addr" [mmult.cpp:176]   --->   Operation 127 'store' 'store_ln176' <Predicate = (trunc_ln170 == 9)> <Delay = 0.67> <CoreInst = "RAM">   --->   Core 83 'RAM' <Latency = 1> <II = 1> <Delay = 0.67> <Storage> <Opcode : 'load' 'store'> <Ports = 2> <Width = 8> <Depth = 32> <RAM>
ST_4 : Operation 128 [1/1] (0.67ns)   --->   "%store_ln176 = store i8 %gmem0_addr_read, i5 %localA_39_addr" [mmult.cpp:176]   --->   Operation 128 'store' 'store_ln176' <Predicate = (trunc_ln170 == 8)> <Delay = 0.67> <CoreInst = "RAM">   --->   Core 83 'RAM' <Latency = 1> <II = 1> <Delay = 0.67> <Storage> <Opcode : 'load' 'store'> <Ports = 2> <Width = 8> <Depth = 32> <RAM>
ST_4 : Operation 129 [1/1] (0.67ns)   --->   "%store_ln176 = store i8 %gmem0_addr_read, i5 %localA_38_addr" [mmult.cpp:176]   --->   Operation 129 'store' 'store_ln176' <Predicate = (trunc_ln170 == 7)> <Delay = 0.67> <CoreInst = "RAM">   --->   Core 83 'RAM' <Latency = 1> <II = 1> <Delay = 0.67> <Storage> <Opcode : 'load' 'store'> <Ports = 2> <Width = 8> <Depth = 32> <RAM>
ST_4 : Operation 130 [1/1] (0.67ns)   --->   "%store_ln176 = store i8 %gmem0_addr_read, i5 %localA_37_addr" [mmult.cpp:176]   --->   Operation 130 'store' 'store_ln176' <Predicate = (trunc_ln170 == 6)> <Delay = 0.67> <CoreInst = "RAM">   --->   Core 83 'RAM' <Latency = 1> <II = 1> <Delay = 0.67> <Storage> <Opcode : 'load' 'store'> <Ports = 2> <Width = 8> <Depth = 32> <RAM>
ST_4 : Operation 131 [1/1] (0.67ns)   --->   "%store_ln176 = store i8 %gmem0_addr_read, i5 %localA_36_addr" [mmult.cpp:176]   --->   Operation 131 'store' 'store_ln176' <Predicate = (trunc_ln170 == 5)> <Delay = 0.67> <CoreInst = "RAM">   --->   Core 83 'RAM' <Latency = 1> <II = 1> <Delay = 0.67> <Storage> <Opcode : 'load' 'store'> <Ports = 2> <Width = 8> <Depth = 32> <RAM>
ST_4 : Operation 132 [1/1] (0.67ns)   --->   "%store_ln176 = store i8 %gmem0_addr_read, i5 %localA_35_addr" [mmult.cpp:176]   --->   Operation 132 'store' 'store_ln176' <Predicate = (trunc_ln170 == 4)> <Delay = 0.67> <CoreInst = "RAM">   --->   Core 83 'RAM' <Latency = 1> <II = 1> <Delay = 0.67> <Storage> <Opcode : 'load' 'store'> <Ports = 2> <Width = 8> <Depth = 32> <RAM>
ST_4 : Operation 133 [1/1] (0.67ns)   --->   "%store_ln176 = store i8 %gmem0_addr_read, i5 %localA_34_addr" [mmult.cpp:176]   --->   Operation 133 'store' 'store_ln176' <Predicate = (trunc_ln170 == 3)> <Delay = 0.67> <CoreInst = "RAM">   --->   Core 83 'RAM' <Latency = 1> <II = 1> <Delay = 0.67> <Storage> <Opcode : 'load' 'store'> <Ports = 2> <Width = 8> <Depth = 32> <RAM>
ST_4 : Operation 134 [1/1] (0.67ns)   --->   "%store_ln176 = store i8 %gmem0_addr_read, i5 %localA_33_addr" [mmult.cpp:176]   --->   Operation 134 'store' 'store_ln176' <Predicate = (trunc_ln170 == 2)> <Delay = 0.67> <CoreInst = "RAM">   --->   Core 83 'RAM' <Latency = 1> <II = 1> <Delay = 0.67> <Storage> <Opcode : 'load' 'store'> <Ports = 2> <Width = 8> <Depth = 32> <RAM>
ST_4 : Operation 135 [1/1] (0.67ns)   --->   "%store_ln176 = store i8 %gmem0_addr_read, i5 %localA_32_addr" [mmult.cpp:176]   --->   Operation 135 'store' 'store_ln176' <Predicate = (trunc_ln170 == 1)> <Delay = 0.67> <CoreInst = "RAM">   --->   Core 83 'RAM' <Latency = 1> <II = 1> <Delay = 0.67> <Storage> <Opcode : 'load' 'store'> <Ports = 2> <Width = 8> <Depth = 32> <RAM>
ST_4 : Operation 136 [1/1] (0.67ns)   --->   "%store_ln176 = store i8 %gmem0_addr_read, i5 %localA_addr" [mmult.cpp:176]   --->   Operation 136 'store' 'store_ln176' <Predicate = (trunc_ln170 == 0)> <Delay = 0.67> <CoreInst = "RAM">   --->   Core 83 'RAM' <Latency = 1> <II = 1> <Delay = 0.67> <Storage> <Opcode : 'load' 'store'> <Ports = 2> <Width = 8> <Depth = 32> <RAM>
ST_4 : Operation 137 [1/1] (0.67ns)   --->   "%store_ln176 = store i8 %gmem0_addr_read, i5 %localA_62_addr" [mmult.cpp:176]   --->   Operation 137 'store' 'store_ln176' <Predicate = (trunc_ln170 == 31)> <Delay = 0.67> <CoreInst = "RAM">   --->   Core 83 'RAM' <Latency = 1> <II = 1> <Delay = 0.67> <Storage> <Opcode : 'load' 'store'> <Ports = 2> <Width = 8> <Depth = 32> <RAM>


============================================================
+ Verbose Summary: Timing violations
============================================================
Target clock period: 3.300ns, clock uncertainty: 0.891ns.

 <State 1>: 0.427ns
The critical path consists of the following:
	'alloca' operation 31 bit ('loc') [39]  (0.000 ns)
	'store' operation 0 bit ('store_ln0') of constant 0 on local variable 'loc' [44]  (0.427 ns)

 <State 2>: 2.209ns
The critical path consists of the following:
	'load' operation 32 bit ('j_load', mmult.cpp:172) on local variable 'j', mmult.cpp:170 [56]  (0.000 ns)
	'icmp' operation 1 bit ('icmp_ln172', mmult.cpp:172) [62]  (1.016 ns)
	'select' operation 32 bit ('i', mmult.cpp:172) [65]  (0.449 ns)
	blocking operation 0.744313 ns on control path)

 <State 3>: 2.409ns
The critical path consists of the following:
	bus read operation ('gmem0_addr_read', mmult.cpp:176) on port 'gmem0' (mmult.cpp:176) [68]  (2.409 ns)

 <State 4>: 0.677ns
The critical path consists of the following:
	'getelementptr' operation 5 bit ('localA_61_addr', mmult.cpp:176) [99]  (0.000 ns)
	'store' operation 0 bit ('store_ln176', mmult.cpp:176) of variable 'gmem0_addr_read', mmult.cpp:176 on array 'localA_61' [103]  (0.677 ns)


============================================================
+ Verbose Summary: Binding
============================================================
N/A
* FSMD analyzer results:
  - Output states:
 - Input state : 
  - Chain level:
	State 1
	State 2
	State 3
	State 4


============================================================
+ Verbose Summary: Datapath Resource usage 
============================================================
N/A
