

================================================================
== Vitis HLS Report for 'mmult_Pipeline_readB'
================================================================
* Date:           Sun Apr 12 07:56:33 2026

* Version:        2023.2 (Build 4023990 on Oct 11 2023)
* Project:        hls_prj
* Solution:       s1 (Vivado IP Flow Target)
* Product family: zynquplus
* Target device:  xck26-sfvc784-2LV-c


================================================================
== Performance Estimates
================================================================
+ Timing: 
    * Summary: 
    +--------+---------+----------+------------+
    |  Clock |  Target | Estimated| Uncertainty|
    +--------+---------+----------+------------+
    |ap_clk  |  3.30 ns|  2.409 ns|     0.89 ns|
    +--------+---------+----------+------------+

+ Latency: 
    * Summary: 
    +---------+---------+----------+----------+------+------+---------+
    |  Latency (cycles) |  Latency (absolute) |   Interval  | Pipeline|
    |   min   |   max   |    min   |    max   |  min |  max |   Type  |
    +---------+---------+----------+----------+------+------+---------+
    |     2050|     2050|  6.765 us|  6.765 us|  2050|  2050|       no|
    +---------+---------+----------+----------+------+------+---------+

    + Detail: 
        * Instance: 
        N/A

        * Loop: 
        +----------+---------+---------+----------+-----------+-----------+------+----------+
        |          |  Latency (cycles) | Iteration|  Initiation Interval  | Trip |          |
        | Loop Name|   min   |   max   |  Latency |  achieved |   target  | Count| Pipelined|
        +----------+---------+---------+----------+-----------+-----------+------+----------+
        |- readB   |     2048|     2048|         3|          2|          1|  1024|       yes|
        +----------+---------+---------+----------+-----------+-----------+------+----------+

============================================================
+ Verbose Summary: Synthesis Manager
============================================================
InlineROM: 1
ExposeGlobal: 0
============================================================
+ Verbose Summary: CDFG Model
============================================================
IsTopModel: 0
ResetActiveHigh: 1
IsCombinational: 0
IsDatapathOnly: 0
HasWiredReturn: 1
HasMFsm: 2
HasVarLatency: 1
IsPipeline: 0
IsRtlPipelined: 0
IsInstanceOverlapped: 0
IsDontTouch: 0
HasImplIP: 0
IsGatedGlobalClock: 0

+ Individual pipeline summary: 
  * Pipeline-0: initiation interval (II) = 2, depth = 4


============================================================
+ Verbose Summary: Schedule
============================================================
* Number of FSM states : 4
* Pipeline : 1
  Pipeline-0 : II = 2, D = 4, States = { 1 2 3 4 }
* Dataflow Pipeline: 0

* FSM state transitions: 
1 --> 2 
2 --> 3 
3 --> 4 
4 --> 

* FSM state operations: 

State 1 <SV = 0> <Delay = 0.42>
ST_1 : Operation 6 [1/1] (0.00ns)   --->   "%i = alloca i32 1" [mmult.cpp:181]   --->   Operation 6 'alloca' 'i' <Predicate = true> <Delay = 0.00>
ST_1 : Operation 7 [1/1] (0.00ns)   --->   "%j = alloca i32 1" [mmult.cpp:181]   --->   Operation 7 'alloca' 'j' <Predicate = true> <Delay = 0.00>
ST_1 : Operation 8 [1/1] (0.00ns)   --->   "%loc_1 = alloca i32 1"   --->   Operation 8 'alloca' 'loc_1' <Predicate = true> <Delay = 0.00>
ST_1 : Operation 9 [1/1] (0.00ns)   --->   "%specinterface_ln0 = specinterface void @_ssdm_op_SpecInterface, i8 %gmem1, void @empty_1, i32 0, i32 0, void @empty_2, i32 0, i32 0, void @empty_5, void @empty_4, void @empty_2, i32 16, i32 16, i32 16, i32 16, void @empty_2, void @empty_2, i32 4294967295, i32 0"   --->   Operation 9 'specinterface' 'specinterface_ln0' <Predicate = true> <Delay = 0.00>
ST_1 : Operation 10 [1/1] (0.00ns)   --->   "%b_col_read = read i32 @_ssdm_op_Read.ap_auto.i32, i32 %b_col"   --->   Operation 10 'read' 'b_col_read' <Predicate = true> <Delay = 0.00>
ST_1 : Operation 11 [1/1] (0.00ns)   --->   "%b_read = read i64 @_ssdm_op_Read.ap_auto.i64, i64 %b"   --->   Operation 11 'read' 'b_read' <Predicate = true> <Delay = 0.00>
ST_1 : Operation 12 [1/1] (0.00ns)   --->   "%mul12_read = read i32 @_ssdm_op_Read.ap_auto.i32, i32 %mul12"   --->   Operation 12 'read' 'mul12_read' <Predicate = true> <Delay = 0.00>
ST_1 : Operation 13 [1/1] (0.42ns)   --->   "%store_ln0 = store i31 0, i31 %loc_1"   --->   Operation 13 'store' 'store_ln0' <Predicate = true> <Delay = 0.42>
ST_1 : Operation 14 [1/1] (0.42ns)   --->   "%store_ln181 = store i32 0, i32 %j" [mmult.cpp:181]   --->   Operation 14 'store' 'store_ln181' <Predicate = true> <Delay = 0.42>
ST_1 : Operation 15 [1/1] (0.42ns)   --->   "%store_ln181 = store i32 0, i32 %i" [mmult.cpp:181]   --->   Operation 15 'store' 'store_ln181' <Predicate = true> <Delay = 0.42>
ST_1 : Operation 16 [1/1] (0.00ns)   --->   "%br_ln0 = br void %for.body15"   --->   Operation 16 'br' 'br_ln0' <Predicate = true> <Delay = 0.00>

State 2 <SV = 1> <Delay = 2.20>
ST_2 : Operation 17 [1/1] (0.00ns)   --->   "%loc_1_load = load i31 %loc_1" [mmult.cpp:181]   --->   Operation 17 'load' 'loc_1_load' <Predicate = true> <Delay = 0.00>
ST_2 : Operation 18 [1/1] (0.00ns)   --->   "%loc_1_cast = zext i31 %loc_1_load" [mmult.cpp:181]   --->   Operation 18 'zext' 'loc_1_cast' <Predicate = true> <Delay = 0.00>
ST_2 : Operation 19 [1/1] (0.00ns)   --->   "%specbitsmap_ln0 = specbitsmap void @_ssdm_op_SpecBitsMap, i8 %gmem1"   --->   Operation 19 'specbitsmap' 'specbitsmap_ln0' <Predicate = true> <Delay = 0.00>
ST_2 : Operation 20 [1/1] (1.01ns)   --->   "%icmp_ln181 = icmp_slt  i32 %loc_1_cast, i32 %mul12_read" [mmult.cpp:181]   --->   Operation 20 'icmp' 'icmp_ln181' <Predicate = true> <Delay = 1.01> <CoreInst = "Cmp">   --->   Core 9 'Cmp' <Latency = 0> <II = 1> <Delay = 1.01> <FuncUnit> <Opcode : 'icmp'> <InPorts = 2> <OutPorts = 1>
ST_2 : Operation 21 [1/1] (1.00ns)   --->   "%add_ln181 = add i31 %loc_1_load, i31 1" [mmult.cpp:181]   --->   Operation 21 'add' 'add_ln181' <Predicate = true> <Delay = 1.00> <CoreInst = "Adder">   --->   Core 1 'Adder' <Latency = 0> <II = 1> <Delay = 1.00> <FuncUnit> <Opcode : 'add' 'sub'> <InPorts = 2> <OutPorts = 1>
ST_2 : Operation 22 [1/1] (0.00ns)   --->   "%br_ln181 = br i1 %icmp_ln181, void %tile_processing.loopexit.exitStub, void %for.body15.split" [mmult.cpp:181]   --->   Operation 22 'br' 'br_ln181' <Predicate = true> <Delay = 0.00>
ST_2 : Operation 23 [1/1] (0.00ns)   --->   "%j_load = load i32 %j" [mmult.cpp:183]   --->   Operation 23 'load' 'j_load' <Predicate = (icmp_ln181)> <Delay = 0.00>
ST_2 : Operation 24 [1/1] (0.00ns)   --->   "%gmem1_addr = getelementptr i8 %gmem1, i64 %b_read" [mmult.cpp:181]   --->   Operation 24 'getelementptr' 'gmem1_addr' <Predicate = (icmp_ln181)> <Delay = 0.00>
ST_2 : Operation 25 [1/1] (1.01ns)   --->   "%icmp_ln183 = icmp_eq  i32 %j_load, i32 %b_col_read" [mmult.cpp:183]   --->   Operation 25 'icmp' 'icmp_ln183' <Predicate = (icmp_ln181)> <Delay = 1.01> <CoreInst = "Cmp">   --->   Core 9 'Cmp' <Latency = 0> <II = 1> <Delay = 1.01> <FuncUnit> <Opcode : 'icmp'> <InPorts = 2> <OutPorts = 1>
ST_2 : Operation 26 [1/1] (0.44ns)   --->   "%j_3 = select i1 %icmp_ln183, i32 0, i32 %j_load" [mmult.cpp:183]   --->   Operation 26 'select' 'j_3' <Predicate = (icmp_ln181)> <Delay = 0.44> <CoreInst = "Sel">   --->   Core 73 'Sel' <Latency = 0> <II = 1> <Delay = 0.44> <FuncUnit> <Opcode : 'select'> <InPorts = 3> <OutPorts = 1>
ST_2 : Operation 27 [1/1] (0.00ns)   --->   "%trunc_ln181 = trunc i32 %j_3" [mmult.cpp:181]   --->   Operation 27 'trunc' 'trunc_ln181' <Predicate = (icmp_ln181)> <Delay = 0.00>
ST_2 : Operation 28 [1/1] (0.74ns)   --->   "%switch_ln187 = switch i5 %trunc_ln181, void %arrayidx253.0.0.02.case.31, i5 0, void %arrayidx253.0.0.02.case.0, i5 1, void %arrayidx253.0.0.02.case.1, i5 2, void %arrayidx253.0.0.02.case.2, i5 3, void %arrayidx253.0.0.02.case.3, i5 4, void %arrayidx253.0.0.02.case.4, i5 5, void %arrayidx253.0.0.02.case.5, i5 6, void %arrayidx253.0.0.02.case.6, i5 7, void %arrayidx253.0.0.02.case.7, i5 8, void %arrayidx253.0.0.02.case.8, i5 9, void %arrayidx253.0.0.02.case.9, i5 10, void %arrayidx253.0.0.02.case.10, i5 11, void %arrayidx253.0.0.02.case.11, i5 12, void %arrayidx253.0.0.02.case.12, i5 13, void %arrayidx253.0.0.02.case.13, i5 14, void %arrayidx253.0.0.02.case.14, i5 15, void %arrayidx253.0.0.02.case.15, i5 16, void %arrayidx253.0.0.02.case.16, i5 17, void %arrayidx253.0.0.02.case.17, i5 18, void %arrayidx253.0.0.02.case.18, i5 19, void %arrayidx253.0.0.02.case.19, i5 20, void %arrayidx253.0.0.02.case.20, i5 21, void %arrayidx253.0.0.02.case.21, i5 22, void %arrayidx253.0.0.02.case.22, i5 23, void %arrayidx253.0.0.02.case.23, i5 24, void %arrayidx253.0.0.02.case.24, i5 25, void %arrayidx253.0.0.02.case.25, i5 26, void %arrayidx253.0.0.02.case.26, i5 27, void %arrayidx253.0.0.02.case.27, i5 28, void %arrayidx253.0.0.02.case.28, i5 29, void %arrayidx253.0.0.02.case.29, i5 30, void %arrayidx253.0.0.02.case.30" [mmult.cpp:187]   --->   Operation 28 'switch' 'switch_ln187' <Predicate = (icmp_ln181)> <Delay = 0.74>
ST_2 : Operation 29 [1/1] (0.00ns)   --->   "%br_ln187 = br void %arrayidx253.0.0.02.exit" [mmult.cpp:187]   --->   Operation 29 'br' 'br_ln187' <Predicate = (icmp_ln181 & trunc_ln181 == 30)> <Delay = 0.00>
ST_2 : Operation 30 [1/1] (0.00ns)   --->   "%br_ln187 = br void %arrayidx253.0.0.02.exit" [mmult.cpp:187]   --->   Operation 30 'br' 'br_ln187' <Predicate = (icmp_ln181 & trunc_ln181 == 29)> <Delay = 0.00>
ST_2 : Operation 31 [1/1] (0.00ns)   --->   "%br_ln187 = br void %arrayidx253.0.0.02.exit" [mmult.cpp:187]   --->   Operation 31 'br' 'br_ln187' <Predicate = (icmp_ln181 & trunc_ln181 == 28)> <Delay = 0.00>
ST_2 : Operation 32 [1/1] (0.00ns)   --->   "%br_ln187 = br void %arrayidx253.0.0.02.exit" [mmult.cpp:187]   --->   Operation 32 'br' 'br_ln187' <Predicate = (icmp_ln181 & trunc_ln181 == 27)> <Delay = 0.00>
ST_2 : Operation 33 [1/1] (0.00ns)   --->   "%br_ln187 = br void %arrayidx253.0.0.02.exit" [mmult.cpp:187]   --->   Operation 33 'br' 'br_ln187' <Predicate = (icmp_ln181 & trunc_ln181 == 26)> <Delay = 0.00>
ST_2 : Operation 34 [1/1] (0.00ns)   --->   "%br_ln187 = br void %arrayidx253.0.0.02.exit" [mmult.cpp:187]   --->   Operation 34 'br' 'br_ln187' <Predicate = (icmp_ln181 & trunc_ln181 == 25)> <Delay = 0.00>
ST_2 : Operation 35 [1/1] (0.00ns)   --->   "%br_ln187 = br void %arrayidx253.0.0.02.exit" [mmult.cpp:187]   --->   Operation 35 'br' 'br_ln187' <Predicate = (icmp_ln181 & trunc_ln181 == 24)> <Delay = 0.00>
ST_2 : Operation 36 [1/1] (0.00ns)   --->   "%br_ln187 = br void %arrayidx253.0.0.02.exit" [mmult.cpp:187]   --->   Operation 36 'br' 'br_ln187' <Predicate = (icmp_ln181 & trunc_ln181 == 23)> <Delay = 0.00>
ST_2 : Operation 37 [1/1] (0.00ns)   --->   "%br_ln187 = br void %arrayidx253.0.0.02.exit" [mmult.cpp:187]   --->   Operation 37 'br' 'br_ln187' <Predicate = (icmp_ln181 & trunc_ln181 == 22)> <Delay = 0.00>
ST_2 : Operation 38 [1/1] (0.00ns)   --->   "%br_ln187 = br void %arrayidx253.0.0.02.exit" [mmult.cpp:187]   --->   Operation 38 'br' 'br_ln187' <Predicate = (icmp_ln181 & trunc_ln181 == 21)> <Delay = 0.00>
ST_2 : Operation 39 [1/1] (0.00ns)   --->   "%br_ln187 = br void %arrayidx253.0.0.02.exit" [mmult.cpp:187]   --->   Operation 39 'br' 'br_ln187' <Predicate = (icmp_ln181 & trunc_ln181 == 20)> <Delay = 0.00>
ST_2 : Operation 40 [1/1] (0.00ns)   --->   "%br_ln187 = br void %arrayidx253.0.0.02.exit" [mmult.cpp:187]   --->   Operation 40 'br' 'br_ln187' <Predicate = (icmp_ln181 & trunc_ln181 == 19)> <Delay = 0.00>
ST_2 : Operation 41 [1/1] (0.00ns)   --->   "%br_ln187 = br void %arrayidx253.0.0.02.exit" [mmult.cpp:187]   --->   Operation 41 'br' 'br_ln187' <Predicate = (icmp_ln181 & trunc_ln181 == 18)> <Delay = 0.00>
ST_2 : Operation 42 [1/1] (0.00ns)   --->   "%br_ln187 = br void %arrayidx253.0.0.02.exit" [mmult.cpp:187]   --->   Operation 42 'br' 'br_ln187' <Predicate = (icmp_ln181 & trunc_ln181 == 17)> <Delay = 0.00>
ST_2 : Operation 43 [1/1] (0.00ns)   --->   "%br_ln187 = br void %arrayidx253.0.0.02.exit" [mmult.cpp:187]   --->   Operation 43 'br' 'br_ln187' <Predicate = (icmp_ln181 & trunc_ln181 == 16)> <Delay = 0.00>
ST_2 : Operation 44 [1/1] (0.00ns)   --->   "%br_ln187 = br void %arrayidx253.0.0.02.exit" [mmult.cpp:187]   --->   Operation 44 'br' 'br_ln187' <Predicate = (icmp_ln181 & trunc_ln181 == 15)> <Delay = 0.00>
ST_2 : Operation 45 [1/1] (0.00ns)   --->   "%br_ln187 = br void %arrayidx253.0.0.02.exit" [mmult.cpp:187]   --->   Operation 45 'br' 'br_ln187' <Predicate = (icmp_ln181 & trunc_ln181 == 14)> <Delay = 0.00>
ST_2 : Operation 46 [1/1] (0.00ns)   --->   "%br_ln187 = br void %arrayidx253.0.0.02.exit" [mmult.cpp:187]   --->   Operation 46 'br' 'br_ln187' <Predicate = (icmp_ln181 & trunc_ln181 == 13)> <Delay = 0.00>
ST_2 : Operation 47 [1/1] (0.00ns)   --->   "%br_ln187 = br void %arrayidx253.0.0.02.exit" [mmult.cpp:187]   --->   Operation 47 'br' 'br_ln187' <Predicate = (icmp_ln181 & trunc_ln181 == 12)> <Delay = 0.00>
ST_2 : Operation 48 [1/1] (0.00ns)   --->   "%br_ln187 = br void %arrayidx253.0.0.02.exit" [mmult.cpp:187]   --->   Operation 48 'br' 'br_ln187' <Predicate = (icmp_ln181 & trunc_ln181 == 11)> <Delay = 0.00>
ST_2 : Operation 49 [1/1] (0.00ns)   --->   "%br_ln187 = br void %arrayidx253.0.0.02.exit" [mmult.cpp:187]   --->   Operation 49 'br' 'br_ln187' <Predicate = (icmp_ln181 & trunc_ln181 == 10)> <Delay = 0.00>
ST_2 : Operation 50 [1/1] (0.00ns)   --->   "%br_ln187 = br void %arrayidx253.0.0.02.exit" [mmult.cpp:187]   --->   Operation 50 'br' 'br_ln187' <Predicate = (icmp_ln181 & trunc_ln181 == 9)> <Delay = 0.00>
ST_2 : Operation 51 [1/1] (0.00ns)   --->   "%br_ln187 = br void %arrayidx253.0.0.02.exit" [mmult.cpp:187]   --->   Operation 51 'br' 'br_ln187' <Predicate = (icmp_ln181 & trunc_ln181 == 8)> <Delay = 0.00>
ST_2 : Operation 52 [1/1] (0.00ns)   --->   "%br_ln187 = br void %arrayidx253.0.0.02.exit" [mmult.cpp:187]   --->   Operation 52 'br' 'br_ln187' <Predicate = (icmp_ln181 & trunc_ln181 == 7)> <Delay = 0.00>
ST_2 : Operation 53 [1/1] (0.00ns)   --->   "%br_ln187 = br void %arrayidx253.0.0.02.exit" [mmult.cpp:187]   --->   Operation 53 'br' 'br_ln187' <Predicate = (icmp_ln181 & trunc_ln181 == 6)> <Delay = 0.00>
ST_2 : Operation 54 [1/1] (0.00ns)   --->   "%br_ln187 = br void %arrayidx253.0.0.02.exit" [mmult.cpp:187]   --->   Operation 54 'br' 'br_ln187' <Predicate = (icmp_ln181 & trunc_ln181 == 5)> <Delay = 0.00>
ST_2 : Operation 55 [1/1] (0.00ns)   --->   "%br_ln187 = br void %arrayidx253.0.0.02.exit" [mmult.cpp:187]   --->   Operation 55 'br' 'br_ln187' <Predicate = (icmp_ln181 & trunc_ln181 == 4)> <Delay = 0.00>
ST_2 : Operation 56 [1/1] (0.00ns)   --->   "%br_ln187 = br void %arrayidx253.0.0.02.exit" [mmult.cpp:187]   --->   Operation 56 'br' 'br_ln187' <Predicate = (icmp_ln181 & trunc_ln181 == 3)> <Delay = 0.00>
ST_2 : Operation 57 [1/1] (0.00ns)   --->   "%br_ln187 = br void %arrayidx253.0.0.02.exit" [mmult.cpp:187]   --->   Operation 57 'br' 'br_ln187' <Predicate = (icmp_ln181 & trunc_ln181 == 2)> <Delay = 0.00>
ST_2 : Operation 58 [1/1] (0.00ns)   --->   "%br_ln187 = br void %arrayidx253.0.0.02.exit" [mmult.cpp:187]   --->   Operation 58 'br' 'br_ln187' <Predicate = (icmp_ln181 & trunc_ln181 == 1)> <Delay = 0.00>
ST_2 : Operation 59 [1/1] (0.00ns)   --->   "%br_ln187 = br void %arrayidx253.0.0.02.exit" [mmult.cpp:187]   --->   Operation 59 'br' 'br_ln187' <Predicate = (icmp_ln181 & trunc_ln181 == 0)> <Delay = 0.00>
ST_2 : Operation 60 [1/1] (0.00ns)   --->   "%br_ln187 = br void %arrayidx253.0.0.02.exit" [mmult.cpp:187]   --->   Operation 60 'br' 'br_ln187' <Predicate = (icmp_ln181 & trunc_ln181 == 31)> <Delay = 0.00>
ST_2 : Operation 138 [1/1] (0.00ns)   --->   "%ret_ln0 = ret"   --->   Operation 138 'ret' 'ret_ln0' <Predicate = (!icmp_ln181)> <Delay = 0.00>

State 3 <SV = 2> <Delay = 2.40>
ST_3 : Operation 61 [1/1] (2.40ns)   --->   "%gmem1_addr_read = read i8 @_ssdm_op_Read.m_axi.p1i8, i8 %gmem1_addr" [mmult.cpp:187]   --->   Operation 61 'read' 'gmem1_addr_read' <Predicate = (icmp_ln181)> <Delay = 2.40> <CoreInst = "m_axi">   --->   Core 121 'm_axi' <Latency = 0> <II = 1> <Delay = 1.00> <Adapter> <Opcode : 'read' 'write' 'readreq' 'writereq' 'writeresp'>
ST_3 : Operation 62 [1/1] (1.01ns)   --->   "%j_4 = add i32 %j_3, i32 1" [mmult.cpp:181]   --->   Operation 62 'add' 'j_4' <Predicate = (icmp_ln181)> <Delay = 1.01> <CoreInst = "Adder">   --->   Core 1 'Adder' <Latency = 0> <II = 1> <Delay = 1.01> <FuncUnit> <Opcode : 'add' 'sub'> <InPorts = 2> <OutPorts = 1>
ST_3 : Operation 63 [1/1] (0.42ns)   --->   "%store_ln181 = store i31 %add_ln181, i31 %loc_1" [mmult.cpp:181]   --->   Operation 63 'store' 'store_ln181' <Predicate = (icmp_ln181)> <Delay = 0.42>
ST_3 : Operation 64 [1/1] (0.42ns)   --->   "%store_ln181 = store i32 %j_4, i32 %j" [mmult.cpp:181]   --->   Operation 64 'store' 'store_ln181' <Predicate = (icmp_ln181)> <Delay = 0.42>

State 4 <SV = 3> <Delay = 2.14>
ST_4 : Operation 65 [1/1] (0.00ns)   --->   "%i_load = load i32 %i" [mmult.cpp:184]   --->   Operation 65 'load' 'i_load' <Predicate = true> <Delay = 0.00>
ST_4 : Operation 66 [1/1] (0.00ns)   --->   "%specpipeline_ln181 = specpipeline void @_ssdm_op_SpecPipeline, i32 4294967295, i32 0, i32 0, i32 0, void @empty_2" [mmult.cpp:181]   --->   Operation 66 'specpipeline' 'specpipeline_ln181' <Predicate = true> <Delay = 0.00>
ST_4 : Operation 67 [1/1] (0.00ns)   --->   "%speclooptripcount_ln182 = speclooptripcount void @_ssdm_op_SpecLoopTripCount, i64 1024, i64 1024, i64 1024" [mmult.cpp:182]   --->   Operation 67 'speclooptripcount' 'speclooptripcount_ln182' <Predicate = true> <Delay = 0.00>
ST_4 : Operation 68 [1/1] (0.00ns)   --->   "%specloopname_ln181 = specloopname void @_ssdm_op_SpecLoopName, void @empty_18" [mmult.cpp:181]   --->   Operation 68 'specloopname' 'specloopname_ln181' <Predicate = true> <Delay = 0.00>
ST_4 : Operation 69 [1/1] (1.01ns)   --->   "%add_ln184 = add i32 %i_load, i32 1" [mmult.cpp:184]   --->   Operation 69 'add' 'add_ln184' <Predicate = (icmp_ln183)> <Delay = 1.01> <CoreInst = "Adder">   --->   Core 1 'Adder' <Latency = 0> <II = 1> <Delay = 1.01> <FuncUnit> <Opcode : 'add' 'sub'> <InPorts = 2> <OutPorts = 1>
ST_4 : Operation 70 [1/1] (0.44ns)   --->   "%i_2 = select i1 %icmp_ln183, i32 %add_ln184, i32 %i_load" [mmult.cpp:183]   --->   Operation 70 'select' 'i_2' <Predicate = true> <Delay = 0.44> <CoreInst = "Sel">   --->   Core 73 'Sel' <Latency = 0> <II = 1> <Delay = 0.44> <FuncUnit> <Opcode : 'select'> <InPorts = 3> <OutPorts = 1>
ST_4 : Operation 71 [1/1] (0.00ns)   --->   "%zext_ln187 = zext i32 %i_2" [mmult.cpp:187]   --->   Operation 71 'zext' 'zext_ln187' <Predicate = true> <Delay = 0.00>
ST_4 : Operation 72 [1/1] (0.00ns)   --->   "%localB_addr = getelementptr i8 %localB, i64 0, i64 %zext_ln187" [mmult.cpp:187]   --->   Operation 72 'getelementptr' 'localB_addr' <Predicate = true> <Delay = 0.00>
ST_4 : Operation 73 [1/1] (0.00ns)   --->   "%localB_32_addr = getelementptr i8 %localB_32, i64 0, i64 %zext_ln187" [mmult.cpp:187]   --->   Operation 73 'getelementptr' 'localB_32_addr' <Predicate = true> <Delay = 0.00>
ST_4 : Operation 74 [1/1] (0.00ns)   --->   "%localB_33_addr = getelementptr i8 %localB_33, i64 0, i64 %zext_ln187" [mmult.cpp:187]   --->   Operation 74 'getelementptr' 'localB_33_addr' <Predicate = true> <Delay = 0.00>
ST_4 : Operation 75 [1/1] (0.00ns)   --->   "%localB_34_addr = getelementptr i8 %localB_34, i64 0, i64 %zext_ln187" [mmult.cpp:187]   --->   Operation 75 'getelementptr' 'localB_34_addr' <Predicate = true> <Delay = 0.00>
ST_4 : Operation 76 [1/1] (0.00ns)   --->   "%localB_35_addr = getelementptr i8 %localB_35, i64 0, i64 %zext_ln187" [mmult.cpp:187]   --->   Operation 76 'getelementptr' 'localB_35_addr' <Predicate = true> <Delay = 0.00>
ST_4 : Operation 77 [1/1] (0.00ns)   --->   "%localB_36_addr = getelementptr i8 %localB_36, i64 0, i64 %zext_ln187" [mmult.cpp:187]   --->   Operation 77 'getelementptr' 'localB_36_addr' <Predicate = true> <Delay = 0.00>
ST_4 : Operation 78 [1/1] (0.00ns)   --->   "%localB_37_addr = getelementptr i8 %localB_37, i64 0, i64 %zext_ln187" [mmult.cpp:187]   --->   Operation 78 'getelementptr' 'localB_37_addr' <Predicate = true> <Delay = 0.00>
ST_4 : Operation 79 [1/1] (0.00ns)   --->   "%localB_38_addr = getelementptr i8 %localB_38, i64 0, i64 %zext_ln187" [mmult.cpp:187]   --->   Operation 79 'getelementptr' 'localB_38_addr' <Predicate = true> <Delay = 0.00>
ST_4 : Operation 80 [1/1] (0.00ns)   --->   "%localB_39_addr = getelementptr i8 %localB_39, i64 0, i64 %zext_ln187" [mmult.cpp:187]   --->   Operation 80 'getelementptr' 'localB_39_addr' <Predicate = true> <Delay = 0.00>
ST_4 : Operation 81 [1/1] (0.00ns)   --->   "%localB_40_addr = getelementptr i8 %localB_40, i64 0, i64 %zext_ln187" [mmult.cpp:187]   --->   Operation 81 'getelementptr' 'localB_40_addr' <Predicate = true> <Delay = 0.00>
ST_4 : Operation 82 [1/1] (0.00ns)   --->   "%localB_41_addr = getelementptr i8 %localB_41, i64 0, i64 %zext_ln187" [mmult.cpp:187]   --->   Operation 82 'getelementptr' 'localB_41_addr' <Predicate = true> <Delay = 0.00>
ST_4 : Operation 83 [1/1] (0.00ns)   --->   "%localB_42_addr = getelementptr i8 %localB_42, i64 0, i64 %zext_ln187" [mmult.cpp:187]   --->   Operation 83 'getelementptr' 'localB_42_addr' <Predicate = true> <Delay = 0.00>
ST_4 : Operation 84 [1/1] (0.00ns)   --->   "%localB_43_addr = getelementptr i8 %localB_43, i64 0, i64 %zext_ln187" [mmult.cpp:187]   --->   Operation 84 'getelementptr' 'localB_43_addr' <Predicate = true> <Delay = 0.00>
ST_4 : Operation 85 [1/1] (0.00ns)   --->   "%localB_44_addr = getelementptr i8 %localB_44, i64 0, i64 %zext_ln187" [mmult.cpp:187]   --->   Operation 85 'getelementptr' 'localB_44_addr' <Predicate = true> <Delay = 0.00>
ST_4 : Operation 86 [1/1] (0.00ns)   --->   "%localB_45_addr = getelementptr i8 %localB_45, i64 0, i64 %zext_ln187" [mmult.cpp:187]   --->   Operation 86 'getelementptr' 'localB_45_addr' <Predicate = true> <Delay = 0.00>
ST_4 : Operation 87 [1/1] (0.00ns)   --->   "%localB_46_addr = getelementptr i8 %localB_46, i64 0, i64 %zext_ln187" [mmult.cpp:187]   --->   Operation 87 'getelementptr' 'localB_46_addr' <Predicate = true> <Delay = 0.00>
ST_4 : Operation 88 [1/1] (0.00ns)   --->   "%localB_47_addr = getelementptr i8 %localB_47, i64 0, i64 %zext_ln187" [mmult.cpp:187]   --->   Operation 88 'getelementptr' 'localB_47_addr' <Predicate = true> <Delay = 0.00>
ST_4 : Operation 89 [1/1] (0.00ns)   --->   "%localB_48_addr = getelementptr i8 %localB_48, i64 0, i64 %zext_ln187" [mmult.cpp:187]   --->   Operation 89 'getelementptr' 'localB_48_addr' <Predicate = true> <Delay = 0.00>
ST_4 : Operation 90 [1/1] (0.00ns)   --->   "%localB_49_addr = getelementptr i8 %localB_49, i64 0, i64 %zext_ln187" [mmult.cpp:187]   --->   Operation 90 'getelementptr' 'localB_49_addr' <Predicate = true> <Delay = 0.00>
ST_4 : Operation 91 [1/1] (0.00ns)   --->   "%localB_50_addr = getelementptr i8 %localB_50, i64 0, i64 %zext_ln187" [mmult.cpp:187]   --->   Operation 91 'getelementptr' 'localB_50_addr' <Predicate = true> <Delay = 0.00>
ST_4 : Operation 92 [1/1] (0.00ns)   --->   "%localB_51_addr = getelementptr i8 %localB_51, i64 0, i64 %zext_ln187" [mmult.cpp:187]   --->   Operation 92 'getelementptr' 'localB_51_addr' <Predicate = true> <Delay = 0.00>
ST_4 : Operation 93 [1/1] (0.00ns)   --->   "%localB_52_addr = getelementptr i8 %localB_52, i64 0, i64 %zext_ln187" [mmult.cpp:187]   --->   Operation 93 'getelementptr' 'localB_52_addr' <Predicate = true> <Delay = 0.00>
ST_4 : Operation 94 [1/1] (0.00ns)   --->   "%localB_53_addr = getelementptr i8 %localB_53, i64 0, i64 %zext_ln187" [mmult.cpp:187]   --->   Operation 94 'getelementptr' 'localB_53_addr' <Predicate = true> <Delay = 0.00>
ST_4 : Operation 95 [1/1] (0.00ns)   --->   "%localB_54_addr = getelementptr i8 %localB_54, i64 0, i64 %zext_ln187" [mmult.cpp:187]   --->   Operation 95 'getelementptr' 'localB_54_addr' <Predicate = true> <Delay = 0.00>
ST_4 : Operation 96 [1/1] (0.00ns)   --->   "%localB_55_addr = getelementptr i8 %localB_55, i64 0, i64 %zext_ln187" [mmult.cpp:187]   --->   Operation 96 'getelementptr' 'localB_55_addr' <Predicate = true> <Delay = 0.00>
ST_4 : Operation 97 [1/1] (0.00ns)   --->   "%localB_56_addr = getelementptr i8 %localB_56, i64 0, i64 %zext_ln187" [mmult.cpp:187]   --->   Operation 97 'getelementptr' 'localB_56_addr' <Predicate = true> <Delay = 0.00>
ST_4 : Operation 98 [1/1] (0.00ns)   --->   "%localB_57_addr = getelementptr i8 %localB_57, i64 0, i64 %zext_ln187" [mmult.cpp:187]   --->   Operation 98 'getelementptr' 'localB_57_addr' <Predicate = true> <Delay = 0.00>
ST_4 : Operation 99 [1/1] (0.00ns)   --->   "%localB_58_addr = getelementptr i8 %localB_58, i64 0, i64 %zext_ln187" [mmult.cpp:187]   --->   Operation 99 'getelementptr' 'localB_58_addr' <Predicate = true> <Delay = 0.00>
ST_4 : Operation 100 [1/1] (0.00ns)   --->   "%localB_59_addr = getelementptr i8 %localB_59, i64 0, i64 %zext_ln187" [mmult.cpp:187]   --->   Operation 100 'getelementptr' 'localB_59_addr' <Predicate = true> <Delay = 0.00>
ST_4 : Operation 101 [1/1] (0.00ns)   --->   "%localB_60_addr = getelementptr i8 %localB_60, i64 0, i64 %zext_ln187" [mmult.cpp:187]   --->   Operation 101 'getelementptr' 'localB_60_addr' <Predicate = true> <Delay = 0.00>
ST_4 : Operation 102 [1/1] (0.00ns)   --->   "%localB_61_addr = getelementptr i8 %localB_61, i64 0, i64 %zext_ln187" [mmult.cpp:187]   --->   Operation 102 'getelementptr' 'localB_61_addr' <Predicate = true> <Delay = 0.00>
ST_4 : Operation 103 [1/1] (0.00ns)   --->   "%localB_62_addr = getelementptr i8 %localB_62, i64 0, i64 %zext_ln187" [mmult.cpp:187]   --->   Operation 103 'getelementptr' 'localB_62_addr' <Predicate = true> <Delay = 0.00>
ST_4 : Operation 104 [1/1] (0.67ns)   --->   "%store_ln187 = store i8 %gmem1_addr_read, i5 %localB_61_addr" [mmult.cpp:187]   --->   Operation 104 'store' 'store_ln187' <Predicate = (trunc_ln181 == 30)> <Delay = 0.67> <CoreInst = "RAM">   --->   Core 83 'RAM' <Latency = 1> <II = 1> <Delay = 0.67> <Storage> <Opcode : 'load' 'store'> <Ports = 2> <Width = 8> <Depth = 32> <RAM>
ST_4 : Operation 105 [1/1] (0.67ns)   --->   "%store_ln187 = store i8 %gmem1_addr_read, i5 %localB_60_addr" [mmult.cpp:187]   --->   Operation 105 'store' 'store_ln187' <Predicate = (trunc_ln181 == 29)> <Delay = 0.67> <CoreInst = "RAM">   --->   Core 83 'RAM' <Latency = 1> <II = 1> <Delay = 0.67> <Storage> <Opcode : 'load' 'store'> <Ports = 2> <Width = 8> <Depth = 32> <RAM>
ST_4 : Operation 106 [1/1] (0.67ns)   --->   "%store_ln187 = store i8 %gmem1_addr_read, i5 %localB_59_addr" [mmult.cpp:187]   --->   Operation 106 'store' 'store_ln187' <Predicate = (trunc_ln181 == 28)> <Delay = 0.67> <CoreInst = "RAM">   --->   Core 83 'RAM' <Latency = 1> <II = 1> <Delay = 0.67> <Storage> <Opcode : 'load' 'store'> <Ports = 2> <Width = 8> <Depth = 32> <RAM>
ST_4 : Operation 107 [1/1] (0.67ns)   --->   "%store_ln187 = store i8 %gmem1_addr_read, i5 %localB_58_addr" [mmult.cpp:187]   --->   Operation 107 'store' 'store_ln187' <Predicate = (trunc_ln181 == 27)> <Delay = 0.67> <CoreInst = "RAM">   --->   Core 83 'RAM' <Latency = 1> <II = 1> <Delay = 0.67> <Storage> <Opcode : 'load' 'store'> <Ports = 2> <Width = 8> <Depth = 32> <RAM>
ST_4 : Operation 108 [1/1] (0.67ns)   --->   "%store_ln187 = store i8 %gmem1_addr_read, i5 %localB_57_addr" [mmult.cpp:187]   --->   Operation 108 'store' 'store_ln187' <Predicate = (trunc_ln181 == 26)> <Delay = 0.67> <CoreInst = "RAM">   --->   Core 83 'RAM' <Latency = 1> <II = 1> <Delay = 0.67> <Storage> <Opcode : 'load' 'store'> <Ports = 2> <Width = 8> <Depth = 32> <RAM>
ST_4 : Operation 109 [1/1] (0.67ns)   --->   "%store_ln187 = store i8 %gmem1_addr_read, i5 %localB_56_addr" [mmult.cpp:187]   --->   Operation 109 'store' 'store_ln187' <Predicate = (trunc_ln181 == 25)> <Delay = 0.67> <CoreInst = "RAM">   --->   Core 83 'RAM' <Latency = 1> <II = 1> <Delay = 0.67> <Storage> <Opcode : 'load' 'store'> <Ports = 2> <Width = 8> <Depth = 32> <RAM>
ST_4 : Operation 110 [1/1] (0.67ns)   --->   "%store_ln187 = store i8 %gmem1_addr_read, i5 %localB_55_addr" [mmult.cpp:187]   --->   Operation 110 'store' 'store_ln187' <Predicate = (trunc_ln181 == 24)> <Delay = 0.67> <CoreInst = "RAM">   --->   Core 83 'RAM' <Latency = 1> <II = 1> <Delay = 0.67> <Storage> <Opcode : 'load' 'store'> <Ports = 2> <Width = 8> <Depth = 32> <RAM>
ST_4 : Operation 111 [1/1] (0.67ns)   --->   "%store_ln187 = store i8 %gmem1_addr_read, i5 %localB_54_addr" [mmult.cpp:187]   --->   Operation 111 'store' 'store_ln187' <Predicate = (trunc_ln181 == 23)> <Delay = 0.67> <CoreInst = "RAM">   --->   Core 83 'RAM' <Latency = 1> <II = 1> <Delay = 0.67> <Storage> <Opcode : 'load' 'store'> <Ports = 2> <Width = 8> <Depth = 32> <RAM>
ST_4 : Operation 112 [1/1] (0.67ns)   --->   "%store_ln187 = store i8 %gmem1_addr_read, i5 %localB_53_addr" [mmult.cpp:187]   --->   Operation 112 'store' 'store_ln187' <Predicate = (trunc_ln181 == 22)> <Delay = 0.67> <CoreInst = "RAM">   --->   Core 83 'RAM' <Latency = 1> <II = 1> <Delay = 0.67> <Storage> <Opcode : 'load' 'store'> <Ports = 2> <Width = 8> <Depth = 32> <RAM>
ST_4 : Operation 113 [1/1] (0.67ns)   --->   "%store_ln187 = store i8 %gmem1_addr_read, i5 %localB_52_addr" [mmult.cpp:187]   --->   Operation 113 'store' 'store_ln187' <Predicate = (trunc_ln181 == 21)> <Delay = 0.67> <CoreInst = "RAM">   --->   Core 83 'RAM' <Latency = 1> <II = 1> <Delay = 0.67> <Storage> <Opcode : 'load' 'store'> <Ports = 2> <Width = 8> <Depth = 32> <RAM>
ST_4 : Operation 114 [1/1] (0.67ns)   --->   "%store_ln187 = store i8 %gmem1_addr_read, i5 %localB_51_addr" [mmult.cpp:187]   --->   Operation 114 'store' 'store_ln187' <Predicate = (trunc_ln181 == 20)> <Delay = 0.67> <CoreInst = "RAM">   --->   Core 83 'RAM' <Latency = 1> <II = 1> <Delay = 0.67> <Storage> <Opcode : 'load' 'store'> <Ports = 2> <Width = 8> <Depth = 32> <RAM>
ST_4 : Operation 115 [1/1] (0.67ns)   --->   "%store_ln187 = store i8 %gmem1_addr_read, i5 %localB_50_addr" [mmult.cpp:187]   --->   Operation 115 'store' 'store_ln187' <Predicate = (trunc_ln181 == 19)> <Delay = 0.67> <CoreInst = "RAM">   --->   Core 83 'RAM' <Latency = 1> <II = 1> <Delay = 0.67> <Storage> <Opcode : 'load' 'store'> <Ports = 2> <Width = 8> <Depth = 32> <RAM>
ST_4 : Operation 116 [1/1] (0.67ns)   --->   "%store_ln187 = store i8 %gmem1_addr_read, i5 %localB_49_addr" [mmult.cpp:187]   --->   Operation 116 'store' 'store_ln187' <Predicate = (trunc_ln181 == 18)> <Delay = 0.67> <CoreInst = "RAM">   --->   Core 83 'RAM' <Latency = 1> <II = 1> <Delay = 0.67> <Storage> <Opcode : 'load' 'store'> <Ports = 2> <Width = 8> <Depth = 32> <RAM>
ST_4 : Operation 117 [1/1] (0.67ns)   --->   "%store_ln187 = store i8 %gmem1_addr_read, i5 %localB_48_addr" [mmult.cpp:187]   --->   Operation 117 'store' 'store_ln187' <Predicate = (trunc_ln181 == 17)> <Delay = 0.67> <CoreInst = "RAM">   --->   Core 83 'RAM' <Latency = 1> <II = 1> <Delay = 0.67> <Storage> <Opcode : 'load' 'store'> <Ports = 2> <Width = 8> <Depth = 32> <RAM>
ST_4 : Operation 118 [1/1] (0.67ns)   --->   "%store_ln187 = store i8 %gmem1_addr_read, i5 %localB_47_addr" [mmult.cpp:187]   --->   Operation 118 'store' 'store_ln187' <Predicate = (trunc_ln181 == 16)> <Delay = 0.67> <CoreInst = "RAM">   --->   Core 83 'RAM' <Latency = 1> <II = 1> <Delay = 0.67> <Storage> <Opcode : 'load' 'store'> <Ports = 2> <Width = 8> <Depth = 32> <RAM>
ST_4 : Operation 119 [1/1] (0.67ns)   --->   "%store_ln187 = store i8 %gmem1_addr_read, i5 %localB_46_addr" [mmult.cpp:187]   --->   Operation 119 'store' 'store_ln187' <Predicate = (trunc_ln181 == 15)> <Delay = 0.67> <CoreInst = "RAM">   --->   Core 83 'RAM' <Latency = 1> <II = 1> <Delay = 0.67> <Storage> <Opcode : 'load' 'store'> <Ports = 2> <Width = 8> <Depth = 32> <RAM>
ST_4 : Operation 120 [1/1] (0.67ns)   --->   "%store_ln187 = store i8 %gmem1_addr_read, i5 %localB_45_addr" [mmult.cpp:187]   --->   Operation 120 'store' 'store_ln187' <Predicate = (trunc_ln181 == 14)> <Delay = 0.67> <CoreInst = "RAM">   --->   Core 83 'RAM' <Latency = 1> <II = 1> <Delay = 0.67> <Storage> <Opcode : 'load' 'store'> <Ports = 2> <Width = 8> <Depth = 32> <RAM>
ST_4 : Operation 121 [1/1] (0.67ns)   --->   "%store_ln187 = store i8 %gmem1_addr_read, i5 %localB_44_addr" [mmult.cpp:187]   --->   Operation 121 'store' 'store_ln187' <Predicate = (trunc_ln181 == 13)> <Delay = 0.67> <CoreInst = "RAM">   --->   Core 83 'RAM' <Latency = 1> <II = 1> <Delay = 0.67> <Storage> <Opcode : 'load' 'store'> <Ports = 2> <Width = 8> <Depth = 32> <RAM>
ST_4 : Operation 122 [1/1] (0.67ns)   --->   "%store_ln187 = store i8 %gmem1_addr_read, i5 %localB_43_addr" [mmult.cpp:187]   --->   Operation 122 'store' 'store_ln187' <Predicate = (trunc_ln181 == 12)> <Delay = 0.67> <CoreInst = "RAM">   --->   Core 83 'RAM' <Latency = 1> <II = 1> <Delay = 0.67> <Storage> <Opcode : 'load' 'store'> <Ports = 2> <Width = 8> <Depth = 32> <RAM>
ST_4 : Operation 123 [1/1] (0.67ns)   --->   "%store_ln187 = store i8 %gmem1_addr_read, i5 %localB_42_addr" [mmult.cpp:187]   --->   Operation 123 'store' 'store_ln187' <Predicate = (trunc_ln181 == 11)> <Delay = 0.67> <CoreInst = "RAM">   --->   Core 83 'RAM' <Latency = 1> <II = 1> <Delay = 0.67> <Storage> <Opcode : 'load' 'store'> <Ports = 2> <Width = 8> <Depth = 32> <RAM>
ST_4 : Operation 124 [1/1] (0.67ns)   --->   "%store_ln187 = store i8 %gmem1_addr_read, i5 %localB_41_addr" [mmult.cpp:187]   --->   Operation 124 'store' 'store_ln187' <Predicate = (trunc_ln181 == 10)> <Delay = 0.67> <CoreInst = "RAM">   --->   Core 83 'RAM' <Latency = 1> <II = 1> <Delay = 0.67> <Storage> <Opcode : 'load' 'store'> <Ports = 2> <Width = 8> <Depth = 32> <RAM>
ST_4 : Operation 125 [1/1] (0.67ns)   --->   "%store_ln187 = store i8 %gmem1_addr_read, i5 %localB_40_addr" [mmult.cpp:187]   --->   Operation 125 'store' 'store_ln187' <Predicate = (trunc_ln181 == 9)> <Delay = 0.67> <CoreInst = "RAM">   --->   Core 83 'RAM' <Latency = 1> <II = 1> <Delay = 0.67> <Storage> <Opcode : 'load' 'store'> <Ports = 2> <Width = 8> <Depth = 32> <RAM>
ST_4 : Operation 126 [1/1] (0.67ns)   --->   "%store_ln187 = store i8 %gmem1_addr_read, i5 %localB_39_addr" [mmult.cpp:187]   --->   Operation 126 'store' 'store_ln187' <Predicate = (trunc_ln181 == 8)> <Delay = 0.67> <CoreInst = "RAM">   --->   Core 83 'RAM' <Latency = 1> <II = 1> <Delay = 0.67> <Storage> <Opcode : 'load' 'store'> <Ports = 2> <Width = 8> <Depth = 32> <RAM>
ST_4 : Operation 127 [1/1] (0.67ns)   --->   "%store_ln187 = store i8 %gmem1_addr_read, i5 %localB_38_addr" [mmult.cpp:187]   --->   Operation 127 'store' 'store_ln187' <Predicate = (trunc_ln181 == 7)> <Delay = 0.67> <CoreInst = "RAM">   --->   Core 83 'RAM' <Latency = 1> <II = 1> <Delay = 0.67> <Storage> <Opcode : 'load' 'store'> <Ports = 2> <Width = 8> <Depth = 32> <RAM>
ST_4 : Operation 128 [1/1] (0.67ns)   --->   "%store_ln187 = store i8 %gmem1_addr_read, i5 %localB_37_addr" [mmult.cpp:187]   --->   Operation 128 'store' 'store_ln187' <Predicate = (trunc_ln181 == 6)> <Delay = 0.67> <CoreInst = "RAM">   --->   Core 83 'RAM' <Latency = 1> <II = 1> <Delay = 0.67> <Storage> <Opcode : 'load' 'store'> <Ports = 2> <Width = 8> <Depth = 32> <RAM>
ST_4 : Operation 129 [1/1] (0.67ns)   --->   "%store_ln187 = store i8 %gmem1_addr_read, i5 %localB_36_addr" [mmult.cpp:187]   --->   Operation 129 'store' 'store_ln187' <Predicate = (trunc_ln181 == 5)> <Delay = 0.67> <CoreInst = "RAM">   --->   Core 83 'RAM' <Latency = 1> <II = 1> <Delay = 0.67> <Storage> <Opcode : 'load' 'store'> <Ports = 2> <Width = 8> <Depth = 32> <RAM>
ST_4 : Operation 130 [1/1] (0.67ns)   --->   "%store_ln187 = store i8 %gmem1_addr_read, i5 %localB_35_addr" [mmult.cpp:187]   --->   Operation 130 'store' 'store_ln187' <Predicate = (trunc_ln181 == 4)> <Delay = 0.67> <CoreInst = "RAM">   --->   Core 83 'RAM' <Latency = 1> <II = 1> <Delay = 0.67> <Storage> <Opcode : 'load' 'store'> <Ports = 2> <Width = 8> <Depth = 32> <RAM>
ST_4 : Operation 131 [1/1] (0.67ns)   --->   "%store_ln187 = store i8 %gmem1_addr_read, i5 %localB_34_addr" [mmult.cpp:187]   --->   Operation 131 'store' 'store_ln187' <Predicate = (trunc_ln181 == 3)> <Delay = 0.67> <CoreInst = "RAM">   --->   Core 83 'RAM' <Latency = 1> <II = 1> <Delay = 0.67> <Storage> <Opcode : 'load' 'store'> <Ports = 2> <Width = 8> <Depth = 32> <RAM>
ST_4 : Operation 132 [1/1] (0.67ns)   --->   "%store_ln187 = store i8 %gmem1_addr_read, i5 %localB_33_addr" [mmult.cpp:187]   --->   Operation 132 'store' 'store_ln187' <Predicate = (trunc_ln181 == 2)> <Delay = 0.67> <CoreInst = "RAM">   --->   Core 83 'RAM' <Latency = 1> <II = 1> <Delay = 0.67> <Storage> <Opcode : 'load' 'store'> <Ports = 2> <Width = 8> <Depth = 32> <RAM>
ST_4 : Operation 133 [1/1] (0.67ns)   --->   "%store_ln187 = store i8 %gmem1_addr_read, i5 %localB_32_addr" [mmult.cpp:187]   --->   Operation 133 'store' 'store_ln187' <Predicate = (trunc_ln181 == 1)> <Delay = 0.67> <CoreInst = "RAM">   --->   Core 83 'RAM' <Latency = 1> <II = 1> <Delay = 0.67> <Storage> <Opcode : 'load' 'store'> <Ports = 2> <Width = 8> <Depth = 32> <RAM>
ST_4 : Operation 134 [1/1] (0.67ns)   --->   "%store_ln187 = store i8 %gmem1_addr_read, i5 %localB_addr" [mmult.cpp:187]   --->   Operation 134 'store' 'store_ln187' <Predicate = (trunc_ln181 == 0)> <Delay = 0.67> <CoreInst = "RAM">   --->   Core 83 'RAM' <Latency = 1> <II = 1> <Delay = 0.67> <Storage> <Opcode : 'load' 'store'> <Ports = 2> <Width = 8> <Depth = 32> <RAM>
ST_4 : Operation 135 [1/1] (0.67ns)   --->   "%store_ln187 = store i8 %gmem1_addr_read, i5 %localB_62_addr" [mmult.cpp:187]   --->   Operation 135 'store' 'store_ln187' <Predicate = (trunc_ln181 == 31)> <Delay = 0.67> <CoreInst = "RAM">   --->   Core 83 'RAM' <Latency = 1> <II = 1> <Delay = 0.67> <Storage> <Opcode : 'load' 'store'> <Ports = 2> <Width = 8> <Depth = 32> <RAM>
ST_4 : Operation 136 [1/1] (0.42ns)   --->   "%store_ln181 = store i32 %i_2, i32 %i" [mmult.cpp:181]   --->   Operation 136 'store' 'store_ln181' <Predicate = true> <Delay = 0.42>
ST_4 : Operation 137 [1/1] (0.00ns)   --->   "%br_ln181 = br void %for.body15" [mmult.cpp:181]   --->   Operation 137 'br' 'br_ln181' <Predicate = true> <Delay = 0.00>


============================================================
+ Verbose Summary: Timing violations
============================================================
Target clock period: 3.300ns, clock uncertainty: 0.891ns.

 <State 1>: 0.427ns
The critical path consists of the following:
	'alloca' operation 31 bit ('loc_1') [39]  (0.000 ns)
	'store' operation 0 bit ('store_ln0') of constant 0 on local variable 'loc_1' [44]  (0.427 ns)

 <State 2>: 2.209ns
The critical path consists of the following:
	'load' operation 32 bit ('j_load', mmult.cpp:183) on local variable 'j', mmult.cpp:181 [57]  (0.000 ns)
	'icmp' operation 1 bit ('icmp_ln183', mmult.cpp:183) [62]  (1.016 ns)
	'select' operation 32 bit ('j', mmult.cpp:183) [65]  (0.449 ns)
	blocking operation 0.744313 ns on control path)

 <State 3>: 2.409ns
The critical path consists of the following:
	bus read operation ('gmem1_addr_read', mmult.cpp:187) on port 'gmem1' (mmult.cpp:187) [68]  (2.409 ns)

 <State 4>: 2.142ns
The critical path consists of the following:
	'load' operation 32 bit ('i_load', mmult.cpp:184) on local variable 'i', mmult.cpp:181 [56]  (0.000 ns)
	'add' operation 32 bit ('add_ln184', mmult.cpp:184) [63]  (1.016 ns)
	'select' operation 32 bit ('i', mmult.cpp:183) [64]  (0.449 ns)
	'getelementptr' operation 5 bit ('localB_61_addr', mmult.cpp:187) [99]  (0.000 ns)
	'store' operation 0 bit ('store_ln187', mmult.cpp:187) of variable 'gmem1_addr_read', mmult.cpp:187 on array 'localB_61' [103]  (0.677 ns)


============================================================
+ Verbose Summary: Binding
============================================================
N/A
* FSMD analyzer results:
  - Output states:
 - Input state : 
  - Chain level:
	State 1
	State 2
	State 3
	State 4


============================================================
+ Verbose Summary: Datapath Resource usage 
============================================================
N/A
