

================================================================
== Vitis HLS Report for 'mmult_Pipeline_writeC'
================================================================
* Date:           Sun Apr 12 17:39:47 2026

* Version:        2023.2 (Build 4023990 on Oct 11 2023)
* Project:        hls_prj
* Solution:       s1 (Vivado IP Flow Target)
* Product family: zynquplus
* Target device:  xck26-sfvc784-2LV-c


================================================================
== Performance Estimates
================================================================
+ Timing: 
    * Summary: 
    +--------+---------+----------+------------+
    |  Clock |  Target | Estimated| Uncertainty|
    +--------+---------+----------+------------+
    |ap_clk  |  3.30 ns|  2.287 ns|     0.89 ns|
    +--------+---------+----------+------------+

+ Latency: 
    * Summary: 
    +---------+---------+----------+----------+------+------+---------+
    |  Latency (cycles) |  Latency (absolute) |   Interval  | Pipeline|
    |   min   |   max   |    min   |    max   |  min |  max |   Type  |
    +---------+---------+----------+----------+------+------+---------+
    |     2051|     2051|  6.768 us|  6.768 us|  2051|  2051|       no|
    +---------+---------+----------+----------+------+------+---------+

    + Detail: 
        * Instance: 
        N/A

        * Loop: 
        +----------+---------+---------+----------+-----------+-----------+------+----------+
        |          |  Latency (cycles) | Iteration|  Initiation Interval  | Trip |          |
        | Loop Name|   min   |   max   |  Latency |  achieved |   target  | Count| Pipelined|
        +----------+---------+---------+----------+-----------+-----------+------+----------+
        |- writeC  |     2049|     2049|         4|          2|          1|  1024|       yes|
        +----------+---------+---------+----------+-----------+-----------+------+----------+

============================================================
+ Verbose Summary: Synthesis Manager
============================================================
InlineROM: 1
ExposeGlobal: 0
============================================================
+ Verbose Summary: CDFG Model
============================================================
IsTopModel: 0
ResetActiveHigh: 1
IsCombinational: 0
IsDatapathOnly: 0
HasWiredReturn: 1
HasMFsm: 2
HasVarLatency: 1
IsPipeline: 0
IsRtlPipelined: 0
IsInstanceOverlapped: 0
IsDontTouch: 0
HasImplIP: 0
IsGatedGlobalClock: 0

+ Individual pipeline summary: 
  * Pipeline-0: initiation interval (II) = 2, depth = 5


============================================================
+ Verbose Summary: Schedule
============================================================
* Number of FSM states : 5
* Pipeline : 1
  Pipeline-0 : II = 2, D = 5, States = { 1 2 3 4 5 }
* Dataflow Pipeline: 0

* FSM state transitions: 
1 --> 2 
2 --> 3 
3 --> 4 
4 --> 5 
5 --> 

* FSM state operations: 

State 1 <SV = 0> <Delay = 0.42>
ST_1 : Operation 7 [1/1] (0.00ns)   --->   "%i = alloca i32 1" [mmult.cpp:213]   --->   Operation 7 'alloca' 'i' <Predicate = true> <Delay = 0.00>
ST_1 : Operation 8 [1/1] (0.00ns)   --->   "%j = alloca i32 1" [mmult.cpp:213]   --->   Operation 8 'alloca' 'j' <Predicate = true> <Delay = 0.00>
ST_1 : Operation 9 [1/1] (0.00ns)   --->   "%loc = alloca i32 1" [mmult.cpp:213]   --->   Operation 9 'alloca' 'loc' <Predicate = true> <Delay = 0.00>
ST_1 : Operation 10 [1/1] (0.00ns)   --->   "%specinterface_ln0 = specinterface void @_ssdm_op_SpecInterface, i16 %c, void @empty, i32 0, i32 0, void @empty_0, i32 4294967295, i32 0, void @empty_0, void @empty_0, void @empty_0, i32 0, i32 0, i32 0, i32 0, void @empty_0, void @empty_0, i32 4294967295, i32 0"   --->   Operation 10 'specinterface' 'specinterface_ln0' <Predicate = true> <Delay = 0.00>
ST_1 : Operation 11 [1/1] (0.00ns)   --->   "%b_col_read = read i32 @_ssdm_op_Read.ap_auto.i32, i32 %b_col"   --->   Operation 11 'read' 'b_col_read' <Predicate = true> <Delay = 0.00>
ST_1 : Operation 12 [1/1] (0.00ns)   --->   "%mul65_read = read i32 @_ssdm_op_Read.ap_auto.i32, i32 %mul65"   --->   Operation 12 'read' 'mul65_read' <Predicate = true> <Delay = 0.00>
ST_1 : Operation 13 [1/1] (0.42ns)   --->   "%store_ln213 = store i11 0, i11 %loc" [mmult.cpp:213]   --->   Operation 13 'store' 'store_ln213' <Predicate = true> <Delay = 0.42>
ST_1 : Operation 14 [1/1] (0.42ns)   --->   "%store_ln213 = store i32 0, i32 %j" [mmult.cpp:213]   --->   Operation 14 'store' 'store_ln213' <Predicate = true> <Delay = 0.42>
ST_1 : Operation 15 [1/1] (0.42ns)   --->   "%store_ln213 = store i32 0, i32 %i" [mmult.cpp:213]   --->   Operation 15 'store' 'store_ln213' <Predicate = true> <Delay = 0.42>
ST_1 : Operation 16 [1/1] (0.00ns)   --->   "%br_ln0 = br void %for.body68"   --->   Operation 16 'br' 'br_ln0' <Predicate = true> <Delay = 0.00>

State 2 <SV = 1> <Delay = 2.24>
ST_2 : Operation 17 [1/1] (0.00ns)   --->   "%loc_1 = load i11 %loc" [mmult.cpp:213]   --->   Operation 17 'load' 'loc_1' <Predicate = true> <Delay = 0.00>
ST_2 : Operation 18 [1/1] (0.00ns)   --->   "%zext_ln213 = zext i11 %loc_1" [mmult.cpp:213]   --->   Operation 18 'zext' 'zext_ln213' <Predicate = true> <Delay = 0.00>
ST_2 : Operation 19 [1/1] (1.01ns)   --->   "%icmp_ln213 = icmp_slt  i32 %zext_ln213, i32 %mul65_read" [mmult.cpp:213]   --->   Operation 19 'icmp' 'icmp_ln213' <Predicate = true> <Delay = 1.01> <CoreInst = "Cmp">   --->   Core 9 'Cmp' <Latency = 0> <II = 1> <Delay = 1.01> <FuncUnit> <Opcode : 'icmp'> <InPorts = 2> <OutPorts = 1>
ST_2 : Operation 20 [1/1] (0.00ns)   --->   "%br_ln213 = br i1 %icmp_ln213, void %for.end82.loopexit.exitStub, void %for.body68.split" [mmult.cpp:213]   --->   Operation 20 'br' 'br_ln213' <Predicate = true> <Delay = 0.00>
ST_2 : Operation 21 [1/1] (0.00ns)   --->   "%i_load = load i32 %i" [mmult.cpp:216]   --->   Operation 21 'load' 'i_load' <Predicate = (icmp_ln213)> <Delay = 0.00>
ST_2 : Operation 22 [1/1] (0.00ns)   --->   "%j_load = load i32 %j" [mmult.cpp:215]   --->   Operation 22 'load' 'j_load' <Predicate = (icmp_ln213)> <Delay = 0.00>
ST_2 : Operation 23 [1/1] (1.01ns)   --->   "%icmp_ln215 = icmp_eq  i32 %j_load, i32 %b_col_read" [mmult.cpp:215]   --->   Operation 23 'icmp' 'icmp_ln215' <Predicate = (icmp_ln213)> <Delay = 1.01> <CoreInst = "Cmp">   --->   Core 9 'Cmp' <Latency = 0> <II = 1> <Delay = 1.01> <FuncUnit> <Opcode : 'icmp'> <InPorts = 2> <OutPorts = 1>
ST_2 : Operation 24 [1/1] (1.01ns)   --->   "%add_ln216 = add i32 %i_load, i32 1" [mmult.cpp:216]   --->   Operation 24 'add' 'add_ln216' <Predicate = (icmp_ln213)> <Delay = 1.01> <CoreInst = "Adder">   --->   Core 1 'Adder' <Latency = 0> <II = 1> <Delay = 1.01> <FuncUnit> <Opcode : 'add' 'sub'> <InPorts = 2> <OutPorts = 1>
ST_2 : Operation 25 [1/1] (0.44ns)   --->   "%i_1 = select i1 %icmp_ln215, i32 %add_ln216, i32 %i_load" [mmult.cpp:215]   --->   Operation 25 'select' 'i_1' <Predicate = (icmp_ln213)> <Delay = 0.44> <CoreInst = "Sel">   --->   Core 73 'Sel' <Latency = 0> <II = 1> <Delay = 0.44> <FuncUnit> <Opcode : 'select'> <InPorts = 3> <OutPorts = 1>
ST_2 : Operation 26 [1/1] (0.00ns)   --->   "%trunc_ln215 = trunc i32 %i_1" [mmult.cpp:215]   --->   Operation 26 'trunc' 'trunc_ln215' <Predicate = (icmp_ln213)> <Delay = 0.00>
ST_2 : Operation 27 [1/1] (0.00ns)   --->   "%lshr_ln4 = partselect i3 @_ssdm_op_PartSelect.i3.i32.i32.i32, i32 %i_1, i32 2, i32 4" [mmult.cpp:215]   --->   Operation 27 'partselect' 'lshr_ln4' <Predicate = (icmp_ln213)> <Delay = 0.00>
ST_2 : Operation 28 [1/1] (0.00ns)   --->   "%tmp_s = bitconcatenate i6 @_ssdm_op_BitConcatenate.i6.i3.i3, i3 %lshr_ln4, i3 0" [mmult.cpp:219]   --->   Operation 28 'bitconcatenate' 'tmp_s' <Predicate = (icmp_ln213)> <Delay = 0.00>
ST_2 : Operation 29 [1/1] (0.44ns)   --->   "%j_4 = select i1 %icmp_ln215, i32 0, i32 %j_load" [mmult.cpp:215]   --->   Operation 29 'select' 'j_4' <Predicate = (icmp_ln213)> <Delay = 0.44> <CoreInst = "Sel">   --->   Core 73 'Sel' <Latency = 0> <II = 1> <Delay = 0.44> <FuncUnit> <Opcode : 'select'> <InPorts = 3> <OutPorts = 1>
ST_2 : Operation 30 [1/1] (0.00ns)   --->   "%trunc_ln213 = trunc i32 %j_4" [mmult.cpp:213]   --->   Operation 30 'trunc' 'trunc_ln213' <Predicate = (icmp_ln213)> <Delay = 0.00>
ST_2 : Operation 31 [1/1] (0.00ns)   --->   "%lshr_ln5 = partselect i6 @_ssdm_op_PartSelect.i6.i32.i32.i32, i32 %j_4, i32 2, i32 7" [mmult.cpp:213]   --->   Operation 31 'partselect' 'lshr_ln5' <Predicate = (icmp_ln213)> <Delay = 0.00>
ST_2 : Operation 32 [1/1] (0.78ns)   --->   "%add_ln219 = add i6 %tmp_s, i6 %lshr_ln5" [mmult.cpp:219]   --->   Operation 32 'add' 'add_ln219' <Predicate = (icmp_ln213)> <Delay = 0.78> <CoreInst = "Adder">   --->   Core 1 'Adder' <Latency = 0> <II = 1> <Delay = 0.78> <FuncUnit> <Opcode : 'add' 'sub'> <InPorts = 2> <OutPorts = 1>
ST_2 : Operation 33 [1/1] (0.42ns)   --->   "%store_ln213 = store i32 %i_1, i32 %i" [mmult.cpp:213]   --->   Operation 33 'store' 'store_ln213' <Predicate = (icmp_ln213)> <Delay = 0.42>

State 3 <SV = 2> <Delay = 1.44>
ST_3 : Operation 34 [1/1] (0.79ns)   --->   "%add_ln213 = add i11 %loc_1, i11 1" [mmult.cpp:213]   --->   Operation 34 'add' 'add_ln213' <Predicate = true> <Delay = 0.79> <CoreInst = "Adder">   --->   Core 1 'Adder' <Latency = 0> <II = 1> <Delay = 0.79> <FuncUnit> <Opcode : 'add' 'sub'> <InPorts = 2> <OutPorts = 1>
ST_3 : Operation 35 [1/1] (0.00ns)   --->   "%zext_ln219 = zext i6 %add_ln219" [mmult.cpp:219]   --->   Operation 35 'zext' 'zext_ln219' <Predicate = (icmp_ln213)> <Delay = 0.00>
ST_3 : Operation 36 [1/1] (0.00ns)   --->   "%localC_addr = getelementptr i16 %localC, i64 0, i64 %zext_ln219" [mmult.cpp:219]   --->   Operation 36 'getelementptr' 'localC_addr' <Predicate = (icmp_ln213 & trunc_ln215 == 0 & trunc_ln213 == 0)> <Delay = 0.00>
ST_3 : Operation 37 [1/1] (0.00ns)   --->   "%localC_1_addr = getelementptr i16 %localC_1, i64 0, i64 %zext_ln219" [mmult.cpp:219]   --->   Operation 37 'getelementptr' 'localC_1_addr' <Predicate = (icmp_ln213 & trunc_ln215 == 0 & trunc_ln213 == 1)> <Delay = 0.00>
ST_3 : Operation 38 [1/1] (0.00ns)   --->   "%localC_2_addr = getelementptr i16 %localC_2, i64 0, i64 %zext_ln219" [mmult.cpp:219]   --->   Operation 38 'getelementptr' 'localC_2_addr' <Predicate = (icmp_ln213 & trunc_ln215 == 0 & trunc_ln213 == 2)> <Delay = 0.00>
ST_3 : Operation 39 [1/1] (0.00ns)   --->   "%localC_3_addr = getelementptr i16 %localC_3, i64 0, i64 %zext_ln219" [mmult.cpp:219]   --->   Operation 39 'getelementptr' 'localC_3_addr' <Predicate = (icmp_ln213 & trunc_ln215 == 0 & trunc_ln213 == 3)> <Delay = 0.00>
ST_3 : Operation 40 [1/1] (0.00ns)   --->   "%localC_4_addr = getelementptr i16 %localC_4, i64 0, i64 %zext_ln219" [mmult.cpp:219]   --->   Operation 40 'getelementptr' 'localC_4_addr' <Predicate = (icmp_ln213 & trunc_ln213 == 0 & trunc_ln215 == 1)> <Delay = 0.00>
ST_3 : Operation 41 [1/1] (0.00ns)   --->   "%localC_5_addr = getelementptr i16 %localC_5, i64 0, i64 %zext_ln219" [mmult.cpp:219]   --->   Operation 41 'getelementptr' 'localC_5_addr' <Predicate = (icmp_ln213 & trunc_ln213 == 1 & trunc_ln215 == 1)> <Delay = 0.00>
ST_3 : Operation 42 [1/1] (0.00ns)   --->   "%localC_6_addr = getelementptr i16 %localC_6, i64 0, i64 %zext_ln219" [mmult.cpp:219]   --->   Operation 42 'getelementptr' 'localC_6_addr' <Predicate = (icmp_ln213 & trunc_ln213 == 2 & trunc_ln215 == 1)> <Delay = 0.00>
ST_3 : Operation 43 [1/1] (0.00ns)   --->   "%localC_7_addr = getelementptr i16 %localC_7, i64 0, i64 %zext_ln219" [mmult.cpp:219]   --->   Operation 43 'getelementptr' 'localC_7_addr' <Predicate = (icmp_ln213 & trunc_ln213 == 3 & trunc_ln215 == 1)> <Delay = 0.00>
ST_3 : Operation 44 [1/1] (0.00ns)   --->   "%localC_8_addr = getelementptr i16 %localC_8, i64 0, i64 %zext_ln219" [mmult.cpp:219]   --->   Operation 44 'getelementptr' 'localC_8_addr' <Predicate = (icmp_ln213 & trunc_ln213 == 0 & trunc_ln215 == 2)> <Delay = 0.00>
ST_3 : Operation 45 [1/1] (0.00ns)   --->   "%localC_9_addr = getelementptr i16 %localC_9, i64 0, i64 %zext_ln219" [mmult.cpp:219]   --->   Operation 45 'getelementptr' 'localC_9_addr' <Predicate = (icmp_ln213 & trunc_ln213 == 1 & trunc_ln215 == 2)> <Delay = 0.00>
ST_3 : Operation 46 [1/1] (0.00ns)   --->   "%localC_10_addr = getelementptr i16 %localC_10, i64 0, i64 %zext_ln219" [mmult.cpp:219]   --->   Operation 46 'getelementptr' 'localC_10_addr' <Predicate = (icmp_ln213 & trunc_ln213 == 2 & trunc_ln215 == 2)> <Delay = 0.00>
ST_3 : Operation 47 [1/1] (0.00ns)   --->   "%localC_11_addr = getelementptr i16 %localC_11, i64 0, i64 %zext_ln219" [mmult.cpp:219]   --->   Operation 47 'getelementptr' 'localC_11_addr' <Predicate = (icmp_ln213 & trunc_ln213 == 3 & trunc_ln215 == 2)> <Delay = 0.00>
ST_3 : Operation 48 [1/1] (0.00ns)   --->   "%localC_12_addr = getelementptr i16 %localC_12, i64 0, i64 %zext_ln219" [mmult.cpp:219]   --->   Operation 48 'getelementptr' 'localC_12_addr' <Predicate = (icmp_ln213 & trunc_ln213 == 0 & trunc_ln215 == 3)> <Delay = 0.00>
ST_3 : Operation 49 [1/1] (0.00ns)   --->   "%localC_13_addr = getelementptr i16 %localC_13, i64 0, i64 %zext_ln219" [mmult.cpp:219]   --->   Operation 49 'getelementptr' 'localC_13_addr' <Predicate = (icmp_ln213 & trunc_ln213 == 1 & trunc_ln215 == 3)> <Delay = 0.00>
ST_3 : Operation 50 [1/1] (0.00ns)   --->   "%localC_14_addr = getelementptr i16 %localC_14, i64 0, i64 %zext_ln219" [mmult.cpp:219]   --->   Operation 50 'getelementptr' 'localC_14_addr' <Predicate = (icmp_ln213 & trunc_ln213 == 2 & trunc_ln215 == 3)> <Delay = 0.00>
ST_3 : Operation 51 [1/1] (0.00ns)   --->   "%localC_15_addr = getelementptr i16 %localC_15, i64 0, i64 %zext_ln219" [mmult.cpp:219]   --->   Operation 51 'getelementptr' 'localC_15_addr' <Predicate = (icmp_ln213 & trunc_ln213 == 3 & trunc_ln215 == 3)> <Delay = 0.00>
ST_3 : Operation 52 [2/2] (1.23ns)   --->   "%localC_load = load i6 %localC_addr" [mmult.cpp:219]   --->   Operation 52 'load' 'localC_load' <Predicate = (icmp_ln213 & trunc_ln215 == 0 & trunc_ln213 == 0)> <Delay = 1.23> <CoreInst = "RAM">   --->   Core 83 'RAM' <Latency = 1> <II = 1> <Delay = 1.23> <Storage> <Opcode : 'load' 'store'> <Ports = 2> <Width = 16> <Depth = 64> <RAM>
ST_3 : Operation 53 [2/2] (1.23ns)   --->   "%localC_1_load = load i6 %localC_1_addr" [mmult.cpp:219]   --->   Operation 53 'load' 'localC_1_load' <Predicate = (icmp_ln213 & trunc_ln215 == 0 & trunc_ln213 == 1)> <Delay = 1.23> <CoreInst = "RAM">   --->   Core 83 'RAM' <Latency = 1> <II = 1> <Delay = 1.23> <Storage> <Opcode : 'load' 'store'> <Ports = 2> <Width = 16> <Depth = 64> <RAM>
ST_3 : Operation 54 [2/2] (1.23ns)   --->   "%localC_2_load = load i6 %localC_2_addr" [mmult.cpp:219]   --->   Operation 54 'load' 'localC_2_load' <Predicate = (icmp_ln213 & trunc_ln215 == 0 & trunc_ln213 == 2)> <Delay = 1.23> <CoreInst = "RAM">   --->   Core 83 'RAM' <Latency = 1> <II = 1> <Delay = 1.23> <Storage> <Opcode : 'load' 'store'> <Ports = 2> <Width = 16> <Depth = 64> <RAM>
ST_3 : Operation 55 [2/2] (1.23ns)   --->   "%localC_3_load = load i6 %localC_3_addr" [mmult.cpp:219]   --->   Operation 55 'load' 'localC_3_load' <Predicate = (icmp_ln213 & trunc_ln215 == 0 & trunc_ln213 == 3)> <Delay = 1.23> <CoreInst = "RAM">   --->   Core 83 'RAM' <Latency = 1> <II = 1> <Delay = 1.23> <Storage> <Opcode : 'load' 'store'> <Ports = 2> <Width = 16> <Depth = 64> <RAM>
ST_3 : Operation 56 [2/2] (1.23ns)   --->   "%localC_4_load = load i6 %localC_4_addr" [mmult.cpp:219]   --->   Operation 56 'load' 'localC_4_load' <Predicate = (icmp_ln213 & trunc_ln213 == 0 & trunc_ln215 == 1)> <Delay = 1.23> <CoreInst = "RAM">   --->   Core 83 'RAM' <Latency = 1> <II = 1> <Delay = 1.23> <Storage> <Opcode : 'load' 'store'> <Ports = 2> <Width = 16> <Depth = 64> <RAM>
ST_3 : Operation 57 [2/2] (1.23ns)   --->   "%localC_5_load = load i6 %localC_5_addr" [mmult.cpp:219]   --->   Operation 57 'load' 'localC_5_load' <Predicate = (icmp_ln213 & trunc_ln213 == 1 & trunc_ln215 == 1)> <Delay = 1.23> <CoreInst = "RAM">   --->   Core 83 'RAM' <Latency = 1> <II = 1> <Delay = 1.23> <Storage> <Opcode : 'load' 'store'> <Ports = 2> <Width = 16> <Depth = 64> <RAM>
ST_3 : Operation 58 [2/2] (1.23ns)   --->   "%localC_6_load = load i6 %localC_6_addr" [mmult.cpp:219]   --->   Operation 58 'load' 'localC_6_load' <Predicate = (icmp_ln213 & trunc_ln213 == 2 & trunc_ln215 == 1)> <Delay = 1.23> <CoreInst = "RAM">   --->   Core 83 'RAM' <Latency = 1> <II = 1> <Delay = 1.23> <Storage> <Opcode : 'load' 'store'> <Ports = 2> <Width = 16> <Depth = 64> <RAM>
ST_3 : Operation 59 [2/2] (1.23ns)   --->   "%localC_7_load = load i6 %localC_7_addr" [mmult.cpp:219]   --->   Operation 59 'load' 'localC_7_load' <Predicate = (icmp_ln213 & trunc_ln213 == 3 & trunc_ln215 == 1)> <Delay = 1.23> <CoreInst = "RAM">   --->   Core 83 'RAM' <Latency = 1> <II = 1> <Delay = 1.23> <Storage> <Opcode : 'load' 'store'> <Ports = 2> <Width = 16> <Depth = 64> <RAM>
ST_3 : Operation 60 [2/2] (1.23ns)   --->   "%localC_8_load = load i6 %localC_8_addr" [mmult.cpp:219]   --->   Operation 60 'load' 'localC_8_load' <Predicate = (icmp_ln213 & trunc_ln213 == 0 & trunc_ln215 == 2)> <Delay = 1.23> <CoreInst = "RAM">   --->   Core 83 'RAM' <Latency = 1> <II = 1> <Delay = 1.23> <Storage> <Opcode : 'load' 'store'> <Ports = 2> <Width = 16> <Depth = 64> <RAM>
ST_3 : Operation 61 [2/2] (1.23ns)   --->   "%localC_9_load = load i6 %localC_9_addr" [mmult.cpp:219]   --->   Operation 61 'load' 'localC_9_load' <Predicate = (icmp_ln213 & trunc_ln213 == 1 & trunc_ln215 == 2)> <Delay = 1.23> <CoreInst = "RAM">   --->   Core 83 'RAM' <Latency = 1> <II = 1> <Delay = 1.23> <Storage> <Opcode : 'load' 'store'> <Ports = 2> <Width = 16> <Depth = 64> <RAM>
ST_3 : Operation 62 [2/2] (1.23ns)   --->   "%localC_10_load = load i6 %localC_10_addr" [mmult.cpp:219]   --->   Operation 62 'load' 'localC_10_load' <Predicate = (icmp_ln213 & trunc_ln213 == 2 & trunc_ln215 == 2)> <Delay = 1.23> <CoreInst = "RAM">   --->   Core 83 'RAM' <Latency = 1> <II = 1> <Delay = 1.23> <Storage> <Opcode : 'load' 'store'> <Ports = 2> <Width = 16> <Depth = 64> <RAM>
ST_3 : Operation 63 [2/2] (1.23ns)   --->   "%localC_11_load = load i6 %localC_11_addr" [mmult.cpp:219]   --->   Operation 63 'load' 'localC_11_load' <Predicate = (icmp_ln213 & trunc_ln213 == 3 & trunc_ln215 == 2)> <Delay = 1.23> <CoreInst = "RAM">   --->   Core 83 'RAM' <Latency = 1> <II = 1> <Delay = 1.23> <Storage> <Opcode : 'load' 'store'> <Ports = 2> <Width = 16> <Depth = 64> <RAM>
ST_3 : Operation 64 [2/2] (1.23ns)   --->   "%localC_12_load = load i6 %localC_12_addr" [mmult.cpp:219]   --->   Operation 64 'load' 'localC_12_load' <Predicate = (icmp_ln213 & trunc_ln213 == 0 & trunc_ln215 == 3)> <Delay = 1.23> <CoreInst = "RAM">   --->   Core 83 'RAM' <Latency = 1> <II = 1> <Delay = 1.23> <Storage> <Opcode : 'load' 'store'> <Ports = 2> <Width = 16> <Depth = 64> <RAM>
ST_3 : Operation 65 [2/2] (1.23ns)   --->   "%localC_13_load = load i6 %localC_13_addr" [mmult.cpp:219]   --->   Operation 65 'load' 'localC_13_load' <Predicate = (icmp_ln213 & trunc_ln213 == 1 & trunc_ln215 == 3)> <Delay = 1.23> <CoreInst = "RAM">   --->   Core 83 'RAM' <Latency = 1> <II = 1> <Delay = 1.23> <Storage> <Opcode : 'load' 'store'> <Ports = 2> <Width = 16> <Depth = 64> <RAM>
ST_3 : Operation 66 [2/2] (1.23ns)   --->   "%localC_14_load = load i6 %localC_14_addr" [mmult.cpp:219]   --->   Operation 66 'load' 'localC_14_load' <Predicate = (icmp_ln213 & trunc_ln213 == 2 & trunc_ln215 == 3)> <Delay = 1.23> <CoreInst = "RAM">   --->   Core 83 'RAM' <Latency = 1> <II = 1> <Delay = 1.23> <Storage> <Opcode : 'load' 'store'> <Ports = 2> <Width = 16> <Depth = 64> <RAM>
ST_3 : Operation 67 [2/2] (1.23ns)   --->   "%localC_15_load = load i6 %localC_15_addr" [mmult.cpp:219]   --->   Operation 67 'load' 'localC_15_load' <Predicate = (icmp_ln213 & trunc_ln213 == 3 & trunc_ln215 == 3)> <Delay = 1.23> <CoreInst = "RAM">   --->   Core 83 'RAM' <Latency = 1> <II = 1> <Delay = 1.23> <Storage> <Opcode : 'load' 'store'> <Ports = 2> <Width = 16> <Depth = 64> <RAM>
ST_3 : Operation 68 [1/1] (1.01ns)   --->   "%j_5 = add i32 %j_4, i32 1" [mmult.cpp:213]   --->   Operation 68 'add' 'j_5' <Predicate = (icmp_ln213)> <Delay = 1.01> <CoreInst = "Adder">   --->   Core 1 'Adder' <Latency = 0> <II = 1> <Delay = 1.01> <FuncUnit> <Opcode : 'add' 'sub'> <InPorts = 2> <OutPorts = 1>
ST_3 : Operation 69 [1/1] (0.42ns)   --->   "%store_ln213 = store i11 %add_ln213, i11 %loc" [mmult.cpp:213]   --->   Operation 69 'store' 'store_ln213' <Predicate = (icmp_ln213)> <Delay = 0.42>
ST_3 : Operation 70 [1/1] (0.42ns)   --->   "%store_ln213 = store i32 %j_5, i32 %j" [mmult.cpp:213]   --->   Operation 70 'store' 'store_ln213' <Predicate = (icmp_ln213)> <Delay = 0.42>
ST_3 : Operation 99 [1/1] (0.00ns)   --->   "%ret_ln0 = ret"   --->   Operation 99 'ret' 'ret_ln0' <Predicate = (!icmp_ln213)> <Delay = 0.00>

State 4 <SV = 3> <Delay = 2.28>
ST_4 : Operation 71 [1/2] (1.23ns)   --->   "%localC_load = load i6 %localC_addr" [mmult.cpp:219]   --->   Operation 71 'load' 'localC_load' <Predicate = (trunc_ln215 == 0 & trunc_ln213 == 0)> <Delay = 1.23> <CoreInst = "RAM">   --->   Core 83 'RAM' <Latency = 1> <II = 1> <Delay = 1.23> <Storage> <Opcode : 'load' 'store'> <Ports = 2> <Width = 16> <Depth = 64> <RAM>
ST_4 : Operation 72 [1/2] (1.23ns)   --->   "%localC_1_load = load i6 %localC_1_addr" [mmult.cpp:219]   --->   Operation 72 'load' 'localC_1_load' <Predicate = (trunc_ln215 == 0 & trunc_ln213 == 1)> <Delay = 1.23> <CoreInst = "RAM">   --->   Core 83 'RAM' <Latency = 1> <II = 1> <Delay = 1.23> <Storage> <Opcode : 'load' 'store'> <Ports = 2> <Width = 16> <Depth = 64> <RAM>
ST_4 : Operation 73 [1/2] (1.23ns)   --->   "%localC_2_load = load i6 %localC_2_addr" [mmult.cpp:219]   --->   Operation 73 'load' 'localC_2_load' <Predicate = (trunc_ln215 == 0 & trunc_ln213 == 2)> <Delay = 1.23> <CoreInst = "RAM">   --->   Core 83 'RAM' <Latency = 1> <II = 1> <Delay = 1.23> <Storage> <Opcode : 'load' 'store'> <Ports = 2> <Width = 16> <Depth = 64> <RAM>
ST_4 : Operation 74 [1/2] (1.23ns)   --->   "%localC_3_load = load i6 %localC_3_addr" [mmult.cpp:219]   --->   Operation 74 'load' 'localC_3_load' <Predicate = (trunc_ln215 == 0 & trunc_ln213 == 3)> <Delay = 1.23> <CoreInst = "RAM">   --->   Core 83 'RAM' <Latency = 1> <II = 1> <Delay = 1.23> <Storage> <Opcode : 'load' 'store'> <Ports = 2> <Width = 16> <Depth = 64> <RAM>
ST_4 : Operation 75 [1/1] (0.52ns)   --->   "%tmp = sparsemux i16 @_ssdm_op_SparseMux.ap_auto.4i16.i16.i2, i2 0, i16 %localC_load, i2 1, i16 %localC_1_load, i2 2, i16 %localC_2_load, i2 3, i16 %localC_3_load, i16 0, i2 %trunc_ln213" [mmult.cpp:219]   --->   Operation 75 'sparsemux' 'tmp' <Predicate = (trunc_ln215 == 0)> <Delay = 0.52> <CoreInst = "SparseMux">   --->   Core 147 'SparseMux' <Latency = 0> <II = 1> <Delay = 0.52> <FuncUnit> <Opcode : 'sparsemux'> <InPorts = 2> <OutPorts = 1>
ST_4 : Operation 76 [1/2] (1.23ns)   --->   "%localC_4_load = load i6 %localC_4_addr" [mmult.cpp:219]   --->   Operation 76 'load' 'localC_4_load' <Predicate = (trunc_ln213 == 0 & trunc_ln215 == 1)> <Delay = 1.23> <CoreInst = "RAM">   --->   Core 83 'RAM' <Latency = 1> <II = 1> <Delay = 1.23> <Storage> <Opcode : 'load' 'store'> <Ports = 2> <Width = 16> <Depth = 64> <RAM>
ST_4 : Operation 77 [1/2] (1.23ns)   --->   "%localC_5_load = load i6 %localC_5_addr" [mmult.cpp:219]   --->   Operation 77 'load' 'localC_5_load' <Predicate = (trunc_ln213 == 1 & trunc_ln215 == 1)> <Delay = 1.23> <CoreInst = "RAM">   --->   Core 83 'RAM' <Latency = 1> <II = 1> <Delay = 1.23> <Storage> <Opcode : 'load' 'store'> <Ports = 2> <Width = 16> <Depth = 64> <RAM>
ST_4 : Operation 78 [1/2] (1.23ns)   --->   "%localC_6_load = load i6 %localC_6_addr" [mmult.cpp:219]   --->   Operation 78 'load' 'localC_6_load' <Predicate = (trunc_ln213 == 2 & trunc_ln215 == 1)> <Delay = 1.23> <CoreInst = "RAM">   --->   Core 83 'RAM' <Latency = 1> <II = 1> <Delay = 1.23> <Storage> <Opcode : 'load' 'store'> <Ports = 2> <Width = 16> <Depth = 64> <RAM>
ST_4 : Operation 79 [1/2] (1.23ns)   --->   "%localC_7_load = load i6 %localC_7_addr" [mmult.cpp:219]   --->   Operation 79 'load' 'localC_7_load' <Predicate = (trunc_ln213 == 3 & trunc_ln215 == 1)> <Delay = 1.23> <CoreInst = "RAM">   --->   Core 83 'RAM' <Latency = 1> <II = 1> <Delay = 1.23> <Storage> <Opcode : 'load' 'store'> <Ports = 2> <Width = 16> <Depth = 64> <RAM>
ST_4 : Operation 80 [1/1] (0.52ns)   --->   "%tmp_1 = sparsemux i16 @_ssdm_op_SparseMux.ap_auto.4i16.i16.i2, i2 0, i16 %localC_4_load, i2 1, i16 %localC_5_load, i2 2, i16 %localC_6_load, i2 3, i16 %localC_7_load, i16 0, i2 %trunc_ln213" [mmult.cpp:219]   --->   Operation 80 'sparsemux' 'tmp_1' <Predicate = (trunc_ln215 == 1)> <Delay = 0.52> <CoreInst = "SparseMux">   --->   Core 147 'SparseMux' <Latency = 0> <II = 1> <Delay = 0.52> <FuncUnit> <Opcode : 'sparsemux'> <InPorts = 2> <OutPorts = 1>
ST_4 : Operation 81 [1/2] (1.23ns)   --->   "%localC_8_load = load i6 %localC_8_addr" [mmult.cpp:219]   --->   Operation 81 'load' 'localC_8_load' <Predicate = (trunc_ln213 == 0 & trunc_ln215 == 2)> <Delay = 1.23> <CoreInst = "RAM">   --->   Core 83 'RAM' <Latency = 1> <II = 1> <Delay = 1.23> <Storage> <Opcode : 'load' 'store'> <Ports = 2> <Width = 16> <Depth = 64> <RAM>
ST_4 : Operation 82 [1/2] (1.23ns)   --->   "%localC_9_load = load i6 %localC_9_addr" [mmult.cpp:219]   --->   Operation 82 'load' 'localC_9_load' <Predicate = (trunc_ln213 == 1 & trunc_ln215 == 2)> <Delay = 1.23> <CoreInst = "RAM">   --->   Core 83 'RAM' <Latency = 1> <II = 1> <Delay = 1.23> <Storage> <Opcode : 'load' 'store'> <Ports = 2> <Width = 16> <Depth = 64> <RAM>
ST_4 : Operation 83 [1/2] (1.23ns)   --->   "%localC_10_load = load i6 %localC_10_addr" [mmult.cpp:219]   --->   Operation 83 'load' 'localC_10_load' <Predicate = (trunc_ln213 == 2 & trunc_ln215 == 2)> <Delay = 1.23> <CoreInst = "RAM">   --->   Core 83 'RAM' <Latency = 1> <II = 1> <Delay = 1.23> <Storage> <Opcode : 'load' 'store'> <Ports = 2> <Width = 16> <Depth = 64> <RAM>
ST_4 : Operation 84 [1/2] (1.23ns)   --->   "%localC_11_load = load i6 %localC_11_addr" [mmult.cpp:219]   --->   Operation 84 'load' 'localC_11_load' <Predicate = (trunc_ln213 == 3 & trunc_ln215 == 2)> <Delay = 1.23> <CoreInst = "RAM">   --->   Core 83 'RAM' <Latency = 1> <II = 1> <Delay = 1.23> <Storage> <Opcode : 'load' 'store'> <Ports = 2> <Width = 16> <Depth = 64> <RAM>
ST_4 : Operation 85 [1/1] (0.52ns)   --->   "%tmp_2 = sparsemux i16 @_ssdm_op_SparseMux.ap_auto.4i16.i16.i2, i2 0, i16 %localC_8_load, i2 1, i16 %localC_9_load, i2 2, i16 %localC_10_load, i2 3, i16 %localC_11_load, i16 0, i2 %trunc_ln213" [mmult.cpp:219]   --->   Operation 85 'sparsemux' 'tmp_2' <Predicate = (trunc_ln215 == 2)> <Delay = 0.52> <CoreInst = "SparseMux">   --->   Core 147 'SparseMux' <Latency = 0> <II = 1> <Delay = 0.52> <FuncUnit> <Opcode : 'sparsemux'> <InPorts = 2> <OutPorts = 1>
ST_4 : Operation 86 [1/2] (1.23ns)   --->   "%localC_12_load = load i6 %localC_12_addr" [mmult.cpp:219]   --->   Operation 86 'load' 'localC_12_load' <Predicate = (trunc_ln213 == 0 & trunc_ln215 == 3)> <Delay = 1.23> <CoreInst = "RAM">   --->   Core 83 'RAM' <Latency = 1> <II = 1> <Delay = 1.23> <Storage> <Opcode : 'load' 'store'> <Ports = 2> <Width = 16> <Depth = 64> <RAM>
ST_4 : Operation 87 [1/2] (1.23ns)   --->   "%localC_13_load = load i6 %localC_13_addr" [mmult.cpp:219]   --->   Operation 87 'load' 'localC_13_load' <Predicate = (trunc_ln213 == 1 & trunc_ln215 == 3)> <Delay = 1.23> <CoreInst = "RAM">   --->   Core 83 'RAM' <Latency = 1> <II = 1> <Delay = 1.23> <Storage> <Opcode : 'load' 'store'> <Ports = 2> <Width = 16> <Depth = 64> <RAM>
ST_4 : Operation 88 [1/2] (1.23ns)   --->   "%localC_14_load = load i6 %localC_14_addr" [mmult.cpp:219]   --->   Operation 88 'load' 'localC_14_load' <Predicate = (trunc_ln213 == 2 & trunc_ln215 == 3)> <Delay = 1.23> <CoreInst = "RAM">   --->   Core 83 'RAM' <Latency = 1> <II = 1> <Delay = 1.23> <Storage> <Opcode : 'load' 'store'> <Ports = 2> <Width = 16> <Depth = 64> <RAM>
ST_4 : Operation 89 [1/2] (1.23ns)   --->   "%localC_15_load = load i6 %localC_15_addr" [mmult.cpp:219]   --->   Operation 89 'load' 'localC_15_load' <Predicate = (trunc_ln213 == 3 & trunc_ln215 == 3)> <Delay = 1.23> <CoreInst = "RAM">   --->   Core 83 'RAM' <Latency = 1> <II = 1> <Delay = 1.23> <Storage> <Opcode : 'load' 'store'> <Ports = 2> <Width = 16> <Depth = 64> <RAM>
ST_4 : Operation 90 [1/1] (0.52ns)   --->   "%tmp_3 = sparsemux i16 @_ssdm_op_SparseMux.ap_auto.4i16.i16.i2, i2 0, i16 %localC_12_load, i2 1, i16 %localC_13_load, i2 2, i16 %localC_14_load, i2 3, i16 %localC_15_load, i16 0, i2 %trunc_ln213" [mmult.cpp:219]   --->   Operation 90 'sparsemux' 'tmp_3' <Predicate = (trunc_ln215 == 3)> <Delay = 0.52> <CoreInst = "SparseMux">   --->   Core 147 'SparseMux' <Latency = 0> <II = 1> <Delay = 0.52> <FuncUnit> <Opcode : 'sparsemux'> <InPorts = 2> <OutPorts = 1>
ST_4 : Operation 91 [1/1] (0.52ns)   --->   "%tmp_4 = sparsemux i16 @_ssdm_op_SparseMux.ap_auto.4i16.i16.i2, i2 0, i16 %tmp, i2 1, i16 %tmp_1, i2 2, i16 %tmp_2, i2 3, i16 %tmp_3, i16 0, i2 %trunc_ln215" [mmult.cpp:219]   --->   Operation 91 'sparsemux' 'tmp_4' <Predicate = true> <Delay = 0.52> <CoreInst = "SparseMux">   --->   Core 147 'SparseMux' <Latency = 0> <II = 1> <Delay = 0.52> <FuncUnit> <Opcode : 'sparsemux'> <InPorts = 2> <OutPorts = 1>

State 5 <SV = 4> <Delay = 1.23>
ST_5 : Operation 92 [1/1] (0.00ns)   --->   "%zext_ln213_1 = zext i11 %loc_1" [mmult.cpp:213]   --->   Operation 92 'zext' 'zext_ln213_1' <Predicate = true> <Delay = 0.00>
ST_5 : Operation 93 [1/1] (0.00ns)   --->   "%specpipeline_ln213 = specpipeline void @_ssdm_op_SpecPipeline, i32 4294967295, i32 0, i32 0, i32 0, void @empty_0" [mmult.cpp:213]   --->   Operation 93 'specpipeline' 'specpipeline_ln213' <Predicate = true> <Delay = 0.00>
ST_5 : Operation 94 [1/1] (0.00ns)   --->   "%speclooptripcount_ln214 = speclooptripcount void @_ssdm_op_SpecLoopTripCount, i64 1024, i64 1024, i64 1024" [mmult.cpp:214]   --->   Operation 94 'speclooptripcount' 'speclooptripcount_ln214' <Predicate = true> <Delay = 0.00>
ST_5 : Operation 95 [1/1] (0.00ns)   --->   "%specloopname_ln213 = specloopname void @_ssdm_op_SpecLoopName, void @empty_3" [mmult.cpp:213]   --->   Operation 95 'specloopname' 'specloopname_ln213' <Predicate = true> <Delay = 0.00>
ST_5 : Operation 96 [1/1] (0.00ns)   --->   "%c_addr = getelementptr i16 %c, i64 0, i64 %zext_ln213_1" [mmult.cpp:219]   --->   Operation 96 'getelementptr' 'c_addr' <Predicate = true> <Delay = 0.00>
ST_5 : Operation 97 [1/1] (1.23ns)   --->   "%store_ln219 = store i16 %tmp_4, i10 %c_addr" [mmult.cpp:219]   --->   Operation 97 'store' 'store_ln219' <Predicate = true> <Delay = 1.23> <CoreInst = "RAM">   --->   Core 83 'RAM' <Latency = 1> <II = 1> <Delay = 1.23> <Storage> <Opcode : 'load' 'store'> <Ports = 2> <Width = 16> <Depth = 1024> <RAM>
ST_5 : Operation 98 [1/1] (0.00ns)   --->   "%br_ln213 = br void %for.body68" [mmult.cpp:213]   --->   Operation 98 'br' 'br_ln213' <Predicate = true> <Delay = 0.00>


============================================================
+ Verbose Summary: Timing violations
============================================================
Target clock period: 3.300ns, clock uncertainty: 0.891ns.

 <State 1>: 0.427ns
The critical path consists of the following:
	'alloca' operation 11 bit ('loc', mmult.cpp:213) [22]  (0.000 ns)
	'store' operation 0 bit ('store_ln213', mmult.cpp:213) of constant 0 on local variable 'loc', mmult.cpp:213 [26]  (0.427 ns)

 <State 2>: 2.246ns
The critical path consists of the following:
	'load' operation 32 bit ('i_load', mmult.cpp:216) on local variable 'i', mmult.cpp:213 [37]  (0.000 ns)
	'add' operation 32 bit ('add_ln216', mmult.cpp:216) [44]  (1.016 ns)
	'select' operation 32 bit ('i', mmult.cpp:215) [45]  (0.449 ns)
	'add' operation 6 bit ('add_ln219', mmult.cpp:219) [52]  (0.781 ns)

 <State 3>: 1.443ns
The critical path consists of the following:
	'add' operation 32 bit ('j', mmult.cpp:213) [93]  (1.016 ns)
	'store' operation 0 bit ('store_ln213', mmult.cpp:213) of variable 'j', mmult.cpp:213 on local variable 'j', mmult.cpp:213 [95]  (0.427 ns)

 <State 4>: 2.287ns
The critical path consists of the following:
	'load' operation 16 bit ('localC_load', mmult.cpp:219) on array 'localC' [70]  (1.237 ns)
	'sparsemux' operation 16 bit ('tmp', mmult.cpp:219) [74]  (0.525 ns)
	'sparsemux' operation 16 bit ('tmp_4', mmult.cpp:219) [90]  (0.525 ns)

 <State 5>: 1.237ns
The critical path consists of the following:
	'getelementptr' operation 10 bit ('c_addr', mmult.cpp:219) [91]  (0.000 ns)
	'store' operation 0 bit ('store_ln219', mmult.cpp:219) of variable 'tmp_4', mmult.cpp:219 on array 'c' [92]  (1.237 ns)


============================================================
+ Verbose Summary: Binding
============================================================
N/A
* FSMD analyzer results:
  - Output states:
 - Input state : 
  - Chain level:
	State 1
	State 2
	State 3
	State 4
	State 5


============================================================
+ Verbose Summary: Datapath Resource usage 
============================================================
N/A
