

================================================================
== Vitis HLS Report for 'tile_process_39_405'
================================================================
* Date:           Sun Apr 12 17:22:35 2026

* Version:        2023.2 (Build 4023990 on Oct 11 2023)
* Project:        hls_prj
* Solution:       s1 (Vivado IP Flow Target)
* Product family: zynquplus
* Target device:  xck26-sfvc784-2LV-c


================================================================
== Performance Estimates
================================================================
+ Timing: 
    * Summary: 
    +--------+---------+----------+------------+
    |  Clock |  Target | Estimated| Uncertainty|
    +--------+---------+----------+------------+
    |ap_clk  |  3.30 ns|  2.349 ns|     0.89 ns|
    +--------+---------+----------+------------+

+ Latency: 
    * Summary: 
    +---------+---------+-----------+-----------+-------+-------+---------+
    |  Latency (cycles) |   Latency (absolute)  |    Interval   | Pipeline|
    |   min   |   max   |    min    |    max    |  min  |  max  |   Type  |
    +---------+---------+-----------+-----------+-------+-------+---------+
    |    15873|    15873|  52.381 us|  52.381 us|  15873|  15873|       no|
    +---------+---------+-----------+-----------+-------+-------+---------+

    + Detail: 
        * Instance: 
        N/A

        * Loop: 
        +-----------------------+---------+---------+----------+-----------+-----------+------+----------+
        |                       |  Latency (cycles) | Iteration|  Initiation Interval  | Trip |          |
        |       Loop Name       |   min   |   max   |  Latency |  achieved |   target  | Count| Pipelined|
        +-----------------------+---------+---------+----------+-----------+-----------+------+----------+
        |- systolic1_systolic2  |    15872|    15872|        62|          -|          -|   256|        no|
        +-----------------------+---------+---------+----------+-----------+-----------+------+----------+

============================================================
+ Verbose Summary: Synthesis Manager
============================================================
InlineROM: 1
ExposeGlobal: 0
============================================================
+ Verbose Summary: CDFG Model
============================================================
IsTopModel: 0
ResetActiveHigh: 1
IsCombinational: 0
IsDatapathOnly: 0
HasWiredReturn: 1
HasMFsm: 0
HasVarLatency: 1
IsPipeline: 0
IsRtlPipelined: 0
IsInstanceOverlapped: 0
IsDontTouch: 0
HasImplIP: 0
IsGatedGlobalClock: 0


============================================================
+ Verbose Summary: Schedule
============================================================
* Number of FSM states : 11
* Pipeline : 0
* Dataflow Pipeline: 0

* FSM state transitions: 
1 --> 2 
2 --> 3 
3 --> 4 
4 --> 5 
5 --> 6 
6 --> 7 
7 --> 8 
8 --> 9 
9 --> 10 
10 --> 11 
11 --> 2 

* FSM state operations: 

State 1 <SV = 0> <Delay = 1.56>
ST_1 : Operation 12 [1/1] (0.00ns)   --->   "%i = alloca i32 1" [mmult.cpp:119]   --->   Operation 12 'alloca' 'i' <Predicate = true> <Delay = 0.00>
ST_1 : Operation 13 [1/1] (0.00ns)   --->   "%k = alloca i32 1" [mmult.cpp:116]   --->   Operation 13 'alloca' 'k' <Predicate = true> <Delay = 0.00>
ST_1 : Operation 14 [1/1] (0.00ns)   --->   "%indvar_flatten = alloca i32 1"   --->   Operation 14 'alloca' 'indvar_flatten' <Predicate = true> <Delay = 0.00>
ST_1 : Operation 15 [1/1] (0.00ns)   --->   "%specmemcore_ln0 = specmemcore void @_ssdm_op_SpecMemCore, i8 %a_row_major_3, i64 666, i64 23, i64 18446744073709551615"   --->   Operation 15 'specmemcore' 'specmemcore_ln0' <Predicate = true> <Delay = 0.00>
ST_1 : Operation 16 [1/1] (0.00ns)   --->   "%specmemcore_ln0 = specmemcore void @_ssdm_op_SpecMemCore, i8 %a_row_major_2, i64 666, i64 23, i64 18446744073709551615"   --->   Operation 16 'specmemcore' 'specmemcore_ln0' <Predicate = true> <Delay = 0.00>
ST_1 : Operation 17 [1/1] (0.00ns)   --->   "%specmemcore_ln0 = specmemcore void @_ssdm_op_SpecMemCore, i8 %a_row_major_1, i64 666, i64 23, i64 18446744073709551615"   --->   Operation 17 'specmemcore' 'specmemcore_ln0' <Predicate = true> <Delay = 0.00>
ST_1 : Operation 18 [1/1] (0.00ns)   --->   "%specmemcore_ln0 = specmemcore void @_ssdm_op_SpecMemCore, i8 %a_row_major_0, i64 666, i64 23, i64 18446744073709551615"   --->   Operation 18 'specmemcore' 'specmemcore_ln0' <Predicate = true> <Delay = 0.00>
ST_1 : Operation 19 [1/1] (0.00ns)   --->   "%specmemcore_ln0 = specmemcore void @_ssdm_op_SpecMemCore, i8 %b_row_major_3, i64 666, i64 23, i64 18446744073709551615"   --->   Operation 19 'specmemcore' 'specmemcore_ln0' <Predicate = true> <Delay = 0.00>
ST_1 : Operation 20 [1/1] (0.00ns)   --->   "%specmemcore_ln0 = specmemcore void @_ssdm_op_SpecMemCore, i8 %b_row_major_2, i64 666, i64 23, i64 18446744073709551615"   --->   Operation 20 'specmemcore' 'specmemcore_ln0' <Predicate = true> <Delay = 0.00>
ST_1 : Operation 21 [1/1] (0.00ns)   --->   "%specmemcore_ln0 = specmemcore void @_ssdm_op_SpecMemCore, i8 %b_row_major_1, i64 666, i64 23, i64 18446744073709551615"   --->   Operation 21 'specmemcore' 'specmemcore_ln0' <Predicate = true> <Delay = 0.00>
ST_1 : Operation 22 [1/1] (0.00ns)   --->   "%specmemcore_ln0 = specmemcore void @_ssdm_op_SpecMemCore, i8 %b_row_major_0, i64 666, i64 23, i64 18446744073709551615"   --->   Operation 22 'specmemcore' 'specmemcore_ln0' <Predicate = true> <Delay = 0.00>
ST_1 : Operation 23 [1/1] (0.00ns)   --->   "%b_row_read = read i32 @_ssdm_op_Read.ap_auto.i32, i32 %b_row" [mmult.cpp:63]   --->   Operation 23 'read' 'b_row_read' <Predicate = true> <Delay = 0.00>
ST_1 : Operation 24 [1/1] (0.00ns)   --->   "%b_col_read = read i32 @_ssdm_op_Read.ap_auto.i32, i32 %b_col" [mmult.cpp:63]   --->   Operation 24 'read' 'b_col_read' <Predicate = true> <Delay = 0.00>
ST_1 : Operation 25 [1/1] (0.00ns)   --->   "%a_col_read = read i32 @_ssdm_op_Read.ap_auto.i32, i32 %a_col" [mmult.cpp:63]   --->   Operation 25 'read' 'a_col_read' <Predicate = true> <Delay = 0.00>
ST_1 : Operation 26 [1/1] (0.00ns)   --->   "%a_row_read = read i32 @_ssdm_op_Read.ap_auto.i32, i32 %a_row" [mmult.cpp:63]   --->   Operation 26 'read' 'a_row_read' <Predicate = true> <Delay = 0.00>
ST_1 : Operation 27 [1/1] (0.00ns)   --->   "%finish_k_read = read i6 @_ssdm_op_Read.ap_auto.i6, i6 %finish_k" [mmult.cpp:63]   --->   Operation 27 'read' 'finish_k_read' <Predicate = true> <Delay = 0.00>
ST_1 : Operation 28 [1/1] (0.00ns)   --->   "%start_k_read = read i5 @_ssdm_op_Read.ap_auto.i5, i5 %start_k" [mmult.cpp:63]   --->   Operation 28 'read' 'start_k_read' <Predicate = true> <Delay = 0.00>
ST_1 : Operation 29 [1/1] (0.00ns)   --->   "%zext_ln116 = zext i5 %start_k_read" [mmult.cpp:116]   --->   Operation 29 'zext' 'zext_ln116' <Predicate = true> <Delay = 0.00>
ST_1 : Operation 30 [1/1] (0.00ns) (grouped into LUT with out node sub_ln116)   --->   "%zext_ln116_1 = zext i5 %start_k_read" [mmult.cpp:116]   --->   Operation 30 'zext' 'zext_ln116_1' <Predicate = true> <Delay = 0.00>
ST_1 : Operation 31 [1/1] (0.00ns)   --->   "%zext_ln116_2 = zext i5 %start_k_read" [mmult.cpp:116]   --->   Operation 31 'zext' 'zext_ln116_2' <Predicate = true> <Delay = 0.00>
ST_1 : Operation 32 [1/1] (0.00ns)   --->   "%sext_ln116 = sext i32 %b_row_read" [mmult.cpp:116]   --->   Operation 32 'sext' 'sext_ln116' <Predicate = true> <Delay = 0.00>
ST_1 : Operation 33 [1/1] (0.00ns)   --->   "%sext_ln116_1 = sext i32 %a_col_read" [mmult.cpp:116]   --->   Operation 33 'sext' 'sext_ln116_1' <Predicate = true> <Delay = 0.00>
ST_1 : Operation 34 [1/1] (0.78ns)   --->   "%empty = icmp_ugt  i6 %finish_k_read, i6 %zext_ln116_2" [mmult.cpp:63]   --->   Operation 34 'icmp' 'empty' <Predicate = true> <Delay = 0.78> <CoreInst = "Cmp">   --->   Core 9 'Cmp' <Latency = 0> <II = 1> <Delay = 0.78> <FuncUnit> <Opcode : 'icmp'> <InPorts = 2> <OutPorts = 1>
ST_1 : Operation 35 [1/1] (0.00ns) (grouped into LUT with out node sub_ln116)   --->   "%smax1 = select i1 %empty, i6 %finish_k_read, i6 %zext_ln116_2" [mmult.cpp:63]   --->   Operation 35 'select' 'smax1' <Predicate = true> <Delay = 0.00> <CoreInst = "Sel">   --->   Core 73 'Sel' <Latency = 0> <II = 1> <Delay = 0.38> <FuncUnit> <Opcode : 'select'> <InPorts = 3> <OutPorts = 1>
ST_1 : Operation 36 [1/1] (0.00ns) (grouped into LUT with out node sub_ln116)   --->   "%zext_ln116_3 = zext i6 %smax1" [mmult.cpp:116]   --->   Operation 36 'zext' 'zext_ln116_3' <Predicate = true> <Delay = 0.00>
ST_1 : Operation 37 [1/1] (0.78ns) (out node of the LUT)   --->   "%sub_ln116 = sub i7 %zext_ln116_3, i7 %zext_ln116_1" [mmult.cpp:116]   --->   Operation 37 'sub' 'sub_ln116' <Predicate = true> <Delay = 0.78> <CoreInst = "Adder">   --->   Core 1 'Adder' <Latency = 0> <II = 1> <Delay = 0.78> <FuncUnit> <Opcode : 'add' 'sub'> <InPorts = 2> <OutPorts = 1>
ST_1 : Operation 38 [1/1] (0.00ns)   --->   "%tmp = bitconcatenate i10 @_ssdm_op_BitConcatenate.i10.i7.i3, i7 %sub_ln116, i3 0" [mmult.cpp:116]   --->   Operation 38 'bitconcatenate' 'tmp' <Predicate = true> <Delay = 0.00>
ST_1 : Operation 39 [1/1] (0.00ns)   --->   "%bound = sext i10 %tmp" [mmult.cpp:116]   --->   Operation 39 'sext' 'bound' <Predicate = true> <Delay = 0.00>
ST_1 : Operation 40 [1/1] (0.42ns)   --->   "%store_ln0 = store i67 0, i67 %indvar_flatten"   --->   Operation 40 'store' 'store_ln0' <Predicate = true> <Delay = 0.42>
ST_1 : Operation 41 [1/1] (0.42ns)   --->   "%store_ln116 = store i64 %zext_ln116, i64 %k" [mmult.cpp:116]   --->   Operation 41 'store' 'store_ln116' <Predicate = true> <Delay = 0.42>
ST_1 : Operation 42 [1/1] (0.42ns)   --->   "%store_ln119 = store i6 0, i6 %i" [mmult.cpp:119]   --->   Operation 42 'store' 'store_ln119' <Predicate = true> <Delay = 0.42>
ST_1 : Operation 43 [1/1] (0.00ns)   --->   "%br_ln116 = br void %systolic3" [mmult.cpp:116]   --->   Operation 43 'br' 'br_ln116' <Predicate = true> <Delay = 0.00>

State 2 <SV = 1> <Delay = 2.34>
ST_2 : Operation 44 [1/1] (0.00ns)   --->   "%indvar_flatten_load = load i67 %indvar_flatten" [mmult.cpp:116]   --->   Operation 44 'load' 'indvar_flatten_load' <Predicate = true> <Delay = 0.00>
ST_2 : Operation 45 [1/1] (1.10ns)   --->   "%icmp_ln116 = icmp_eq  i67 %indvar_flatten_load, i67 %bound" [mmult.cpp:116]   --->   Operation 45 'icmp' 'icmp_ln116' <Predicate = true> <Delay = 1.10> <CoreInst = "Cmp">   --->   Core 9 'Cmp' <Latency = 0> <II = 1> <Delay = 1.10> <FuncUnit> <Opcode : 'icmp'> <InPorts = 2> <OutPorts = 1>
ST_2 : Operation 46 [1/1] (1.10ns)   --->   "%add_ln116_1 = add i67 %indvar_flatten_load, i67 1" [mmult.cpp:116]   --->   Operation 46 'add' 'add_ln116_1' <Predicate = true> <Delay = 1.10> <CoreInst = "Adder">   --->   Core 1 'Adder' <Latency = 0> <II = 1> <Delay = 1.10> <FuncUnit> <Opcode : 'add' 'sub'> <InPorts = 2> <OutPorts = 1>
ST_2 : Operation 47 [1/1] (0.00ns)   --->   "%br_ln116 = br i1 %icmp_ln116, void %for.inc36, void %for.end38.loopexit" [mmult.cpp:116]   --->   Operation 47 'br' 'br_ln116' <Predicate = true> <Delay = 0.00>
ST_2 : Operation 48 [1/1] (0.00ns)   --->   "%i_load = load i6 %i" [mmult.cpp:116]   --->   Operation 48 'load' 'i_load' <Predicate = (!icmp_ln116)> <Delay = 0.00>
ST_2 : Operation 49 [1/1] (0.00ns)   --->   "%k_load = load i64 %k"   --->   Operation 49 'load' 'k_load' <Predicate = (!icmp_ln116)> <Delay = 0.00>
ST_2 : Operation 50 [1/1] (1.08ns)   --->   "%add_ln116 = add i64 %k_load, i64 1" [mmult.cpp:116]   --->   Operation 50 'add' 'add_ln116' <Predicate = (!icmp_ln116)> <Delay = 1.08> <CoreInst = "Adder">   --->   Core 1 'Adder' <Latency = 0> <II = 1> <Delay = 1.08> <FuncUnit> <Opcode : 'add' 'sub'> <InPorts = 2> <OutPorts = 1>
ST_2 : Operation 51 [1/1] (0.00ns)   --->   "%tmp_6 = bitselect i1 @_ssdm_op_BitSelect.i1.i6.i32, i6 %i_load, i32 5" [mmult.cpp:119]   --->   Operation 51 'bitselect' 'tmp_6' <Predicate = (!icmp_ln116)> <Delay = 0.00>
ST_2 : Operation 52 [1/1] (0.38ns)   --->   "%select_ln116 = select i1 %tmp_6, i6 0, i6 %i_load" [mmult.cpp:116]   --->   Operation 52 'select' 'select_ln116' <Predicate = (!icmp_ln116)> <Delay = 0.38> <CoreInst = "Sel">   --->   Core 73 'Sel' <Latency = 0> <II = 1> <Delay = 0.38> <FuncUnit> <Opcode : 'select'> <InPorts = 3> <OutPorts = 1>
ST_2 : Operation 53 [1/1] (0.00ns)   --->   "%empty_34 = trunc i6 %select_ln116" [mmult.cpp:116]   --->   Operation 53 'trunc' 'empty_34' <Predicate = (!icmp_ln116)> <Delay = 0.00>
ST_2 : Operation 54 [1/1] (1.08ns)   --->   "%cmp17_mid1 = icmp_slt  i64 %add_ln116, i64 %sext_ln116" [mmult.cpp:116]   --->   Operation 54 'icmp' 'cmp17_mid1' <Predicate = (!icmp_ln116)> <Delay = 1.08> <CoreInst = "Cmp">   --->   Core 9 'Cmp' <Latency = 0> <II = 1> <Delay = 1.08> <FuncUnit> <Opcode : 'icmp'> <InPorts = 2> <OutPorts = 1>
ST_2 : Operation 55 [1/1] (1.08ns)   --->   "%cmp17214 = icmp_slt  i64 %k_load, i64 %sext_ln116" [mmult.cpp:116]   --->   Operation 55 'icmp' 'cmp17214' <Predicate = (!icmp_ln116)> <Delay = 1.08> <CoreInst = "Cmp">   --->   Core 9 'Cmp' <Latency = 0> <II = 1> <Delay = 1.08> <FuncUnit> <Opcode : 'icmp'> <InPorts = 2> <OutPorts = 1>
ST_2 : Operation 56 [1/1] (0.17ns)   --->   "%select_ln116_1 = select i1 %tmp_6, i1 %cmp17_mid1, i1 %cmp17214" [mmult.cpp:116]   --->   Operation 56 'select' 'select_ln116_1' <Predicate = (!icmp_ln116)> <Delay = 0.17> <CoreInst = "Sel">   --->   Core 73 'Sel' <Latency = 0> <II = 1> <Delay = 0.17> <FuncUnit> <Opcode : 'select'> <InPorts = 3> <OutPorts = 1>
ST_2 : Operation 57 [1/1] (1.08ns)   --->   "%slt = icmp_slt  i64 %add_ln116, i64 %sext_ln116_1" [mmult.cpp:116]   --->   Operation 57 'icmp' 'slt' <Predicate = (!icmp_ln116)> <Delay = 1.08> <CoreInst = "Cmp">   --->   Core 9 'Cmp' <Latency = 0> <II = 1> <Delay = 1.08> <FuncUnit> <Opcode : 'icmp'> <InPorts = 2> <OutPorts = 1>
ST_2 : Operation 58 [1/1] (1.08ns)   --->   "%slt282 = icmp_slt  i64 %k_load, i64 %sext_ln116_1" [mmult.cpp:116]   --->   Operation 58 'icmp' 'slt282' <Predicate = (!icmp_ln116)> <Delay = 1.08> <CoreInst = "Cmp">   --->   Core 9 'Cmp' <Latency = 0> <II = 1> <Delay = 1.08> <FuncUnit> <Opcode : 'icmp'> <InPorts = 2> <OutPorts = 1>
ST_2 : Operation 59 [1/1] (0.42ns)   --->   "%select_ln116_3 = select i1 %tmp_6, i64 %add_ln116, i64 %k_load" [mmult.cpp:116]   --->   Operation 59 'select' 'select_ln116_3' <Predicate = (!icmp_ln116)> <Delay = 0.42> <CoreInst = "Sel">   --->   Core 73 'Sel' <Latency = 0> <II = 1> <Delay = 0.42> <FuncUnit> <Opcode : 'select'> <InPorts = 3> <OutPorts = 1>
ST_2 : Operation 60 [1/1] (0.00ns)   --->   "%trunc_ln119 = trunc i64 %select_ln116_3" [mmult.cpp:119]   --->   Operation 60 'trunc' 'trunc_ln119' <Predicate = (!icmp_ln116)> <Delay = 0.00>
ST_2 : Operation 61 [1/1] (0.00ns)   --->   "%trunc_ln119_1 = trunc i64 %select_ln116_3" [mmult.cpp:119]   --->   Operation 61 'trunc' 'trunc_ln119_1' <Predicate = (!icmp_ln116)> <Delay = 0.00>
ST_2 : Operation 62 [1/1] (0.00ns)   --->   "%zext_ln119 = zext i6 %select_ln116" [mmult.cpp:119]   --->   Operation 62 'zext' 'zext_ln119' <Predicate = (!icmp_ln116)> <Delay = 0.00>
ST_2 : Operation 63 [1/1] (0.00ns) (grouped into LUT with out node slt286)   --->   "%or_ln119 = or i5 %empty_34, i5 1" [mmult.cpp:119]   --->   Operation 63 'or' 'or_ln119' <Predicate = (!icmp_ln116)> <Delay = 0.00>
ST_2 : Operation 64 [1/1] (0.00ns) (grouped into LUT with out node slt286)   --->   "%zext_ln119_1 = zext i5 %or_ln119" [mmult.cpp:119]   --->   Operation 64 'zext' 'zext_ln119_1' <Predicate = (!icmp_ln116)> <Delay = 0.00>
ST_2 : Operation 65 [1/1] (0.00ns)   --->   "%lshr_ln = partselect i3 @_ssdm_op_PartSelect.i3.i6.i32.i32, i6 %select_ln116, i32 2, i32 4" [mmult.cpp:119]   --->   Operation 65 'partselect' 'lshr_ln' <Predicate = (!icmp_ln116)> <Delay = 0.00>
ST_2 : Operation 66 [1/1] (0.00ns)   --->   "%tmp_2 = bitconcatenate i8 @_ssdm_op_BitConcatenate.i8.i3.i5, i3 %lshr_ln, i5 0" [mmult.cpp:119]   --->   Operation 66 'bitconcatenate' 'tmp_2' <Predicate = (!icmp_ln116)> <Delay = 0.00>
ST_2 : Operation 67 [1/1] (0.76ns)   --->   "%empty_35 = add i8 %tmp_2, i8 %trunc_ln119_1" [mmult.cpp:119]   --->   Operation 67 'add' 'empty_35' <Predicate = (!icmp_ln116)> <Delay = 0.76> <CoreInst = "Adder">   --->   Core 1 'Adder' <Latency = 0> <II = 1> <Delay = 0.76> <FuncUnit> <Opcode : 'add' 'sub'> <InPorts = 2> <OutPorts = 1>
ST_2 : Operation 68 [1/1] (1.01ns)   --->   "%slt284 = icmp_slt  i32 %zext_ln119, i32 %a_row_read" [mmult.cpp:119]   --->   Operation 68 'icmp' 'slt284' <Predicate = (!icmp_ln116)> <Delay = 1.01> <CoreInst = "Cmp">   --->   Core 9 'Cmp' <Latency = 0> <II = 1> <Delay = 1.01> <FuncUnit> <Opcode : 'icmp'> <InPorts = 2> <OutPorts = 1>
ST_2 : Operation 69 [1/1] (1.01ns) (out node of the LUT)   --->   "%slt286 = icmp_slt  i32 %zext_ln119_1, i32 %a_row_read" [mmult.cpp:119]   --->   Operation 69 'icmp' 'slt286' <Predicate = (!icmp_ln116)> <Delay = 1.01> <CoreInst = "Cmp">   --->   Core 9 'Cmp' <Latency = 0> <II = 1> <Delay = 1.01> <FuncUnit> <Opcode : 'icmp'> <InPorts = 2> <OutPorts = 1>
ST_2 : Operation 70 [1/1] (0.00ns) (grouped into LUT with out node slt288)   --->   "%or_ln119_1 = or i5 %empty_34, i5 2" [mmult.cpp:119]   --->   Operation 70 'or' 'or_ln119_1' <Predicate = (!icmp_ln116)> <Delay = 0.00>
ST_2 : Operation 71 [1/1] (0.00ns) (grouped into LUT with out node slt288)   --->   "%or_ln119_1_cast = zext i5 %or_ln119_1" [mmult.cpp:119]   --->   Operation 71 'zext' 'or_ln119_1_cast' <Predicate = (!icmp_ln116)> <Delay = 0.00>
ST_2 : Operation 72 [1/1] (1.01ns) (out node of the LUT)   --->   "%slt288 = icmp_slt  i32 %or_ln119_1_cast, i32 %a_row_read" [mmult.cpp:119]   --->   Operation 72 'icmp' 'slt288' <Predicate = (!icmp_ln116)> <Delay = 1.01> <CoreInst = "Cmp">   --->   Core 9 'Cmp' <Latency = 0> <II = 1> <Delay = 1.01> <FuncUnit> <Opcode : 'icmp'> <InPorts = 2> <OutPorts = 1>
ST_2 : Operation 73 [1/1] (0.00ns) (grouped into LUT with out node slt290)   --->   "%or_ln119_2 = or i5 %empty_34, i5 3" [mmult.cpp:119]   --->   Operation 73 'or' 'or_ln119_2' <Predicate = (!icmp_ln116)> <Delay = 0.00>
ST_2 : Operation 74 [1/1] (0.00ns) (grouped into LUT with out node slt290)   --->   "%or_ln119_2_cast = zext i5 %or_ln119_2" [mmult.cpp:119]   --->   Operation 74 'zext' 'or_ln119_2_cast' <Predicate = (!icmp_ln116)> <Delay = 0.00>
ST_2 : Operation 75 [1/1] (1.01ns) (out node of the LUT)   --->   "%slt290 = icmp_slt  i32 %or_ln119_2_cast, i32 %a_row_read" [mmult.cpp:119]   --->   Operation 75 'icmp' 'slt290' <Predicate = (!icmp_ln116)> <Delay = 1.01> <CoreInst = "Cmp">   --->   Core 9 'Cmp' <Latency = 0> <II = 1> <Delay = 1.01> <FuncUnit> <Opcode : 'icmp'> <InPorts = 2> <OutPorts = 1>
ST_2 : Operation 76 [1/1] (0.78ns)   --->   "%add_ln119 = add i6 %select_ln116, i6 4" [mmult.cpp:119]   --->   Operation 76 'add' 'add_ln119' <Predicate = (!icmp_ln116)> <Delay = 0.78> <CoreInst = "Adder">   --->   Core 1 'Adder' <Latency = 0> <II = 1> <Delay = 0.78> <FuncUnit> <Opcode : 'add' 'sub'> <InPorts = 2> <OutPorts = 1>
ST_2 : Operation 77 [1/1] (0.42ns)   --->   "%store_ln116 = store i67 %add_ln116_1, i67 %indvar_flatten" [mmult.cpp:116]   --->   Operation 77 'store' 'store_ln116' <Predicate = (!icmp_ln116)> <Delay = 0.42>
ST_2 : Operation 78 [1/1] (0.42ns)   --->   "%store_ln116 = store i64 %select_ln116_3, i64 %k" [mmult.cpp:116]   --->   Operation 78 'store' 'store_ln116' <Predicate = (!icmp_ln116)> <Delay = 0.42>
ST_2 : Operation 79 [1/1] (0.42ns)   --->   "%store_ln119 = store i6 %add_ln119, i6 %i" [mmult.cpp:119]   --->   Operation 79 'store' 'store_ln119' <Predicate = (!icmp_ln116)> <Delay = 0.42>
ST_2 : Operation 80 [1/1] (0.00ns)   --->   "%ret_ln140 = ret" [mmult.cpp:140]   --->   Operation 80 'ret' 'ret_ln140' <Predicate = (icmp_ln116)> <Delay = 0.00>

State 3 <SV = 2> <Delay = 0.67>
ST_3 : Operation 81 [1/1] (0.00ns) (grouped into LUT with out node select_ln116_2)   --->   "%rev281 = xor i1 %slt, i1 1" [mmult.cpp:116]   --->   Operation 81 'xor' 'rev281' <Predicate = true> <Delay = 0.00> <CoreInst = "LogicGate">   --->   Core 74 'LogicGate' <Latency = 0> <II = 1> <Delay = 0.28> <FuncUnit> <Opcode : 'and' 'or' 'xor'> <InPorts = 2> <OutPorts = 1>
ST_3 : Operation 82 [1/1] (0.00ns) (grouped into LUT with out node select_ln116_2)   --->   "%rev283 = xor i1 %slt282, i1 1" [mmult.cpp:116]   --->   Operation 82 'xor' 'rev283' <Predicate = true> <Delay = 0.00> <CoreInst = "LogicGate">   --->   Core 74 'LogicGate' <Latency = 0> <II = 1> <Delay = 0.28> <FuncUnit> <Opcode : 'and' 'or' 'xor'> <InPorts = 2> <OutPorts = 1>
ST_3 : Operation 83 [1/1] (0.28ns) (out node of the LUT)   --->   "%select_ln116_2 = select i1 %tmp_6, i1 %rev281, i1 %rev283" [mmult.cpp:116]   --->   Operation 83 'select' 'select_ln116_2' <Predicate = true> <Delay = 0.28> <CoreInst = "Sel">   --->   Core 73 'Sel' <Latency = 0> <II = 1> <Delay = 0.17> <FuncUnit> <Opcode : 'select'> <InPorts = 3> <OutPorts = 1>
ST_3 : Operation 84 [1/1] (0.00ns)   --->   "%p_cast = zext i8 %empty_35" [mmult.cpp:119]   --->   Operation 84 'zext' 'p_cast' <Predicate = true> <Delay = 0.00>
ST_3 : Operation 85 [1/1] (0.00ns)   --->   "%a_row_major_0_addr = getelementptr i8 %a_row_major_0, i64 0, i64 %p_cast" [mmult.cpp:119]   --->   Operation 85 'getelementptr' 'a_row_major_0_addr' <Predicate = true> <Delay = 0.00>
ST_3 : Operation 86 [1/1] (0.00ns)   --->   "%a_row_major_1_addr = getelementptr i8 %a_row_major_1, i64 0, i64 %p_cast" [mmult.cpp:119]   --->   Operation 86 'getelementptr' 'a_row_major_1_addr' <Predicate = true> <Delay = 0.00>
ST_3 : Operation 87 [1/1] (0.00ns)   --->   "%a_row_major_2_addr = getelementptr i8 %a_row_major_2, i64 0, i64 %p_cast" [mmult.cpp:119]   --->   Operation 87 'getelementptr' 'a_row_major_2_addr' <Predicate = true> <Delay = 0.00>
ST_3 : Operation 88 [1/1] (0.00ns)   --->   "%a_row_major_3_addr = getelementptr i8 %a_row_major_3, i64 0, i64 %p_cast" [mmult.cpp:119]   --->   Operation 88 'getelementptr' 'a_row_major_3_addr' <Predicate = true> <Delay = 0.00>
ST_3 : Operation 89 [2/2] (0.67ns)   --->   "%a_row_major_0_load = load i8 %a_row_major_0_addr" [mmult.cpp:119]   --->   Operation 89 'load' 'a_row_major_0_load' <Predicate = true> <Delay = 0.67> <CoreInst = "RAM_2P_LUTRAM">   --->   Core 93 'RAM_2P_LUTRAM' <Latency = 1> <II = 1> <Delay = 0.67> <Storage> <Opcode : 'load' 'store'> <Ports = 2> <Width = 8> <Depth = 256> <RAM>
ST_3 : Operation 90 [2/2] (0.67ns)   --->   "%a_row_major_1_load = load i8 %a_row_major_1_addr" [mmult.cpp:119]   --->   Operation 90 'load' 'a_row_major_1_load' <Predicate = true> <Delay = 0.67> <CoreInst = "RAM_2P_LUTRAM">   --->   Core 93 'RAM_2P_LUTRAM' <Latency = 1> <II = 1> <Delay = 0.67> <Storage> <Opcode : 'load' 'store'> <Ports = 2> <Width = 8> <Depth = 256> <RAM>
ST_3 : Operation 91 [2/2] (0.67ns)   --->   "%a_row_major_2_load = load i8 %a_row_major_2_addr" [mmult.cpp:119]   --->   Operation 91 'load' 'a_row_major_2_load' <Predicate = true> <Delay = 0.67> <CoreInst = "RAM_2P_LUTRAM">   --->   Core 93 'RAM_2P_LUTRAM' <Latency = 1> <II = 1> <Delay = 0.67> <Storage> <Opcode : 'load' 'store'> <Ports = 2> <Width = 8> <Depth = 256> <RAM>
ST_3 : Operation 92 [2/2] (0.67ns)   --->   "%a_row_major_3_load = load i8 %a_row_major_3_addr" [mmult.cpp:119]   --->   Operation 92 'load' 'a_row_major_3_load' <Predicate = true> <Delay = 0.67> <CoreInst = "RAM_2P_LUTRAM">   --->   Core 93 'RAM_2P_LUTRAM' <Latency = 1> <II = 1> <Delay = 0.67> <Storage> <Opcode : 'load' 'store'> <Ports = 2> <Width = 8> <Depth = 256> <RAM>

State 4 <SV = 3> <Delay = 2.08>
ST_4 : Operation 93 [1/1] (0.00ns) (grouped into LUT with out node a_val)   --->   "%rev285 = xor i1 %slt284, i1 1" [mmult.cpp:119]   --->   Operation 93 'xor' 'rev285' <Predicate = true> <Delay = 0.00> <CoreInst = "LogicGate">   --->   Core 74 'LogicGate' <Latency = 0> <II = 1> <Delay = 0.28> <FuncUnit> <Opcode : 'and' 'or' 'xor'> <InPorts = 2> <OutPorts = 1>
ST_4 : Operation 94 [1/1] (0.00ns) (grouped into LUT with out node a_val)   --->   "%brmerge = or i1 %rev285, i1 %select_ln116_2" [mmult.cpp:119]   --->   Operation 94 'or' 'brmerge' <Predicate = true> <Delay = 0.00> <CoreInst = "LogicGate">   --->   Core 74 'LogicGate' <Latency = 0> <II = 1> <Delay = 0.28> <FuncUnit> <Opcode : 'and' 'or' 'xor'> <InPorts = 2> <OutPorts = 1>
ST_4 : Operation 95 [1/2] (0.67ns)   --->   "%a_row_major_0_load = load i8 %a_row_major_0_addr" [mmult.cpp:119]   --->   Operation 95 'load' 'a_row_major_0_load' <Predicate = true> <Delay = 0.67> <CoreInst = "RAM_2P_LUTRAM">   --->   Core 93 'RAM_2P_LUTRAM' <Latency = 1> <II = 1> <Delay = 0.67> <Storage> <Opcode : 'load' 'store'> <Ports = 2> <Width = 8> <Depth = 256> <RAM>
ST_4 : Operation 96 [1/1] (0.39ns) (out node of the LUT)   --->   "%a_val = select i1 %brmerge, i8 0, i8 %a_row_major_0_load" [mmult.cpp:119]   --->   Operation 96 'select' 'a_val' <Predicate = true> <Delay = 0.39> <CoreInst = "Sel">   --->   Core 73 'Sel' <Latency = 0> <II = 1> <Delay = 0.39> <FuncUnit> <Opcode : 'select'> <InPorts = 3> <OutPorts = 1>
ST_4 : Operation 97 [2/2] (1.01ns)   --->   "%call_ln119 = call void @tile_process.39.405_Pipeline_systolic3, i5 %trunc_ln119, i8 %b_row_major_0, i8 %b_row_major_1, i8 %b_row_major_2, i8 %b_row_major_3, i5 %empty_34, i16 %c_row_major_0_0, i16 %c_row_major_0_1, i16 %c_row_major_0_2, i16 %c_row_major_0_3, i32 %b_col_read, i1 %select_ln116_1, i8 %a_val" [mmult.cpp:119]   --->   Operation 97 'call' 'call_ln119' <Predicate = true> <Delay = 1.01> <CoreType = "Generic">   --->   Core 0 '' <Latency = 0> <II = 1> <Delay = 1.00> <Generic> <Opcode : >
ST_4 : Operation 98 [1/1] (0.00ns) (grouped into LUT with out node a_val_1)   --->   "%rev287 = xor i1 %slt286, i1 1" [mmult.cpp:119]   --->   Operation 98 'xor' 'rev287' <Predicate = true> <Delay = 0.00> <CoreInst = "LogicGate">   --->   Core 74 'LogicGate' <Latency = 0> <II = 1> <Delay = 0.28> <FuncUnit> <Opcode : 'and' 'or' 'xor'> <InPorts = 2> <OutPorts = 1>
ST_4 : Operation 99 [1/1] (0.00ns) (grouped into LUT with out node a_val_1)   --->   "%brmerge137 = or i1 %rev287, i1 %select_ln116_2" [mmult.cpp:119]   --->   Operation 99 'or' 'brmerge137' <Predicate = true> <Delay = 0.00> <CoreInst = "LogicGate">   --->   Core 74 'LogicGate' <Latency = 0> <II = 1> <Delay = 0.28> <FuncUnit> <Opcode : 'and' 'or' 'xor'> <InPorts = 2> <OutPorts = 1>
ST_4 : Operation 100 [1/2] (0.67ns)   --->   "%a_row_major_1_load = load i8 %a_row_major_1_addr" [mmult.cpp:119]   --->   Operation 100 'load' 'a_row_major_1_load' <Predicate = true> <Delay = 0.67> <CoreInst = "RAM_2P_LUTRAM">   --->   Core 93 'RAM_2P_LUTRAM' <Latency = 1> <II = 1> <Delay = 0.67> <Storage> <Opcode : 'load' 'store'> <Ports = 2> <Width = 8> <Depth = 256> <RAM>
ST_4 : Operation 101 [1/1] (0.39ns) (out node of the LUT)   --->   "%a_val_1 = select i1 %brmerge137, i8 0, i8 %a_row_major_1_load" [mmult.cpp:119]   --->   Operation 101 'select' 'a_val_1' <Predicate = true> <Delay = 0.39> <CoreInst = "Sel">   --->   Core 73 'Sel' <Latency = 0> <II = 1> <Delay = 0.39> <FuncUnit> <Opcode : 'select'> <InPorts = 3> <OutPorts = 1>
ST_4 : Operation 102 [1/1] (0.00ns) (grouped into LUT with out node a_val_2)   --->   "%rev289 = xor i1 %slt288, i1 1" [mmult.cpp:119]   --->   Operation 102 'xor' 'rev289' <Predicate = true> <Delay = 0.00> <CoreInst = "LogicGate">   --->   Core 74 'LogicGate' <Latency = 0> <II = 1> <Delay = 0.28> <FuncUnit> <Opcode : 'and' 'or' 'xor'> <InPorts = 2> <OutPorts = 1>
ST_4 : Operation 103 [1/1] (0.00ns) (grouped into LUT with out node a_val_2)   --->   "%brmerge152 = or i1 %rev289, i1 %select_ln116_2" [mmult.cpp:119]   --->   Operation 103 'or' 'brmerge152' <Predicate = true> <Delay = 0.00> <CoreInst = "LogicGate">   --->   Core 74 'LogicGate' <Latency = 0> <II = 1> <Delay = 0.28> <FuncUnit> <Opcode : 'and' 'or' 'xor'> <InPorts = 2> <OutPorts = 1>
ST_4 : Operation 104 [1/2] (0.67ns)   --->   "%a_row_major_2_load = load i8 %a_row_major_2_addr" [mmult.cpp:119]   --->   Operation 104 'load' 'a_row_major_2_load' <Predicate = true> <Delay = 0.67> <CoreInst = "RAM_2P_LUTRAM">   --->   Core 93 'RAM_2P_LUTRAM' <Latency = 1> <II = 1> <Delay = 0.67> <Storage> <Opcode : 'load' 'store'> <Ports = 2> <Width = 8> <Depth = 256> <RAM>
ST_4 : Operation 105 [1/1] (0.39ns) (out node of the LUT)   --->   "%a_val_2 = select i1 %brmerge152, i8 0, i8 %a_row_major_2_load" [mmult.cpp:119]   --->   Operation 105 'select' 'a_val_2' <Predicate = true> <Delay = 0.39> <CoreInst = "Sel">   --->   Core 73 'Sel' <Latency = 0> <II = 1> <Delay = 0.39> <FuncUnit> <Opcode : 'select'> <InPorts = 3> <OutPorts = 1>
ST_4 : Operation 106 [1/1] (0.00ns) (grouped into LUT with out node a_val_3)   --->   "%rev291 = xor i1 %slt290, i1 1" [mmult.cpp:119]   --->   Operation 106 'xor' 'rev291' <Predicate = true> <Delay = 0.00> <CoreInst = "LogicGate">   --->   Core 74 'LogicGate' <Latency = 0> <II = 1> <Delay = 0.28> <FuncUnit> <Opcode : 'and' 'or' 'xor'> <InPorts = 2> <OutPorts = 1>
ST_4 : Operation 107 [1/1] (0.00ns) (grouped into LUT with out node a_val_3)   --->   "%brmerge167 = or i1 %rev291, i1 %select_ln116_2" [mmult.cpp:119]   --->   Operation 107 'or' 'brmerge167' <Predicate = true> <Delay = 0.00> <CoreInst = "LogicGate">   --->   Core 74 'LogicGate' <Latency = 0> <II = 1> <Delay = 0.28> <FuncUnit> <Opcode : 'and' 'or' 'xor'> <InPorts = 2> <OutPorts = 1>
ST_4 : Operation 108 [1/2] (0.67ns)   --->   "%a_row_major_3_load = load i8 %a_row_major_3_addr" [mmult.cpp:119]   --->   Operation 108 'load' 'a_row_major_3_load' <Predicate = true> <Delay = 0.67> <CoreInst = "RAM_2P_LUTRAM">   --->   Core 93 'RAM_2P_LUTRAM' <Latency = 1> <II = 1> <Delay = 0.67> <Storage> <Opcode : 'load' 'store'> <Ports = 2> <Width = 8> <Depth = 256> <RAM>
ST_4 : Operation 109 [1/1] (0.39ns) (out node of the LUT)   --->   "%a_val_3 = select i1 %brmerge167, i8 0, i8 %a_row_major_3_load" [mmult.cpp:119]   --->   Operation 109 'select' 'a_val_3' <Predicate = true> <Delay = 0.39> <CoreInst = "Sel">   --->   Core 73 'Sel' <Latency = 0> <II = 1> <Delay = 0.39> <FuncUnit> <Opcode : 'select'> <InPorts = 3> <OutPorts = 1>

State 5 <SV = 4> <Delay = 0.00>
ST_5 : Operation 110 [1/2] (0.00ns)   --->   "%call_ln119 = call void @tile_process.39.405_Pipeline_systolic3, i5 %trunc_ln119, i8 %b_row_major_0, i8 %b_row_major_1, i8 %b_row_major_2, i8 %b_row_major_3, i5 %empty_34, i16 %c_row_major_0_0, i16 %c_row_major_0_1, i16 %c_row_major_0_2, i16 %c_row_major_0_3, i32 %b_col_read, i1 %select_ln116_1, i8 %a_val" [mmult.cpp:119]   --->   Operation 110 'call' 'call_ln119' <Predicate = true> <Delay = 0.00> <CoreType = "Generic">   --->   Core 0 '' <Latency = 0> <II = 1> <Delay = 1.00> <Generic> <Opcode : >

State 6 <SV = 5> <Delay = 1.01>
ST_6 : Operation 111 [2/2] (1.01ns)   --->   "%call_ln119 = call void @tile_process.39.405_Pipeline_systolic37, i5 %trunc_ln119, i8 %b_row_major_0, i8 %b_row_major_1, i8 %b_row_major_2, i8 %b_row_major_3, i5 %empty_34, i16 %c_row_major_1_0, i16 %c_row_major_1_1, i16 %c_row_major_1_2, i16 %c_row_major_1_3, i32 %b_col_read, i1 %select_ln116_1, i8 %a_val_1" [mmult.cpp:119]   --->   Operation 111 'call' 'call_ln119' <Predicate = true> <Delay = 1.01> <CoreType = "Generic">   --->   Core 0 '' <Latency = 0> <II = 1> <Delay = 1.00> <Generic> <Opcode : >

State 7 <SV = 6> <Delay = 0.00>
ST_7 : Operation 112 [1/2] (0.00ns)   --->   "%call_ln119 = call void @tile_process.39.405_Pipeline_systolic37, i5 %trunc_ln119, i8 %b_row_major_0, i8 %b_row_major_1, i8 %b_row_major_2, i8 %b_row_major_3, i5 %empty_34, i16 %c_row_major_1_0, i16 %c_row_major_1_1, i16 %c_row_major_1_2, i16 %c_row_major_1_3, i32 %b_col_read, i1 %select_ln116_1, i8 %a_val_1" [mmult.cpp:119]   --->   Operation 112 'call' 'call_ln119' <Predicate = true> <Delay = 0.00> <CoreType = "Generic">   --->   Core 0 '' <Latency = 0> <II = 1> <Delay = 1.00> <Generic> <Opcode : >

State 8 <SV = 7> <Delay = 1.01>
ST_8 : Operation 113 [2/2] (1.01ns)   --->   "%call_ln119 = call void @tile_process.39.405_Pipeline_systolic38, i5 %trunc_ln119, i8 %b_row_major_0, i8 %b_row_major_1, i8 %b_row_major_2, i8 %b_row_major_3, i5 %empty_34, i16 %c_row_major_2_0, i16 %c_row_major_2_1, i16 %c_row_major_2_2, i16 %c_row_major_2_3, i32 %b_col_read, i1 %select_ln116_1, i8 %a_val_2" [mmult.cpp:119]   --->   Operation 113 'call' 'call_ln119' <Predicate = true> <Delay = 1.01> <CoreType = "Generic">   --->   Core 0 '' <Latency = 0> <II = 1> <Delay = 1.00> <Generic> <Opcode : >

State 9 <SV = 8> <Delay = 0.00>
ST_9 : Operation 114 [1/2] (0.00ns)   --->   "%call_ln119 = call void @tile_process.39.405_Pipeline_systolic38, i5 %trunc_ln119, i8 %b_row_major_0, i8 %b_row_major_1, i8 %b_row_major_2, i8 %b_row_major_3, i5 %empty_34, i16 %c_row_major_2_0, i16 %c_row_major_2_1, i16 %c_row_major_2_2, i16 %c_row_major_2_3, i32 %b_col_read, i1 %select_ln116_1, i8 %a_val_2" [mmult.cpp:119]   --->   Operation 114 'call' 'call_ln119' <Predicate = true> <Delay = 0.00> <CoreType = "Generic">   --->   Core 0 '' <Latency = 0> <II = 1> <Delay = 1.00> <Generic> <Opcode : >

State 10 <SV = 9> <Delay = 1.01>
ST_10 : Operation 115 [2/2] (1.01ns)   --->   "%call_ln119 = call void @tile_process.39.405_Pipeline_systolic39, i5 %trunc_ln119, i8 %b_row_major_0, i8 %b_row_major_1, i8 %b_row_major_2, i8 %b_row_major_3, i5 %empty_34, i16 %c_row_major_3_0, i16 %c_row_major_3_1, i16 %c_row_major_3_2, i16 %c_row_major_3_3, i32 %b_col_read, i1 %select_ln116_1, i8 %a_val_3" [mmult.cpp:119]   --->   Operation 115 'call' 'call_ln119' <Predicate = true> <Delay = 1.01> <CoreType = "Generic">   --->   Core 0 '' <Latency = 0> <II = 1> <Delay = 1.00> <Generic> <Opcode : >

State 11 <SV = 10> <Delay = 0.00>
ST_11 : Operation 116 [1/1] (0.00ns)   --->   "%specloopname_ln0 = specloopname void @_ssdm_op_SpecLoopName, void @systolic1_systolic2_str"   --->   Operation 116 'specloopname' 'specloopname_ln0' <Predicate = true> <Delay = 0.00>
ST_11 : Operation 117 [1/1] (0.00ns)   --->   "%speclooptripcount_ln0 = speclooptripcount void @_ssdm_op_SpecLoopTripCount, i64 256, i64 256, i64 256"   --->   Operation 117 'speclooptripcount' 'speclooptripcount_ln0' <Predicate = true> <Delay = 0.00>
ST_11 : Operation 118 [1/2] (0.00ns)   --->   "%call_ln119 = call void @tile_process.39.405_Pipeline_systolic39, i5 %trunc_ln119, i8 %b_row_major_0, i8 %b_row_major_1, i8 %b_row_major_2, i8 %b_row_major_3, i5 %empty_34, i16 %c_row_major_3_0, i16 %c_row_major_3_1, i16 %c_row_major_3_2, i16 %c_row_major_3_3, i32 %b_col_read, i1 %select_ln116_1, i8 %a_val_3" [mmult.cpp:119]   --->   Operation 118 'call' 'call_ln119' <Predicate = true> <Delay = 0.00> <CoreType = "Generic">   --->   Core 0 '' <Latency = 0> <II = 1> <Delay = 1.00> <Generic> <Opcode : >
ST_11 : Operation 119 [1/1] (0.00ns)   --->   "%br_ln119 = br void %systolic3" [mmult.cpp:119]   --->   Operation 119 'br' 'br_ln119' <Predicate = true> <Delay = 0.00>


============================================================
+ Verbose Summary: Timing violations
============================================================
Target clock period: 3.300ns, clock uncertainty: 0.891ns.

 <State 1>: 1.562ns
The critical path consists of the following:
	wire read operation ('finish_k_read', mmult.cpp:63) on port 'finish_k' (mmult.cpp:63) [46]  (0.000 ns)
	'icmp' operation 1 bit ('empty', mmult.cpp:63) [53]  (0.781 ns)
	'select' operation 6 bit ('smax1', mmult.cpp:63) [54]  (0.000 ns)
	'sub' operation 7 bit ('sub_ln116', mmult.cpp:116) [56]  (0.781 ns)

 <State 2>: 2.349ns
The critical path consists of the following:
	'load' operation 64 bit ('k_load') on local variable 'k', mmult.cpp:116 [70]  (0.000 ns)
	'add' operation 64 bit ('add_ln116', mmult.cpp:116) [71]  (1.085 ns)
	'icmp' operation 1 bit ('cmp17_mid1', mmult.cpp:116) [77]  (1.085 ns)
	'select' operation 1 bit ('select_ln116_1', mmult.cpp:116) [79]  (0.179 ns)

 <State 3>: 0.677ns
The critical path consists of the following:
	'getelementptr' operation 8 bit ('a_row_major_0_addr', mmult.cpp:119) [95]  (0.000 ns)
	'load' operation 8 bit ('a_row_major_0_load', mmult.cpp:119) on array 'a_row_major_0' [102]  (0.677 ns)

 <State 4>: 2.086ns
The critical path consists of the following:
	'load' operation 8 bit ('a_row_major_0_load', mmult.cpp:119) on array 'a_row_major_0' [102]  (0.677 ns)
	'select' operation 8 bit ('a_val', mmult.cpp:119) [103]  (0.393 ns)
	'call' operation 0 bit ('call_ln119', mmult.cpp:119) to 'tile_process.39.405_Pipeline_systolic3' [104]  (1.016 ns)

 <State 5>: 0.000ns
The critical path consists of the following:

 <State 6>: 1.016ns
The critical path consists of the following:
	'call' operation 0 bit ('call_ln119', mmult.cpp:119) to 'tile_process.39.405_Pipeline_systolic37' [110]  (1.016 ns)

 <State 7>: 0.000ns
The critical path consists of the following:

 <State 8>: 1.016ns
The critical path consists of the following:
	'call' operation 0 bit ('call_ln119', mmult.cpp:119) to 'tile_process.39.405_Pipeline_systolic38' [118]  (1.016 ns)

 <State 9>: 0.000ns
The critical path consists of the following:

 <State 10>: 1.016ns
The critical path consists of the following:
	'call' operation 0 bit ('call_ln119', mmult.cpp:119) to 'tile_process.39.405_Pipeline_systolic39' [126]  (1.016 ns)

 <State 11>: 0.000ns
The critical path consists of the following:


============================================================
+ Verbose Summary: Binding
============================================================
N/A
* FSMD analyzer results:
  - Output states:
 - Input state : 
  - Chain level:
	State 1
	State 2
	State 3
	State 4
	State 5
	State 6
	State 7
	State 8
	State 9
	State 10
	State 11


============================================================
+ Verbose Summary: Datapath Resource usage 
============================================================
N/A
