

================================================================
== Vitis HLS Report for 'tile_process_39_405_Pipeline_systolic3'
================================================================
* Date:           Sun Apr 12 17:22:35 2026

* Version:        2023.2 (Build 4023990 on Oct 11 2023)
* Project:        hls_prj
* Solution:       s1 (Vivado IP Flow Target)
* Product family: zynquplus
* Target device:  xck26-sfvc784-2LV-c


================================================================
== Performance Estimates
================================================================
+ Timing: 
    * Summary: 
    +--------+---------+----------+------------+
    |  Clock |  Target | Estimated| Uncertainty|
    +--------+---------+----------+------------+
    |ap_clk  |  3.30 ns|  2.066 ns|     0.89 ns|
    +--------+---------+----------+------------+

+ Latency: 
    * Summary: 
    +---------+---------+-----------+-----------+-----+-----+---------+
    |  Latency (cycles) |   Latency (absolute)  |  Interval | Pipeline|
    |   min   |   max   |    min    |    max    | min | max |   Type  |
    +---------+---------+-----------+-----------+-----+-----+---------+
    |       13|       13|  42.900 ns|  42.900 ns|   13|   13|       no|
    +---------+---------+-----------+-----------+-----+-----+---------+

    + Detail: 
        * Instance: 
        N/A

        * Loop: 
        +-------------+---------+---------+----------+-----------+-----------+------+----------+
        |             |  Latency (cycles) | Iteration|  Initiation Interval  | Trip |          |
        |  Loop Name  |   min   |   max   |  Latency |  achieved |   target  | Count| Pipelined|
        +-------------+---------+---------+----------+-----------+-----------+------+----------+
        |- systolic3  |       11|       11|         5|          1|          1|     8|       yes|
        +-------------+---------+---------+----------+-----------+-----------+------+----------+

============================================================
+ Verbose Summary: Synthesis Manager
============================================================
InlineROM: 1
ExposeGlobal: 0
============================================================
+ Verbose Summary: CDFG Model
============================================================
IsTopModel: 0
ResetActiveHigh: 1
IsCombinational: 0
IsDatapathOnly: 0
HasWiredReturn: 1
HasMFsm: 2
HasVarLatency: 1
IsPipeline: 0
IsRtlPipelined: 0
IsInstanceOverlapped: 0
IsDontTouch: 0
HasImplIP: 0
IsGatedGlobalClock: 0

+ Individual pipeline summary: 
  * Pipeline-0: initiation interval (II) = 1, depth = 5


============================================================
+ Verbose Summary: Schedule
============================================================
* Number of FSM states : 5
* Pipeline : 1
  Pipeline-0 : II = 1, D = 5, States = { 1 2 3 4 5 }
* Dataflow Pipeline: 0

* FSM state transitions: 
1 --> 2 
2 --> 3 
3 --> 4 
4 --> 5 
5 --> 

* FSM state operations: 

State 1 <SV = 0> <Delay = 1.63>
ST_1 : Operation 8 [1/1] (0.00ns)   --->   "%j = alloca i32 1" [mmult.cpp:122]   --->   Operation 8 'alloca' 'j' <Predicate = true> <Delay = 0.00>
ST_1 : Operation 9 [1/1] (0.00ns)   --->   "%sext_ln133_read = read i8 @_ssdm_op_Read.ap_auto.i8, i8 %sext_ln133"   --->   Operation 9 'read' 'sext_ln133_read' <Predicate = true> <Delay = 0.00>
ST_1 : Operation 10 [1/1] (0.00ns)   --->   "%select_ln116_1_read = read i1 @_ssdm_op_Read.ap_auto.i1, i1 %select_ln116_1"   --->   Operation 10 'read' 'select_ln116_1_read' <Predicate = true> <Delay = 0.00>
ST_1 : Operation 11 [1/1] (0.00ns)   --->   "%b_col_read = read i32 @_ssdm_op_Read.ap_auto.i32, i32 %b_col"   --->   Operation 11 'read' 'b_col_read' <Predicate = true> <Delay = 0.00>
ST_1 : Operation 12 [1/1] (0.00ns)   --->   "%select_ln116_read = read i5 @_ssdm_op_Read.ap_auto.i5, i5 %select_ln116"   --->   Operation 12 'read' 'select_ln116_read' <Predicate = true> <Delay = 0.00>
ST_1 : Operation 13 [1/1] (0.00ns)   --->   "%select_ln116_3_read = read i5 @_ssdm_op_Read.ap_auto.i5, i5 %select_ln116_3"   --->   Operation 13 'read' 'select_ln116_3_read' <Predicate = true> <Delay = 0.00>
ST_1 : Operation 14 [1/1] (0.00ns)   --->   "%sext_ln133_cast = sext i8 %sext_ln133_read"   --->   Operation 14 'sext' 'sext_ln133_cast' <Predicate = true> <Delay = 0.00>
ST_1 : Operation 15 [1/1] (0.00ns)   --->   "%specmemcore_ln0 = specmemcore void @_ssdm_op_SpecMemCore, i8 %b_row_major_0, i64 666, i64 23, i64 18446744073709551615"   --->   Operation 15 'specmemcore' 'specmemcore_ln0' <Predicate = true> <Delay = 0.00>
ST_1 : Operation 16 [1/1] (0.00ns)   --->   "%specmemcore_ln0 = specmemcore void @_ssdm_op_SpecMemCore, i8 %b_row_major_1, i64 666, i64 23, i64 18446744073709551615"   --->   Operation 16 'specmemcore' 'specmemcore_ln0' <Predicate = true> <Delay = 0.00>
ST_1 : Operation 17 [1/1] (0.00ns)   --->   "%specmemcore_ln0 = specmemcore void @_ssdm_op_SpecMemCore, i8 %b_row_major_2, i64 666, i64 23, i64 18446744073709551615"   --->   Operation 17 'specmemcore' 'specmemcore_ln0' <Predicate = true> <Delay = 0.00>
ST_1 : Operation 18 [1/1] (0.00ns)   --->   "%specmemcore_ln0 = specmemcore void @_ssdm_op_SpecMemCore, i8 %b_row_major_3, i64 666, i64 23, i64 18446744073709551615"   --->   Operation 18 'specmemcore' 'specmemcore_ln0' <Predicate = true> <Delay = 0.00>
ST_1 : Operation 19 [1/1] (0.42ns)   --->   "%store_ln122 = store i6 0, i6 %j" [mmult.cpp:122]   --->   Operation 19 'store' 'store_ln122' <Predicate = true> <Delay = 0.42>
ST_1 : Operation 20 [1/1] (0.00ns)   --->   "%br_ln0 = br void %for.body8"   --->   Operation 20 'br' 'br_ln0' <Predicate = true> <Delay = 0.00>
ST_1 : Operation 21 [1/1] (0.00ns)   --->   "%j_3 = load i6 %j" [mmult.cpp:122]   --->   Operation 21 'load' 'j_3' <Predicate = true> <Delay = 0.00>
ST_1 : Operation 22 [1/1] (0.00ns)   --->   "%tmp = bitselect i1 @_ssdm_op_BitSelect.i1.i6.i32, i6 %j_3, i32 5" [mmult.cpp:122]   --->   Operation 22 'bitselect' 'tmp' <Predicate = true> <Delay = 0.00>
ST_1 : Operation 23 [1/1] (0.00ns)   --->   "%br_ln122 = br i1 %tmp, void %for.body8.split_ifconv, void %for.inc33_ifconv.exitStub" [mmult.cpp:122]   --->   Operation 23 'br' 'br_ln122' <Predicate = true> <Delay = 0.00>
ST_1 : Operation 24 [1/1] (0.00ns)   --->   "%trunc_ln122 = trunc i6 %j_3" [mmult.cpp:122]   --->   Operation 24 'trunc' 'trunc_ln122' <Predicate = (!tmp)> <Delay = 0.00>
ST_1 : Operation 25 [1/1] (0.00ns)   --->   "%zext_ln122 = zext i6 %j_3" [mmult.cpp:122]   --->   Operation 25 'zext' 'zext_ln122' <Predicate = (!tmp)> <Delay = 0.00>
ST_1 : Operation 26 [1/1] (0.00ns) (grouped into LUT with out node icmp_ln132_1)   --->   "%or_ln122 = or i5 %trunc_ln122, i5 1" [mmult.cpp:122]   --->   Operation 26 'or' 'or_ln122' <Predicate = (!tmp)> <Delay = 0.00>
ST_1 : Operation 27 [1/1] (0.00ns) (grouped into LUT with out node icmp_ln132_1)   --->   "%zext_ln122_1 = zext i5 %or_ln122" [mmult.cpp:122]   --->   Operation 27 'zext' 'zext_ln122_1' <Predicate = (!tmp)> <Delay = 0.00>
ST_1 : Operation 28 [1/1] (0.00ns)   --->   "%lshr_ln1 = partselect i3 @_ssdm_op_PartSelect.i3.i6.i32.i32, i6 %j_3, i32 2, i32 4" [mmult.cpp:122]   --->   Operation 28 'partselect' 'lshr_ln1' <Predicate = (!tmp)> <Delay = 0.00>
ST_1 : Operation 29 [1/1] (0.00ns)   --->   "%tmp_4 = bitconcatenate i8 @_ssdm_op_BitConcatenate.i8.i5.i3, i5 %select_ln116_3_read, i3 %lshr_ln1" [mmult.cpp:132]   --->   Operation 29 'bitconcatenate' 'tmp_4' <Predicate = (!tmp)> <Delay = 0.00>
ST_1 : Operation 30 [1/1] (0.00ns)   --->   "%zext_ln132 = zext i8 %tmp_4" [mmult.cpp:132]   --->   Operation 30 'zext' 'zext_ln132' <Predicate = (!tmp)> <Delay = 0.00>
ST_1 : Operation 31 [1/1] (0.00ns)   --->   "%b_row_major_0_addr = getelementptr i8 %b_row_major_0, i64 0, i64 %zext_ln132" [mmult.cpp:132]   --->   Operation 31 'getelementptr' 'b_row_major_0_addr' <Predicate = (!tmp)> <Delay = 0.00>
ST_1 : Operation 32 [1/1] (0.00ns)   --->   "%b_row_major_1_addr = getelementptr i8 %b_row_major_1, i64 0, i64 %zext_ln132" [mmult.cpp:132]   --->   Operation 32 'getelementptr' 'b_row_major_1_addr' <Predicate = (!tmp)> <Delay = 0.00>
ST_1 : Operation 33 [1/1] (0.00ns)   --->   "%b_row_major_2_addr = getelementptr i8 %b_row_major_2, i64 0, i64 %zext_ln132" [mmult.cpp:132]   --->   Operation 33 'getelementptr' 'b_row_major_2_addr' <Predicate = (!tmp)> <Delay = 0.00>
ST_1 : Operation 34 [1/1] (0.00ns)   --->   "%b_row_major_3_addr = getelementptr i8 %b_row_major_3, i64 0, i64 %zext_ln132" [mmult.cpp:132]   --->   Operation 34 'getelementptr' 'b_row_major_3_addr' <Predicate = (!tmp)> <Delay = 0.00>
ST_1 : Operation 35 [1/1] (1.01ns)   --->   "%icmp_ln132 = icmp_slt  i32 %zext_ln122, i32 %b_col_read" [mmult.cpp:132]   --->   Operation 35 'icmp' 'icmp_ln132' <Predicate = (!tmp)> <Delay = 1.01> <CoreInst = "Cmp">   --->   Core 9 'Cmp' <Latency = 0> <II = 1> <Delay = 1.01> <FuncUnit> <Opcode : 'icmp'> <InPorts = 2> <OutPorts = 1>
ST_1 : Operation 36 [2/2] (0.67ns)   --->   "%b_row_major_0_load = load i8 %b_row_major_0_addr" [mmult.cpp:132]   --->   Operation 36 'load' 'b_row_major_0_load' <Predicate = (!tmp)> <Delay = 0.67> <CoreInst = "RAM_2P_LUTRAM">   --->   Core 93 'RAM_2P_LUTRAM' <Latency = 1> <II = 1> <Delay = 0.67> <Storage> <Opcode : 'load' 'store'> <Ports = 2> <Width = 8> <Depth = 256> <RAM>
ST_1 : Operation 37 [1/1] (1.01ns) (out node of the LUT)   --->   "%icmp_ln132_1 = icmp_slt  i32 %zext_ln122_1, i32 %b_col_read" [mmult.cpp:132]   --->   Operation 37 'icmp' 'icmp_ln132_1' <Predicate = (!tmp)> <Delay = 1.01> <CoreInst = "Cmp">   --->   Core 9 'Cmp' <Latency = 0> <II = 1> <Delay = 1.01> <FuncUnit> <Opcode : 'icmp'> <InPorts = 2> <OutPorts = 1>
ST_1 : Operation 38 [2/2] (0.67ns)   --->   "%b_row_major_1_load = load i8 %b_row_major_1_addr" [mmult.cpp:132]   --->   Operation 38 'load' 'b_row_major_1_load' <Predicate = (!tmp)> <Delay = 0.67> <CoreInst = "RAM_2P_LUTRAM">   --->   Core 93 'RAM_2P_LUTRAM' <Latency = 1> <II = 1> <Delay = 0.67> <Storage> <Opcode : 'load' 'store'> <Ports = 2> <Width = 8> <Depth = 256> <RAM>
ST_1 : Operation 39 [1/1] (0.00ns) (grouped into LUT with out node icmp_ln132_2)   --->   "%or_ln122_1 = or i5 %trunc_ln122, i5 2" [mmult.cpp:122]   --->   Operation 39 'or' 'or_ln122_1' <Predicate = (!tmp)> <Delay = 0.00>
ST_1 : Operation 40 [1/1] (0.00ns) (grouped into LUT with out node icmp_ln132_2)   --->   "%zext_ln125 = zext i5 %or_ln122_1" [mmult.cpp:125]   --->   Operation 40 'zext' 'zext_ln125' <Predicate = (!tmp)> <Delay = 0.00>
ST_1 : Operation 41 [1/1] (1.01ns) (out node of the LUT)   --->   "%icmp_ln132_2 = icmp_slt  i32 %zext_ln125, i32 %b_col_read" [mmult.cpp:132]   --->   Operation 41 'icmp' 'icmp_ln132_2' <Predicate = (!tmp)> <Delay = 1.01> <CoreInst = "Cmp">   --->   Core 9 'Cmp' <Latency = 0> <II = 1> <Delay = 1.01> <FuncUnit> <Opcode : 'icmp'> <InPorts = 2> <OutPorts = 1>
ST_1 : Operation 42 [2/2] (0.67ns)   --->   "%b_row_major_2_load = load i8 %b_row_major_2_addr" [mmult.cpp:132]   --->   Operation 42 'load' 'b_row_major_2_load' <Predicate = (!tmp)> <Delay = 0.67> <CoreInst = "RAM_2P_LUTRAM">   --->   Core 93 'RAM_2P_LUTRAM' <Latency = 1> <II = 1> <Delay = 0.67> <Storage> <Opcode : 'load' 'store'> <Ports = 2> <Width = 8> <Depth = 256> <RAM>
ST_1 : Operation 43 [1/1] (0.00ns) (grouped into LUT with out node icmp_ln132_3)   --->   "%or_ln122_2 = or i5 %trunc_ln122, i5 3" [mmult.cpp:122]   --->   Operation 43 'or' 'or_ln122_2' <Predicate = (!tmp)> <Delay = 0.00>
ST_1 : Operation 44 [1/1] (0.00ns) (grouped into LUT with out node icmp_ln132_3)   --->   "%zext_ln125_1 = zext i5 %or_ln122_2" [mmult.cpp:125]   --->   Operation 44 'zext' 'zext_ln125_1' <Predicate = (!tmp)> <Delay = 0.00>
ST_1 : Operation 45 [1/1] (1.01ns) (out node of the LUT)   --->   "%icmp_ln132_3 = icmp_slt  i32 %zext_ln125_1, i32 %b_col_read" [mmult.cpp:132]   --->   Operation 45 'icmp' 'icmp_ln132_3' <Predicate = (!tmp)> <Delay = 1.01> <CoreInst = "Cmp">   --->   Core 9 'Cmp' <Latency = 0> <II = 1> <Delay = 1.01> <FuncUnit> <Opcode : 'icmp'> <InPorts = 2> <OutPorts = 1>
ST_1 : Operation 46 [2/2] (0.67ns)   --->   "%b_row_major_3_load = load i8 %b_row_major_3_addr" [mmult.cpp:132]   --->   Operation 46 'load' 'b_row_major_3_load' <Predicate = (!tmp)> <Delay = 0.67> <CoreInst = "RAM_2P_LUTRAM">   --->   Core 93 'RAM_2P_LUTRAM' <Latency = 1> <II = 1> <Delay = 0.67> <Storage> <Opcode : 'load' 'store'> <Ports = 2> <Width = 8> <Depth = 256> <RAM>
ST_1 : Operation 47 [1/1] (0.78ns)   --->   "%add_ln122 = add i6 %j_3, i6 4" [mmult.cpp:122]   --->   Operation 47 'add' 'add_ln122' <Predicate = (!tmp)> <Delay = 0.78> <CoreInst = "Adder">   --->   Core 1 'Adder' <Latency = 0> <II = 1> <Delay = 0.78> <FuncUnit> <Opcode : 'add' 'sub'> <InPorts = 2> <OutPorts = 1>
ST_1 : Operation 48 [1/1] (0.42ns)   --->   "%store_ln122 = store i6 %add_ln122, i6 %j" [mmult.cpp:122]   --->   Operation 48 'store' 'store_ln122' <Predicate = (!tmp)> <Delay = 0.42>

State 2 <SV = 1> <Delay = 2.06>
ST_2 : Operation 49 [1/1] (0.00ns) (grouped into LUT with out node b_val)   --->   "%and_ln132 = and i1 %select_ln116_1_read, i1 %icmp_ln132" [mmult.cpp:132]   --->   Operation 49 'and' 'and_ln132' <Predicate = true> <Delay = 0.00> <CoreInst = "LogicGate">   --->   Core 74 'LogicGate' <Latency = 0> <II = 1> <Delay = 0.28> <FuncUnit> <Opcode : 'and' 'or' 'xor'> <InPorts = 2> <OutPorts = 1>
ST_2 : Operation 50 [1/2] (0.67ns)   --->   "%b_row_major_0_load = load i8 %b_row_major_0_addr" [mmult.cpp:132]   --->   Operation 50 'load' 'b_row_major_0_load' <Predicate = true> <Delay = 0.67> <CoreInst = "RAM_2P_LUTRAM">   --->   Core 93 'RAM_2P_LUTRAM' <Latency = 1> <II = 1> <Delay = 0.67> <Storage> <Opcode : 'load' 'store'> <Ports = 2> <Width = 8> <Depth = 256> <RAM>
ST_2 : Operation 51 [1/1] (0.39ns) (out node of the LUT)   --->   "%b_val = select i1 %and_ln132, i8 %b_row_major_0_load, i8 0" [mmult.cpp:132]   --->   Operation 51 'select' 'b_val' <Predicate = true> <Delay = 0.39> <CoreInst = "Sel">   --->   Core 73 'Sel' <Latency = 0> <II = 1> <Delay = 0.39> <FuncUnit> <Opcode : 'select'> <InPorts = 3> <OutPorts = 1>
ST_2 : Operation 52 [1/1] (0.00ns)   --->   "%sext_ln133_1 = sext i8 %b_val" [mmult.cpp:133]   --->   Operation 52 'sext' 'sext_ln133_1' <Predicate = true> <Delay = 0.00>
ST_2 : Operation 53 [3/3] (0.99ns) (grouped into DSP with root node result)   --->   "%mul_ln133 = mul i16 %sext_ln133_1, i16 %sext_ln133_cast" [mmult.cpp:133]   --->   Operation 53 'mul' 'mul_ln133' <Predicate = true> <Delay = 0.99> <CoreInst = "DSP48">   --->   Core 127 'DSP48' <Latency = 3> <II = 1> <Delay = 0.53> <IPBlock> <Opcode : '' 'add' 'sub' 'mul' 'select'> <InPorts = 0> <OutPorts = 1> <Sync> <CReg>
ST_2 : Operation 54 [1/1] (0.00ns) (grouped into LUT with out node b_val_11)   --->   "%and_ln132_1 = and i1 %select_ln116_1_read, i1 %icmp_ln132_1" [mmult.cpp:132]   --->   Operation 54 'and' 'and_ln132_1' <Predicate = true> <Delay = 0.00> <CoreInst = "LogicGate">   --->   Core 74 'LogicGate' <Latency = 0> <II = 1> <Delay = 0.28> <FuncUnit> <Opcode : 'and' 'or' 'xor'> <InPorts = 2> <OutPorts = 1>
ST_2 : Operation 55 [1/2] (0.67ns)   --->   "%b_row_major_1_load = load i8 %b_row_major_1_addr" [mmult.cpp:132]   --->   Operation 55 'load' 'b_row_major_1_load' <Predicate = true> <Delay = 0.67> <CoreInst = "RAM_2P_LUTRAM">   --->   Core 93 'RAM_2P_LUTRAM' <Latency = 1> <II = 1> <Delay = 0.67> <Storage> <Opcode : 'load' 'store'> <Ports = 2> <Width = 8> <Depth = 256> <RAM>
ST_2 : Operation 56 [1/1] (0.39ns) (out node of the LUT)   --->   "%b_val_11 = select i1 %and_ln132_1, i8 %b_row_major_1_load, i8 0" [mmult.cpp:132]   --->   Operation 56 'select' 'b_val_11' <Predicate = true> <Delay = 0.39> <CoreInst = "Sel">   --->   Core 73 'Sel' <Latency = 0> <II = 1> <Delay = 0.39> <FuncUnit> <Opcode : 'select'> <InPorts = 3> <OutPorts = 1>
ST_2 : Operation 57 [1/1] (0.00ns)   --->   "%sext_ln133_2 = sext i8 %b_val_11" [mmult.cpp:133]   --->   Operation 57 'sext' 'sext_ln133_2' <Predicate = true> <Delay = 0.00>
ST_2 : Operation 58 [3/3] (0.99ns) (grouped into DSP with root node result_11)   --->   "%mul_ln133_1 = mul i16 %sext_ln133_2, i16 %sext_ln133_cast" [mmult.cpp:133]   --->   Operation 58 'mul' 'mul_ln133_1' <Predicate = true> <Delay = 0.99> <CoreInst = "DSP48">   --->   Core 127 'DSP48' <Latency = 3> <II = 1> <Delay = 0.53> <IPBlock> <Opcode : '' 'add' 'sub' 'mul' 'select'> <InPorts = 0> <OutPorts = 1> <Sync> <CReg>
ST_2 : Operation 59 [1/1] (0.00ns) (grouped into LUT with out node b_val_12)   --->   "%and_ln132_2 = and i1 %select_ln116_1_read, i1 %icmp_ln132_2" [mmult.cpp:132]   --->   Operation 59 'and' 'and_ln132_2' <Predicate = true> <Delay = 0.00> <CoreInst = "LogicGate">   --->   Core 74 'LogicGate' <Latency = 0> <II = 1> <Delay = 0.28> <FuncUnit> <Opcode : 'and' 'or' 'xor'> <InPorts = 2> <OutPorts = 1>
ST_2 : Operation 60 [1/2] (0.67ns)   --->   "%b_row_major_2_load = load i8 %b_row_major_2_addr" [mmult.cpp:132]   --->   Operation 60 'load' 'b_row_major_2_load' <Predicate = true> <Delay = 0.67> <CoreInst = "RAM_2P_LUTRAM">   --->   Core 93 'RAM_2P_LUTRAM' <Latency = 1> <II = 1> <Delay = 0.67> <Storage> <Opcode : 'load' 'store'> <Ports = 2> <Width = 8> <Depth = 256> <RAM>
ST_2 : Operation 61 [1/1] (0.39ns) (out node of the LUT)   --->   "%b_val_12 = select i1 %and_ln132_2, i8 %b_row_major_2_load, i8 0" [mmult.cpp:132]   --->   Operation 61 'select' 'b_val_12' <Predicate = true> <Delay = 0.39> <CoreInst = "Sel">   --->   Core 73 'Sel' <Latency = 0> <II = 1> <Delay = 0.39> <FuncUnit> <Opcode : 'select'> <InPorts = 3> <OutPorts = 1>
ST_2 : Operation 62 [1/1] (0.00ns)   --->   "%sext_ln133_4 = sext i8 %b_val_12" [mmult.cpp:133]   --->   Operation 62 'sext' 'sext_ln133_4' <Predicate = true> <Delay = 0.00>
ST_2 : Operation 63 [3/3] (0.99ns) (grouped into DSP with root node result_12)   --->   "%mul_ln133_2 = mul i16 %sext_ln133_4, i16 %sext_ln133_cast" [mmult.cpp:133]   --->   Operation 63 'mul' 'mul_ln133_2' <Predicate = true> <Delay = 0.99> <CoreInst = "DSP48">   --->   Core 127 'DSP48' <Latency = 3> <II = 1> <Delay = 0.53> <IPBlock> <Opcode : '' 'add' 'sub' 'mul' 'select'> <InPorts = 0> <OutPorts = 1> <Sync> <CReg>
ST_2 : Operation 64 [1/1] (0.00ns) (grouped into LUT with out node b_val_13)   --->   "%and_ln132_3 = and i1 %select_ln116_1_read, i1 %icmp_ln132_3" [mmult.cpp:132]   --->   Operation 64 'and' 'and_ln132_3' <Predicate = true> <Delay = 0.00> <CoreInst = "LogicGate">   --->   Core 74 'LogicGate' <Latency = 0> <II = 1> <Delay = 0.28> <FuncUnit> <Opcode : 'and' 'or' 'xor'> <InPorts = 2> <OutPorts = 1>
ST_2 : Operation 65 [1/2] (0.67ns)   --->   "%b_row_major_3_load = load i8 %b_row_major_3_addr" [mmult.cpp:132]   --->   Operation 65 'load' 'b_row_major_3_load' <Predicate = true> <Delay = 0.67> <CoreInst = "RAM_2P_LUTRAM">   --->   Core 93 'RAM_2P_LUTRAM' <Latency = 1> <II = 1> <Delay = 0.67> <Storage> <Opcode : 'load' 'store'> <Ports = 2> <Width = 8> <Depth = 256> <RAM>
ST_2 : Operation 66 [1/1] (0.39ns) (out node of the LUT)   --->   "%b_val_13 = select i1 %and_ln132_3, i8 %b_row_major_3_load, i8 0" [mmult.cpp:132]   --->   Operation 66 'select' 'b_val_13' <Predicate = true> <Delay = 0.39> <CoreInst = "Sel">   --->   Core 73 'Sel' <Latency = 0> <II = 1> <Delay = 0.39> <FuncUnit> <Opcode : 'select'> <InPorts = 3> <OutPorts = 1>
ST_2 : Operation 67 [1/1] (0.00ns)   --->   "%sext_ln133_5 = sext i8 %b_val_13" [mmult.cpp:133]   --->   Operation 67 'sext' 'sext_ln133_5' <Predicate = true> <Delay = 0.00>
ST_2 : Operation 68 [3/3] (0.99ns) (grouped into DSP with root node result_13)   --->   "%mul_ln133_3 = mul i16 %sext_ln133_5, i16 %sext_ln133_cast" [mmult.cpp:133]   --->   Operation 68 'mul' 'mul_ln133_3' <Predicate = true> <Delay = 0.99> <CoreInst = "DSP48">   --->   Core 127 'DSP48' <Latency = 3> <II = 1> <Delay = 0.53> <IPBlock> <Opcode : '' 'add' 'sub' 'mul' 'select'> <InPorts = 0> <OutPorts = 1> <Sync> <CReg>

State 3 <SV = 2> <Delay = 1.23>
ST_3 : Operation 69 [1/1] (0.00ns)   --->   "%tmp_5 = partselect i3 @_ssdm_op_PartSelect.i3.i5.i32.i32, i5 %select_ln116_read, i32 2, i32 4" [mmult.cpp:125]   --->   Operation 69 'partselect' 'tmp_5' <Predicate = true> <Delay = 0.00>
ST_3 : Operation 70 [1/1] (0.00ns)   --->   "%tmp_6 = bitconcatenate i6 @_ssdm_op_BitConcatenate.i6.i3.i3, i3 %tmp_5, i3 %lshr_ln1" [mmult.cpp:125]   --->   Operation 70 'bitconcatenate' 'tmp_6' <Predicate = true> <Delay = 0.00>
ST_3 : Operation 71 [1/1] (0.00ns)   --->   "%zext_ln125_5 = zext i6 %tmp_6" [mmult.cpp:125]   --->   Operation 71 'zext' 'zext_ln125_5' <Predicate = true> <Delay = 0.00>
ST_3 : Operation 72 [1/1] (0.00ns)   --->   "%c_row_major_0_0_addr = getelementptr i16 %c_row_major_0_0, i64 0, i64 %zext_ln125_5" [mmult.cpp:125]   --->   Operation 72 'getelementptr' 'c_row_major_0_0_addr' <Predicate = true> <Delay = 0.00>
ST_3 : Operation 73 [1/1] (0.00ns)   --->   "%c_row_major_0_1_addr = getelementptr i16 %c_row_major_0_1, i64 0, i64 %zext_ln125_5" [mmult.cpp:125]   --->   Operation 73 'getelementptr' 'c_row_major_0_1_addr' <Predicate = true> <Delay = 0.00>
ST_3 : Operation 74 [1/1] (0.00ns)   --->   "%c_row_major_0_2_addr = getelementptr i16 %c_row_major_0_2, i64 0, i64 %zext_ln125_5" [mmult.cpp:125]   --->   Operation 74 'getelementptr' 'c_row_major_0_2_addr' <Predicate = true> <Delay = 0.00>
ST_3 : Operation 75 [1/1] (0.00ns)   --->   "%c_row_major_0_3_addr = getelementptr i16 %c_row_major_0_3, i64 0, i64 %zext_ln125_5" [mmult.cpp:125]   --->   Operation 75 'getelementptr' 'c_row_major_0_3_addr' <Predicate = true> <Delay = 0.00>
ST_3 : Operation 76 [2/2] (1.23ns)   --->   "%last = load i6 %c_row_major_0_0_addr" [mmult.cpp:125]   --->   Operation 76 'load' 'last' <Predicate = true> <Delay = 1.23> <CoreInst = "RAM">   --->   Core 83 'RAM' <Latency = 1> <II = 1> <Delay = 1.23> <Storage> <Opcode : 'load' 'store'> <Ports = 2> <Width = 16> <Depth = 64> <RAM>
ST_3 : Operation 77 [2/3] (0.99ns) (grouped into DSP with root node result)   --->   "%mul_ln133 = mul i16 %sext_ln133_1, i16 %sext_ln133_cast" [mmult.cpp:133]   --->   Operation 77 'mul' 'mul_ln133' <Predicate = true> <Delay = 0.99> <CoreInst = "DSP48">   --->   Core 127 'DSP48' <Latency = 3> <II = 1> <Delay = 0.53> <IPBlock> <Opcode : '' 'add' 'sub' 'mul' 'select'> <InPorts = 0> <OutPorts = 1> <Sync> <CReg>
ST_3 : Operation 78 [2/2] (1.23ns)   --->   "%last_11 = load i6 %c_row_major_0_1_addr" [mmult.cpp:125]   --->   Operation 78 'load' 'last_11' <Predicate = true> <Delay = 1.23> <CoreInst = "RAM">   --->   Core 83 'RAM' <Latency = 1> <II = 1> <Delay = 1.23> <Storage> <Opcode : 'load' 'store'> <Ports = 2> <Width = 16> <Depth = 64> <RAM>
ST_3 : Operation 79 [2/3] (0.99ns) (grouped into DSP with root node result_11)   --->   "%mul_ln133_1 = mul i16 %sext_ln133_2, i16 %sext_ln133_cast" [mmult.cpp:133]   --->   Operation 79 'mul' 'mul_ln133_1' <Predicate = true> <Delay = 0.99> <CoreInst = "DSP48">   --->   Core 127 'DSP48' <Latency = 3> <II = 1> <Delay = 0.53> <IPBlock> <Opcode : '' 'add' 'sub' 'mul' 'select'> <InPorts = 0> <OutPorts = 1> <Sync> <CReg>
ST_3 : Operation 80 [2/2] (1.23ns)   --->   "%last_12 = load i6 %c_row_major_0_2_addr" [mmult.cpp:125]   --->   Operation 80 'load' 'last_12' <Predicate = true> <Delay = 1.23> <CoreInst = "RAM">   --->   Core 83 'RAM' <Latency = 1> <II = 1> <Delay = 1.23> <Storage> <Opcode : 'load' 'store'> <Ports = 2> <Width = 16> <Depth = 64> <RAM>
ST_3 : Operation 81 [2/3] (0.99ns) (grouped into DSP with root node result_12)   --->   "%mul_ln133_2 = mul i16 %sext_ln133_4, i16 %sext_ln133_cast" [mmult.cpp:133]   --->   Operation 81 'mul' 'mul_ln133_2' <Predicate = true> <Delay = 0.99> <CoreInst = "DSP48">   --->   Core 127 'DSP48' <Latency = 3> <II = 1> <Delay = 0.53> <IPBlock> <Opcode : '' 'add' 'sub' 'mul' 'select'> <InPorts = 0> <OutPorts = 1> <Sync> <CReg>
ST_3 : Operation 82 [2/2] (1.23ns)   --->   "%last_13 = load i6 %c_row_major_0_3_addr" [mmult.cpp:125]   --->   Operation 82 'load' 'last_13' <Predicate = true> <Delay = 1.23> <CoreInst = "RAM">   --->   Core 83 'RAM' <Latency = 1> <II = 1> <Delay = 1.23> <Storage> <Opcode : 'load' 'store'> <Ports = 2> <Width = 16> <Depth = 64> <RAM>
ST_3 : Operation 83 [2/3] (0.99ns) (grouped into DSP with root node result_13)   --->   "%mul_ln133_3 = mul i16 %sext_ln133_5, i16 %sext_ln133_cast" [mmult.cpp:133]   --->   Operation 83 'mul' 'mul_ln133_3' <Predicate = true> <Delay = 0.99> <CoreInst = "DSP48">   --->   Core 127 'DSP48' <Latency = 3> <II = 1> <Delay = 0.53> <IPBlock> <Opcode : '' 'add' 'sub' 'mul' 'select'> <InPorts = 0> <OutPorts = 1> <Sync> <CReg>

State 4 <SV = 3> <Delay = 1.88>
ST_4 : Operation 84 [1/2] (1.23ns)   --->   "%last = load i6 %c_row_major_0_0_addr" [mmult.cpp:125]   --->   Operation 84 'load' 'last' <Predicate = true> <Delay = 1.23> <CoreInst = "RAM">   --->   Core 83 'RAM' <Latency = 1> <II = 1> <Delay = 1.23> <Storage> <Opcode : 'load' 'store'> <Ports = 2> <Width = 16> <Depth = 64> <RAM>
ST_4 : Operation 85 [1/3] (0.00ns) (grouped into DSP with root node result)   --->   "%mul_ln133 = mul i16 %sext_ln133_1, i16 %sext_ln133_cast" [mmult.cpp:133]   --->   Operation 85 'mul' 'mul_ln133' <Predicate = true> <Delay = 0.00> <CoreInst = "DSP48">   --->   Core 127 'DSP48' <Latency = 3> <II = 1> <Delay = 0.53> <IPBlock> <Opcode : '' 'add' 'sub' 'mul' 'select'> <InPorts = 0> <OutPorts = 1> <Sync> <CReg>
ST_4 : Operation 86 [2/2] (0.64ns) (root node of the DSP)   --->   "%result = add i16 %last, i16 %mul_ln133" [mmult.cpp:133]   --->   Operation 86 'add' 'result' <Predicate = true> <Delay = 0.64> <CoreInst = "DSP48">   --->   Core 127 'DSP48' <Latency = 3> <II = 1> <Delay = 0.53> <IPBlock> <Opcode : '' 'add' 'sub' 'mul' 'select'> <InPorts = 0> <OutPorts = 1> <Sync> <CReg>
ST_4 : Operation 87 [1/2] (1.23ns)   --->   "%last_11 = load i6 %c_row_major_0_1_addr" [mmult.cpp:125]   --->   Operation 87 'load' 'last_11' <Predicate = true> <Delay = 1.23> <CoreInst = "RAM">   --->   Core 83 'RAM' <Latency = 1> <II = 1> <Delay = 1.23> <Storage> <Opcode : 'load' 'store'> <Ports = 2> <Width = 16> <Depth = 64> <RAM>
ST_4 : Operation 88 [1/3] (0.00ns) (grouped into DSP with root node result_11)   --->   "%mul_ln133_1 = mul i16 %sext_ln133_2, i16 %sext_ln133_cast" [mmult.cpp:133]   --->   Operation 88 'mul' 'mul_ln133_1' <Predicate = true> <Delay = 0.00> <CoreInst = "DSP48">   --->   Core 127 'DSP48' <Latency = 3> <II = 1> <Delay = 0.53> <IPBlock> <Opcode : '' 'add' 'sub' 'mul' 'select'> <InPorts = 0> <OutPorts = 1> <Sync> <CReg>
ST_4 : Operation 89 [2/2] (0.64ns) (root node of the DSP)   --->   "%result_11 = add i16 %last_11, i16 %mul_ln133_1" [mmult.cpp:133]   --->   Operation 89 'add' 'result_11' <Predicate = true> <Delay = 0.64> <CoreInst = "DSP48">   --->   Core 127 'DSP48' <Latency = 3> <II = 1> <Delay = 0.53> <IPBlock> <Opcode : '' 'add' 'sub' 'mul' 'select'> <InPorts = 0> <OutPorts = 1> <Sync> <CReg>
ST_4 : Operation 90 [1/2] (1.23ns)   --->   "%last_12 = load i6 %c_row_major_0_2_addr" [mmult.cpp:125]   --->   Operation 90 'load' 'last_12' <Predicate = true> <Delay = 1.23> <CoreInst = "RAM">   --->   Core 83 'RAM' <Latency = 1> <II = 1> <Delay = 1.23> <Storage> <Opcode : 'load' 'store'> <Ports = 2> <Width = 16> <Depth = 64> <RAM>
ST_4 : Operation 91 [1/3] (0.00ns) (grouped into DSP with root node result_12)   --->   "%mul_ln133_2 = mul i16 %sext_ln133_4, i16 %sext_ln133_cast" [mmult.cpp:133]   --->   Operation 91 'mul' 'mul_ln133_2' <Predicate = true> <Delay = 0.00> <CoreInst = "DSP48">   --->   Core 127 'DSP48' <Latency = 3> <II = 1> <Delay = 0.53> <IPBlock> <Opcode : '' 'add' 'sub' 'mul' 'select'> <InPorts = 0> <OutPorts = 1> <Sync> <CReg>
ST_4 : Operation 92 [2/2] (0.64ns) (root node of the DSP)   --->   "%result_12 = add i16 %last_12, i16 %mul_ln133_2" [mmult.cpp:133]   --->   Operation 92 'add' 'result_12' <Predicate = true> <Delay = 0.64> <CoreInst = "DSP48">   --->   Core 127 'DSP48' <Latency = 3> <II = 1> <Delay = 0.53> <IPBlock> <Opcode : '' 'add' 'sub' 'mul' 'select'> <InPorts = 0> <OutPorts = 1> <Sync> <CReg>
ST_4 : Operation 93 [1/2] (1.23ns)   --->   "%last_13 = load i6 %c_row_major_0_3_addr" [mmult.cpp:125]   --->   Operation 93 'load' 'last_13' <Predicate = true> <Delay = 1.23> <CoreInst = "RAM">   --->   Core 83 'RAM' <Latency = 1> <II = 1> <Delay = 1.23> <Storage> <Opcode : 'load' 'store'> <Ports = 2> <Width = 16> <Depth = 64> <RAM>
ST_4 : Operation 94 [1/3] (0.00ns) (grouped into DSP with root node result_13)   --->   "%mul_ln133_3 = mul i16 %sext_ln133_5, i16 %sext_ln133_cast" [mmult.cpp:133]   --->   Operation 94 'mul' 'mul_ln133_3' <Predicate = true> <Delay = 0.00> <CoreInst = "DSP48">   --->   Core 127 'DSP48' <Latency = 3> <II = 1> <Delay = 0.53> <IPBlock> <Opcode : '' 'add' 'sub' 'mul' 'select'> <InPorts = 0> <OutPorts = 1> <Sync> <CReg>
ST_4 : Operation 95 [2/2] (0.64ns) (root node of the DSP)   --->   "%result_13 = add i16 %last_13, i16 %mul_ln133_3" [mmult.cpp:133]   --->   Operation 95 'add' 'result_13' <Predicate = true> <Delay = 0.64> <CoreInst = "DSP48">   --->   Core 127 'DSP48' <Latency = 3> <II = 1> <Delay = 0.53> <IPBlock> <Opcode : '' 'add' 'sub' 'mul' 'select'> <InPorts = 0> <OutPorts = 1> <Sync> <CReg>
ST_4 : Operation 108 [1/1] (0.00ns)   --->   "%ret_ln0 = ret"   --->   Operation 108 'ret' 'ret_ln0' <Predicate = (tmp)> <Delay = 0.00>

State 5 <SV = 4> <Delay = 1.88>
ST_5 : Operation 96 [1/1] (0.00ns)   --->   "%specpipeline_ln122 = specpipeline void @_ssdm_op_SpecPipeline, i32 4294967295, i32 0, i32 0, i32 0, void @empty_5" [mmult.cpp:122]   --->   Operation 96 'specpipeline' 'specpipeline_ln122' <Predicate = true> <Delay = 0.00>
ST_5 : Operation 97 [1/1] (0.00ns)   --->   "%speclooptripcount_ln122 = speclooptripcount void @_ssdm_op_SpecLoopTripCount, i64 8, i64 8, i64 8" [mmult.cpp:122]   --->   Operation 97 'speclooptripcount' 'speclooptripcount_ln122' <Predicate = true> <Delay = 0.00>
ST_5 : Operation 98 [1/1] (0.00ns)   --->   "%specloopname_ln122 = specloopname void @_ssdm_op_SpecLoopName, void @empty_12" [mmult.cpp:122]   --->   Operation 98 'specloopname' 'specloopname_ln122' <Predicate = true> <Delay = 0.00>
ST_5 : Operation 99 [1/2] (0.64ns) (root node of the DSP)   --->   "%result = add i16 %last, i16 %mul_ln133" [mmult.cpp:133]   --->   Operation 99 'add' 'result' <Predicate = true> <Delay = 0.64> <CoreInst = "DSP48">   --->   Core 127 'DSP48' <Latency = 3> <II = 1> <Delay = 0.53> <IPBlock> <Opcode : '' 'add' 'sub' 'mul' 'select'> <InPorts = 0> <OutPorts = 1> <Sync> <CReg>
ST_5 : Operation 100 [1/1] (1.23ns)   --->   "%store_ln136 = store i16 %result, i6 %c_row_major_0_0_addr" [mmult.cpp:136]   --->   Operation 100 'store' 'store_ln136' <Predicate = true> <Delay = 1.23> <CoreInst = "RAM">   --->   Core 83 'RAM' <Latency = 1> <II = 1> <Delay = 1.23> <Storage> <Opcode : 'load' 'store'> <Ports = 2> <Width = 16> <Depth = 64> <RAM>
ST_5 : Operation 101 [1/2] (0.64ns) (root node of the DSP)   --->   "%result_11 = add i16 %last_11, i16 %mul_ln133_1" [mmult.cpp:133]   --->   Operation 101 'add' 'result_11' <Predicate = true> <Delay = 0.64> <CoreInst = "DSP48">   --->   Core 127 'DSP48' <Latency = 3> <II = 1> <Delay = 0.53> <IPBlock> <Opcode : '' 'add' 'sub' 'mul' 'select'> <InPorts = 0> <OutPorts = 1> <Sync> <CReg>
ST_5 : Operation 102 [1/1] (1.23ns)   --->   "%store_ln136 = store i16 %result_11, i6 %c_row_major_0_1_addr" [mmult.cpp:136]   --->   Operation 102 'store' 'store_ln136' <Predicate = true> <Delay = 1.23> <CoreInst = "RAM">   --->   Core 83 'RAM' <Latency = 1> <II = 1> <Delay = 1.23> <Storage> <Opcode : 'load' 'store'> <Ports = 2> <Width = 16> <Depth = 64> <RAM>
ST_5 : Operation 103 [1/2] (0.64ns) (root node of the DSP)   --->   "%result_12 = add i16 %last_12, i16 %mul_ln133_2" [mmult.cpp:133]   --->   Operation 103 'add' 'result_12' <Predicate = true> <Delay = 0.64> <CoreInst = "DSP48">   --->   Core 127 'DSP48' <Latency = 3> <II = 1> <Delay = 0.53> <IPBlock> <Opcode : '' 'add' 'sub' 'mul' 'select'> <InPorts = 0> <OutPorts = 1> <Sync> <CReg>
ST_5 : Operation 104 [1/1] (1.23ns)   --->   "%store_ln136 = store i16 %result_12, i6 %c_row_major_0_2_addr" [mmult.cpp:136]   --->   Operation 104 'store' 'store_ln136' <Predicate = true> <Delay = 1.23> <CoreInst = "RAM">   --->   Core 83 'RAM' <Latency = 1> <II = 1> <Delay = 1.23> <Storage> <Opcode : 'load' 'store'> <Ports = 2> <Width = 16> <Depth = 64> <RAM>
ST_5 : Operation 105 [1/2] (0.64ns) (root node of the DSP)   --->   "%result_13 = add i16 %last_13, i16 %mul_ln133_3" [mmult.cpp:133]   --->   Operation 105 'add' 'result_13' <Predicate = true> <Delay = 0.64> <CoreInst = "DSP48">   --->   Core 127 'DSP48' <Latency = 3> <II = 1> <Delay = 0.53> <IPBlock> <Opcode : '' 'add' 'sub' 'mul' 'select'> <InPorts = 0> <OutPorts = 1> <Sync> <CReg>
ST_5 : Operation 106 [1/1] (1.23ns)   --->   "%store_ln136 = store i16 %result_13, i6 %c_row_major_0_3_addr" [mmult.cpp:136]   --->   Operation 106 'store' 'store_ln136' <Predicate = true> <Delay = 1.23> <CoreInst = "RAM">   --->   Core 83 'RAM' <Latency = 1> <II = 1> <Delay = 1.23> <Storage> <Opcode : 'load' 'store'> <Ports = 2> <Width = 16> <Depth = 64> <RAM>
ST_5 : Operation 107 [1/1] (0.00ns)   --->   "%br_ln122 = br void %for.body8" [mmult.cpp:122]   --->   Operation 107 'br' 'br_ln122' <Predicate = true> <Delay = 0.00>


============================================================
+ Verbose Summary: Timing violations
============================================================
Target clock period: 3.300ns, clock uncertainty: 0.891ns.

 <State 1>: 1.635ns
The critical path consists of the following:
	'store' operation 0 bit ('store_ln122', mmult.cpp:122) of constant 0 on local variable 'j', mmult.cpp:122 [25]  (0.427 ns)
	'load' operation 6 bit ('j', mmult.cpp:122) on local variable 'j', mmult.cpp:122 [28]  (0.000 ns)
	'add' operation 6 bit ('add_ln122', mmult.cpp:122) [93]  (0.781 ns)
	'store' operation 0 bit ('store_ln122', mmult.cpp:122) of variable 'add_ln122', mmult.cpp:122 on local variable 'j', mmult.cpp:122 [94]  (0.427 ns)

 <State 2>: 2.066ns
The critical path consists of the following:
	'load' operation 8 bit ('b_row_major_0_load', mmult.cpp:132) on array 'b_row_major_0' [56]  (0.677 ns)
	'select' operation 8 bit ('b_val', mmult.cpp:132) [57]  (0.393 ns)
	'mul' operation 16 bit of DSP[60] ('mul_ln133', mmult.cpp:133) [59]  (0.996 ns)

 <State 3>: 1.237ns
The critical path consists of the following:
	'getelementptr' operation 6 bit ('c_row_major_0_0_addr', mmult.cpp:125) [49]  (0.000 ns)
	'load' operation 16 bit ('last', mmult.cpp:125) on array 'c_row_major_0_0' [53]  (1.237 ns)

 <State 4>: 1.882ns
The critical path consists of the following:
	'load' operation 16 bit ('last', mmult.cpp:125) on array 'c_row_major_0_0' [53]  (1.237 ns)
	'add' operation 16 bit of DSP[60] ('result', mmult.cpp:133) [60]  (0.645 ns)

 <State 5>: 1.882ns
The critical path consists of the following:
	'add' operation 16 bit of DSP[60] ('result', mmult.cpp:133) [60]  (0.645 ns)
	'store' operation 0 bit ('store_ln136', mmult.cpp:136) of variable 'result', mmult.cpp:133 on array 'c_row_major_0_0' [62]  (1.237 ns)


============================================================
+ Verbose Summary: Binding
============================================================
N/A
* FSMD analyzer results:
  - Output states:
 - Input state : 
  - Chain level:
	State 1
	State 2
	State 3
	State 4
	State 5


============================================================
+ Verbose Summary: Datapath Resource usage 
============================================================
N/A
