

================================================================
== Vitis HLS Report for 'tile_process_Pipeline_systolic33'
================================================================
* Date:           Sun Apr 12 17:39:47 2026

* Version:        2023.2 (Build 4023990 on Oct 11 2023)
* Project:        hls_prj
* Solution:       s1 (Vivado IP Flow Target)
* Product family: zynquplus
* Target device:  xck26-sfvc784-2LV-c


================================================================
== Performance Estimates
================================================================
+ Timing: 
    * Summary: 
    +--------+---------+----------+------------+
    |  Clock |  Target | Estimated| Uncertainty|
    +--------+---------+----------+------------+
    |ap_clk  |  3.30 ns|  2.066 ns|     0.89 ns|
    +--------+---------+----------+------------+

+ Latency: 
    * Summary: 
    +---------+---------+-----------+-----------+-----+-----+---------+
    |  Latency (cycles) |   Latency (absolute)  |  Interval | Pipeline|
    |   min   |   max   |    min    |    max    | min | max |   Type  |
    +---------+---------+-----------+-----------+-----+-----+---------+
    |       13|       13|  42.900 ns|  42.900 ns|   13|   13|       no|
    +---------+---------+-----------+-----------+-----+-----+---------+

    + Detail: 
        * Instance: 
        N/A

        * Loop: 
        +-------------+---------+---------+----------+-----------+-----------+------+----------+
        |             |  Latency (cycles) | Iteration|  Initiation Interval  | Trip |          |
        |  Loop Name  |   min   |   max   |  Latency |  achieved |   target  | Count| Pipelined|
        +-------------+---------+---------+----------+-----------+-----------+------+----------+
        |- systolic3  |       11|       11|         5|          1|          1|     8|       yes|
        +-------------+---------+---------+----------+-----------+-----------+------+----------+

============================================================
+ Verbose Summary: Synthesis Manager
============================================================
InlineROM: 1
ExposeGlobal: 0
============================================================
+ Verbose Summary: CDFG Model
============================================================
IsTopModel: 0
ResetActiveHigh: 1
IsCombinational: 0
IsDatapathOnly: 0
HasWiredReturn: 1
HasMFsm: 2
HasVarLatency: 1
IsPipeline: 0
IsRtlPipelined: 0
IsInstanceOverlapped: 0
IsDontTouch: 0
HasImplIP: 0
IsGatedGlobalClock: 0

+ Individual pipeline summary: 
  * Pipeline-0: initiation interval (II) = 1, depth = 5


============================================================
+ Verbose Summary: Schedule
============================================================
* Number of FSM states : 5
* Pipeline : 1
  Pipeline-0 : II = 1, D = 5, States = { 1 2 3 4 5 }
* Dataflow Pipeline: 0

* FSM state transitions: 
1 --> 2 
2 --> 3 
3 --> 4 
4 --> 5 
5 --> 

* FSM state operations: 

State 1 <SV = 0> <Delay = 1.63>
ST_1 : Operation 8 [1/1] (0.00ns)   --->   "%j = alloca i32 1" [mmult.cpp:123]   --->   Operation 8 'alloca' 'j' <Predicate = true> <Delay = 0.00>
ST_1 : Operation 9 [1/1] (0.00ns)   --->   "%sext_ln134_8_read = read i8 @_ssdm_op_Read.ap_auto.i8, i8 %sext_ln134_8"   --->   Operation 9 'read' 'sext_ln134_8_read' <Predicate = true> <Delay = 0.00>
ST_1 : Operation 10 [1/1] (0.00ns)   --->   "%select_ln117_1_read = read i1 @_ssdm_op_Read.ap_auto.i1, i1 %select_ln117_1"   --->   Operation 10 'read' 'select_ln117_1_read' <Predicate = true> <Delay = 0.00>
ST_1 : Operation 11 [1/1] (0.00ns)   --->   "%b_col_read = read i32 @_ssdm_op_Read.ap_auto.i32, i32 %b_col"   --->   Operation 11 'read' 'b_col_read' <Predicate = true> <Delay = 0.00>
ST_1 : Operation 12 [1/1] (0.00ns)   --->   "%select_ln117_read = read i5 @_ssdm_op_Read.ap_auto.i5, i5 %select_ln117"   --->   Operation 12 'read' 'select_ln117_read' <Predicate = true> <Delay = 0.00>
ST_1 : Operation 13 [1/1] (0.00ns)   --->   "%select_ln117_3_read = read i5 @_ssdm_op_Read.ap_auto.i5, i5 %select_ln117_3"   --->   Operation 13 'read' 'select_ln117_3_read' <Predicate = true> <Delay = 0.00>
ST_1 : Operation 14 [1/1] (0.00ns)   --->   "%sext_ln134_8_cast = sext i8 %sext_ln134_8_read"   --->   Operation 14 'sext' 'sext_ln134_8_cast' <Predicate = true> <Delay = 0.00>
ST_1 : Operation 15 [1/1] (0.00ns)   --->   "%specmemcore_ln0 = specmemcore void @_ssdm_op_SpecMemCore, i8 %b_row_major_3, i64 666, i64 23, i64 18446744073709551615"   --->   Operation 15 'specmemcore' 'specmemcore_ln0' <Predicate = true> <Delay = 0.00>
ST_1 : Operation 16 [1/1] (0.00ns)   --->   "%specmemcore_ln0 = specmemcore void @_ssdm_op_SpecMemCore, i8 %b_row_major_2, i64 666, i64 23, i64 18446744073709551615"   --->   Operation 16 'specmemcore' 'specmemcore_ln0' <Predicate = true> <Delay = 0.00>
ST_1 : Operation 17 [1/1] (0.00ns)   --->   "%specmemcore_ln0 = specmemcore void @_ssdm_op_SpecMemCore, i8 %b_row_major_1, i64 666, i64 23, i64 18446744073709551615"   --->   Operation 17 'specmemcore' 'specmemcore_ln0' <Predicate = true> <Delay = 0.00>
ST_1 : Operation 18 [1/1] (0.00ns)   --->   "%specmemcore_ln0 = specmemcore void @_ssdm_op_SpecMemCore, i8 %b_row_major_0, i64 666, i64 23, i64 18446744073709551615"   --->   Operation 18 'specmemcore' 'specmemcore_ln0' <Predicate = true> <Delay = 0.00>
ST_1 : Operation 19 [1/1] (0.42ns)   --->   "%store_ln123 = store i6 0, i6 %j" [mmult.cpp:123]   --->   Operation 19 'store' 'store_ln123' <Predicate = true> <Delay = 0.42>
ST_1 : Operation 20 [1/1] (0.00ns)   --->   "%br_ln0 = br void %for.body8.2"   --->   Operation 20 'br' 'br_ln0' <Predicate = true> <Delay = 0.00>
ST_1 : Operation 21 [1/1] (0.00ns)   --->   "%j_2 = load i6 %j" [mmult.cpp:123]   --->   Operation 21 'load' 'j_2' <Predicate = true> <Delay = 0.00>
ST_1 : Operation 22 [1/1] (0.00ns)   --->   "%tmp = bitselect i1 @_ssdm_op_BitSelect.i1.i6.i32, i6 %j_2, i32 5" [mmult.cpp:123]   --->   Operation 22 'bitselect' 'tmp' <Predicate = true> <Delay = 0.00>
ST_1 : Operation 23 [1/1] (0.00ns)   --->   "%br_ln123 = br i1 %tmp, void %for.body8.2.split_ifconv, void %for.inc33.2_ifconv.exitStub" [mmult.cpp:123]   --->   Operation 23 'br' 'br_ln123' <Predicate = true> <Delay = 0.00>
ST_1 : Operation 24 [1/1] (0.00ns)   --->   "%trunc_ln123 = trunc i6 %j_2" [mmult.cpp:123]   --->   Operation 24 'trunc' 'trunc_ln123' <Predicate = (!tmp)> <Delay = 0.00>
ST_1 : Operation 25 [1/1] (0.00ns)   --->   "%zext_ln123 = zext i6 %j_2" [mmult.cpp:123]   --->   Operation 25 'zext' 'zext_ln123' <Predicate = (!tmp)> <Delay = 0.00>
ST_1 : Operation 26 [1/1] (0.00ns) (grouped into LUT with out node icmp_ln133_4)   --->   "%or_ln123 = or i5 %trunc_ln123, i5 1" [mmult.cpp:123]   --->   Operation 26 'or' 'or_ln123' <Predicate = (!tmp)> <Delay = 0.00>
ST_1 : Operation 27 [1/1] (0.00ns) (grouped into LUT with out node icmp_ln133_4)   --->   "%zext_ln123_2 = zext i5 %or_ln123" [mmult.cpp:123]   --->   Operation 27 'zext' 'zext_ln123_2' <Predicate = (!tmp)> <Delay = 0.00>
ST_1 : Operation 28 [1/1] (0.00ns)   --->   "%lshr_ln123_2 = partselect i3 @_ssdm_op_PartSelect.i3.i6.i32.i32, i6 %j_2, i32 2, i32 4" [mmult.cpp:123]   --->   Operation 28 'partselect' 'lshr_ln123_2' <Predicate = (!tmp)> <Delay = 0.00>
ST_1 : Operation 29 [1/1] (0.00ns)   --->   "%tmp_s = bitconcatenate i8 @_ssdm_op_BitConcatenate.i8.i5.i3, i5 %select_ln117_3_read, i3 %lshr_ln123_2" [mmult.cpp:133]   --->   Operation 29 'bitconcatenate' 'tmp_s' <Predicate = (!tmp)> <Delay = 0.00>
ST_1 : Operation 30 [1/1] (0.00ns)   --->   "%zext_ln133 = zext i8 %tmp_s" [mmult.cpp:133]   --->   Operation 30 'zext' 'zext_ln133' <Predicate = (!tmp)> <Delay = 0.00>
ST_1 : Operation 31 [1/1] (0.00ns)   --->   "%b_row_major_0_addr = getelementptr i8 %b_row_major_0, i64 0, i64 %zext_ln133" [mmult.cpp:133]   --->   Operation 31 'getelementptr' 'b_row_major_0_addr' <Predicate = (!tmp)> <Delay = 0.00>
ST_1 : Operation 32 [1/1] (0.00ns)   --->   "%b_row_major_1_addr = getelementptr i8 %b_row_major_1, i64 0, i64 %zext_ln133" [mmult.cpp:133]   --->   Operation 32 'getelementptr' 'b_row_major_1_addr' <Predicate = (!tmp)> <Delay = 0.00>
ST_1 : Operation 33 [1/1] (0.00ns)   --->   "%b_row_major_2_addr = getelementptr i8 %b_row_major_2, i64 0, i64 %zext_ln133" [mmult.cpp:133]   --->   Operation 33 'getelementptr' 'b_row_major_2_addr' <Predicate = (!tmp)> <Delay = 0.00>
ST_1 : Operation 34 [1/1] (0.00ns)   --->   "%b_row_major_3_addr = getelementptr i8 %b_row_major_3, i64 0, i64 %zext_ln133" [mmult.cpp:133]   --->   Operation 34 'getelementptr' 'b_row_major_3_addr' <Predicate = (!tmp)> <Delay = 0.00>
ST_1 : Operation 35 [1/1] (1.01ns)   --->   "%icmp_ln133 = icmp_slt  i32 %zext_ln123, i32 %b_col_read" [mmult.cpp:133]   --->   Operation 35 'icmp' 'icmp_ln133' <Predicate = (!tmp)> <Delay = 1.01> <CoreInst = "Cmp">   --->   Core 9 'Cmp' <Latency = 0> <II = 1> <Delay = 1.01> <FuncUnit> <Opcode : 'icmp'> <InPorts = 2> <OutPorts = 1>
ST_1 : Operation 36 [2/2] (0.67ns)   --->   "%b_row_major_0_load = load i8 %b_row_major_0_addr" [mmult.cpp:133]   --->   Operation 36 'load' 'b_row_major_0_load' <Predicate = (!tmp)> <Delay = 0.67> <CoreInst = "RAM_2P_LUTRAM">   --->   Core 93 'RAM_2P_LUTRAM' <Latency = 1> <II = 1> <Delay = 0.67> <Storage> <Opcode : 'load' 'store'> <Ports = 2> <Width = 8> <Depth = 256> <RAM>
ST_1 : Operation 37 [1/1] (1.01ns) (out node of the LUT)   --->   "%icmp_ln133_4 = icmp_slt  i32 %zext_ln123_2, i32 %b_col_read" [mmult.cpp:133]   --->   Operation 37 'icmp' 'icmp_ln133_4' <Predicate = (!tmp)> <Delay = 1.01> <CoreInst = "Cmp">   --->   Core 9 'Cmp' <Latency = 0> <II = 1> <Delay = 1.01> <FuncUnit> <Opcode : 'icmp'> <InPorts = 2> <OutPorts = 1>
ST_1 : Operation 38 [2/2] (0.67ns)   --->   "%b_row_major_1_load = load i8 %b_row_major_1_addr" [mmult.cpp:133]   --->   Operation 38 'load' 'b_row_major_1_load' <Predicate = (!tmp)> <Delay = 0.67> <CoreInst = "RAM_2P_LUTRAM">   --->   Core 93 'RAM_2P_LUTRAM' <Latency = 1> <II = 1> <Delay = 0.67> <Storage> <Opcode : 'load' 'store'> <Ports = 2> <Width = 8> <Depth = 256> <RAM>
ST_1 : Operation 39 [1/1] (0.00ns) (grouped into LUT with out node icmp_ln133_5)   --->   "%or_ln123_3 = or i5 %trunc_ln123, i5 2" [mmult.cpp:123]   --->   Operation 39 'or' 'or_ln123_3' <Predicate = (!tmp)> <Delay = 0.00>
ST_1 : Operation 40 [1/1] (0.00ns) (grouped into LUT with out node icmp_ln133_5)   --->   "%zext_ln126_3 = zext i5 %or_ln123_3" [mmult.cpp:126]   --->   Operation 40 'zext' 'zext_ln126_3' <Predicate = (!tmp)> <Delay = 0.00>
ST_1 : Operation 41 [1/1] (1.01ns) (out node of the LUT)   --->   "%icmp_ln133_5 = icmp_slt  i32 %zext_ln126_3, i32 %b_col_read" [mmult.cpp:133]   --->   Operation 41 'icmp' 'icmp_ln133_5' <Predicate = (!tmp)> <Delay = 1.01> <CoreInst = "Cmp">   --->   Core 9 'Cmp' <Latency = 0> <II = 1> <Delay = 1.01> <FuncUnit> <Opcode : 'icmp'> <InPorts = 2> <OutPorts = 1>
ST_1 : Operation 42 [2/2] (0.67ns)   --->   "%b_row_major_2_load = load i8 %b_row_major_2_addr" [mmult.cpp:133]   --->   Operation 42 'load' 'b_row_major_2_load' <Predicate = (!tmp)> <Delay = 0.67> <CoreInst = "RAM_2P_LUTRAM">   --->   Core 93 'RAM_2P_LUTRAM' <Latency = 1> <II = 1> <Delay = 0.67> <Storage> <Opcode : 'load' 'store'> <Ports = 2> <Width = 8> <Depth = 256> <RAM>
ST_1 : Operation 43 [1/1] (0.00ns) (grouped into LUT with out node icmp_ln133_6)   --->   "%or_ln123_4 = or i5 %trunc_ln123, i5 3" [mmult.cpp:123]   --->   Operation 43 'or' 'or_ln123_4' <Predicate = (!tmp)> <Delay = 0.00>
ST_1 : Operation 44 [1/1] (0.00ns) (grouped into LUT with out node icmp_ln133_6)   --->   "%zext_ln126_4 = zext i5 %or_ln123_4" [mmult.cpp:126]   --->   Operation 44 'zext' 'zext_ln126_4' <Predicate = (!tmp)> <Delay = 0.00>
ST_1 : Operation 45 [1/1] (1.01ns) (out node of the LUT)   --->   "%icmp_ln133_6 = icmp_slt  i32 %zext_ln126_4, i32 %b_col_read" [mmult.cpp:133]   --->   Operation 45 'icmp' 'icmp_ln133_6' <Predicate = (!tmp)> <Delay = 1.01> <CoreInst = "Cmp">   --->   Core 9 'Cmp' <Latency = 0> <II = 1> <Delay = 1.01> <FuncUnit> <Opcode : 'icmp'> <InPorts = 2> <OutPorts = 1>
ST_1 : Operation 46 [2/2] (0.67ns)   --->   "%b_row_major_3_load = load i8 %b_row_major_3_addr" [mmult.cpp:133]   --->   Operation 46 'load' 'b_row_major_3_load' <Predicate = (!tmp)> <Delay = 0.67> <CoreInst = "RAM_2P_LUTRAM">   --->   Core 93 'RAM_2P_LUTRAM' <Latency = 1> <II = 1> <Delay = 0.67> <Storage> <Opcode : 'load' 'store'> <Ports = 2> <Width = 8> <Depth = 256> <RAM>
ST_1 : Operation 47 [1/1] (0.78ns)   --->   "%add_ln123 = add i6 %j_2, i6 4" [mmult.cpp:123]   --->   Operation 47 'add' 'add_ln123' <Predicate = (!tmp)> <Delay = 0.78> <CoreInst = "Adder">   --->   Core 1 'Adder' <Latency = 0> <II = 1> <Delay = 0.78> <FuncUnit> <Opcode : 'add' 'sub'> <InPorts = 2> <OutPorts = 1>
ST_1 : Operation 48 [1/1] (0.42ns)   --->   "%store_ln123 = store i6 %add_ln123, i6 %j" [mmult.cpp:123]   --->   Operation 48 'store' 'store_ln123' <Predicate = (!tmp)> <Delay = 0.42>

State 2 <SV = 1> <Delay = 2.06>
ST_2 : Operation 49 [1/1] (0.00ns) (grouped into LUT with out node b_val)   --->   "%and_ln133 = and i1 %select_ln117_1_read, i1 %icmp_ln133" [mmult.cpp:133]   --->   Operation 49 'and' 'and_ln133' <Predicate = true> <Delay = 0.00> <CoreInst = "LogicGate">   --->   Core 74 'LogicGate' <Latency = 0> <II = 1> <Delay = 0.28> <FuncUnit> <Opcode : 'and' 'or' 'xor'> <InPorts = 2> <OutPorts = 1>
ST_2 : Operation 50 [1/2] (0.67ns)   --->   "%b_row_major_0_load = load i8 %b_row_major_0_addr" [mmult.cpp:133]   --->   Operation 50 'load' 'b_row_major_0_load' <Predicate = true> <Delay = 0.67> <CoreInst = "RAM_2P_LUTRAM">   --->   Core 93 'RAM_2P_LUTRAM' <Latency = 1> <II = 1> <Delay = 0.67> <Storage> <Opcode : 'load' 'store'> <Ports = 2> <Width = 8> <Depth = 256> <RAM>
ST_2 : Operation 51 [1/1] (0.39ns) (out node of the LUT)   --->   "%b_val = select i1 %and_ln133, i8 %b_row_major_0_load, i8 0" [mmult.cpp:133]   --->   Operation 51 'select' 'b_val' <Predicate = true> <Delay = 0.39> <CoreInst = "Sel">   --->   Core 73 'Sel' <Latency = 0> <II = 1> <Delay = 0.39> <FuncUnit> <Opcode : 'select'> <InPorts = 3> <OutPorts = 1>
ST_2 : Operation 52 [1/1] (0.00ns)   --->   "%sext_ln134 = sext i8 %b_val" [mmult.cpp:134]   --->   Operation 52 'sext' 'sext_ln134' <Predicate = true> <Delay = 0.00>
ST_2 : Operation 53 [3/3] (0.99ns) (grouped into DSP with root node result)   --->   "%mul_ln134 = mul i16 %sext_ln134, i16 %sext_ln134_8_cast" [mmult.cpp:134]   --->   Operation 53 'mul' 'mul_ln134' <Predicate = true> <Delay = 0.99> <CoreInst = "DSP48">   --->   Core 127 'DSP48' <Latency = 3> <II = 1> <Delay = 0.53> <IPBlock> <Opcode : '' 'add' 'sub' 'mul' 'select'> <InPorts = 0> <OutPorts = 1> <Sync> <CReg>
ST_2 : Operation 54 [1/1] (0.00ns) (grouped into LUT with out node b_val_4)   --->   "%and_ln133_4 = and i1 %select_ln117_1_read, i1 %icmp_ln133_4" [mmult.cpp:133]   --->   Operation 54 'and' 'and_ln133_4' <Predicate = true> <Delay = 0.00> <CoreInst = "LogicGate">   --->   Core 74 'LogicGate' <Latency = 0> <II = 1> <Delay = 0.28> <FuncUnit> <Opcode : 'and' 'or' 'xor'> <InPorts = 2> <OutPorts = 1>
ST_2 : Operation 55 [1/2] (0.67ns)   --->   "%b_row_major_1_load = load i8 %b_row_major_1_addr" [mmult.cpp:133]   --->   Operation 55 'load' 'b_row_major_1_load' <Predicate = true> <Delay = 0.67> <CoreInst = "RAM_2P_LUTRAM">   --->   Core 93 'RAM_2P_LUTRAM' <Latency = 1> <II = 1> <Delay = 0.67> <Storage> <Opcode : 'load' 'store'> <Ports = 2> <Width = 8> <Depth = 256> <RAM>
ST_2 : Operation 56 [1/1] (0.39ns) (out node of the LUT)   --->   "%b_val_4 = select i1 %and_ln133_4, i8 %b_row_major_1_load, i8 0" [mmult.cpp:133]   --->   Operation 56 'select' 'b_val_4' <Predicate = true> <Delay = 0.39> <CoreInst = "Sel">   --->   Core 73 'Sel' <Latency = 0> <II = 1> <Delay = 0.39> <FuncUnit> <Opcode : 'select'> <InPorts = 3> <OutPorts = 1>
ST_2 : Operation 57 [1/1] (0.00ns)   --->   "%sext_ln134_4 = sext i8 %b_val_4" [mmult.cpp:134]   --->   Operation 57 'sext' 'sext_ln134_4' <Predicate = true> <Delay = 0.00>
ST_2 : Operation 58 [3/3] (0.99ns) (grouped into DSP with root node result_4)   --->   "%mul_ln134_4 = mul i16 %sext_ln134_4, i16 %sext_ln134_8_cast" [mmult.cpp:134]   --->   Operation 58 'mul' 'mul_ln134_4' <Predicate = true> <Delay = 0.99> <CoreInst = "DSP48">   --->   Core 127 'DSP48' <Latency = 3> <II = 1> <Delay = 0.53> <IPBlock> <Opcode : '' 'add' 'sub' 'mul' 'select'> <InPorts = 0> <OutPorts = 1> <Sync> <CReg>
ST_2 : Operation 59 [1/1] (0.00ns) (grouped into LUT with out node b_val_5)   --->   "%and_ln133_5 = and i1 %select_ln117_1_read, i1 %icmp_ln133_5" [mmult.cpp:133]   --->   Operation 59 'and' 'and_ln133_5' <Predicate = true> <Delay = 0.00> <CoreInst = "LogicGate">   --->   Core 74 'LogicGate' <Latency = 0> <II = 1> <Delay = 0.28> <FuncUnit> <Opcode : 'and' 'or' 'xor'> <InPorts = 2> <OutPorts = 1>
ST_2 : Operation 60 [1/2] (0.67ns)   --->   "%b_row_major_2_load = load i8 %b_row_major_2_addr" [mmult.cpp:133]   --->   Operation 60 'load' 'b_row_major_2_load' <Predicate = true> <Delay = 0.67> <CoreInst = "RAM_2P_LUTRAM">   --->   Core 93 'RAM_2P_LUTRAM' <Latency = 1> <II = 1> <Delay = 0.67> <Storage> <Opcode : 'load' 'store'> <Ports = 2> <Width = 8> <Depth = 256> <RAM>
ST_2 : Operation 61 [1/1] (0.39ns) (out node of the LUT)   --->   "%b_val_5 = select i1 %and_ln133_5, i8 %b_row_major_2_load, i8 0" [mmult.cpp:133]   --->   Operation 61 'select' 'b_val_5' <Predicate = true> <Delay = 0.39> <CoreInst = "Sel">   --->   Core 73 'Sel' <Latency = 0> <II = 1> <Delay = 0.39> <FuncUnit> <Opcode : 'select'> <InPorts = 3> <OutPorts = 1>
ST_2 : Operation 62 [1/1] (0.00ns)   --->   "%sext_ln134_5 = sext i8 %b_val_5" [mmult.cpp:134]   --->   Operation 62 'sext' 'sext_ln134_5' <Predicate = true> <Delay = 0.00>
ST_2 : Operation 63 [3/3] (0.99ns) (grouped into DSP with root node result_5)   --->   "%mul_ln134_5 = mul i16 %sext_ln134_5, i16 %sext_ln134_8_cast" [mmult.cpp:134]   --->   Operation 63 'mul' 'mul_ln134_5' <Predicate = true> <Delay = 0.99> <CoreInst = "DSP48">   --->   Core 127 'DSP48' <Latency = 3> <II = 1> <Delay = 0.53> <IPBlock> <Opcode : '' 'add' 'sub' 'mul' 'select'> <InPorts = 0> <OutPorts = 1> <Sync> <CReg>
ST_2 : Operation 64 [1/1] (0.00ns) (grouped into LUT with out node b_val_6)   --->   "%and_ln133_6 = and i1 %select_ln117_1_read, i1 %icmp_ln133_6" [mmult.cpp:133]   --->   Operation 64 'and' 'and_ln133_6' <Predicate = true> <Delay = 0.00> <CoreInst = "LogicGate">   --->   Core 74 'LogicGate' <Latency = 0> <II = 1> <Delay = 0.28> <FuncUnit> <Opcode : 'and' 'or' 'xor'> <InPorts = 2> <OutPorts = 1>
ST_2 : Operation 65 [1/2] (0.67ns)   --->   "%b_row_major_3_load = load i8 %b_row_major_3_addr" [mmult.cpp:133]   --->   Operation 65 'load' 'b_row_major_3_load' <Predicate = true> <Delay = 0.67> <CoreInst = "RAM_2P_LUTRAM">   --->   Core 93 'RAM_2P_LUTRAM' <Latency = 1> <II = 1> <Delay = 0.67> <Storage> <Opcode : 'load' 'store'> <Ports = 2> <Width = 8> <Depth = 256> <RAM>
ST_2 : Operation 66 [1/1] (0.39ns) (out node of the LUT)   --->   "%b_val_6 = select i1 %and_ln133_6, i8 %b_row_major_3_load, i8 0" [mmult.cpp:133]   --->   Operation 66 'select' 'b_val_6' <Predicate = true> <Delay = 0.39> <CoreInst = "Sel">   --->   Core 73 'Sel' <Latency = 0> <II = 1> <Delay = 0.39> <FuncUnit> <Opcode : 'select'> <InPorts = 3> <OutPorts = 1>
ST_2 : Operation 67 [1/1] (0.00ns)   --->   "%sext_ln134_6 = sext i8 %b_val_6" [mmult.cpp:134]   --->   Operation 67 'sext' 'sext_ln134_6' <Predicate = true> <Delay = 0.00>
ST_2 : Operation 68 [3/3] (0.99ns) (grouped into DSP with root node result_6)   --->   "%mul_ln134_6 = mul i16 %sext_ln134_6, i16 %sext_ln134_8_cast" [mmult.cpp:134]   --->   Operation 68 'mul' 'mul_ln134_6' <Predicate = true> <Delay = 0.99> <CoreInst = "DSP48">   --->   Core 127 'DSP48' <Latency = 3> <II = 1> <Delay = 0.53> <IPBlock> <Opcode : '' 'add' 'sub' 'mul' 'select'> <InPorts = 0> <OutPorts = 1> <Sync> <CReg>

State 3 <SV = 2> <Delay = 1.23>
ST_3 : Operation 69 [1/1] (0.00ns)   --->   "%tmp_2 = partselect i3 @_ssdm_op_PartSelect.i3.i5.i32.i32, i5 %select_ln117_read, i32 2, i32 4" [mmult.cpp:126]   --->   Operation 69 'partselect' 'tmp_2' <Predicate = true> <Delay = 0.00>
ST_3 : Operation 70 [1/1] (0.00ns)   --->   "%tmp_3 = bitconcatenate i6 @_ssdm_op_BitConcatenate.i6.i3.i3, i3 %tmp_2, i3 %lshr_ln123_2" [mmult.cpp:126]   --->   Operation 70 'bitconcatenate' 'tmp_3' <Predicate = true> <Delay = 0.00>
ST_3 : Operation 71 [1/1] (0.00ns)   --->   "%zext_ln126 = zext i6 %tmp_3" [mmult.cpp:126]   --->   Operation 71 'zext' 'zext_ln126' <Predicate = true> <Delay = 0.00>
ST_3 : Operation 72 [1/1] (0.00ns)   --->   "%c_row_major_2_0_addr = getelementptr i16 %c_row_major_2_0, i64 0, i64 %zext_ln126" [mmult.cpp:126]   --->   Operation 72 'getelementptr' 'c_row_major_2_0_addr' <Predicate = true> <Delay = 0.00>
ST_3 : Operation 73 [1/1] (0.00ns)   --->   "%c_row_major_2_1_addr = getelementptr i16 %c_row_major_2_1, i64 0, i64 %zext_ln126" [mmult.cpp:126]   --->   Operation 73 'getelementptr' 'c_row_major_2_1_addr' <Predicate = true> <Delay = 0.00>
ST_3 : Operation 74 [1/1] (0.00ns)   --->   "%c_row_major_2_2_addr = getelementptr i16 %c_row_major_2_2, i64 0, i64 %zext_ln126" [mmult.cpp:126]   --->   Operation 74 'getelementptr' 'c_row_major_2_2_addr' <Predicate = true> <Delay = 0.00>
ST_3 : Operation 75 [1/1] (0.00ns)   --->   "%c_row_major_2_3_addr = getelementptr i16 %c_row_major_2_3, i64 0, i64 %zext_ln126" [mmult.cpp:126]   --->   Operation 75 'getelementptr' 'c_row_major_2_3_addr' <Predicate = true> <Delay = 0.00>
ST_3 : Operation 76 [2/2] (1.23ns)   --->   "%last = load i6 %c_row_major_2_0_addr" [mmult.cpp:126]   --->   Operation 76 'load' 'last' <Predicate = true> <Delay = 1.23> <CoreInst = "RAM">   --->   Core 83 'RAM' <Latency = 1> <II = 1> <Delay = 1.23> <Storage> <Opcode : 'load' 'store'> <Ports = 2> <Width = 16> <Depth = 64> <RAM>
ST_3 : Operation 77 [2/3] (0.99ns) (grouped into DSP with root node result)   --->   "%mul_ln134 = mul i16 %sext_ln134, i16 %sext_ln134_8_cast" [mmult.cpp:134]   --->   Operation 77 'mul' 'mul_ln134' <Predicate = true> <Delay = 0.99> <CoreInst = "DSP48">   --->   Core 127 'DSP48' <Latency = 3> <II = 1> <Delay = 0.53> <IPBlock> <Opcode : '' 'add' 'sub' 'mul' 'select'> <InPorts = 0> <OutPorts = 1> <Sync> <CReg>
ST_3 : Operation 78 [2/2] (1.23ns)   --->   "%last_4 = load i6 %c_row_major_2_1_addr" [mmult.cpp:126]   --->   Operation 78 'load' 'last_4' <Predicate = true> <Delay = 1.23> <CoreInst = "RAM">   --->   Core 83 'RAM' <Latency = 1> <II = 1> <Delay = 1.23> <Storage> <Opcode : 'load' 'store'> <Ports = 2> <Width = 16> <Depth = 64> <RAM>
ST_3 : Operation 79 [2/3] (0.99ns) (grouped into DSP with root node result_4)   --->   "%mul_ln134_4 = mul i16 %sext_ln134_4, i16 %sext_ln134_8_cast" [mmult.cpp:134]   --->   Operation 79 'mul' 'mul_ln134_4' <Predicate = true> <Delay = 0.99> <CoreInst = "DSP48">   --->   Core 127 'DSP48' <Latency = 3> <II = 1> <Delay = 0.53> <IPBlock> <Opcode : '' 'add' 'sub' 'mul' 'select'> <InPorts = 0> <OutPorts = 1> <Sync> <CReg>
ST_3 : Operation 80 [2/2] (1.23ns)   --->   "%last_5 = load i6 %c_row_major_2_2_addr" [mmult.cpp:126]   --->   Operation 80 'load' 'last_5' <Predicate = true> <Delay = 1.23> <CoreInst = "RAM">   --->   Core 83 'RAM' <Latency = 1> <II = 1> <Delay = 1.23> <Storage> <Opcode : 'load' 'store'> <Ports = 2> <Width = 16> <Depth = 64> <RAM>
ST_3 : Operation 81 [2/3] (0.99ns) (grouped into DSP with root node result_5)   --->   "%mul_ln134_5 = mul i16 %sext_ln134_5, i16 %sext_ln134_8_cast" [mmult.cpp:134]   --->   Operation 81 'mul' 'mul_ln134_5' <Predicate = true> <Delay = 0.99> <CoreInst = "DSP48">   --->   Core 127 'DSP48' <Latency = 3> <II = 1> <Delay = 0.53> <IPBlock> <Opcode : '' 'add' 'sub' 'mul' 'select'> <InPorts = 0> <OutPorts = 1> <Sync> <CReg>
ST_3 : Operation 82 [2/2] (1.23ns)   --->   "%last_6 = load i6 %c_row_major_2_3_addr" [mmult.cpp:126]   --->   Operation 82 'load' 'last_6' <Predicate = true> <Delay = 1.23> <CoreInst = "RAM">   --->   Core 83 'RAM' <Latency = 1> <II = 1> <Delay = 1.23> <Storage> <Opcode : 'load' 'store'> <Ports = 2> <Width = 16> <Depth = 64> <RAM>
ST_3 : Operation 83 [2/3] (0.99ns) (grouped into DSP with root node result_6)   --->   "%mul_ln134_6 = mul i16 %sext_ln134_6, i16 %sext_ln134_8_cast" [mmult.cpp:134]   --->   Operation 83 'mul' 'mul_ln134_6' <Predicate = true> <Delay = 0.99> <CoreInst = "DSP48">   --->   Core 127 'DSP48' <Latency = 3> <II = 1> <Delay = 0.53> <IPBlock> <Opcode : '' 'add' 'sub' 'mul' 'select'> <InPorts = 0> <OutPorts = 1> <Sync> <CReg>

State 4 <SV = 3> <Delay = 1.88>
ST_4 : Operation 84 [1/2] (1.23ns)   --->   "%last = load i6 %c_row_major_2_0_addr" [mmult.cpp:126]   --->   Operation 84 'load' 'last' <Predicate = true> <Delay = 1.23> <CoreInst = "RAM">   --->   Core 83 'RAM' <Latency = 1> <II = 1> <Delay = 1.23> <Storage> <Opcode : 'load' 'store'> <Ports = 2> <Width = 16> <Depth = 64> <RAM>
ST_4 : Operation 85 [1/3] (0.00ns) (grouped into DSP with root node result)   --->   "%mul_ln134 = mul i16 %sext_ln134, i16 %sext_ln134_8_cast" [mmult.cpp:134]   --->   Operation 85 'mul' 'mul_ln134' <Predicate = true> <Delay = 0.00> <CoreInst = "DSP48">   --->   Core 127 'DSP48' <Latency = 3> <II = 1> <Delay = 0.53> <IPBlock> <Opcode : '' 'add' 'sub' 'mul' 'select'> <InPorts = 0> <OutPorts = 1> <Sync> <CReg>
ST_4 : Operation 86 [2/2] (0.64ns) (root node of the DSP)   --->   "%result = add i16 %last, i16 %mul_ln134" [mmult.cpp:134]   --->   Operation 86 'add' 'result' <Predicate = true> <Delay = 0.64> <CoreInst = "DSP48">   --->   Core 127 'DSP48' <Latency = 3> <II = 1> <Delay = 0.53> <IPBlock> <Opcode : '' 'add' 'sub' 'mul' 'select'> <InPorts = 0> <OutPorts = 1> <Sync> <CReg>
ST_4 : Operation 87 [1/2] (1.23ns)   --->   "%last_4 = load i6 %c_row_major_2_1_addr" [mmult.cpp:126]   --->   Operation 87 'load' 'last_4' <Predicate = true> <Delay = 1.23> <CoreInst = "RAM">   --->   Core 83 'RAM' <Latency = 1> <II = 1> <Delay = 1.23> <Storage> <Opcode : 'load' 'store'> <Ports = 2> <Width = 16> <Depth = 64> <RAM>
ST_4 : Operation 88 [1/3] (0.00ns) (grouped into DSP with root node result_4)   --->   "%mul_ln134_4 = mul i16 %sext_ln134_4, i16 %sext_ln134_8_cast" [mmult.cpp:134]   --->   Operation 88 'mul' 'mul_ln134_4' <Predicate = true> <Delay = 0.00> <CoreInst = "DSP48">   --->   Core 127 'DSP48' <Latency = 3> <II = 1> <Delay = 0.53> <IPBlock> <Opcode : '' 'add' 'sub' 'mul' 'select'> <InPorts = 0> <OutPorts = 1> <Sync> <CReg>
ST_4 : Operation 89 [2/2] (0.64ns) (root node of the DSP)   --->   "%result_4 = add i16 %last_4, i16 %mul_ln134_4" [mmult.cpp:134]   --->   Operation 89 'add' 'result_4' <Predicate = true> <Delay = 0.64> <CoreInst = "DSP48">   --->   Core 127 'DSP48' <Latency = 3> <II = 1> <Delay = 0.53> <IPBlock> <Opcode : '' 'add' 'sub' 'mul' 'select'> <InPorts = 0> <OutPorts = 1> <Sync> <CReg>
ST_4 : Operation 90 [1/2] (1.23ns)   --->   "%last_5 = load i6 %c_row_major_2_2_addr" [mmult.cpp:126]   --->   Operation 90 'load' 'last_5' <Predicate = true> <Delay = 1.23> <CoreInst = "RAM">   --->   Core 83 'RAM' <Latency = 1> <II = 1> <Delay = 1.23> <Storage> <Opcode : 'load' 'store'> <Ports = 2> <Width = 16> <Depth = 64> <RAM>
ST_4 : Operation 91 [1/3] (0.00ns) (grouped into DSP with root node result_5)   --->   "%mul_ln134_5 = mul i16 %sext_ln134_5, i16 %sext_ln134_8_cast" [mmult.cpp:134]   --->   Operation 91 'mul' 'mul_ln134_5' <Predicate = true> <Delay = 0.00> <CoreInst = "DSP48">   --->   Core 127 'DSP48' <Latency = 3> <II = 1> <Delay = 0.53> <IPBlock> <Opcode : '' 'add' 'sub' 'mul' 'select'> <InPorts = 0> <OutPorts = 1> <Sync> <CReg>
ST_4 : Operation 92 [2/2] (0.64ns) (root node of the DSP)   --->   "%result_5 = add i16 %last_5, i16 %mul_ln134_5" [mmult.cpp:134]   --->   Operation 92 'add' 'result_5' <Predicate = true> <Delay = 0.64> <CoreInst = "DSP48">   --->   Core 127 'DSP48' <Latency = 3> <II = 1> <Delay = 0.53> <IPBlock> <Opcode : '' 'add' 'sub' 'mul' 'select'> <InPorts = 0> <OutPorts = 1> <Sync> <CReg>
ST_4 : Operation 93 [1/2] (1.23ns)   --->   "%last_6 = load i6 %c_row_major_2_3_addr" [mmult.cpp:126]   --->   Operation 93 'load' 'last_6' <Predicate = true> <Delay = 1.23> <CoreInst = "RAM">   --->   Core 83 'RAM' <Latency = 1> <II = 1> <Delay = 1.23> <Storage> <Opcode : 'load' 'store'> <Ports = 2> <Width = 16> <Depth = 64> <RAM>
ST_4 : Operation 94 [1/3] (0.00ns) (grouped into DSP with root node result_6)   --->   "%mul_ln134_6 = mul i16 %sext_ln134_6, i16 %sext_ln134_8_cast" [mmult.cpp:134]   --->   Operation 94 'mul' 'mul_ln134_6' <Predicate = true> <Delay = 0.00> <CoreInst = "DSP48">   --->   Core 127 'DSP48' <Latency = 3> <II = 1> <Delay = 0.53> <IPBlock> <Opcode : '' 'add' 'sub' 'mul' 'select'> <InPorts = 0> <OutPorts = 1> <Sync> <CReg>
ST_4 : Operation 95 [2/2] (0.64ns) (root node of the DSP)   --->   "%result_6 = add i16 %last_6, i16 %mul_ln134_6" [mmult.cpp:134]   --->   Operation 95 'add' 'result_6' <Predicate = true> <Delay = 0.64> <CoreInst = "DSP48">   --->   Core 127 'DSP48' <Latency = 3> <II = 1> <Delay = 0.53> <IPBlock> <Opcode : '' 'add' 'sub' 'mul' 'select'> <InPorts = 0> <OutPorts = 1> <Sync> <CReg>
ST_4 : Operation 108 [1/1] (0.00ns)   --->   "%ret_ln0 = ret"   --->   Operation 108 'ret' 'ret_ln0' <Predicate = (tmp)> <Delay = 0.00>

State 5 <SV = 4> <Delay = 1.88>
ST_5 : Operation 96 [1/1] (0.00ns)   --->   "%specpipeline_ln123 = specpipeline void @_ssdm_op_SpecPipeline, i32 4294967295, i32 0, i32 0, i32 0, void @empty_0" [mmult.cpp:123]   --->   Operation 96 'specpipeline' 'specpipeline_ln123' <Predicate = true> <Delay = 0.00>
ST_5 : Operation 97 [1/1] (0.00ns)   --->   "%speclooptripcount_ln123 = speclooptripcount void @_ssdm_op_SpecLoopTripCount, i64 8, i64 8, i64 8" [mmult.cpp:123]   --->   Operation 97 'speclooptripcount' 'speclooptripcount_ln123' <Predicate = true> <Delay = 0.00>
ST_5 : Operation 98 [1/1] (0.00ns)   --->   "%specloopname_ln123 = specloopname void @_ssdm_op_SpecLoopName, void @empty_7" [mmult.cpp:123]   --->   Operation 98 'specloopname' 'specloopname_ln123' <Predicate = true> <Delay = 0.00>
ST_5 : Operation 99 [1/2] (0.64ns) (root node of the DSP)   --->   "%result = add i16 %last, i16 %mul_ln134" [mmult.cpp:134]   --->   Operation 99 'add' 'result' <Predicate = true> <Delay = 0.64> <CoreInst = "DSP48">   --->   Core 127 'DSP48' <Latency = 3> <II = 1> <Delay = 0.53> <IPBlock> <Opcode : '' 'add' 'sub' 'mul' 'select'> <InPorts = 0> <OutPorts = 1> <Sync> <CReg>
ST_5 : Operation 100 [1/1] (1.23ns)   --->   "%store_ln137 = store i16 %result, i6 %c_row_major_2_0_addr" [mmult.cpp:137]   --->   Operation 100 'store' 'store_ln137' <Predicate = true> <Delay = 1.23> <CoreInst = "RAM">   --->   Core 83 'RAM' <Latency = 1> <II = 1> <Delay = 1.23> <Storage> <Opcode : 'load' 'store'> <Ports = 2> <Width = 16> <Depth = 64> <RAM>
ST_5 : Operation 101 [1/2] (0.64ns) (root node of the DSP)   --->   "%result_4 = add i16 %last_4, i16 %mul_ln134_4" [mmult.cpp:134]   --->   Operation 101 'add' 'result_4' <Predicate = true> <Delay = 0.64> <CoreInst = "DSP48">   --->   Core 127 'DSP48' <Latency = 3> <II = 1> <Delay = 0.53> <IPBlock> <Opcode : '' 'add' 'sub' 'mul' 'select'> <InPorts = 0> <OutPorts = 1> <Sync> <CReg>
ST_5 : Operation 102 [1/1] (1.23ns)   --->   "%store_ln137 = store i16 %result_4, i6 %c_row_major_2_1_addr" [mmult.cpp:137]   --->   Operation 102 'store' 'store_ln137' <Predicate = true> <Delay = 1.23> <CoreInst = "RAM">   --->   Core 83 'RAM' <Latency = 1> <II = 1> <Delay = 1.23> <Storage> <Opcode : 'load' 'store'> <Ports = 2> <Width = 16> <Depth = 64> <RAM>
ST_5 : Operation 103 [1/2] (0.64ns) (root node of the DSP)   --->   "%result_5 = add i16 %last_5, i16 %mul_ln134_5" [mmult.cpp:134]   --->   Operation 103 'add' 'result_5' <Predicate = true> <Delay = 0.64> <CoreInst = "DSP48">   --->   Core 127 'DSP48' <Latency = 3> <II = 1> <Delay = 0.53> <IPBlock> <Opcode : '' 'add' 'sub' 'mul' 'select'> <InPorts = 0> <OutPorts = 1> <Sync> <CReg>
ST_5 : Operation 104 [1/1] (1.23ns)   --->   "%store_ln137 = store i16 %result_5, i6 %c_row_major_2_2_addr" [mmult.cpp:137]   --->   Operation 104 'store' 'store_ln137' <Predicate = true> <Delay = 1.23> <CoreInst = "RAM">   --->   Core 83 'RAM' <Latency = 1> <II = 1> <Delay = 1.23> <Storage> <Opcode : 'load' 'store'> <Ports = 2> <Width = 16> <Depth = 64> <RAM>
ST_5 : Operation 105 [1/2] (0.64ns) (root node of the DSP)   --->   "%result_6 = add i16 %last_6, i16 %mul_ln134_6" [mmult.cpp:134]   --->   Operation 105 'add' 'result_6' <Predicate = true> <Delay = 0.64> <CoreInst = "DSP48">   --->   Core 127 'DSP48' <Latency = 3> <II = 1> <Delay = 0.53> <IPBlock> <Opcode : '' 'add' 'sub' 'mul' 'select'> <InPorts = 0> <OutPorts = 1> <Sync> <CReg>
ST_5 : Operation 106 [1/1] (1.23ns)   --->   "%store_ln137 = store i16 %result_6, i6 %c_row_major_2_3_addr" [mmult.cpp:137]   --->   Operation 106 'store' 'store_ln137' <Predicate = true> <Delay = 1.23> <CoreInst = "RAM">   --->   Core 83 'RAM' <Latency = 1> <II = 1> <Delay = 1.23> <Storage> <Opcode : 'load' 'store'> <Ports = 2> <Width = 16> <Depth = 64> <RAM>
ST_5 : Operation 107 [1/1] (0.00ns)   --->   "%br_ln123 = br void %for.body8.2" [mmult.cpp:123]   --->   Operation 107 'br' 'br_ln123' <Predicate = true> <Delay = 0.00>


============================================================
+ Verbose Summary: Timing violations
============================================================
Target clock period: 3.300ns, clock uncertainty: 0.891ns.

 <State 1>: 1.635ns
The critical path consists of the following:
	'store' operation 0 bit ('store_ln123', mmult.cpp:123) of constant 0 on local variable 'j', mmult.cpp:123 [25]  (0.427 ns)
	'load' operation 6 bit ('j', mmult.cpp:123) on local variable 'j', mmult.cpp:123 [28]  (0.000 ns)
	'add' operation 6 bit ('add_ln123', mmult.cpp:123) [93]  (0.781 ns)
	'store' operation 0 bit ('store_ln123', mmult.cpp:123) of variable 'add_ln123', mmult.cpp:123 on local variable 'j', mmult.cpp:123 [94]  (0.427 ns)

 <State 2>: 2.066ns
The critical path consists of the following:
	'load' operation 8 bit ('b_row_major_0_load', mmult.cpp:133) on array 'b_row_major_0' [56]  (0.677 ns)
	'select' operation 8 bit ('b_val', mmult.cpp:133) [57]  (0.393 ns)
	'mul' operation 16 bit of DSP[60] ('mul_ln134', mmult.cpp:134) [59]  (0.996 ns)

 <State 3>: 1.237ns
The critical path consists of the following:
	'getelementptr' operation 6 bit ('c_row_major_2_0_addr', mmult.cpp:126) [49]  (0.000 ns)
	'load' operation 16 bit ('last', mmult.cpp:126) on array 'c_row_major_2_0' [53]  (1.237 ns)

 <State 4>: 1.882ns
The critical path consists of the following:
	'load' operation 16 bit ('last', mmult.cpp:126) on array 'c_row_major_2_0' [53]  (1.237 ns)
	'add' operation 16 bit of DSP[60] ('result', mmult.cpp:134) [60]  (0.645 ns)

 <State 5>: 1.882ns
The critical path consists of the following:
	'add' operation 16 bit of DSP[60] ('result', mmult.cpp:134) [60]  (0.645 ns)
	'store' operation 0 bit ('store_ln137', mmult.cpp:137) of variable 'result', mmult.cpp:134 on array 'c_row_major_2_0' [62]  (1.237 ns)


============================================================
+ Verbose Summary: Binding
============================================================
N/A
* FSMD analyzer results:
  - Output states:
 - Input state : 
  - Chain level:
	State 1
	State 2
	State 3
	State 4
	State 5


============================================================
+ Verbose Summary: Datapath Resource usage 
============================================================
N/A
