

================================================================
== Vitis HLS Report for 'compute_wrapper_Pipeline_VITIS_LOOP_154_1_VITIS_LOOP_155_2'
================================================================
* Date:           Sun Apr 12 17:22:36 2026

* Version:        2023.2 (Build 4023990 on Oct 11 2023)
* Project:        hls_prj
* Solution:       s1 (Vivado IP Flow Target)
* Product family: zynquplus
* Target device:  xck26-sfvc784-2LV-c


================================================================
== Performance Estimates
================================================================
+ Timing: 
    * Summary: 
    +--------+---------+----------+------------+
    |  Clock |  Target | Estimated| Uncertainty|
    +--------+---------+----------+------------+
    |ap_clk  |  3.30 ns|  2.327 ns|     0.89 ns|
    +--------+---------+----------+------------+

+ Latency: 
    * Summary: 
    +---------+---------+----------+----------+-----+-----+---------+
    |  Latency (cycles) |  Latency (absolute) |  Interval | Pipeline|
    |   min   |   max   |    min   |    max   | min | max |   Type  |
    +---------+---------+----------+----------+-----+-----+---------+
    |      258|      258|  0.851 us|  0.851 us|  258|  258|       no|
    +---------+---------+----------+----------+-----+-----+---------+

    + Detail: 
        * Instance: 
        N/A

        * Loop: 
        +-------------------------------------+---------+---------+----------+-----------+-----------+------+----------+
        |                                     |  Latency (cycles) | Iteration|  Initiation Interval  | Trip |          |
        |              Loop Name              |   min   |   max   |  Latency |  achieved |   target  | Count| Pipelined|
        +-------------------------------------+---------+---------+----------+-----------+-----------+------+----------+
        |- VITIS_LOOP_154_1_VITIS_LOOP_155_2  |      256|      256|         2|          1|          1|   256|       yes|
        +-------------------------------------+---------+---------+----------+-----------+-----------+------+----------+



================================================================
== Utilization Estimates
================================================================
* Summary: 
+-----------------+---------+------+--------+--------+-----+
|       Name      | BRAM_18K|  DSP |   FF   |   LUT  | URAM|
+-----------------+---------+------+--------+--------+-----+
|DSP              |        -|     -|       -|       -|    -|
|Expression       |        -|     -|       0|      73|    -|
|FIFO             |        -|     -|       -|       -|    -|
|Instance         |        -|     -|       -|       -|    -|
|Memory           |        -|     -|       -|       -|    -|
|Multiplexer      |        -|     -|       -|      72|    -|
|Register         |        -|     -|      32|       -|    -|
+-----------------+---------+------+--------+--------+-----+
|Total            |        0|     0|      32|     145|    0|
+-----------------+---------+------+--------+--------+-----+
|Available        |      288|  1248|  234240|  117120|   64|
+-----------------+---------+------+--------+--------+-----+
|Utilization (%)  |        0|     0|      ~0|      ~0|    0|
+-----------------+---------+------+--------+--------+-----+

+ Detail: 
    * Instance: 
    N/A

    * DSP: 
    N/A

    * Memory: 
    N/A

    * FIFO: 
    N/A

    * Expression: 
    +--------------------------+----------+----+---+----+------------+------------+
    |       Variable Name      | Operation| DSP| FF| LUT| Bitwidth P0| Bitwidth P1|
    +--------------------------+----------+----+---+----+------------+------------+
    |add_ln154_1_fu_344_p2     |         +|   0|  0|  16|           9|           1|
    |add_ln154_fu_356_p2       |         +|   0|  0|  13|           6|           1|
    |add_ln155_fu_410_p2       |         +|   0|  0|  13|           6|           3|
    |icmp_ln154_fu_338_p2      |      icmp|   0|  0|  17|           9|          10|
    |select_ln154_1_fu_378_p3  |    select|   0|  0|   6|           1|           6|
    |select_ln154_fu_370_p3    |    select|   0|  0|   6|           1|           1|
    |ap_enable_pp0             |       xor|   0|  0|   2|           1|           2|
    +--------------------------+----------+----+---+----+------------+------------+
    |Total                     |          |   0|  0|  73|          33|          24|
    +--------------------------+----------+----+---+----+------------+------------+

    * Multiplexer: 
    +--------------------------------------+----+-----------+-----+-----------+
    |                 Name                 | LUT| Input Size| Bits| Total Bits|
    +--------------------------------------+----+-----------+-----+-----------+
    |ap_done_int                           |   9|          2|    1|          2|
    |ap_enable_reg_pp0_iter1               |   9|          2|    1|          2|
    |ap_sig_allocacmp_i_load               |   9|          2|    6|         12|
    |ap_sig_allocacmp_indvar_flatten_load  |   9|          2|    9|         18|
    |ap_sig_allocacmp_j_load               |   9|          2|    6|         12|
    |i_fu_88                               |   9|          2|    6|         12|
    |indvar_flatten_fu_92                  |   9|          2|    9|         18|
    |j_fu_84                               |   9|          2|    6|         12|
    +--------------------------------------+----+-----------+-----+-----------+
    |Total                                 |  72|         16|   44|         88|
    +--------------------------------------+----+-----------+-----+-----------+

    * Register: 
    +-------------------------+---+----+-----+-----------+
    |           Name          | FF| LUT| Bits| Const Bits|
    +-------------------------+---+----+-----+-----------+
    |ap_CS_fsm                |  1|   0|    1|          0|
    |ap_done_reg              |  1|   0|    1|          0|
    |ap_enable_reg_pp0_iter1  |  1|   0|    1|          0|
    |i_fu_88                  |  6|   0|    6|          0|
    |indvar_flatten_fu_92     |  9|   0|    9|          0|
    |j_fu_84                  |  6|   0|    6|          0|
    |lshr_ln_reg_485          |  3|   0|    3|          0|
    |tmp_s_reg_490            |  3|   0|    3|          0|
    |trunc_ln154_reg_481      |  2|   0|    2|          0|
    +-------------------------+---+----+-----+-----------+
    |Total                    | 32|   0|   32|          0|
    +-------------------------+---+----+-----+-----------+



================================================================
== Interface
================================================================
* Summary: 
+-------------------+-----+-----+------------+------------------------------------------------------------+--------------+
|     RTL Ports     | Dir | Bits|  Protocol  |                        Source Object                       |    C Type    |
+-------------------+-----+-----+------------+------------------------------------------------------------+--------------+
|ap_clk             |   in|    1|  ap_ctrl_hs|  compute_wrapper_Pipeline_VITIS_LOOP_154_1_VITIS_LOOP_155_2|  return value|
|ap_rst             |   in|    1|  ap_ctrl_hs|  compute_wrapper_Pipeline_VITIS_LOOP_154_1_VITIS_LOOP_155_2|  return value|
|ap_start           |   in|    1|  ap_ctrl_hs|  compute_wrapper_Pipeline_VITIS_LOOP_154_1_VITIS_LOOP_155_2|  return value|
|ap_done            |  out|    1|  ap_ctrl_hs|  compute_wrapper_Pipeline_VITIS_LOOP_154_1_VITIS_LOOP_155_2|  return value|
|ap_idle            |  out|    1|  ap_ctrl_hs|  compute_wrapper_Pipeline_VITIS_LOOP_154_1_VITIS_LOOP_155_2|  return value|
|ap_ready           |  out|    1|  ap_ctrl_hs|  compute_wrapper_Pipeline_VITIS_LOOP_154_1_VITIS_LOOP_155_2|  return value|
|tempC_address0     |  out|    6|   ap_memory|                                                       tempC|         array|
|tempC_ce0          |  out|    1|   ap_memory|                                                       tempC|         array|
|tempC_we0          |  out|    1|   ap_memory|                                                       tempC|         array|
|tempC_d0           |  out|   16|   ap_memory|                                                       tempC|         array|
|tempC_1_address0   |  out|    6|   ap_memory|                                                     tempC_1|         array|
|tempC_1_ce0        |  out|    1|   ap_memory|                                                     tempC_1|         array|
|tempC_1_we0        |  out|    1|   ap_memory|                                                     tempC_1|         array|
|tempC_1_d0         |  out|   16|   ap_memory|                                                     tempC_1|         array|
|tempC_2_address0   |  out|    6|   ap_memory|                                                     tempC_2|         array|
|tempC_2_ce0        |  out|    1|   ap_memory|                                                     tempC_2|         array|
|tempC_2_we0        |  out|    1|   ap_memory|                                                     tempC_2|         array|
|tempC_2_d0         |  out|   16|   ap_memory|                                                     tempC_2|         array|
|tempC_3_address0   |  out|    6|   ap_memory|                                                     tempC_3|         array|
|tempC_3_ce0        |  out|    1|   ap_memory|                                                     tempC_3|         array|
|tempC_3_we0        |  out|    1|   ap_memory|                                                     tempC_3|         array|
|tempC_3_d0         |  out|   16|   ap_memory|                                                     tempC_3|         array|
|tempC_4_address0   |  out|    6|   ap_memory|                                                     tempC_4|         array|
|tempC_4_ce0        |  out|    1|   ap_memory|                                                     tempC_4|         array|
|tempC_4_we0        |  out|    1|   ap_memory|                                                     tempC_4|         array|
|tempC_4_d0         |  out|   16|   ap_memory|                                                     tempC_4|         array|
|tempC_5_address0   |  out|    6|   ap_memory|                                                     tempC_5|         array|
|tempC_5_ce0        |  out|    1|   ap_memory|                                                     tempC_5|         array|
|tempC_5_we0        |  out|    1|   ap_memory|                                                     tempC_5|         array|
|tempC_5_d0         |  out|   16|   ap_memory|                                                     tempC_5|         array|
|tempC_6_address0   |  out|    6|   ap_memory|                                                     tempC_6|         array|
|tempC_6_ce0        |  out|    1|   ap_memory|                                                     tempC_6|         array|
|tempC_6_we0        |  out|    1|   ap_memory|                                                     tempC_6|         array|
|tempC_6_d0         |  out|   16|   ap_memory|                                                     tempC_6|         array|
|tempC_7_address0   |  out|    6|   ap_memory|                                                     tempC_7|         array|
|tempC_7_ce0        |  out|    1|   ap_memory|                                                     tempC_7|         array|
|tempC_7_we0        |  out|    1|   ap_memory|                                                     tempC_7|         array|
|tempC_7_d0         |  out|   16|   ap_memory|                                                     tempC_7|         array|
|tempC_8_address0   |  out|    6|   ap_memory|                                                     tempC_8|         array|
|tempC_8_ce0        |  out|    1|   ap_memory|                                                     tempC_8|         array|
|tempC_8_we0        |  out|    1|   ap_memory|                                                     tempC_8|         array|
|tempC_8_d0         |  out|   16|   ap_memory|                                                     tempC_8|         array|
|tempC_9_address0   |  out|    6|   ap_memory|                                                     tempC_9|         array|
|tempC_9_ce0        |  out|    1|   ap_memory|                                                     tempC_9|         array|
|tempC_9_we0        |  out|    1|   ap_memory|                                                     tempC_9|         array|
|tempC_9_d0         |  out|   16|   ap_memory|                                                     tempC_9|         array|
|tempC_10_address0  |  out|    6|   ap_memory|                                                    tempC_10|         array|
|tempC_10_ce0       |  out|    1|   ap_memory|                                                    tempC_10|         array|
|tempC_10_we0       |  out|    1|   ap_memory|                                                    tempC_10|         array|
|tempC_10_d0        |  out|   16|   ap_memory|                                                    tempC_10|         array|
|tempC_11_address0  |  out|    6|   ap_memory|                                                    tempC_11|         array|
|tempC_11_ce0       |  out|    1|   ap_memory|                                                    tempC_11|         array|
|tempC_11_we0       |  out|    1|   ap_memory|                                                    tempC_11|         array|
|tempC_11_d0        |  out|   16|   ap_memory|                                                    tempC_11|         array|
|tempC_12_address0  |  out|    6|   ap_memory|                                                    tempC_12|         array|
|tempC_12_ce0       |  out|    1|   ap_memory|                                                    tempC_12|         array|
|tempC_12_we0       |  out|    1|   ap_memory|                                                    tempC_12|         array|
|tempC_12_d0        |  out|   16|   ap_memory|                                                    tempC_12|         array|
|tempC_13_address0  |  out|    6|   ap_memory|                                                    tempC_13|         array|
|tempC_13_ce0       |  out|    1|   ap_memory|                                                    tempC_13|         array|
|tempC_13_we0       |  out|    1|   ap_memory|                                                    tempC_13|         array|
|tempC_13_d0        |  out|   16|   ap_memory|                                                    tempC_13|         array|
|tempC_14_address0  |  out|    6|   ap_memory|                                                    tempC_14|         array|
|tempC_14_ce0       |  out|    1|   ap_memory|                                                    tempC_14|         array|
|tempC_14_we0       |  out|    1|   ap_memory|                                                    tempC_14|         array|
|tempC_14_d0        |  out|   16|   ap_memory|                                                    tempC_14|         array|
|tempC_15_address0  |  out|    6|   ap_memory|                                                    tempC_15|         array|
|tempC_15_ce0       |  out|    1|   ap_memory|                                                    tempC_15|         array|
|tempC_15_we0       |  out|    1|   ap_memory|                                                    tempC_15|         array|
|tempC_15_d0        |  out|   16|   ap_memory|                                                    tempC_15|         array|
+-------------------+-----+-----+------------+------------------------------------------------------------+--------------+

