

================================================================
== Vitis HLS Report for 'compute_wrapper_Pipeline_VITIS_LOOP_169_4_VITIS_LOOP_170_5'
================================================================
* Date:           Sun Apr 12 17:22:36 2026

* Version:        2023.2 (Build 4023990 on Oct 11 2023)
* Project:        hls_prj
* Solution:       s1 (Vivado IP Flow Target)
* Product family: zynquplus
* Target device:  xck26-sfvc784-2LV-c


================================================================
== Performance Estimates
================================================================
+ Timing: 
    * Summary: 
    +--------+---------+----------+------------+
    |  Clock |  Target | Estimated| Uncertainty|
    +--------+---------+----------+------------+
    |ap_clk  |  3.30 ns|  2.829 ns|     0.89 ns|
    +--------+---------+----------+------------+

+ Latency: 
    * Summary: 
    +---------+---------+----------+----------+-----+-----+---------+
    |  Latency (cycles) |  Latency (absolute) |  Interval | Pipeline|
    |   min   |   max   |    min   |    max   | min | max |   Type  |
    +---------+---------+----------+----------+-----+-----+---------+
    |      259|      259|  0.855 us|  0.855 us|  259|  259|       no|
    +---------+---------+----------+----------+-----+-----+---------+

    + Detail: 
        * Instance: 
        N/A

        * Loop: 
        +-------------------------------------+---------+---------+----------+-----------+-----------+------+----------+
        |                                     |  Latency (cycles) | Iteration|  Initiation Interval  | Trip |          |
        |              Loop Name              |   min   |   max   |  Latency |  achieved |   target  | Count| Pipelined|
        +-------------------------------------+---------+---------+----------+-----------+-----------+------+----------+
        |- VITIS_LOOP_169_4_VITIS_LOOP_170_5  |      257|      257|         3|          1|          1|   256|       yes|
        +-------------------------------------+---------+---------+----------+-----------+-----------+------+----------+



================================================================
== Utilization Estimates
================================================================
* Summary: 
+-----------------+---------+------+--------+--------+-----+
|       Name      | BRAM_18K|  DSP |   FF   |   LUT  | URAM|
+-----------------+---------+------+--------+--------+-----+
|DSP              |        -|     -|       -|       -|    -|
|Expression       |        -|     -|       0|      73|    -|
|FIFO             |        -|     -|       -|       -|    -|
|Instance         |        -|     -|       0|      80|    -|
|Memory           |        -|     -|       -|       -|    -|
|Multiplexer      |        -|     -|       -|      72|    -|
|Register         |        -|     -|     106|       -|    -|
+-----------------+---------+------+--------+--------+-----+
|Total            |        0|     0|     106|     225|    0|
+-----------------+---------+------+--------+--------+-----+
|Available        |      288|  1248|  234240|  117120|   64|
+-----------------+---------+------+--------+--------+-----+
|Utilization (%)  |        0|     0|      ~0|      ~0|    0|
+-----------------+---------+------+--------+--------+-----+

+ Detail: 
    * Instance: 
    +---------------------------+----------------------+---------+----+---+----+-----+
    |          Instance         |        Module        | BRAM_18K| DSP| FF| LUT| URAM|
    +---------------------------+----------------------+---------+----+---+----+-----+
    |sparsemux_9_2_16_1_1_U153  |sparsemux_9_2_16_1_1  |        0|   0|  0|  20|    0|
    |sparsemux_9_2_16_1_1_U154  |sparsemux_9_2_16_1_1  |        0|   0|  0|  20|    0|
    |sparsemux_9_2_16_1_1_U155  |sparsemux_9_2_16_1_1  |        0|   0|  0|  20|    0|
    |sparsemux_9_2_16_1_1_U156  |sparsemux_9_2_16_1_1  |        0|   0|  0|  20|    0|
    +---------------------------+----------------------+---------+----+---+----+-----+
    |Total                      |                      |        0|   0|  0|  80|    0|
    +---------------------------+----------------------+---------+----+---+----+-----+

    * DSP: 
    N/A

    * Memory: 
    N/A

    * FIFO: 
    N/A

    * Expression: 
    +--------------------------+----------+----+---+----+------------+------------+
    |       Variable Name      | Operation| DSP| FF| LUT| Bitwidth P0| Bitwidth P1|
    +--------------------------+----------+----+---+----+------------+------------+
    |add_ln169_1_fu_644_p2     |         +|   0|  0|  16|           9|           1|
    |add_ln169_fu_656_p2       |         +|   0|  0|  13|           6|           1|
    |add_ln170_fu_738_p2       |         +|   0|  0|  13|           6|           3|
    |icmp_ln169_fu_638_p2      |      icmp|   0|  0|  17|           9|          10|
    |select_ln169_1_fu_678_p3  |    select|   0|  0|   6|           1|           6|
    |select_ln169_fu_670_p3    |    select|   0|  0|   6|           1|           1|
    |ap_enable_pp0             |       xor|   0|  0|   2|           1|           2|
    +--------------------------+----------+----+---+----+------------+------------+
    |Total                     |          |   0|  0|  73|          33|          24|
    +--------------------------+----------+----+---+----+------------+------------+

    * Multiplexer: 
    +---------------------------------------+----+-----------+-----+-----------+
    |                  Name                 | LUT| Input Size| Bits| Total Bits|
    +---------------------------------------+----+-----------+-----+-----------+
    |ap_done_int                            |   9|          2|    1|          2|
    |ap_enable_reg_pp0_iter1                |   9|          2|    1|          2|
    |ap_sig_allocacmp_i_load                |   9|          2|    6|         12|
    |ap_sig_allocacmp_indvar_flatten6_load  |   9|          2|    9|         18|
    |ap_sig_allocacmp_j_load                |   9|          2|    6|         12|
    |i_fu_132                               |   9|          2|    6|         12|
    |indvar_flatten6_fu_136                 |   9|          2|    9|         18|
    |j_fu_128                               |   9|          2|    6|         12|
    +---------------------------------------+----+-----------+-----+-----------+
    |Total                                  |  72|         16|   44|         88|
    +---------------------------------------+----+-----------+-----+-----------+

    * Register: 
    +-----------------------------------+----+----+-----+-----------+
    |                Name               | FF | LUT| Bits| Const Bits|
    +-----------------------------------+----+----+-----+-----------+
    |ap_CS_fsm                          |   1|   0|    1|          0|
    |ap_done_reg                        |   1|   0|    1|          0|
    |ap_enable_reg_pp0_iter1            |   1|   0|    1|          0|
    |ap_enable_reg_pp0_iter2            |   1|   0|    1|          0|
    |ap_loop_exit_ready_pp0_iter1_reg   |   1|   0|    1|          0|
    |i_fu_132                           |   6|   0|    6|          0|
    |indvar_flatten6_fu_136             |   9|   0|    9|          0|
    |j_fu_128                           |   6|   0|    6|          0|
    |tmp_5_reg_992                      |  16|   0|   16|          0|
    |tmp_6_reg_1000                     |  16|   0|   16|          0|
    |tmp_7_reg_1008                     |  16|   0|   16|          0|
    |tmp_reg_984                        |  16|   0|   16|          0|
    |trunc_ln169_reg_876                |   2|   0|    2|          0|
    |trunc_ln169_reg_876_pp0_iter1_reg  |   2|   0|    2|          0|
    |zext_ln172_reg_884                 |   6|   0|   64|         58|
    |zext_ln172_reg_884_pp0_iter1_reg   |   6|   0|   64|         58|
    +-----------------------------------+----+----+-----+-----------+
    |Total                              | 106|   0|  222|        116|
    +-----------------------------------+----+----+-----+-----------+



================================================================
== Interface
================================================================
* Summary: 
+---------------------+-----+-----+------------+------------------------------------------------------------+--------------+
|      RTL Ports      | Dir | Bits|  Protocol  |                        Source Object                       |    C Type    |
+---------------------+-----+-----+------------+------------------------------------------------------------+--------------+
|ap_clk               |   in|    1|  ap_ctrl_hs|  compute_wrapper_Pipeline_VITIS_LOOP_169_4_VITIS_LOOP_170_5|  return value|
|ap_rst               |   in|    1|  ap_ctrl_hs|  compute_wrapper_Pipeline_VITIS_LOOP_169_4_VITIS_LOOP_170_5|  return value|
|ap_start             |   in|    1|  ap_ctrl_hs|  compute_wrapper_Pipeline_VITIS_LOOP_169_4_VITIS_LOOP_170_5|  return value|
|ap_done              |  out|    1|  ap_ctrl_hs|  compute_wrapper_Pipeline_VITIS_LOOP_169_4_VITIS_LOOP_170_5|  return value|
|ap_idle              |  out|    1|  ap_ctrl_hs|  compute_wrapper_Pipeline_VITIS_LOOP_169_4_VITIS_LOOP_170_5|  return value|
|ap_ready             |  out|    1|  ap_ctrl_hs|  compute_wrapper_Pipeline_VITIS_LOOP_169_4_VITIS_LOOP_170_5|  return value|
|localC_0_0_address1  |  out|    6|   ap_memory|                                                  localC_0_0|         array|
|localC_0_0_ce1       |  out|    1|   ap_memory|                                                  localC_0_0|         array|
|localC_0_0_we1       |  out|    1|   ap_memory|                                                  localC_0_0|         array|
|localC_0_0_d1        |  out|   16|   ap_memory|                                                  localC_0_0|         array|
|localC_0_1_address1  |  out|    6|   ap_memory|                                                  localC_0_1|         array|
|localC_0_1_ce1       |  out|    1|   ap_memory|                                                  localC_0_1|         array|
|localC_0_1_we1       |  out|    1|   ap_memory|                                                  localC_0_1|         array|
|localC_0_1_d1        |  out|   16|   ap_memory|                                                  localC_0_1|         array|
|localC_0_2_address1  |  out|    6|   ap_memory|                                                  localC_0_2|         array|
|localC_0_2_ce1       |  out|    1|   ap_memory|                                                  localC_0_2|         array|
|localC_0_2_we1       |  out|    1|   ap_memory|                                                  localC_0_2|         array|
|localC_0_2_d1        |  out|   16|   ap_memory|                                                  localC_0_2|         array|
|localC_0_3_address1  |  out|    6|   ap_memory|                                                  localC_0_3|         array|
|localC_0_3_ce1       |  out|    1|   ap_memory|                                                  localC_0_3|         array|
|localC_0_3_we1       |  out|    1|   ap_memory|                                                  localC_0_3|         array|
|localC_0_3_d1        |  out|   16|   ap_memory|                                                  localC_0_3|         array|
|localC_1_0_address1  |  out|    6|   ap_memory|                                                  localC_1_0|         array|
|localC_1_0_ce1       |  out|    1|   ap_memory|                                                  localC_1_0|         array|
|localC_1_0_we1       |  out|    1|   ap_memory|                                                  localC_1_0|         array|
|localC_1_0_d1        |  out|   16|   ap_memory|                                                  localC_1_0|         array|
|localC_1_1_address1  |  out|    6|   ap_memory|                                                  localC_1_1|         array|
|localC_1_1_ce1       |  out|    1|   ap_memory|                                                  localC_1_1|         array|
|localC_1_1_we1       |  out|    1|   ap_memory|                                                  localC_1_1|         array|
|localC_1_1_d1        |  out|   16|   ap_memory|                                                  localC_1_1|         array|
|localC_1_2_address1  |  out|    6|   ap_memory|                                                  localC_1_2|         array|
|localC_1_2_ce1       |  out|    1|   ap_memory|                                                  localC_1_2|         array|
|localC_1_2_we1       |  out|    1|   ap_memory|                                                  localC_1_2|         array|
|localC_1_2_d1        |  out|   16|   ap_memory|                                                  localC_1_2|         array|
|localC_1_3_address1  |  out|    6|   ap_memory|                                                  localC_1_3|         array|
|localC_1_3_ce1       |  out|    1|   ap_memory|                                                  localC_1_3|         array|
|localC_1_3_we1       |  out|    1|   ap_memory|                                                  localC_1_3|         array|
|localC_1_3_d1        |  out|   16|   ap_memory|                                                  localC_1_3|         array|
|localC_2_0_address1  |  out|    6|   ap_memory|                                                  localC_2_0|         array|
|localC_2_0_ce1       |  out|    1|   ap_memory|                                                  localC_2_0|         array|
|localC_2_0_we1       |  out|    1|   ap_memory|                                                  localC_2_0|         array|
|localC_2_0_d1        |  out|   16|   ap_memory|                                                  localC_2_0|         array|
|localC_2_1_address1  |  out|    6|   ap_memory|                                                  localC_2_1|         array|
|localC_2_1_ce1       |  out|    1|   ap_memory|                                                  localC_2_1|         array|
|localC_2_1_we1       |  out|    1|   ap_memory|                                                  localC_2_1|         array|
|localC_2_1_d1        |  out|   16|   ap_memory|                                                  localC_2_1|         array|
|localC_2_2_address1  |  out|    6|   ap_memory|                                                  localC_2_2|         array|
|localC_2_2_ce1       |  out|    1|   ap_memory|                                                  localC_2_2|         array|
|localC_2_2_we1       |  out|    1|   ap_memory|                                                  localC_2_2|         array|
|localC_2_2_d1        |  out|   16|   ap_memory|                                                  localC_2_2|         array|
|localC_2_3_address1  |  out|    6|   ap_memory|                                                  localC_2_3|         array|
|localC_2_3_ce1       |  out|    1|   ap_memory|                                                  localC_2_3|         array|
|localC_2_3_we1       |  out|    1|   ap_memory|                                                  localC_2_3|         array|
|localC_2_3_d1        |  out|   16|   ap_memory|                                                  localC_2_3|         array|
|localC_3_0_address1  |  out|    6|   ap_memory|                                                  localC_3_0|         array|
|localC_3_0_ce1       |  out|    1|   ap_memory|                                                  localC_3_0|         array|
|localC_3_0_we1       |  out|    1|   ap_memory|                                                  localC_3_0|         array|
|localC_3_0_d1        |  out|   16|   ap_memory|                                                  localC_3_0|         array|
|localC_3_1_address1  |  out|    6|   ap_memory|                                                  localC_3_1|         array|
|localC_3_1_ce1       |  out|    1|   ap_memory|                                                  localC_3_1|         array|
|localC_3_1_we1       |  out|    1|   ap_memory|                                                  localC_3_1|         array|
|localC_3_1_d1        |  out|   16|   ap_memory|                                                  localC_3_1|         array|
|localC_3_2_address1  |  out|    6|   ap_memory|                                                  localC_3_2|         array|
|localC_3_2_ce1       |  out|    1|   ap_memory|                                                  localC_3_2|         array|
|localC_3_2_we1       |  out|    1|   ap_memory|                                                  localC_3_2|         array|
|localC_3_2_d1        |  out|   16|   ap_memory|                                                  localC_3_2|         array|
|localC_3_3_address1  |  out|    6|   ap_memory|                                                  localC_3_3|         array|
|localC_3_3_ce1       |  out|    1|   ap_memory|                                                  localC_3_3|         array|
|localC_3_3_we1       |  out|    1|   ap_memory|                                                  localC_3_3|         array|
|localC_3_3_d1        |  out|   16|   ap_memory|                                                  localC_3_3|         array|
|tempC_address0       |  out|    6|   ap_memory|                                                       tempC|         array|
|tempC_ce0            |  out|    1|   ap_memory|                                                       tempC|         array|
|tempC_q0             |   in|   16|   ap_memory|                                                       tempC|         array|
|tempC_1_address0     |  out|    6|   ap_memory|                                                     tempC_1|         array|
|tempC_1_ce0          |  out|    1|   ap_memory|                                                     tempC_1|         array|
|tempC_1_q0           |   in|   16|   ap_memory|                                                     tempC_1|         array|
|tempC_2_address0     |  out|    6|   ap_memory|                                                     tempC_2|         array|
|tempC_2_ce0          |  out|    1|   ap_memory|                                                     tempC_2|         array|
|tempC_2_q0           |   in|   16|   ap_memory|                                                     tempC_2|         array|
|tempC_3_address0     |  out|    6|   ap_memory|                                                     tempC_3|         array|
|tempC_3_ce0          |  out|    1|   ap_memory|                                                     tempC_3|         array|
|tempC_3_q0           |   in|   16|   ap_memory|                                                     tempC_3|         array|
|tempC_4_address0     |  out|    6|   ap_memory|                                                     tempC_4|         array|
|tempC_4_ce0          |  out|    1|   ap_memory|                                                     tempC_4|         array|
|tempC_4_q0           |   in|   16|   ap_memory|                                                     tempC_4|         array|
|tempC_5_address0     |  out|    6|   ap_memory|                                                     tempC_5|         array|
|tempC_5_ce0          |  out|    1|   ap_memory|                                                     tempC_5|         array|
|tempC_5_q0           |   in|   16|   ap_memory|                                                     tempC_5|         array|
|tempC_6_address0     |  out|    6|   ap_memory|                                                     tempC_6|         array|
|tempC_6_ce0          |  out|    1|   ap_memory|                                                     tempC_6|         array|
|tempC_6_q0           |   in|   16|   ap_memory|                                                     tempC_6|         array|
|tempC_7_address0     |  out|    6|   ap_memory|                                                     tempC_7|         array|
|tempC_7_ce0          |  out|    1|   ap_memory|                                                     tempC_7|         array|
|tempC_7_q0           |   in|   16|   ap_memory|                                                     tempC_7|         array|
|tempC_8_address0     |  out|    6|   ap_memory|                                                     tempC_8|         array|
|tempC_8_ce0          |  out|    1|   ap_memory|                                                     tempC_8|         array|
|tempC_8_q0           |   in|   16|   ap_memory|                                                     tempC_8|         array|
|tempC_9_address0     |  out|    6|   ap_memory|                                                     tempC_9|         array|
|tempC_9_ce0          |  out|    1|   ap_memory|                                                     tempC_9|         array|
|tempC_9_q0           |   in|   16|   ap_memory|                                                     tempC_9|         array|
|tempC_10_address0    |  out|    6|   ap_memory|                                                    tempC_10|         array|
|tempC_10_ce0         |  out|    1|   ap_memory|                                                    tempC_10|         array|
|tempC_10_q0          |   in|   16|   ap_memory|                                                    tempC_10|         array|
|tempC_11_address0    |  out|    6|   ap_memory|                                                    tempC_11|         array|
|tempC_11_ce0         |  out|    1|   ap_memory|                                                    tempC_11|         array|
|tempC_11_q0          |   in|   16|   ap_memory|                                                    tempC_11|         array|
|tempC_12_address0    |  out|    6|   ap_memory|                                                    tempC_12|         array|
|tempC_12_ce0         |  out|    1|   ap_memory|                                                    tempC_12|         array|
|tempC_12_q0          |   in|   16|   ap_memory|                                                    tempC_12|         array|
|tempC_13_address0    |  out|    6|   ap_memory|                                                    tempC_13|         array|
|tempC_13_ce0         |  out|    1|   ap_memory|                                                    tempC_13|         array|
|tempC_13_q0          |   in|   16|   ap_memory|                                                    tempC_13|         array|
|tempC_14_address0    |  out|    6|   ap_memory|                                                    tempC_14|         array|
|tempC_14_ce0         |  out|    1|   ap_memory|                                                    tempC_14|         array|
|tempC_14_q0          |   in|   16|   ap_memory|                                                    tempC_14|         array|
|tempC_15_address0    |  out|    6|   ap_memory|                                                    tempC_15|         array|
|tempC_15_ce0         |  out|    1|   ap_memory|                                                    tempC_15|         array|
|tempC_15_q0          |   in|   16|   ap_memory|                                                    tempC_15|         array|
+---------------------+-----+-----+------------+------------------------------------------------------------+--------------+

