

================================================================
== Vitis HLS Report for 'compute_wrapper'
================================================================
* Date:           Sun Apr 12 17:22:36 2026

* Version:        2023.2 (Build 4023990 on Oct 11 2023)
* Project:        hls_prj
* Solution:       s1 (Vivado IP Flow Target)
* Product family: zynquplus
* Target device:  xck26-sfvc784-2LV-c


================================================================
== Performance Estimates
================================================================
+ Timing: 
    * Summary: 
    +--------+---------+----------+------------+
    |  Clock |  Target | Estimated| Uncertainty|
    +--------+---------+----------+------------+
    |ap_clk  |  3.30 ns|  2.829 ns|     0.89 ns|
    +--------+---------+----------+------------+

+ Latency: 
    * Summary: 
    +---------+---------+----------+----------+-------+-------+---------+
    |  Latency (cycles) |  Latency (absolute) |    Interval   | Pipeline|
    |   min   |   max   |    min   |    max   |  min  |  max  |   Type  |
    +---------+---------+----------+----------+-------+-------+---------+
    |    64020|    64020|  0.211 ms|  0.211 ms|  64020|  64020|       no|
    +---------+---------+----------+----------+-------+-------+---------+

    + Detail: 
        * Instance: 
        +-----------------------------------------------------------------------+------------------------------------------------------------+---------+---------+-----------+-----------+-------+-------+---------+
        |                                                                       |                                                            |  Latency (cycles) |   Latency (absolute)  |    Interval   | Pipeline|
        |                                Instance                               |                           Module                           |   min   |   max   |    min    |    max    |  min  |  max  |   Type  |
        +-----------------------------------------------------------------------+------------------------------------------------------------+---------+---------+-----------+-----------+-------+-------+---------+
        |grp_compute_wrapper_Pipeline_VITIS_LOOP_154_1_VITIS_LOOP_155_2_fu_182  |compute_wrapper_Pipeline_VITIS_LOOP_154_1_VITIS_LOOP_155_2  |      258|      258|   0.851 us|   0.851 us|    258|    258|       no|
        |grp_tile_process_39_405_fu_218                                         |tile_process_39_405                                         |    15873|    15873|  52.381 us|  52.381 us|  15873|  15873|       no|
        |grp_compute_wrapper_Pipeline_VITIS_LOOP_169_4_VITIS_LOOP_170_5_fu_260  |compute_wrapper_Pipeline_VITIS_LOOP_169_4_VITIS_LOOP_170_5  |      259|      259|   0.855 us|   0.855 us|    259|    259|       no|
        +-----------------------------------------------------------------------+------------------------------------------------------------+---------+---------+-----------+-----------+-------+-------+---------+

        * Loop: 
        +--------------------+---------+---------+----------+-----------+-----------+------+----------+
        |                    |  Latency (cycles) | Iteration|  Initiation Interval  | Trip |          |
        |      Loop Name     |   min   |   max   |  Latency |  achieved |   target  | Count| Pipelined|
        +--------------------+---------+---------+----------+-----------+-----------+------+----------+
        |- VITIS_LOOP_162_3  |    63500|    63500|     15875|          -|          -|     4|        no|
        +--------------------+---------+---------+----------+-----------+-----------+------+----------+



================================================================
== Utilization Estimates
================================================================
* Summary: 
+-----------------+---------+------+--------+--------+-----+
|       Name      | BRAM_18K|  DSP |   FF   |   LUT  | URAM|
+-----------------+---------+------+--------+--------+-----+
|DSP              |        -|     -|       -|       -|    -|
|Expression       |        -|     -|       0|      37|    -|
|FIFO             |        -|     -|       -|       -|    -|
|Instance         |        -|    16|     897|    2579|    -|
|Memory           |       16|     -|       0|       0|    0|
|Multiplexer      |        -|     -|       -|    1299|    -|
|Register         |        -|     -|      81|       -|    -|
+-----------------+---------+------+--------+--------+-----+
|Total            |       16|    16|     978|    3915|    0|
+-----------------+---------+------+--------+--------+-----+
|Available        |      288|  1248|  234240|  117120|   64|
+-----------------+---------+------+--------+--------+-----+
|Utilization (%)  |        5|     1|      ~0|       3|    0|
+-----------------+---------+------+--------+--------+-----+

+ Detail: 
    * Instance: 
    +-----------------------------------------------------------------------+------------------------------------------------------------+---------+----+-----+------+-----+
    |                                Instance                               |                           Module                           | BRAM_18K| DSP|  FF |  LUT | URAM|
    +-----------------------------------------------------------------------+------------------------------------------------------------+---------+----+-----+------+-----+
    |grp_compute_wrapper_Pipeline_VITIS_LOOP_154_1_VITIS_LOOP_155_2_fu_182  |compute_wrapper_Pipeline_VITIS_LOOP_154_1_VITIS_LOOP_155_2  |        0|   0|   32|   145|    0|
    |grp_compute_wrapper_Pipeline_VITIS_LOOP_169_4_VITIS_LOOP_170_5_fu_260  |compute_wrapper_Pipeline_VITIS_LOOP_169_4_VITIS_LOOP_170_5  |        0|   0|  106|   225|    0|
    |grp_tile_process_39_405_fu_218                                         |tile_process_39_405                                         |        0|  16|  759|  2209|    0|
    +-----------------------------------------------------------------------+------------------------------------------------------------+---------+----+-----+------+-----+
    |Total                                                                  |                                                            |        0|  16|  897|  2579|    0|
    +-----------------------------------------------------------------------+------------------------------------------------------------+---------+----+-----+------+-----+

    * DSP: 
    N/A

    * Memory: 
    +------------+-------------------------------------+---------+---+----+-----+------+-----+------+-------------+
    |   Memory   |                Module               | BRAM_18K| FF| LUT| URAM| Words| Bits| Banks| W*Bits*Banks|
    +------------+-------------------------------------+---------+---+----+-----+------+-----+------+-------------+
    |tempC_U     |compute_wrapper_tempC_RAM_AUTO_1R1W  |        1|  0|   0|    0|    64|   16|     1|         1024|
    |tempC_1_U   |compute_wrapper_tempC_RAM_AUTO_1R1W  |        1|  0|   0|    0|    64|   16|     1|         1024|
    |tempC_2_U   |compute_wrapper_tempC_RAM_AUTO_1R1W  |        1|  0|   0|    0|    64|   16|     1|         1024|
    |tempC_3_U   |compute_wrapper_tempC_RAM_AUTO_1R1W  |        1|  0|   0|    0|    64|   16|     1|         1024|
    |tempC_4_U   |compute_wrapper_tempC_RAM_AUTO_1R1W  |        1|  0|   0|    0|    64|   16|     1|         1024|
    |tempC_5_U   |compute_wrapper_tempC_RAM_AUTO_1R1W  |        1|  0|   0|    0|    64|   16|     1|         1024|
    |tempC_6_U   |compute_wrapper_tempC_RAM_AUTO_1R1W  |        1|  0|   0|    0|    64|   16|     1|         1024|
    |tempC_7_U   |compute_wrapper_tempC_RAM_AUTO_1R1W  |        1|  0|   0|    0|    64|   16|     1|         1024|
    |tempC_8_U   |compute_wrapper_tempC_RAM_AUTO_1R1W  |        1|  0|   0|    0|    64|   16|     1|         1024|
    |tempC_9_U   |compute_wrapper_tempC_RAM_AUTO_1R1W  |        1|  0|   0|    0|    64|   16|     1|         1024|
    |tempC_10_U  |compute_wrapper_tempC_RAM_AUTO_1R1W  |        1|  0|   0|    0|    64|   16|     1|         1024|
    |tempC_11_U  |compute_wrapper_tempC_RAM_AUTO_1R1W  |        1|  0|   0|    0|    64|   16|     1|         1024|
    |tempC_12_U  |compute_wrapper_tempC_RAM_AUTO_1R1W  |        1|  0|   0|    0|    64|   16|     1|         1024|
    |tempC_13_U  |compute_wrapper_tempC_RAM_AUTO_1R1W  |        1|  0|   0|    0|    64|   16|     1|         1024|
    |tempC_14_U  |compute_wrapper_tempC_RAM_AUTO_1R1W  |        1|  0|   0|    0|    64|   16|     1|         1024|
    |tempC_15_U  |compute_wrapper_tempC_RAM_AUTO_1R1W  |        1|  0|   0|    0|    64|   16|     1|         1024|
    +------------+-------------------------------------+---------+---+----+-----+------+-----+------+-------------+
    |Total       |                                     |       16|  0|   0|    0|  1024|  256|    16|        16384|
    +------------+-------------------------------------+---------+---+----+-----+------+-----+------+-------------+

    * FIFO: 
    N/A

    * Expression: 
    +----------------------+----------+----+---+----+------------+------------+
    |     Variable Name    | Operation| DSP| FF| LUT| Bitwidth P0| Bitwidth P1|
    +----------------------+----------+----+---+----+------------+------------+
    |finish_k_fu_349_p2    |         +|   0|  0|  13|           6|           4|
    |q_2_fu_326_p2         |         +|   0|  0|  10|           3|           1|
    |icmp_ln162_fu_320_p2  |      icmp|   0|  0|  12|           3|           4|
    |ap_block_state1       |        or|   0|  0|   2|           1|           1|
    +----------------------+----------+----+---+----+------------+------------+
    |Total                 |          |   0|  0|  37|          13|          10|
    +----------------------+----------+----+---+----+------------+------------+

    * Multiplexer: 
    +-------------------+----+-----------+-----+-----------+
    |        Name       | LUT| Input Size| Bits| Total Bits|
    +-------------------+----+-----------+-----+-----------+
    |ap_NS_fsm          |  31|          6|    1|          6|
    |ap_done            |   9|          2|    1|          2|
    |ap_return_0        |   9|          2|   32|         64|
    |ap_return_1        |   9|          2|   32|         64|
    |q_fu_96            |   9|          2|    3|          6|
    |tempC_10_address0  |  20|          4|    6|         24|
    |tempC_10_ce0       |  20|          4|    1|          4|
    |tempC_10_ce1       |   9|          2|    1|          2|
    |tempC_10_d0        |  14|          3|   16|         48|
    |tempC_10_we0       |  14|          3|    1|          3|
    |tempC_11_address0  |  20|          4|    6|         24|
    |tempC_11_ce0       |  20|          4|    1|          4|
    |tempC_11_ce1       |   9|          2|    1|          2|
    |tempC_11_d0        |  14|          3|   16|         48|
    |tempC_11_we0       |  14|          3|    1|          3|
    |tempC_12_address0  |  20|          4|    6|         24|
    |tempC_12_ce0       |  20|          4|    1|          4|
    |tempC_12_ce1       |   9|          2|    1|          2|
    |tempC_12_d0        |  14|          3|   16|         48|
    |tempC_12_we0       |  14|          3|    1|          3|
    |tempC_13_address0  |  20|          4|    6|         24|
    |tempC_13_ce0       |  20|          4|    1|          4|
    |tempC_13_ce1       |   9|          2|    1|          2|
    |tempC_13_d0        |  14|          3|   16|         48|
    |tempC_13_we0       |  14|          3|    1|          3|
    |tempC_14_address0  |  20|          4|    6|         24|
    |tempC_14_ce0       |  20|          4|    1|          4|
    |tempC_14_ce1       |   9|          2|    1|          2|
    |tempC_14_d0        |  14|          3|   16|         48|
    |tempC_14_we0       |  14|          3|    1|          3|
    |tempC_15_address0  |  20|          4|    6|         24|
    |tempC_15_ce0       |  20|          4|    1|          4|
    |tempC_15_ce1       |   9|          2|    1|          2|
    |tempC_15_d0        |  14|          3|   16|         48|
    |tempC_15_we0       |  14|          3|    1|          3|
    |tempC_1_address0   |  20|          4|    6|         24|
    |tempC_1_ce0        |  20|          4|    1|          4|
    |tempC_1_ce1        |   9|          2|    1|          2|
    |tempC_1_d0         |  14|          3|   16|         48|
    |tempC_1_we0        |  14|          3|    1|          3|
    |tempC_2_address0   |  20|          4|    6|         24|
    |tempC_2_ce0        |  20|          4|    1|          4|
    |tempC_2_ce1        |   9|          2|    1|          2|
    |tempC_2_d0         |  14|          3|   16|         48|
    |tempC_2_we0        |  14|          3|    1|          3|
    |tempC_3_address0   |  20|          4|    6|         24|
    |tempC_3_ce0        |  20|          4|    1|          4|
    |tempC_3_ce1        |   9|          2|    1|          2|
    |tempC_3_d0         |  14|          3|   16|         48|
    |tempC_3_we0        |  14|          3|    1|          3|
    |tempC_4_address0   |  20|          4|    6|         24|
    |tempC_4_ce0        |  20|          4|    1|          4|
    |tempC_4_ce1        |   9|          2|    1|          2|
    |tempC_4_d0         |  14|          3|   16|         48|
    |tempC_4_we0        |  14|          3|    1|          3|
    |tempC_5_address0   |  20|          4|    6|         24|
    |tempC_5_ce0        |  20|          4|    1|          4|
    |tempC_5_ce1        |   9|          2|    1|          2|
    |tempC_5_d0         |  14|          3|   16|         48|
    |tempC_5_we0        |  14|          3|    1|          3|
    |tempC_6_address0   |  20|          4|    6|         24|
    |tempC_6_ce0        |  20|          4|    1|          4|
    |tempC_6_ce1        |   9|          2|    1|          2|
    |tempC_6_d0         |  14|          3|   16|         48|
    |tempC_6_we0        |  14|          3|    1|          3|
    |tempC_7_address0   |  20|          4|    6|         24|
    |tempC_7_ce0        |  20|          4|    1|          4|
    |tempC_7_ce1        |   9|          2|    1|          2|
    |tempC_7_d0         |  14|          3|   16|         48|
    |tempC_7_we0        |  14|          3|    1|          3|
    |tempC_8_address0   |  20|          4|    6|         24|
    |tempC_8_ce0        |  20|          4|    1|          4|
    |tempC_8_ce1        |   9|          2|    1|          2|
    |tempC_8_d0         |  14|          3|   16|         48|
    |tempC_8_we0        |  14|          3|    1|          3|
    |tempC_9_address0   |  20|          4|    6|         24|
    |tempC_9_ce0        |  20|          4|    1|          4|
    |tempC_9_ce1        |   9|          2|    1|          2|
    |tempC_9_d0         |  14|          3|   16|         48|
    |tempC_9_we0        |  14|          3|    1|          3|
    |tempC_address0     |  20|          4|    6|         24|
    |tempC_ce0          |  20|          4|    1|          4|
    |tempC_ce1          |   9|          2|    1|          2|
    |tempC_d0           |  14|          3|   16|         48|
    |tempC_we0          |  14|          3|    1|          3|
    +-------------------+----+-----------+-----+-----------+
    |Total              |1299|        270|  469|       1438|
    +-------------------+----+-----------+-----+-----------+

    * Register: 
    +------------------------------------------------------------------------------------+----+----+-----+-----------+
    |                                        Name                                        | FF | LUT| Bits| Const Bits|
    +------------------------------------------------------------------------------------+----+----+-----+-----------+
    |ap_CS_fsm                                                                           |   5|   0|    5|          0|
    |ap_done_reg                                                                         |   1|   0|    1|          0|
    |ap_return_0_preg                                                                    |  32|   0|   32|          0|
    |ap_return_1_preg                                                                    |  32|   0|   32|          0|
    |finish_k_reg_404                                                                    |   3|   0|    6|          3|
    |grp_compute_wrapper_Pipeline_VITIS_LOOP_154_1_VITIS_LOOP_155_2_fu_182_ap_start_reg  |   1|   0|    1|          0|
    |grp_compute_wrapper_Pipeline_VITIS_LOOP_169_4_VITIS_LOOP_170_5_fu_260_ap_start_reg  |   1|   0|    1|          0|
    |grp_tile_process_39_405_fu_218_ap_start_reg                                         |   1|   0|    1|          0|
    |q_fu_96                                                                             |   3|   0|    3|          0|
    |start_k_reg_399                                                                     |   2|   0|    5|          3|
    +------------------------------------------------------------------------------------+----+----+-----+-----------+
    |Total                                                                               |  81|   0|   87|          6|
    +------------------------------------------------------------------------------------+----+----+-----+-----------+



================================================================
== Interface
================================================================
* Summary: 
+---------------------+-----+-----+------------+-----------------+--------------+
|      RTL Ports      | Dir | Bits|  Protocol  |  Source Object  |    C Type    |
+---------------------+-----+-----+------------+-----------------+--------------+
|ap_clk               |   in|    1|  ap_ctrl_hs|  compute_wrapper|  return value|
|ap_rst               |   in|    1|  ap_ctrl_hs|  compute_wrapper|  return value|
|ap_start             |   in|    1|  ap_ctrl_hs|  compute_wrapper|  return value|
|ap_done              |  out|    1|  ap_ctrl_hs|  compute_wrapper|  return value|
|ap_continue          |   in|    1|  ap_ctrl_hs|  compute_wrapper|  return value|
|ap_idle              |  out|    1|  ap_ctrl_hs|  compute_wrapper|  return value|
|ap_ready             |  out|    1|  ap_ctrl_hs|  compute_wrapper|  return value|
|ap_return_0          |  out|   32|  ap_ctrl_hs|  compute_wrapper|  return value|
|ap_return_1          |  out|   32|  ap_ctrl_hs|  compute_wrapper|  return value|
|localA_0_address0    |  out|    8|   ap_memory|         localA_0|         array|
|localA_0_ce0         |  out|    1|   ap_memory|         localA_0|         array|
|localA_0_q0          |   in|    8|   ap_memory|         localA_0|         array|
|localA_1_address0    |  out|    8|   ap_memory|         localA_1|         array|
|localA_1_ce0         |  out|    1|   ap_memory|         localA_1|         array|
|localA_1_q0          |   in|    8|   ap_memory|         localA_1|         array|
|localA_2_address0    |  out|    8|   ap_memory|         localA_2|         array|
|localA_2_ce0         |  out|    1|   ap_memory|         localA_2|         array|
|localA_2_q0          |   in|    8|   ap_memory|         localA_2|         array|
|localA_3_address0    |  out|    8|   ap_memory|         localA_3|         array|
|localA_3_ce0         |  out|    1|   ap_memory|         localA_3|         array|
|localA_3_q0          |   in|    8|   ap_memory|         localA_3|         array|
|localB_0_address0    |  out|    8|   ap_memory|         localB_0|         array|
|localB_0_ce0         |  out|    1|   ap_memory|         localB_0|         array|
|localB_0_q0          |   in|    8|   ap_memory|         localB_0|         array|
|localB_1_address0    |  out|    8|   ap_memory|         localB_1|         array|
|localB_1_ce0         |  out|    1|   ap_memory|         localB_1|         array|
|localB_1_q0          |   in|    8|   ap_memory|         localB_1|         array|
|localB_2_address0    |  out|    8|   ap_memory|         localB_2|         array|
|localB_2_ce0         |  out|    1|   ap_memory|         localB_2|         array|
|localB_2_q0          |   in|    8|   ap_memory|         localB_2|         array|
|localB_3_address0    |  out|    8|   ap_memory|         localB_3|         array|
|localB_3_ce0         |  out|    1|   ap_memory|         localB_3|         array|
|localB_3_q0          |   in|    8|   ap_memory|         localB_3|         array|
|localC_0_0_address1  |  out|    6|   ap_memory|       localC_0_0|         array|
|localC_0_0_ce1       |  out|    1|   ap_memory|       localC_0_0|         array|
|localC_0_0_we1       |  out|    1|   ap_memory|       localC_0_0|         array|
|localC_0_0_d1        |  out|   16|   ap_memory|       localC_0_0|         array|
|localC_0_1_address1  |  out|    6|   ap_memory|       localC_0_1|         array|
|localC_0_1_ce1       |  out|    1|   ap_memory|       localC_0_1|         array|
|localC_0_1_we1       |  out|    1|   ap_memory|       localC_0_1|         array|
|localC_0_1_d1        |  out|   16|   ap_memory|       localC_0_1|         array|
|localC_0_2_address1  |  out|    6|   ap_memory|       localC_0_2|         array|
|localC_0_2_ce1       |  out|    1|   ap_memory|       localC_0_2|         array|
|localC_0_2_we1       |  out|    1|   ap_memory|       localC_0_2|         array|
|localC_0_2_d1        |  out|   16|   ap_memory|       localC_0_2|         array|
|localC_0_3_address1  |  out|    6|   ap_memory|       localC_0_3|         array|
|localC_0_3_ce1       |  out|    1|   ap_memory|       localC_0_3|         array|
|localC_0_3_we1       |  out|    1|   ap_memory|       localC_0_3|         array|
|localC_0_3_d1        |  out|   16|   ap_memory|       localC_0_3|         array|
|localC_1_0_address1  |  out|    6|   ap_memory|       localC_1_0|         array|
|localC_1_0_ce1       |  out|    1|   ap_memory|       localC_1_0|         array|
|localC_1_0_we1       |  out|    1|   ap_memory|       localC_1_0|         array|
|localC_1_0_d1        |  out|   16|   ap_memory|       localC_1_0|         array|
|localC_1_1_address1  |  out|    6|   ap_memory|       localC_1_1|         array|
|localC_1_1_ce1       |  out|    1|   ap_memory|       localC_1_1|         array|
|localC_1_1_we1       |  out|    1|   ap_memory|       localC_1_1|         array|
|localC_1_1_d1        |  out|   16|   ap_memory|       localC_1_1|         array|
|localC_1_2_address1  |  out|    6|   ap_memory|       localC_1_2|         array|
|localC_1_2_ce1       |  out|    1|   ap_memory|       localC_1_2|         array|
|localC_1_2_we1       |  out|    1|   ap_memory|       localC_1_2|         array|
|localC_1_2_d1        |  out|   16|   ap_memory|       localC_1_2|         array|
|localC_1_3_address1  |  out|    6|   ap_memory|       localC_1_3|         array|
|localC_1_3_ce1       |  out|    1|   ap_memory|       localC_1_3|         array|
|localC_1_3_we1       |  out|    1|   ap_memory|       localC_1_3|         array|
|localC_1_3_d1        |  out|   16|   ap_memory|       localC_1_3|         array|
|localC_2_0_address1  |  out|    6|   ap_memory|       localC_2_0|         array|
|localC_2_0_ce1       |  out|    1|   ap_memory|       localC_2_0|         array|
|localC_2_0_we1       |  out|    1|   ap_memory|       localC_2_0|         array|
|localC_2_0_d1        |  out|   16|   ap_memory|       localC_2_0|         array|
|localC_2_1_address1  |  out|    6|   ap_memory|       localC_2_1|         array|
|localC_2_1_ce1       |  out|    1|   ap_memory|       localC_2_1|         array|
|localC_2_1_we1       |  out|    1|   ap_memory|       localC_2_1|         array|
|localC_2_1_d1        |  out|   16|   ap_memory|       localC_2_1|         array|
|localC_2_2_address1  |  out|    6|   ap_memory|       localC_2_2|         array|
|localC_2_2_ce1       |  out|    1|   ap_memory|       localC_2_2|         array|
|localC_2_2_we1       |  out|    1|   ap_memory|       localC_2_2|         array|
|localC_2_2_d1        |  out|   16|   ap_memory|       localC_2_2|         array|
|localC_2_3_address1  |  out|    6|   ap_memory|       localC_2_3|         array|
|localC_2_3_ce1       |  out|    1|   ap_memory|       localC_2_3|         array|
|localC_2_3_we1       |  out|    1|   ap_memory|       localC_2_3|         array|
|localC_2_3_d1        |  out|   16|   ap_memory|       localC_2_3|         array|
|localC_3_0_address1  |  out|    6|   ap_memory|       localC_3_0|         array|
|localC_3_0_ce1       |  out|    1|   ap_memory|       localC_3_0|         array|
|localC_3_0_we1       |  out|    1|   ap_memory|       localC_3_0|         array|
|localC_3_0_d1        |  out|   16|   ap_memory|       localC_3_0|         array|
|localC_3_1_address1  |  out|    6|   ap_memory|       localC_3_1|         array|
|localC_3_1_ce1       |  out|    1|   ap_memory|       localC_3_1|         array|
|localC_3_1_we1       |  out|    1|   ap_memory|       localC_3_1|         array|
|localC_3_1_d1        |  out|   16|   ap_memory|       localC_3_1|         array|
|localC_3_2_address1  |  out|    6|   ap_memory|       localC_3_2|         array|
|localC_3_2_ce1       |  out|    1|   ap_memory|       localC_3_2|         array|
|localC_3_2_we1       |  out|    1|   ap_memory|       localC_3_2|         array|
|localC_3_2_d1        |  out|   16|   ap_memory|       localC_3_2|         array|
|localC_3_3_address1  |  out|    6|   ap_memory|       localC_3_3|         array|
|localC_3_3_ce1       |  out|    1|   ap_memory|       localC_3_3|         array|
|localC_3_3_we1       |  out|    1|   ap_memory|       localC_3_3|         array|
|localC_3_3_d1        |  out|   16|   ap_memory|       localC_3_3|         array|
|p_read               |   in|   32|     ap_none|           p_read|        scalar|
|p_read1              |   in|   32|     ap_none|          p_read1|        scalar|
|p_read2              |   in|   32|     ap_none|          p_read2|        scalar|
+---------------------+-----+-----+------------+-----------------+--------------+

