================================================================
== Design Size Report
================================================================

* Total Instructions per Compilation Phase
+---------------+-----------------------------+--------------+----------------------------------------------------------------------------------------+
| Phase         | Step                        | Instructions | Description                                                                            |
+---------------+-----------------------------+--------------+----------------------------------------------------------------------------------------+
| Compile/Link  |                             |    499       | After all functions are compiled and linked into a single design                       |
|               |                             |              |                                                                                        |
| Unroll/Inline |                             |              | After user unroll and inline pragmas are applied                                       |
|               | (1) unroll                  |    256       | user unroll pragmas are applied                                                        |
|               | (2) simplification          |    215       | simplification of applied user unroll pragmas                                          |
|               | (3) inline                  |    222       | user inline pragmas are applied                                                        |
|               | (4) simplification          |    217       | simplification of applied user inline pragmas                                          |
|               |                             |              |                                                                                        |
| Array/Struct  |                             |              | After user array partition and struct aggregate/disaggregate pragmas are applied       |
|               | (1) array partition         |  8,313       | user array partition pragmas are applied                                               |
|               | (2) simplification          | 11,024       | simplification of applied user array partition & struct aggregate/disaggregate pragmas |
|               | (3) aggregate/disaggregate  | 11,024       | user struct aggregate/disaggregate pragmas are applied                                 |
|               | (4) array reshape           | 10,988       | apply array reshape pragmas                                                            |
|               | (5) access patterns         | 13,008       | array access pattern optmizations                                                      |
|               |                             |              |                                                                                        |
| Performance   |                             |              | After transformations are applied to meet performance pragma targets                   |
|               | (1) loop simplification     |  8,909       | loop and instruction simplification                                                    |
|               | (2) parallelization         |  7,413       | loops are unrolled or pipelined to meet performance targets                            |
|               | (3) array partition         |  7,413       | arrays are partitioned to meet performance targets                                     |
|               | (4) simplification          |  7,413       | simplification of design after performance transformations                             |
|               |                             |              |                                                                                        |
| HW Transforms |                             |              | After hardware transfomations                                                          |
|               | (1) lowering                |  7,426       | initial conversion to HW specific instructions                                         |
|               | (2) optimizations           |  6,418       | high level synthesis optimizations                                                     |
+---------------+-----------------------------+--------------+----------------------------------------------------------------------------------------+

* Instructions per Function for each Compilation Phase
+-----------------+---------------+--------------+---------------+--------------+-------------+---------------+
| Function        | Location      | Compile/Link | Unroll/Inline | Array/Struct | Performance | HW Transforms |
+-----------------+---------------+--------------+---------------+--------------+-------------+---------------+
| + mmult         | mmult.cpp:138 | 499          | 217           | 13,008       | 7,413       | 6,418         |
|    tile_process | mmult.cpp:62  | 329          |               |              |             |               |
+-----------------+---------------+--------------+---------------+--------------+-------------+---------------+

* Design Size Message Settings
+---------------------------------------------+--------+------------------------------------------------------------------+
| Message Setting                             | Value  | Description                                                      |
+---------------------------------------------+--------+------------------------------------------------------------------+
| config_compile -design_size_maximum_warning | 100000 | Show a warning when total design instructions exceeds this value |
+---------------------------------------------+--------+------------------------------------------------------------------+


