

================================================================
== Vitis HLS Report for 'Loop_writeC_proc'
================================================================
* Date:           Sun Apr 12 17:22:37 2026

* Version:        2023.2 (Build 4023990 on Oct 11 2023)
* Project:        hls_prj
* Solution:       s1 (Vivado IP Flow Target)
* Product family: zynquplus
* Target device:  xck26-sfvc784-2LV-c


================================================================
== Performance Estimates
================================================================
+ Timing: 
    * Summary: 
    +--------+---------+----------+------------+
    |  Clock |  Target | Estimated| Uncertainty|
    +--------+---------+----------+------------+
    |ap_clk  |  3.30 ns|  2.409 ns|     0.89 ns|
    +--------+---------+----------+------------+

+ Latency: 
    * Summary: 
    +---------+---------+----------+----------+------+------+---------+
    |  Latency (cycles) |  Latency (absolute) |   Interval  | Pipeline|
    |   min   |   max   |    min   |    max   |  min |  max |   Type  |
    +---------+---------+----------+----------+------+------+---------+
    |     2062|     2062|  6.805 us|  6.805 us|  2062|  2062|       no|
    +---------+---------+----------+----------+------+------+---------+

    + Detail: 
        * Instance: 
        +---------------------------------------------+----------------------------------+---------+---------+----------+----------+------+------+---------+
        |                                             |                                  |  Latency (cycles) |  Latency (absolute) |   Interval  | Pipeline|
        |                   Instance                  |              Module              |   min   |   max   |    min   |    max   |  min |  max |   Type  |
        +---------------------------------------------+----------------------------------+---------+---------+----------+----------+------+------+---------+
        |grp_Loop_writeC_proc_Pipeline_writeC_fu_115  |Loop_writeC_proc_Pipeline_writeC  |     2051|     2051|  6.768 us|  6.768 us|  2051|  2051|       no|
        +---------------------------------------------+----------------------------------+---------+---------+----------+----------+------+------+---------+

        * Loop: 
        N/A



================================================================
== Utilization Estimates
================================================================
* Summary: 
+-----------------+---------+------+--------+--------+-----+
|       Name      | BRAM_18K|  DSP |   FF   |   LUT  | URAM|
+-----------------+---------+------+--------+--------+-----+
|DSP              |        -|     -|       -|       -|    -|
|Expression       |        -|     -|       0|      72|    -|
|FIFO             |        -|     -|       -|       -|    -|
|Instance         |        -|     3|     324|     519|    -|
|Memory           |        -|     -|       -|       -|    -|
|Multiplexer      |        -|     -|       -|     247|    -|
|Register         |        -|     -|     171|       -|    -|
+-----------------+---------+------+--------+--------+-----+
|Total            |        0|     3|     495|     838|    0|
+-----------------+---------+------+--------+--------+-----+
|Available        |      288|  1248|  234240|  117120|   64|
+-----------------+---------+------+--------+--------+-----+
|Utilization (%)  |        0|    ~0|      ~0|      ~0|    0|
+-----------------+---------+------+--------+--------+-----+

+ Detail: 
    * Instance: 
    +---------------------------------------------+----------------------------------+---------+----+-----+-----+-----+
    |                   Instance                  |              Module              | BRAM_18K| DSP|  FF | LUT | URAM|
    +---------------------------------------------+----------------------------------+---------+----+-----+-----+-----+
    |grp_Loop_writeC_proc_Pipeline_writeC_fu_115  |Loop_writeC_proc_Pipeline_writeC  |        0|   0|  159|  470|    0|
    |mul_32s_32s_32_2_1_U243                      |mul_32s_32s_32_2_1                |        0|   3|  165|   49|    0|
    +---------------------------------------------+----------------------------------+---------+----+-----+-----+-----+
    |Total                                        |                                  |        0|   3|  324|  519|    0|
    +---------------------------------------------+----------------------------------+---------+----+-----+-----+-----+

    * DSP: 
    N/A

    * Memory: 
    N/A

    * FIFO: 
    N/A

    * Expression: 
    +------------------------+----------+----+---+----+------------+------------+
    |      Variable Name     | Operation| DSP| FF| LUT| Bitwidth P0| Bitwidth P1|
    +------------------------+----------+----+---+----+------------+------------+
    |icmp_ln240_fu_164_p2    |      icmp|   0|  0|  39|          32|           1|
    |ap_block_state1         |        or|   0|  0|   2|           1|           1|
    |select_ln240_fu_179_p3  |    select|   0|  0|  31|           1|          31|
    +------------------------+----------+----+---+----+------------+------------+
    |Total                   |          |   0|  0|  72|          34|          33|
    +------------------------+----------+----+---+----+------------+------------+

    * Multiplexer: 
    +----------------------+----+-----------+-----+-----------+
    |         Name         | LUT| Input Size| Bits| Total Bits|
    +----------------------+----+-----------+-----+-----------+
    |ap_NS_fsm             |  65|         13|    1|         13|
    |ap_done               |   9|          2|    1|          2|
    |c_blk_n               |   9|          2|    1|          2|
    |gmem2_blk_n_AW        |   9|          2|    1|          2|
    |gmem2_blk_n_B         |   9|          2|    1|          2|
    |m_axi_gmem2_AWADDR    |  14|          3|   64|        192|
    |m_axi_gmem2_AWBURST   |   9|          2|    2|          4|
    |m_axi_gmem2_AWCACHE   |   9|          2|    4|          8|
    |m_axi_gmem2_AWID      |   9|          2|    1|          2|
    |m_axi_gmem2_AWLEN     |  14|          3|   32|         96|
    |m_axi_gmem2_AWLOCK    |   9|          2|    2|          4|
    |m_axi_gmem2_AWPROT    |   9|          2|    3|          6|
    |m_axi_gmem2_AWQOS     |   9|          2|    4|          8|
    |m_axi_gmem2_AWREGION  |   9|          2|    4|          8|
    |m_axi_gmem2_AWSIZE    |   9|          2|    3|          6|
    |m_axi_gmem2_AWUSER    |   9|          2|    1|          2|
    |m_axi_gmem2_AWVALID   |  14|          3|    1|          3|
    |m_axi_gmem2_BREADY    |  14|          3|    1|          3|
    |m_axi_gmem2_WVALID    |   9|          2|    1|          2|
    +----------------------+----+-----------+-----+-----------+
    |Total                 | 247|         53|  128|        365|
    +----------------------+----+-----------+-----+-----------+

    * Register: 
    +----------------------------------------------------------+----+----+-----+-----------+
    |                           Name                           | FF | LUT| Bits| Const Bits|
    +----------------------------------------------------------+----+----+-----+-----------+
    |ap_CS_fsm                                                 |  12|   0|   12|          0|
    |ap_done_reg                                               |   1|   0|    1|          0|
    |grp_Loop_writeC_proc_Pipeline_writeC_fu_115_ap_start_reg  |   1|   0|    1|          0|
    |mul36_reg_211                                             |  32|   0|   32|          0|
    |select_ln240_reg_228                                      |  31|   0|   31|          0|
    |trunc_ln240_reg_217                                       |  31|   0|   31|          0|
    |trunc_ln_reg_222                                          |  63|   0|   63|          0|
    +----------------------------------------------------------+----+----+-----+-----------+
    |Total                                                     | 171|   0|  171|          0|
    +----------------------------------------------------------+----+----+-----+-----------+



================================================================
== Interface
================================================================
* Summary: 
+----------------------+-----+-----+------------+------------------+--------------+
|       RTL Ports      | Dir | Bits|  Protocol  |   Source Object  |    C Type    |
+----------------------+-----+-----+------------+------------------+--------------+
|ap_clk                |   in|    1|  ap_ctrl_hs|  Loop_writeC_proc|  return value|
|ap_rst                |   in|    1|  ap_ctrl_hs|  Loop_writeC_proc|  return value|
|ap_start              |   in|    1|  ap_ctrl_hs|  Loop_writeC_proc|  return value|
|ap_done               |  out|    1|  ap_ctrl_hs|  Loop_writeC_proc|  return value|
|ap_continue           |   in|    1|  ap_ctrl_hs|  Loop_writeC_proc|  return value|
|ap_idle               |  out|    1|  ap_ctrl_hs|  Loop_writeC_proc|  return value|
|ap_ready              |  out|    1|  ap_ctrl_hs|  Loop_writeC_proc|  return value|
|p_read                |   in|   32|     ap_none|            p_read|        scalar|
|p_read1               |   in|   32|     ap_none|           p_read1|        scalar|
|c_dout                |   in|   64|     ap_fifo|                 c|       pointer|
|c_num_data_valid      |   in|    3|     ap_fifo|                 c|       pointer|
|c_fifo_cap            |   in|    3|     ap_fifo|                 c|       pointer|
|c_empty_n             |   in|    1|     ap_fifo|                 c|       pointer|
|c_read                |  out|    1|     ap_fifo|                 c|       pointer|
|m_axi_gmem2_AWVALID   |  out|    1|       m_axi|             gmem2|       pointer|
|m_axi_gmem2_AWREADY   |   in|    1|       m_axi|             gmem2|       pointer|
|m_axi_gmem2_AWADDR    |  out|   64|       m_axi|             gmem2|       pointer|
|m_axi_gmem2_AWID      |  out|    1|       m_axi|             gmem2|       pointer|
|m_axi_gmem2_AWLEN     |  out|   32|       m_axi|             gmem2|       pointer|
|m_axi_gmem2_AWSIZE    |  out|    3|       m_axi|             gmem2|       pointer|
|m_axi_gmem2_AWBURST   |  out|    2|       m_axi|             gmem2|       pointer|
|m_axi_gmem2_AWLOCK    |  out|    2|       m_axi|             gmem2|       pointer|
|m_axi_gmem2_AWCACHE   |  out|    4|       m_axi|             gmem2|       pointer|
|m_axi_gmem2_AWPROT    |  out|    3|       m_axi|             gmem2|       pointer|
|m_axi_gmem2_AWQOS     |  out|    4|       m_axi|             gmem2|       pointer|
|m_axi_gmem2_AWREGION  |  out|    4|       m_axi|             gmem2|       pointer|
|m_axi_gmem2_AWUSER    |  out|    1|       m_axi|             gmem2|       pointer|
|m_axi_gmem2_WVALID    |  out|    1|       m_axi|             gmem2|       pointer|
|m_axi_gmem2_WREADY    |   in|    1|       m_axi|             gmem2|       pointer|
|m_axi_gmem2_WDATA     |  out|   16|       m_axi|             gmem2|       pointer|
|m_axi_gmem2_WSTRB     |  out|    2|       m_axi|             gmem2|       pointer|
|m_axi_gmem2_WLAST     |  out|    1|       m_axi|             gmem2|       pointer|
|m_axi_gmem2_WID       |  out|    1|       m_axi|             gmem2|       pointer|
|m_axi_gmem2_WUSER     |  out|    1|       m_axi|             gmem2|       pointer|
|m_axi_gmem2_ARVALID   |  out|    1|       m_axi|             gmem2|       pointer|
|m_axi_gmem2_ARREADY   |   in|    1|       m_axi|             gmem2|       pointer|
|m_axi_gmem2_ARADDR    |  out|   64|       m_axi|             gmem2|       pointer|
|m_axi_gmem2_ARID      |  out|    1|       m_axi|             gmem2|       pointer|
|m_axi_gmem2_ARLEN     |  out|   32|       m_axi|             gmem2|       pointer|
|m_axi_gmem2_ARSIZE    |  out|    3|       m_axi|             gmem2|       pointer|
|m_axi_gmem2_ARBURST   |  out|    2|       m_axi|             gmem2|       pointer|
|m_axi_gmem2_ARLOCK    |  out|    2|       m_axi|             gmem2|       pointer|
|m_axi_gmem2_ARCACHE   |  out|    4|       m_axi|             gmem2|       pointer|
|m_axi_gmem2_ARPROT    |  out|    3|       m_axi|             gmem2|       pointer|
|m_axi_gmem2_ARQOS     |  out|    4|       m_axi|             gmem2|       pointer|
|m_axi_gmem2_ARREGION  |  out|    4|       m_axi|             gmem2|       pointer|
|m_axi_gmem2_ARUSER    |  out|    1|       m_axi|             gmem2|       pointer|
|m_axi_gmem2_RVALID    |   in|    1|       m_axi|             gmem2|       pointer|
|m_axi_gmem2_RREADY    |  out|    1|       m_axi|             gmem2|       pointer|
|m_axi_gmem2_RDATA     |   in|   16|       m_axi|             gmem2|       pointer|
|m_axi_gmem2_RLAST     |   in|    1|       m_axi|             gmem2|       pointer|
|m_axi_gmem2_RID       |   in|    1|       m_axi|             gmem2|       pointer|
|m_axi_gmem2_RFIFONUM  |   in|   10|       m_axi|             gmem2|       pointer|
|m_axi_gmem2_RUSER     |   in|    1|       m_axi|             gmem2|       pointer|
|m_axi_gmem2_RRESP     |   in|    2|       m_axi|             gmem2|       pointer|
|m_axi_gmem2_BVALID    |   in|    1|       m_axi|             gmem2|       pointer|
|m_axi_gmem2_BREADY    |  out|    1|       m_axi|             gmem2|       pointer|
|m_axi_gmem2_BRESP     |   in|    2|       m_axi|             gmem2|       pointer|
|m_axi_gmem2_BID       |   in|    1|       m_axi|             gmem2|       pointer|
|m_axi_gmem2_BUSER     |   in|    1|       m_axi|             gmem2|       pointer|
|localC_address0       |  out|    6|   ap_memory|            localC|         array|
|localC_ce0            |  out|    1|   ap_memory|            localC|         array|
|localC_q0             |   in|   16|   ap_memory|            localC|         array|
|localC_1_address0     |  out|    6|   ap_memory|          localC_1|         array|
|localC_1_ce0          |  out|    1|   ap_memory|          localC_1|         array|
|localC_1_q0           |   in|   16|   ap_memory|          localC_1|         array|
|localC_2_address0     |  out|    6|   ap_memory|          localC_2|         array|
|localC_2_ce0          |  out|    1|   ap_memory|          localC_2|         array|
|localC_2_q0           |   in|   16|   ap_memory|          localC_2|         array|
|localC_3_address0     |  out|    6|   ap_memory|          localC_3|         array|
|localC_3_ce0          |  out|    1|   ap_memory|          localC_3|         array|
|localC_3_q0           |   in|   16|   ap_memory|          localC_3|         array|
|localC_4_address0     |  out|    6|   ap_memory|          localC_4|         array|
|localC_4_ce0          |  out|    1|   ap_memory|          localC_4|         array|
|localC_4_q0           |   in|   16|   ap_memory|          localC_4|         array|
|localC_5_address0     |  out|    6|   ap_memory|          localC_5|         array|
|localC_5_ce0          |  out|    1|   ap_memory|          localC_5|         array|
|localC_5_q0           |   in|   16|   ap_memory|          localC_5|         array|
|localC_6_address0     |  out|    6|   ap_memory|          localC_6|         array|
|localC_6_ce0          |  out|    1|   ap_memory|          localC_6|         array|
|localC_6_q0           |   in|   16|   ap_memory|          localC_6|         array|
|localC_7_address0     |  out|    6|   ap_memory|          localC_7|         array|
|localC_7_ce0          |  out|    1|   ap_memory|          localC_7|         array|
|localC_7_q0           |   in|   16|   ap_memory|          localC_7|         array|
|localC_8_address0     |  out|    6|   ap_memory|          localC_8|         array|
|localC_8_ce0          |  out|    1|   ap_memory|          localC_8|         array|
|localC_8_q0           |   in|   16|   ap_memory|          localC_8|         array|
|localC_9_address0     |  out|    6|   ap_memory|          localC_9|         array|
|localC_9_ce0          |  out|    1|   ap_memory|          localC_9|         array|
|localC_9_q0           |   in|   16|   ap_memory|          localC_9|         array|
|localC_10_address0    |  out|    6|   ap_memory|         localC_10|         array|
|localC_10_ce0         |  out|    1|   ap_memory|         localC_10|         array|
|localC_10_q0          |   in|   16|   ap_memory|         localC_10|         array|
|localC_11_address0    |  out|    6|   ap_memory|         localC_11|         array|
|localC_11_ce0         |  out|    1|   ap_memory|         localC_11|         array|
|localC_11_q0          |   in|   16|   ap_memory|         localC_11|         array|
|localC_12_address0    |  out|    6|   ap_memory|         localC_12|         array|
|localC_12_ce0         |  out|    1|   ap_memory|         localC_12|         array|
|localC_12_q0          |   in|   16|   ap_memory|         localC_12|         array|
|localC_13_address0    |  out|    6|   ap_memory|         localC_13|         array|
|localC_13_ce0         |  out|    1|   ap_memory|         localC_13|         array|
|localC_13_q0          |   in|   16|   ap_memory|         localC_13|         array|
|localC_14_address0    |  out|    6|   ap_memory|         localC_14|         array|
|localC_14_ce0         |  out|    1|   ap_memory|         localC_14|         array|
|localC_14_q0          |   in|   16|   ap_memory|         localC_14|         array|
|localC_15_address0    |  out|    6|   ap_memory|         localC_15|         array|
|localC_15_ce0         |  out|    1|   ap_memory|         localC_15|         array|
|localC_15_q0          |   in|   16|   ap_memory|         localC_15|         array|
+----------------------+-----+-----+------------+------------------+--------------+

