

================================================================
== Vitis HLS Report for 'Loop_readA_proc_Pipeline_readA'
================================================================
* Date:           Sun Apr 12 15:51:34 2026

* Version:        2023.2 (Build 4023990 on Oct 11 2023)
* Project:        hls_prj
* Solution:       s1 (Vivado IP Flow Target)
* Product family: zynquplus
* Target device:  xck26-sfvc784-2LV-c


================================================================
== Performance Estimates
================================================================
+ Timing: 
    * Summary: 
    +--------+---------+----------+------------+
    |  Clock |  Target | Estimated| Uncertainty|
    +--------+---------+----------+------------+
    |ap_clk  |  3.30 ns|  2.409 ns|     0.89 ns|
    +--------+---------+----------+------------+

+ Latency: 
    * Summary: 
    +---------+---------+----------+----------+------+------+---------+
    |  Latency (cycles) |  Latency (absolute) |   Interval  | Pipeline|
    |   min   |   max   |    min   |    max   |  min |  max |   Type  |
    +---------+---------+----------+----------+------+------+---------+
    |     2050|     2050|  6.765 us|  6.765 us|  2050|  2050|       no|
    +---------+---------+----------+----------+------+------+---------+

    + Detail: 
        * Instance: 
        N/A

        * Loop: 
        +----------+---------+---------+----------+-----------+-----------+------+----------+
        |          |  Latency (cycles) | Iteration|  Initiation Interval  | Trip |          |
        | Loop Name|   min   |   max   |  Latency |  achieved |   target  | Count| Pipelined|
        +----------+---------+---------+----------+-----------+-----------+------+----------+
        |- readA   |     2048|     2048|         3|          2|          1|  1024|       yes|
        +----------+---------+---------+----------+-----------+-----------+------+----------+



================================================================
== Utilization Estimates
================================================================
* Summary: 
+-----------------+---------+------+--------+--------+-----+
|       Name      | BRAM_18K|  DSP |   FF   |   LUT  | URAM|
+-----------------+---------+------+--------+--------+-----+
|DSP              |        -|     -|       -|       -|    -|
|Expression       |        -|     -|       0|     264|    -|
|FIFO             |        -|     -|       -|       -|    -|
|Instance         |        -|     -|       -|       -|    -|
|Memory           |        -|     -|       -|       -|    -|
|Multiplexer      |        -|     -|       -|      77|    -|
|Register         |        -|     -|     274|       -|    -|
+-----------------+---------+------+--------+--------+-----+
|Total            |        0|     0|     274|     341|    0|
+-----------------+---------+------+--------+--------+-----+
|Available        |      288|  1248|  234240|  117120|   64|
+-----------------+---------+------+--------+--------+-----+
|Utilization (%)  |        0|     0|      ~0|      ~0|    0|
+-----------------+---------+------+--------+--------+-----+

+ Detail: 
    * Instance: 
    N/A

    * DSP: 
    N/A

    * Memory: 
    N/A

    * FIFO: 
    N/A

    * Expression: 
    +----------------------------------+----------+----+---+----+------------+------------+
    |           Variable Name          | Operation| DSP| FF| LUT| Bitwidth P0| Bitwidth P1|
    +----------------------------------+----------+----+---+----+------------+------------+
    |add_ln175_fu_788_p2               |         +|   0|  0|  38|          31|           1|
    |add_ln178_fu_810_p2               |         +|   0|  0|  39|          32|           1|
    |j_5_fu_834_p2                     |         +|   0|  0|  39|          32|           1|
    |ap_block_pp0_stage0_11001         |       and|   0|  0|   2|           1|           1|
    |ap_block_state3_pp0_stage0_iter1  |       and|   0|  0|   2|           1|           1|
    |icmp_ln175_fu_783_p2              |      icmp|   0|  0|  39|          32|          32|
    |icmp_ln177_fu_805_p2              |      icmp|   0|  0|  39|          32|          32|
    |i_3_fu_816_p3                     |    select|   0|  0|  32|           1|          32|
    |j_4_fu_828_p3                     |    select|   0|  0|  32|           1|           1|
    |ap_enable_pp0                     |       xor|   0|  0|   2|           1|           2|
    +----------------------------------+----------+----+---+----+------------+------------+
    |Total                             |          |   0|  0| 264|         164|         104|
    +----------------------------------+----------+----+---+----+------------+------------+

    * Multiplexer: 
    +-------------------------+----+-----------+-----+-----------+
    |           Name          | LUT| Input Size| Bits| Total Bits|
    +-------------------------+----+-----------+-----+-----------+
    |ap_NS_fsm                |  14|          3|    1|          3|
    |ap_done_int              |   9|          2|    1|          2|
    |ap_enable_reg_pp0_iter0  |   9|          2|    1|          2|
    |ap_enable_reg_pp0_iter1  |   9|          2|    1|          2|
    |gmem0_blk_n_R            |   9|          2|    1|          2|
    |i_fu_182                 |   9|          2|   32|         64|
    |j_fu_186                 |   9|          2|   32|         64|
    |loc_fu_190               |   9|          2|   31|         62|
    +-------------------------+----+-----------+-----+-----------+
    |Total                    |  77|         17|  100|        201|
    +-------------------------+----+-----------+-----+-----------+

    * Register: 
    +-----------------------------+----+----+-----+-----------+
    |             Name            | FF | LUT| Bits| Const Bits|
    +-----------------------------+----+----+-----+-----------+
    |add_ln175_reg_928            |  31|   0|   31|          0|
    |ap_CS_fsm                    |   2|   0|    2|          0|
    |ap_done_reg                  |   1|   0|    1|          0|
    |ap_enable_reg_pp0_iter0_reg  |   1|   0|    1|          0|
    |ap_enable_reg_pp0_iter1      |   1|   0|    1|          0|
    |ap_predicate_pred445_state4  |   1|   0|    1|          0|
    |ap_predicate_pred450_state4  |   1|   0|    1|          0|
    |ap_predicate_pred455_state4  |   1|   0|    1|          0|
    |ap_predicate_pred460_state4  |   1|   0|    1|          0|
    |ap_predicate_pred465_state4  |   1|   0|    1|          0|
    |ap_predicate_pred470_state4  |   1|   0|    1|          0|
    |ap_predicate_pred475_state4  |   1|   0|    1|          0|
    |ap_predicate_pred480_state4  |   1|   0|    1|          0|
    |ap_predicate_pred485_state4  |   1|   0|    1|          0|
    |ap_predicate_pred490_state4  |   1|   0|    1|          0|
    |ap_predicate_pred495_state4  |   1|   0|    1|          0|
    |ap_predicate_pred500_state4  |   1|   0|    1|          0|
    |ap_predicate_pred505_state4  |   1|   0|    1|          0|
    |ap_predicate_pred510_state4  |   1|   0|    1|          0|
    |ap_predicate_pred515_state4  |   1|   0|    1|          0|
    |ap_predicate_pred520_state4  |   1|   0|    1|          0|
    |ap_predicate_pred525_state4  |   1|   0|    1|          0|
    |ap_predicate_pred530_state4  |   1|   0|    1|          0|
    |ap_predicate_pred535_state4  |   1|   0|    1|          0|
    |ap_predicate_pred540_state4  |   1|   0|    1|          0|
    |ap_predicate_pred545_state4  |   1|   0|    1|          0|
    |ap_predicate_pred550_state4  |   1|   0|    1|          0|
    |ap_predicate_pred555_state4  |   1|   0|    1|          0|
    |ap_predicate_pred560_state4  |   1|   0|    1|          0|
    |ap_predicate_pred565_state4  |   1|   0|    1|          0|
    |ap_predicate_pred570_state4  |   1|   0|    1|          0|
    |ap_predicate_pred575_state4  |   1|   0|    1|          0|
    |ap_predicate_pred580_state4  |   1|   0|    1|          0|
    |ap_predicate_pred585_state4  |   1|   0|    1|          0|
    |ap_predicate_pred590_state4  |   1|   0|    1|          0|
    |ap_predicate_pred595_state4  |   1|   0|    1|          0|
    |ap_predicate_pred600_state4  |   1|   0|    1|          0|
    |gmem0_addr_read_reg_962      |   8|   0|    8|          0|
    |i_3_reg_948                  |  32|   0|   32|          0|
    |i_fu_182                     |  32|   0|   32|          0|
    |icmp_ln175_reg_924           |   1|   0|    1|          0|
    |icmp_ln177_reg_943           |   1|   0|    1|          0|
    |j_4_reg_957                  |  32|   0|   32|          0|
    |j_fu_186                     |  32|   0|   32|          0|
    |j_load_reg_933               |  32|   0|   32|          0|
    |loc_fu_190                   |  31|   0|   31|          0|
    |trunc_ln175_reg_953          |   5|   0|    5|          0|
    +-----------------------------+----+----+-----+-----------+
    |Total                        | 274|   0|  274|          0|
    +-----------------------------+----+----+-----+-----------+



================================================================
== Interface
================================================================
* Summary: 
+----------------------+-----+-----+------------+--------------------------------+--------------+
|       RTL Ports      | Dir | Bits|  Protocol  |          Source Object         |    C Type    |
+----------------------+-----+-----+------------+--------------------------------+--------------+
|ap_clk                |   in|    1|  ap_ctrl_hs|  Loop_readA_proc_Pipeline_readA|  return value|
|ap_rst                |   in|    1|  ap_ctrl_hs|  Loop_readA_proc_Pipeline_readA|  return value|
|ap_start              |   in|    1|  ap_ctrl_hs|  Loop_readA_proc_Pipeline_readA|  return value|
|ap_done               |  out|    1|  ap_ctrl_hs|  Loop_readA_proc_Pipeline_readA|  return value|
|ap_idle               |  out|    1|  ap_ctrl_hs|  Loop_readA_proc_Pipeline_readA|  return value|
|ap_ready              |  out|    1|  ap_ctrl_hs|  Loop_readA_proc_Pipeline_readA|  return value|
|localA_62_address1    |  out|    5|   ap_memory|                       localA_62|         array|
|localA_62_ce1         |  out|    1|   ap_memory|                       localA_62|         array|
|localA_62_we1         |  out|    1|   ap_memory|                       localA_62|         array|
|localA_62_d1          |  out|    8|   ap_memory|                       localA_62|         array|
|localA_61_address1    |  out|    5|   ap_memory|                       localA_61|         array|
|localA_61_ce1         |  out|    1|   ap_memory|                       localA_61|         array|
|localA_61_we1         |  out|    1|   ap_memory|                       localA_61|         array|
|localA_61_d1          |  out|    8|   ap_memory|                       localA_61|         array|
|localA_60_address1    |  out|    5|   ap_memory|                       localA_60|         array|
|localA_60_ce1         |  out|    1|   ap_memory|                       localA_60|         array|
|localA_60_we1         |  out|    1|   ap_memory|                       localA_60|         array|
|localA_60_d1          |  out|    8|   ap_memory|                       localA_60|         array|
|localA_59_address1    |  out|    5|   ap_memory|                       localA_59|         array|
|localA_59_ce1         |  out|    1|   ap_memory|                       localA_59|         array|
|localA_59_we1         |  out|    1|   ap_memory|                       localA_59|         array|
|localA_59_d1          |  out|    8|   ap_memory|                       localA_59|         array|
|localA_58_address1    |  out|    5|   ap_memory|                       localA_58|         array|
|localA_58_ce1         |  out|    1|   ap_memory|                       localA_58|         array|
|localA_58_we1         |  out|    1|   ap_memory|                       localA_58|         array|
|localA_58_d1          |  out|    8|   ap_memory|                       localA_58|         array|
|localA_57_address1    |  out|    5|   ap_memory|                       localA_57|         array|
|localA_57_ce1         |  out|    1|   ap_memory|                       localA_57|         array|
|localA_57_we1         |  out|    1|   ap_memory|                       localA_57|         array|
|localA_57_d1          |  out|    8|   ap_memory|                       localA_57|         array|
|localA_56_address1    |  out|    5|   ap_memory|                       localA_56|         array|
|localA_56_ce1         |  out|    1|   ap_memory|                       localA_56|         array|
|localA_56_we1         |  out|    1|   ap_memory|                       localA_56|         array|
|localA_56_d1          |  out|    8|   ap_memory|                       localA_56|         array|
|localA_55_address1    |  out|    5|   ap_memory|                       localA_55|         array|
|localA_55_ce1         |  out|    1|   ap_memory|                       localA_55|         array|
|localA_55_we1         |  out|    1|   ap_memory|                       localA_55|         array|
|localA_55_d1          |  out|    8|   ap_memory|                       localA_55|         array|
|localA_54_address1    |  out|    5|   ap_memory|                       localA_54|         array|
|localA_54_ce1         |  out|    1|   ap_memory|                       localA_54|         array|
|localA_54_we1         |  out|    1|   ap_memory|                       localA_54|         array|
|localA_54_d1          |  out|    8|   ap_memory|                       localA_54|         array|
|localA_53_address1    |  out|    5|   ap_memory|                       localA_53|         array|
|localA_53_ce1         |  out|    1|   ap_memory|                       localA_53|         array|
|localA_53_we1         |  out|    1|   ap_memory|                       localA_53|         array|
|localA_53_d1          |  out|    8|   ap_memory|                       localA_53|         array|
|localA_52_address1    |  out|    5|   ap_memory|                       localA_52|         array|
|localA_52_ce1         |  out|    1|   ap_memory|                       localA_52|         array|
|localA_52_we1         |  out|    1|   ap_memory|                       localA_52|         array|
|localA_52_d1          |  out|    8|   ap_memory|                       localA_52|         array|
|localA_51_address1    |  out|    5|   ap_memory|                       localA_51|         array|
|localA_51_ce1         |  out|    1|   ap_memory|                       localA_51|         array|
|localA_51_we1         |  out|    1|   ap_memory|                       localA_51|         array|
|localA_51_d1          |  out|    8|   ap_memory|                       localA_51|         array|
|localA_50_address1    |  out|    5|   ap_memory|                       localA_50|         array|
|localA_50_ce1         |  out|    1|   ap_memory|                       localA_50|         array|
|localA_50_we1         |  out|    1|   ap_memory|                       localA_50|         array|
|localA_50_d1          |  out|    8|   ap_memory|                       localA_50|         array|
|localA_49_address1    |  out|    5|   ap_memory|                       localA_49|         array|
|localA_49_ce1         |  out|    1|   ap_memory|                       localA_49|         array|
|localA_49_we1         |  out|    1|   ap_memory|                       localA_49|         array|
|localA_49_d1          |  out|    8|   ap_memory|                       localA_49|         array|
|localA_48_address1    |  out|    5|   ap_memory|                       localA_48|         array|
|localA_48_ce1         |  out|    1|   ap_memory|                       localA_48|         array|
|localA_48_we1         |  out|    1|   ap_memory|                       localA_48|         array|
|localA_48_d1          |  out|    8|   ap_memory|                       localA_48|         array|
|localA_47_address1    |  out|    5|   ap_memory|                       localA_47|         array|
|localA_47_ce1         |  out|    1|   ap_memory|                       localA_47|         array|
|localA_47_we1         |  out|    1|   ap_memory|                       localA_47|         array|
|localA_47_d1          |  out|    8|   ap_memory|                       localA_47|         array|
|localA_46_address1    |  out|    5|   ap_memory|                       localA_46|         array|
|localA_46_ce1         |  out|    1|   ap_memory|                       localA_46|         array|
|localA_46_we1         |  out|    1|   ap_memory|                       localA_46|         array|
|localA_46_d1          |  out|    8|   ap_memory|                       localA_46|         array|
|localA_45_address1    |  out|    5|   ap_memory|                       localA_45|         array|
|localA_45_ce1         |  out|    1|   ap_memory|                       localA_45|         array|
|localA_45_we1         |  out|    1|   ap_memory|                       localA_45|         array|
|localA_45_d1          |  out|    8|   ap_memory|                       localA_45|         array|
|localA_44_address1    |  out|    5|   ap_memory|                       localA_44|         array|
|localA_44_ce1         |  out|    1|   ap_memory|                       localA_44|         array|
|localA_44_we1         |  out|    1|   ap_memory|                       localA_44|         array|
|localA_44_d1          |  out|    8|   ap_memory|                       localA_44|         array|
|localA_43_address1    |  out|    5|   ap_memory|                       localA_43|         array|
|localA_43_ce1         |  out|    1|   ap_memory|                       localA_43|         array|
|localA_43_we1         |  out|    1|   ap_memory|                       localA_43|         array|
|localA_43_d1          |  out|    8|   ap_memory|                       localA_43|         array|
|localA_42_address1    |  out|    5|   ap_memory|                       localA_42|         array|
|localA_42_ce1         |  out|    1|   ap_memory|                       localA_42|         array|
|localA_42_we1         |  out|    1|   ap_memory|                       localA_42|         array|
|localA_42_d1          |  out|    8|   ap_memory|                       localA_42|         array|
|localA_41_address1    |  out|    5|   ap_memory|                       localA_41|         array|
|localA_41_ce1         |  out|    1|   ap_memory|                       localA_41|         array|
|localA_41_we1         |  out|    1|   ap_memory|                       localA_41|         array|
|localA_41_d1          |  out|    8|   ap_memory|                       localA_41|         array|
|localA_40_address1    |  out|    5|   ap_memory|                       localA_40|         array|
|localA_40_ce1         |  out|    1|   ap_memory|                       localA_40|         array|
|localA_40_we1         |  out|    1|   ap_memory|                       localA_40|         array|
|localA_40_d1          |  out|    8|   ap_memory|                       localA_40|         array|
|localA_39_address1    |  out|    5|   ap_memory|                       localA_39|         array|
|localA_39_ce1         |  out|    1|   ap_memory|                       localA_39|         array|
|localA_39_we1         |  out|    1|   ap_memory|                       localA_39|         array|
|localA_39_d1          |  out|    8|   ap_memory|                       localA_39|         array|
|localA_38_address1    |  out|    5|   ap_memory|                       localA_38|         array|
|localA_38_ce1         |  out|    1|   ap_memory|                       localA_38|         array|
|localA_38_we1         |  out|    1|   ap_memory|                       localA_38|         array|
|localA_38_d1          |  out|    8|   ap_memory|                       localA_38|         array|
|localA_37_address1    |  out|    5|   ap_memory|                       localA_37|         array|
|localA_37_ce1         |  out|    1|   ap_memory|                       localA_37|         array|
|localA_37_we1         |  out|    1|   ap_memory|                       localA_37|         array|
|localA_37_d1          |  out|    8|   ap_memory|                       localA_37|         array|
|localA_36_address1    |  out|    5|   ap_memory|                       localA_36|         array|
|localA_36_ce1         |  out|    1|   ap_memory|                       localA_36|         array|
|localA_36_we1         |  out|    1|   ap_memory|                       localA_36|         array|
|localA_36_d1          |  out|    8|   ap_memory|                       localA_36|         array|
|localA_35_address1    |  out|    5|   ap_memory|                       localA_35|         array|
|localA_35_ce1         |  out|    1|   ap_memory|                       localA_35|         array|
|localA_35_we1         |  out|    1|   ap_memory|                       localA_35|         array|
|localA_35_d1          |  out|    8|   ap_memory|                       localA_35|         array|
|localA_34_address1    |  out|    5|   ap_memory|                       localA_34|         array|
|localA_34_ce1         |  out|    1|   ap_memory|                       localA_34|         array|
|localA_34_we1         |  out|    1|   ap_memory|                       localA_34|         array|
|localA_34_d1          |  out|    8|   ap_memory|                       localA_34|         array|
|localA_33_address1    |  out|    5|   ap_memory|                       localA_33|         array|
|localA_33_ce1         |  out|    1|   ap_memory|                       localA_33|         array|
|localA_33_we1         |  out|    1|   ap_memory|                       localA_33|         array|
|localA_33_d1          |  out|    8|   ap_memory|                       localA_33|         array|
|localA_32_address1    |  out|    5|   ap_memory|                       localA_32|         array|
|localA_32_ce1         |  out|    1|   ap_memory|                       localA_32|         array|
|localA_32_we1         |  out|    1|   ap_memory|                       localA_32|         array|
|localA_32_d1          |  out|    8|   ap_memory|                       localA_32|         array|
|localA_address1       |  out|    5|   ap_memory|                          localA|         array|
|localA_ce1            |  out|    1|   ap_memory|                          localA|         array|
|localA_we1            |  out|    1|   ap_memory|                          localA|         array|
|localA_d1             |  out|    8|   ap_memory|                          localA|         array|
|mul                   |   in|   32|     ap_none|                             mul|        scalar|
|m_axi_gmem0_AWVALID   |  out|    1|       m_axi|                           gmem0|       pointer|
|m_axi_gmem0_AWREADY   |   in|    1|       m_axi|                           gmem0|       pointer|
|m_axi_gmem0_AWADDR    |  out|   64|       m_axi|                           gmem0|       pointer|
|m_axi_gmem0_AWID      |  out|    1|       m_axi|                           gmem0|       pointer|
|m_axi_gmem0_AWLEN     |  out|   32|       m_axi|                           gmem0|       pointer|
|m_axi_gmem0_AWSIZE    |  out|    3|       m_axi|                           gmem0|       pointer|
|m_axi_gmem0_AWBURST   |  out|    2|       m_axi|                           gmem0|       pointer|
|m_axi_gmem0_AWLOCK    |  out|    2|       m_axi|                           gmem0|       pointer|
|m_axi_gmem0_AWCACHE   |  out|    4|       m_axi|                           gmem0|       pointer|
|m_axi_gmem0_AWPROT    |  out|    3|       m_axi|                           gmem0|       pointer|
|m_axi_gmem0_AWQOS     |  out|    4|       m_axi|                           gmem0|       pointer|
|m_axi_gmem0_AWREGION  |  out|    4|       m_axi|                           gmem0|       pointer|
|m_axi_gmem0_AWUSER    |  out|    1|       m_axi|                           gmem0|       pointer|
|m_axi_gmem0_WVALID    |  out|    1|       m_axi|                           gmem0|       pointer|
|m_axi_gmem0_WREADY    |   in|    1|       m_axi|                           gmem0|       pointer|
|m_axi_gmem0_WDATA     |  out|    8|       m_axi|                           gmem0|       pointer|
|m_axi_gmem0_WSTRB     |  out|    1|       m_axi|                           gmem0|       pointer|
|m_axi_gmem0_WLAST     |  out|    1|       m_axi|                           gmem0|       pointer|
|m_axi_gmem0_WID       |  out|    1|       m_axi|                           gmem0|       pointer|
|m_axi_gmem0_WUSER     |  out|    1|       m_axi|                           gmem0|       pointer|
|m_axi_gmem0_ARVALID   |  out|    1|       m_axi|                           gmem0|       pointer|
|m_axi_gmem0_ARREADY   |   in|    1|       m_axi|                           gmem0|       pointer|
|m_axi_gmem0_ARADDR    |  out|   64|       m_axi|                           gmem0|       pointer|
|m_axi_gmem0_ARID      |  out|    1|       m_axi|                           gmem0|       pointer|
|m_axi_gmem0_ARLEN     |  out|   32|       m_axi|                           gmem0|       pointer|
|m_axi_gmem0_ARSIZE    |  out|    3|       m_axi|                           gmem0|       pointer|
|m_axi_gmem0_ARBURST   |  out|    2|       m_axi|                           gmem0|       pointer|
|m_axi_gmem0_ARLOCK    |  out|    2|       m_axi|                           gmem0|       pointer|
|m_axi_gmem0_ARCACHE   |  out|    4|       m_axi|                           gmem0|       pointer|
|m_axi_gmem0_ARPROT    |  out|    3|       m_axi|                           gmem0|       pointer|
|m_axi_gmem0_ARQOS     |  out|    4|       m_axi|                           gmem0|       pointer|
|m_axi_gmem0_ARREGION  |  out|    4|       m_axi|                           gmem0|       pointer|
|m_axi_gmem0_ARUSER    |  out|    1|       m_axi|                           gmem0|       pointer|
|m_axi_gmem0_RVALID    |   in|    1|       m_axi|                           gmem0|       pointer|
|m_axi_gmem0_RREADY    |  out|    1|       m_axi|                           gmem0|       pointer|
|m_axi_gmem0_RDATA     |   in|    8|       m_axi|                           gmem0|       pointer|
|m_axi_gmem0_RLAST     |   in|    1|       m_axi|                           gmem0|       pointer|
|m_axi_gmem0_RID       |   in|    1|       m_axi|                           gmem0|       pointer|
|m_axi_gmem0_RFIFONUM  |   in|   11|       m_axi|                           gmem0|       pointer|
|m_axi_gmem0_RUSER     |   in|    1|       m_axi|                           gmem0|       pointer|
|m_axi_gmem0_RRESP     |   in|    2|       m_axi|                           gmem0|       pointer|
|m_axi_gmem0_BVALID    |   in|    1|       m_axi|                           gmem0|       pointer|
|m_axi_gmem0_BREADY    |  out|    1|       m_axi|                           gmem0|       pointer|
|m_axi_gmem0_BRESP     |   in|    2|       m_axi|                           gmem0|       pointer|
|m_axi_gmem0_BID       |   in|    1|       m_axi|                           gmem0|       pointer|
|m_axi_gmem0_BUSER     |   in|    1|       m_axi|                           gmem0|       pointer|
|a                     |   in|   64|     ap_none|                               a|        scalar|
|a_col                 |   in|   32|     ap_none|                           a_col|        scalar|
+----------------------+-----+-----+------------+--------------------------------+--------------+

