

================================================================
== Vitis HLS Report for 'Loop_readB_proc'
================================================================
* Date:           Sun Apr 12 15:51:34 2026

* Version:        2023.2 (Build 4023990 on Oct 11 2023)
* Project:        hls_prj
* Solution:       s1 (Vivado IP Flow Target)
* Product family: zynquplus
* Target device:  xck26-sfvc784-2LV-c


================================================================
== Performance Estimates
================================================================
+ Timing: 
    * Summary: 
    +--------+---------+----------+------------+
    |  Clock |  Target | Estimated| Uncertainty|
    +--------+---------+----------+------------+
    |ap_clk  |  3.30 ns|  2.409 ns|     0.89 ns|
    +--------+---------+----------+------------+

+ Latency: 
    * Summary: 
    +---------+---------+----------+----------+------+------+---------+
    |  Latency (cycles) |  Latency (absolute) |   Interval  | Pipeline|
    |   min   |   max   |    min   |    max   |  min |  max |   Type  |
    +---------+---------+----------+----------+------+------+---------+
    |     2062|     2062|  6.805 us|  6.805 us|  2062|  2062|       no|
    +---------+---------+----------+----------+------+------+---------+

    + Detail: 
        * Instance: 
        +-------------------------------------------+--------------------------------+---------+---------+----------+----------+------+------+---------+
        |                                           |                                |  Latency (cycles) |  Latency (absolute) |   Interval  | Pipeline|
        |                  Instance                 |             Module             |   min   |   max   |    min   |    max   |  min |  max |   Type  |
        +-------------------------------------------+--------------------------------+---------+---------+----------+----------+------+------+---------+
        |grp_Loop_readB_proc_Pipeline_readB_fu_132  |Loop_readB_proc_Pipeline_readB  |     2050|     2050|  6.765 us|  6.765 us|  2050|  2050|       no|
        +-------------------------------------------+--------------------------------+---------+---------+----------+----------+------+------+---------+

        * Loop: 
        N/A



================================================================
== Utilization Estimates
================================================================
* Summary: 
+-----------------+---------+------+--------+--------+-----+
|       Name      | BRAM_18K|  DSP |   FF   |   LUT  | URAM|
+-----------------+---------+------+--------+--------+-----+
|DSP              |        -|     -|       -|       -|    -|
|Expression       |        -|     -|       0|      72|    -|
|FIFO             |        -|     -|       -|       -|    -|
|Instance         |        -|     3|     375|     390|    -|
|Memory           |        -|     -|       -|       -|    -|
|Multiplexer      |        -|     -|       -|     233|    -|
|Register         |        -|     -|     173|       -|    -|
+-----------------+---------+------+--------+--------+-----+
|Total            |        0|     3|     548|     695|    0|
+-----------------+---------+------+--------+--------+-----+
|Available        |      288|  1248|  234240|  117120|   64|
+-----------------+---------+------+--------+--------+-----+
|Utilization (%)  |        0|    ~0|      ~0|      ~0|    0|
+-----------------+---------+------+--------+--------+-----+

+ Detail: 
    * Instance: 
    +-------------------------------------------+--------------------------------+---------+----+-----+-----+-----+
    |                  Instance                 |             Module             | BRAM_18K| DSP|  FF | LUT | URAM|
    +-------------------------------------------+--------------------------------+---------+----+-----+-----+-----+
    |grp_Loop_readB_proc_Pipeline_readB_fu_132  |Loop_readB_proc_Pipeline_readB  |        0|   0|  210|  341|    0|
    |mul_32s_32s_32_2_1_U113                    |mul_32s_32s_32_2_1              |        0|   3|  165|   49|    0|
    +-------------------------------------------+--------------------------------+---------+----+-----+-----+-----+
    |Total                                      |                                |        0|   3|  375|  390|    0|
    +-------------------------------------------+--------------------------------+---------+----+-----+-----+-----+

    * DSP: 
    N/A

    * Memory: 
    N/A

    * FIFO: 
    N/A

    * Expression: 
    +------------------------+----------+----+---+----+------------+------------+
    |      Variable Name     | Operation| DSP| FF| LUT| Bitwidth P0| Bitwidth P1|
    +------------------------+----------+----+---+----+------------+------------+
    |icmp_ln186_fu_215_p2    |      icmp|   0|  0|  39|          32|           1|
    |ap_block_state1         |        or|   0|  0|   2|           1|           1|
    |select_ln186_fu_220_p3  |    select|   0|  0|  31|           1|          31|
    +------------------------+----------+----+---+----+------------+------------+
    |Total                   |          |   0|  0|  72|          34|          33|
    +------------------------+----------+----+---+----+------------+------------+

    * Multiplexer: 
    +----------------------+----+-----------+-----+-----------+
    |         Name         | LUT| Input Size| Bits| Total Bits|
    +----------------------+----+-----------+-----+-----------+
    |ap_NS_fsm             |  65|         14|    1|         14|
    |ap_done               |   9|          2|    1|          2|
    |ap_return_0           |   9|          2|   32|         64|
    |ap_return_1           |   9|          2|   32|         64|
    |gmem1_blk_n_AR        |   9|          2|    1|          2|
    |m_axi_gmem1_ARADDR    |  14|          3|   64|        192|
    |m_axi_gmem1_ARBURST   |   9|          2|    2|          4|
    |m_axi_gmem1_ARCACHE   |   9|          2|    4|          8|
    |m_axi_gmem1_ARID      |   9|          2|    1|          2|
    |m_axi_gmem1_ARLEN     |  14|          3|   32|         96|
    |m_axi_gmem1_ARLOCK    |   9|          2|    2|          4|
    |m_axi_gmem1_ARPROT    |   9|          2|    3|          6|
    |m_axi_gmem1_ARQOS     |   9|          2|    4|          8|
    |m_axi_gmem1_ARREGION  |   9|          2|    4|          8|
    |m_axi_gmem1_ARSIZE    |   9|          2|    3|          6|
    |m_axi_gmem1_ARUSER    |   9|          2|    1|          2|
    |m_axi_gmem1_ARVALID   |  14|          3|    1|          3|
    |m_axi_gmem1_RREADY    |   9|          2|    1|          2|
    +----------------------+----+-----------+-----+-----------+
    |Total                 | 233|         51|  189|        487|
    +----------------------+----+-----------+-----+-----------+

    * Register: 
    +--------------------------------------------------------+----+----+-----+-----------+
    |                          Name                          | FF | LUT| Bits| Const Bits|
    +--------------------------------------------------------+----+----+-----+-----------+
    |ap_CS_fsm                                               |  13|   0|   13|          0|
    |ap_done_reg                                             |   1|   0|    1|          0|
    |ap_return_0_preg                                        |  32|   0|   32|          0|
    |ap_return_1_preg                                        |  32|   0|   32|          0|
    |grp_Loop_readB_proc_Pipeline_readB_fu_132_ap_start_reg  |   1|   0|    1|          0|
    |mul12_reg_261                                           |  32|   0|   32|          0|
    |select_ln186_reg_272                                    |  31|   0|   31|          0|
    |trunc_ln186_reg_267                                     |  31|   0|   31|          0|
    +--------------------------------------------------------+----+----+-----+-----------+
    |Total                                                   | 173|   0|  173|          0|
    +--------------------------------------------------------+----+----+-----+-----------+



================================================================
== Interface
================================================================
* Summary: 
+----------------------+-----+-----+------------+-----------------+--------------+
|       RTL Ports      | Dir | Bits|  Protocol  |  Source Object  |    C Type    |
+----------------------+-----+-----+------------+-----------------+--------------+
|ap_clk                |   in|    1|  ap_ctrl_hs|  Loop_readB_proc|  return value|
|ap_rst                |   in|    1|  ap_ctrl_hs|  Loop_readB_proc|  return value|
|ap_start              |   in|    1|  ap_ctrl_hs|  Loop_readB_proc|  return value|
|ap_done               |  out|    1|  ap_ctrl_hs|  Loop_readB_proc|  return value|
|ap_continue           |   in|    1|  ap_ctrl_hs|  Loop_readB_proc|  return value|
|ap_idle               |  out|    1|  ap_ctrl_hs|  Loop_readB_proc|  return value|
|ap_ready              |  out|    1|  ap_ctrl_hs|  Loop_readB_proc|  return value|
|ap_return_0           |  out|   32|  ap_ctrl_hs|  Loop_readB_proc|  return value|
|ap_return_1           |  out|   32|  ap_ctrl_hs|  Loop_readB_proc|  return value|
|b_col                 |   in|   32|     ap_none|            b_col|        scalar|
|a_col                 |   in|   32|     ap_none|            a_col|        scalar|
|m_axi_gmem1_AWVALID   |  out|    1|       m_axi|            gmem1|       pointer|
|m_axi_gmem1_AWREADY   |   in|    1|       m_axi|            gmem1|       pointer|
|m_axi_gmem1_AWADDR    |  out|   64|       m_axi|            gmem1|       pointer|
|m_axi_gmem1_AWID      |  out|    1|       m_axi|            gmem1|       pointer|
|m_axi_gmem1_AWLEN     |  out|   32|       m_axi|            gmem1|       pointer|
|m_axi_gmem1_AWSIZE    |  out|    3|       m_axi|            gmem1|       pointer|
|m_axi_gmem1_AWBURST   |  out|    2|       m_axi|            gmem1|       pointer|
|m_axi_gmem1_AWLOCK    |  out|    2|       m_axi|            gmem1|       pointer|
|m_axi_gmem1_AWCACHE   |  out|    4|       m_axi|            gmem1|       pointer|
|m_axi_gmem1_AWPROT    |  out|    3|       m_axi|            gmem1|       pointer|
|m_axi_gmem1_AWQOS     |  out|    4|       m_axi|            gmem1|       pointer|
|m_axi_gmem1_AWREGION  |  out|    4|       m_axi|            gmem1|       pointer|
|m_axi_gmem1_AWUSER    |  out|    1|       m_axi|            gmem1|       pointer|
|m_axi_gmem1_WVALID    |  out|    1|       m_axi|            gmem1|       pointer|
|m_axi_gmem1_WREADY    |   in|    1|       m_axi|            gmem1|       pointer|
|m_axi_gmem1_WDATA     |  out|    8|       m_axi|            gmem1|       pointer|
|m_axi_gmem1_WSTRB     |  out|    1|       m_axi|            gmem1|       pointer|
|m_axi_gmem1_WLAST     |  out|    1|       m_axi|            gmem1|       pointer|
|m_axi_gmem1_WID       |  out|    1|       m_axi|            gmem1|       pointer|
|m_axi_gmem1_WUSER     |  out|    1|       m_axi|            gmem1|       pointer|
|m_axi_gmem1_ARVALID   |  out|    1|       m_axi|            gmem1|       pointer|
|m_axi_gmem1_ARREADY   |   in|    1|       m_axi|            gmem1|       pointer|
|m_axi_gmem1_ARADDR    |  out|   64|       m_axi|            gmem1|       pointer|
|m_axi_gmem1_ARID      |  out|    1|       m_axi|            gmem1|       pointer|
|m_axi_gmem1_ARLEN     |  out|   32|       m_axi|            gmem1|       pointer|
|m_axi_gmem1_ARSIZE    |  out|    3|       m_axi|            gmem1|       pointer|
|m_axi_gmem1_ARBURST   |  out|    2|       m_axi|            gmem1|       pointer|
|m_axi_gmem1_ARLOCK    |  out|    2|       m_axi|            gmem1|       pointer|
|m_axi_gmem1_ARCACHE   |  out|    4|       m_axi|            gmem1|       pointer|
|m_axi_gmem1_ARPROT    |  out|    3|       m_axi|            gmem1|       pointer|
|m_axi_gmem1_ARQOS     |  out|    4|       m_axi|            gmem1|       pointer|
|m_axi_gmem1_ARREGION  |  out|    4|       m_axi|            gmem1|       pointer|
|m_axi_gmem1_ARUSER    |  out|    1|       m_axi|            gmem1|       pointer|
|m_axi_gmem1_RVALID    |   in|    1|       m_axi|            gmem1|       pointer|
|m_axi_gmem1_RREADY    |  out|    1|       m_axi|            gmem1|       pointer|
|m_axi_gmem1_RDATA     |   in|    8|       m_axi|            gmem1|       pointer|
|m_axi_gmem1_RLAST     |   in|    1|       m_axi|            gmem1|       pointer|
|m_axi_gmem1_RID       |   in|    1|       m_axi|            gmem1|       pointer|
|m_axi_gmem1_RFIFONUM  |   in|   11|       m_axi|            gmem1|       pointer|
|m_axi_gmem1_RUSER     |   in|    1|       m_axi|            gmem1|       pointer|
|m_axi_gmem1_RRESP     |   in|    2|       m_axi|            gmem1|       pointer|
|m_axi_gmem1_BVALID    |   in|    1|       m_axi|            gmem1|       pointer|
|m_axi_gmem1_BREADY    |  out|    1|       m_axi|            gmem1|       pointer|
|m_axi_gmem1_BRESP     |   in|    2|       m_axi|            gmem1|       pointer|
|m_axi_gmem1_BID       |   in|    1|       m_axi|            gmem1|       pointer|
|m_axi_gmem1_BUSER     |   in|    1|       m_axi|            gmem1|       pointer|
|b                     |   in|   64|     ap_none|                b|        scalar|
|localB_62_address1    |  out|    5|   ap_memory|        localB_62|         array|
|localB_62_ce1         |  out|    1|   ap_memory|        localB_62|         array|
|localB_62_we1         |  out|    1|   ap_memory|        localB_62|         array|
|localB_62_d1          |  out|    8|   ap_memory|        localB_62|         array|
|localB_61_address1    |  out|    5|   ap_memory|        localB_61|         array|
|localB_61_ce1         |  out|    1|   ap_memory|        localB_61|         array|
|localB_61_we1         |  out|    1|   ap_memory|        localB_61|         array|
|localB_61_d1          |  out|    8|   ap_memory|        localB_61|         array|
|localB_60_address1    |  out|    5|   ap_memory|        localB_60|         array|
|localB_60_ce1         |  out|    1|   ap_memory|        localB_60|         array|
|localB_60_we1         |  out|    1|   ap_memory|        localB_60|         array|
|localB_60_d1          |  out|    8|   ap_memory|        localB_60|         array|
|localB_59_address1    |  out|    5|   ap_memory|        localB_59|         array|
|localB_59_ce1         |  out|    1|   ap_memory|        localB_59|         array|
|localB_59_we1         |  out|    1|   ap_memory|        localB_59|         array|
|localB_59_d1          |  out|    8|   ap_memory|        localB_59|         array|
|localB_58_address1    |  out|    5|   ap_memory|        localB_58|         array|
|localB_58_ce1         |  out|    1|   ap_memory|        localB_58|         array|
|localB_58_we1         |  out|    1|   ap_memory|        localB_58|         array|
|localB_58_d1          |  out|    8|   ap_memory|        localB_58|         array|
|localB_57_address1    |  out|    5|   ap_memory|        localB_57|         array|
|localB_57_ce1         |  out|    1|   ap_memory|        localB_57|         array|
|localB_57_we1         |  out|    1|   ap_memory|        localB_57|         array|
|localB_57_d1          |  out|    8|   ap_memory|        localB_57|         array|
|localB_56_address1    |  out|    5|   ap_memory|        localB_56|         array|
|localB_56_ce1         |  out|    1|   ap_memory|        localB_56|         array|
|localB_56_we1         |  out|    1|   ap_memory|        localB_56|         array|
|localB_56_d1          |  out|    8|   ap_memory|        localB_56|         array|
|localB_55_address1    |  out|    5|   ap_memory|        localB_55|         array|
|localB_55_ce1         |  out|    1|   ap_memory|        localB_55|         array|
|localB_55_we1         |  out|    1|   ap_memory|        localB_55|         array|
|localB_55_d1          |  out|    8|   ap_memory|        localB_55|         array|
|localB_54_address1    |  out|    5|   ap_memory|        localB_54|         array|
|localB_54_ce1         |  out|    1|   ap_memory|        localB_54|         array|
|localB_54_we1         |  out|    1|   ap_memory|        localB_54|         array|
|localB_54_d1          |  out|    8|   ap_memory|        localB_54|         array|
|localB_53_address1    |  out|    5|   ap_memory|        localB_53|         array|
|localB_53_ce1         |  out|    1|   ap_memory|        localB_53|         array|
|localB_53_we1         |  out|    1|   ap_memory|        localB_53|         array|
|localB_53_d1          |  out|    8|   ap_memory|        localB_53|         array|
|localB_52_address1    |  out|    5|   ap_memory|        localB_52|         array|
|localB_52_ce1         |  out|    1|   ap_memory|        localB_52|         array|
|localB_52_we1         |  out|    1|   ap_memory|        localB_52|         array|
|localB_52_d1          |  out|    8|   ap_memory|        localB_52|         array|
|localB_51_address1    |  out|    5|   ap_memory|        localB_51|         array|
|localB_51_ce1         |  out|    1|   ap_memory|        localB_51|         array|
|localB_51_we1         |  out|    1|   ap_memory|        localB_51|         array|
|localB_51_d1          |  out|    8|   ap_memory|        localB_51|         array|
|localB_50_address1    |  out|    5|   ap_memory|        localB_50|         array|
|localB_50_ce1         |  out|    1|   ap_memory|        localB_50|         array|
|localB_50_we1         |  out|    1|   ap_memory|        localB_50|         array|
|localB_50_d1          |  out|    8|   ap_memory|        localB_50|         array|
|localB_49_address1    |  out|    5|   ap_memory|        localB_49|         array|
|localB_49_ce1         |  out|    1|   ap_memory|        localB_49|         array|
|localB_49_we1         |  out|    1|   ap_memory|        localB_49|         array|
|localB_49_d1          |  out|    8|   ap_memory|        localB_49|         array|
|localB_48_address1    |  out|    5|   ap_memory|        localB_48|         array|
|localB_48_ce1         |  out|    1|   ap_memory|        localB_48|         array|
|localB_48_we1         |  out|    1|   ap_memory|        localB_48|         array|
|localB_48_d1          |  out|    8|   ap_memory|        localB_48|         array|
|localB_47_address1    |  out|    5|   ap_memory|        localB_47|         array|
|localB_47_ce1         |  out|    1|   ap_memory|        localB_47|         array|
|localB_47_we1         |  out|    1|   ap_memory|        localB_47|         array|
|localB_47_d1          |  out|    8|   ap_memory|        localB_47|         array|
|localB_46_address1    |  out|    5|   ap_memory|        localB_46|         array|
|localB_46_ce1         |  out|    1|   ap_memory|        localB_46|         array|
|localB_46_we1         |  out|    1|   ap_memory|        localB_46|         array|
|localB_46_d1          |  out|    8|   ap_memory|        localB_46|         array|
|localB_45_address1    |  out|    5|   ap_memory|        localB_45|         array|
|localB_45_ce1         |  out|    1|   ap_memory|        localB_45|         array|
|localB_45_we1         |  out|    1|   ap_memory|        localB_45|         array|
|localB_45_d1          |  out|    8|   ap_memory|        localB_45|         array|
|localB_44_address1    |  out|    5|   ap_memory|        localB_44|         array|
|localB_44_ce1         |  out|    1|   ap_memory|        localB_44|         array|
|localB_44_we1         |  out|    1|   ap_memory|        localB_44|         array|
|localB_44_d1          |  out|    8|   ap_memory|        localB_44|         array|
|localB_43_address1    |  out|    5|   ap_memory|        localB_43|         array|
|localB_43_ce1         |  out|    1|   ap_memory|        localB_43|         array|
|localB_43_we1         |  out|    1|   ap_memory|        localB_43|         array|
|localB_43_d1          |  out|    8|   ap_memory|        localB_43|         array|
|localB_42_address1    |  out|    5|   ap_memory|        localB_42|         array|
|localB_42_ce1         |  out|    1|   ap_memory|        localB_42|         array|
|localB_42_we1         |  out|    1|   ap_memory|        localB_42|         array|
|localB_42_d1          |  out|    8|   ap_memory|        localB_42|         array|
|localB_41_address1    |  out|    5|   ap_memory|        localB_41|         array|
|localB_41_ce1         |  out|    1|   ap_memory|        localB_41|         array|
|localB_41_we1         |  out|    1|   ap_memory|        localB_41|         array|
|localB_41_d1          |  out|    8|   ap_memory|        localB_41|         array|
|localB_40_address1    |  out|    5|   ap_memory|        localB_40|         array|
|localB_40_ce1         |  out|    1|   ap_memory|        localB_40|         array|
|localB_40_we1         |  out|    1|   ap_memory|        localB_40|         array|
|localB_40_d1          |  out|    8|   ap_memory|        localB_40|         array|
|localB_39_address1    |  out|    5|   ap_memory|        localB_39|         array|
|localB_39_ce1         |  out|    1|   ap_memory|        localB_39|         array|
|localB_39_we1         |  out|    1|   ap_memory|        localB_39|         array|
|localB_39_d1          |  out|    8|   ap_memory|        localB_39|         array|
|localB_38_address1    |  out|    5|   ap_memory|        localB_38|         array|
|localB_38_ce1         |  out|    1|   ap_memory|        localB_38|         array|
|localB_38_we1         |  out|    1|   ap_memory|        localB_38|         array|
|localB_38_d1          |  out|    8|   ap_memory|        localB_38|         array|
|localB_37_address1    |  out|    5|   ap_memory|        localB_37|         array|
|localB_37_ce1         |  out|    1|   ap_memory|        localB_37|         array|
|localB_37_we1         |  out|    1|   ap_memory|        localB_37|         array|
|localB_37_d1          |  out|    8|   ap_memory|        localB_37|         array|
|localB_36_address1    |  out|    5|   ap_memory|        localB_36|         array|
|localB_36_ce1         |  out|    1|   ap_memory|        localB_36|         array|
|localB_36_we1         |  out|    1|   ap_memory|        localB_36|         array|
|localB_36_d1          |  out|    8|   ap_memory|        localB_36|         array|
|localB_35_address1    |  out|    5|   ap_memory|        localB_35|         array|
|localB_35_ce1         |  out|    1|   ap_memory|        localB_35|         array|
|localB_35_we1         |  out|    1|   ap_memory|        localB_35|         array|
|localB_35_d1          |  out|    8|   ap_memory|        localB_35|         array|
|localB_34_address1    |  out|    5|   ap_memory|        localB_34|         array|
|localB_34_ce1         |  out|    1|   ap_memory|        localB_34|         array|
|localB_34_we1         |  out|    1|   ap_memory|        localB_34|         array|
|localB_34_d1          |  out|    8|   ap_memory|        localB_34|         array|
|localB_33_address1    |  out|    5|   ap_memory|        localB_33|         array|
|localB_33_ce1         |  out|    1|   ap_memory|        localB_33|         array|
|localB_33_we1         |  out|    1|   ap_memory|        localB_33|         array|
|localB_33_d1          |  out|    8|   ap_memory|        localB_33|         array|
|localB_32_address1    |  out|    5|   ap_memory|        localB_32|         array|
|localB_32_ce1         |  out|    1|   ap_memory|        localB_32|         array|
|localB_32_we1         |  out|    1|   ap_memory|        localB_32|         array|
|localB_32_d1          |  out|    8|   ap_memory|        localB_32|         array|
|localB_address1       |  out|    5|   ap_memory|           localB|         array|
|localB_ce1            |  out|    1|   ap_memory|           localB|         array|
|localB_we1            |  out|    1|   ap_memory|           localB|         array|
|localB_d1             |  out|    8|   ap_memory|           localB|         array|
+----------------------+-----+-----+------------+-----------------+--------------+

