

================================================================
== Vitis HLS Report for 'Loop_writeC_proc_Pipeline_writeC'
================================================================
* Date:           Sun Apr 12 17:22:37 2026

* Version:        2023.2 (Build 4023990 on Oct 11 2023)
* Project:        hls_prj
* Solution:       s1 (Vivado IP Flow Target)
* Product family: zynquplus
* Target device:  xck26-sfvc784-2LV-c


================================================================
== Performance Estimates
================================================================
+ Timing: 
    * Summary: 
    +--------+---------+----------+------------+
    |  Clock |  Target | Estimated| Uncertainty|
    +--------+---------+----------+------------+
    |ap_clk  |  3.30 ns|  2.409 ns|     0.89 ns|
    +--------+---------+----------+------------+

+ Latency: 
    * Summary: 
    +---------+---------+----------+----------+------+------+---------+
    |  Latency (cycles) |  Latency (absolute) |   Interval  | Pipeline|
    |   min   |   max   |    min   |    max   |  min |  max |   Type  |
    +---------+---------+----------+----------+------+------+---------+
    |     2051|     2051|  6.768 us|  6.768 us|  2051|  2051|       no|
    +---------+---------+----------+----------+------+------+---------+

    + Detail: 
        * Instance: 
        N/A

        * Loop: 
        +----------+---------+---------+----------+-----------+-----------+------+----------+
        |          |  Latency (cycles) | Iteration|  Initiation Interval  | Trip |          |
        | Loop Name|   min   |   max   |  Latency |  achieved |   target  | Count| Pipelined|
        +----------+---------+---------+----------+-----------+-----------+------+----------+
        |- writeC  |     2049|     2049|         4|          2|          1|  1024|       yes|
        +----------+---------+---------+----------+-----------+-----------+------+----------+



================================================================
== Utilization Estimates
================================================================
* Summary: 
+-----------------+---------+------+--------+--------+-----+
|       Name      | BRAM_18K|  DSP |   FF   |   LUT  | URAM|
+-----------------+---------+------+--------+--------+-----+
|DSP              |        -|     -|       -|       -|    -|
|Expression       |        -|     -|       0|     275|    -|
|FIFO             |        -|     -|       -|       -|    -|
|Instance         |        -|     -|       0|     100|    -|
|Memory           |        -|     -|       -|       -|    -|
|Multiplexer      |        -|     -|       -|      95|    -|
|Register         |        -|     -|     159|       -|    -|
+-----------------+---------+------+--------+--------+-----+
|Total            |        0|     0|     159|     470|    0|
+-----------------+---------+------+--------+--------+-----+
|Available        |      288|  1248|  234240|  117120|   64|
+-----------------+---------+------+--------+--------+-----+
|Utilization (%)  |        0|     0|      ~0|      ~0|    0|
+-----------------+---------+------+--------+--------+-----+

+ Detail: 
    * Instance: 
    +---------------------------+----------------------+---------+----+---+----+-----+
    |          Instance         |        Module        | BRAM_18K| DSP| FF| LUT| URAM|
    +---------------------------+----------------------+---------+----+---+----+-----+
    |sparsemux_9_2_16_1_1_U218  |sparsemux_9_2_16_1_1  |        0|   0|  0|  20|    0|
    |sparsemux_9_2_16_1_1_U219  |sparsemux_9_2_16_1_1  |        0|   0|  0|  20|    0|
    |sparsemux_9_2_16_1_1_U220  |sparsemux_9_2_16_1_1  |        0|   0|  0|  20|    0|
    |sparsemux_9_2_16_1_1_U221  |sparsemux_9_2_16_1_1  |        0|   0|  0|  20|    0|
    |sparsemux_9_2_16_1_1_U222  |sparsemux_9_2_16_1_1  |        0|   0|  0|  20|    0|
    +---------------------------+----------------------+---------+----+---+----+-----+
    |Total                      |                      |        0|   0|  0| 100|    0|
    +---------------------------+----------------------+---------+----+---+----+-----+

    * DSP: 
    N/A

    * Memory: 
    N/A

    * FIFO: 
    N/A

    * Expression: 
    +---------------------------+----------+----+---+----+------------+------------+
    |       Variable Name       | Operation| DSP| FF| LUT| Bitwidth P0| Bitwidth P1|
    +---------------------------+----------+----+---+----+------------+------------+
    |add_ln240_fu_391_p2        |         +|   0|  0|  38|          31|           1|
    |add_ln243_fu_413_p2        |         +|   0|  0|  39|          32|           1|
    |add_ln246_fu_478_p2        |         +|   0|  0|  13|           6|           6|
    |j_5_fu_504_p2              |         +|   0|  0|  39|          32|           1|
    |ap_block_pp0_stage0_11001  |       and|   0|  0|   2|           1|           1|
    |icmp_ln240_fu_386_p2       |      icmp|   0|  0|  39|          32|          32|
    |icmp_ln242_fu_408_p2       |      icmp|   0|  0|  39|          32|          32|
    |i_1_fu_419_p3              |    select|   0|  0|  32|           1|          32|
    |j_4_fu_458_p3              |    select|   0|  0|  32|           1|           1|
    |ap_enable_pp0              |       xor|   0|  0|   2|           1|           2|
    +---------------------------+----------+----+---+----+------------+------------+
    |Total                      |          |   0|  0| 275|         169|         109|
    +---------------------------+----------+----+---+----+------------+------------+

    * Multiplexer: 
    +----------------------------------+----+-----------+-----+-----------+
    |               Name               | LUT| Input Size| Bits| Total Bits|
    +----------------------------------+----+-----------+-----+-----------+
    |ap_NS_fsm                         |  14|          3|    1|          3|
    |ap_done_int                       |   9|          2|    1|          2|
    |ap_enable_reg_pp0_iter0           |   9|          2|    1|          2|
    |ap_enable_reg_pp0_iter1           |   9|          2|    1|          2|
    |ap_enable_reg_pp0_iter2           |   9|          2|    1|          2|
    |ap_loop_exit_ready_pp0_iter1_reg  |   9|          2|    1|          2|
    |gmem2_blk_n_W                     |   9|          2|    1|          2|
    |i_fu_118                          |   9|          2|   32|         64|
    |j_fu_114                          |   9|          2|   32|         64|
    |loc_fu_122                        |   9|          2|   31|         62|
    +----------------------------------+----+-----------+-----+-----------+
    |Total                             |  95|         21|  102|        205|
    +----------------------------------+----+-----------+-----+-----------+

    * Register: 
    +----------------------------------+----+----+-----+-----------+
    |               Name               | FF | LUT| Bits| Const Bits|
    +----------------------------------+----+----+-----+-----------+
    |ap_CS_fsm                         |   2|   0|    2|          0|
    |ap_done_reg                       |   1|   0|    1|          0|
    |ap_enable_reg_pp0_iter0_reg       |   1|   0|    1|          0|
    |ap_enable_reg_pp0_iter1           |   1|   0|    1|          0|
    |ap_enable_reg_pp0_iter2           |   1|   0|    1|          0|
    |ap_loop_exit_ready_pp0_iter1_reg  |   1|   0|    1|          0|
    |i_fu_118                          |  32|   0|   32|          0|
    |icmp_ln240_reg_666                |   1|   0|    1|          0|
    |icmp_ln242_reg_680                |   1|   0|    1|          0|
    |j_fu_114                          |  32|   0|   32|          0|
    |j_load_reg_670                    |  32|   0|   32|          0|
    |loc_fu_122                        |  31|   0|   31|          0|
    |lshr_ln_reg_690                   |   3|   0|    3|          0|
    |tmp_4_reg_783                     |  16|   0|   16|          0|
    |trunc_ln240_reg_695               |   2|   0|    2|          0|
    |trunc_ln242_reg_685               |   2|   0|    2|          0|
    +----------------------------------+----+----+-----+-----------+
    |Total                             | 159|   0|  159|          0|
    +----------------------------------+----+----+-----+-----------+



================================================================
== Interface
================================================================
* Summary: 
+----------------------+-----+-----+------------+----------------------------------+--------------+
|       RTL Ports      | Dir | Bits|  Protocol  |           Source Object          |    C Type    |
+----------------------+-----+-----+------------+----------------------------------+--------------+
|ap_clk                |   in|    1|  ap_ctrl_hs|  Loop_writeC_proc_Pipeline_writeC|  return value|
|ap_rst                |   in|    1|  ap_ctrl_hs|  Loop_writeC_proc_Pipeline_writeC|  return value|
|ap_start              |   in|    1|  ap_ctrl_hs|  Loop_writeC_proc_Pipeline_writeC|  return value|
|ap_done               |  out|    1|  ap_ctrl_hs|  Loop_writeC_proc_Pipeline_writeC|  return value|
|ap_idle               |  out|    1|  ap_ctrl_hs|  Loop_writeC_proc_Pipeline_writeC|  return value|
|ap_ready              |  out|    1|  ap_ctrl_hs|  Loop_writeC_proc_Pipeline_writeC|  return value|
|mul36                 |   in|   32|     ap_none|                             mul36|        scalar|
|m_axi_gmem2_AWVALID   |  out|    1|       m_axi|                             gmem2|       pointer|
|m_axi_gmem2_AWREADY   |   in|    1|       m_axi|                             gmem2|       pointer|
|m_axi_gmem2_AWADDR    |  out|   64|       m_axi|                             gmem2|       pointer|
|m_axi_gmem2_AWID      |  out|    1|       m_axi|                             gmem2|       pointer|
|m_axi_gmem2_AWLEN     |  out|   32|       m_axi|                             gmem2|       pointer|
|m_axi_gmem2_AWSIZE    |  out|    3|       m_axi|                             gmem2|       pointer|
|m_axi_gmem2_AWBURST   |  out|    2|       m_axi|                             gmem2|       pointer|
|m_axi_gmem2_AWLOCK    |  out|    2|       m_axi|                             gmem2|       pointer|
|m_axi_gmem2_AWCACHE   |  out|    4|       m_axi|                             gmem2|       pointer|
|m_axi_gmem2_AWPROT    |  out|    3|       m_axi|                             gmem2|       pointer|
|m_axi_gmem2_AWQOS     |  out|    4|       m_axi|                             gmem2|       pointer|
|m_axi_gmem2_AWREGION  |  out|    4|       m_axi|                             gmem2|       pointer|
|m_axi_gmem2_AWUSER    |  out|    1|       m_axi|                             gmem2|       pointer|
|m_axi_gmem2_WVALID    |  out|    1|       m_axi|                             gmem2|       pointer|
|m_axi_gmem2_WREADY    |   in|    1|       m_axi|                             gmem2|       pointer|
|m_axi_gmem2_WDATA     |  out|   16|       m_axi|                             gmem2|       pointer|
|m_axi_gmem2_WSTRB     |  out|    2|       m_axi|                             gmem2|       pointer|
|m_axi_gmem2_WLAST     |  out|    1|       m_axi|                             gmem2|       pointer|
|m_axi_gmem2_WID       |  out|    1|       m_axi|                             gmem2|       pointer|
|m_axi_gmem2_WUSER     |  out|    1|       m_axi|                             gmem2|       pointer|
|m_axi_gmem2_ARVALID   |  out|    1|       m_axi|                             gmem2|       pointer|
|m_axi_gmem2_ARREADY   |   in|    1|       m_axi|                             gmem2|       pointer|
|m_axi_gmem2_ARADDR    |  out|   64|       m_axi|                             gmem2|       pointer|
|m_axi_gmem2_ARID      |  out|    1|       m_axi|                             gmem2|       pointer|
|m_axi_gmem2_ARLEN     |  out|   32|       m_axi|                             gmem2|       pointer|
|m_axi_gmem2_ARSIZE    |  out|    3|       m_axi|                             gmem2|       pointer|
|m_axi_gmem2_ARBURST   |  out|    2|       m_axi|                             gmem2|       pointer|
|m_axi_gmem2_ARLOCK    |  out|    2|       m_axi|                             gmem2|       pointer|
|m_axi_gmem2_ARCACHE   |  out|    4|       m_axi|                             gmem2|       pointer|
|m_axi_gmem2_ARPROT    |  out|    3|       m_axi|                             gmem2|       pointer|
|m_axi_gmem2_ARQOS     |  out|    4|       m_axi|                             gmem2|       pointer|
|m_axi_gmem2_ARREGION  |  out|    4|       m_axi|                             gmem2|       pointer|
|m_axi_gmem2_ARUSER    |  out|    1|       m_axi|                             gmem2|       pointer|
|m_axi_gmem2_RVALID    |   in|    1|       m_axi|                             gmem2|       pointer|
|m_axi_gmem2_RREADY    |  out|    1|       m_axi|                             gmem2|       pointer|
|m_axi_gmem2_RDATA     |   in|   16|       m_axi|                             gmem2|       pointer|
|m_axi_gmem2_RLAST     |   in|    1|       m_axi|                             gmem2|       pointer|
|m_axi_gmem2_RID       |   in|    1|       m_axi|                             gmem2|       pointer|
|m_axi_gmem2_RFIFONUM  |   in|   10|       m_axi|                             gmem2|       pointer|
|m_axi_gmem2_RUSER     |   in|    1|       m_axi|                             gmem2|       pointer|
|m_axi_gmem2_RRESP     |   in|    2|       m_axi|                             gmem2|       pointer|
|m_axi_gmem2_BVALID    |   in|    1|       m_axi|                             gmem2|       pointer|
|m_axi_gmem2_BREADY    |  out|    1|       m_axi|                             gmem2|       pointer|
|m_axi_gmem2_BRESP     |   in|    2|       m_axi|                             gmem2|       pointer|
|m_axi_gmem2_BID       |   in|    1|       m_axi|                             gmem2|       pointer|
|m_axi_gmem2_BUSER     |   in|    1|       m_axi|                             gmem2|       pointer|
|sext_ln240            |   in|   63|     ap_none|                        sext_ln240|        scalar|
|p_read                |   in|   32|     ap_none|                            p_read|        scalar|
|localC_address0       |  out|    6|   ap_memory|                            localC|         array|
|localC_ce0            |  out|    1|   ap_memory|                            localC|         array|
|localC_q0             |   in|   16|   ap_memory|                            localC|         array|
|localC_1_address0     |  out|    6|   ap_memory|                          localC_1|         array|
|localC_1_ce0          |  out|    1|   ap_memory|                          localC_1|         array|
|localC_1_q0           |   in|   16|   ap_memory|                          localC_1|         array|
|localC_2_address0     |  out|    6|   ap_memory|                          localC_2|         array|
|localC_2_ce0          |  out|    1|   ap_memory|                          localC_2|         array|
|localC_2_q0           |   in|   16|   ap_memory|                          localC_2|         array|
|localC_3_address0     |  out|    6|   ap_memory|                          localC_3|         array|
|localC_3_ce0          |  out|    1|   ap_memory|                          localC_3|         array|
|localC_3_q0           |   in|   16|   ap_memory|                          localC_3|         array|
|localC_4_address0     |  out|    6|   ap_memory|                          localC_4|         array|
|localC_4_ce0          |  out|    1|   ap_memory|                          localC_4|         array|
|localC_4_q0           |   in|   16|   ap_memory|                          localC_4|         array|
|localC_5_address0     |  out|    6|   ap_memory|                          localC_5|         array|
|localC_5_ce0          |  out|    1|   ap_memory|                          localC_5|         array|
|localC_5_q0           |   in|   16|   ap_memory|                          localC_5|         array|
|localC_6_address0     |  out|    6|   ap_memory|                          localC_6|         array|
|localC_6_ce0          |  out|    1|   ap_memory|                          localC_6|         array|
|localC_6_q0           |   in|   16|   ap_memory|                          localC_6|         array|
|localC_7_address0     |  out|    6|   ap_memory|                          localC_7|         array|
|localC_7_ce0          |  out|    1|   ap_memory|                          localC_7|         array|
|localC_7_q0           |   in|   16|   ap_memory|                          localC_7|         array|
|localC_8_address0     |  out|    6|   ap_memory|                          localC_8|         array|
|localC_8_ce0          |  out|    1|   ap_memory|                          localC_8|         array|
|localC_8_q0           |   in|   16|   ap_memory|                          localC_8|         array|
|localC_9_address0     |  out|    6|   ap_memory|                          localC_9|         array|
|localC_9_ce0          |  out|    1|   ap_memory|                          localC_9|         array|
|localC_9_q0           |   in|   16|   ap_memory|                          localC_9|         array|
|localC_10_address0    |  out|    6|   ap_memory|                         localC_10|         array|
|localC_10_ce0         |  out|    1|   ap_memory|                         localC_10|         array|
|localC_10_q0          |   in|   16|   ap_memory|                         localC_10|         array|
|localC_11_address0    |  out|    6|   ap_memory|                         localC_11|         array|
|localC_11_ce0         |  out|    1|   ap_memory|                         localC_11|         array|
|localC_11_q0          |   in|   16|   ap_memory|                         localC_11|         array|
|localC_12_address0    |  out|    6|   ap_memory|                         localC_12|         array|
|localC_12_ce0         |  out|    1|   ap_memory|                         localC_12|         array|
|localC_12_q0          |   in|   16|   ap_memory|                         localC_12|         array|
|localC_13_address0    |  out|    6|   ap_memory|                         localC_13|         array|
|localC_13_ce0         |  out|    1|   ap_memory|                         localC_13|         array|
|localC_13_q0          |   in|   16|   ap_memory|                         localC_13|         array|
|localC_14_address0    |  out|    6|   ap_memory|                         localC_14|         array|
|localC_14_ce0         |  out|    1|   ap_memory|                         localC_14|         array|
|localC_14_q0          |   in|   16|   ap_memory|                         localC_14|         array|
|localC_15_address0    |  out|    6|   ap_memory|                         localC_15|         array|
|localC_15_ce0         |  out|    1|   ap_memory|                         localC_15|         array|
|localC_15_q0          |   in|   16|   ap_memory|                         localC_15|         array|
+----------------------+-----+-----+------------+----------------------------------+--------------+

