

================================================================
== Vitis HLS Report for 'mmult_Pipeline_VITIS_LOOP_195_1_VITIS_LOOP_196_2'
================================================================
* Date:           Sun Apr 12 17:39:47 2026

* Version:        2023.2 (Build 4023990 on Oct 11 2023)
* Project:        hls_prj
* Solution:       s1 (Vivado IP Flow Target)
* Product family: zynquplus
* Target device:  xck26-sfvc784-2LV-c


================================================================
== Performance Estimates
================================================================
+ Timing: 
    * Summary: 
    +--------+---------+----------+------------+
    |  Clock |  Target | Estimated| Uncertainty|
    +--------+---------+----------+------------+
    |ap_clk  |  3.30 ns|  2.327 ns|     0.89 ns|
    +--------+---------+----------+------------+

+ Latency: 
    * Summary: 
    +---------+---------+----------+----------+-----+-----+---------+
    |  Latency (cycles) |  Latency (absolute) |  Interval | Pipeline|
    |   min   |   max   |    min   |    max   | min | max |   Type  |
    +---------+---------+----------+----------+-----+-----+---------+
    |      258|      258|  0.851 us|  0.851 us|  258|  258|       no|
    +---------+---------+----------+----------+-----+-----+---------+

    + Detail: 
        * Instance: 
        N/A

        * Loop: 
        +-------------------------------------+---------+---------+----------+-----------+-----------+------+----------+
        |                                     |  Latency (cycles) | Iteration|  Initiation Interval  | Trip |          |
        |              Loop Name              |   min   |   max   |  Latency |  achieved |   target  | Count| Pipelined|
        +-------------------------------------+---------+---------+----------+-----------+-----------+------+----------+
        |- VITIS_LOOP_195_1_VITIS_LOOP_196_2  |      256|      256|         2|          1|          1|   256|       yes|
        +-------------------------------------+---------+---------+----------+-----------+-----------+------+----------+



================================================================
== Utilization Estimates
================================================================
* Summary: 
+-----------------+---------+------+--------+--------+-----+
|       Name      | BRAM_18K|  DSP |   FF   |   LUT  | URAM|
+-----------------+---------+------+--------+--------+-----+
|DSP              |        -|     -|       -|       -|    -|
|Expression       |        -|     -|       0|      73|    -|
|FIFO             |        -|     -|       -|       -|    -|
|Instance         |        -|     -|       -|       -|    -|
|Memory           |        -|     -|       -|       -|    -|
|Multiplexer      |        -|     -|       -|      72|    -|
|Register         |        -|     -|      32|       -|    -|
+-----------------+---------+------+--------+--------+-----+
|Total            |        0|     0|      32|     145|    0|
+-----------------+---------+------+--------+--------+-----+
|Available        |      288|  1248|  234240|  117120|   64|
+-----------------+---------+------+--------+--------+-----+
|Utilization (%)  |        0|     0|      ~0|      ~0|    0|
+-----------------+---------+------+--------+--------+-----+

+ Detail: 
    * Instance: 
    N/A

    * DSP: 
    N/A

    * Memory: 
    N/A

    * FIFO: 
    N/A

    * Expression: 
    +--------------------------+----------+----+---+----+------------+------------+
    |       Variable Name      | Operation| DSP| FF| LUT| Bitwidth P0| Bitwidth P1|
    +--------------------------+----------+----+---+----+------------+------------+
    |add_ln195_1_fu_344_p2     |         +|   0|  0|  16|           9|           1|
    |add_ln195_fu_356_p2       |         +|   0|  0|  13|           6|           1|
    |add_ln196_fu_410_p2       |         +|   0|  0|  13|           6|           3|
    |icmp_ln195_fu_338_p2      |      icmp|   0|  0|  17|           9|          10|
    |select_ln195_1_fu_378_p3  |    select|   0|  0|   6|           1|           6|
    |select_ln195_fu_370_p3    |    select|   0|  0|   6|           1|           1|
    |ap_enable_pp0             |       xor|   0|  0|   2|           1|           2|
    +--------------------------+----------+----+---+----+------------+------------+
    |Total                     |          |   0|  0|  73|          33|          24|
    +--------------------------+----------+----+---+----+------------+------------+

    * Multiplexer: 
    +--------------------------------------+----+-----------+-----+-----------+
    |                 Name                 | LUT| Input Size| Bits| Total Bits|
    +--------------------------------------+----+-----------+-----+-----------+
    |ap_done_int                           |   9|          2|    1|          2|
    |ap_enable_reg_pp0_iter1               |   9|          2|    1|          2|
    |ap_sig_allocacmp_i_3_load             |   9|          2|    6|         12|
    |ap_sig_allocacmp_indvar_flatten_load  |   9|          2|    9|         18|
    |ap_sig_allocacmp_j_9_load             |   9|          2|    6|         12|
    |i_3_fu_88                             |   9|          2|    6|         12|
    |indvar_flatten_fu_92                  |   9|          2|    9|         18|
    |j_9_fu_84                             |   9|          2|    6|         12|
    +--------------------------------------+----+-----------+-----+-----------+
    |Total                                 |  72|         16|   44|         88|
    +--------------------------------------+----+-----------+-----+-----------+

    * Register: 
    +-------------------------+---+----+-----+-----------+
    |           Name          | FF| LUT| Bits| Const Bits|
    +-------------------------+---+----+-----+-----------+
    |ap_CS_fsm                |  1|   0|    1|          0|
    |ap_done_reg              |  1|   0|    1|          0|
    |ap_enable_reg_pp0_iter1  |  1|   0|    1|          0|
    |i_3_fu_88                |  6|   0|    6|          0|
    |indvar_flatten_fu_92     |  9|   0|    9|          0|
    |j_9_fu_84                |  6|   0|    6|          0|
    |lshr_ln3_reg_485         |  3|   0|    3|          0|
    |tmp_s_reg_490            |  3|   0|    3|          0|
    |trunc_ln195_reg_481      |  2|   0|    2|          0|
    +-------------------------+---+----+-----+-----------+
    |Total                    | 32|   0|   32|          0|
    +-------------------------+---+----+-----+-----------+



================================================================
== Interface
================================================================
* Summary: 
+--------------------+-----+-----+------------+--------------------------------------------------+--------------+
|      RTL Ports     | Dir | Bits|  Protocol  |                   Source Object                  |    C Type    |
+--------------------+-----+-----+------------+--------------------------------------------------+--------------+
|ap_clk              |   in|    1|  ap_ctrl_hs|  mmult_Pipeline_VITIS_LOOP_195_1_VITIS_LOOP_196_2|  return value|
|ap_rst              |   in|    1|  ap_ctrl_hs|  mmult_Pipeline_VITIS_LOOP_195_1_VITIS_LOOP_196_2|  return value|
|ap_start            |   in|    1|  ap_ctrl_hs|  mmult_Pipeline_VITIS_LOOP_195_1_VITIS_LOOP_196_2|  return value|
|ap_done             |  out|    1|  ap_ctrl_hs|  mmult_Pipeline_VITIS_LOOP_195_1_VITIS_LOOP_196_2|  return value|
|ap_idle             |  out|    1|  ap_ctrl_hs|  mmult_Pipeline_VITIS_LOOP_195_1_VITIS_LOOP_196_2|  return value|
|ap_ready            |  out|    1|  ap_ctrl_hs|  mmult_Pipeline_VITIS_LOOP_195_1_VITIS_LOOP_196_2|  return value|
|localC_address0     |  out|    6|   ap_memory|                                            localC|         array|
|localC_ce0          |  out|    1|   ap_memory|                                            localC|         array|
|localC_we0          |  out|    1|   ap_memory|                                            localC|         array|
|localC_d0           |  out|   16|   ap_memory|                                            localC|         array|
|localC_1_address0   |  out|    6|   ap_memory|                                          localC_1|         array|
|localC_1_ce0        |  out|    1|   ap_memory|                                          localC_1|         array|
|localC_1_we0        |  out|    1|   ap_memory|                                          localC_1|         array|
|localC_1_d0         |  out|   16|   ap_memory|                                          localC_1|         array|
|localC_2_address0   |  out|    6|   ap_memory|                                          localC_2|         array|
|localC_2_ce0        |  out|    1|   ap_memory|                                          localC_2|         array|
|localC_2_we0        |  out|    1|   ap_memory|                                          localC_2|         array|
|localC_2_d0         |  out|   16|   ap_memory|                                          localC_2|         array|
|localC_3_address0   |  out|    6|   ap_memory|                                          localC_3|         array|
|localC_3_ce0        |  out|    1|   ap_memory|                                          localC_3|         array|
|localC_3_we0        |  out|    1|   ap_memory|                                          localC_3|         array|
|localC_3_d0         |  out|   16|   ap_memory|                                          localC_3|         array|
|localC_4_address0   |  out|    6|   ap_memory|                                          localC_4|         array|
|localC_4_ce0        |  out|    1|   ap_memory|                                          localC_4|         array|
|localC_4_we0        |  out|    1|   ap_memory|                                          localC_4|         array|
|localC_4_d0         |  out|   16|   ap_memory|                                          localC_4|         array|
|localC_5_address0   |  out|    6|   ap_memory|                                          localC_5|         array|
|localC_5_ce0        |  out|    1|   ap_memory|                                          localC_5|         array|
|localC_5_we0        |  out|    1|   ap_memory|                                          localC_5|         array|
|localC_5_d0         |  out|   16|   ap_memory|                                          localC_5|         array|
|localC_6_address0   |  out|    6|   ap_memory|                                          localC_6|         array|
|localC_6_ce0        |  out|    1|   ap_memory|                                          localC_6|         array|
|localC_6_we0        |  out|    1|   ap_memory|                                          localC_6|         array|
|localC_6_d0         |  out|   16|   ap_memory|                                          localC_6|         array|
|localC_7_address0   |  out|    6|   ap_memory|                                          localC_7|         array|
|localC_7_ce0        |  out|    1|   ap_memory|                                          localC_7|         array|
|localC_7_we0        |  out|    1|   ap_memory|                                          localC_7|         array|
|localC_7_d0         |  out|   16|   ap_memory|                                          localC_7|         array|
|localC_8_address0   |  out|    6|   ap_memory|                                          localC_8|         array|
|localC_8_ce0        |  out|    1|   ap_memory|                                          localC_8|         array|
|localC_8_we0        |  out|    1|   ap_memory|                                          localC_8|         array|
|localC_8_d0         |  out|   16|   ap_memory|                                          localC_8|         array|
|localC_9_address0   |  out|    6|   ap_memory|                                          localC_9|         array|
|localC_9_ce0        |  out|    1|   ap_memory|                                          localC_9|         array|
|localC_9_we0        |  out|    1|   ap_memory|                                          localC_9|         array|
|localC_9_d0         |  out|   16|   ap_memory|                                          localC_9|         array|
|localC_10_address0  |  out|    6|   ap_memory|                                         localC_10|         array|
|localC_10_ce0       |  out|    1|   ap_memory|                                         localC_10|         array|
|localC_10_we0       |  out|    1|   ap_memory|                                         localC_10|         array|
|localC_10_d0        |  out|   16|   ap_memory|                                         localC_10|         array|
|localC_11_address0  |  out|    6|   ap_memory|                                         localC_11|         array|
|localC_11_ce0       |  out|    1|   ap_memory|                                         localC_11|         array|
|localC_11_we0       |  out|    1|   ap_memory|                                         localC_11|         array|
|localC_11_d0        |  out|   16|   ap_memory|                                         localC_11|         array|
|localC_12_address0  |  out|    6|   ap_memory|                                         localC_12|         array|
|localC_12_ce0       |  out|    1|   ap_memory|                                         localC_12|         array|
|localC_12_we0       |  out|    1|   ap_memory|                                         localC_12|         array|
|localC_12_d0        |  out|   16|   ap_memory|                                         localC_12|         array|
|localC_13_address0  |  out|    6|   ap_memory|                                         localC_13|         array|
|localC_13_ce0       |  out|    1|   ap_memory|                                         localC_13|         array|
|localC_13_we0       |  out|    1|   ap_memory|                                         localC_13|         array|
|localC_13_d0        |  out|   16|   ap_memory|                                         localC_13|         array|
|localC_14_address0  |  out|    6|   ap_memory|                                         localC_14|         array|
|localC_14_ce0       |  out|    1|   ap_memory|                                         localC_14|         array|
|localC_14_we0       |  out|    1|   ap_memory|                                         localC_14|         array|
|localC_14_d0        |  out|   16|   ap_memory|                                         localC_14|         array|
|localC_15_address0  |  out|    6|   ap_memory|                                         localC_15|         array|
|localC_15_ce0       |  out|    1|   ap_memory|                                         localC_15|         array|
|localC_15_we0       |  out|    1|   ap_memory|                                         localC_15|         array|
|localC_15_d0        |  out|   16|   ap_memory|                                         localC_15|         array|
+--------------------+-----+-----+------------+--------------------------------------------------+--------------+

