

================================================================
== Vitis HLS Report for 'mmult_Pipeline_writeC'
================================================================
* Date:           Sun Apr 12 17:39:48 2026

* Version:        2023.2 (Build 4023990 on Oct 11 2023)
* Project:        hls_prj
* Solution:       s1 (Vivado IP Flow Target)
* Product family: zynquplus
* Target device:  xck26-sfvc784-2LV-c


================================================================
== Performance Estimates
================================================================
+ Timing: 
    * Summary: 
    +--------+---------+----------+------------+
    |  Clock |  Target | Estimated| Uncertainty|
    +--------+---------+----------+------------+
    |ap_clk  |  3.30 ns|  2.287 ns|     0.89 ns|
    +--------+---------+----------+------------+

+ Latency: 
    * Summary: 
    +---------+---------+----------+----------+------+------+---------+
    |  Latency (cycles) |  Latency (absolute) |   Interval  | Pipeline|
    |   min   |   max   |    min   |    max   |  min |  max |   Type  |
    +---------+---------+----------+----------+------+------+---------+
    |     2051|     2051|  6.768 us|  6.768 us|  2051|  2051|       no|
    +---------+---------+----------+----------+------+------+---------+

    + Detail: 
        * Instance: 
        N/A

        * Loop: 
        +----------+---------+---------+----------+-----------+-----------+------+----------+
        |          |  Latency (cycles) | Iteration|  Initiation Interval  | Trip |          |
        | Loop Name|   min   |   max   |  Latency |  achieved |   target  | Count| Pipelined|
        +----------+---------+---------+----------+-----------+-----------+------+----------+
        |- writeC  |     2049|     2049|         4|          2|          1|  1024|       yes|
        +----------+---------+---------+----------+-----------+-----------+------+----------+



================================================================
== Utilization Estimates
================================================================
* Summary: 
+-----------------+---------+------+--------+--------+-----+
|       Name      | BRAM_18K|  DSP |   FF   |   LUT  | URAM|
+-----------------+---------+------+--------+--------+-----+
|DSP              |        -|     -|       -|       -|    -|
|Expression       |        -|     -|       0|     253|    -|
|FIFO             |        -|     -|       -|       -|    -|
|Instance         |        -|     -|       0|     100|    -|
|Memory           |        -|     -|       -|       -|    -|
|Multiplexer      |        -|     -|       -|      86|    -|
|Register         |        -|     -|     163|       -|    -|
+-----------------+---------+------+--------+--------+-----+
|Total            |        0|     0|     163|     439|    0|
+-----------------+---------+------+--------+--------+-----+
|Available        |      288|  1248|  234240|  117120|   64|
+-----------------+---------+------+--------+--------+-----+
|Utilization (%)  |        0|     0|      ~0|      ~0|    0|
+-----------------+---------+------+--------+--------+-----+

+ Detail: 
    * Instance: 
    +---------------------------+----------------------+---------+----+---+----+-----+
    |          Instance         |        Module        | BRAM_18K| DSP| FF| LUT| URAM|
    +---------------------------+----------------------+---------+----+---+----+-----+
    |sparsemux_9_2_16_1_1_U129  |sparsemux_9_2_16_1_1  |        0|   0|  0|  20|    0|
    |sparsemux_9_2_16_1_1_U130  |sparsemux_9_2_16_1_1  |        0|   0|  0|  20|    0|
    |sparsemux_9_2_16_1_1_U131  |sparsemux_9_2_16_1_1  |        0|   0|  0|  20|    0|
    |sparsemux_9_2_16_1_1_U132  |sparsemux_9_2_16_1_1  |        0|   0|  0|  20|    0|
    |sparsemux_9_2_16_1_1_U133  |sparsemux_9_2_16_1_1  |        0|   0|  0|  20|    0|
    +---------------------------+----------------------+---------+----+---+----+-----+
    |Total                      |                      |        0|   0|  0| 100|    0|
    +---------------------------+----------------------+---------+----+---+----+-----+

    * DSP: 
    N/A

    * Memory: 
    N/A

    * FIFO: 
    N/A

    * Expression: 
    +----------------------+----------+----+---+----+------------+------------+
    |     Variable Name    | Operation| DSP| FF| LUT| Bitwidth P0| Bitwidth P1|
    +----------------------+----------+----+---+----+------------+------------+
    |add_ln213_fu_446_p2   |         +|   0|  0|  18|          11|           1|
    |add_ln216_fu_377_p2   |         +|   0|  0|  39|          32|           1|
    |add_ln219_fu_435_p2   |         +|   0|  0|  13|           6|           6|
    |j_5_fu_470_p2         |         +|   0|  0|  39|          32|           1|
    |icmp_ln213_fu_361_p2  |      icmp|   0|  0|  39|          32|          32|
    |icmp_ln215_fu_372_p2  |      icmp|   0|  0|  39|          32|          32|
    |i_1_fu_383_p3         |    select|   0|  0|  32|           1|          32|
    |j_4_fu_413_p3         |    select|   0|  0|  32|           1|           1|
    |ap_enable_pp0         |       xor|   0|  0|   2|           1|           2|
    +----------------------+----------+----+---+----+------------+------------+
    |Total                 |          |   0|  0| 253|         148|         108|
    +----------------------+----------+----+---+----+------------+------------+

    * Multiplexer: 
    +----------------------------------+----+-----------+-----+-----------+
    |               Name               | LUT| Input Size| Bits| Total Bits|
    +----------------------------------+----+-----------+-----+-----------+
    |ap_NS_fsm                         |  14|          3|    1|          3|
    |ap_done_int                       |   9|          2|    1|          2|
    |ap_enable_reg_pp0_iter0           |   9|          2|    1|          2|
    |ap_enable_reg_pp0_iter1           |   9|          2|    1|          2|
    |ap_enable_reg_pp0_iter2           |   9|          2|    1|          2|
    |ap_loop_exit_ready_pp0_iter1_reg  |   9|          2|    1|          2|
    |i_fu_94                           |   9|          2|   32|         64|
    |j_fu_98                           |   9|          2|   32|         64|
    |loc_fu_102                        |   9|          2|   11|         22|
    +----------------------------------+----+-----------+-----+-----------+
    |Total                             |  86|         19|   81|        163|
    +----------------------------------+----+-----------+-----+-----------+

    * Register: 
    +----------------------------------+----+----+-----+-----------+
    |               Name               | FF | LUT| Bits| Const Bits|
    +----------------------------------+----+----+-----+-----------+
    |add_ln219_reg_663                 |   6|   0|    6|          0|
    |ap_CS_fsm                         |   2|   0|    2|          0|
    |ap_done_reg                       |   1|   0|    1|          0|
    |ap_enable_reg_pp0_iter0_reg       |   1|   0|    1|          0|
    |ap_enable_reg_pp0_iter1           |   1|   0|    1|          0|
    |ap_enable_reg_pp0_iter2           |   1|   0|    1|          0|
    |ap_loop_exit_ready_pp0_iter1_reg  |   1|   0|    1|          0|
    |i_fu_94                           |  32|   0|   32|          0|
    |icmp_ln213_reg_641                |   1|   0|    1|          0|
    |j_4_reg_650                       |  32|   0|   32|          0|
    |j_fu_98                           |  32|   0|   32|          0|
    |loc_1_reg_635                     |  11|   0|   11|          0|
    |loc_1_reg_635_pp0_iter1_reg       |  11|   0|   11|          0|
    |loc_fu_102                        |  11|   0|   11|          0|
    |tmp_4_reg_748                     |  16|   0|   16|          0|
    |trunc_ln213_reg_655               |   2|   0|    2|          0|
    |trunc_ln215_reg_645               |   2|   0|    2|          0|
    +----------------------------------+----+----+-----+-----------+
    |Total                             | 163|   0|  163|          0|
    +----------------------------------+----+----+-----+-----------+



================================================================
== Interface
================================================================
* Summary: 
+--------------------+-----+-----+------------+-----------------------+--------------+
|      RTL Ports     | Dir | Bits|  Protocol  |     Source Object     |    C Type    |
+--------------------+-----+-----+------------+-----------------------+--------------+
|ap_clk              |   in|    1|  ap_ctrl_hs|  mmult_Pipeline_writeC|  return value|
|ap_rst              |   in|    1|  ap_ctrl_hs|  mmult_Pipeline_writeC|  return value|
|ap_start            |   in|    1|  ap_ctrl_hs|  mmult_Pipeline_writeC|  return value|
|ap_done             |  out|    1|  ap_ctrl_hs|  mmult_Pipeline_writeC|  return value|
|ap_idle             |  out|    1|  ap_ctrl_hs|  mmult_Pipeline_writeC|  return value|
|ap_ready            |  out|    1|  ap_ctrl_hs|  mmult_Pipeline_writeC|  return value|
|mul65               |   in|   32|     ap_none|                  mul65|        scalar|
|b_col               |   in|   32|     ap_none|                  b_col|        scalar|
|localC_address0     |  out|    6|   ap_memory|                 localC|         array|
|localC_ce0          |  out|    1|   ap_memory|                 localC|         array|
|localC_q0           |   in|   16|   ap_memory|                 localC|         array|
|localC_1_address0   |  out|    6|   ap_memory|               localC_1|         array|
|localC_1_ce0        |  out|    1|   ap_memory|               localC_1|         array|
|localC_1_q0         |   in|   16|   ap_memory|               localC_1|         array|
|localC_2_address0   |  out|    6|   ap_memory|               localC_2|         array|
|localC_2_ce0        |  out|    1|   ap_memory|               localC_2|         array|
|localC_2_q0         |   in|   16|   ap_memory|               localC_2|         array|
|localC_3_address0   |  out|    6|   ap_memory|               localC_3|         array|
|localC_3_ce0        |  out|    1|   ap_memory|               localC_3|         array|
|localC_3_q0         |   in|   16|   ap_memory|               localC_3|         array|
|localC_4_address0   |  out|    6|   ap_memory|               localC_4|         array|
|localC_4_ce0        |  out|    1|   ap_memory|               localC_4|         array|
|localC_4_q0         |   in|   16|   ap_memory|               localC_4|         array|
|localC_5_address0   |  out|    6|   ap_memory|               localC_5|         array|
|localC_5_ce0        |  out|    1|   ap_memory|               localC_5|         array|
|localC_5_q0         |   in|   16|   ap_memory|               localC_5|         array|
|localC_6_address0   |  out|    6|   ap_memory|               localC_6|         array|
|localC_6_ce0        |  out|    1|   ap_memory|               localC_6|         array|
|localC_6_q0         |   in|   16|   ap_memory|               localC_6|         array|
|localC_7_address0   |  out|    6|   ap_memory|               localC_7|         array|
|localC_7_ce0        |  out|    1|   ap_memory|               localC_7|         array|
|localC_7_q0         |   in|   16|   ap_memory|               localC_7|         array|
|localC_8_address0   |  out|    6|   ap_memory|               localC_8|         array|
|localC_8_ce0        |  out|    1|   ap_memory|               localC_8|         array|
|localC_8_q0         |   in|   16|   ap_memory|               localC_8|         array|
|localC_9_address0   |  out|    6|   ap_memory|               localC_9|         array|
|localC_9_ce0        |  out|    1|   ap_memory|               localC_9|         array|
|localC_9_q0         |   in|   16|   ap_memory|               localC_9|         array|
|localC_10_address0  |  out|    6|   ap_memory|              localC_10|         array|
|localC_10_ce0       |  out|    1|   ap_memory|              localC_10|         array|
|localC_10_q0        |   in|   16|   ap_memory|              localC_10|         array|
|localC_11_address0  |  out|    6|   ap_memory|              localC_11|         array|
|localC_11_ce0       |  out|    1|   ap_memory|              localC_11|         array|
|localC_11_q0        |   in|   16|   ap_memory|              localC_11|         array|
|localC_12_address0  |  out|    6|   ap_memory|              localC_12|         array|
|localC_12_ce0       |  out|    1|   ap_memory|              localC_12|         array|
|localC_12_q0        |   in|   16|   ap_memory|              localC_12|         array|
|localC_13_address0  |  out|    6|   ap_memory|              localC_13|         array|
|localC_13_ce0       |  out|    1|   ap_memory|              localC_13|         array|
|localC_13_q0        |   in|   16|   ap_memory|              localC_13|         array|
|localC_14_address0  |  out|    6|   ap_memory|              localC_14|         array|
|localC_14_ce0       |  out|    1|   ap_memory|              localC_14|         array|
|localC_14_q0        |   in|   16|   ap_memory|              localC_14|         array|
|localC_15_address0  |  out|    6|   ap_memory|              localC_15|         array|
|localC_15_ce0       |  out|    1|   ap_memory|              localC_15|         array|
|localC_15_q0        |   in|   16|   ap_memory|              localC_15|         array|
|c_address0          |  out|   10|   ap_memory|                      c|         array|
|c_ce0               |  out|    1|   ap_memory|                      c|         array|
|c_we0               |  out|    1|   ap_memory|                      c|         array|
|c_d0                |  out|   16|   ap_memory|                      c|         array|
+--------------------+-----+-----+------------+-----------------------+--------------+

