

================================================================
== Vitis HLS Report for 'mmult'
================================================================
* Date:           Sun Apr 12 17:39:48 2026

* Version:        2023.2 (Build 4023990 on Oct 11 2023)
* Project:        hls_prj
* Solution:       s1 (Vivado IP Flow Target)
* Product family: zynquplus
* Target device:  xck26-sfvc784-2LV-c


================================================================
== Performance Estimates
================================================================
+ Timing: 
    * Summary: 
    +--------+---------+----------+------------+
    |  Clock |  Target | Estimated| Uncertainty|
    +--------+---------+----------+------------+
    |ap_clk  |  3.30 ns|  2.365 ns|     0.89 ns|
    +--------+---------+----------+------------+

+ Latency: 
    * Summary: 
    +---------+---------+----------+----------+-------+-------+---------+
    |  Latency (cycles) |  Latency (absolute) |    Interval   | Pipeline|
    |   min   |   max   |    min   |    max   |  min  |  max  |   Type  |
    +---------+---------+----------+----------+-------+-------+---------+
    |    67606|    67606|  0.223 ms|  0.223 ms|  67607|  67607|       no|
    +---------+---------+----------+----------+-------+-------+---------+

    + Detail: 
        * Instance: 
        +-------------------------------------------------------------+--------------------------------------------------+---------+---------+-----------+-----------+-------+-------+---------+
        |                                                             |                                                  |  Latency (cycles) |   Latency (absolute)  |    Interval   | Pipeline|
        |                           Instance                          |                      Module                      |   min   |   max   |    min    |    max    |  min  |  max  |   Type  |
        +-------------------------------------------------------------+--------------------------------------------------+---------+---------+-----------+-----------+-------+-------+---------+
        |grp_mmult_Pipeline_readA_fu_190                              |mmult_Pipeline_readA                              |     2050|     2050|   6.765 us|   6.765 us|   2050|   2050|       no|
        |grp_mmult_Pipeline_readB_fu_202                              |mmult_Pipeline_readB                              |     2050|     2050|   6.765 us|   6.765 us|   2050|   2050|       no|
        |grp_mmult_Pipeline_VITIS_LOOP_195_1_VITIS_LOOP_196_2_fu_214  |mmult_Pipeline_VITIS_LOOP_195_1_VITIS_LOOP_196_2  |      258|      258|   0.851 us|   0.851 us|    258|    258|       no|
        |grp_tile_process_fu_234                                      |tile_process                                      |    15873|    15873|  52.381 us|  52.381 us|  15873|  15873|       no|
        |grp_mmult_Pipeline_writeC_fu_267                             |mmult_Pipeline_writeC                             |     2051|     2051|   6.768 us|   6.768 us|   2051|   2051|       no|
        +-------------------------------------------------------------+--------------------------------------------------+---------+---------+-----------+-----------+-------+-------+---------+

        * Loop: 
        +-------------------+---------+---------+----------+-----------+-----------+------+----------+
        |                   |  Latency (cycles) | Iteration|  Initiation Interval  | Trip |          |
        |     Loop Name     |   min   |   max   |  Latency |  achieved |   target  | Count| Pipelined|
        +-------------------+---------+---------+----------+-----------+-----------+------+----------+
        |- tile_processing  |    63500|    63500|     15875|          -|          -|     4|        no|
        +-------------------+---------+---------+----------+-----------+-----------+------+----------+



================================================================
== Utilization Estimates
================================================================
* Summary: 
+-----------------+---------+------+--------+--------+-----+
|       Name      | BRAM_18K|  DSP |   FF   |   LUT  | URAM|
+-----------------+---------+------+--------+--------+-----+
|DSP              |        -|     -|       -|       -|    -|
|Expression       |        -|     -|       0|      37|    -|
|FIFO             |        -|     -|       -|       -|    -|
|Instance         |        -|    22|    1676|    3577|    -|
|Memory           |       16|     -|     128|     256|    0|
|Multiplexer      |        -|     -|       -|    1514|    -|
|Register         |        -|     -|      84|       -|    -|
+-----------------+---------+------+--------+--------+-----+
|Total            |       16|    22|    1888|    5384|    0|
+-----------------+---------+------+--------+--------+-----+
|Available        |      288|  1248|  234240|  117120|   64|
+-----------------+---------+------+--------+--------+-----+
|Utilization (%)  |        5|     1|      ~0|       4|    0|
+-----------------+---------+------+--------+--------+-----+

+ Detail: 
    * Instance: 
    +-------------------------------------------------------------+--------------------------------------------------+---------+----+-----+------+-----+
    |                           Instance                          |                      Module                      | BRAM_18K| DSP|  FF |  LUT | URAM|
    +-------------------------------------------------------------+--------------------------------------------------+---------+----+-----+------+-----+
    |grp_mmult_Pipeline_VITIS_LOOP_195_1_VITIS_LOOP_196_2_fu_214  |mmult_Pipeline_VITIS_LOOP_195_1_VITIS_LOOP_196_2  |        0|   0|   32|   145|    0|
    |grp_mmult_Pipeline_readA_fu_190                              |mmult_Pipeline_readA                              |        0|   0|  228|   343|    0|
    |grp_mmult_Pipeline_readB_fu_202                              |mmult_Pipeline_readB                              |        0|   0|  228|   343|    0|
    |grp_mmult_Pipeline_writeC_fu_267                             |mmult_Pipeline_writeC                             |        0|   0|  163|   439|    0|
    |mul_32s_32s_32_2_1_U154                                      |mul_32s_32s_32_2_1                                |        0|   3|  165|    49|    0|
    |mul_32s_32s_32_2_1_U155                                      |mul_32s_32s_32_2_1                                |        0|   3|  165|    49|    0|
    |grp_tile_process_fu_234                                      |tile_process                                      |        0|  16|  695|  2209|    0|
    +-------------------------------------------------------------+--------------------------------------------------+---------+----+-----+------+-----+
    |Total                                                        |                                                  |        0|  22| 1676|  3577|    0|
    +-------------------------------------------------------------+--------------------------------------------------+---------+----+-----+------+-----+

    * DSP: 
    N/A

    * Memory: 
    +-------------+---------------------------+---------+----+----+-----+------+-----+------+-------------+
    |    Memory   |           Module          | BRAM_18K| FF | LUT| URAM| Words| Bits| Banks| W*Bits*Banks|
    +-------------+---------------------------+---------+----+----+-----+------+-----+------+-------------+
    |localA_U     |localA_RAM_2P_LUTRAM_1R1W  |        0|  16|  32|    0|   256|    8|     1|         2048|
    |localA_1_U   |localA_RAM_2P_LUTRAM_1R1W  |        0|  16|  32|    0|   256|    8|     1|         2048|
    |localA_2_U   |localA_RAM_2P_LUTRAM_1R1W  |        0|  16|  32|    0|   256|    8|     1|         2048|
    |localA_3_U   |localA_RAM_2P_LUTRAM_1R1W  |        0|  16|  32|    0|   256|    8|     1|         2048|
    |localB_U     |localA_RAM_2P_LUTRAM_1R1W  |        0|  16|  32|    0|   256|    8|     1|         2048|
    |localB_1_U   |localA_RAM_2P_LUTRAM_1R1W  |        0|  16|  32|    0|   256|    8|     1|         2048|
    |localB_2_U   |localA_RAM_2P_LUTRAM_1R1W  |        0|  16|  32|    0|   256|    8|     1|         2048|
    |localB_3_U   |localA_RAM_2P_LUTRAM_1R1W  |        0|  16|  32|    0|   256|    8|     1|         2048|
    |localC_U     |localC_RAM_AUTO_1R1W       |        1|   0|   0|    0|    64|   16|     1|         1024|
    |localC_1_U   |localC_RAM_AUTO_1R1W       |        1|   0|   0|    0|    64|   16|     1|         1024|
    |localC_2_U   |localC_RAM_AUTO_1R1W       |        1|   0|   0|    0|    64|   16|     1|         1024|
    |localC_3_U   |localC_RAM_AUTO_1R1W       |        1|   0|   0|    0|    64|   16|     1|         1024|
    |localC_4_U   |localC_RAM_AUTO_1R1W       |        1|   0|   0|    0|    64|   16|     1|         1024|
    |localC_5_U   |localC_RAM_AUTO_1R1W       |        1|   0|   0|    0|    64|   16|     1|         1024|
    |localC_6_U   |localC_RAM_AUTO_1R1W       |        1|   0|   0|    0|    64|   16|     1|         1024|
    |localC_7_U   |localC_RAM_AUTO_1R1W       |        1|   0|   0|    0|    64|   16|     1|         1024|
    |localC_8_U   |localC_RAM_AUTO_1R1W       |        1|   0|   0|    0|    64|   16|     1|         1024|
    |localC_9_U   |localC_RAM_AUTO_1R1W       |        1|   0|   0|    0|    64|   16|     1|         1024|
    |localC_10_U  |localC_RAM_AUTO_1R1W       |        1|   0|   0|    0|    64|   16|     1|         1024|
    |localC_11_U  |localC_RAM_AUTO_1R1W       |        1|   0|   0|    0|    64|   16|     1|         1024|
    |localC_12_U  |localC_RAM_AUTO_1R1W       |        1|   0|   0|    0|    64|   16|     1|         1024|
    |localC_13_U  |localC_RAM_AUTO_1R1W       |        1|   0|   0|    0|    64|   16|     1|         1024|
    |localC_14_U  |localC_RAM_AUTO_1R1W       |        1|   0|   0|    0|    64|   16|     1|         1024|
    |localC_15_U  |localC_RAM_AUTO_1R1W       |        1|   0|   0|    0|    64|   16|     1|         1024|
    +-------------+---------------------------+---------+----+----+-----+------+-----+------+-------------+
    |Total        |                           |       16| 128| 256|    0|  3072|  320|    24|        32768|
    +-------------+---------------------------+---------+----+----+-----+------+-----+------+-------------+

    * FIFO: 
    N/A

    * Expression: 
    +---------------------------------+----------+----+---+----+------------+------------+
    |          Variable Name          | Operation| DSP| FF| LUT| Bitwidth P0| Bitwidth P1|
    +---------------------------------+----------+----+---+----+------------+------------+
    |finish_k_fu_349_p2               |         +|   0|  0|  13|           6|           4|
    |q_2_fu_326_p2                    |         +|   0|  0|  10|           3|           1|
    |icmp_ln203_fu_320_p2             |      icmp|   0|  0|  12|           3|           4|
    |ap_block_state3_on_subcall_done  |        or|   0|  0|   2|           1|           1|
    +---------------------------------+----------+----+---+----+------------+------------+
    |Total                            |          |   0|  0|  37|          13|          10|
    +---------------------------------+----------+----+---+----+------------+------------+

    * Multiplexer: 
    +--------------------+----+-----------+-----+-----------+
    |        Name        | LUT| Input Size| Bits| Total Bits|
    +--------------------+----+-----------+-----+-----------+
    |ap_NS_fsm           |  43|          8|    1|          8|
    |grp_fu_291_p0       |  14|          3|   32|         96|
    |localA_1_ce0        |   9|          2|    1|          2|
    |localA_1_ce1        |   9|          2|    1|          2|
    |localA_1_we1        |   9|          2|    1|          2|
    |localA_2_ce0        |   9|          2|    1|          2|
    |localA_2_ce1        |   9|          2|    1|          2|
    |localA_2_we1        |   9|          2|    1|          2|
    |localA_3_ce0        |   9|          2|    1|          2|
    |localA_3_ce1        |   9|          2|    1|          2|
    |localA_3_we1        |   9|          2|    1|          2|
    |localA_ce0          |   9|          2|    1|          2|
    |localA_ce1          |   9|          2|    1|          2|
    |localA_we1          |   9|          2|    1|          2|
    |localB_1_ce0        |   9|          2|    1|          2|
    |localB_1_ce1        |   9|          2|    1|          2|
    |localB_1_we1        |   9|          2|    1|          2|
    |localB_2_ce0        |   9|          2|    1|          2|
    |localB_2_ce1        |   9|          2|    1|          2|
    |localB_2_we1        |   9|          2|    1|          2|
    |localB_3_ce0        |   9|          2|    1|          2|
    |localB_3_ce1        |   9|          2|    1|          2|
    |localB_3_we1        |   9|          2|    1|          2|
    |localB_ce0          |   9|          2|    1|          2|
    |localB_ce1          |   9|          2|    1|          2|
    |localB_we1          |   9|          2|    1|          2|
    |localC_10_address0  |  20|          4|    6|         24|
    |localC_10_ce0       |  20|          4|    1|          4|
    |localC_10_ce1       |   9|          2|    1|          2|
    |localC_10_d0        |  14|          3|   16|         48|
    |localC_10_we0       |  14|          3|    1|          3|
    |localC_11_address0  |  20|          4|    6|         24|
    |localC_11_ce0       |  20|          4|    1|          4|
    |localC_11_ce1       |   9|          2|    1|          2|
    |localC_11_d0        |  14|          3|   16|         48|
    |localC_11_we0       |  14|          3|    1|          3|
    |localC_12_address0  |  20|          4|    6|         24|
    |localC_12_ce0       |  20|          4|    1|          4|
    |localC_12_ce1       |   9|          2|    1|          2|
    |localC_12_d0        |  14|          3|   16|         48|
    |localC_12_we0       |  14|          3|    1|          3|
    |localC_13_address0  |  20|          4|    6|         24|
    |localC_13_ce0       |  20|          4|    1|          4|
    |localC_13_ce1       |   9|          2|    1|          2|
    |localC_13_d0        |  14|          3|   16|         48|
    |localC_13_we0       |  14|          3|    1|          3|
    |localC_14_address0  |  20|          4|    6|         24|
    |localC_14_ce0       |  20|          4|    1|          4|
    |localC_14_ce1       |   9|          2|    1|          2|
    |localC_14_d0        |  14|          3|   16|         48|
    |localC_14_we0       |  14|          3|    1|          3|
    |localC_15_address0  |  20|          4|    6|         24|
    |localC_15_ce0       |  20|          4|    1|          4|
    |localC_15_ce1       |   9|          2|    1|          2|
    |localC_15_d0        |  14|          3|   16|         48|
    |localC_15_we0       |  14|          3|    1|          3|
    |localC_1_address0   |  20|          4|    6|         24|
    |localC_1_ce0        |  20|          4|    1|          4|
    |localC_1_ce1        |   9|          2|    1|          2|
    |localC_1_d0         |  14|          3|   16|         48|
    |localC_1_we0        |  14|          3|    1|          3|
    |localC_2_address0   |  20|          4|    6|         24|
    |localC_2_ce0        |  20|          4|    1|          4|
    |localC_2_ce1        |   9|          2|    1|          2|
    |localC_2_d0         |  14|          3|   16|         48|
    |localC_2_we0        |  14|          3|    1|          3|
    |localC_3_address0   |  20|          4|    6|         24|
    |localC_3_ce0        |  20|          4|    1|          4|
    |localC_3_ce1        |   9|          2|    1|          2|
    |localC_3_d0         |  14|          3|   16|         48|
    |localC_3_we0        |  14|          3|    1|          3|
    |localC_4_address0   |  20|          4|    6|         24|
    |localC_4_ce0        |  20|          4|    1|          4|
    |localC_4_ce1        |   9|          2|    1|          2|
    |localC_4_d0         |  14|          3|   16|         48|
    |localC_4_we0        |  14|          3|    1|          3|
    |localC_5_address0   |  20|          4|    6|         24|
    |localC_5_ce0        |  20|          4|    1|          4|
    |localC_5_ce1        |   9|          2|    1|          2|
    |localC_5_d0         |  14|          3|   16|         48|
    |localC_5_we0        |  14|          3|    1|          3|
    |localC_6_address0   |  20|          4|    6|         24|
    |localC_6_ce0        |  20|          4|    1|          4|
    |localC_6_ce1        |   9|          2|    1|          2|
    |localC_6_d0         |  14|          3|   16|         48|
    |localC_6_we0        |  14|          3|    1|          3|
    |localC_7_address0   |  20|          4|    6|         24|
    |localC_7_ce0        |  20|          4|    1|          4|
    |localC_7_ce1        |   9|          2|    1|          2|
    |localC_7_d0         |  14|          3|   16|         48|
    |localC_7_we0        |  14|          3|    1|          3|
    |localC_8_address0   |  20|          4|    6|         24|
    |localC_8_ce0        |  20|          4|    1|          4|
    |localC_8_ce1        |   9|          2|    1|          2|
    |localC_8_d0         |  14|          3|   16|         48|
    |localC_8_we0        |  14|          3|    1|          3|
    |localC_9_address0   |  20|          4|    6|         24|
    |localC_9_ce0        |  20|          4|    1|          4|
    |localC_9_ce1        |   9|          2|    1|          2|
    |localC_9_d0         |  14|          3|   16|         48|
    |localC_9_we0        |  14|          3|    1|          3|
    |localC_address0     |  20|          4|    6|         24|
    |localC_ce0          |  20|          4|    1|          4|
    |localC_ce1          |   9|          2|    1|          2|
    |localC_d0           |  14|          3|   16|         48|
    |localC_we0          |  14|          3|    1|          3|
    |q_fu_72             |   9|          2|    3|          6|
    +--------------------+----+-----------+-----+-----------+
    |Total               |1514|        317|  460|       1454|
    +--------------------+----+-----------+-----+-----------+

    * Register: 
    +--------------------------------------------------------------------------+----+----+-----+-----------+
    |                                   Name                                   | FF | LUT| Bits| Const Bits|
    +--------------------------------------------------------------------------+----+----+-----+-----------+
    |ap_CS_fsm                                                                 |   7|   0|    7|          0|
    |finish_k_reg_404                                                          |   3|   0|    6|          3|
    |grp_mmult_Pipeline_VITIS_LOOP_195_1_VITIS_LOOP_196_2_fu_214_ap_start_reg  |   1|   0|    1|          0|
    |grp_mmult_Pipeline_readA_fu_190_ap_start_reg                              |   1|   0|    1|          0|
    |grp_mmult_Pipeline_readB_fu_202_ap_start_reg                              |   1|   0|    1|          0|
    |grp_mmult_Pipeline_writeC_fu_267_ap_start_reg                             |   1|   0|    1|          0|
    |grp_tile_process_fu_234_ap_start_reg                                      |   1|   0|    1|          0|
    |mul12_reg_391                                                             |  32|   0|   32|          0|
    |q_fu_72                                                                   |   3|   0|    3|          0|
    |reg_306                                                                   |  32|   0|   32|          0|
    |start_k_reg_399                                                           |   2|   0|    5|          3|
    +--------------------------------------------------------------------------+----+----+-----+-----------+
    |Total                                                                     |  84|   0|   90|          6|
    +--------------------------------------------------------------------------+----+----+-----+-----------+



================================================================
== Interface
================================================================
* Summary: 
+------------+-----+-----+------------+--------------+--------------+
|  RTL Ports | Dir | Bits|  Protocol  | Source Object|    C Type    |
+------------+-----+-----+------------+--------------+--------------+
|ap_clk      |   in|    1|  ap_ctrl_hs|         mmult|  return value|
|ap_rst      |   in|    1|  ap_ctrl_hs|         mmult|  return value|
|ap_start    |   in|    1|  ap_ctrl_hs|         mmult|  return value|
|ap_done     |  out|    1|  ap_ctrl_hs|         mmult|  return value|
|ap_idle     |  out|    1|  ap_ctrl_hs|         mmult|  return value|
|ap_ready    |  out|    1|  ap_ctrl_hs|         mmult|  return value|
|a_address0  |  out|   10|   ap_memory|             a|         array|
|a_ce0       |  out|    1|   ap_memory|             a|         array|
|a_q0        |   in|    8|   ap_memory|             a|         array|
|b_address0  |  out|   10|   ap_memory|             b|         array|
|b_ce0       |  out|    1|   ap_memory|             b|         array|
|b_q0        |   in|    8|   ap_memory|             b|         array|
|c_address0  |  out|   10|   ap_memory|             c|         array|
|c_ce0       |  out|    1|   ap_memory|             c|         array|
|c_we0       |  out|    1|   ap_memory|             c|         array|
|c_d0        |  out|   16|   ap_memory|             c|         array|
|a_row       |   in|   32|     ap_none|         a_row|        scalar|
|a_col       |   in|   32|     ap_none|         a_col|        scalar|
|b_col       |   in|   32|     ap_none|         b_col|        scalar|
+------------+-----+-----+------------+--------------+--------------+

