

================================================================
== Vitis HLS Report for 'tile_process_39_405_Pipeline_systolic37'
================================================================
* Date:           Sun Apr 12 17:22:36 2026

* Version:        2023.2 (Build 4023990 on Oct 11 2023)
* Project:        hls_prj
* Solution:       s1 (Vivado IP Flow Target)
* Product family: zynquplus
* Target device:  xck26-sfvc784-2LV-c


================================================================
== Performance Estimates
================================================================
+ Timing: 
    * Summary: 
    +--------+---------+----------+------------+
    |  Clock |  Target | Estimated| Uncertainty|
    +--------+---------+----------+------------+
    |ap_clk  |  3.30 ns|  2.066 ns|     0.89 ns|
    +--------+---------+----------+------------+

+ Latency: 
    * Summary: 
    +---------+---------+-----------+-----------+-----+-----+---------+
    |  Latency (cycles) |   Latency (absolute)  |  Interval | Pipeline|
    |   min   |   max   |    min    |    max    | min | max |   Type  |
    +---------+---------+-----------+-----------+-----+-----+---------+
    |       13|       13|  42.900 ns|  42.900 ns|   13|   13|       no|
    +---------+---------+-----------+-----------+-----+-----+---------+

    + Detail: 
        * Instance: 
        N/A

        * Loop: 
        +-------------+---------+---------+----------+-----------+-----------+------+----------+
        |             |  Latency (cycles) | Iteration|  Initiation Interval  | Trip |          |
        |  Loop Name  |   min   |   max   |  Latency |  achieved |   target  | Count| Pipelined|
        +-------------+---------+---------+----------+-----------+-----------+------+----------+
        |- systolic3  |       11|       11|         5|          1|          1|     8|       yes|
        +-------------+---------+---------+----------+-----------+-----------+------+----------+



================================================================
== Utilization Estimates
================================================================
* Summary: 
+-----------------+---------+------+--------+--------+-----+
|       Name      | BRAM_18K|  DSP |   FF   |   LUT  | URAM|
+-----------------+---------+------+--------+--------+-----+
|DSP              |        -|     4|       -|       -|    -|
|Expression       |        -|     -|       0|     226|    -|
|FIFO             |        -|     -|       -|       -|    -|
|Instance         |        -|     -|       -|       -|    -|
|Memory           |        -|     -|       -|       -|    -|
|Multiplexer      |        -|     -|       -|      36|    -|
|Register         |        -|     -|      89|       -|    -|
+-----------------+---------+------+--------+--------+-----+
|Total            |        0|     4|      89|     262|    0|
+-----------------+---------+------+--------+--------+-----+
|Available        |      288|  1248|  234240|  117120|   64|
+-----------------+---------+------+--------+--------+-----+
|Utilization (%)  |        0|    ~0|      ~0|      ~0|    0|
+-----------------+---------+------+--------+--------+-----+

+ Detail: 
    * Instance: 
    N/A

    * DSP: 
    +----------------------------------+------------------------------+--------------+
    |             Instance             |            Module            |  Expression  |
    +----------------------------------+------------------------------+--------------+
    |mac_muladd_8s_8s_16ns_16_4_1_U72  |mac_muladd_8s_8s_16ns_16_4_1  |  i0 + i1 * i2|
    |mac_muladd_8s_8s_16ns_16_4_1_U73  |mac_muladd_8s_8s_16ns_16_4_1  |  i0 + i1 * i2|
    |mac_muladd_8s_8s_16ns_16_4_1_U74  |mac_muladd_8s_8s_16ns_16_4_1  |  i0 + i1 * i2|
    |mac_muladd_8s_8s_16ns_16_4_1_U75  |mac_muladd_8s_8s_16ns_16_4_1  |  i0 + i1 * i2|
    +----------------------------------+------------------------------+--------------+

    * Memory: 
    N/A

    * FIFO: 
    N/A

    * Expression: 
    +------------------------+----------+----+---+----+------------+------------+
    |      Variable Name     | Operation| DSP| FF| LUT| Bitwidth P0| Bitwidth P1|
    +------------------------+----------+----+---+----+------------+------------+
    |add_ln122_fu_352_p2     |         +|   0|  0|  13|           6|           3|
    |and_ln132_4_fu_363_p2   |       and|   0|  0|   2|           1|           1|
    |and_ln132_5_fu_379_p2   |       and|   0|  0|   2|           1|           1|
    |and_ln132_6_fu_395_p2   |       and|   0|  0|   2|           1|           1|
    |and_ln132_fu_411_p2     |       and|   0|  0|   2|           1|           1|
    |icmp_ln132_4_fu_308_p2  |      icmp|   0|  0|  39|          32|          32|
    |icmp_ln132_5_fu_314_p2  |      icmp|   0|  0|  39|          32|          32|
    |icmp_ln132_6_fu_330_p2  |      icmp|   0|  0|  39|          32|          32|
    |icmp_ln132_fu_346_p2    |      icmp|   0|  0|  39|          32|          32|
    |or_ln122_3_fu_272_p2    |        or|   0|  0|   5|           5|           1|
    |or_ln122_4_fu_320_p2    |        or|   0|  0|   5|           5|           2|
    |or_ln122_fu_336_p2      |        or|   0|  0|   5|           5|           2|
    |b_val_10_fu_415_p3      |    select|   0|  0|   8|           1|           8|
    |b_val_8_fu_383_p3       |    select|   0|  0|   8|           1|           8|
    |b_val_9_fu_399_p3       |    select|   0|  0|   8|           1|           8|
    |b_val_fu_367_p3         |    select|   0|  0|   8|           1|           8|
    |ap_enable_pp0           |       xor|   0|  0|   2|           1|           2|
    +------------------------+----------+----+---+----+------------+------------+
    |Total                   |          |   0|  0| 226|         158|         174|
    +------------------------+----------+----+---+----+------------+------------+

    * Multiplexer: 
    +-------------------------+----+-----------+-----+-----------+
    |           Name          | LUT| Input Size| Bits| Total Bits|
    +-------------------------+----+-----------+-----+-----------+
    |ap_done_int              |   9|          2|    1|          2|
    |ap_enable_reg_pp0_iter1  |   9|          2|    1|          2|
    |ap_sig_allocacmp_j       |   9|          2|    6|         12|
    |j_1_fu_90                |   9|          2|    6|         12|
    +-------------------------+----+-----------+-----+-----------+
    |Total                    |  36|          8|   14|         28|
    +-------------------------+----+-----------+-----+-----------+

    * Register: 
    +--------------------------------------------+----+----+-----+-----------+
    |                    Name                    | FF | LUT| Bits| Const Bits|
    +--------------------------------------------+----+----+-----+-----------+
    |ap_CS_fsm                                   |   1|   0|    1|          0|
    |ap_done_reg                                 |   1|   0|    1|          0|
    |ap_enable_reg_pp0_iter1                     |   1|   0|    1|          0|
    |ap_enable_reg_pp0_iter2                     |   1|   0|    1|          0|
    |ap_enable_reg_pp0_iter3                     |   1|   0|    1|          0|
    |ap_enable_reg_pp0_iter4                     |   1|   0|    1|          0|
    |ap_loop_exit_ready_pp0_iter1_reg            |   1|   0|    1|          0|
    |ap_loop_exit_ready_pp0_iter2_reg            |   1|   0|    1|          0|
    |ap_loop_exit_ready_pp0_iter3_reg            |   1|   0|    1|          0|
    |c_row_major_1_0_addr_reg_580                |   6|   0|    6|          0|
    |c_row_major_1_0_addr_reg_580_pp0_iter3_reg  |   6|   0|    6|          0|
    |c_row_major_1_1_addr_reg_586                |   6|   0|    6|          0|
    |c_row_major_1_1_addr_reg_586_pp0_iter3_reg  |   6|   0|    6|          0|
    |c_row_major_1_2_addr_reg_592                |   6|   0|    6|          0|
    |c_row_major_1_2_addr_reg_592_pp0_iter3_reg  |   6|   0|    6|          0|
    |c_row_major_1_3_addr_reg_598                |   6|   0|    6|          0|
    |c_row_major_1_3_addr_reg_598_pp0_iter3_reg  |   6|   0|    6|          0|
    |icmp_ln132_4_reg_540                        |   1|   0|    1|          0|
    |icmp_ln132_5_reg_545                        |   1|   0|    1|          0|
    |icmp_ln132_6_reg_550                        |   1|   0|    1|          0|
    |icmp_ln132_reg_555                          |   1|   0|    1|          0|
    |j_1_fu_90                                   |   6|   0|    6|          0|
    |lshr_ln122_1_reg_515                        |   3|   0|    3|          0|
    |lshr_ln122_1_reg_515_pp0_iter1_reg          |   3|   0|    3|          0|
    |sext_ln133_3_cast_reg_503                   |  16|   0|   16|          0|
    +--------------------------------------------+----+----+-----+-----------+
    |Total                                       |  89|   0|   89|          0|
    +--------------------------------------------+----+----+-----+-----------+



================================================================
== Interface
================================================================
* Summary: 
+--------------------------+-----+-----+------------+-----------------------------------------+--------------+
|         RTL Ports        | Dir | Bits|  Protocol  |              Source Object              |    C Type    |
+--------------------------+-----+-----+------------+-----------------------------------------+--------------+
|ap_clk                    |   in|    1|  ap_ctrl_hs|  tile_process.39.405_Pipeline_systolic37|  return value|
|ap_rst                    |   in|    1|  ap_ctrl_hs|  tile_process.39.405_Pipeline_systolic37|  return value|
|ap_start                  |   in|    1|  ap_ctrl_hs|  tile_process.39.405_Pipeline_systolic37|  return value|
|ap_done                   |  out|    1|  ap_ctrl_hs|  tile_process.39.405_Pipeline_systolic37|  return value|
|ap_idle                   |  out|    1|  ap_ctrl_hs|  tile_process.39.405_Pipeline_systolic37|  return value|
|ap_ready                  |  out|    1|  ap_ctrl_hs|  tile_process.39.405_Pipeline_systolic37|  return value|
|select_ln116_3            |   in|    5|     ap_none|                           select_ln116_3|        scalar|
|b_row_major_0_address0    |  out|    8|   ap_memory|                            b_row_major_0|         array|
|b_row_major_0_ce0         |  out|    1|   ap_memory|                            b_row_major_0|         array|
|b_row_major_0_q0          |   in|    8|   ap_memory|                            b_row_major_0|         array|
|b_row_major_1_address0    |  out|    8|   ap_memory|                            b_row_major_1|         array|
|b_row_major_1_ce0         |  out|    1|   ap_memory|                            b_row_major_1|         array|
|b_row_major_1_q0          |   in|    8|   ap_memory|                            b_row_major_1|         array|
|b_row_major_2_address0    |  out|    8|   ap_memory|                            b_row_major_2|         array|
|b_row_major_2_ce0         |  out|    1|   ap_memory|                            b_row_major_2|         array|
|b_row_major_2_q0          |   in|    8|   ap_memory|                            b_row_major_2|         array|
|b_row_major_3_address0    |  out|    8|   ap_memory|                            b_row_major_3|         array|
|b_row_major_3_ce0         |  out|    1|   ap_memory|                            b_row_major_3|         array|
|b_row_major_3_q0          |   in|    8|   ap_memory|                            b_row_major_3|         array|
|select_ln116              |   in|    5|     ap_none|                             select_ln116|        scalar|
|c_row_major_1_0_address0  |  out|    6|   ap_memory|                          c_row_major_1_0|         array|
|c_row_major_1_0_ce0       |  out|    1|   ap_memory|                          c_row_major_1_0|         array|
|c_row_major_1_0_we0       |  out|    1|   ap_memory|                          c_row_major_1_0|         array|
|c_row_major_1_0_d0        |  out|   16|   ap_memory|                          c_row_major_1_0|         array|
|c_row_major_1_0_address1  |  out|    6|   ap_memory|                          c_row_major_1_0|         array|
|c_row_major_1_0_ce1       |  out|    1|   ap_memory|                          c_row_major_1_0|         array|
|c_row_major_1_0_q1        |   in|   16|   ap_memory|                          c_row_major_1_0|         array|
|c_row_major_1_1_address0  |  out|    6|   ap_memory|                          c_row_major_1_1|         array|
|c_row_major_1_1_ce0       |  out|    1|   ap_memory|                          c_row_major_1_1|         array|
|c_row_major_1_1_we0       |  out|    1|   ap_memory|                          c_row_major_1_1|         array|
|c_row_major_1_1_d0        |  out|   16|   ap_memory|                          c_row_major_1_1|         array|
|c_row_major_1_1_address1  |  out|    6|   ap_memory|                          c_row_major_1_1|         array|
|c_row_major_1_1_ce1       |  out|    1|   ap_memory|                          c_row_major_1_1|         array|
|c_row_major_1_1_q1        |   in|   16|   ap_memory|                          c_row_major_1_1|         array|
|c_row_major_1_2_address0  |  out|    6|   ap_memory|                          c_row_major_1_2|         array|
|c_row_major_1_2_ce0       |  out|    1|   ap_memory|                          c_row_major_1_2|         array|
|c_row_major_1_2_we0       |  out|    1|   ap_memory|                          c_row_major_1_2|         array|
|c_row_major_1_2_d0        |  out|   16|   ap_memory|                          c_row_major_1_2|         array|
|c_row_major_1_2_address1  |  out|    6|   ap_memory|                          c_row_major_1_2|         array|
|c_row_major_1_2_ce1       |  out|    1|   ap_memory|                          c_row_major_1_2|         array|
|c_row_major_1_2_q1        |   in|   16|   ap_memory|                          c_row_major_1_2|         array|
|c_row_major_1_3_address0  |  out|    6|   ap_memory|                          c_row_major_1_3|         array|
|c_row_major_1_3_ce0       |  out|    1|   ap_memory|                          c_row_major_1_3|         array|
|c_row_major_1_3_we0       |  out|    1|   ap_memory|                          c_row_major_1_3|         array|
|c_row_major_1_3_d0        |  out|   16|   ap_memory|                          c_row_major_1_3|         array|
|c_row_major_1_3_address1  |  out|    6|   ap_memory|                          c_row_major_1_3|         array|
|c_row_major_1_3_ce1       |  out|    1|   ap_memory|                          c_row_major_1_3|         array|
|c_row_major_1_3_q1        |   in|   16|   ap_memory|                          c_row_major_1_3|         array|
|b_col                     |   in|   32|     ap_none|                                    b_col|        scalar|
|select_ln116_1            |   in|    1|     ap_none|                           select_ln116_1|        scalar|
|sext_ln133_3              |   in|    8|     ap_none|                             sext_ln133_3|        scalar|
+--------------------------+-----+-----+------------+-----------------------------------------+--------------+

